<?xml version="1.0" encoding="UTF-8"?>
<testsuite xmlns:xsi="http://www.w3.org/2001/XMLSchema-instance" xsi:schemaLocation="https://maven.apache.org/surefire/maven-surefire-plugin/xsd/surefire-test-report.xsd" name="TestSuite" time="177.579" tests="4" errors="0" skipped="0" failures="3">
  <properties>
    <property name="java.runtime.name" value="Java(TM) SE Runtime Environment"/>
    <property name="sun.boot.library.path" value="C:\Program Files\Java\jdk1.8.0_91\jre\bin"/>
    <property name="java.vm.version" value="25.91-b15"/>
    <property name="java.vm.vendor" value="Oracle Corporation"/>
    <property name="maven.multiModuleProjectDirectory" value="C:\Users\soren\Desktop\992016\teamD9_7_16"/>
    <property name="java.vendor.url" value="http://java.oracle.com/"/>
    <property name="path.separator" value=";"/>
    <property name="guice.disable.misplaced.annotation.check" value="true"/>
    <property name="java.vm.name" value="Java HotSpot(TM) 64-Bit Server VM"/>
    <property name="file.encoding.pkg" value="sun.io"/>
    <property name="user.script" value=""/>
    <property name="user.country" value="US"/>
    <property name="sun.java.launcher" value="SUN_STANDARD"/>
    <property name="sun.os.patch.level" value=""/>
    <property name="java.vm.specification.name" value="Java Virtual Machine Specification"/>
    <property name="user.dir" value="C:\Users\soren\Desktop\992016\teamD9_7_16"/>
    <property name="java.runtime.version" value="1.8.0_91-b15"/>
    <property name="java.awt.graphicsenv" value="sun.awt.Win32GraphicsEnvironment"/>
    <property name="java.endorsed.dirs" value="C:\Program Files\Java\jdk1.8.0_91\jre\lib\endorsed"/>
    <property name="os.arch" value="amd64"/>
    <property name="java.io.tmpdir" value="C:\Users\soren\AppData\Local\Temp\"/>
    <property name="line.separator" value="&#10;"/>
    <property name="java.vm.specification.vendor" value="Oracle Corporation"/>
    <property name="user.variant" value=""/>
    <property name="os.name" value="Windows 10"/>
    <property name="classworlds.conf" value="C:\apache-maven-3.3.9\bin\..\bin\m2.conf"/>
    <property name="sun.jnu.encoding" value="Cp1252"/>
    <property name="java.library.path" value="C:\Program Files\Java\jdk1.8.0_91\bin;C:\WINDOWS\Sun\Java\bin;C:\WINDOWS\system32;C:\WINDOWS;C:\ProgramData\Oracle\Java\javapath;C:\Windows\system32;C:\Windows;C:\Windows\System32\Wbem;C:\Windows\System32\WindowsPowerShell\v1.0\;C:\Program Files (x86)\NVIDIA Corporation\PhysX\Common;C:\Program Files\Intel\WiFi\bin\;C:\Program Files\Common Files\Intel\WirelessCommon\;C:\WINDOWS\system32;C:\WINDOWS;C:\WINDOWS\System32\Wbem;C:\WINDOWS\System32\WindowsPowerShell\v1.0\;C:\Program Files (x86)\File Viewer Lite\lib\magick;C:\uft\bin;C:\Program Files\Java\jdk1.8.0_91\bin;C:\Program Files\Git\cmd;C:\Program Files\nodejs\;C:\Program Files\MySQL\MySQL Utilities 1.6\;C:\apache-maven-3.3.9\bin;%M2%;C:\Program Files\MongoDB\Server\3.2\bin;."/>
    <property name="java.specification.name" value="Java Platform API Specification"/>
    <property name="java.class.version" value="52.0"/>
    <property name="sun.management.compiler" value="HotSpot 64-Bit Tiered Compilers"/>
    <property name="os.version" value="10.0"/>
    <property name="user.home" value="C:\Users\soren"/>
    <property name="user.timezone" value="America/New_York"/>
    <property name="java.awt.printerjob" value="sun.awt.windows.WPrinterJob"/>
    <property name="java.specification.version" value="1.8"/>
    <property name="file.encoding" value="Cp1252"/>
    <property name="user.name" value="soren"/>
    <property name="java.class.path" value="C:\apache-maven-3.3.9\bin\..\boot\plexus-classworlds-2.5.2.jar"/>
    <property name="java.vm.specification.version" value="1.8"/>
    <property name="sun.arch.data.model" value="64"/>
    <property name="java.home" value="C:\Program Files\Java\jdk1.8.0_91\jre"/>
    <property name="sun.java.command" value="org.codehaus.plexus.classworlds.launcher.Launcher test -P ifixit-app"/>
    <property name="java.specification.vendor" value="Oracle Corporation"/>
    <property name="user.language" value="en"/>
    <property name="awt.toolkit" value="sun.awt.windows.WToolkit"/>
    <property name="java.vm.info" value="mixed mode"/>
    <property name="java.version" value="1.8.0_91"/>
    <property name="java.ext.dirs" value="C:\Program Files\Java\jdk1.8.0_91\jre\lib\ext;C:\WINDOWS\Sun\Java\lib\ext"/>
    <property name="sun.boot.class.path" value="C:\Program Files\Java\jdk1.8.0_91\jre\lib\resources.jar;C:\Program Files\Java\jdk1.8.0_91\jre\lib\rt.jar;C:\Program Files\Java\jdk1.8.0_91\jre\lib\sunrsasign.jar;C:\Program Files\Java\jdk1.8.0_91\jre\lib\jsse.jar;C:\Program Files\Java\jdk1.8.0_91\jre\lib\jce.jar;C:\Program Files\Java\jdk1.8.0_91\jre\lib\charsets.jar;C:\Program Files\Java\jdk1.8.0_91\jre\lib\jfr.jar;C:\Program Files\Java\jdk1.8.0_91\jre\classes"/>
    <property name="sun.stderr.encoding" value="cp437"/>
    <property name="java.vendor" value="Oracle Corporation"/>
    <property name="maven.home" value="C:\apache-maven-3.3.9\bin\.."/>
    <property name="file.separator" value="\"/>
    <property name="java.vendor.url.bug" value="http://bugreport.sun.com/bugreport/"/>
    <property name="sun.cpu.endian" value="little"/>
    <property name="sun.io.unicode.encoding" value="UnicodeLittle"/>
    <property name="sun.stdout.encoding" value="cp437"/>
    <property name="sun.desktop" value="windows"/>
    <property name="sun.cpu.isalist" value="amd64"/>
  </properties>
  <testcase name="TestForumPost" classname="maintenance.LoginTests" time="27.629"/>
  <testcase name="TestForumEdit" classname="maintenance.LoginTests" time="35.649">
    <failure message="no such element: Unable to locate element: {&quot;method&quot;:&quot;css selector&quot;,&quot;selector&quot;:&quot; .post-action.post-action-edit&gt;a&quot;}&#10;  (Session info: chrome=53.0.2785.101)&#10;  (Driver info: chromedriver=2.23.409699 (49b0fa931cda1caad0ae15b7d1b68004acd05129),platform=Windows NT 10.0.10586 x86_64) (WARNING: The server did not provide any stacktrace information)&#10;Command duration or timeout: 20.01 seconds&#10;For documentation on this error, please visit: http://seleniumhq.org/exceptions/no_such_element.html&#10;Build info: version: &apos;unknown&apos;, revision: &apos;31c43c8&apos;, time: &apos;2016-08-02 21:57:56 -0700&apos;&#10;System info: host: &apos;valhalla&apos;, ip: &apos;192.168.121.1&apos;, os.name: &apos;Windows 10&apos;, os.arch: &apos;amd64&apos;, os.version: &apos;10.0&apos;, java.version: &apos;1.8.0_91&apos;&#10;Driver info: org.openqa.selenium.chrome.ChromeDriver&#10;Capabilities [{applicationCacheEnabled=false, rotatable=false, mobileEmulationEnabled=false, networkConnectionEnabled=false, chrome={chromedriverVersion=2.23.409699 (49b0fa931cda1caad0ae15b7d1b68004acd05129), userDataDir=C:\Users\soren\AppData\Local\Temp\scoped_dir12204_3741}, takesHeapSnapshot=true, databaseEnabled=false, handlesAlerts=true, hasTouchScreen=false, version=53.0.2785.101, platform=XP, browserConnectionEnabled=false, nativeEvents=true, acceptSslCerts=true, locationContextEnabled=true, webStorageEnabled=true, browserName=chrome, takesScreenshot=true, javascriptEnabled=true, cssSelectorsEnabled=true}]&#10;Session ID: 7177e9d132dc3c82c8edaf346c9b9a62&#10;*** Element info: {Using=css selector, value= .post-action.post-action-edit&gt;a}" type="org.openqa.selenium.NoSuchElementException">org.openqa.selenium.NoSuchElementException: 
no such element: Unable to locate element: {"method":"css selector","selector":" .post-action.post-action-edit>a"}
  (Session info: chrome=53.0.2785.101)
  (Driver info: chromedriver=2.23.409699 (49b0fa931cda1caad0ae15b7d1b68004acd05129),platform=Windows NT 10.0.10586 x86_64) (WARNING: The server did not provide any stacktrace information)
Command duration or timeout: 20.01 seconds
For documentation on this error, please visit: http://seleniumhq.org/exceptions/no_such_element.html
Build info: version: 'unknown', revision: '31c43c8', time: '2016-08-02 21:57:56 -0700'
System info: host: 'valhalla', ip: '192.168.121.1', os.name: 'Windows 10', os.arch: 'amd64', os.version: '10.0', java.version: '1.8.0_91'
Driver info: org.openqa.selenium.chrome.ChromeDriver
Capabilities [{applicationCacheEnabled=false, rotatable=false, mobileEmulationEnabled=false, networkConnectionEnabled=false, chrome={chromedriverVersion=2.23.409699 (49b0fa931cda1caad0ae15b7d1b68004acd05129), userDataDir=C:\Users\soren\AppData\Local\Temp\scoped_dir12204_3741}, takesHeapSnapshot=true, databaseEnabled=false, handlesAlerts=true, hasTouchScreen=false, version=53.0.2785.101, platform=XP, browserConnectionEnabled=false, nativeEvents=true, acceptSslCerts=true, locationContextEnabled=true, webStorageEnabled=true, browserName=chrome, takesScreenshot=true, javascriptEnabled=true, cssSelectorsEnabled=true}]
Session ID: 7177e9d132dc3c82c8edaf346c9b9a62
*** Element info: {Using=css selector, value= .post-action.post-action-edit>a}
	at maintenance.LoginTests.TestForumEdit(LoginTests.java:46)
</failure>
    <system-out><![CDATA[34977 [Forwarding close on session 65b2d946f7d121e6f893382853cc66ee to remote] DEBUG org.apache.http.client.protocol.RequestAddCookies  - CookieSpec selected: default
34977 [Forwarding close on session 65b2d946f7d121e6f893382853cc66ee to remote] DEBUG org.apache.http.client.protocol.RequestAuthCache  - Auth cache not set in the context
34977 [Forwarding close on session 65b2d946f7d121e6f893382853cc66ee to remote] DEBUG org.apache.http.impl.conn.PoolingHttpClientConnectionManager  - Connection request: [route: {}->http://localhost:19414][total kept alive: 0; route allocated: 0 of 2000; total allocated: 0 of 2000]
34977 [Forwarding close on session 65b2d946f7d121e6f893382853cc66ee to remote] DEBUG org.apache.http.impl.conn.PoolingHttpClientConnectionManager  - Connection leased: [id: 33][route: {}->http://localhost:19414][total kept alive: 0; route allocated: 1 of 2000; total allocated: 1 of 2000]
34977 [Forwarding close on session 65b2d946f7d121e6f893382853cc66ee to remote] DEBUG org.apache.http.impl.execchain.MainClientExec  - Opening connection {}->http://localhost:19414
34987 [Forwarding close on session 65b2d946f7d121e6f893382853cc66ee to remote] DEBUG org.apache.http.impl.conn.DefaultHttpClientConnectionOperator  - Connecting to localhost/127.0.0.1:19414
34988 [Forwarding close on session 65b2d946f7d121e6f893382853cc66ee to remote] DEBUG org.apache.http.impl.conn.DefaultHttpClientConnectionOperator  - Connection established 127.0.0.1:52821<->127.0.0.1:19414
34988 [Forwarding close on session 65b2d946f7d121e6f893382853cc66ee to remote] DEBUG org.apache.http.impl.conn.DefaultManagedHttpClientConnection  - http-outgoing-33: set socket timeout to 10800000
34988 [Forwarding close on session 65b2d946f7d121e6f893382853cc66ee to remote] DEBUG org.apache.http.impl.execchain.MainClientExec  - Executing request DELETE /session/65b2d946f7d121e6f893382853cc66ee/window HTTP/1.1
34988 [Forwarding close on session 65b2d946f7d121e6f893382853cc66ee to remote] DEBUG org.apache.http.impl.execchain.MainClientExec  - Target auth state: UNCHALLENGED
34988 [Forwarding close on session 65b2d946f7d121e6f893382853cc66ee to remote] DEBUG org.apache.http.impl.execchain.MainClientExec  - Proxy auth state: UNCHALLENGED
34988 [Forwarding close on session 65b2d946f7d121e6f893382853cc66ee to remote] DEBUG org.apache.http.headers  - http-outgoing-33 >> DELETE /session/65b2d946f7d121e6f893382853cc66ee/window HTTP/1.1
34988 [Forwarding close on session 65b2d946f7d121e6f893382853cc66ee to remote] DEBUG org.apache.http.headers  - http-outgoing-33 >> Host: localhost:19414
34988 [Forwarding close on session 65b2d946f7d121e6f893382853cc66ee to remote] DEBUG org.apache.http.headers  - http-outgoing-33 >> Connection: Keep-Alive
34988 [Forwarding close on session 65b2d946f7d121e6f893382853cc66ee to remote] DEBUG org.apache.http.headers  - http-outgoing-33 >> User-Agent: Apache-HttpClient/4.5.2 (Java/1.8.0_91)
34988 [Forwarding close on session 65b2d946f7d121e6f893382853cc66ee to remote] DEBUG org.apache.http.headers  - http-outgoing-33 >> Accept-Encoding: gzip,deflate
34988 [Forwarding close on session 65b2d946f7d121e6f893382853cc66ee to remote] DEBUG org.apache.http.wire  - http-outgoing-33 >> "DELETE /session/65b2d946f7d121e6f893382853cc66ee/window HTTP/1.1[\r][\n]"
34988 [Forwarding close on session 65b2d946f7d121e6f893382853cc66ee to remote] DEBUG org.apache.http.wire  - http-outgoing-33 >> "Host: localhost:19414[\r][\n]"
34988 [Forwarding close on session 65b2d946f7d121e6f893382853cc66ee to remote] DEBUG org.apache.http.wire  - http-outgoing-33 >> "Connection: Keep-Alive[\r][\n]"
34988 [Forwarding close on session 65b2d946f7d121e6f893382853cc66ee to remote] DEBUG org.apache.http.wire  - http-outgoing-33 >> "User-Agent: Apache-HttpClient/4.5.2 (Java/1.8.0_91)[\r][\n]"
34988 [Forwarding close on session 65b2d946f7d121e6f893382853cc66ee to remote] DEBUG org.apache.http.wire  - http-outgoing-33 >> "Accept-Encoding: gzip,deflate[\r][\n]"
34988 [Forwarding close on session 65b2d946f7d121e6f893382853cc66ee to remote] DEBUG org.apache.http.wire  - http-outgoing-33 >> "[\r][\n]"
35201 [Forwarding close on session 65b2d946f7d121e6f893382853cc66ee to remote] DEBUG org.apache.http.wire  - http-outgoing-33 << "HTTP/1.1 200 OK[\r][\n]"
35202 [Forwarding close on session 65b2d946f7d121e6f893382853cc66ee to remote] DEBUG org.apache.http.wire  - http-outgoing-33 << "Content-Length:72[\r][\n]"
35202 [Forwarding close on session 65b2d946f7d121e6f893382853cc66ee to remote] DEBUG org.apache.http.wire  - http-outgoing-33 << "Content-Type:application/json; charset=utf-8[\r][\n]"
35202 [Forwarding close on session 65b2d946f7d121e6f893382853cc66ee to remote] DEBUG org.apache.http.wire  - http-outgoing-33 << "Connection:close[\r][\n]"
35202 [Forwarding close on session 65b2d946f7d121e6f893382853cc66ee to remote] DEBUG org.apache.http.wire  - http-outgoing-33 << "[\r][\n]"
35202 [Forwarding close on session 65b2d946f7d121e6f893382853cc66ee to remote] DEBUG org.apache.http.wire  - http-outgoing-33 << "{"sessionId":"65b2d946f7d121e6f893382853cc66ee","status":0,"value":null}"
35202 [Forwarding close on session 65b2d946f7d121e6f893382853cc66ee to remote] DEBUG org.apache.http.headers  - http-outgoing-33 << HTTP/1.1 200 OK
35202 [Forwarding close on session 65b2d946f7d121e6f893382853cc66ee to remote] DEBUG org.apache.http.headers  - http-outgoing-33 << Content-Length:72
35202 [Forwarding close on session 65b2d946f7d121e6f893382853cc66ee to remote] DEBUG org.apache.http.headers  - http-outgoing-33 << Content-Type:application/json; charset=utf-8
35202 [Forwarding close on session 65b2d946f7d121e6f893382853cc66ee to remote] DEBUG org.apache.http.headers  - http-outgoing-33 << Connection:close
35202 [Forwarding close on session 65b2d946f7d121e6f893382853cc66ee to remote] DEBUG org.apache.http.impl.conn.DefaultManagedHttpClientConnection  - http-outgoing-33: Close connection
35204 [Forwarding close on session 65b2d946f7d121e6f893382853cc66ee to remote] DEBUG org.apache.http.impl.execchain.MainClientExec  - Connection discarded
35205 [Forwarding close on session 65b2d946f7d121e6f893382853cc66ee to remote] DEBUG org.apache.http.impl.conn.PoolingHttpClientConnectionManager  - Connection released: [id: 33][route: {}->http://localhost:19414][total kept alive: 0; route allocated: 0 of 2000; total allocated: 0 of 2000]
35736 [Forwarding newSession on session null to remote] DEBUG org.apache.http.client.protocol.RequestAddCookies  - CookieSpec selected: default
35736 [Forwarding newSession on session null to remote] DEBUG org.apache.http.client.protocol.RequestAddCookies  - CookieSpec selected: default
35737 [Forwarding newSession on session null to remote] DEBUG org.apache.http.client.protocol.RequestAuthCache  - Auth cache not set in the context
35737 [Forwarding newSession on session null to remote] DEBUG org.apache.http.client.protocol.RequestAuthCache  - Auth cache not set in the context
35737 [Forwarding newSession on session null to remote] DEBUG org.apache.http.impl.conn.PoolingHttpClientConnectionManager  - Connection request: [route: {}->http://localhost:19138][total kept alive: 0; route allocated: 0 of 2000; total allocated: 0 of 2000]
35737 [Forwarding newSession on session null to remote] DEBUG org.apache.http.impl.conn.PoolingHttpClientConnectionManager  - Connection request: [route: {}->http://localhost:19138][total kept alive: 0; route allocated: 0 of 2000; total allocated: 0 of 2000]
35737 [Forwarding newSession on session null to remote] DEBUG org.apache.http.impl.conn.PoolingHttpClientConnectionManager  - Connection leased: [id: 34][route: {}->http://localhost:19138][total kept alive: 0; route allocated: 1 of 2000; total allocated: 1 of 2000]
35737 [Forwarding newSession on session null to remote] DEBUG org.apache.http.impl.conn.PoolingHttpClientConnectionManager  - Connection leased: [id: 34][route: {}->http://localhost:19138][total kept alive: 0; route allocated: 1 of 2000; total allocated: 1 of 2000]
35738 [Forwarding newSession on session null to remote] DEBUG org.apache.http.impl.execchain.MainClientExec  - Opening connection {}->http://localhost:19138
35738 [Forwarding newSession on session null to remote] DEBUG org.apache.http.impl.execchain.MainClientExec  - Opening connection {}->http://localhost:19138
35739 [Forwarding newSession on session null to remote] DEBUG org.apache.http.impl.conn.DefaultHttpClientConnectionOperator  - Connecting to localhost/127.0.0.1:19138
35739 [Forwarding newSession on session null to remote] DEBUG org.apache.http.impl.conn.DefaultHttpClientConnectionOperator  - Connecting to localhost/127.0.0.1:19138
35741 [Forwarding newSession on session null to remote] DEBUG org.apache.http.impl.conn.DefaultHttpClientConnectionOperator  - Connection established 127.0.0.1:52823<->127.0.0.1:19138
35741 [Forwarding newSession on session null to remote] DEBUG org.apache.http.impl.conn.DefaultHttpClientConnectionOperator  - Connection established 127.0.0.1:52823<->127.0.0.1:19138
35741 [Forwarding newSession on session null to remote] DEBUG org.apache.http.impl.conn.DefaultManagedHttpClientConnection  - http-outgoing-34: set socket timeout to 10800000
35741 [Forwarding newSession on session null to remote] DEBUG org.apache.http.impl.conn.DefaultManagedHttpClientConnection  - http-outgoing-34: set socket timeout to 10800000
35741 [Forwarding newSession on session null to remote] DEBUG org.apache.http.impl.execchain.MainClientExec  - Executing request POST /session HTTP/1.1
35741 [Forwarding newSession on session null to remote] DEBUG org.apache.http.impl.execchain.MainClientExec  - Executing request POST /session HTTP/1.1
35742 [Forwarding newSession on session null to remote] DEBUG org.apache.http.impl.execchain.MainClientExec  - Target auth state: UNCHALLENGED
35742 [Forwarding newSession on session null to remote] DEBUG org.apache.http.impl.execchain.MainClientExec  - Target auth state: UNCHALLENGED
35742 [Forwarding newSession on session null to remote] DEBUG org.apache.http.impl.execchain.MainClientExec  - Proxy auth state: UNCHALLENGED
35742 [Forwarding newSession on session null to remote] DEBUG org.apache.http.impl.execchain.MainClientExec  - Proxy auth state: UNCHALLENGED
35742 [Forwarding newSession on session null to remote] DEBUG org.apache.http.headers  - http-outgoing-34 >> POST /session HTTP/1.1
35742 [Forwarding newSession on session null to remote] DEBUG org.apache.http.headers  - http-outgoing-34 >> POST /session HTTP/1.1
35742 [Forwarding newSession on session null to remote] DEBUG org.apache.http.headers  - http-outgoing-34 >> Content-Type: application/json; charset=utf-8
35742 [Forwarding newSession on session null to remote] DEBUG org.apache.http.headers  - http-outgoing-34 >> Content-Type: application/json; charset=utf-8
35742 [Forwarding newSession on session null to remote] DEBUG org.apache.http.headers  - http-outgoing-34 >> Content-Length: 122
35742 [Forwarding newSession on session null to remote] DEBUG org.apache.http.headers  - http-outgoing-34 >> Content-Length: 122
35742 [Forwarding newSession on session null to remote] DEBUG org.apache.http.headers  - http-outgoing-34 >> Host: localhost:19138
35742 [Forwarding newSession on session null to remote] DEBUG org.apache.http.headers  - http-outgoing-34 >> Host: localhost:19138
35742 [Forwarding newSession on session null to remote] DEBUG org.apache.http.headers  - http-outgoing-34 >> Connection: Keep-Alive
35742 [Forwarding newSession on session null to remote] DEBUG org.apache.http.headers  - http-outgoing-34 >> Connection: Keep-Alive
35742 [Forwarding newSession on session null to remote] DEBUG org.apache.http.headers  - http-outgoing-34 >> User-Agent: Apache-HttpClient/4.5.2 (Java/1.8.0_91)
35742 [Forwarding newSession on session null to remote] DEBUG org.apache.http.headers  - http-outgoing-34 >> User-Agent: Apache-HttpClient/4.5.2 (Java/1.8.0_91)
35742 [Forwarding newSession on session null to remote] DEBUG org.apache.http.headers  - http-outgoing-34 >> Accept-Encoding: gzip,deflate
35742 [Forwarding newSession on session null to remote] DEBUG org.apache.http.headers  - http-outgoing-34 >> Accept-Encoding: gzip,deflate
35742 [Forwarding newSession on session null to remote] DEBUG org.apache.http.wire  - http-outgoing-34 >> "POST /session HTTP/1.1[\r][\n]"
35742 [Forwarding newSession on session null to remote] DEBUG org.apache.http.wire  - http-outgoing-34 >> "POST /session HTTP/1.1[\r][\n]"
35743 [Forwarding newSession on session null to remote] DEBUG org.apache.http.wire  - http-outgoing-34 >> "Content-Type: application/json; charset=utf-8[\r][\n]"
35743 [Forwarding newSession on session null to remote] DEBUG org.apache.http.wire  - http-outgoing-34 >> "Content-Type: application/json; charset=utf-8[\r][\n]"
35743 [Forwarding newSession on session null to remote] DEBUG org.apache.http.wire  - http-outgoing-34 >> "Content-Length: 122[\r][\n]"
35743 [Forwarding newSession on session null to remote] DEBUG org.apache.http.wire  - http-outgoing-34 >> "Content-Length: 122[\r][\n]"
35743 [Forwarding newSession on session null to remote] DEBUG org.apache.http.wire  - http-outgoing-34 >> "Host: localhost:19138[\r][\n]"
35743 [Forwarding newSession on session null to remote] DEBUG org.apache.http.wire  - http-outgoing-34 >> "Host: localhost:19138[\r][\n]"
35743 [Forwarding newSession on session null to remote] DEBUG org.apache.http.wire  - http-outgoing-34 >> "Connection: Keep-Alive[\r][\n]"
35743 [Forwarding newSession on session null to remote] DEBUG org.apache.http.wire  - http-outgoing-34 >> "Connection: Keep-Alive[\r][\n]"
35746 [Forwarding newSession on session null to remote] DEBUG org.apache.http.wire  - http-outgoing-34 >> "User-Agent: Apache-HttpClient/4.5.2 (Java/1.8.0_91)[\r][\n]"
35746 [Forwarding newSession on session null to remote] DEBUG org.apache.http.wire  - http-outgoing-34 >> "User-Agent: Apache-HttpClient/4.5.2 (Java/1.8.0_91)[\r][\n]"
35746 [Forwarding newSession on session null to remote] DEBUG org.apache.http.wire  - http-outgoing-34 >> "Accept-Encoding: gzip,deflate[\r][\n]"
35746 [Forwarding newSession on session null to remote] DEBUG org.apache.http.wire  - http-outgoing-34 >> "Accept-Encoding: gzip,deflate[\r][\n]"
35746 [Forwarding newSession on session null to remote] DEBUG org.apache.http.wire  - http-outgoing-34 >> "[\r][\n]"
35746 [Forwarding newSession on session null to remote] DEBUG org.apache.http.wire  - http-outgoing-34 >> "[\r][\n]"
35746 [Forwarding newSession on session null to remote] DEBUG org.apache.http.wire  - http-outgoing-34 >> "{"desiredCapabilities":{"browserName":"chrome","chromeOptions":{"args":[],"extensions":[]},"version":"","platform":"ANY"}}"
35746 [Forwarding newSession on session null to remote] DEBUG org.apache.http.wire  - http-outgoing-34 >> "{"desiredCapabilities":{"browserName":"chrome","chromeOptions":{"args":[],"extensions":[]},"version":"","platform":"ANY"}}"
37639 [Forwarding newSession on session null to remote] DEBUG org.apache.http.wire  - http-outgoing-34 << "HTTP/1.1 200 OK[\r][\n]"
37639 [Forwarding newSession on session null to remote] DEBUG org.apache.http.wire  - http-outgoing-34 << "HTTP/1.1 200 OK[\r][\n]"
37639 [Forwarding newSession on session null to remote] DEBUG org.apache.http.wire  - http-outgoing-34 << "Content-Length:721[\r][\n]"
37639 [Forwarding newSession on session null to remote] DEBUG org.apache.http.wire  - http-outgoing-34 << "Content-Length:721[\r][\n]"
37639 [Forwarding newSession on session null to remote] DEBUG org.apache.http.wire  - http-outgoing-34 << "Content-Type:application/json; charset=utf-8[\r][\n]"
37639 [Forwarding newSession on session null to remote] DEBUG org.apache.http.wire  - http-outgoing-34 << "Content-Type:application/json; charset=utf-8[\r][\n]"
37639 [Forwarding newSession on session null to remote] DEBUG org.apache.http.wire  - http-outgoing-34 << "Connection:close[\r][\n]"
37639 [Forwarding newSession on session null to remote] DEBUG org.apache.http.wire  - http-outgoing-34 << "Connection:close[\r][\n]"
37639 [Forwarding newSession on session null to remote] DEBUG org.apache.http.wire  - http-outgoing-34 << "[\r][\n]"
37639 [Forwarding newSession on session null to remote] DEBUG org.apache.http.wire  - http-outgoing-34 << "[\r][\n]"
37639 [Forwarding newSession on session null to remote] DEBUG org.apache.http.wire  - http-outgoing-34 << "{"sessionId":"7177e9d132dc3c82c8edaf346c9b9a62","status":0,"value":{"acceptSslCerts":true,"applicationCacheEnabled":false,"browserConnectionEnabled":false,"browserName":"chrome","chrome":{"chromedriverVersion":"2.23.409699 (49b0fa931cda1caad0ae15b7d1b68004acd05129)","userDataDir":"C:\\Users\\soren\\AppData\\Local\\Temp\\scoped_dir12204_3741"},"cssSelectorsEnabled":true,"databaseEnabled":false,"handlesAlerts":true,"hasTouchScreen":false,"javascriptEnabled":true,"locationContextEnabled":true,"mobileEmulationEnabled":false,"nativeEvents":true,"networkConnectionEnabled":false,"platform":"Windows NT","rotatable":false,"takesHeapSnapshot":true,"takesScreenshot":true,"version":"53.0.2785.101","webStorageEnabled":true}}"
37639 [Forwarding newSession on session null to remote] DEBUG org.apache.http.wire  - http-outgoing-34 << "{"sessionId":"7177e9d132dc3c82c8edaf346c9b9a62","status":0,"value":{"acceptSslCerts":true,"applicationCacheEnabled":false,"browserConnectionEnabled":false,"browserName":"chrome","chrome":{"chromedriverVersion":"2.23.409699 (49b0fa931cda1caad0ae15b7d1b68004acd05129)","userDataDir":"C:\\Users\\soren\\AppData\\Local\\Temp\\scoped_dir12204_3741"},"cssSelectorsEnabled":true,"databaseEnabled":false,"handlesAlerts":true,"hasTouchScreen":false,"javascriptEnabled":true,"locationContextEnabled":true,"mobileEmulationEnabled":false,"nativeEvents":true,"networkConnectionEnabled":false,"platform":"Windows NT","rotatable":false,"takesHeapSnapshot":true,"takesScreenshot":true,"version":"53.0.2785.101","webStorageEnabled":true}}"
37639 [Forwarding newSession on session null to remote] DEBUG org.apache.http.headers  - http-outgoing-34 << HTTP/1.1 200 OK
37639 [Forwarding newSession on session null to remote] DEBUG org.apache.http.headers  - http-outgoing-34 << HTTP/1.1 200 OK
37639 [Forwarding newSession on session null to remote] DEBUG org.apache.http.headers  - http-outgoing-34 << Content-Length:721
37639 [Forwarding newSession on session null to remote] DEBUG org.apache.http.headers  - http-outgoing-34 << Content-Length:721
37639 [Forwarding newSession on session null to remote] DEBUG org.apache.http.headers  - http-outgoing-34 << Content-Type:application/json; charset=utf-8
37639 [Forwarding newSession on session null to remote] DEBUG org.apache.http.headers  - http-outgoing-34 << Content-Type:application/json; charset=utf-8
37639 [Forwarding newSession on session null to remote] DEBUG org.apache.http.headers  - http-outgoing-34 << Connection:close
37639 [Forwarding newSession on session null to remote] DEBUG org.apache.http.headers  - http-outgoing-34 << Connection:close
37639 [Forwarding newSession on session null to remote] DEBUG org.apache.http.impl.conn.DefaultManagedHttpClientConnection  - http-outgoing-34: Close connection
37639 [Forwarding newSession on session null to remote] DEBUG org.apache.http.impl.conn.DefaultManagedHttpClientConnection  - http-outgoing-34: Close connection
37639 [Forwarding newSession on session null to remote] DEBUG org.apache.http.impl.execchain.MainClientExec  - Connection discarded
37639 [Forwarding newSession on session null to remote] DEBUG org.apache.http.impl.execchain.MainClientExec  - Connection discarded
37639 [Forwarding newSession on session null to remote] DEBUG org.apache.http.impl.conn.PoolingHttpClientConnectionManager  - Connection released: [id: 34][route: {}->http://localhost:19138][total kept alive: 0; route allocated: 0 of 2000; total allocated: 0 of 2000]
37639 [Forwarding newSession on session null to remote] DEBUG org.apache.http.impl.conn.PoolingHttpClientConnectionManager  - Connection released: [id: 34][route: {}->http://localhost:19138][total kept alive: 0; route allocated: 0 of 2000; total allocated: 0 of 2000]
37641 [Forwarding setTimeout on session 7177e9d132dc3c82c8edaf346c9b9a62 to remote] DEBUG org.apache.http.client.protocol.RequestAddCookies  - CookieSpec selected: default
37641 [Forwarding setTimeout on session 7177e9d132dc3c82c8edaf346c9b9a62 to remote] DEBUG org.apache.http.client.protocol.RequestAddCookies  - CookieSpec selected: default
37641 [Forwarding setTimeout on session 7177e9d132dc3c82c8edaf346c9b9a62 to remote] DEBUG org.apache.http.client.protocol.RequestAuthCache  - Auth cache not set in the context
37641 [Forwarding setTimeout on session 7177e9d132dc3c82c8edaf346c9b9a62 to remote] DEBUG org.apache.http.client.protocol.RequestAuthCache  - Auth cache not set in the context
37641 [Forwarding setTimeout on session 7177e9d132dc3c82c8edaf346c9b9a62 to remote] DEBUG org.apache.http.impl.conn.PoolingHttpClientConnectionManager  - Connection request: [route: {}->http://localhost:19138][total kept alive: 0; route allocated: 0 of 2000; total allocated: 0 of 2000]
37641 [Forwarding setTimeout on session 7177e9d132dc3c82c8edaf346c9b9a62 to remote] DEBUG org.apache.http.impl.conn.PoolingHttpClientConnectionManager  - Connection request: [route: {}->http://localhost:19138][total kept alive: 0; route allocated: 0 of 2000; total allocated: 0 of 2000]
37641 [Forwarding setTimeout on session 7177e9d132dc3c82c8edaf346c9b9a62 to remote] DEBUG org.apache.http.impl.conn.PoolingHttpClientConnectionManager  - Connection leased: [id: 35][route: {}->http://localhost:19138][total kept alive: 0; route allocated: 1 of 2000; total allocated: 1 of 2000]
37641 [Forwarding setTimeout on session 7177e9d132dc3c82c8edaf346c9b9a62 to remote] DEBUG org.apache.http.impl.conn.PoolingHttpClientConnectionManager  - Connection leased: [id: 35][route: {}->http://localhost:19138][total kept alive: 0; route allocated: 1 of 2000; total allocated: 1 of 2000]
37641 [Forwarding setTimeout on session 7177e9d132dc3c82c8edaf346c9b9a62 to remote] DEBUG org.apache.http.impl.execchain.MainClientExec  - Opening connection {}->http://localhost:19138
37641 [Forwarding setTimeout on session 7177e9d132dc3c82c8edaf346c9b9a62 to remote] DEBUG org.apache.http.impl.execchain.MainClientExec  - Opening connection {}->http://localhost:19138
37641 [Forwarding setTimeout on session 7177e9d132dc3c82c8edaf346c9b9a62 to remote] DEBUG org.apache.http.impl.conn.DefaultHttpClientConnectionOperator  - Connecting to localhost/127.0.0.1:19138
37641 [Forwarding setTimeout on session 7177e9d132dc3c82c8edaf346c9b9a62 to remote] DEBUG org.apache.http.impl.conn.DefaultHttpClientConnectionOperator  - Connecting to localhost/127.0.0.1:19138
37642 [Forwarding setTimeout on session 7177e9d132dc3c82c8edaf346c9b9a62 to remote] DEBUG org.apache.http.impl.conn.DefaultHttpClientConnectionOperator  - Connection established 127.0.0.1:52831<->127.0.0.1:19138
37642 [Forwarding setTimeout on session 7177e9d132dc3c82c8edaf346c9b9a62 to remote] DEBUG org.apache.http.impl.conn.DefaultHttpClientConnectionOperator  - Connection established 127.0.0.1:52831<->127.0.0.1:19138
37642 [Forwarding setTimeout on session 7177e9d132dc3c82c8edaf346c9b9a62 to remote] DEBUG org.apache.http.impl.conn.DefaultManagedHttpClientConnection  - http-outgoing-35: set socket timeout to 10800000
37642 [Forwarding setTimeout on session 7177e9d132dc3c82c8edaf346c9b9a62 to remote] DEBUG org.apache.http.impl.conn.DefaultManagedHttpClientConnection  - http-outgoing-35: set socket timeout to 10800000
37642 [Forwarding setTimeout on session 7177e9d132dc3c82c8edaf346c9b9a62 to remote] DEBUG org.apache.http.impl.execchain.MainClientExec  - Executing request POST /session/7177e9d132dc3c82c8edaf346c9b9a62/timeouts HTTP/1.1
37642 [Forwarding setTimeout on session 7177e9d132dc3c82c8edaf346c9b9a62 to remote] DEBUG org.apache.http.impl.execchain.MainClientExec  - Executing request POST /session/7177e9d132dc3c82c8edaf346c9b9a62/timeouts HTTP/1.1
37642 [Forwarding setTimeout on session 7177e9d132dc3c82c8edaf346c9b9a62 to remote] DEBUG org.apache.http.impl.execchain.MainClientExec  - Target auth state: UNCHALLENGED
37642 [Forwarding setTimeout on session 7177e9d132dc3c82c8edaf346c9b9a62 to remote] DEBUG org.apache.http.impl.execchain.MainClientExec  - Target auth state: UNCHALLENGED
37642 [Forwarding setTimeout on session 7177e9d132dc3c82c8edaf346c9b9a62 to remote] DEBUG org.apache.http.impl.execchain.MainClientExec  - Proxy auth state: UNCHALLENGED
37642 [Forwarding setTimeout on session 7177e9d132dc3c82c8edaf346c9b9a62 to remote] DEBUG org.apache.http.impl.execchain.MainClientExec  - Proxy auth state: UNCHALLENGED
37642 [Forwarding setTimeout on session 7177e9d132dc3c82c8edaf346c9b9a62 to remote] DEBUG org.apache.http.headers  - http-outgoing-35 >> POST /session/7177e9d132dc3c82c8edaf346c9b9a62/timeouts HTTP/1.1
37642 [Forwarding setTimeout on session 7177e9d132dc3c82c8edaf346c9b9a62 to remote] DEBUG org.apache.http.headers  - http-outgoing-35 >> POST /session/7177e9d132dc3c82c8edaf346c9b9a62/timeouts HTTP/1.1
37642 [Forwarding setTimeout on session 7177e9d132dc3c82c8edaf346c9b9a62 to remote] DEBUG org.apache.http.headers  - http-outgoing-35 >> Content-Type: application/json; charset=utf-8
37642 [Forwarding setTimeout on session 7177e9d132dc3c82c8edaf346c9b9a62 to remote] DEBUG org.apache.http.headers  - http-outgoing-35 >> Content-Type: application/json; charset=utf-8
37642 [Forwarding setTimeout on session 7177e9d132dc3c82c8edaf346c9b9a62 to remote] DEBUG org.apache.http.headers  - http-outgoing-35 >> Content-Length: 30
37642 [Forwarding setTimeout on session 7177e9d132dc3c82c8edaf346c9b9a62 to remote] DEBUG org.apache.http.headers  - http-outgoing-35 >> Content-Length: 30
37642 [Forwarding setTimeout on session 7177e9d132dc3c82c8edaf346c9b9a62 to remote] DEBUG org.apache.http.headers  - http-outgoing-35 >> Host: localhost:19138
37642 [Forwarding setTimeout on session 7177e9d132dc3c82c8edaf346c9b9a62 to remote] DEBUG org.apache.http.headers  - http-outgoing-35 >> Host: localhost:19138
37642 [Forwarding setTimeout on session 7177e9d132dc3c82c8edaf346c9b9a62 to remote] DEBUG org.apache.http.headers  - http-outgoing-35 >> Connection: Keep-Alive
37642 [Forwarding setTimeout on session 7177e9d132dc3c82c8edaf346c9b9a62 to remote] DEBUG org.apache.http.headers  - http-outgoing-35 >> Connection: Keep-Alive
37642 [Forwarding setTimeout on session 7177e9d132dc3c82c8edaf346c9b9a62 to remote] DEBUG org.apache.http.headers  - http-outgoing-35 >> User-Agent: Apache-HttpClient/4.5.2 (Java/1.8.0_91)
37642 [Forwarding setTimeout on session 7177e9d132dc3c82c8edaf346c9b9a62 to remote] DEBUG org.apache.http.headers  - http-outgoing-35 >> User-Agent: Apache-HttpClient/4.5.2 (Java/1.8.0_91)
37642 [Forwarding setTimeout on session 7177e9d132dc3c82c8edaf346c9b9a62 to remote] DEBUG org.apache.http.headers  - http-outgoing-35 >> Accept-Encoding: gzip,deflate
37642 [Forwarding setTimeout on session 7177e9d132dc3c82c8edaf346c9b9a62 to remote] DEBUG org.apache.http.headers  - http-outgoing-35 >> Accept-Encoding: gzip,deflate
37642 [Forwarding setTimeout on session 7177e9d132dc3c82c8edaf346c9b9a62 to remote] DEBUG org.apache.http.wire  - http-outgoing-35 >> "POST /session/7177e9d132dc3c82c8edaf346c9b9a62/timeouts HTTP/1.1[\r][\n]"
37642 [Forwarding setTimeout on session 7177e9d132dc3c82c8edaf346c9b9a62 to remote] DEBUG org.apache.http.wire  - http-outgoing-35 >> "POST /session/7177e9d132dc3c82c8edaf346c9b9a62/timeouts HTTP/1.1[\r][\n]"
37643 [Forwarding setTimeout on session 7177e9d132dc3c82c8edaf346c9b9a62 to remote] DEBUG org.apache.http.wire  - http-outgoing-35 >> "Content-Type: application/json; charset=utf-8[\r][\n]"
37643 [Forwarding setTimeout on session 7177e9d132dc3c82c8edaf346c9b9a62 to remote] DEBUG org.apache.http.wire  - http-outgoing-35 >> "Content-Type: application/json; charset=utf-8[\r][\n]"
37643 [Forwarding setTimeout on session 7177e9d132dc3c82c8edaf346c9b9a62 to remote] DEBUG org.apache.http.wire  - http-outgoing-35 >> "Content-Length: 30[\r][\n]"
37643 [Forwarding setTimeout on session 7177e9d132dc3c82c8edaf346c9b9a62 to remote] DEBUG org.apache.http.wire  - http-outgoing-35 >> "Content-Length: 30[\r][\n]"
37643 [Forwarding setTimeout on session 7177e9d132dc3c82c8edaf346c9b9a62 to remote] DEBUG org.apache.http.wire  - http-outgoing-35 >> "Host: localhost:19138[\r][\n]"
37643 [Forwarding setTimeout on session 7177e9d132dc3c82c8edaf346c9b9a62 to remote] DEBUG org.apache.http.wire  - http-outgoing-35 >> "Host: localhost:19138[\r][\n]"
37643 [Forwarding setTimeout on session 7177e9d132dc3c82c8edaf346c9b9a62 to remote] DEBUG org.apache.http.wire  - http-outgoing-35 >> "Connection: Keep-Alive[\r][\n]"
37643 [Forwarding setTimeout on session 7177e9d132dc3c82c8edaf346c9b9a62 to remote] DEBUG org.apache.http.wire  - http-outgoing-35 >> "Connection: Keep-Alive[\r][\n]"
37643 [Forwarding setTimeout on session 7177e9d132dc3c82c8edaf346c9b9a62 to remote] DEBUG org.apache.http.wire  - http-outgoing-35 >> "User-Agent: Apache-HttpClient/4.5.2 (Java/1.8.0_91)[\r][\n]"
37643 [Forwarding setTimeout on session 7177e9d132dc3c82c8edaf346c9b9a62 to remote] DEBUG org.apache.http.wire  - http-outgoing-35 >> "User-Agent: Apache-HttpClient/4.5.2 (Java/1.8.0_91)[\r][\n]"
37643 [Forwarding setTimeout on session 7177e9d132dc3c82c8edaf346c9b9a62 to remote] DEBUG org.apache.http.wire  - http-outgoing-35 >> "Accept-Encoding: gzip,deflate[\r][\n]"
37643 [Forwarding setTimeout on session 7177e9d132dc3c82c8edaf346c9b9a62 to remote] DEBUG org.apache.http.wire  - http-outgoing-35 >> "Accept-Encoding: gzip,deflate[\r][\n]"
37643 [Forwarding setTimeout on session 7177e9d132dc3c82c8edaf346c9b9a62 to remote] DEBUG org.apache.http.wire  - http-outgoing-35 >> "[\r][\n]"
37643 [Forwarding setTimeout on session 7177e9d132dc3c82c8edaf346c9b9a62 to remote] DEBUG org.apache.http.wire  - http-outgoing-35 >> "[\r][\n]"
37643 [Forwarding setTimeout on session 7177e9d132dc3c82c8edaf346c9b9a62 to remote] DEBUG org.apache.http.wire  - http-outgoing-35 >> "{"type":"implicit","ms":20000}"
37643 [Forwarding setTimeout on session 7177e9d132dc3c82c8edaf346c9b9a62 to remote] DEBUG org.apache.http.wire  - http-outgoing-35 >> "{"type":"implicit","ms":20000}"
37644 [Forwarding setTimeout on session 7177e9d132dc3c82c8edaf346c9b9a62 to remote] DEBUG org.apache.http.wire  - http-outgoing-35 << "HTTP/1.1 200 OK[\r][\n]"
37644 [Forwarding setTimeout on session 7177e9d132dc3c82c8edaf346c9b9a62 to remote] DEBUG org.apache.http.wire  - http-outgoing-35 << "HTTP/1.1 200 OK[\r][\n]"
37644 [Forwarding setTimeout on session 7177e9d132dc3c82c8edaf346c9b9a62 to remote] DEBUG org.apache.http.wire  - http-outgoing-35 << "Content-Length:72[\r][\n]"
37644 [Forwarding setTimeout on session 7177e9d132dc3c82c8edaf346c9b9a62 to remote] DEBUG org.apache.http.wire  - http-outgoing-35 << "Content-Length:72[\r][\n]"
37644 [Forwarding setTimeout on session 7177e9d132dc3c82c8edaf346c9b9a62 to remote] DEBUG org.apache.http.wire  - http-outgoing-35 << "Content-Type:application/json; charset=utf-8[\r][\n]"
37644 [Forwarding setTimeout on session 7177e9d132dc3c82c8edaf346c9b9a62 to remote] DEBUG org.apache.http.wire  - http-outgoing-35 << "Content-Type:application/json; charset=utf-8[\r][\n]"
37644 [Forwarding setTimeout on session 7177e9d132dc3c82c8edaf346c9b9a62 to remote] DEBUG org.apache.http.wire  - http-outgoing-35 << "Connection:close[\r][\n]"
37644 [Forwarding setTimeout on session 7177e9d132dc3c82c8edaf346c9b9a62 to remote] DEBUG org.apache.http.wire  - http-outgoing-35 << "Connection:close[\r][\n]"
37644 [Forwarding setTimeout on session 7177e9d132dc3c82c8edaf346c9b9a62 to remote] DEBUG org.apache.http.wire  - http-outgoing-35 << "[\r][\n]"
37644 [Forwarding setTimeout on session 7177e9d132dc3c82c8edaf346c9b9a62 to remote] DEBUG org.apache.http.wire  - http-outgoing-35 << "[\r][\n]"
37644 [Forwarding setTimeout on session 7177e9d132dc3c82c8edaf346c9b9a62 to remote] DEBUG org.apache.http.wire  - http-outgoing-35 << "{"sessionId":"7177e9d132dc3c82c8edaf346c9b9a62","status":0,"value":null}"
37644 [Forwarding setTimeout on session 7177e9d132dc3c82c8edaf346c9b9a62 to remote] DEBUG org.apache.http.wire  - http-outgoing-35 << "{"sessionId":"7177e9d132dc3c82c8edaf346c9b9a62","status":0,"value":null}"
37644 [Forwarding setTimeout on session 7177e9d132dc3c82c8edaf346c9b9a62 to remote] DEBUG org.apache.http.headers  - http-outgoing-35 << HTTP/1.1 200 OK
37644 [Forwarding setTimeout on session 7177e9d132dc3c82c8edaf346c9b9a62 to remote] DEBUG org.apache.http.headers  - http-outgoing-35 << HTTP/1.1 200 OK
37644 [Forwarding setTimeout on session 7177e9d132dc3c82c8edaf346c9b9a62 to remote] DEBUG org.apache.http.headers  - http-outgoing-35 << Content-Length:72
37644 [Forwarding setTimeout on session 7177e9d132dc3c82c8edaf346c9b9a62 to remote] DEBUG org.apache.http.headers  - http-outgoing-35 << Content-Length:72
37644 [Forwarding setTimeout on session 7177e9d132dc3c82c8edaf346c9b9a62 to remote] DEBUG org.apache.http.headers  - http-outgoing-35 << Content-Type:application/json; charset=utf-8
37644 [Forwarding setTimeout on session 7177e9d132dc3c82c8edaf346c9b9a62 to remote] DEBUG org.apache.http.headers  - http-outgoing-35 << Content-Type:application/json; charset=utf-8
37644 [Forwarding setTimeout on session 7177e9d132dc3c82c8edaf346c9b9a62 to remote] DEBUG org.apache.http.headers  - http-outgoing-35 << Connection:close
37644 [Forwarding setTimeout on session 7177e9d132dc3c82c8edaf346c9b9a62 to remote] DEBUG org.apache.http.headers  - http-outgoing-35 << Connection:close
37644 [Forwarding setTimeout on session 7177e9d132dc3c82c8edaf346c9b9a62 to remote] DEBUG org.apache.http.impl.conn.DefaultManagedHttpClientConnection  - http-outgoing-35: Close connection
37644 [Forwarding setTimeout on session 7177e9d132dc3c82c8edaf346c9b9a62 to remote] DEBUG org.apache.http.impl.conn.DefaultManagedHttpClientConnection  - http-outgoing-35: Close connection
37644 [Forwarding setTimeout on session 7177e9d132dc3c82c8edaf346c9b9a62 to remote] DEBUG org.apache.http.impl.execchain.MainClientExec  - Connection discarded
37644 [Forwarding setTimeout on session 7177e9d132dc3c82c8edaf346c9b9a62 to remote] DEBUG org.apache.http.impl.execchain.MainClientExec  - Connection discarded
37644 [Forwarding setTimeout on session 7177e9d132dc3c82c8edaf346c9b9a62 to remote] DEBUG org.apache.http.impl.conn.PoolingHttpClientConnectionManager  - Connection released: [id: 35][route: {}->http://localhost:19138][total kept alive: 0; route allocated: 0 of 2000; total allocated: 0 of 2000]
37644 [Forwarding setTimeout on session 7177e9d132dc3c82c8edaf346c9b9a62 to remote] DEBUG org.apache.http.impl.conn.PoolingHttpClientConnectionManager  - Connection released: [id: 35][route: {}->http://localhost:19138][total kept alive: 0; route allocated: 0 of 2000; total allocated: 0 of 2000]
37645 [Forwarding get on session 7177e9d132dc3c82c8edaf346c9b9a62 to remote] DEBUG org.apache.http.client.protocol.RequestAddCookies  - CookieSpec selected: default
37645 [Forwarding get on session 7177e9d132dc3c82c8edaf346c9b9a62 to remote] DEBUG org.apache.http.client.protocol.RequestAddCookies  - CookieSpec selected: default
37645 [Forwarding get on session 7177e9d132dc3c82c8edaf346c9b9a62 to remote] DEBUG org.apache.http.client.protocol.RequestAuthCache  - Auth cache not set in the context
37645 [Forwarding get on session 7177e9d132dc3c82c8edaf346c9b9a62 to remote] DEBUG org.apache.http.client.protocol.RequestAuthCache  - Auth cache not set in the context
37646 [Forwarding get on session 7177e9d132dc3c82c8edaf346c9b9a62 to remote] DEBUG org.apache.http.impl.conn.PoolingHttpClientConnectionManager  - Connection request: [route: {}->http://localhost:19138][total kept alive: 0; route allocated: 0 of 2000; total allocated: 0 of 2000]
37646 [Forwarding get on session 7177e9d132dc3c82c8edaf346c9b9a62 to remote] DEBUG org.apache.http.impl.conn.PoolingHttpClientConnectionManager  - Connection request: [route: {}->http://localhost:19138][total kept alive: 0; route allocated: 0 of 2000; total allocated: 0 of 2000]
37646 [Forwarding get on session 7177e9d132dc3c82c8edaf346c9b9a62 to remote] DEBUG org.apache.http.impl.conn.PoolingHttpClientConnectionManager  - Connection leased: [id: 36][route: {}->http://localhost:19138][total kept alive: 0; route allocated: 1 of 2000; total allocated: 1 of 2000]
37646 [Forwarding get on session 7177e9d132dc3c82c8edaf346c9b9a62 to remote] DEBUG org.apache.http.impl.conn.PoolingHttpClientConnectionManager  - Connection leased: [id: 36][route: {}->http://localhost:19138][total kept alive: 0; route allocated: 1 of 2000; total allocated: 1 of 2000]
37646 [Forwarding get on session 7177e9d132dc3c82c8edaf346c9b9a62 to remote] DEBUG org.apache.http.impl.execchain.MainClientExec  - Opening connection {}->http://localhost:19138
37646 [Forwarding get on session 7177e9d132dc3c82c8edaf346c9b9a62 to remote] DEBUG org.apache.http.impl.execchain.MainClientExec  - Opening connection {}->http://localhost:19138
37646 [Forwarding get on session 7177e9d132dc3c82c8edaf346c9b9a62 to remote] DEBUG org.apache.http.impl.conn.DefaultHttpClientConnectionOperator  - Connecting to localhost/127.0.0.1:19138
37646 [Forwarding get on session 7177e9d132dc3c82c8edaf346c9b9a62 to remote] DEBUG org.apache.http.impl.conn.DefaultHttpClientConnectionOperator  - Connecting to localhost/127.0.0.1:19138
37646 [Forwarding get on session 7177e9d132dc3c82c8edaf346c9b9a62 to remote] DEBUG org.apache.http.impl.conn.DefaultHttpClientConnectionOperator  - Connection established 127.0.0.1:52832<->127.0.0.1:19138
37646 [Forwarding get on session 7177e9d132dc3c82c8edaf346c9b9a62 to remote] DEBUG org.apache.http.impl.conn.DefaultHttpClientConnectionOperator  - Connection established 127.0.0.1:52832<->127.0.0.1:19138
37646 [Forwarding get on session 7177e9d132dc3c82c8edaf346c9b9a62 to remote] DEBUG org.apache.http.impl.conn.DefaultManagedHttpClientConnection  - http-outgoing-36: set socket timeout to 10800000
37646 [Forwarding get on session 7177e9d132dc3c82c8edaf346c9b9a62 to remote] DEBUG org.apache.http.impl.conn.DefaultManagedHttpClientConnection  - http-outgoing-36: set socket timeout to 10800000
37646 [Forwarding get on session 7177e9d132dc3c82c8edaf346c9b9a62 to remote] DEBUG org.apache.http.impl.execchain.MainClientExec  - Executing request POST /session/7177e9d132dc3c82c8edaf346c9b9a62/url HTTP/1.1
37646 [Forwarding get on session 7177e9d132dc3c82c8edaf346c9b9a62 to remote] DEBUG org.apache.http.impl.execchain.MainClientExec  - Executing request POST /session/7177e9d132dc3c82c8edaf346c9b9a62/url HTTP/1.1
37646 [Forwarding get on session 7177e9d132dc3c82c8edaf346c9b9a62 to remote] DEBUG org.apache.http.impl.execchain.MainClientExec  - Target auth state: UNCHALLENGED
37646 [Forwarding get on session 7177e9d132dc3c82c8edaf346c9b9a62 to remote] DEBUG org.apache.http.impl.execchain.MainClientExec  - Target auth state: UNCHALLENGED
37646 [Forwarding get on session 7177e9d132dc3c82c8edaf346c9b9a62 to remote] DEBUG org.apache.http.impl.execchain.MainClientExec  - Proxy auth state: UNCHALLENGED
37646 [Forwarding get on session 7177e9d132dc3c82c8edaf346c9b9a62 to remote] DEBUG org.apache.http.impl.execchain.MainClientExec  - Proxy auth state: UNCHALLENGED
37647 [Forwarding get on session 7177e9d132dc3c82c8edaf346c9b9a62 to remote] DEBUG org.apache.http.headers  - http-outgoing-36 >> POST /session/7177e9d132dc3c82c8edaf346c9b9a62/url HTTP/1.1
37647 [Forwarding get on session 7177e9d132dc3c82c8edaf346c9b9a62 to remote] DEBUG org.apache.http.headers  - http-outgoing-36 >> POST /session/7177e9d132dc3c82c8edaf346c9b9a62/url HTTP/1.1
37647 [Forwarding get on session 7177e9d132dc3c82c8edaf346c9b9a62 to remote] DEBUG org.apache.http.headers  - http-outgoing-36 >> Content-Type: application/json; charset=utf-8
37647 [Forwarding get on session 7177e9d132dc3c82c8edaf346c9b9a62 to remote] DEBUG org.apache.http.headers  - http-outgoing-36 >> Content-Type: application/json; charset=utf-8
37647 [Forwarding get on session 7177e9d132dc3c82c8edaf346c9b9a62 to remote] DEBUG org.apache.http.headers  - http-outgoing-36 >> Content-Length: 31
37647 [Forwarding get on session 7177e9d132dc3c82c8edaf346c9b9a62 to remote] DEBUG org.apache.http.headers  - http-outgoing-36 >> Content-Length: 31
37647 [Forwarding get on session 7177e9d132dc3c82c8edaf346c9b9a62 to remote] DEBUG org.apache.http.headers  - http-outgoing-36 >> Host: localhost:19138
37647 [Forwarding get on session 7177e9d132dc3c82c8edaf346c9b9a62 to remote] DEBUG org.apache.http.headers  - http-outgoing-36 >> Host: localhost:19138
37647 [Forwarding get on session 7177e9d132dc3c82c8edaf346c9b9a62 to remote] DEBUG org.apache.http.headers  - http-outgoing-36 >> Connection: Keep-Alive
37647 [Forwarding get on session 7177e9d132dc3c82c8edaf346c9b9a62 to remote] DEBUG org.apache.http.headers  - http-outgoing-36 >> Connection: Keep-Alive
37647 [Forwarding get on session 7177e9d132dc3c82c8edaf346c9b9a62 to remote] DEBUG org.apache.http.headers  - http-outgoing-36 >> User-Agent: Apache-HttpClient/4.5.2 (Java/1.8.0_91)
37647 [Forwarding get on session 7177e9d132dc3c82c8edaf346c9b9a62 to remote] DEBUG org.apache.http.headers  - http-outgoing-36 >> User-Agent: Apache-HttpClient/4.5.2 (Java/1.8.0_91)
37647 [Forwarding get on session 7177e9d132dc3c82c8edaf346c9b9a62 to remote] DEBUG org.apache.http.headers  - http-outgoing-36 >> Accept-Encoding: gzip,deflate
37647 [Forwarding get on session 7177e9d132dc3c82c8edaf346c9b9a62 to remote] DEBUG org.apache.http.headers  - http-outgoing-36 >> Accept-Encoding: gzip,deflate
37647 [Forwarding get on session 7177e9d132dc3c82c8edaf346c9b9a62 to remote] DEBUG org.apache.http.wire  - http-outgoing-36 >> "POST /session/7177e9d132dc3c82c8edaf346c9b9a62/url HTTP/1.1[\r][\n]"
37647 [Forwarding get on session 7177e9d132dc3c82c8edaf346c9b9a62 to remote] DEBUG org.apache.http.wire  - http-outgoing-36 >> "POST /session/7177e9d132dc3c82c8edaf346c9b9a62/url HTTP/1.1[\r][\n]"
37647 [Forwarding get on session 7177e9d132dc3c82c8edaf346c9b9a62 to remote] DEBUG org.apache.http.wire  - http-outgoing-36 >> "Content-Type: application/json; charset=utf-8[\r][\n]"
37647 [Forwarding get on session 7177e9d132dc3c82c8edaf346c9b9a62 to remote] DEBUG org.apache.http.wire  - http-outgoing-36 >> "Content-Type: application/json; charset=utf-8[\r][\n]"
37647 [Forwarding get on session 7177e9d132dc3c82c8edaf346c9b9a62 to remote] DEBUG org.apache.http.wire  - http-outgoing-36 >> "Content-Length: 31[\r][\n]"
37647 [Forwarding get on session 7177e9d132dc3c82c8edaf346c9b9a62 to remote] DEBUG org.apache.http.wire  - http-outgoing-36 >> "Content-Length: 31[\r][\n]"
37647 [Forwarding get on session 7177e9d132dc3c82c8edaf346c9b9a62 to remote] DEBUG org.apache.http.wire  - http-outgoing-36 >> "Host: localhost:19138[\r][\n]"
37647 [Forwarding get on session 7177e9d132dc3c82c8edaf346c9b9a62 to remote] DEBUG org.apache.http.wire  - http-outgoing-36 >> "Host: localhost:19138[\r][\n]"
37647 [Forwarding get on session 7177e9d132dc3c82c8edaf346c9b9a62 to remote] DEBUG org.apache.http.wire  - http-outgoing-36 >> "Connection: Keep-Alive[\r][\n]"
37647 [Forwarding get on session 7177e9d132dc3c82c8edaf346c9b9a62 to remote] DEBUG org.apache.http.wire  - http-outgoing-36 >> "Connection: Keep-Alive[\r][\n]"
37647 [Forwarding get on session 7177e9d132dc3c82c8edaf346c9b9a62 to remote] DEBUG org.apache.http.wire  - http-outgoing-36 >> "User-Agent: Apache-HttpClient/4.5.2 (Java/1.8.0_91)[\r][\n]"
37647 [Forwarding get on session 7177e9d132dc3c82c8edaf346c9b9a62 to remote] DEBUG org.apache.http.wire  - http-outgoing-36 >> "User-Agent: Apache-HttpClient/4.5.2 (Java/1.8.0_91)[\r][\n]"
37647 [Forwarding get on session 7177e9d132dc3c82c8edaf346c9b9a62 to remote] DEBUG org.apache.http.wire  - http-outgoing-36 >> "Accept-Encoding: gzip,deflate[\r][\n]"
37647 [Forwarding get on session 7177e9d132dc3c82c8edaf346c9b9a62 to remote] DEBUG org.apache.http.wire  - http-outgoing-36 >> "Accept-Encoding: gzip,deflate[\r][\n]"
37647 [Forwarding get on session 7177e9d132dc3c82c8edaf346c9b9a62 to remote] DEBUG org.apache.http.wire  - http-outgoing-36 >> "[\r][\n]"
37647 [Forwarding get on session 7177e9d132dc3c82c8edaf346c9b9a62 to remote] DEBUG org.apache.http.wire  - http-outgoing-36 >> "[\r][\n]"
37647 [Forwarding get on session 7177e9d132dc3c82c8edaf346c9b9a62 to remote] DEBUG org.apache.http.wire  - http-outgoing-36 >> "{"url":"http://www.ifixit.com"}"
37647 [Forwarding get on session 7177e9d132dc3c82c8edaf346c9b9a62 to remote] DEBUG org.apache.http.wire  - http-outgoing-36 >> "{"url":"http://www.ifixit.com"}"
41076 [Forwarding get on session 7177e9d132dc3c82c8edaf346c9b9a62 to remote] DEBUG org.apache.http.wire  - http-outgoing-36 << "HTTP/1.1 200 OK[\r][\n]"
41076 [Forwarding get on session 7177e9d132dc3c82c8edaf346c9b9a62 to remote] DEBUG org.apache.http.wire  - http-outgoing-36 << "HTTP/1.1 200 OK[\r][\n]"
41076 [Forwarding get on session 7177e9d132dc3c82c8edaf346c9b9a62 to remote] DEBUG org.apache.http.wire  - http-outgoing-36 << "Content-Length:72[\r][\n]"
41076 [Forwarding get on session 7177e9d132dc3c82c8edaf346c9b9a62 to remote] DEBUG org.apache.http.wire  - http-outgoing-36 << "Content-Length:72[\r][\n]"
41076 [Forwarding get on session 7177e9d132dc3c82c8edaf346c9b9a62 to remote] DEBUG org.apache.http.wire  - http-outgoing-36 << "Content-Type:application/json; charset=utf-8[\r][\n]"
41076 [Forwarding get on session 7177e9d132dc3c82c8edaf346c9b9a62 to remote] DEBUG org.apache.http.wire  - http-outgoing-36 << "Content-Type:application/json; charset=utf-8[\r][\n]"
41076 [Forwarding get on session 7177e9d132dc3c82c8edaf346c9b9a62 to remote] DEBUG org.apache.http.wire  - http-outgoing-36 << "Connection:close[\r][\n]"
41076 [Forwarding get on session 7177e9d132dc3c82c8edaf346c9b9a62 to remote] DEBUG org.apache.http.wire  - http-outgoing-36 << "Connection:close[\r][\n]"
41076 [Forwarding get on session 7177e9d132dc3c82c8edaf346c9b9a62 to remote] DEBUG org.apache.http.wire  - http-outgoing-36 << "[\r][\n]"
41076 [Forwarding get on session 7177e9d132dc3c82c8edaf346c9b9a62 to remote] DEBUG org.apache.http.wire  - http-outgoing-36 << "[\r][\n]"
41076 [Forwarding get on session 7177e9d132dc3c82c8edaf346c9b9a62 to remote] DEBUG org.apache.http.wire  - http-outgoing-36 << "{"sessionId":"7177e9d132dc3c82c8edaf346c9b9a62","status":0,"value":null}"
41076 [Forwarding get on session 7177e9d132dc3c82c8edaf346c9b9a62 to remote] DEBUG org.apache.http.wire  - http-outgoing-36 << "{"sessionId":"7177e9d132dc3c82c8edaf346c9b9a62","status":0,"value":null}"
41076 [Forwarding get on session 7177e9d132dc3c82c8edaf346c9b9a62 to remote] DEBUG org.apache.http.headers  - http-outgoing-36 << HTTP/1.1 200 OK
41076 [Forwarding get on session 7177e9d132dc3c82c8edaf346c9b9a62 to remote] DEBUG org.apache.http.headers  - http-outgoing-36 << HTTP/1.1 200 OK
41076 [Forwarding get on session 7177e9d132dc3c82c8edaf346c9b9a62 to remote] DEBUG org.apache.http.headers  - http-outgoing-36 << Content-Length:72
41076 [Forwarding get on session 7177e9d132dc3c82c8edaf346c9b9a62 to remote] DEBUG org.apache.http.headers  - http-outgoing-36 << Content-Length:72
41076 [Forwarding get on session 7177e9d132dc3c82c8edaf346c9b9a62 to remote] DEBUG org.apache.http.headers  - http-outgoing-36 << Content-Type:application/json; charset=utf-8
41076 [Forwarding get on session 7177e9d132dc3c82c8edaf346c9b9a62 to remote] DEBUG org.apache.http.headers  - http-outgoing-36 << Content-Type:application/json; charset=utf-8
41076 [Forwarding get on session 7177e9d132dc3c82c8edaf346c9b9a62 to remote] DEBUG org.apache.http.headers  - http-outgoing-36 << Connection:close
41076 [Forwarding get on session 7177e9d132dc3c82c8edaf346c9b9a62 to remote] DEBUG org.apache.http.headers  - http-outgoing-36 << Connection:close
41076 [Forwarding get on session 7177e9d132dc3c82c8edaf346c9b9a62 to remote] DEBUG org.apache.http.impl.conn.DefaultManagedHttpClientConnection  - http-outgoing-36: Close connection
41076 [Forwarding get on session 7177e9d132dc3c82c8edaf346c9b9a62 to remote] DEBUG org.apache.http.impl.conn.DefaultManagedHttpClientConnection  - http-outgoing-36: Close connection
41077 [Forwarding get on session 7177e9d132dc3c82c8edaf346c9b9a62 to remote] DEBUG org.apache.http.impl.execchain.MainClientExec  - Connection discarded
41077 [Forwarding get on session 7177e9d132dc3c82c8edaf346c9b9a62 to remote] DEBUG org.apache.http.impl.execchain.MainClientExec  - Connection discarded
41077 [Forwarding get on session 7177e9d132dc3c82c8edaf346c9b9a62 to remote] DEBUG org.apache.http.impl.conn.PoolingHttpClientConnectionManager  - Connection released: [id: 36][route: {}->http://localhost:19138][total kept alive: 0; route allocated: 0 of 2000; total allocated: 0 of 2000]
41077 [Forwarding get on session 7177e9d132dc3c82c8edaf346c9b9a62 to remote] DEBUG org.apache.http.impl.conn.PoolingHttpClientConnectionManager  - Connection released: [id: 36][route: {}->http://localhost:19138][total kept alive: 0; route allocated: 0 of 2000; total allocated: 0 of 2000]
41078 [Forwarding maximizeWindow on session 7177e9d132dc3c82c8edaf346c9b9a62 to remote] DEBUG org.apache.http.client.protocol.RequestAddCookies  - CookieSpec selected: default
41078 [Forwarding maximizeWindow on session 7177e9d132dc3c82c8edaf346c9b9a62 to remote] DEBUG org.apache.http.client.protocol.RequestAddCookies  - CookieSpec selected: default
41078 [Forwarding maximizeWindow on session 7177e9d132dc3c82c8edaf346c9b9a62 to remote] DEBUG org.apache.http.client.protocol.RequestAuthCache  - Auth cache not set in the context
41078 [Forwarding maximizeWindow on session 7177e9d132dc3c82c8edaf346c9b9a62 to remote] DEBUG org.apache.http.client.protocol.RequestAuthCache  - Auth cache not set in the context
41079 [Forwarding maximizeWindow on session 7177e9d132dc3c82c8edaf346c9b9a62 to remote] DEBUG org.apache.http.impl.conn.PoolingHttpClientConnectionManager  - Connection request: [route: {}->http://localhost:19138][total kept alive: 0; route allocated: 0 of 2000; total allocated: 0 of 2000]
41079 [Forwarding maximizeWindow on session 7177e9d132dc3c82c8edaf346c9b9a62 to remote] DEBUG org.apache.http.impl.conn.PoolingHttpClientConnectionManager  - Connection request: [route: {}->http://localhost:19138][total kept alive: 0; route allocated: 0 of 2000; total allocated: 0 of 2000]
41079 [Forwarding maximizeWindow on session 7177e9d132dc3c82c8edaf346c9b9a62 to remote] DEBUG org.apache.http.impl.conn.PoolingHttpClientConnectionManager  - Connection leased: [id: 37][route: {}->http://localhost:19138][total kept alive: 0; route allocated: 1 of 2000; total allocated: 1 of 2000]
41079 [Forwarding maximizeWindow on session 7177e9d132dc3c82c8edaf346c9b9a62 to remote] DEBUG org.apache.http.impl.conn.PoolingHttpClientConnectionManager  - Connection leased: [id: 37][route: {}->http://localhost:19138][total kept alive: 0; route allocated: 1 of 2000; total allocated: 1 of 2000]
41079 [Forwarding maximizeWindow on session 7177e9d132dc3c82c8edaf346c9b9a62 to remote] DEBUG org.apache.http.impl.execchain.MainClientExec  - Opening connection {}->http://localhost:19138
41079 [Forwarding maximizeWindow on session 7177e9d132dc3c82c8edaf346c9b9a62 to remote] DEBUG org.apache.http.impl.execchain.MainClientExec  - Opening connection {}->http://localhost:19138
41081 [Forwarding maximizeWindow on session 7177e9d132dc3c82c8edaf346c9b9a62 to remote] DEBUG org.apache.http.impl.conn.DefaultHttpClientConnectionOperator  - Connecting to localhost/127.0.0.1:19138
41081 [Forwarding maximizeWindow on session 7177e9d132dc3c82c8edaf346c9b9a62 to remote] DEBUG org.apache.http.impl.conn.DefaultHttpClientConnectionOperator  - Connecting to localhost/127.0.0.1:19138
41083 [Forwarding maximizeWindow on session 7177e9d132dc3c82c8edaf346c9b9a62 to remote] DEBUG org.apache.http.impl.conn.DefaultHttpClientConnectionOperator  - Connection established 127.0.0.1:52862<->127.0.0.1:19138
41083 [Forwarding maximizeWindow on session 7177e9d132dc3c82c8edaf346c9b9a62 to remote] DEBUG org.apache.http.impl.conn.DefaultHttpClientConnectionOperator  - Connection established 127.0.0.1:52862<->127.0.0.1:19138
41083 [Forwarding maximizeWindow on session 7177e9d132dc3c82c8edaf346c9b9a62 to remote] DEBUG org.apache.http.impl.conn.DefaultManagedHttpClientConnection  - http-outgoing-37: set socket timeout to 10800000
41083 [Forwarding maximizeWindow on session 7177e9d132dc3c82c8edaf346c9b9a62 to remote] DEBUG org.apache.http.impl.conn.DefaultManagedHttpClientConnection  - http-outgoing-37: set socket timeout to 10800000
41083 [Forwarding maximizeWindow on session 7177e9d132dc3c82c8edaf346c9b9a62 to remote] DEBUG org.apache.http.impl.execchain.MainClientExec  - Executing request POST /session/7177e9d132dc3c82c8edaf346c9b9a62/window/current/maximize HTTP/1.1
41083 [Forwarding maximizeWindow on session 7177e9d132dc3c82c8edaf346c9b9a62 to remote] DEBUG org.apache.http.impl.execchain.MainClientExec  - Executing request POST /session/7177e9d132dc3c82c8edaf346c9b9a62/window/current/maximize HTTP/1.1
41083 [Forwarding maximizeWindow on session 7177e9d132dc3c82c8edaf346c9b9a62 to remote] DEBUG org.apache.http.impl.execchain.MainClientExec  - Target auth state: UNCHALLENGED
41083 [Forwarding maximizeWindow on session 7177e9d132dc3c82c8edaf346c9b9a62 to remote] DEBUG org.apache.http.impl.execchain.MainClientExec  - Target auth state: UNCHALLENGED
41083 [Forwarding maximizeWindow on session 7177e9d132dc3c82c8edaf346c9b9a62 to remote] DEBUG org.apache.http.impl.execchain.MainClientExec  - Proxy auth state: UNCHALLENGED
41083 [Forwarding maximizeWindow on session 7177e9d132dc3c82c8edaf346c9b9a62 to remote] DEBUG org.apache.http.impl.execchain.MainClientExec  - Proxy auth state: UNCHALLENGED
41083 [Forwarding maximizeWindow on session 7177e9d132dc3c82c8edaf346c9b9a62 to remote] DEBUG org.apache.http.headers  - http-outgoing-37 >> POST /session/7177e9d132dc3c82c8edaf346c9b9a62/window/current/maximize HTTP/1.1
41083 [Forwarding maximizeWindow on session 7177e9d132dc3c82c8edaf346c9b9a62 to remote] DEBUG org.apache.http.headers  - http-outgoing-37 >> POST /session/7177e9d132dc3c82c8edaf346c9b9a62/window/current/maximize HTTP/1.1
41083 [Forwarding maximizeWindow on session 7177e9d132dc3c82c8edaf346c9b9a62 to remote] DEBUG org.apache.http.headers  - http-outgoing-37 >> Content-Type: application/json; charset=utf-8
41083 [Forwarding maximizeWindow on session 7177e9d132dc3c82c8edaf346c9b9a62 to remote] DEBUG org.apache.http.headers  - http-outgoing-37 >> Content-Type: application/json; charset=utf-8
41083 [Forwarding maximizeWindow on session 7177e9d132dc3c82c8edaf346c9b9a62 to remote] DEBUG org.apache.http.headers  - http-outgoing-37 >> Content-Length: 26
41083 [Forwarding maximizeWindow on session 7177e9d132dc3c82c8edaf346c9b9a62 to remote] DEBUG org.apache.http.headers  - http-outgoing-37 >> Content-Length: 26
41083 [Forwarding maximizeWindow on session 7177e9d132dc3c82c8edaf346c9b9a62 to remote] DEBUG org.apache.http.headers  - http-outgoing-37 >> Host: localhost:19138
41083 [Forwarding maximizeWindow on session 7177e9d132dc3c82c8edaf346c9b9a62 to remote] DEBUG org.apache.http.headers  - http-outgoing-37 >> Host: localhost:19138
41083 [Forwarding maximizeWindow on session 7177e9d132dc3c82c8edaf346c9b9a62 to remote] DEBUG org.apache.http.headers  - http-outgoing-37 >> Connection: Keep-Alive
41083 [Forwarding maximizeWindow on session 7177e9d132dc3c82c8edaf346c9b9a62 to remote] DEBUG org.apache.http.headers  - http-outgoing-37 >> Connection: Keep-Alive
41083 [Forwarding maximizeWindow on session 7177e9d132dc3c82c8edaf346c9b9a62 to remote] DEBUG org.apache.http.headers  - http-outgoing-37 >> User-Agent: Apache-HttpClient/4.5.2 (Java/1.8.0_91)
41083 [Forwarding maximizeWindow on session 7177e9d132dc3c82c8edaf346c9b9a62 to remote] DEBUG org.apache.http.headers  - http-outgoing-37 >> User-Agent: Apache-HttpClient/4.5.2 (Java/1.8.0_91)
41083 [Forwarding maximizeWindow on session 7177e9d132dc3c82c8edaf346c9b9a62 to remote] DEBUG org.apache.http.headers  - http-outgoing-37 >> Accept-Encoding: gzip,deflate
41083 [Forwarding maximizeWindow on session 7177e9d132dc3c82c8edaf346c9b9a62 to remote] DEBUG org.apache.http.headers  - http-outgoing-37 >> Accept-Encoding: gzip,deflate
41083 [Forwarding maximizeWindow on session 7177e9d132dc3c82c8edaf346c9b9a62 to remote] DEBUG org.apache.http.wire  - http-outgoing-37 >> "POST /session/7177e9d132dc3c82c8edaf346c9b9a62/window/current/maximize HTTP/1.1[\r][\n]"
41083 [Forwarding maximizeWindow on session 7177e9d132dc3c82c8edaf346c9b9a62 to remote] DEBUG org.apache.http.wire  - http-outgoing-37 >> "POST /session/7177e9d132dc3c82c8edaf346c9b9a62/window/current/maximize HTTP/1.1[\r][\n]"
41083 [Forwarding maximizeWindow on session 7177e9d132dc3c82c8edaf346c9b9a62 to remote] DEBUG org.apache.http.wire  - http-outgoing-37 >> "Content-Type: application/json; charset=utf-8[\r][\n]"
41083 [Forwarding maximizeWindow on session 7177e9d132dc3c82c8edaf346c9b9a62 to remote] DEBUG org.apache.http.wire  - http-outgoing-37 >> "Content-Type: application/json; charset=utf-8[\r][\n]"
41083 [Forwarding maximizeWindow on session 7177e9d132dc3c82c8edaf346c9b9a62 to remote] DEBUG org.apache.http.wire  - http-outgoing-37 >> "Content-Length: 26[\r][\n]"
41083 [Forwarding maximizeWindow on session 7177e9d132dc3c82c8edaf346c9b9a62 to remote] DEBUG org.apache.http.wire  - http-outgoing-37 >> "Content-Length: 26[\r][\n]"
41084 [Forwarding maximizeWindow on session 7177e9d132dc3c82c8edaf346c9b9a62 to remote] DEBUG org.apache.http.wire  - http-outgoing-37 >> "Host: localhost:19138[\r][\n]"
41084 [Forwarding maximizeWindow on session 7177e9d132dc3c82c8edaf346c9b9a62 to remote] DEBUG org.apache.http.wire  - http-outgoing-37 >> "Host: localhost:19138[\r][\n]"
41084 [Forwarding maximizeWindow on session 7177e9d132dc3c82c8edaf346c9b9a62 to remote] DEBUG org.apache.http.wire  - http-outgoing-37 >> "Connection: Keep-Alive[\r][\n]"
41084 [Forwarding maximizeWindow on session 7177e9d132dc3c82c8edaf346c9b9a62 to remote] DEBUG org.apache.http.wire  - http-outgoing-37 >> "Connection: Keep-Alive[\r][\n]"
41084 [Forwarding maximizeWindow on session 7177e9d132dc3c82c8edaf346c9b9a62 to remote] DEBUG org.apache.http.wire  - http-outgoing-37 >> "User-Agent: Apache-HttpClient/4.5.2 (Java/1.8.0_91)[\r][\n]"
41084 [Forwarding maximizeWindow on session 7177e9d132dc3c82c8edaf346c9b9a62 to remote] DEBUG org.apache.http.wire  - http-outgoing-37 >> "User-Agent: Apache-HttpClient/4.5.2 (Java/1.8.0_91)[\r][\n]"
41084 [Forwarding maximizeWindow on session 7177e9d132dc3c82c8edaf346c9b9a62 to remote] DEBUG org.apache.http.wire  - http-outgoing-37 >> "Accept-Encoding: gzip,deflate[\r][\n]"
41084 [Forwarding maximizeWindow on session 7177e9d132dc3c82c8edaf346c9b9a62 to remote] DEBUG org.apache.http.wire  - http-outgoing-37 >> "Accept-Encoding: gzip,deflate[\r][\n]"
41084 [Forwarding maximizeWindow on session 7177e9d132dc3c82c8edaf346c9b9a62 to remote] DEBUG org.apache.http.wire  - http-outgoing-37 >> "[\r][\n]"
41084 [Forwarding maximizeWindow on session 7177e9d132dc3c82c8edaf346c9b9a62 to remote] DEBUG org.apache.http.wire  - http-outgoing-37 >> "[\r][\n]"
41084 [Forwarding maximizeWindow on session 7177e9d132dc3c82c8edaf346c9b9a62 to remote] DEBUG org.apache.http.wire  - http-outgoing-37 >> "{"windowHandle":"current"}"
41084 [Forwarding maximizeWindow on session 7177e9d132dc3c82c8edaf346c9b9a62 to remote] DEBUG org.apache.http.wire  - http-outgoing-37 >> "{"windowHandle":"current"}"
42297 [Forwarding maximizeWindow on session 7177e9d132dc3c82c8edaf346c9b9a62 to remote] DEBUG org.apache.http.wire  - http-outgoing-37 << "HTTP/1.1 200 OK[\r][\n]"
42297 [Forwarding maximizeWindow on session 7177e9d132dc3c82c8edaf346c9b9a62 to remote] DEBUG org.apache.http.wire  - http-outgoing-37 << "HTTP/1.1 200 OK[\r][\n]"
42298 [Forwarding maximizeWindow on session 7177e9d132dc3c82c8edaf346c9b9a62 to remote] DEBUG org.apache.http.wire  - http-outgoing-37 << "Content-Length:72[\r][\n]"
42298 [Forwarding maximizeWindow on session 7177e9d132dc3c82c8edaf346c9b9a62 to remote] DEBUG org.apache.http.wire  - http-outgoing-37 << "Content-Length:72[\r][\n]"
42298 [Forwarding maximizeWindow on session 7177e9d132dc3c82c8edaf346c9b9a62 to remote] DEBUG org.apache.http.wire  - http-outgoing-37 << "Content-Type:application/json; charset=utf-8[\r][\n]"
42298 [Forwarding maximizeWindow on session 7177e9d132dc3c82c8edaf346c9b9a62 to remote] DEBUG org.apache.http.wire  - http-outgoing-37 << "Content-Type:application/json; charset=utf-8[\r][\n]"
42298 [Forwarding maximizeWindow on session 7177e9d132dc3c82c8edaf346c9b9a62 to remote] DEBUG org.apache.http.wire  - http-outgoing-37 << "Connection:close[\r][\n]"
42298 [Forwarding maximizeWindow on session 7177e9d132dc3c82c8edaf346c9b9a62 to remote] DEBUG org.apache.http.wire  - http-outgoing-37 << "Connection:close[\r][\n]"
42298 [Forwarding maximizeWindow on session 7177e9d132dc3c82c8edaf346c9b9a62 to remote] DEBUG org.apache.http.wire  - http-outgoing-37 << "[\r][\n]"
42298 [Forwarding maximizeWindow on session 7177e9d132dc3c82c8edaf346c9b9a62 to remote] DEBUG org.apache.http.wire  - http-outgoing-37 << "[\r][\n]"
42298 [Forwarding maximizeWindow on session 7177e9d132dc3c82c8edaf346c9b9a62 to remote] DEBUG org.apache.http.wire  - http-outgoing-37 << "{"sessionId":"7177e9d132dc3c82c8edaf346c9b9a62","status":0,"value":null}"
42298 [Forwarding maximizeWindow on session 7177e9d132dc3c82c8edaf346c9b9a62 to remote] DEBUG org.apache.http.wire  - http-outgoing-37 << "{"sessionId":"7177e9d132dc3c82c8edaf346c9b9a62","status":0,"value":null}"
42298 [Forwarding maximizeWindow on session 7177e9d132dc3c82c8edaf346c9b9a62 to remote] DEBUG org.apache.http.headers  - http-outgoing-37 << HTTP/1.1 200 OK
42298 [Forwarding maximizeWindow on session 7177e9d132dc3c82c8edaf346c9b9a62 to remote] DEBUG org.apache.http.headers  - http-outgoing-37 << HTTP/1.1 200 OK
42298 [Forwarding maximizeWindow on session 7177e9d132dc3c82c8edaf346c9b9a62 to remote] DEBUG org.apache.http.headers  - http-outgoing-37 << Content-Length:72
42298 [Forwarding maximizeWindow on session 7177e9d132dc3c82c8edaf346c9b9a62 to remote] DEBUG org.apache.http.headers  - http-outgoing-37 << Content-Length:72
42298 [Forwarding maximizeWindow on session 7177e9d132dc3c82c8edaf346c9b9a62 to remote] DEBUG org.apache.http.headers  - http-outgoing-37 << Content-Type:application/json; charset=utf-8
42298 [Forwarding maximizeWindow on session 7177e9d132dc3c82c8edaf346c9b9a62 to remote] DEBUG org.apache.http.headers  - http-outgoing-37 << Content-Type:application/json; charset=utf-8
42298 [Forwarding maximizeWindow on session 7177e9d132dc3c82c8edaf346c9b9a62 to remote] DEBUG org.apache.http.headers  - http-outgoing-37 << Connection:close
42298 [Forwarding maximizeWindow on session 7177e9d132dc3c82c8edaf346c9b9a62 to remote] DEBUG org.apache.http.headers  - http-outgoing-37 << Connection:close
42299 [Forwarding maximizeWindow on session 7177e9d132dc3c82c8edaf346c9b9a62 to remote] DEBUG org.apache.http.impl.conn.DefaultManagedHttpClientConnection  - http-outgoing-37: Close connection
42299 [Forwarding maximizeWindow on session 7177e9d132dc3c82c8edaf346c9b9a62 to remote] DEBUG org.apache.http.impl.conn.DefaultManagedHttpClientConnection  - http-outgoing-37: Close connection
42299 [Forwarding maximizeWindow on session 7177e9d132dc3c82c8edaf346c9b9a62 to remote] DEBUG org.apache.http.impl.execchain.MainClientExec  - Connection discarded
42299 [Forwarding maximizeWindow on session 7177e9d132dc3c82c8edaf346c9b9a62 to remote] DEBUG org.apache.http.impl.execchain.MainClientExec  - Connection discarded
42299 [Forwarding maximizeWindow on session 7177e9d132dc3c82c8edaf346c9b9a62 to remote] DEBUG org.apache.http.impl.conn.PoolingHttpClientConnectionManager  - Connection released: [id: 37][route: {}->http://localhost:19138][total kept alive: 0; route allocated: 0 of 2000; total allocated: 0 of 2000]
42299 [Forwarding maximizeWindow on session 7177e9d132dc3c82c8edaf346c9b9a62 to remote] DEBUG org.apache.http.impl.conn.PoolingHttpClientConnectionManager  - Connection released: [id: 37][route: {}->http://localhost:19138][total kept alive: 0; route allocated: 0 of 2000; total allocated: 0 of 2000]
42306 [Forwarding findElement on session 7177e9d132dc3c82c8edaf346c9b9a62 to remote] DEBUG org.apache.http.client.protocol.RequestAddCookies  - CookieSpec selected: default
42306 [Forwarding findElement on session 7177e9d132dc3c82c8edaf346c9b9a62 to remote] DEBUG org.apache.http.client.protocol.RequestAddCookies  - CookieSpec selected: default
42306 [Forwarding findElement on session 7177e9d132dc3c82c8edaf346c9b9a62 to remote] DEBUG org.apache.http.client.protocol.RequestAuthCache  - Auth cache not set in the context
42306 [Forwarding findElement on session 7177e9d132dc3c82c8edaf346c9b9a62 to remote] DEBUG org.apache.http.client.protocol.RequestAuthCache  - Auth cache not set in the context
42307 [Forwarding findElement on session 7177e9d132dc3c82c8edaf346c9b9a62 to remote] DEBUG org.apache.http.impl.conn.PoolingHttpClientConnectionManager  - Connection request: [route: {}->http://localhost:19138][total kept alive: 0; route allocated: 0 of 2000; total allocated: 0 of 2000]
42307 [Forwarding findElement on session 7177e9d132dc3c82c8edaf346c9b9a62 to remote] DEBUG org.apache.http.impl.conn.PoolingHttpClientConnectionManager  - Connection request: [route: {}->http://localhost:19138][total kept alive: 0; route allocated: 0 of 2000; total allocated: 0 of 2000]
42307 [Forwarding findElement on session 7177e9d132dc3c82c8edaf346c9b9a62 to remote] DEBUG org.apache.http.impl.conn.PoolingHttpClientConnectionManager  - Connection leased: [id: 38][route: {}->http://localhost:19138][total kept alive: 0; route allocated: 1 of 2000; total allocated: 1 of 2000]
42307 [Forwarding findElement on session 7177e9d132dc3c82c8edaf346c9b9a62 to remote] DEBUG org.apache.http.impl.conn.PoolingHttpClientConnectionManager  - Connection leased: [id: 38][route: {}->http://localhost:19138][total kept alive: 0; route allocated: 1 of 2000; total allocated: 1 of 2000]
42307 [Forwarding findElement on session 7177e9d132dc3c82c8edaf346c9b9a62 to remote] DEBUG org.apache.http.impl.execchain.MainClientExec  - Opening connection {}->http://localhost:19138
42307 [Forwarding findElement on session 7177e9d132dc3c82c8edaf346c9b9a62 to remote] DEBUG org.apache.http.impl.execchain.MainClientExec  - Opening connection {}->http://localhost:19138
42308 [Forwarding findElement on session 7177e9d132dc3c82c8edaf346c9b9a62 to remote] DEBUG org.apache.http.impl.conn.DefaultHttpClientConnectionOperator  - Connecting to localhost/127.0.0.1:19138
42308 [Forwarding findElement on session 7177e9d132dc3c82c8edaf346c9b9a62 to remote] DEBUG org.apache.http.impl.conn.DefaultHttpClientConnectionOperator  - Connecting to localhost/127.0.0.1:19138
42309 [Forwarding findElement on session 7177e9d132dc3c82c8edaf346c9b9a62 to remote] DEBUG org.apache.http.impl.conn.DefaultHttpClientConnectionOperator  - Connection established 127.0.0.1:52865<->127.0.0.1:19138
42309 [Forwarding findElement on session 7177e9d132dc3c82c8edaf346c9b9a62 to remote] DEBUG org.apache.http.impl.conn.DefaultHttpClientConnectionOperator  - Connection established 127.0.0.1:52865<->127.0.0.1:19138
42310 [Forwarding findElement on session 7177e9d132dc3c82c8edaf346c9b9a62 to remote] DEBUG org.apache.http.impl.conn.DefaultManagedHttpClientConnection  - http-outgoing-38: set socket timeout to 10800000
42310 [Forwarding findElement on session 7177e9d132dc3c82c8edaf346c9b9a62 to remote] DEBUG org.apache.http.impl.conn.DefaultManagedHttpClientConnection  - http-outgoing-38: set socket timeout to 10800000
42310 [Forwarding findElement on session 7177e9d132dc3c82c8edaf346c9b9a62 to remote] DEBUG org.apache.http.impl.execchain.MainClientExec  - Executing request POST /session/7177e9d132dc3c82c8edaf346c9b9a62/element HTTP/1.1
42310 [Forwarding findElement on session 7177e9d132dc3c82c8edaf346c9b9a62 to remote] DEBUG org.apache.http.impl.execchain.MainClientExec  - Executing request POST /session/7177e9d132dc3c82c8edaf346c9b9a62/element HTTP/1.1
42310 [Forwarding findElement on session 7177e9d132dc3c82c8edaf346c9b9a62 to remote] DEBUG org.apache.http.impl.execchain.MainClientExec  - Target auth state: UNCHALLENGED
42310 [Forwarding findElement on session 7177e9d132dc3c82c8edaf346c9b9a62 to remote] DEBUG org.apache.http.impl.execchain.MainClientExec  - Target auth state: UNCHALLENGED
42310 [Forwarding findElement on session 7177e9d132dc3c82c8edaf346c9b9a62 to remote] DEBUG org.apache.http.impl.execchain.MainClientExec  - Proxy auth state: UNCHALLENGED
42310 [Forwarding findElement on session 7177e9d132dc3c82c8edaf346c9b9a62 to remote] DEBUG org.apache.http.impl.execchain.MainClientExec  - Proxy auth state: UNCHALLENGED
42311 [Forwarding findElement on session 7177e9d132dc3c82c8edaf346c9b9a62 to remote] DEBUG org.apache.http.headers  - http-outgoing-38 >> POST /session/7177e9d132dc3c82c8edaf346c9b9a62/element HTTP/1.1
42311 [Forwarding findElement on session 7177e9d132dc3c82c8edaf346c9b9a62 to remote] DEBUG org.apache.http.headers  - http-outgoing-38 >> POST /session/7177e9d132dc3c82c8edaf346c9b9a62/element HTTP/1.1
42311 [Forwarding findElement on session 7177e9d132dc3c82c8edaf346c9b9a62 to remote] DEBUG org.apache.http.headers  - http-outgoing-38 >> Content-Type: application/json; charset=utf-8
42311 [Forwarding findElement on session 7177e9d132dc3c82c8edaf346c9b9a62 to remote] DEBUG org.apache.http.headers  - http-outgoing-38 >> Content-Type: application/json; charset=utf-8
42311 [Forwarding findElement on session 7177e9d132dc3c82c8edaf346c9b9a62 to remote] DEBUG org.apache.http.headers  - http-outgoing-38 >> Content-Length: 38
42311 [Forwarding findElement on session 7177e9d132dc3c82c8edaf346c9b9a62 to remote] DEBUG org.apache.http.headers  - http-outgoing-38 >> Content-Length: 38
42311 [Forwarding findElement on session 7177e9d132dc3c82c8edaf346c9b9a62 to remote] DEBUG org.apache.http.headers  - http-outgoing-38 >> Host: localhost:19138
42311 [Forwarding findElement on session 7177e9d132dc3c82c8edaf346c9b9a62 to remote] DEBUG org.apache.http.headers  - http-outgoing-38 >> Host: localhost:19138
42311 [Forwarding findElement on session 7177e9d132dc3c82c8edaf346c9b9a62 to remote] DEBUG org.apache.http.headers  - http-outgoing-38 >> Connection: Keep-Alive
42311 [Forwarding findElement on session 7177e9d132dc3c82c8edaf346c9b9a62 to remote] DEBUG org.apache.http.headers  - http-outgoing-38 >> Connection: Keep-Alive
42311 [Forwarding findElement on session 7177e9d132dc3c82c8edaf346c9b9a62 to remote] DEBUG org.apache.http.headers  - http-outgoing-38 >> User-Agent: Apache-HttpClient/4.5.2 (Java/1.8.0_91)
42311 [Forwarding findElement on session 7177e9d132dc3c82c8edaf346c9b9a62 to remote] DEBUG org.apache.http.headers  - http-outgoing-38 >> User-Agent: Apache-HttpClient/4.5.2 (Java/1.8.0_91)
42312 [Forwarding findElement on session 7177e9d132dc3c82c8edaf346c9b9a62 to remote] DEBUG org.apache.http.headers  - http-outgoing-38 >> Accept-Encoding: gzip,deflate
42312 [Forwarding findElement on session 7177e9d132dc3c82c8edaf346c9b9a62 to remote] DEBUG org.apache.http.headers  - http-outgoing-38 >> Accept-Encoding: gzip,deflate
42312 [Forwarding findElement on session 7177e9d132dc3c82c8edaf346c9b9a62 to remote] DEBUG org.apache.http.wire  - http-outgoing-38 >> "POST /session/7177e9d132dc3c82c8edaf346c9b9a62/element HTTP/1.1[\r][\n]"
42312 [Forwarding findElement on session 7177e9d132dc3c82c8edaf346c9b9a62 to remote] DEBUG org.apache.http.wire  - http-outgoing-38 >> "POST /session/7177e9d132dc3c82c8edaf346c9b9a62/element HTTP/1.1[\r][\n]"
42312 [Forwarding findElement on session 7177e9d132dc3c82c8edaf346c9b9a62 to remote] DEBUG org.apache.http.wire  - http-outgoing-38 >> "Content-Type: application/json; charset=utf-8[\r][\n]"
42312 [Forwarding findElement on session 7177e9d132dc3c82c8edaf346c9b9a62 to remote] DEBUG org.apache.http.wire  - http-outgoing-38 >> "Content-Type: application/json; charset=utf-8[\r][\n]"
42313 [Forwarding findElement on session 7177e9d132dc3c82c8edaf346c9b9a62 to remote] DEBUG org.apache.http.wire  - http-outgoing-38 >> "Content-Length: 38[\r][\n]"
42313 [Forwarding findElement on session 7177e9d132dc3c82c8edaf346c9b9a62 to remote] DEBUG org.apache.http.wire  - http-outgoing-38 >> "Content-Length: 38[\r][\n]"
42313 [Forwarding findElement on session 7177e9d132dc3c82c8edaf346c9b9a62 to remote] DEBUG org.apache.http.wire  - http-outgoing-38 >> "Host: localhost:19138[\r][\n]"
42313 [Forwarding findElement on session 7177e9d132dc3c82c8edaf346c9b9a62 to remote] DEBUG org.apache.http.wire  - http-outgoing-38 >> "Host: localhost:19138[\r][\n]"
42315 [Forwarding findElement on session 7177e9d132dc3c82c8edaf346c9b9a62 to remote] DEBUG org.apache.http.wire  - http-outgoing-38 >> "Connection: Keep-Alive[\r][\n]"
42315 [Forwarding findElement on session 7177e9d132dc3c82c8edaf346c9b9a62 to remote] DEBUG org.apache.http.wire  - http-outgoing-38 >> "Connection: Keep-Alive[\r][\n]"
42315 [Forwarding findElement on session 7177e9d132dc3c82c8edaf346c9b9a62 to remote] DEBUG org.apache.http.wire  - http-outgoing-38 >> "User-Agent: Apache-HttpClient/4.5.2 (Java/1.8.0_91)[\r][\n]"
42315 [Forwarding findElement on session 7177e9d132dc3c82c8edaf346c9b9a62 to remote] DEBUG org.apache.http.wire  - http-outgoing-38 >> "User-Agent: Apache-HttpClient/4.5.2 (Java/1.8.0_91)[\r][\n]"
42315 [Forwarding findElement on session 7177e9d132dc3c82c8edaf346c9b9a62 to remote] DEBUG org.apache.http.wire  - http-outgoing-38 >> "Accept-Encoding: gzip,deflate[\r][\n]"
42315 [Forwarding findElement on session 7177e9d132dc3c82c8edaf346c9b9a62 to remote] DEBUG org.apache.http.wire  - http-outgoing-38 >> "Accept-Encoding: gzip,deflate[\r][\n]"
42315 [Forwarding findElement on session 7177e9d132dc3c82c8edaf346c9b9a62 to remote] DEBUG org.apache.http.wire  - http-outgoing-38 >> "[\r][\n]"
42315 [Forwarding findElement on session 7177e9d132dc3c82c8edaf346c9b9a62 to remote] DEBUG org.apache.http.wire  - http-outgoing-38 >> "[\r][\n]"
42315 [Forwarding findElement on session 7177e9d132dc3c82c8edaf346c9b9a62 to remote] DEBUG org.apache.http.wire  - http-outgoing-38 >> "{"using":"link text","value":"Log In"}"
42315 [Forwarding findElement on session 7177e9d132dc3c82c8edaf346c9b9a62 to remote] DEBUG org.apache.http.wire  - http-outgoing-38 >> "{"using":"link text","value":"Log In"}"
42484 [Forwarding findElement on session 7177e9d132dc3c82c8edaf346c9b9a62 to remote] DEBUG org.apache.http.wire  - http-outgoing-38 << "HTTP/1.1 200 OK[\r][\n]"
42484 [Forwarding findElement on session 7177e9d132dc3c82c8edaf346c9b9a62 to remote] DEBUG org.apache.http.wire  - http-outgoing-38 << "HTTP/1.1 200 OK[\r][\n]"
42484 [Forwarding findElement on session 7177e9d132dc3c82c8edaf346c9b9a62 to remote] DEBUG org.apache.http.wire  - http-outgoing-38 << "Content-Length:102[\r][\n]"
42484 [Forwarding findElement on session 7177e9d132dc3c82c8edaf346c9b9a62 to remote] DEBUG org.apache.http.wire  - http-outgoing-38 << "Content-Length:102[\r][\n]"
42484 [Forwarding findElement on session 7177e9d132dc3c82c8edaf346c9b9a62 to remote] DEBUG org.apache.http.wire  - http-outgoing-38 << "Content-Type:application/json; charset=utf-8[\r][\n]"
42484 [Forwarding findElement on session 7177e9d132dc3c82c8edaf346c9b9a62 to remote] DEBUG org.apache.http.wire  - http-outgoing-38 << "Content-Type:application/json; charset=utf-8[\r][\n]"
42484 [Forwarding findElement on session 7177e9d132dc3c82c8edaf346c9b9a62 to remote] DEBUG org.apache.http.wire  - http-outgoing-38 << "Connection:close[\r][\n]"
42484 [Forwarding findElement on session 7177e9d132dc3c82c8edaf346c9b9a62 to remote] DEBUG org.apache.http.wire  - http-outgoing-38 << "Connection:close[\r][\n]"
42484 [Forwarding findElement on session 7177e9d132dc3c82c8edaf346c9b9a62 to remote] DEBUG org.apache.http.wire  - http-outgoing-38 << "[\r][\n]"
42484 [Forwarding findElement on session 7177e9d132dc3c82c8edaf346c9b9a62 to remote] DEBUG org.apache.http.wire  - http-outgoing-38 << "[\r][\n]"
42484 [Forwarding findElement on session 7177e9d132dc3c82c8edaf346c9b9a62 to remote] DEBUG org.apache.http.wire  - http-outgoing-38 << "{"sessionId":"7177e9d132dc3c82c8edaf346c9b9a62","status":0,"value":{"ELEMENT":"0.6077929429730817-1"}}"
42484 [Forwarding findElement on session 7177e9d132dc3c82c8edaf346c9b9a62 to remote] DEBUG org.apache.http.wire  - http-outgoing-38 << "{"sessionId":"7177e9d132dc3c82c8edaf346c9b9a62","status":0,"value":{"ELEMENT":"0.6077929429730817-1"}}"
42484 [Forwarding findElement on session 7177e9d132dc3c82c8edaf346c9b9a62 to remote] DEBUG org.apache.http.headers  - http-outgoing-38 << HTTP/1.1 200 OK
42484 [Forwarding findElement on session 7177e9d132dc3c82c8edaf346c9b9a62 to remote] DEBUG org.apache.http.headers  - http-outgoing-38 << HTTP/1.1 200 OK
42484 [Forwarding findElement on session 7177e9d132dc3c82c8edaf346c9b9a62 to remote] DEBUG org.apache.http.headers  - http-outgoing-38 << Content-Length:102
42484 [Forwarding findElement on session 7177e9d132dc3c82c8edaf346c9b9a62 to remote] DEBUG org.apache.http.headers  - http-outgoing-38 << Content-Length:102
42484 [Forwarding findElement on session 7177e9d132dc3c82c8edaf346c9b9a62 to remote] DEBUG org.apache.http.headers  - http-outgoing-38 << Content-Type:application/json; charset=utf-8
42484 [Forwarding findElement on session 7177e9d132dc3c82c8edaf346c9b9a62 to remote] DEBUG org.apache.http.headers  - http-outgoing-38 << Content-Type:application/json; charset=utf-8
42484 [Forwarding findElement on session 7177e9d132dc3c82c8edaf346c9b9a62 to remote] DEBUG org.apache.http.headers  - http-outgoing-38 << Connection:close
42484 [Forwarding findElement on session 7177e9d132dc3c82c8edaf346c9b9a62 to remote] DEBUG org.apache.http.headers  - http-outgoing-38 << Connection:close
42485 [Forwarding findElement on session 7177e9d132dc3c82c8edaf346c9b9a62 to remote] DEBUG org.apache.http.impl.conn.DefaultManagedHttpClientConnection  - http-outgoing-38: Close connection
42485 [Forwarding findElement on session 7177e9d132dc3c82c8edaf346c9b9a62 to remote] DEBUG org.apache.http.impl.conn.DefaultManagedHttpClientConnection  - http-outgoing-38: Close connection
42485 [Forwarding findElement on session 7177e9d132dc3c82c8edaf346c9b9a62 to remote] DEBUG org.apache.http.impl.execchain.MainClientExec  - Connection discarded
42485 [Forwarding findElement on session 7177e9d132dc3c82c8edaf346c9b9a62 to remote] DEBUG org.apache.http.impl.execchain.MainClientExec  - Connection discarded
42485 [Forwarding findElement on session 7177e9d132dc3c82c8edaf346c9b9a62 to remote] DEBUG org.apache.http.impl.conn.PoolingHttpClientConnectionManager  - Connection released: [id: 38][route: {}->http://localhost:19138][total kept alive: 0; route allocated: 0 of 2000; total allocated: 0 of 2000]
42485 [Forwarding findElement on session 7177e9d132dc3c82c8edaf346c9b9a62 to remote] DEBUG org.apache.http.impl.conn.PoolingHttpClientConnectionManager  - Connection released: [id: 38][route: {}->http://localhost:19138][total kept alive: 0; route allocated: 0 of 2000; total allocated: 0 of 2000]
42487 [Forwarding clickElement on session 7177e9d132dc3c82c8edaf346c9b9a62 to remote] DEBUG org.apache.http.client.protocol.RequestAddCookies  - CookieSpec selected: default
42487 [Forwarding clickElement on session 7177e9d132dc3c82c8edaf346c9b9a62 to remote] DEBUG org.apache.http.client.protocol.RequestAddCookies  - CookieSpec selected: default
42487 [Forwarding clickElement on session 7177e9d132dc3c82c8edaf346c9b9a62 to remote] DEBUG org.apache.http.client.protocol.RequestAuthCache  - Auth cache not set in the context
42487 [Forwarding clickElement on session 7177e9d132dc3c82c8edaf346c9b9a62 to remote] DEBUG org.apache.http.client.protocol.RequestAuthCache  - Auth cache not set in the context
42487 [Forwarding clickElement on session 7177e9d132dc3c82c8edaf346c9b9a62 to remote] DEBUG org.apache.http.impl.conn.PoolingHttpClientConnectionManager  - Connection request: [route: {}->http://localhost:19138][total kept alive: 0; route allocated: 0 of 2000; total allocated: 0 of 2000]
42487 [Forwarding clickElement on session 7177e9d132dc3c82c8edaf346c9b9a62 to remote] DEBUG org.apache.http.impl.conn.PoolingHttpClientConnectionManager  - Connection request: [route: {}->http://localhost:19138][total kept alive: 0; route allocated: 0 of 2000; total allocated: 0 of 2000]
42487 [Forwarding clickElement on session 7177e9d132dc3c82c8edaf346c9b9a62 to remote] DEBUG org.apache.http.impl.conn.PoolingHttpClientConnectionManager  - Connection leased: [id: 39][route: {}->http://localhost:19138][total kept alive: 0; route allocated: 1 of 2000; total allocated: 1 of 2000]
42487 [Forwarding clickElement on session 7177e9d132dc3c82c8edaf346c9b9a62 to remote] DEBUG org.apache.http.impl.conn.PoolingHttpClientConnectionManager  - Connection leased: [id: 39][route: {}->http://localhost:19138][total kept alive: 0; route allocated: 1 of 2000; total allocated: 1 of 2000]
42487 [Forwarding clickElement on session 7177e9d132dc3c82c8edaf346c9b9a62 to remote] DEBUG org.apache.http.impl.execchain.MainClientExec  - Opening connection {}->http://localhost:19138
42487 [Forwarding clickElement on session 7177e9d132dc3c82c8edaf346c9b9a62 to remote] DEBUG org.apache.http.impl.execchain.MainClientExec  - Opening connection {}->http://localhost:19138
42487 [Forwarding clickElement on session 7177e9d132dc3c82c8edaf346c9b9a62 to remote] DEBUG org.apache.http.impl.conn.DefaultHttpClientConnectionOperator  - Connecting to localhost/127.0.0.1:19138
42487 [Forwarding clickElement on session 7177e9d132dc3c82c8edaf346c9b9a62 to remote] DEBUG org.apache.http.impl.conn.DefaultHttpClientConnectionOperator  - Connecting to localhost/127.0.0.1:19138
42488 [Forwarding clickElement on session 7177e9d132dc3c82c8edaf346c9b9a62 to remote] DEBUG org.apache.http.impl.conn.DefaultHttpClientConnectionOperator  - Connection established 127.0.0.1:52866<->127.0.0.1:19138
42488 [Forwarding clickElement on session 7177e9d132dc3c82c8edaf346c9b9a62 to remote] DEBUG org.apache.http.impl.conn.DefaultHttpClientConnectionOperator  - Connection established 127.0.0.1:52866<->127.0.0.1:19138
42488 [Forwarding clickElement on session 7177e9d132dc3c82c8edaf346c9b9a62 to remote] DEBUG org.apache.http.impl.conn.DefaultManagedHttpClientConnection  - http-outgoing-39: set socket timeout to 10800000
42488 [Forwarding clickElement on session 7177e9d132dc3c82c8edaf346c9b9a62 to remote] DEBUG org.apache.http.impl.conn.DefaultManagedHttpClientConnection  - http-outgoing-39: set socket timeout to 10800000
42488 [Forwarding clickElement on session 7177e9d132dc3c82c8edaf346c9b9a62 to remote] DEBUG org.apache.http.impl.execchain.MainClientExec  - Executing request POST /session/7177e9d132dc3c82c8edaf346c9b9a62/element/0.6077929429730817-1/click HTTP/1.1
42488 [Forwarding clickElement on session 7177e9d132dc3c82c8edaf346c9b9a62 to remote] DEBUG org.apache.http.impl.execchain.MainClientExec  - Executing request POST /session/7177e9d132dc3c82c8edaf346c9b9a62/element/0.6077929429730817-1/click HTTP/1.1
42488 [Forwarding clickElement on session 7177e9d132dc3c82c8edaf346c9b9a62 to remote] DEBUG org.apache.http.impl.execchain.MainClientExec  - Target auth state: UNCHALLENGED
42488 [Forwarding clickElement on session 7177e9d132dc3c82c8edaf346c9b9a62 to remote] DEBUG org.apache.http.impl.execchain.MainClientExec  - Target auth state: UNCHALLENGED
42488 [Forwarding clickElement on session 7177e9d132dc3c82c8edaf346c9b9a62 to remote] DEBUG org.apache.http.impl.execchain.MainClientExec  - Proxy auth state: UNCHALLENGED
42488 [Forwarding clickElement on session 7177e9d132dc3c82c8edaf346c9b9a62 to remote] DEBUG org.apache.http.impl.execchain.MainClientExec  - Proxy auth state: UNCHALLENGED
42488 [Forwarding clickElement on session 7177e9d132dc3c82c8edaf346c9b9a62 to remote] DEBUG org.apache.http.headers  - http-outgoing-39 >> POST /session/7177e9d132dc3c82c8edaf346c9b9a62/element/0.6077929429730817-1/click HTTP/1.1
42488 [Forwarding clickElement on session 7177e9d132dc3c82c8edaf346c9b9a62 to remote] DEBUG org.apache.http.headers  - http-outgoing-39 >> POST /session/7177e9d132dc3c82c8edaf346c9b9a62/element/0.6077929429730817-1/click HTTP/1.1
42488 [Forwarding clickElement on session 7177e9d132dc3c82c8edaf346c9b9a62 to remote] DEBUG org.apache.http.headers  - http-outgoing-39 >> Content-Type: application/json; charset=utf-8
42488 [Forwarding clickElement on session 7177e9d132dc3c82c8edaf346c9b9a62 to remote] DEBUG org.apache.http.headers  - http-outgoing-39 >> Content-Type: application/json; charset=utf-8
42488 [Forwarding clickElement on session 7177e9d132dc3c82c8edaf346c9b9a62 to remote] DEBUG org.apache.http.headers  - http-outgoing-39 >> Content-Length: 29
42488 [Forwarding clickElement on session 7177e9d132dc3c82c8edaf346c9b9a62 to remote] DEBUG org.apache.http.headers  - http-outgoing-39 >> Content-Length: 29
42488 [Forwarding clickElement on session 7177e9d132dc3c82c8edaf346c9b9a62 to remote] DEBUG org.apache.http.headers  - http-outgoing-39 >> Host: localhost:19138
42488 [Forwarding clickElement on session 7177e9d132dc3c82c8edaf346c9b9a62 to remote] DEBUG org.apache.http.headers  - http-outgoing-39 >> Host: localhost:19138
42488 [Forwarding clickElement on session 7177e9d132dc3c82c8edaf346c9b9a62 to remote] DEBUG org.apache.http.headers  - http-outgoing-39 >> Connection: Keep-Alive
42488 [Forwarding clickElement on session 7177e9d132dc3c82c8edaf346c9b9a62 to remote] DEBUG org.apache.http.headers  - http-outgoing-39 >> Connection: Keep-Alive
42488 [Forwarding clickElement on session 7177e9d132dc3c82c8edaf346c9b9a62 to remote] DEBUG org.apache.http.headers  - http-outgoing-39 >> User-Agent: Apache-HttpClient/4.5.2 (Java/1.8.0_91)
42488 [Forwarding clickElement on session 7177e9d132dc3c82c8edaf346c9b9a62 to remote] DEBUG org.apache.http.headers  - http-outgoing-39 >> User-Agent: Apache-HttpClient/4.5.2 (Java/1.8.0_91)
42489 [Forwarding clickElement on session 7177e9d132dc3c82c8edaf346c9b9a62 to remote] DEBUG org.apache.http.headers  - http-outgoing-39 >> Accept-Encoding: gzip,deflate
42489 [Forwarding clickElement on session 7177e9d132dc3c82c8edaf346c9b9a62 to remote] DEBUG org.apache.http.headers  - http-outgoing-39 >> Accept-Encoding: gzip,deflate
42489 [Forwarding clickElement on session 7177e9d132dc3c82c8edaf346c9b9a62 to remote] DEBUG org.apache.http.wire  - http-outgoing-39 >> "POST /session/7177e9d132dc3c82c8edaf346c9b9a62/element/0.6077929429730817-1/click HTTP/1.1[\r][\n]"
42489 [Forwarding clickElement on session 7177e9d132dc3c82c8edaf346c9b9a62 to remote] DEBUG org.apache.http.wire  - http-outgoing-39 >> "POST /session/7177e9d132dc3c82c8edaf346c9b9a62/element/0.6077929429730817-1/click HTTP/1.1[\r][\n]"
42489 [Forwarding clickElement on session 7177e9d132dc3c82c8edaf346c9b9a62 to remote] DEBUG org.apache.http.wire  - http-outgoing-39 >> "Content-Type: application/json; charset=utf-8[\r][\n]"
42489 [Forwarding clickElement on session 7177e9d132dc3c82c8edaf346c9b9a62 to remote] DEBUG org.apache.http.wire  - http-outgoing-39 >> "Content-Type: application/json; charset=utf-8[\r][\n]"
42489 [Forwarding clickElement on session 7177e9d132dc3c82c8edaf346c9b9a62 to remote] DEBUG org.apache.http.wire  - http-outgoing-39 >> "Content-Length: 29[\r][\n]"
42489 [Forwarding clickElement on session 7177e9d132dc3c82c8edaf346c9b9a62 to remote] DEBUG org.apache.http.wire  - http-outgoing-39 >> "Content-Length: 29[\r][\n]"
42489 [Forwarding clickElement on session 7177e9d132dc3c82c8edaf346c9b9a62 to remote] DEBUG org.apache.http.wire  - http-outgoing-39 >> "Host: localhost:19138[\r][\n]"
42489 [Forwarding clickElement on session 7177e9d132dc3c82c8edaf346c9b9a62 to remote] DEBUG org.apache.http.wire  - http-outgoing-39 >> "Host: localhost:19138[\r][\n]"
42489 [Forwarding clickElement on session 7177e9d132dc3c82c8edaf346c9b9a62 to remote] DEBUG org.apache.http.wire  - http-outgoing-39 >> "Connection: Keep-Alive[\r][\n]"
42489 [Forwarding clickElement on session 7177e9d132dc3c82c8edaf346c9b9a62 to remote] DEBUG org.apache.http.wire  - http-outgoing-39 >> "Connection: Keep-Alive[\r][\n]"
42489 [Forwarding clickElement on session 7177e9d132dc3c82c8edaf346c9b9a62 to remote] DEBUG org.apache.http.wire  - http-outgoing-39 >> "User-Agent: Apache-HttpClient/4.5.2 (Java/1.8.0_91)[\r][\n]"
42489 [Forwarding clickElement on session 7177e9d132dc3c82c8edaf346c9b9a62 to remote] DEBUG org.apache.http.wire  - http-outgoing-39 >> "User-Agent: Apache-HttpClient/4.5.2 (Java/1.8.0_91)[\r][\n]"
42489 [Forwarding clickElement on session 7177e9d132dc3c82c8edaf346c9b9a62 to remote] DEBUG org.apache.http.wire  - http-outgoing-39 >> "Accept-Encoding: gzip,deflate[\r][\n]"
42489 [Forwarding clickElement on session 7177e9d132dc3c82c8edaf346c9b9a62 to remote] DEBUG org.apache.http.wire  - http-outgoing-39 >> "Accept-Encoding: gzip,deflate[\r][\n]"
42489 [Forwarding clickElement on session 7177e9d132dc3c82c8edaf346c9b9a62 to remote] DEBUG org.apache.http.wire  - http-outgoing-39 >> "[\r][\n]"
42489 [Forwarding clickElement on session 7177e9d132dc3c82c8edaf346c9b9a62 to remote] DEBUG org.apache.http.wire  - http-outgoing-39 >> "[\r][\n]"
42489 [Forwarding clickElement on session 7177e9d132dc3c82c8edaf346c9b9a62 to remote] DEBUG org.apache.http.wire  - http-outgoing-39 >> "{"id":"0.6077929429730817-1"}"
42489 [Forwarding clickElement on session 7177e9d132dc3c82c8edaf346c9b9a62 to remote] DEBUG org.apache.http.wire  - http-outgoing-39 >> "{"id":"0.6077929429730817-1"}"
44121 [Forwarding clickElement on session 7177e9d132dc3c82c8edaf346c9b9a62 to remote] DEBUG org.apache.http.wire  - http-outgoing-39 << "HTTP/1.1 200 OK[\r][\n]"
44121 [Forwarding clickElement on session 7177e9d132dc3c82c8edaf346c9b9a62 to remote] DEBUG org.apache.http.wire  - http-outgoing-39 << "HTTP/1.1 200 OK[\r][\n]"
44121 [Forwarding clickElement on session 7177e9d132dc3c82c8edaf346c9b9a62 to remote] DEBUG org.apache.http.wire  - http-outgoing-39 << "Content-Length:72[\r][\n]"
44121 [Forwarding clickElement on session 7177e9d132dc3c82c8edaf346c9b9a62 to remote] DEBUG org.apache.http.wire  - http-outgoing-39 << "Content-Length:72[\r][\n]"
44121 [Forwarding clickElement on session 7177e9d132dc3c82c8edaf346c9b9a62 to remote] DEBUG org.apache.http.wire  - http-outgoing-39 << "Content-Type:application/json; charset=utf-8[\r][\n]"
44121 [Forwarding clickElement on session 7177e9d132dc3c82c8edaf346c9b9a62 to remote] DEBUG org.apache.http.wire  - http-outgoing-39 << "Content-Type:application/json; charset=utf-8[\r][\n]"
44121 [Forwarding clickElement on session 7177e9d132dc3c82c8edaf346c9b9a62 to remote] DEBUG org.apache.http.wire  - http-outgoing-39 << "Connection:close[\r][\n]"
44121 [Forwarding clickElement on session 7177e9d132dc3c82c8edaf346c9b9a62 to remote] DEBUG org.apache.http.wire  - http-outgoing-39 << "Connection:close[\r][\n]"
44121 [Forwarding clickElement on session 7177e9d132dc3c82c8edaf346c9b9a62 to remote] DEBUG org.apache.http.wire  - http-outgoing-39 << "[\r][\n]"
44121 [Forwarding clickElement on session 7177e9d132dc3c82c8edaf346c9b9a62 to remote] DEBUG org.apache.http.wire  - http-outgoing-39 << "[\r][\n]"
44121 [Forwarding clickElement on session 7177e9d132dc3c82c8edaf346c9b9a62 to remote] DEBUG org.apache.http.wire  - http-outgoing-39 << "{"sessionId":"7177e9d132dc3c82c8edaf346c9b9a62","status":0,"value":null}"
44121 [Forwarding clickElement on session 7177e9d132dc3c82c8edaf346c9b9a62 to remote] DEBUG org.apache.http.wire  - http-outgoing-39 << "{"sessionId":"7177e9d132dc3c82c8edaf346c9b9a62","status":0,"value":null}"
44121 [Forwarding clickElement on session 7177e9d132dc3c82c8edaf346c9b9a62 to remote] DEBUG org.apache.http.headers  - http-outgoing-39 << HTTP/1.1 200 OK
44121 [Forwarding clickElement on session 7177e9d132dc3c82c8edaf346c9b9a62 to remote] DEBUG org.apache.http.headers  - http-outgoing-39 << HTTP/1.1 200 OK
44121 [Forwarding clickElement on session 7177e9d132dc3c82c8edaf346c9b9a62 to remote] DEBUG org.apache.http.headers  - http-outgoing-39 << Content-Length:72
44121 [Forwarding clickElement on session 7177e9d132dc3c82c8edaf346c9b9a62 to remote] DEBUG org.apache.http.headers  - http-outgoing-39 << Content-Length:72
44121 [Forwarding clickElement on session 7177e9d132dc3c82c8edaf346c9b9a62 to remote] DEBUG org.apache.http.headers  - http-outgoing-39 << Content-Type:application/json; charset=utf-8
44121 [Forwarding clickElement on session 7177e9d132dc3c82c8edaf346c9b9a62 to remote] DEBUG org.apache.http.headers  - http-outgoing-39 << Content-Type:application/json; charset=utf-8
44122 [Forwarding clickElement on session 7177e9d132dc3c82c8edaf346c9b9a62 to remote] DEBUG org.apache.http.headers  - http-outgoing-39 << Connection:close
44122 [Forwarding clickElement on session 7177e9d132dc3c82c8edaf346c9b9a62 to remote] DEBUG org.apache.http.headers  - http-outgoing-39 << Connection:close
44122 [Forwarding clickElement on session 7177e9d132dc3c82c8edaf346c9b9a62 to remote] DEBUG org.apache.http.impl.conn.DefaultManagedHttpClientConnection  - http-outgoing-39: Close connection
44122 [Forwarding clickElement on session 7177e9d132dc3c82c8edaf346c9b9a62 to remote] DEBUG org.apache.http.impl.conn.DefaultManagedHttpClientConnection  - http-outgoing-39: Close connection
44123 [Forwarding clickElement on session 7177e9d132dc3c82c8edaf346c9b9a62 to remote] DEBUG org.apache.http.impl.execchain.MainClientExec  - Connection discarded
44123 [Forwarding clickElement on session 7177e9d132dc3c82c8edaf346c9b9a62 to remote] DEBUG org.apache.http.impl.execchain.MainClientExec  - Connection discarded
44124 [Forwarding clickElement on session 7177e9d132dc3c82c8edaf346c9b9a62 to remote] DEBUG org.apache.http.impl.conn.PoolingHttpClientConnectionManager  - Connection released: [id: 39][route: {}->http://localhost:19138][total kept alive: 0; route allocated: 0 of 2000; total allocated: 0 of 2000]
44124 [Forwarding clickElement on session 7177e9d132dc3c82c8edaf346c9b9a62 to remote] DEBUG org.apache.http.impl.conn.PoolingHttpClientConnectionManager  - Connection released: [id: 39][route: {}->http://localhost:19138][total kept alive: 0; route allocated: 0 of 2000; total allocated: 0 of 2000]
44126 [Forwarding findElement on session 7177e9d132dc3c82c8edaf346c9b9a62 to remote] DEBUG org.apache.http.client.protocol.RequestAddCookies  - CookieSpec selected: default
44126 [Forwarding findElement on session 7177e9d132dc3c82c8edaf346c9b9a62 to remote] DEBUG org.apache.http.client.protocol.RequestAddCookies  - CookieSpec selected: default
44126 [Forwarding findElement on session 7177e9d132dc3c82c8edaf346c9b9a62 to remote] DEBUG org.apache.http.client.protocol.RequestAuthCache  - Auth cache not set in the context
44126 [Forwarding findElement on session 7177e9d132dc3c82c8edaf346c9b9a62 to remote] DEBUG org.apache.http.client.protocol.RequestAuthCache  - Auth cache not set in the context
44126 [Forwarding findElement on session 7177e9d132dc3c82c8edaf346c9b9a62 to remote] DEBUG org.apache.http.impl.conn.PoolingHttpClientConnectionManager  - Connection request: [route: {}->http://localhost:19138][total kept alive: 0; route allocated: 0 of 2000; total allocated: 0 of 2000]
44126 [Forwarding findElement on session 7177e9d132dc3c82c8edaf346c9b9a62 to remote] DEBUG org.apache.http.impl.conn.PoolingHttpClientConnectionManager  - Connection request: [route: {}->http://localhost:19138][total kept alive: 0; route allocated: 0 of 2000; total allocated: 0 of 2000]
44126 [Forwarding findElement on session 7177e9d132dc3c82c8edaf346c9b9a62 to remote] DEBUG org.apache.http.impl.conn.PoolingHttpClientConnectionManager  - Connection leased: [id: 40][route: {}->http://localhost:19138][total kept alive: 0; route allocated: 1 of 2000; total allocated: 1 of 2000]
44126 [Forwarding findElement on session 7177e9d132dc3c82c8edaf346c9b9a62 to remote] DEBUG org.apache.http.impl.conn.PoolingHttpClientConnectionManager  - Connection leased: [id: 40][route: {}->http://localhost:19138][total kept alive: 0; route allocated: 1 of 2000; total allocated: 1 of 2000]
44126 [Forwarding findElement on session 7177e9d132dc3c82c8edaf346c9b9a62 to remote] DEBUG org.apache.http.impl.execchain.MainClientExec  - Opening connection {}->http://localhost:19138
44126 [Forwarding findElement on session 7177e9d132dc3c82c8edaf346c9b9a62 to remote] DEBUG org.apache.http.impl.execchain.MainClientExec  - Opening connection {}->http://localhost:19138
44126 [Forwarding findElement on session 7177e9d132dc3c82c8edaf346c9b9a62 to remote] DEBUG org.apache.http.impl.conn.DefaultHttpClientConnectionOperator  - Connecting to localhost/127.0.0.1:19138
44126 [Forwarding findElement on session 7177e9d132dc3c82c8edaf346c9b9a62 to remote] DEBUG org.apache.http.impl.conn.DefaultHttpClientConnectionOperator  - Connecting to localhost/127.0.0.1:19138
44127 [Forwarding findElement on session 7177e9d132dc3c82c8edaf346c9b9a62 to remote] DEBUG org.apache.http.impl.conn.DefaultHttpClientConnectionOperator  - Connection established 127.0.0.1:52874<->127.0.0.1:19138
44127 [Forwarding findElement on session 7177e9d132dc3c82c8edaf346c9b9a62 to remote] DEBUG org.apache.http.impl.conn.DefaultHttpClientConnectionOperator  - Connection established 127.0.0.1:52874<->127.0.0.1:19138
44127 [Forwarding findElement on session 7177e9d132dc3c82c8edaf346c9b9a62 to remote] DEBUG org.apache.http.impl.conn.DefaultManagedHttpClientConnection  - http-outgoing-40: set socket timeout to 10800000
44127 [Forwarding findElement on session 7177e9d132dc3c82c8edaf346c9b9a62 to remote] DEBUG org.apache.http.impl.conn.DefaultManagedHttpClientConnection  - http-outgoing-40: set socket timeout to 10800000
44127 [Forwarding findElement on session 7177e9d132dc3c82c8edaf346c9b9a62 to remote] DEBUG org.apache.http.impl.execchain.MainClientExec  - Executing request POST /session/7177e9d132dc3c82c8edaf346c9b9a62/element HTTP/1.1
44127 [Forwarding findElement on session 7177e9d132dc3c82c8edaf346c9b9a62 to remote] DEBUG org.apache.http.impl.execchain.MainClientExec  - Executing request POST /session/7177e9d132dc3c82c8edaf346c9b9a62/element HTTP/1.1
44127 [Forwarding findElement on session 7177e9d132dc3c82c8edaf346c9b9a62 to remote] DEBUG org.apache.http.impl.execchain.MainClientExec  - Target auth state: UNCHALLENGED
44127 [Forwarding findElement on session 7177e9d132dc3c82c8edaf346c9b9a62 to remote] DEBUG org.apache.http.impl.execchain.MainClientExec  - Target auth state: UNCHALLENGED
44127 [Forwarding findElement on session 7177e9d132dc3c82c8edaf346c9b9a62 to remote] DEBUG org.apache.http.impl.execchain.MainClientExec  - Proxy auth state: UNCHALLENGED
44127 [Forwarding findElement on session 7177e9d132dc3c82c8edaf346c9b9a62 to remote] DEBUG org.apache.http.impl.execchain.MainClientExec  - Proxy auth state: UNCHALLENGED
44127 [Forwarding findElement on session 7177e9d132dc3c82c8edaf346c9b9a62 to remote] DEBUG org.apache.http.headers  - http-outgoing-40 >> POST /session/7177e9d132dc3c82c8edaf346c9b9a62/element HTTP/1.1
44127 [Forwarding findElement on session 7177e9d132dc3c82c8edaf346c9b9a62 to remote] DEBUG org.apache.http.headers  - http-outgoing-40 >> POST /session/7177e9d132dc3c82c8edaf346c9b9a62/element HTTP/1.1
44127 [Forwarding findElement on session 7177e9d132dc3c82c8edaf346c9b9a62 to remote] DEBUG org.apache.http.headers  - http-outgoing-40 >> Content-Type: application/json; charset=utf-8
44127 [Forwarding findElement on session 7177e9d132dc3c82c8edaf346c9b9a62 to remote] DEBUG org.apache.http.headers  - http-outgoing-40 >> Content-Type: application/json; charset=utf-8
44127 [Forwarding findElement on session 7177e9d132dc3c82c8edaf346c9b9a62 to remote] DEBUG org.apache.http.headers  - http-outgoing-40 >> Content-Length: 41
44127 [Forwarding findElement on session 7177e9d132dc3c82c8edaf346c9b9a62 to remote] DEBUG org.apache.http.headers  - http-outgoing-40 >> Content-Length: 41
44127 [Forwarding findElement on session 7177e9d132dc3c82c8edaf346c9b9a62 to remote] DEBUG org.apache.http.headers  - http-outgoing-40 >> Host: localhost:19138
44127 [Forwarding findElement on session 7177e9d132dc3c82c8edaf346c9b9a62 to remote] DEBUG org.apache.http.headers  - http-outgoing-40 >> Host: localhost:19138
44127 [Forwarding findElement on session 7177e9d132dc3c82c8edaf346c9b9a62 to remote] DEBUG org.apache.http.headers  - http-outgoing-40 >> Connection: Keep-Alive
44127 [Forwarding findElement on session 7177e9d132dc3c82c8edaf346c9b9a62 to remote] DEBUG org.apache.http.headers  - http-outgoing-40 >> Connection: Keep-Alive
44127 [Forwarding findElement on session 7177e9d132dc3c82c8edaf346c9b9a62 to remote] DEBUG org.apache.http.headers  - http-outgoing-40 >> User-Agent: Apache-HttpClient/4.5.2 (Java/1.8.0_91)
44127 [Forwarding findElement on session 7177e9d132dc3c82c8edaf346c9b9a62 to remote] DEBUG org.apache.http.headers  - http-outgoing-40 >> User-Agent: Apache-HttpClient/4.5.2 (Java/1.8.0_91)
44127 [Forwarding findElement on session 7177e9d132dc3c82c8edaf346c9b9a62 to remote] DEBUG org.apache.http.headers  - http-outgoing-40 >> Accept-Encoding: gzip,deflate
44127 [Forwarding findElement on session 7177e9d132dc3c82c8edaf346c9b9a62 to remote] DEBUG org.apache.http.headers  - http-outgoing-40 >> Accept-Encoding: gzip,deflate
44127 [Forwarding findElement on session 7177e9d132dc3c82c8edaf346c9b9a62 to remote] DEBUG org.apache.http.wire  - http-outgoing-40 >> "POST /session/7177e9d132dc3c82c8edaf346c9b9a62/element HTTP/1.1[\r][\n]"
44127 [Forwarding findElement on session 7177e9d132dc3c82c8edaf346c9b9a62 to remote] DEBUG org.apache.http.wire  - http-outgoing-40 >> "POST /session/7177e9d132dc3c82c8edaf346c9b9a62/element HTTP/1.1[\r][\n]"
44127 [Forwarding findElement on session 7177e9d132dc3c82c8edaf346c9b9a62 to remote] DEBUG org.apache.http.wire  - http-outgoing-40 >> "Content-Type: application/json; charset=utf-8[\r][\n]"
44127 [Forwarding findElement on session 7177e9d132dc3c82c8edaf346c9b9a62 to remote] DEBUG org.apache.http.wire  - http-outgoing-40 >> "Content-Type: application/json; charset=utf-8[\r][\n]"
44127 [Forwarding findElement on session 7177e9d132dc3c82c8edaf346c9b9a62 to remote] DEBUG org.apache.http.wire  - http-outgoing-40 >> "Content-Length: 41[\r][\n]"
44127 [Forwarding findElement on session 7177e9d132dc3c82c8edaf346c9b9a62 to remote] DEBUG org.apache.http.wire  - http-outgoing-40 >> "Content-Length: 41[\r][\n]"
44127 [Forwarding findElement on session 7177e9d132dc3c82c8edaf346c9b9a62 to remote] DEBUG org.apache.http.wire  - http-outgoing-40 >> "Host: localhost:19138[\r][\n]"
44127 [Forwarding findElement on session 7177e9d132dc3c82c8edaf346c9b9a62 to remote] DEBUG org.apache.http.wire  - http-outgoing-40 >> "Host: localhost:19138[\r][\n]"
44127 [Forwarding findElement on session 7177e9d132dc3c82c8edaf346c9b9a62 to remote] DEBUG org.apache.http.wire  - http-outgoing-40 >> "Connection: Keep-Alive[\r][\n]"
44127 [Forwarding findElement on session 7177e9d132dc3c82c8edaf346c9b9a62 to remote] DEBUG org.apache.http.wire  - http-outgoing-40 >> "Connection: Keep-Alive[\r][\n]"
44127 [Forwarding findElement on session 7177e9d132dc3c82c8edaf346c9b9a62 to remote] DEBUG org.apache.http.wire  - http-outgoing-40 >> "User-Agent: Apache-HttpClient/4.5.2 (Java/1.8.0_91)[\r][\n]"
44127 [Forwarding findElement on session 7177e9d132dc3c82c8edaf346c9b9a62 to remote] DEBUG org.apache.http.wire  - http-outgoing-40 >> "User-Agent: Apache-HttpClient/4.5.2 (Java/1.8.0_91)[\r][\n]"
44127 [Forwarding findElement on session 7177e9d132dc3c82c8edaf346c9b9a62 to remote] DEBUG org.apache.http.wire  - http-outgoing-40 >> "Accept-Encoding: gzip,deflate[\r][\n]"
44127 [Forwarding findElement on session 7177e9d132dc3c82c8edaf346c9b9a62 to remote] DEBUG org.apache.http.wire  - http-outgoing-40 >> "Accept-Encoding: gzip,deflate[\r][\n]"
44127 [Forwarding findElement on session 7177e9d132dc3c82c8edaf346c9b9a62 to remote] DEBUG org.apache.http.wire  - http-outgoing-40 >> "[\r][\n]"
44127 [Forwarding findElement on session 7177e9d132dc3c82c8edaf346c9b9a62 to remote] DEBUG org.apache.http.wire  - http-outgoing-40 >> "[\r][\n]"
44127 [Forwarding findElement on session 7177e9d132dc3c82c8edaf346c9b9a62 to remote] DEBUG org.apache.http.wire  - http-outgoing-40 >> "{"using":"css selector","value":"#email"}"
44127 [Forwarding findElement on session 7177e9d132dc3c82c8edaf346c9b9a62 to remote] DEBUG org.apache.http.wire  - http-outgoing-40 >> "{"using":"css selector","value":"#email"}"
44163 [Forwarding findElement on session 7177e9d132dc3c82c8edaf346c9b9a62 to remote] DEBUG org.apache.http.wire  - http-outgoing-40 << "HTTP/1.1 200 OK[\r][\n]"
44163 [Forwarding findElement on session 7177e9d132dc3c82c8edaf346c9b9a62 to remote] DEBUG org.apache.http.wire  - http-outgoing-40 << "HTTP/1.1 200 OK[\r][\n]"
44163 [Forwarding findElement on session 7177e9d132dc3c82c8edaf346c9b9a62 to remote] DEBUG org.apache.http.wire  - http-outgoing-40 << "Content-Length:103[\r][\n]"
44163 [Forwarding findElement on session 7177e9d132dc3c82c8edaf346c9b9a62 to remote] DEBUG org.apache.http.wire  - http-outgoing-40 << "Content-Length:103[\r][\n]"
44163 [Forwarding findElement on session 7177e9d132dc3c82c8edaf346c9b9a62 to remote] DEBUG org.apache.http.wire  - http-outgoing-40 << "Content-Type:application/json; charset=utf-8[\r][\n]"
44163 [Forwarding findElement on session 7177e9d132dc3c82c8edaf346c9b9a62 to remote] DEBUG org.apache.http.wire  - http-outgoing-40 << "Content-Type:application/json; charset=utf-8[\r][\n]"
44163 [Forwarding findElement on session 7177e9d132dc3c82c8edaf346c9b9a62 to remote] DEBUG org.apache.http.wire  - http-outgoing-40 << "Connection:close[\r][\n]"
44163 [Forwarding findElement on session 7177e9d132dc3c82c8edaf346c9b9a62 to remote] DEBUG org.apache.http.wire  - http-outgoing-40 << "Connection:close[\r][\n]"
44163 [Forwarding findElement on session 7177e9d132dc3c82c8edaf346c9b9a62 to remote] DEBUG org.apache.http.wire  - http-outgoing-40 << "[\r][\n]"
44163 [Forwarding findElement on session 7177e9d132dc3c82c8edaf346c9b9a62 to remote] DEBUG org.apache.http.wire  - http-outgoing-40 << "[\r][\n]"
44163 [Forwarding findElement on session 7177e9d132dc3c82c8edaf346c9b9a62 to remote] DEBUG org.apache.http.wire  - http-outgoing-40 << "{"sessionId":"7177e9d132dc3c82c8edaf346c9b9a62","status":0,"value":{"ELEMENT":"0.14997847561473598-1"}}"
44163 [Forwarding findElement on session 7177e9d132dc3c82c8edaf346c9b9a62 to remote] DEBUG org.apache.http.wire  - http-outgoing-40 << "{"sessionId":"7177e9d132dc3c82c8edaf346c9b9a62","status":0,"value":{"ELEMENT":"0.14997847561473598-1"}}"
44163 [Forwarding findElement on session 7177e9d132dc3c82c8edaf346c9b9a62 to remote] DEBUG org.apache.http.headers  - http-outgoing-40 << HTTP/1.1 200 OK
44163 [Forwarding findElement on session 7177e9d132dc3c82c8edaf346c9b9a62 to remote] DEBUG org.apache.http.headers  - http-outgoing-40 << HTTP/1.1 200 OK
44163 [Forwarding findElement on session 7177e9d132dc3c82c8edaf346c9b9a62 to remote] DEBUG org.apache.http.headers  - http-outgoing-40 << Content-Length:103
44163 [Forwarding findElement on session 7177e9d132dc3c82c8edaf346c9b9a62 to remote] DEBUG org.apache.http.headers  - http-outgoing-40 << Content-Length:103
44163 [Forwarding findElement on session 7177e9d132dc3c82c8edaf346c9b9a62 to remote] DEBUG org.apache.http.headers  - http-outgoing-40 << Content-Type:application/json; charset=utf-8
44163 [Forwarding findElement on session 7177e9d132dc3c82c8edaf346c9b9a62 to remote] DEBUG org.apache.http.headers  - http-outgoing-40 << Content-Type:application/json; charset=utf-8
44163 [Forwarding findElement on session 7177e9d132dc3c82c8edaf346c9b9a62 to remote] DEBUG org.apache.http.headers  - http-outgoing-40 << Connection:close
44163 [Forwarding findElement on session 7177e9d132dc3c82c8edaf346c9b9a62 to remote] DEBUG org.apache.http.headers  - http-outgoing-40 << Connection:close
44164 [Forwarding findElement on session 7177e9d132dc3c82c8edaf346c9b9a62 to remote] DEBUG org.apache.http.impl.conn.DefaultManagedHttpClientConnection  - http-outgoing-40: Close connection
44164 [Forwarding findElement on session 7177e9d132dc3c82c8edaf346c9b9a62 to remote] DEBUG org.apache.http.impl.conn.DefaultManagedHttpClientConnection  - http-outgoing-40: Close connection
44164 [Forwarding findElement on session 7177e9d132dc3c82c8edaf346c9b9a62 to remote] DEBUG org.apache.http.impl.execchain.MainClientExec  - Connection discarded
44164 [Forwarding findElement on session 7177e9d132dc3c82c8edaf346c9b9a62 to remote] DEBUG org.apache.http.impl.execchain.MainClientExec  - Connection discarded
44165 [Forwarding findElement on session 7177e9d132dc3c82c8edaf346c9b9a62 to remote] DEBUG org.apache.http.impl.conn.PoolingHttpClientConnectionManager  - Connection released: [id: 40][route: {}->http://localhost:19138][total kept alive: 0; route allocated: 0 of 2000; total allocated: 0 of 2000]
44165 [Forwarding findElement on session 7177e9d132dc3c82c8edaf346c9b9a62 to remote] DEBUG org.apache.http.impl.conn.PoolingHttpClientConnectionManager  - Connection released: [id: 40][route: {}->http://localhost:19138][total kept alive: 0; route allocated: 0 of 2000; total allocated: 0 of 2000]
44168 [Forwarding sendKeysToElement on session 7177e9d132dc3c82c8edaf346c9b9a62 to remote] DEBUG org.apache.http.client.protocol.RequestAddCookies  - CookieSpec selected: default
44168 [Forwarding sendKeysToElement on session 7177e9d132dc3c82c8edaf346c9b9a62 to remote] DEBUG org.apache.http.client.protocol.RequestAddCookies  - CookieSpec selected: default
44168 [Forwarding sendKeysToElement on session 7177e9d132dc3c82c8edaf346c9b9a62 to remote] DEBUG org.apache.http.client.protocol.RequestAuthCache  - Auth cache not set in the context
44168 [Forwarding sendKeysToElement on session 7177e9d132dc3c82c8edaf346c9b9a62 to remote] DEBUG org.apache.http.client.protocol.RequestAuthCache  - Auth cache not set in the context
44168 [Forwarding sendKeysToElement on session 7177e9d132dc3c82c8edaf346c9b9a62 to remote] DEBUG org.apache.http.impl.conn.PoolingHttpClientConnectionManager  - Connection request: [route: {}->http://localhost:19138][total kept alive: 0; route allocated: 0 of 2000; total allocated: 0 of 2000]
44168 [Forwarding sendKeysToElement on session 7177e9d132dc3c82c8edaf346c9b9a62 to remote] DEBUG org.apache.http.impl.conn.PoolingHttpClientConnectionManager  - Connection request: [route: {}->http://localhost:19138][total kept alive: 0; route allocated: 0 of 2000; total allocated: 0 of 2000]
44168 [Forwarding sendKeysToElement on session 7177e9d132dc3c82c8edaf346c9b9a62 to remote] DEBUG org.apache.http.impl.conn.PoolingHttpClientConnectionManager  - Connection leased: [id: 41][route: {}->http://localhost:19138][total kept alive: 0; route allocated: 1 of 2000; total allocated: 1 of 2000]
44168 [Forwarding sendKeysToElement on session 7177e9d132dc3c82c8edaf346c9b9a62 to remote] DEBUG org.apache.http.impl.conn.PoolingHttpClientConnectionManager  - Connection leased: [id: 41][route: {}->http://localhost:19138][total kept alive: 0; route allocated: 1 of 2000; total allocated: 1 of 2000]
44169 [Forwarding sendKeysToElement on session 7177e9d132dc3c82c8edaf346c9b9a62 to remote] DEBUG org.apache.http.impl.execchain.MainClientExec  - Opening connection {}->http://localhost:19138
44169 [Forwarding sendKeysToElement on session 7177e9d132dc3c82c8edaf346c9b9a62 to remote] DEBUG org.apache.http.impl.execchain.MainClientExec  - Opening connection {}->http://localhost:19138
44170 [Forwarding sendKeysToElement on session 7177e9d132dc3c82c8edaf346c9b9a62 to remote] DEBUG org.apache.http.impl.conn.DefaultHttpClientConnectionOperator  - Connecting to localhost/127.0.0.1:19138
44170 [Forwarding sendKeysToElement on session 7177e9d132dc3c82c8edaf346c9b9a62 to remote] DEBUG org.apache.http.impl.conn.DefaultHttpClientConnectionOperator  - Connecting to localhost/127.0.0.1:19138
44171 [Forwarding sendKeysToElement on session 7177e9d132dc3c82c8edaf346c9b9a62 to remote] DEBUG org.apache.http.impl.conn.DefaultHttpClientConnectionOperator  - Connection established 127.0.0.1:52875<->127.0.0.1:19138
44171 [Forwarding sendKeysToElement on session 7177e9d132dc3c82c8edaf346c9b9a62 to remote] DEBUG org.apache.http.impl.conn.DefaultHttpClientConnectionOperator  - Connection established 127.0.0.1:52875<->127.0.0.1:19138
44171 [Forwarding sendKeysToElement on session 7177e9d132dc3c82c8edaf346c9b9a62 to remote] DEBUG org.apache.http.impl.conn.DefaultManagedHttpClientConnection  - http-outgoing-41: set socket timeout to 10800000
44171 [Forwarding sendKeysToElement on session 7177e9d132dc3c82c8edaf346c9b9a62 to remote] DEBUG org.apache.http.impl.conn.DefaultManagedHttpClientConnection  - http-outgoing-41: set socket timeout to 10800000
44171 [Forwarding sendKeysToElement on session 7177e9d132dc3c82c8edaf346c9b9a62 to remote] DEBUG org.apache.http.impl.execchain.MainClientExec  - Executing request POST /session/7177e9d132dc3c82c8edaf346c9b9a62/element/0.14997847561473598-1/value HTTP/1.1
44171 [Forwarding sendKeysToElement on session 7177e9d132dc3c82c8edaf346c9b9a62 to remote] DEBUG org.apache.http.impl.execchain.MainClientExec  - Executing request POST /session/7177e9d132dc3c82c8edaf346c9b9a62/element/0.14997847561473598-1/value HTTP/1.1
44171 [Forwarding sendKeysToElement on session 7177e9d132dc3c82c8edaf346c9b9a62 to remote] DEBUG org.apache.http.impl.execchain.MainClientExec  - Target auth state: UNCHALLENGED
44171 [Forwarding sendKeysToElement on session 7177e9d132dc3c82c8edaf346c9b9a62 to remote] DEBUG org.apache.http.impl.execchain.MainClientExec  - Target auth state: UNCHALLENGED
44171 [Forwarding sendKeysToElement on session 7177e9d132dc3c82c8edaf346c9b9a62 to remote] DEBUG org.apache.http.impl.execchain.MainClientExec  - Proxy auth state: UNCHALLENGED
44171 [Forwarding sendKeysToElement on session 7177e9d132dc3c82c8edaf346c9b9a62 to remote] DEBUG org.apache.http.impl.execchain.MainClientExec  - Proxy auth state: UNCHALLENGED
44171 [Forwarding sendKeysToElement on session 7177e9d132dc3c82c8edaf346c9b9a62 to remote] DEBUG org.apache.http.headers  - http-outgoing-41 >> POST /session/7177e9d132dc3c82c8edaf346c9b9a62/element/0.14997847561473598-1/value HTTP/1.1
44171 [Forwarding sendKeysToElement on session 7177e9d132dc3c82c8edaf346c9b9a62 to remote] DEBUG org.apache.http.headers  - http-outgoing-41 >> POST /session/7177e9d132dc3c82c8edaf346c9b9a62/element/0.14997847561473598-1/value HTTP/1.1
44171 [Forwarding sendKeysToElement on session 7177e9d132dc3c82c8edaf346c9b9a62 to remote] DEBUG org.apache.http.headers  - http-outgoing-41 >> Content-Type: application/json; charset=utf-8
44171 [Forwarding sendKeysToElement on session 7177e9d132dc3c82c8edaf346c9b9a62 to remote] DEBUG org.apache.http.headers  - http-outgoing-41 >> Content-Type: application/json; charset=utf-8
44171 [Forwarding sendKeysToElement on session 7177e9d132dc3c82c8edaf346c9b9a62 to remote] DEBUG org.apache.http.headers  - http-outgoing-41 >> Content-Length: 63
44171 [Forwarding sendKeysToElement on session 7177e9d132dc3c82c8edaf346c9b9a62 to remote] DEBUG org.apache.http.headers  - http-outgoing-41 >> Content-Length: 63
44171 [Forwarding sendKeysToElement on session 7177e9d132dc3c82c8edaf346c9b9a62 to remote] DEBUG org.apache.http.headers  - http-outgoing-41 >> Host: localhost:19138
44171 [Forwarding sendKeysToElement on session 7177e9d132dc3c82c8edaf346c9b9a62 to remote] DEBUG org.apache.http.headers  - http-outgoing-41 >> Host: localhost:19138
44171 [Forwarding sendKeysToElement on session 7177e9d132dc3c82c8edaf346c9b9a62 to remote] DEBUG org.apache.http.headers  - http-outgoing-41 >> Connection: Keep-Alive
44171 [Forwarding sendKeysToElement on session 7177e9d132dc3c82c8edaf346c9b9a62 to remote] DEBUG org.apache.http.headers  - http-outgoing-41 >> Connection: Keep-Alive
44171 [Forwarding sendKeysToElement on session 7177e9d132dc3c82c8edaf346c9b9a62 to remote] DEBUG org.apache.http.headers  - http-outgoing-41 >> User-Agent: Apache-HttpClient/4.5.2 (Java/1.8.0_91)
44171 [Forwarding sendKeysToElement on session 7177e9d132dc3c82c8edaf346c9b9a62 to remote] DEBUG org.apache.http.headers  - http-outgoing-41 >> User-Agent: Apache-HttpClient/4.5.2 (Java/1.8.0_91)
44171 [Forwarding sendKeysToElement on session 7177e9d132dc3c82c8edaf346c9b9a62 to remote] DEBUG org.apache.http.headers  - http-outgoing-41 >> Accept-Encoding: gzip,deflate
44171 [Forwarding sendKeysToElement on session 7177e9d132dc3c82c8edaf346c9b9a62 to remote] DEBUG org.apache.http.headers  - http-outgoing-41 >> Accept-Encoding: gzip,deflate
44171 [Forwarding sendKeysToElement on session 7177e9d132dc3c82c8edaf346c9b9a62 to remote] DEBUG org.apache.http.wire  - http-outgoing-41 >> "POST /session/7177e9d132dc3c82c8edaf346c9b9a62/element/0.14997847561473598-1/value HTTP/1.1[\r][\n]"
44171 [Forwarding sendKeysToElement on session 7177e9d132dc3c82c8edaf346c9b9a62 to remote] DEBUG org.apache.http.wire  - http-outgoing-41 >> "POST /session/7177e9d132dc3c82c8edaf346c9b9a62/element/0.14997847561473598-1/value HTTP/1.1[\r][\n]"
44171 [Forwarding sendKeysToElement on session 7177e9d132dc3c82c8edaf346c9b9a62 to remote] DEBUG org.apache.http.wire  - http-outgoing-41 >> "Content-Type: application/json; charset=utf-8[\r][\n]"
44171 [Forwarding sendKeysToElement on session 7177e9d132dc3c82c8edaf346c9b9a62 to remote] DEBUG org.apache.http.wire  - http-outgoing-41 >> "Content-Type: application/json; charset=utf-8[\r][\n]"
44171 [Forwarding sendKeysToElement on session 7177e9d132dc3c82c8edaf346c9b9a62 to remote] DEBUG org.apache.http.wire  - http-outgoing-41 >> "Content-Length: 63[\r][\n]"
44171 [Forwarding sendKeysToElement on session 7177e9d132dc3c82c8edaf346c9b9a62 to remote] DEBUG org.apache.http.wire  - http-outgoing-41 >> "Content-Length: 63[\r][\n]"
44171 [Forwarding sendKeysToElement on session 7177e9d132dc3c82c8edaf346c9b9a62 to remote] DEBUG org.apache.http.wire  - http-outgoing-41 >> "Host: localhost:19138[\r][\n]"
44171 [Forwarding sendKeysToElement on session 7177e9d132dc3c82c8edaf346c9b9a62 to remote] DEBUG org.apache.http.wire  - http-outgoing-41 >> "Host: localhost:19138[\r][\n]"
44171 [Forwarding sendKeysToElement on session 7177e9d132dc3c82c8edaf346c9b9a62 to remote] DEBUG org.apache.http.wire  - http-outgoing-41 >> "Connection: Keep-Alive[\r][\n]"
44171 [Forwarding sendKeysToElement on session 7177e9d132dc3c82c8edaf346c9b9a62 to remote] DEBUG org.apache.http.wire  - http-outgoing-41 >> "Connection: Keep-Alive[\r][\n]"
44171 [Forwarding sendKeysToElement on session 7177e9d132dc3c82c8edaf346c9b9a62 to remote] DEBUG org.apache.http.wire  - http-outgoing-41 >> "User-Agent: Apache-HttpClient/4.5.2 (Java/1.8.0_91)[\r][\n]"
44171 [Forwarding sendKeysToElement on session 7177e9d132dc3c82c8edaf346c9b9a62 to remote] DEBUG org.apache.http.wire  - http-outgoing-41 >> "User-Agent: Apache-HttpClient/4.5.2 (Java/1.8.0_91)[\r][\n]"
44171 [Forwarding sendKeysToElement on session 7177e9d132dc3c82c8edaf346c9b9a62 to remote] DEBUG org.apache.http.wire  - http-outgoing-41 >> "Accept-Encoding: gzip,deflate[\r][\n]"
44171 [Forwarding sendKeysToElement on session 7177e9d132dc3c82c8edaf346c9b9a62 to remote] DEBUG org.apache.http.wire  - http-outgoing-41 >> "Accept-Encoding: gzip,deflate[\r][\n]"
44171 [Forwarding sendKeysToElement on session 7177e9d132dc3c82c8edaf346c9b9a62 to remote] DEBUG org.apache.http.wire  - http-outgoing-41 >> "[\r][\n]"
44171 [Forwarding sendKeysToElement on session 7177e9d132dc3c82c8edaf346c9b9a62 to remote] DEBUG org.apache.http.wire  - http-outgoing-41 >> "[\r][\n]"
44171 [Forwarding sendKeysToElement on session 7177e9d132dc3c82c8edaf346c9b9a62 to remote] DEBUG org.apache.http.wire  - http-outgoing-41 >> "{"id":"0.14997847561473598-1","value":["shartbutts@gmail.com"]}"
44171 [Forwarding sendKeysToElement on session 7177e9d132dc3c82c8edaf346c9b9a62 to remote] DEBUG org.apache.http.wire  - http-outgoing-41 >> "{"id":"0.14997847561473598-1","value":["shartbutts@gmail.com"]}"
44245 [Forwarding sendKeysToElement on session 7177e9d132dc3c82c8edaf346c9b9a62 to remote] DEBUG org.apache.http.wire  - http-outgoing-41 << "HTTP/1.1 200 OK[\r][\n]"
44245 [Forwarding sendKeysToElement on session 7177e9d132dc3c82c8edaf346c9b9a62 to remote] DEBUG org.apache.http.wire  - http-outgoing-41 << "HTTP/1.1 200 OK[\r][\n]"
44245 [Forwarding sendKeysToElement on session 7177e9d132dc3c82c8edaf346c9b9a62 to remote] DEBUG org.apache.http.wire  - http-outgoing-41 << "Content-Length:72[\r][\n]"
44245 [Forwarding sendKeysToElement on session 7177e9d132dc3c82c8edaf346c9b9a62 to remote] DEBUG org.apache.http.wire  - http-outgoing-41 << "Content-Length:72[\r][\n]"
44245 [Forwarding sendKeysToElement on session 7177e9d132dc3c82c8edaf346c9b9a62 to remote] DEBUG org.apache.http.wire  - http-outgoing-41 << "Content-Type:application/json; charset=utf-8[\r][\n]"
44245 [Forwarding sendKeysToElement on session 7177e9d132dc3c82c8edaf346c9b9a62 to remote] DEBUG org.apache.http.wire  - http-outgoing-41 << "Content-Type:application/json; charset=utf-8[\r][\n]"
44245 [Forwarding sendKeysToElement on session 7177e9d132dc3c82c8edaf346c9b9a62 to remote] DEBUG org.apache.http.wire  - http-outgoing-41 << "Connection:close[\r][\n]"
44245 [Forwarding sendKeysToElement on session 7177e9d132dc3c82c8edaf346c9b9a62 to remote] DEBUG org.apache.http.wire  - http-outgoing-41 << "Connection:close[\r][\n]"
44245 [Forwarding sendKeysToElement on session 7177e9d132dc3c82c8edaf346c9b9a62 to remote] DEBUG org.apache.http.wire  - http-outgoing-41 << "[\r][\n]"
44245 [Forwarding sendKeysToElement on session 7177e9d132dc3c82c8edaf346c9b9a62 to remote] DEBUG org.apache.http.wire  - http-outgoing-41 << "[\r][\n]"
44245 [Forwarding sendKeysToElement on session 7177e9d132dc3c82c8edaf346c9b9a62 to remote] DEBUG org.apache.http.wire  - http-outgoing-41 << "{"sessionId":"7177e9d132dc3c82c8edaf346c9b9a62","status":0,"value":null}"
44245 [Forwarding sendKeysToElement on session 7177e9d132dc3c82c8edaf346c9b9a62 to remote] DEBUG org.apache.http.wire  - http-outgoing-41 << "{"sessionId":"7177e9d132dc3c82c8edaf346c9b9a62","status":0,"value":null}"
44245 [Forwarding sendKeysToElement on session 7177e9d132dc3c82c8edaf346c9b9a62 to remote] DEBUG org.apache.http.headers  - http-outgoing-41 << HTTP/1.1 200 OK
44245 [Forwarding sendKeysToElement on session 7177e9d132dc3c82c8edaf346c9b9a62 to remote] DEBUG org.apache.http.headers  - http-outgoing-41 << HTTP/1.1 200 OK
44245 [Forwarding sendKeysToElement on session 7177e9d132dc3c82c8edaf346c9b9a62 to remote] DEBUG org.apache.http.headers  - http-outgoing-41 << Content-Length:72
44245 [Forwarding sendKeysToElement on session 7177e9d132dc3c82c8edaf346c9b9a62 to remote] DEBUG org.apache.http.headers  - http-outgoing-41 << Content-Length:72
44245 [Forwarding sendKeysToElement on session 7177e9d132dc3c82c8edaf346c9b9a62 to remote] DEBUG org.apache.http.headers  - http-outgoing-41 << Content-Type:application/json; charset=utf-8
44245 [Forwarding sendKeysToElement on session 7177e9d132dc3c82c8edaf346c9b9a62 to remote] DEBUG org.apache.http.headers  - http-outgoing-41 << Content-Type:application/json; charset=utf-8
44245 [Forwarding sendKeysToElement on session 7177e9d132dc3c82c8edaf346c9b9a62 to remote] DEBUG org.apache.http.headers  - http-outgoing-41 << Connection:close
44245 [Forwarding sendKeysToElement on session 7177e9d132dc3c82c8edaf346c9b9a62 to remote] DEBUG org.apache.http.headers  - http-outgoing-41 << Connection:close
44245 [Forwarding sendKeysToElement on session 7177e9d132dc3c82c8edaf346c9b9a62 to remote] DEBUG org.apache.http.impl.conn.DefaultManagedHttpClientConnection  - http-outgoing-41: Close connection
44245 [Forwarding sendKeysToElement on session 7177e9d132dc3c82c8edaf346c9b9a62 to remote] DEBUG org.apache.http.impl.conn.DefaultManagedHttpClientConnection  - http-outgoing-41: Close connection
44246 [Forwarding sendKeysToElement on session 7177e9d132dc3c82c8edaf346c9b9a62 to remote] DEBUG org.apache.http.impl.execchain.MainClientExec  - Connection discarded
44246 [Forwarding sendKeysToElement on session 7177e9d132dc3c82c8edaf346c9b9a62 to remote] DEBUG org.apache.http.impl.execchain.MainClientExec  - Connection discarded
44246 [Forwarding sendKeysToElement on session 7177e9d132dc3c82c8edaf346c9b9a62 to remote] DEBUG org.apache.http.impl.conn.PoolingHttpClientConnectionManager  - Connection released: [id: 41][route: {}->http://localhost:19138][total kept alive: 0; route allocated: 0 of 2000; total allocated: 0 of 2000]
44246 [Forwarding sendKeysToElement on session 7177e9d132dc3c82c8edaf346c9b9a62 to remote] DEBUG org.apache.http.impl.conn.PoolingHttpClientConnectionManager  - Connection released: [id: 41][route: {}->http://localhost:19138][total kept alive: 0; route allocated: 0 of 2000; total allocated: 0 of 2000]
44247 [Forwarding findElement on session 7177e9d132dc3c82c8edaf346c9b9a62 to remote] DEBUG org.apache.http.client.protocol.RequestAddCookies  - CookieSpec selected: default
44247 [Forwarding findElement on session 7177e9d132dc3c82c8edaf346c9b9a62 to remote] DEBUG org.apache.http.client.protocol.RequestAddCookies  - CookieSpec selected: default
44247 [Forwarding findElement on session 7177e9d132dc3c82c8edaf346c9b9a62 to remote] DEBUG org.apache.http.client.protocol.RequestAuthCache  - Auth cache not set in the context
44247 [Forwarding findElement on session 7177e9d132dc3c82c8edaf346c9b9a62 to remote] DEBUG org.apache.http.client.protocol.RequestAuthCache  - Auth cache not set in the context
44247 [Forwarding findElement on session 7177e9d132dc3c82c8edaf346c9b9a62 to remote] DEBUG org.apache.http.impl.conn.PoolingHttpClientConnectionManager  - Connection request: [route: {}->http://localhost:19138][total kept alive: 0; route allocated: 0 of 2000; total allocated: 0 of 2000]
44247 [Forwarding findElement on session 7177e9d132dc3c82c8edaf346c9b9a62 to remote] DEBUG org.apache.http.impl.conn.PoolingHttpClientConnectionManager  - Connection request: [route: {}->http://localhost:19138][total kept alive: 0; route allocated: 0 of 2000; total allocated: 0 of 2000]
44248 [Forwarding findElement on session 7177e9d132dc3c82c8edaf346c9b9a62 to remote] DEBUG org.apache.http.impl.conn.PoolingHttpClientConnectionManager  - Connection leased: [id: 42][route: {}->http://localhost:19138][total kept alive: 0; route allocated: 1 of 2000; total allocated: 1 of 2000]
44248 [Forwarding findElement on session 7177e9d132dc3c82c8edaf346c9b9a62 to remote] DEBUG org.apache.http.impl.conn.PoolingHttpClientConnectionManager  - Connection leased: [id: 42][route: {}->http://localhost:19138][total kept alive: 0; route allocated: 1 of 2000; total allocated: 1 of 2000]
44248 [Forwarding findElement on session 7177e9d132dc3c82c8edaf346c9b9a62 to remote] DEBUG org.apache.http.impl.execchain.MainClientExec  - Opening connection {}->http://localhost:19138
44248 [Forwarding findElement on session 7177e9d132dc3c82c8edaf346c9b9a62 to remote] DEBUG org.apache.http.impl.execchain.MainClientExec  - Opening connection {}->http://localhost:19138
44248 [Forwarding findElement on session 7177e9d132dc3c82c8edaf346c9b9a62 to remote] DEBUG org.apache.http.impl.conn.DefaultHttpClientConnectionOperator  - Connecting to localhost/127.0.0.1:19138
44248 [Forwarding findElement on session 7177e9d132dc3c82c8edaf346c9b9a62 to remote] DEBUG org.apache.http.impl.conn.DefaultHttpClientConnectionOperator  - Connecting to localhost/127.0.0.1:19138
44249 [Forwarding findElement on session 7177e9d132dc3c82c8edaf346c9b9a62 to remote] DEBUG org.apache.http.impl.conn.DefaultHttpClientConnectionOperator  - Connection established 127.0.0.1:52877<->127.0.0.1:19138
44249 [Forwarding findElement on session 7177e9d132dc3c82c8edaf346c9b9a62 to remote] DEBUG org.apache.http.impl.conn.DefaultHttpClientConnectionOperator  - Connection established 127.0.0.1:52877<->127.0.0.1:19138
44250 [Forwarding findElement on session 7177e9d132dc3c82c8edaf346c9b9a62 to remote] DEBUG org.apache.http.impl.conn.DefaultManagedHttpClientConnection  - http-outgoing-42: set socket timeout to 10800000
44250 [Forwarding findElement on session 7177e9d132dc3c82c8edaf346c9b9a62 to remote] DEBUG org.apache.http.impl.conn.DefaultManagedHttpClientConnection  - http-outgoing-42: set socket timeout to 10800000
44250 [Forwarding findElement on session 7177e9d132dc3c82c8edaf346c9b9a62 to remote] DEBUG org.apache.http.impl.execchain.MainClientExec  - Executing request POST /session/7177e9d132dc3c82c8edaf346c9b9a62/element HTTP/1.1
44250 [Forwarding findElement on session 7177e9d132dc3c82c8edaf346c9b9a62 to remote] DEBUG org.apache.http.impl.execchain.MainClientExec  - Executing request POST /session/7177e9d132dc3c82c8edaf346c9b9a62/element HTTP/1.1
44250 [Forwarding findElement on session 7177e9d132dc3c82c8edaf346c9b9a62 to remote] DEBUG org.apache.http.impl.execchain.MainClientExec  - Target auth state: UNCHALLENGED
44250 [Forwarding findElement on session 7177e9d132dc3c82c8edaf346c9b9a62 to remote] DEBUG org.apache.http.impl.execchain.MainClientExec  - Target auth state: UNCHALLENGED
44250 [Forwarding findElement on session 7177e9d132dc3c82c8edaf346c9b9a62 to remote] DEBUG org.apache.http.impl.execchain.MainClientExec  - Proxy auth state: UNCHALLENGED
44250 [Forwarding findElement on session 7177e9d132dc3c82c8edaf346c9b9a62 to remote] DEBUG org.apache.http.impl.execchain.MainClientExec  - Proxy auth state: UNCHALLENGED
44250 [Forwarding findElement on session 7177e9d132dc3c82c8edaf346c9b9a62 to remote] DEBUG org.apache.http.headers  - http-outgoing-42 >> POST /session/7177e9d132dc3c82c8edaf346c9b9a62/element HTTP/1.1
44250 [Forwarding findElement on session 7177e9d132dc3c82c8edaf346c9b9a62 to remote] DEBUG org.apache.http.headers  - http-outgoing-42 >> POST /session/7177e9d132dc3c82c8edaf346c9b9a62/element HTTP/1.1
44250 [Forwarding findElement on session 7177e9d132dc3c82c8edaf346c9b9a62 to remote] DEBUG org.apache.http.headers  - http-outgoing-42 >> Content-Type: application/json; charset=utf-8
44250 [Forwarding findElement on session 7177e9d132dc3c82c8edaf346c9b9a62 to remote] DEBUG org.apache.http.headers  - http-outgoing-42 >> Content-Type: application/json; charset=utf-8
44250 [Forwarding findElement on session 7177e9d132dc3c82c8edaf346c9b9a62 to remote] DEBUG org.apache.http.headers  - http-outgoing-42 >> Content-Length: 44
44250 [Forwarding findElement on session 7177e9d132dc3c82c8edaf346c9b9a62 to remote] DEBUG org.apache.http.headers  - http-outgoing-42 >> Content-Length: 44
44250 [Forwarding findElement on session 7177e9d132dc3c82c8edaf346c9b9a62 to remote] DEBUG org.apache.http.headers  - http-outgoing-42 >> Host: localhost:19138
44250 [Forwarding findElement on session 7177e9d132dc3c82c8edaf346c9b9a62 to remote] DEBUG org.apache.http.headers  - http-outgoing-42 >> Host: localhost:19138
44250 [Forwarding findElement on session 7177e9d132dc3c82c8edaf346c9b9a62 to remote] DEBUG org.apache.http.headers  - http-outgoing-42 >> Connection: Keep-Alive
44250 [Forwarding findElement on session 7177e9d132dc3c82c8edaf346c9b9a62 to remote] DEBUG org.apache.http.headers  - http-outgoing-42 >> Connection: Keep-Alive
44250 [Forwarding findElement on session 7177e9d132dc3c82c8edaf346c9b9a62 to remote] DEBUG org.apache.http.headers  - http-outgoing-42 >> User-Agent: Apache-HttpClient/4.5.2 (Java/1.8.0_91)
44250 [Forwarding findElement on session 7177e9d132dc3c82c8edaf346c9b9a62 to remote] DEBUG org.apache.http.headers  - http-outgoing-42 >> User-Agent: Apache-HttpClient/4.5.2 (Java/1.8.0_91)
44250 [Forwarding findElement on session 7177e9d132dc3c82c8edaf346c9b9a62 to remote] DEBUG org.apache.http.headers  - http-outgoing-42 >> Accept-Encoding: gzip,deflate
44250 [Forwarding findElement on session 7177e9d132dc3c82c8edaf346c9b9a62 to remote] DEBUG org.apache.http.headers  - http-outgoing-42 >> Accept-Encoding: gzip,deflate
44250 [Forwarding findElement on session 7177e9d132dc3c82c8edaf346c9b9a62 to remote] DEBUG org.apache.http.wire  - http-outgoing-42 >> "POST /session/7177e9d132dc3c82c8edaf346c9b9a62/element HTTP/1.1[\r][\n]"
44250 [Forwarding findElement on session 7177e9d132dc3c82c8edaf346c9b9a62 to remote] DEBUG org.apache.http.wire  - http-outgoing-42 >> "POST /session/7177e9d132dc3c82c8edaf346c9b9a62/element HTTP/1.1[\r][\n]"
44250 [Forwarding findElement on session 7177e9d132dc3c82c8edaf346c9b9a62 to remote] DEBUG org.apache.http.wire  - http-outgoing-42 >> "Content-Type: application/json; charset=utf-8[\r][\n]"
44250 [Forwarding findElement on session 7177e9d132dc3c82c8edaf346c9b9a62 to remote] DEBUG org.apache.http.wire  - http-outgoing-42 >> "Content-Type: application/json; charset=utf-8[\r][\n]"
44250 [Forwarding findElement on session 7177e9d132dc3c82c8edaf346c9b9a62 to remote] DEBUG org.apache.http.wire  - http-outgoing-42 >> "Content-Length: 44[\r][\n]"
44250 [Forwarding findElement on session 7177e9d132dc3c82c8edaf346c9b9a62 to remote] DEBUG org.apache.http.wire  - http-outgoing-42 >> "Content-Length: 44[\r][\n]"
44250 [Forwarding findElement on session 7177e9d132dc3c82c8edaf346c9b9a62 to remote] DEBUG org.apache.http.wire  - http-outgoing-42 >> "Host: localhost:19138[\r][\n]"
44250 [Forwarding findElement on session 7177e9d132dc3c82c8edaf346c9b9a62 to remote] DEBUG org.apache.http.wire  - http-outgoing-42 >> "Host: localhost:19138[\r][\n]"
44251 [Forwarding findElement on session 7177e9d132dc3c82c8edaf346c9b9a62 to remote] DEBUG org.apache.http.wire  - http-outgoing-42 >> "Connection: Keep-Alive[\r][\n]"
44251 [Forwarding findElement on session 7177e9d132dc3c82c8edaf346c9b9a62 to remote] DEBUG org.apache.http.wire  - http-outgoing-42 >> "Connection: Keep-Alive[\r][\n]"
44251 [Forwarding findElement on session 7177e9d132dc3c82c8edaf346c9b9a62 to remote] DEBUG org.apache.http.wire  - http-outgoing-42 >> "User-Agent: Apache-HttpClient/4.5.2 (Java/1.8.0_91)[\r][\n]"
44251 [Forwarding findElement on session 7177e9d132dc3c82c8edaf346c9b9a62 to remote] DEBUG org.apache.http.wire  - http-outgoing-42 >> "User-Agent: Apache-HttpClient/4.5.2 (Java/1.8.0_91)[\r][\n]"
44251 [Forwarding findElement on session 7177e9d132dc3c82c8edaf346c9b9a62 to remote] DEBUG org.apache.http.wire  - http-outgoing-42 >> "Accept-Encoding: gzip,deflate[\r][\n]"
44251 [Forwarding findElement on session 7177e9d132dc3c82c8edaf346c9b9a62 to remote] DEBUG org.apache.http.wire  - http-outgoing-42 >> "Accept-Encoding: gzip,deflate[\r][\n]"
44251 [Forwarding findElement on session 7177e9d132dc3c82c8edaf346c9b9a62 to remote] DEBUG org.apache.http.wire  - http-outgoing-42 >> "[\r][\n]"
44251 [Forwarding findElement on session 7177e9d132dc3c82c8edaf346c9b9a62 to remote] DEBUG org.apache.http.wire  - http-outgoing-42 >> "[\r][\n]"
44251 [Forwarding findElement on session 7177e9d132dc3c82c8edaf346c9b9a62 to remote] DEBUG org.apache.http.wire  - http-outgoing-42 >> "{"using":"css selector","value":"#password"}"
44251 [Forwarding findElement on session 7177e9d132dc3c82c8edaf346c9b9a62 to remote] DEBUG org.apache.http.wire  - http-outgoing-42 >> "{"using":"css selector","value":"#password"}"
44274 [Forwarding findElement on session 7177e9d132dc3c82c8edaf346c9b9a62 to remote] DEBUG org.apache.http.wire  - http-outgoing-42 << "HTTP/1.1 200 OK[\r][\n]"
44274 [Forwarding findElement on session 7177e9d132dc3c82c8edaf346c9b9a62 to remote] DEBUG org.apache.http.wire  - http-outgoing-42 << "HTTP/1.1 200 OK[\r][\n]"
44274 [Forwarding findElement on session 7177e9d132dc3c82c8edaf346c9b9a62 to remote] DEBUG org.apache.http.wire  - http-outgoing-42 << "Content-Length:103[\r][\n]"
44274 [Forwarding findElement on session 7177e9d132dc3c82c8edaf346c9b9a62 to remote] DEBUG org.apache.http.wire  - http-outgoing-42 << "Content-Length:103[\r][\n]"
44274 [Forwarding findElement on session 7177e9d132dc3c82c8edaf346c9b9a62 to remote] DEBUG org.apache.http.wire  - http-outgoing-42 << "Content-Type:application/json; charset=utf-8[\r][\n]"
44274 [Forwarding findElement on session 7177e9d132dc3c82c8edaf346c9b9a62 to remote] DEBUG org.apache.http.wire  - http-outgoing-42 << "Content-Type:application/json; charset=utf-8[\r][\n]"
44274 [Forwarding findElement on session 7177e9d132dc3c82c8edaf346c9b9a62 to remote] DEBUG org.apache.http.wire  - http-outgoing-42 << "Connection:close[\r][\n]"
44274 [Forwarding findElement on session 7177e9d132dc3c82c8edaf346c9b9a62 to remote] DEBUG org.apache.http.wire  - http-outgoing-42 << "Connection:close[\r][\n]"
44274 [Forwarding findElement on session 7177e9d132dc3c82c8edaf346c9b9a62 to remote] DEBUG org.apache.http.wire  - http-outgoing-42 << "[\r][\n]"
44274 [Forwarding findElement on session 7177e9d132dc3c82c8edaf346c9b9a62 to remote] DEBUG org.apache.http.wire  - http-outgoing-42 << "[\r][\n]"
44274 [Forwarding findElement on session 7177e9d132dc3c82c8edaf346c9b9a62 to remote] DEBUG org.apache.http.wire  - http-outgoing-42 << "{"sessionId":"7177e9d132dc3c82c8edaf346c9b9a62","status":0,"value":{"ELEMENT":"0.14997847561473598-2"}}"
44274 [Forwarding findElement on session 7177e9d132dc3c82c8edaf346c9b9a62 to remote] DEBUG org.apache.http.wire  - http-outgoing-42 << "{"sessionId":"7177e9d132dc3c82c8edaf346c9b9a62","status":0,"value":{"ELEMENT":"0.14997847561473598-2"}}"
44274 [Forwarding findElement on session 7177e9d132dc3c82c8edaf346c9b9a62 to remote] DEBUG org.apache.http.headers  - http-outgoing-42 << HTTP/1.1 200 OK
44274 [Forwarding findElement on session 7177e9d132dc3c82c8edaf346c9b9a62 to remote] DEBUG org.apache.http.headers  - http-outgoing-42 << HTTP/1.1 200 OK
44274 [Forwarding findElement on session 7177e9d132dc3c82c8edaf346c9b9a62 to remote] DEBUG org.apache.http.headers  - http-outgoing-42 << Content-Length:103
44274 [Forwarding findElement on session 7177e9d132dc3c82c8edaf346c9b9a62 to remote] DEBUG org.apache.http.headers  - http-outgoing-42 << Content-Length:103
44274 [Forwarding findElement on session 7177e9d132dc3c82c8edaf346c9b9a62 to remote] DEBUG org.apache.http.headers  - http-outgoing-42 << Content-Type:application/json; charset=utf-8
44274 [Forwarding findElement on session 7177e9d132dc3c82c8edaf346c9b9a62 to remote] DEBUG org.apache.http.headers  - http-outgoing-42 << Content-Type:application/json; charset=utf-8
44274 [Forwarding findElement on session 7177e9d132dc3c82c8edaf346c9b9a62 to remote] DEBUG org.apache.http.headers  - http-outgoing-42 << Connection:close
44274 [Forwarding findElement on session 7177e9d132dc3c82c8edaf346c9b9a62 to remote] DEBUG org.apache.http.headers  - http-outgoing-42 << Connection:close
44274 [Forwarding findElement on session 7177e9d132dc3c82c8edaf346c9b9a62 to remote] DEBUG org.apache.http.impl.conn.DefaultManagedHttpClientConnection  - http-outgoing-42: Close connection
44274 [Forwarding findElement on session 7177e9d132dc3c82c8edaf346c9b9a62 to remote] DEBUG org.apache.http.impl.conn.DefaultManagedHttpClientConnection  - http-outgoing-42: Close connection
44275 [Forwarding findElement on session 7177e9d132dc3c82c8edaf346c9b9a62 to remote] DEBUG org.apache.http.impl.execchain.MainClientExec  - Connection discarded
44275 [Forwarding findElement on session 7177e9d132dc3c82c8edaf346c9b9a62 to remote] DEBUG org.apache.http.impl.execchain.MainClientExec  - Connection discarded
44275 [Forwarding findElement on session 7177e9d132dc3c82c8edaf346c9b9a62 to remote] DEBUG org.apache.http.impl.conn.PoolingHttpClientConnectionManager  - Connection released: [id: 42][route: {}->http://localhost:19138][total kept alive: 0; route allocated: 0 of 2000; total allocated: 0 of 2000]
44275 [Forwarding findElement on session 7177e9d132dc3c82c8edaf346c9b9a62 to remote] DEBUG org.apache.http.impl.conn.PoolingHttpClientConnectionManager  - Connection released: [id: 42][route: {}->http://localhost:19138][total kept alive: 0; route allocated: 0 of 2000; total allocated: 0 of 2000]
44276 [Forwarding sendKeysToElement on session 7177e9d132dc3c82c8edaf346c9b9a62 to remote] DEBUG org.apache.http.client.protocol.RequestAddCookies  - CookieSpec selected: default
44276 [Forwarding sendKeysToElement on session 7177e9d132dc3c82c8edaf346c9b9a62 to remote] DEBUG org.apache.http.client.protocol.RequestAddCookies  - CookieSpec selected: default
44276 [Forwarding sendKeysToElement on session 7177e9d132dc3c82c8edaf346c9b9a62 to remote] DEBUG org.apache.http.client.protocol.RequestAuthCache  - Auth cache not set in the context
44276 [Forwarding sendKeysToElement on session 7177e9d132dc3c82c8edaf346c9b9a62 to remote] DEBUG org.apache.http.client.protocol.RequestAuthCache  - Auth cache not set in the context
44276 [Forwarding sendKeysToElement on session 7177e9d132dc3c82c8edaf346c9b9a62 to remote] DEBUG org.apache.http.impl.conn.PoolingHttpClientConnectionManager  - Connection request: [route: {}->http://localhost:19138][total kept alive: 0; route allocated: 0 of 2000; total allocated: 0 of 2000]
44276 [Forwarding sendKeysToElement on session 7177e9d132dc3c82c8edaf346c9b9a62 to remote] DEBUG org.apache.http.impl.conn.PoolingHttpClientConnectionManager  - Connection request: [route: {}->http://localhost:19138][total kept alive: 0; route allocated: 0 of 2000; total allocated: 0 of 2000]
44276 [Forwarding sendKeysToElement on session 7177e9d132dc3c82c8edaf346c9b9a62 to remote] DEBUG org.apache.http.impl.conn.PoolingHttpClientConnectionManager  - Connection leased: [id: 43][route: {}->http://localhost:19138][total kept alive: 0; route allocated: 1 of 2000; total allocated: 1 of 2000]
44276 [Forwarding sendKeysToElement on session 7177e9d132dc3c82c8edaf346c9b9a62 to remote] DEBUG org.apache.http.impl.conn.PoolingHttpClientConnectionManager  - Connection leased: [id: 43][route: {}->http://localhost:19138][total kept alive: 0; route allocated: 1 of 2000; total allocated: 1 of 2000]
44276 [Forwarding sendKeysToElement on session 7177e9d132dc3c82c8edaf346c9b9a62 to remote] DEBUG org.apache.http.impl.execchain.MainClientExec  - Opening connection {}->http://localhost:19138
44276 [Forwarding sendKeysToElement on session 7177e9d132dc3c82c8edaf346c9b9a62 to remote] DEBUG org.apache.http.impl.execchain.MainClientExec  - Opening connection {}->http://localhost:19138
44277 [Forwarding sendKeysToElement on session 7177e9d132dc3c82c8edaf346c9b9a62 to remote] DEBUG org.apache.http.impl.conn.DefaultHttpClientConnectionOperator  - Connecting to localhost/127.0.0.1:19138
44277 [Forwarding sendKeysToElement on session 7177e9d132dc3c82c8edaf346c9b9a62 to remote] DEBUG org.apache.http.impl.conn.DefaultHttpClientConnectionOperator  - Connecting to localhost/127.0.0.1:19138
44277 [Forwarding sendKeysToElement on session 7177e9d132dc3c82c8edaf346c9b9a62 to remote] DEBUG org.apache.http.impl.conn.DefaultHttpClientConnectionOperator  - Connection established 127.0.0.1:52878<->127.0.0.1:19138
44277 [Forwarding sendKeysToElement on session 7177e9d132dc3c82c8edaf346c9b9a62 to remote] DEBUG org.apache.http.impl.conn.DefaultHttpClientConnectionOperator  - Connection established 127.0.0.1:52878<->127.0.0.1:19138
44277 [Forwarding sendKeysToElement on session 7177e9d132dc3c82c8edaf346c9b9a62 to remote] DEBUG org.apache.http.impl.conn.DefaultManagedHttpClientConnection  - http-outgoing-43: set socket timeout to 10800000
44277 [Forwarding sendKeysToElement on session 7177e9d132dc3c82c8edaf346c9b9a62 to remote] DEBUG org.apache.http.impl.conn.DefaultManagedHttpClientConnection  - http-outgoing-43: set socket timeout to 10800000
44277 [Forwarding sendKeysToElement on session 7177e9d132dc3c82c8edaf346c9b9a62 to remote] DEBUG org.apache.http.impl.execchain.MainClientExec  - Executing request POST /session/7177e9d132dc3c82c8edaf346c9b9a62/element/0.14997847561473598-2/value HTTP/1.1
44277 [Forwarding sendKeysToElement on session 7177e9d132dc3c82c8edaf346c9b9a62 to remote] DEBUG org.apache.http.impl.execchain.MainClientExec  - Executing request POST /session/7177e9d132dc3c82c8edaf346c9b9a62/element/0.14997847561473598-2/value HTTP/1.1
44277 [Forwarding sendKeysToElement on session 7177e9d132dc3c82c8edaf346c9b9a62 to remote] DEBUG org.apache.http.impl.execchain.MainClientExec  - Target auth state: UNCHALLENGED
44277 [Forwarding sendKeysToElement on session 7177e9d132dc3c82c8edaf346c9b9a62 to remote] DEBUG org.apache.http.impl.execchain.MainClientExec  - Target auth state: UNCHALLENGED
44277 [Forwarding sendKeysToElement on session 7177e9d132dc3c82c8edaf346c9b9a62 to remote] DEBUG org.apache.http.impl.execchain.MainClientExec  - Proxy auth state: UNCHALLENGED
44277 [Forwarding sendKeysToElement on session 7177e9d132dc3c82c8edaf346c9b9a62 to remote] DEBUG org.apache.http.impl.execchain.MainClientExec  - Proxy auth state: UNCHALLENGED
44277 [Forwarding sendKeysToElement on session 7177e9d132dc3c82c8edaf346c9b9a62 to remote] DEBUG org.apache.http.headers  - http-outgoing-43 >> POST /session/7177e9d132dc3c82c8edaf346c9b9a62/element/0.14997847561473598-2/value HTTP/1.1
44277 [Forwarding sendKeysToElement on session 7177e9d132dc3c82c8edaf346c9b9a62 to remote] DEBUG org.apache.http.headers  - http-outgoing-43 >> POST /session/7177e9d132dc3c82c8edaf346c9b9a62/element/0.14997847561473598-2/value HTTP/1.1
44278 [Forwarding sendKeysToElement on session 7177e9d132dc3c82c8edaf346c9b9a62 to remote] DEBUG org.apache.http.headers  - http-outgoing-43 >> Content-Type: application/json; charset=utf-8
44278 [Forwarding sendKeysToElement on session 7177e9d132dc3c82c8edaf346c9b9a62 to remote] DEBUG org.apache.http.headers  - http-outgoing-43 >> Content-Type: application/json; charset=utf-8
44278 [Forwarding sendKeysToElement on session 7177e9d132dc3c82c8edaf346c9b9a62 to remote] DEBUG org.apache.http.headers  - http-outgoing-43 >> Content-Length: 59
44278 [Forwarding sendKeysToElement on session 7177e9d132dc3c82c8edaf346c9b9a62 to remote] DEBUG org.apache.http.headers  - http-outgoing-43 >> Content-Length: 59
44278 [Forwarding sendKeysToElement on session 7177e9d132dc3c82c8edaf346c9b9a62 to remote] DEBUG org.apache.http.headers  - http-outgoing-43 >> Host: localhost:19138
44278 [Forwarding sendKeysToElement on session 7177e9d132dc3c82c8edaf346c9b9a62 to remote] DEBUG org.apache.http.headers  - http-outgoing-43 >> Host: localhost:19138
44278 [Forwarding sendKeysToElement on session 7177e9d132dc3c82c8edaf346c9b9a62 to remote] DEBUG org.apache.http.headers  - http-outgoing-43 >> Connection: Keep-Alive
44278 [Forwarding sendKeysToElement on session 7177e9d132dc3c82c8edaf346c9b9a62 to remote] DEBUG org.apache.http.headers  - http-outgoing-43 >> Connection: Keep-Alive
44278 [Forwarding sendKeysToElement on session 7177e9d132dc3c82c8edaf346c9b9a62 to remote] DEBUG org.apache.http.headers  - http-outgoing-43 >> User-Agent: Apache-HttpClient/4.5.2 (Java/1.8.0_91)
44278 [Forwarding sendKeysToElement on session 7177e9d132dc3c82c8edaf346c9b9a62 to remote] DEBUG org.apache.http.headers  - http-outgoing-43 >> User-Agent: Apache-HttpClient/4.5.2 (Java/1.8.0_91)
44278 [Forwarding sendKeysToElement on session 7177e9d132dc3c82c8edaf346c9b9a62 to remote] DEBUG org.apache.http.headers  - http-outgoing-43 >> Accept-Encoding: gzip,deflate
44278 [Forwarding sendKeysToElement on session 7177e9d132dc3c82c8edaf346c9b9a62 to remote] DEBUG org.apache.http.headers  - http-outgoing-43 >> Accept-Encoding: gzip,deflate
44278 [Forwarding sendKeysToElement on session 7177e9d132dc3c82c8edaf346c9b9a62 to remote] DEBUG org.apache.http.wire  - http-outgoing-43 >> "POST /session/7177e9d132dc3c82c8edaf346c9b9a62/element/0.14997847561473598-2/value HTTP/1.1[\r][\n]"
44278 [Forwarding sendKeysToElement on session 7177e9d132dc3c82c8edaf346c9b9a62 to remote] DEBUG org.apache.http.wire  - http-outgoing-43 >> "POST /session/7177e9d132dc3c82c8edaf346c9b9a62/element/0.14997847561473598-2/value HTTP/1.1[\r][\n]"
44278 [Forwarding sendKeysToElement on session 7177e9d132dc3c82c8edaf346c9b9a62 to remote] DEBUG org.apache.http.wire  - http-outgoing-43 >> "Content-Type: application/json; charset=utf-8[\r][\n]"
44278 [Forwarding sendKeysToElement on session 7177e9d132dc3c82c8edaf346c9b9a62 to remote] DEBUG org.apache.http.wire  - http-outgoing-43 >> "Content-Type: application/json; charset=utf-8[\r][\n]"
44278 [Forwarding sendKeysToElement on session 7177e9d132dc3c82c8edaf346c9b9a62 to remote] DEBUG org.apache.http.wire  - http-outgoing-43 >> "Content-Length: 59[\r][\n]"
44278 [Forwarding sendKeysToElement on session 7177e9d132dc3c82c8edaf346c9b9a62 to remote] DEBUG org.apache.http.wire  - http-outgoing-43 >> "Content-Length: 59[\r][\n]"
44278 [Forwarding sendKeysToElement on session 7177e9d132dc3c82c8edaf346c9b9a62 to remote] DEBUG org.apache.http.wire  - http-outgoing-43 >> "Host: localhost:19138[\r][\n]"
44278 [Forwarding sendKeysToElement on session 7177e9d132dc3c82c8edaf346c9b9a62 to remote] DEBUG org.apache.http.wire  - http-outgoing-43 >> "Host: localhost:19138[\r][\n]"
44278 [Forwarding sendKeysToElement on session 7177e9d132dc3c82c8edaf346c9b9a62 to remote] DEBUG org.apache.http.wire  - http-outgoing-43 >> "Connection: Keep-Alive[\r][\n]"
44278 [Forwarding sendKeysToElement on session 7177e9d132dc3c82c8edaf346c9b9a62 to remote] DEBUG org.apache.http.wire  - http-outgoing-43 >> "Connection: Keep-Alive[\r][\n]"
44278 [Forwarding sendKeysToElement on session 7177e9d132dc3c82c8edaf346c9b9a62 to remote] DEBUG org.apache.http.wire  - http-outgoing-43 >> "User-Agent: Apache-HttpClient/4.5.2 (Java/1.8.0_91)[\r][\n]"
44278 [Forwarding sendKeysToElement on session 7177e9d132dc3c82c8edaf346c9b9a62 to remote] DEBUG org.apache.http.wire  - http-outgoing-43 >> "User-Agent: Apache-HttpClient/4.5.2 (Java/1.8.0_91)[\r][\n]"
44278 [Forwarding sendKeysToElement on session 7177e9d132dc3c82c8edaf346c9b9a62 to remote] DEBUG org.apache.http.wire  - http-outgoing-43 >> "Accept-Encoding: gzip,deflate[\r][\n]"
44278 [Forwarding sendKeysToElement on session 7177e9d132dc3c82c8edaf346c9b9a62 to remote] DEBUG org.apache.http.wire  - http-outgoing-43 >> "Accept-Encoding: gzip,deflate[\r][\n]"
44278 [Forwarding sendKeysToElement on session 7177e9d132dc3c82c8edaf346c9b9a62 to remote] DEBUG org.apache.http.wire  - http-outgoing-43 >> "[\r][\n]"
44278 [Forwarding sendKeysToElement on session 7177e9d132dc3c82c8edaf346c9b9a62 to remote] DEBUG org.apache.http.wire  - http-outgoing-43 >> "[\r][\n]"
44278 [Forwarding sendKeysToElement on session 7177e9d132dc3c82c8edaf346c9b9a62 to remote] DEBUG org.apache.http.wire  - http-outgoing-43 >> "{"id":"0.14997847561473598-2","value":["automation","[0xee][0x80][0x87]"]}"
44278 [Forwarding sendKeysToElement on session 7177e9d132dc3c82c8edaf346c9b9a62 to remote] DEBUG org.apache.http.wire  - http-outgoing-43 >> "{"id":"0.14997847561473598-2","value":["automation","[0xee][0x80][0x87]"]}"
44379 [Forwarding sendKeysToElement on session 7177e9d132dc3c82c8edaf346c9b9a62 to remote] DEBUG org.apache.http.wire  - http-outgoing-43 << "HTTP/1.1 200 OK[\r][\n]"
44379 [Forwarding sendKeysToElement on session 7177e9d132dc3c82c8edaf346c9b9a62 to remote] DEBUG org.apache.http.wire  - http-outgoing-43 << "HTTP/1.1 200 OK[\r][\n]"
44379 [Forwarding sendKeysToElement on session 7177e9d132dc3c82c8edaf346c9b9a62 to remote] DEBUG org.apache.http.wire  - http-outgoing-43 << "Content-Length:72[\r][\n]"
44379 [Forwarding sendKeysToElement on session 7177e9d132dc3c82c8edaf346c9b9a62 to remote] DEBUG org.apache.http.wire  - http-outgoing-43 << "Content-Length:72[\r][\n]"
44379 [Forwarding sendKeysToElement on session 7177e9d132dc3c82c8edaf346c9b9a62 to remote] DEBUG org.apache.http.wire  - http-outgoing-43 << "Content-Type:application/json; charset=utf-8[\r][\n]"
44379 [Forwarding sendKeysToElement on session 7177e9d132dc3c82c8edaf346c9b9a62 to remote] DEBUG org.apache.http.wire  - http-outgoing-43 << "Content-Type:application/json; charset=utf-8[\r][\n]"
44379 [Forwarding sendKeysToElement on session 7177e9d132dc3c82c8edaf346c9b9a62 to remote] DEBUG org.apache.http.wire  - http-outgoing-43 << "Connection:close[\r][\n]"
44379 [Forwarding sendKeysToElement on session 7177e9d132dc3c82c8edaf346c9b9a62 to remote] DEBUG org.apache.http.wire  - http-outgoing-43 << "Connection:close[\r][\n]"
44379 [Forwarding sendKeysToElement on session 7177e9d132dc3c82c8edaf346c9b9a62 to remote] DEBUG org.apache.http.wire  - http-outgoing-43 << "[\r][\n]"
44379 [Forwarding sendKeysToElement on session 7177e9d132dc3c82c8edaf346c9b9a62 to remote] DEBUG org.apache.http.wire  - http-outgoing-43 << "[\r][\n]"
44379 [Forwarding sendKeysToElement on session 7177e9d132dc3c82c8edaf346c9b9a62 to remote] DEBUG org.apache.http.wire  - http-outgoing-43 << "{"sessionId":"7177e9d132dc3c82c8edaf346c9b9a62","status":0,"value":null}"
44379 [Forwarding sendKeysToElement on session 7177e9d132dc3c82c8edaf346c9b9a62 to remote] DEBUG org.apache.http.wire  - http-outgoing-43 << "{"sessionId":"7177e9d132dc3c82c8edaf346c9b9a62","status":0,"value":null}"
44379 [Forwarding sendKeysToElement on session 7177e9d132dc3c82c8edaf346c9b9a62 to remote] DEBUG org.apache.http.headers  - http-outgoing-43 << HTTP/1.1 200 OK
44379 [Forwarding sendKeysToElement on session 7177e9d132dc3c82c8edaf346c9b9a62 to remote] DEBUG org.apache.http.headers  - http-outgoing-43 << HTTP/1.1 200 OK
44379 [Forwarding sendKeysToElement on session 7177e9d132dc3c82c8edaf346c9b9a62 to remote] DEBUG org.apache.http.headers  - http-outgoing-43 << Content-Length:72
44379 [Forwarding sendKeysToElement on session 7177e9d132dc3c82c8edaf346c9b9a62 to remote] DEBUG org.apache.http.headers  - http-outgoing-43 << Content-Length:72
44379 [Forwarding sendKeysToElement on session 7177e9d132dc3c82c8edaf346c9b9a62 to remote] DEBUG org.apache.http.headers  - http-outgoing-43 << Content-Type:application/json; charset=utf-8
44379 [Forwarding sendKeysToElement on session 7177e9d132dc3c82c8edaf346c9b9a62 to remote] DEBUG org.apache.http.headers  - http-outgoing-43 << Content-Type:application/json; charset=utf-8
44379 [Forwarding sendKeysToElement on session 7177e9d132dc3c82c8edaf346c9b9a62 to remote] DEBUG org.apache.http.headers  - http-outgoing-43 << Connection:close
44379 [Forwarding sendKeysToElement on session 7177e9d132dc3c82c8edaf346c9b9a62 to remote] DEBUG org.apache.http.headers  - http-outgoing-43 << Connection:close
44380 [Forwarding sendKeysToElement on session 7177e9d132dc3c82c8edaf346c9b9a62 to remote] DEBUG org.apache.http.impl.conn.DefaultManagedHttpClientConnection  - http-outgoing-43: Close connection
44380 [Forwarding sendKeysToElement on session 7177e9d132dc3c82c8edaf346c9b9a62 to remote] DEBUG org.apache.http.impl.conn.DefaultManagedHttpClientConnection  - http-outgoing-43: Close connection
44380 [Forwarding sendKeysToElement on session 7177e9d132dc3c82c8edaf346c9b9a62 to remote] DEBUG org.apache.http.impl.execchain.MainClientExec  - Connection discarded
44380 [Forwarding sendKeysToElement on session 7177e9d132dc3c82c8edaf346c9b9a62 to remote] DEBUG org.apache.http.impl.execchain.MainClientExec  - Connection discarded
44380 [Forwarding sendKeysToElement on session 7177e9d132dc3c82c8edaf346c9b9a62 to remote] DEBUG org.apache.http.impl.conn.PoolingHttpClientConnectionManager  - Connection released: [id: 43][route: {}->http://localhost:19138][total kept alive: 0; route allocated: 0 of 2000; total allocated: 0 of 2000]
44380 [Forwarding sendKeysToElement on session 7177e9d132dc3c82c8edaf346c9b9a62 to remote] DEBUG org.apache.http.impl.conn.PoolingHttpClientConnectionManager  - Connection released: [id: 43][route: {}->http://localhost:19138][total kept alive: 0; route allocated: 0 of 2000; total allocated: 0 of 2000]
44382 [Forwarding findElement on session 7177e9d132dc3c82c8edaf346c9b9a62 to remote] DEBUG org.apache.http.client.protocol.RequestAddCookies  - CookieSpec selected: default
44382 [Forwarding findElement on session 7177e9d132dc3c82c8edaf346c9b9a62 to remote] DEBUG org.apache.http.client.protocol.RequestAddCookies  - CookieSpec selected: default
44382 [Forwarding findElement on session 7177e9d132dc3c82c8edaf346c9b9a62 to remote] DEBUG org.apache.http.client.protocol.RequestAuthCache  - Auth cache not set in the context
44382 [Forwarding findElement on session 7177e9d132dc3c82c8edaf346c9b9a62 to remote] DEBUG org.apache.http.client.protocol.RequestAuthCache  - Auth cache not set in the context
44382 [Forwarding findElement on session 7177e9d132dc3c82c8edaf346c9b9a62 to remote] DEBUG org.apache.http.impl.conn.PoolingHttpClientConnectionManager  - Connection request: [route: {}->http://localhost:19138][total kept alive: 0; route allocated: 0 of 2000; total allocated: 0 of 2000]
44382 [Forwarding findElement on session 7177e9d132dc3c82c8edaf346c9b9a62 to remote] DEBUG org.apache.http.impl.conn.PoolingHttpClientConnectionManager  - Connection request: [route: {}->http://localhost:19138][total kept alive: 0; route allocated: 0 of 2000; total allocated: 0 of 2000]
44382 [Forwarding findElement on session 7177e9d132dc3c82c8edaf346c9b9a62 to remote] DEBUG org.apache.http.impl.conn.PoolingHttpClientConnectionManager  - Connection leased: [id: 44][route: {}->http://localhost:19138][total kept alive: 0; route allocated: 1 of 2000; total allocated: 1 of 2000]
44382 [Forwarding findElement on session 7177e9d132dc3c82c8edaf346c9b9a62 to remote] DEBUG org.apache.http.impl.conn.PoolingHttpClientConnectionManager  - Connection leased: [id: 44][route: {}->http://localhost:19138][total kept alive: 0; route allocated: 1 of 2000; total allocated: 1 of 2000]
44382 [Forwarding findElement on session 7177e9d132dc3c82c8edaf346c9b9a62 to remote] DEBUG org.apache.http.impl.execchain.MainClientExec  - Opening connection {}->http://localhost:19138
44382 [Forwarding findElement on session 7177e9d132dc3c82c8edaf346c9b9a62 to remote] DEBUG org.apache.http.impl.execchain.MainClientExec  - Opening connection {}->http://localhost:19138
44383 [Forwarding findElement on session 7177e9d132dc3c82c8edaf346c9b9a62 to remote] DEBUG org.apache.http.impl.conn.DefaultHttpClientConnectionOperator  - Connecting to localhost/127.0.0.1:19138
44383 [Forwarding findElement on session 7177e9d132dc3c82c8edaf346c9b9a62 to remote] DEBUG org.apache.http.impl.conn.DefaultHttpClientConnectionOperator  - Connecting to localhost/127.0.0.1:19138
44385 [Forwarding findElement on session 7177e9d132dc3c82c8edaf346c9b9a62 to remote] DEBUG org.apache.http.impl.conn.DefaultHttpClientConnectionOperator  - Connection established 127.0.0.1:52880<->127.0.0.1:19138
44385 [Forwarding findElement on session 7177e9d132dc3c82c8edaf346c9b9a62 to remote] DEBUG org.apache.http.impl.conn.DefaultHttpClientConnectionOperator  - Connection established 127.0.0.1:52880<->127.0.0.1:19138
44385 [Forwarding findElement on session 7177e9d132dc3c82c8edaf346c9b9a62 to remote] DEBUG org.apache.http.impl.conn.DefaultManagedHttpClientConnection  - http-outgoing-44: set socket timeout to 10800000
44385 [Forwarding findElement on session 7177e9d132dc3c82c8edaf346c9b9a62 to remote] DEBUG org.apache.http.impl.conn.DefaultManagedHttpClientConnection  - http-outgoing-44: set socket timeout to 10800000
44385 [Forwarding findElement on session 7177e9d132dc3c82c8edaf346c9b9a62 to remote] DEBUG org.apache.http.impl.execchain.MainClientExec  - Executing request POST /session/7177e9d132dc3c82c8edaf346c9b9a62/element HTTP/1.1
44385 [Forwarding findElement on session 7177e9d132dc3c82c8edaf346c9b9a62 to remote] DEBUG org.apache.http.impl.execchain.MainClientExec  - Executing request POST /session/7177e9d132dc3c82c8edaf346c9b9a62/element HTTP/1.1
44385 [Forwarding findElement on session 7177e9d132dc3c82c8edaf346c9b9a62 to remote] DEBUG org.apache.http.impl.execchain.MainClientExec  - Target auth state: UNCHALLENGED
44385 [Forwarding findElement on session 7177e9d132dc3c82c8edaf346c9b9a62 to remote] DEBUG org.apache.http.impl.execchain.MainClientExec  - Target auth state: UNCHALLENGED
44385 [Forwarding findElement on session 7177e9d132dc3c82c8edaf346c9b9a62 to remote] DEBUG org.apache.http.impl.execchain.MainClientExec  - Proxy auth state: UNCHALLENGED
44385 [Forwarding findElement on session 7177e9d132dc3c82c8edaf346c9b9a62 to remote] DEBUG org.apache.http.impl.execchain.MainClientExec  - Proxy auth state: UNCHALLENGED
44385 [Forwarding findElement on session 7177e9d132dc3c82c8edaf346c9b9a62 to remote] DEBUG org.apache.http.headers  - http-outgoing-44 >> POST /session/7177e9d132dc3c82c8edaf346c9b9a62/element HTTP/1.1
44385 [Forwarding findElement on session 7177e9d132dc3c82c8edaf346c9b9a62 to remote] DEBUG org.apache.http.headers  - http-outgoing-44 >> POST /session/7177e9d132dc3c82c8edaf346c9b9a62/element HTTP/1.1
44385 [Forwarding findElement on session 7177e9d132dc3c82c8edaf346c9b9a62 to remote] DEBUG org.apache.http.headers  - http-outgoing-44 >> Content-Type: application/json; charset=utf-8
44385 [Forwarding findElement on session 7177e9d132dc3c82c8edaf346c9b9a62 to remote] DEBUG org.apache.http.headers  - http-outgoing-44 >> Content-Type: application/json; charset=utf-8
44385 [Forwarding findElement on session 7177e9d132dc3c82c8edaf346c9b9a62 to remote] DEBUG org.apache.http.headers  - http-outgoing-44 >> Content-Length: 47
44385 [Forwarding findElement on session 7177e9d132dc3c82c8edaf346c9b9a62 to remote] DEBUG org.apache.http.headers  - http-outgoing-44 >> Content-Length: 47
44385 [Forwarding findElement on session 7177e9d132dc3c82c8edaf346c9b9a62 to remote] DEBUG org.apache.http.headers  - http-outgoing-44 >> Host: localhost:19138
44385 [Forwarding findElement on session 7177e9d132dc3c82c8edaf346c9b9a62 to remote] DEBUG org.apache.http.headers  - http-outgoing-44 >> Host: localhost:19138
44385 [Forwarding findElement on session 7177e9d132dc3c82c8edaf346c9b9a62 to remote] DEBUG org.apache.http.headers  - http-outgoing-44 >> Connection: Keep-Alive
44385 [Forwarding findElement on session 7177e9d132dc3c82c8edaf346c9b9a62 to remote] DEBUG org.apache.http.headers  - http-outgoing-44 >> Connection: Keep-Alive
44385 [Forwarding findElement on session 7177e9d132dc3c82c8edaf346c9b9a62 to remote] DEBUG org.apache.http.headers  - http-outgoing-44 >> User-Agent: Apache-HttpClient/4.5.2 (Java/1.8.0_91)
44385 [Forwarding findElement on session 7177e9d132dc3c82c8edaf346c9b9a62 to remote] DEBUG org.apache.http.headers  - http-outgoing-44 >> User-Agent: Apache-HttpClient/4.5.2 (Java/1.8.0_91)
44385 [Forwarding findElement on session 7177e9d132dc3c82c8edaf346c9b9a62 to remote] DEBUG org.apache.http.headers  - http-outgoing-44 >> Accept-Encoding: gzip,deflate
44385 [Forwarding findElement on session 7177e9d132dc3c82c8edaf346c9b9a62 to remote] DEBUG org.apache.http.headers  - http-outgoing-44 >> Accept-Encoding: gzip,deflate
44386 [Forwarding findElement on session 7177e9d132dc3c82c8edaf346c9b9a62 to remote] DEBUG org.apache.http.wire  - http-outgoing-44 >> "POST /session/7177e9d132dc3c82c8edaf346c9b9a62/element HTTP/1.1[\r][\n]"
44386 [Forwarding findElement on session 7177e9d132dc3c82c8edaf346c9b9a62 to remote] DEBUG org.apache.http.wire  - http-outgoing-44 >> "POST /session/7177e9d132dc3c82c8edaf346c9b9a62/element HTTP/1.1[\r][\n]"
44386 [Forwarding findElement on session 7177e9d132dc3c82c8edaf346c9b9a62 to remote] DEBUG org.apache.http.wire  - http-outgoing-44 >> "Content-Type: application/json; charset=utf-8[\r][\n]"
44386 [Forwarding findElement on session 7177e9d132dc3c82c8edaf346c9b9a62 to remote] DEBUG org.apache.http.wire  - http-outgoing-44 >> "Content-Type: application/json; charset=utf-8[\r][\n]"
44386 [Forwarding findElement on session 7177e9d132dc3c82c8edaf346c9b9a62 to remote] DEBUG org.apache.http.wire  - http-outgoing-44 >> "Content-Length: 47[\r][\n]"
44386 [Forwarding findElement on session 7177e9d132dc3c82c8edaf346c9b9a62 to remote] DEBUG org.apache.http.wire  - http-outgoing-44 >> "Content-Length: 47[\r][\n]"
44386 [Forwarding findElement on session 7177e9d132dc3c82c8edaf346c9b9a62 to remote] DEBUG org.apache.http.wire  - http-outgoing-44 >> "Host: localhost:19138[\r][\n]"
44386 [Forwarding findElement on session 7177e9d132dc3c82c8edaf346c9b9a62 to remote] DEBUG org.apache.http.wire  - http-outgoing-44 >> "Host: localhost:19138[\r][\n]"
44386 [Forwarding findElement on session 7177e9d132dc3c82c8edaf346c9b9a62 to remote] DEBUG org.apache.http.wire  - http-outgoing-44 >> "Connection: Keep-Alive[\r][\n]"
44386 [Forwarding findElement on session 7177e9d132dc3c82c8edaf346c9b9a62 to remote] DEBUG org.apache.http.wire  - http-outgoing-44 >> "Connection: Keep-Alive[\r][\n]"
44386 [Forwarding findElement on session 7177e9d132dc3c82c8edaf346c9b9a62 to remote] DEBUG org.apache.http.wire  - http-outgoing-44 >> "User-Agent: Apache-HttpClient/4.5.2 (Java/1.8.0_91)[\r][\n]"
44386 [Forwarding findElement on session 7177e9d132dc3c82c8edaf346c9b9a62 to remote] DEBUG org.apache.http.wire  - http-outgoing-44 >> "User-Agent: Apache-HttpClient/4.5.2 (Java/1.8.0_91)[\r][\n]"
44386 [Forwarding findElement on session 7177e9d132dc3c82c8edaf346c9b9a62 to remote] DEBUG org.apache.http.wire  - http-outgoing-44 >> "Accept-Encoding: gzip,deflate[\r][\n]"
44386 [Forwarding findElement on session 7177e9d132dc3c82c8edaf346c9b9a62 to remote] DEBUG org.apache.http.wire  - http-outgoing-44 >> "Accept-Encoding: gzip,deflate[\r][\n]"
44386 [Forwarding findElement on session 7177e9d132dc3c82c8edaf346c9b9a62 to remote] DEBUG org.apache.http.wire  - http-outgoing-44 >> "[\r][\n]"
44386 [Forwarding findElement on session 7177e9d132dc3c82c8edaf346c9b9a62 to remote] DEBUG org.apache.http.wire  - http-outgoing-44 >> "[\r][\n]"
44386 [Forwarding findElement on session 7177e9d132dc3c82c8edaf346c9b9a62 to remote] DEBUG org.apache.http.wire  - http-outgoing-44 >> "{"using":"css selector","value":"#ifixit-logo"}"
44386 [Forwarding findElement on session 7177e9d132dc3c82c8edaf346c9b9a62 to remote] DEBUG org.apache.http.wire  - http-outgoing-44 >> "{"using":"css selector","value":"#ifixit-logo"}"
44422 [Forwarding findElement on session 7177e9d132dc3c82c8edaf346c9b9a62 to remote] DEBUG org.apache.http.wire  - http-outgoing-44 << "HTTP/1.1 200 OK[\r][\n]"
44422 [Forwarding findElement on session 7177e9d132dc3c82c8edaf346c9b9a62 to remote] DEBUG org.apache.http.wire  - http-outgoing-44 << "HTTP/1.1 200 OK[\r][\n]"
44422 [Forwarding findElement on session 7177e9d132dc3c82c8edaf346c9b9a62 to remote] DEBUG org.apache.http.wire  - http-outgoing-44 << "Content-Length:103[\r][\n]"
44422 [Forwarding findElement on session 7177e9d132dc3c82c8edaf346c9b9a62 to remote] DEBUG org.apache.http.wire  - http-outgoing-44 << "Content-Length:103[\r][\n]"
44422 [Forwarding findElement on session 7177e9d132dc3c82c8edaf346c9b9a62 to remote] DEBUG org.apache.http.wire  - http-outgoing-44 << "Content-Type:application/json; charset=utf-8[\r][\n]"
44422 [Forwarding findElement on session 7177e9d132dc3c82c8edaf346c9b9a62 to remote] DEBUG org.apache.http.wire  - http-outgoing-44 << "Content-Type:application/json; charset=utf-8[\r][\n]"
44422 [Forwarding findElement on session 7177e9d132dc3c82c8edaf346c9b9a62 to remote] DEBUG org.apache.http.wire  - http-outgoing-44 << "Connection:close[\r][\n]"
44422 [Forwarding findElement on session 7177e9d132dc3c82c8edaf346c9b9a62 to remote] DEBUG org.apache.http.wire  - http-outgoing-44 << "Connection:close[\r][\n]"
44422 [Forwarding findElement on session 7177e9d132dc3c82c8edaf346c9b9a62 to remote] DEBUG org.apache.http.wire  - http-outgoing-44 << "[\r][\n]"
44422 [Forwarding findElement on session 7177e9d132dc3c82c8edaf346c9b9a62 to remote] DEBUG org.apache.http.wire  - http-outgoing-44 << "[\r][\n]"
44422 [Forwarding findElement on session 7177e9d132dc3c82c8edaf346c9b9a62 to remote] DEBUG org.apache.http.wire  - http-outgoing-44 << "{"sessionId":"7177e9d132dc3c82c8edaf346c9b9a62","status":0,"value":{"ELEMENT":"0.14997847561473598-3"}}"
44422 [Forwarding findElement on session 7177e9d132dc3c82c8edaf346c9b9a62 to remote] DEBUG org.apache.http.wire  - http-outgoing-44 << "{"sessionId":"7177e9d132dc3c82c8edaf346c9b9a62","status":0,"value":{"ELEMENT":"0.14997847561473598-3"}}"
44422 [Forwarding findElement on session 7177e9d132dc3c82c8edaf346c9b9a62 to remote] DEBUG org.apache.http.headers  - http-outgoing-44 << HTTP/1.1 200 OK
44422 [Forwarding findElement on session 7177e9d132dc3c82c8edaf346c9b9a62 to remote] DEBUG org.apache.http.headers  - http-outgoing-44 << HTTP/1.1 200 OK
44422 [Forwarding findElement on session 7177e9d132dc3c82c8edaf346c9b9a62 to remote] DEBUG org.apache.http.headers  - http-outgoing-44 << Content-Length:103
44422 [Forwarding findElement on session 7177e9d132dc3c82c8edaf346c9b9a62 to remote] DEBUG org.apache.http.headers  - http-outgoing-44 << Content-Length:103
44422 [Forwarding findElement on session 7177e9d132dc3c82c8edaf346c9b9a62 to remote] DEBUG org.apache.http.headers  - http-outgoing-44 << Content-Type:application/json; charset=utf-8
44422 [Forwarding findElement on session 7177e9d132dc3c82c8edaf346c9b9a62 to remote] DEBUG org.apache.http.headers  - http-outgoing-44 << Content-Type:application/json; charset=utf-8
44423 [Forwarding findElement on session 7177e9d132dc3c82c8edaf346c9b9a62 to remote] DEBUG org.apache.http.headers  - http-outgoing-44 << Connection:close
44423 [Forwarding findElement on session 7177e9d132dc3c82c8edaf346c9b9a62 to remote] DEBUG org.apache.http.headers  - http-outgoing-44 << Connection:close
44423 [Forwarding findElement on session 7177e9d132dc3c82c8edaf346c9b9a62 to remote] DEBUG org.apache.http.impl.conn.DefaultManagedHttpClientConnection  - http-outgoing-44: Close connection
44423 [Forwarding findElement on session 7177e9d132dc3c82c8edaf346c9b9a62 to remote] DEBUG org.apache.http.impl.conn.DefaultManagedHttpClientConnection  - http-outgoing-44: Close connection
44423 [Forwarding findElement on session 7177e9d132dc3c82c8edaf346c9b9a62 to remote] DEBUG org.apache.http.impl.execchain.MainClientExec  - Connection discarded
44423 [Forwarding findElement on session 7177e9d132dc3c82c8edaf346c9b9a62 to remote] DEBUG org.apache.http.impl.execchain.MainClientExec  - Connection discarded
44423 [Forwarding findElement on session 7177e9d132dc3c82c8edaf346c9b9a62 to remote] DEBUG org.apache.http.impl.conn.PoolingHttpClientConnectionManager  - Connection released: [id: 44][route: {}->http://localhost:19138][total kept alive: 0; route allocated: 0 of 2000; total allocated: 0 of 2000]
44423 [Forwarding findElement on session 7177e9d132dc3c82c8edaf346c9b9a62 to remote] DEBUG org.apache.http.impl.conn.PoolingHttpClientConnectionManager  - Connection released: [id: 44][route: {}->http://localhost:19138][total kept alive: 0; route allocated: 0 of 2000; total allocated: 0 of 2000]
44425 [Forwarding isElementDisplayed on session 7177e9d132dc3c82c8edaf346c9b9a62 to remote] DEBUG org.apache.http.client.protocol.RequestAddCookies  - CookieSpec selected: default
44425 [Forwarding isElementDisplayed on session 7177e9d132dc3c82c8edaf346c9b9a62 to remote] DEBUG org.apache.http.client.protocol.RequestAddCookies  - CookieSpec selected: default
44425 [Forwarding isElementDisplayed on session 7177e9d132dc3c82c8edaf346c9b9a62 to remote] DEBUG org.apache.http.client.protocol.RequestAuthCache  - Auth cache not set in the context
44425 [Forwarding isElementDisplayed on session 7177e9d132dc3c82c8edaf346c9b9a62 to remote] DEBUG org.apache.http.client.protocol.RequestAuthCache  - Auth cache not set in the context
44425 [Forwarding isElementDisplayed on session 7177e9d132dc3c82c8edaf346c9b9a62 to remote] DEBUG org.apache.http.impl.conn.PoolingHttpClientConnectionManager  - Connection request: [route: {}->http://localhost:19138][total kept alive: 0; route allocated: 0 of 2000; total allocated: 0 of 2000]
44425 [Forwarding isElementDisplayed on session 7177e9d132dc3c82c8edaf346c9b9a62 to remote] DEBUG org.apache.http.impl.conn.PoolingHttpClientConnectionManager  - Connection request: [route: {}->http://localhost:19138][total kept alive: 0; route allocated: 0 of 2000; total allocated: 0 of 2000]
44426 [Forwarding isElementDisplayed on session 7177e9d132dc3c82c8edaf346c9b9a62 to remote] DEBUG org.apache.http.impl.conn.PoolingHttpClientConnectionManager  - Connection leased: [id: 45][route: {}->http://localhost:19138][total kept alive: 0; route allocated: 1 of 2000; total allocated: 1 of 2000]
44426 [Forwarding isElementDisplayed on session 7177e9d132dc3c82c8edaf346c9b9a62 to remote] DEBUG org.apache.http.impl.conn.PoolingHttpClientConnectionManager  - Connection leased: [id: 45][route: {}->http://localhost:19138][total kept alive: 0; route allocated: 1 of 2000; total allocated: 1 of 2000]
44426 [Forwarding isElementDisplayed on session 7177e9d132dc3c82c8edaf346c9b9a62 to remote] DEBUG org.apache.http.impl.execchain.MainClientExec  - Opening connection {}->http://localhost:19138
44426 [Forwarding isElementDisplayed on session 7177e9d132dc3c82c8edaf346c9b9a62 to remote] DEBUG org.apache.http.impl.execchain.MainClientExec  - Opening connection {}->http://localhost:19138
44426 [Forwarding isElementDisplayed on session 7177e9d132dc3c82c8edaf346c9b9a62 to remote] DEBUG org.apache.http.impl.conn.DefaultHttpClientConnectionOperator  - Connecting to localhost/127.0.0.1:19138
44426 [Forwarding isElementDisplayed on session 7177e9d132dc3c82c8edaf346c9b9a62 to remote] DEBUG org.apache.http.impl.conn.DefaultHttpClientConnectionOperator  - Connecting to localhost/127.0.0.1:19138
44430 [Forwarding isElementDisplayed on session 7177e9d132dc3c82c8edaf346c9b9a62 to remote] DEBUG org.apache.http.impl.conn.DefaultHttpClientConnectionOperator  - Connection established 127.0.0.1:52881<->127.0.0.1:19138
44430 [Forwarding isElementDisplayed on session 7177e9d132dc3c82c8edaf346c9b9a62 to remote] DEBUG org.apache.http.impl.conn.DefaultHttpClientConnectionOperator  - Connection established 127.0.0.1:52881<->127.0.0.1:19138
44430 [Forwarding isElementDisplayed on session 7177e9d132dc3c82c8edaf346c9b9a62 to remote] DEBUG org.apache.http.impl.conn.DefaultManagedHttpClientConnection  - http-outgoing-45: set socket timeout to 10800000
44430 [Forwarding isElementDisplayed on session 7177e9d132dc3c82c8edaf346c9b9a62 to remote] DEBUG org.apache.http.impl.conn.DefaultManagedHttpClientConnection  - http-outgoing-45: set socket timeout to 10800000
44430 [Forwarding isElementDisplayed on session 7177e9d132dc3c82c8edaf346c9b9a62 to remote] DEBUG org.apache.http.impl.execchain.MainClientExec  - Executing request GET /session/7177e9d132dc3c82c8edaf346c9b9a62/element/0.14997847561473598-3/displayed HTTP/1.1
44430 [Forwarding isElementDisplayed on session 7177e9d132dc3c82c8edaf346c9b9a62 to remote] DEBUG org.apache.http.impl.execchain.MainClientExec  - Executing request GET /session/7177e9d132dc3c82c8edaf346c9b9a62/element/0.14997847561473598-3/displayed HTTP/1.1
44430 [Forwarding isElementDisplayed on session 7177e9d132dc3c82c8edaf346c9b9a62 to remote] DEBUG org.apache.http.impl.execchain.MainClientExec  - Target auth state: UNCHALLENGED
44430 [Forwarding isElementDisplayed on session 7177e9d132dc3c82c8edaf346c9b9a62 to remote] DEBUG org.apache.http.impl.execchain.MainClientExec  - Target auth state: UNCHALLENGED
44430 [Forwarding isElementDisplayed on session 7177e9d132dc3c82c8edaf346c9b9a62 to remote] DEBUG org.apache.http.impl.execchain.MainClientExec  - Proxy auth state: UNCHALLENGED
44430 [Forwarding isElementDisplayed on session 7177e9d132dc3c82c8edaf346c9b9a62 to remote] DEBUG org.apache.http.impl.execchain.MainClientExec  - Proxy auth state: UNCHALLENGED
44430 [Forwarding isElementDisplayed on session 7177e9d132dc3c82c8edaf346c9b9a62 to remote] DEBUG org.apache.http.headers  - http-outgoing-45 >> GET /session/7177e9d132dc3c82c8edaf346c9b9a62/element/0.14997847561473598-3/displayed HTTP/1.1
44430 [Forwarding isElementDisplayed on session 7177e9d132dc3c82c8edaf346c9b9a62 to remote] DEBUG org.apache.http.headers  - http-outgoing-45 >> GET /session/7177e9d132dc3c82c8edaf346c9b9a62/element/0.14997847561473598-3/displayed HTTP/1.1
44430 [Forwarding isElementDisplayed on session 7177e9d132dc3c82c8edaf346c9b9a62 to remote] DEBUG org.apache.http.headers  - http-outgoing-45 >> Cache-Control: no-cache
44430 [Forwarding isElementDisplayed on session 7177e9d132dc3c82c8edaf346c9b9a62 to remote] DEBUG org.apache.http.headers  - http-outgoing-45 >> Cache-Control: no-cache
44430 [Forwarding isElementDisplayed on session 7177e9d132dc3c82c8edaf346c9b9a62 to remote] DEBUG org.apache.http.headers  - http-outgoing-45 >> Host: localhost:19138
44430 [Forwarding isElementDisplayed on session 7177e9d132dc3c82c8edaf346c9b9a62 to remote] DEBUG org.apache.http.headers  - http-outgoing-45 >> Host: localhost:19138
44430 [Forwarding isElementDisplayed on session 7177e9d132dc3c82c8edaf346c9b9a62 to remote] DEBUG org.apache.http.headers  - http-outgoing-45 >> Connection: Keep-Alive
44430 [Forwarding isElementDisplayed on session 7177e9d132dc3c82c8edaf346c9b9a62 to remote] DEBUG org.apache.http.headers  - http-outgoing-45 >> Connection: Keep-Alive
44430 [Forwarding isElementDisplayed on session 7177e9d132dc3c82c8edaf346c9b9a62 to remote] DEBUG org.apache.http.headers  - http-outgoing-45 >> User-Agent: Apache-HttpClient/4.5.2 (Java/1.8.0_91)
44430 [Forwarding isElementDisplayed on session 7177e9d132dc3c82c8edaf346c9b9a62 to remote] DEBUG org.apache.http.headers  - http-outgoing-45 >> User-Agent: Apache-HttpClient/4.5.2 (Java/1.8.0_91)
44430 [Forwarding isElementDisplayed on session 7177e9d132dc3c82c8edaf346c9b9a62 to remote] DEBUG org.apache.http.headers  - http-outgoing-45 >> Accept-Encoding: gzip,deflate
44430 [Forwarding isElementDisplayed on session 7177e9d132dc3c82c8edaf346c9b9a62 to remote] DEBUG org.apache.http.headers  - http-outgoing-45 >> Accept-Encoding: gzip,deflate
44430 [Forwarding isElementDisplayed on session 7177e9d132dc3c82c8edaf346c9b9a62 to remote] DEBUG org.apache.http.wire  - http-outgoing-45 >> "GET /session/7177e9d132dc3c82c8edaf346c9b9a62/element/0.14997847561473598-3/displayed HTTP/1.1[\r][\n]"
44430 [Forwarding isElementDisplayed on session 7177e9d132dc3c82c8edaf346c9b9a62 to remote] DEBUG org.apache.http.wire  - http-outgoing-45 >> "GET /session/7177e9d132dc3c82c8edaf346c9b9a62/element/0.14997847561473598-3/displayed HTTP/1.1[\r][\n]"
44430 [Forwarding isElementDisplayed on session 7177e9d132dc3c82c8edaf346c9b9a62 to remote] DEBUG org.apache.http.wire  - http-outgoing-45 >> "Cache-Control: no-cache[\r][\n]"
44430 [Forwarding isElementDisplayed on session 7177e9d132dc3c82c8edaf346c9b9a62 to remote] DEBUG org.apache.http.wire  - http-outgoing-45 >> "Cache-Control: no-cache[\r][\n]"
44430 [Forwarding isElementDisplayed on session 7177e9d132dc3c82c8edaf346c9b9a62 to remote] DEBUG org.apache.http.wire  - http-outgoing-45 >> "Host: localhost:19138[\r][\n]"
44430 [Forwarding isElementDisplayed on session 7177e9d132dc3c82c8edaf346c9b9a62 to remote] DEBUG org.apache.http.wire  - http-outgoing-45 >> "Host: localhost:19138[\r][\n]"
44430 [Forwarding isElementDisplayed on session 7177e9d132dc3c82c8edaf346c9b9a62 to remote] DEBUG org.apache.http.wire  - http-outgoing-45 >> "Connection: Keep-Alive[\r][\n]"
44430 [Forwarding isElementDisplayed on session 7177e9d132dc3c82c8edaf346c9b9a62 to remote] DEBUG org.apache.http.wire  - http-outgoing-45 >> "Connection: Keep-Alive[\r][\n]"
44430 [Forwarding isElementDisplayed on session 7177e9d132dc3c82c8edaf346c9b9a62 to remote] DEBUG org.apache.http.wire  - http-outgoing-45 >> "User-Agent: Apache-HttpClient/4.5.2 (Java/1.8.0_91)[\r][\n]"
44430 [Forwarding isElementDisplayed on session 7177e9d132dc3c82c8edaf346c9b9a62 to remote] DEBUG org.apache.http.wire  - http-outgoing-45 >> "User-Agent: Apache-HttpClient/4.5.2 (Java/1.8.0_91)[\r][\n]"
44430 [Forwarding isElementDisplayed on session 7177e9d132dc3c82c8edaf346c9b9a62 to remote] DEBUG org.apache.http.wire  - http-outgoing-45 >> "Accept-Encoding: gzip,deflate[\r][\n]"
44430 [Forwarding isElementDisplayed on session 7177e9d132dc3c82c8edaf346c9b9a62 to remote] DEBUG org.apache.http.wire  - http-outgoing-45 >> "Accept-Encoding: gzip,deflate[\r][\n]"
44430 [Forwarding isElementDisplayed on session 7177e9d132dc3c82c8edaf346c9b9a62 to remote] DEBUG org.apache.http.wire  - http-outgoing-45 >> "[\r][\n]"
44430 [Forwarding isElementDisplayed on session 7177e9d132dc3c82c8edaf346c9b9a62 to remote] DEBUG org.apache.http.wire  - http-outgoing-45 >> "[\r][\n]"
44446 [Forwarding isElementDisplayed on session 7177e9d132dc3c82c8edaf346c9b9a62 to remote] DEBUG org.apache.http.wire  - http-outgoing-45 << "HTTP/1.1 200 OK[\r][\n]"
44446 [Forwarding isElementDisplayed on session 7177e9d132dc3c82c8edaf346c9b9a62 to remote] DEBUG org.apache.http.wire  - http-outgoing-45 << "HTTP/1.1 200 OK[\r][\n]"
44447 [Forwarding isElementDisplayed on session 7177e9d132dc3c82c8edaf346c9b9a62 to remote] DEBUG org.apache.http.wire  - http-outgoing-45 << "Content-Length:72[\r][\n]"
44447 [Forwarding isElementDisplayed on session 7177e9d132dc3c82c8edaf346c9b9a62 to remote] DEBUG org.apache.http.wire  - http-outgoing-45 << "Content-Length:72[\r][\n]"
44447 [Forwarding isElementDisplayed on session 7177e9d132dc3c82c8edaf346c9b9a62 to remote] DEBUG org.apache.http.wire  - http-outgoing-45 << "Content-Type:application/json; charset=utf-8[\r][\n]"
44447 [Forwarding isElementDisplayed on session 7177e9d132dc3c82c8edaf346c9b9a62 to remote] DEBUG org.apache.http.wire  - http-outgoing-45 << "Content-Type:application/json; charset=utf-8[\r][\n]"
44447 [Forwarding isElementDisplayed on session 7177e9d132dc3c82c8edaf346c9b9a62 to remote] DEBUG org.apache.http.wire  - http-outgoing-45 << "Connection:close[\r][\n]"
44447 [Forwarding isElementDisplayed on session 7177e9d132dc3c82c8edaf346c9b9a62 to remote] DEBUG org.apache.http.wire  - http-outgoing-45 << "Connection:close[\r][\n]"
44447 [Forwarding isElementDisplayed on session 7177e9d132dc3c82c8edaf346c9b9a62 to remote] DEBUG org.apache.http.wire  - http-outgoing-45 << "[\r][\n]"
44447 [Forwarding isElementDisplayed on session 7177e9d132dc3c82c8edaf346c9b9a62 to remote] DEBUG org.apache.http.wire  - http-outgoing-45 << "[\r][\n]"
44447 [Forwarding isElementDisplayed on session 7177e9d132dc3c82c8edaf346c9b9a62 to remote] DEBUG org.apache.http.wire  - http-outgoing-45 << "{"sessionId":"7177e9d132dc3c82c8edaf346c9b9a62","status":0,"value":true}"
44447 [Forwarding isElementDisplayed on session 7177e9d132dc3c82c8edaf346c9b9a62 to remote] DEBUG org.apache.http.wire  - http-outgoing-45 << "{"sessionId":"7177e9d132dc3c82c8edaf346c9b9a62","status":0,"value":true}"
44447 [Forwarding isElementDisplayed on session 7177e9d132dc3c82c8edaf346c9b9a62 to remote] DEBUG org.apache.http.headers  - http-outgoing-45 << HTTP/1.1 200 OK
44447 [Forwarding isElementDisplayed on session 7177e9d132dc3c82c8edaf346c9b9a62 to remote] DEBUG org.apache.http.headers  - http-outgoing-45 << HTTP/1.1 200 OK
44447 [Forwarding isElementDisplayed on session 7177e9d132dc3c82c8edaf346c9b9a62 to remote] DEBUG org.apache.http.headers  - http-outgoing-45 << Content-Length:72
44447 [Forwarding isElementDisplayed on session 7177e9d132dc3c82c8edaf346c9b9a62 to remote] DEBUG org.apache.http.headers  - http-outgoing-45 << Content-Length:72
44447 [Forwarding isElementDisplayed on session 7177e9d132dc3c82c8edaf346c9b9a62 to remote] DEBUG org.apache.http.headers  - http-outgoing-45 << Content-Type:application/json; charset=utf-8
44447 [Forwarding isElementDisplayed on session 7177e9d132dc3c82c8edaf346c9b9a62 to remote] DEBUG org.apache.http.headers  - http-outgoing-45 << Content-Type:application/json; charset=utf-8
44447 [Forwarding isElementDisplayed on session 7177e9d132dc3c82c8edaf346c9b9a62 to remote] DEBUG org.apache.http.headers  - http-outgoing-45 << Connection:close
44447 [Forwarding isElementDisplayed on session 7177e9d132dc3c82c8edaf346c9b9a62 to remote] DEBUG org.apache.http.headers  - http-outgoing-45 << Connection:close
44447 [Forwarding isElementDisplayed on session 7177e9d132dc3c82c8edaf346c9b9a62 to remote] DEBUG org.apache.http.impl.conn.DefaultManagedHttpClientConnection  - http-outgoing-45: Close connection
44447 [Forwarding isElementDisplayed on session 7177e9d132dc3c82c8edaf346c9b9a62 to remote] DEBUG org.apache.http.impl.conn.DefaultManagedHttpClientConnection  - http-outgoing-45: Close connection
44447 [Forwarding isElementDisplayed on session 7177e9d132dc3c82c8edaf346c9b9a62 to remote] DEBUG org.apache.http.impl.execchain.MainClientExec  - Connection discarded
44447 [Forwarding isElementDisplayed on session 7177e9d132dc3c82c8edaf346c9b9a62 to remote] DEBUG org.apache.http.impl.execchain.MainClientExec  - Connection discarded
44447 [Forwarding isElementDisplayed on session 7177e9d132dc3c82c8edaf346c9b9a62 to remote] DEBUG org.apache.http.impl.conn.PoolingHttpClientConnectionManager  - Connection released: [id: 45][route: {}->http://localhost:19138][total kept alive: 0; route allocated: 0 of 2000; total allocated: 0 of 2000]
44447 [Forwarding isElementDisplayed on session 7177e9d132dc3c82c8edaf346c9b9a62 to remote] DEBUG org.apache.http.impl.conn.PoolingHttpClientConnectionManager  - Connection released: [id: 45][route: {}->http://localhost:19138][total kept alive: 0; route allocated: 0 of 2000; total allocated: 0 of 2000]
44449 [Forwarding isElementEnabled on session 7177e9d132dc3c82c8edaf346c9b9a62 to remote] DEBUG org.apache.http.client.protocol.RequestAddCookies  - CookieSpec selected: default
44449 [Forwarding isElementEnabled on session 7177e9d132dc3c82c8edaf346c9b9a62 to remote] DEBUG org.apache.http.client.protocol.RequestAddCookies  - CookieSpec selected: default
44449 [Forwarding isElementEnabled on session 7177e9d132dc3c82c8edaf346c9b9a62 to remote] DEBUG org.apache.http.client.protocol.RequestAuthCache  - Auth cache not set in the context
44449 [Forwarding isElementEnabled on session 7177e9d132dc3c82c8edaf346c9b9a62 to remote] DEBUG org.apache.http.client.protocol.RequestAuthCache  - Auth cache not set in the context
44450 [Forwarding isElementEnabled on session 7177e9d132dc3c82c8edaf346c9b9a62 to remote] DEBUG org.apache.http.impl.conn.PoolingHttpClientConnectionManager  - Connection request: [route: {}->http://localhost:19138][total kept alive: 0; route allocated: 0 of 2000; total allocated: 0 of 2000]
44450 [Forwarding isElementEnabled on session 7177e9d132dc3c82c8edaf346c9b9a62 to remote] DEBUG org.apache.http.impl.conn.PoolingHttpClientConnectionManager  - Connection request: [route: {}->http://localhost:19138][total kept alive: 0; route allocated: 0 of 2000; total allocated: 0 of 2000]
44451 [Forwarding isElementEnabled on session 7177e9d132dc3c82c8edaf346c9b9a62 to remote] DEBUG org.apache.http.impl.conn.PoolingHttpClientConnectionManager  - Connection leased: [id: 46][route: {}->http://localhost:19138][total kept alive: 0; route allocated: 1 of 2000; total allocated: 1 of 2000]
44451 [Forwarding isElementEnabled on session 7177e9d132dc3c82c8edaf346c9b9a62 to remote] DEBUG org.apache.http.impl.conn.PoolingHttpClientConnectionManager  - Connection leased: [id: 46][route: {}->http://localhost:19138][total kept alive: 0; route allocated: 1 of 2000; total allocated: 1 of 2000]
44451 [Forwarding isElementEnabled on session 7177e9d132dc3c82c8edaf346c9b9a62 to remote] DEBUG org.apache.http.impl.execchain.MainClientExec  - Opening connection {}->http://localhost:19138
44451 [Forwarding isElementEnabled on session 7177e9d132dc3c82c8edaf346c9b9a62 to remote] DEBUG org.apache.http.impl.execchain.MainClientExec  - Opening connection {}->http://localhost:19138
44452 [Forwarding isElementEnabled on session 7177e9d132dc3c82c8edaf346c9b9a62 to remote] DEBUG org.apache.http.impl.conn.DefaultHttpClientConnectionOperator  - Connecting to localhost/127.0.0.1:19138
44452 [Forwarding isElementEnabled on session 7177e9d132dc3c82c8edaf346c9b9a62 to remote] DEBUG org.apache.http.impl.conn.DefaultHttpClientConnectionOperator  - Connecting to localhost/127.0.0.1:19138
44455 [Forwarding isElementEnabled on session 7177e9d132dc3c82c8edaf346c9b9a62 to remote] DEBUG org.apache.http.impl.conn.DefaultHttpClientConnectionOperator  - Connection established 127.0.0.1:52882<->127.0.0.1:19138
44455 [Forwarding isElementEnabled on session 7177e9d132dc3c82c8edaf346c9b9a62 to remote] DEBUG org.apache.http.impl.conn.DefaultHttpClientConnectionOperator  - Connection established 127.0.0.1:52882<->127.0.0.1:19138
44455 [Forwarding isElementEnabled on session 7177e9d132dc3c82c8edaf346c9b9a62 to remote] DEBUG org.apache.http.impl.conn.DefaultManagedHttpClientConnection  - http-outgoing-46: set socket timeout to 10800000
44455 [Forwarding isElementEnabled on session 7177e9d132dc3c82c8edaf346c9b9a62 to remote] DEBUG org.apache.http.impl.conn.DefaultManagedHttpClientConnection  - http-outgoing-46: set socket timeout to 10800000
44455 [Forwarding isElementEnabled on session 7177e9d132dc3c82c8edaf346c9b9a62 to remote] DEBUG org.apache.http.impl.execchain.MainClientExec  - Executing request GET /session/7177e9d132dc3c82c8edaf346c9b9a62/element/0.14997847561473598-3/enabled HTTP/1.1
44455 [Forwarding isElementEnabled on session 7177e9d132dc3c82c8edaf346c9b9a62 to remote] DEBUG org.apache.http.impl.execchain.MainClientExec  - Executing request GET /session/7177e9d132dc3c82c8edaf346c9b9a62/element/0.14997847561473598-3/enabled HTTP/1.1
44455 [Forwarding isElementEnabled on session 7177e9d132dc3c82c8edaf346c9b9a62 to remote] DEBUG org.apache.http.impl.execchain.MainClientExec  - Target auth state: UNCHALLENGED
44455 [Forwarding isElementEnabled on session 7177e9d132dc3c82c8edaf346c9b9a62 to remote] DEBUG org.apache.http.impl.execchain.MainClientExec  - Target auth state: UNCHALLENGED
44455 [Forwarding isElementEnabled on session 7177e9d132dc3c82c8edaf346c9b9a62 to remote] DEBUG org.apache.http.impl.execchain.MainClientExec  - Proxy auth state: UNCHALLENGED
44455 [Forwarding isElementEnabled on session 7177e9d132dc3c82c8edaf346c9b9a62 to remote] DEBUG org.apache.http.impl.execchain.MainClientExec  - Proxy auth state: UNCHALLENGED
44455 [Forwarding isElementEnabled on session 7177e9d132dc3c82c8edaf346c9b9a62 to remote] DEBUG org.apache.http.headers  - http-outgoing-46 >> GET /session/7177e9d132dc3c82c8edaf346c9b9a62/element/0.14997847561473598-3/enabled HTTP/1.1
44455 [Forwarding isElementEnabled on session 7177e9d132dc3c82c8edaf346c9b9a62 to remote] DEBUG org.apache.http.headers  - http-outgoing-46 >> GET /session/7177e9d132dc3c82c8edaf346c9b9a62/element/0.14997847561473598-3/enabled HTTP/1.1
44455 [Forwarding isElementEnabled on session 7177e9d132dc3c82c8edaf346c9b9a62 to remote] DEBUG org.apache.http.headers  - http-outgoing-46 >> Cache-Control: no-cache
44455 [Forwarding isElementEnabled on session 7177e9d132dc3c82c8edaf346c9b9a62 to remote] DEBUG org.apache.http.headers  - http-outgoing-46 >> Cache-Control: no-cache
44455 [Forwarding isElementEnabled on session 7177e9d132dc3c82c8edaf346c9b9a62 to remote] DEBUG org.apache.http.headers  - http-outgoing-46 >> Host: localhost:19138
44455 [Forwarding isElementEnabled on session 7177e9d132dc3c82c8edaf346c9b9a62 to remote] DEBUG org.apache.http.headers  - http-outgoing-46 >> Host: localhost:19138
44455 [Forwarding isElementEnabled on session 7177e9d132dc3c82c8edaf346c9b9a62 to remote] DEBUG org.apache.http.headers  - http-outgoing-46 >> Connection: Keep-Alive
44455 [Forwarding isElementEnabled on session 7177e9d132dc3c82c8edaf346c9b9a62 to remote] DEBUG org.apache.http.headers  - http-outgoing-46 >> Connection: Keep-Alive
44455 [Forwarding isElementEnabled on session 7177e9d132dc3c82c8edaf346c9b9a62 to remote] DEBUG org.apache.http.headers  - http-outgoing-46 >> User-Agent: Apache-HttpClient/4.5.2 (Java/1.8.0_91)
44455 [Forwarding isElementEnabled on session 7177e9d132dc3c82c8edaf346c9b9a62 to remote] DEBUG org.apache.http.headers  - http-outgoing-46 >> User-Agent: Apache-HttpClient/4.5.2 (Java/1.8.0_91)
44455 [Forwarding isElementEnabled on session 7177e9d132dc3c82c8edaf346c9b9a62 to remote] DEBUG org.apache.http.headers  - http-outgoing-46 >> Accept-Encoding: gzip,deflate
44455 [Forwarding isElementEnabled on session 7177e9d132dc3c82c8edaf346c9b9a62 to remote] DEBUG org.apache.http.headers  - http-outgoing-46 >> Accept-Encoding: gzip,deflate
44455 [Forwarding isElementEnabled on session 7177e9d132dc3c82c8edaf346c9b9a62 to remote] DEBUG org.apache.http.wire  - http-outgoing-46 >> "GET /session/7177e9d132dc3c82c8edaf346c9b9a62/element/0.14997847561473598-3/enabled HTTP/1.1[\r][\n]"
44455 [Forwarding isElementEnabled on session 7177e9d132dc3c82c8edaf346c9b9a62 to remote] DEBUG org.apache.http.wire  - http-outgoing-46 >> "GET /session/7177e9d132dc3c82c8edaf346c9b9a62/element/0.14997847561473598-3/enabled HTTP/1.1[\r][\n]"
44455 [Forwarding isElementEnabled on session 7177e9d132dc3c82c8edaf346c9b9a62 to remote] DEBUG org.apache.http.wire  - http-outgoing-46 >> "Cache-Control: no-cache[\r][\n]"
44455 [Forwarding isElementEnabled on session 7177e9d132dc3c82c8edaf346c9b9a62 to remote] DEBUG org.apache.http.wire  - http-outgoing-46 >> "Cache-Control: no-cache[\r][\n]"
44455 [Forwarding isElementEnabled on session 7177e9d132dc3c82c8edaf346c9b9a62 to remote] DEBUG org.apache.http.wire  - http-outgoing-46 >> "Host: localhost:19138[\r][\n]"
44455 [Forwarding isElementEnabled on session 7177e9d132dc3c82c8edaf346c9b9a62 to remote] DEBUG org.apache.http.wire  - http-outgoing-46 >> "Host: localhost:19138[\r][\n]"
44455 [Forwarding isElementEnabled on session 7177e9d132dc3c82c8edaf346c9b9a62 to remote] DEBUG org.apache.http.wire  - http-outgoing-46 >> "Connection: Keep-Alive[\r][\n]"
44455 [Forwarding isElementEnabled on session 7177e9d132dc3c82c8edaf346c9b9a62 to remote] DEBUG org.apache.http.wire  - http-outgoing-46 >> "Connection: Keep-Alive[\r][\n]"
44455 [Forwarding isElementEnabled on session 7177e9d132dc3c82c8edaf346c9b9a62 to remote] DEBUG org.apache.http.wire  - http-outgoing-46 >> "User-Agent: Apache-HttpClient/4.5.2 (Java/1.8.0_91)[\r][\n]"
44455 [Forwarding isElementEnabled on session 7177e9d132dc3c82c8edaf346c9b9a62 to remote] DEBUG org.apache.http.wire  - http-outgoing-46 >> "User-Agent: Apache-HttpClient/4.5.2 (Java/1.8.0_91)[\r][\n]"
44455 [Forwarding isElementEnabled on session 7177e9d132dc3c82c8edaf346c9b9a62 to remote] DEBUG org.apache.http.wire  - http-outgoing-46 >> "Accept-Encoding: gzip,deflate[\r][\n]"
44455 [Forwarding isElementEnabled on session 7177e9d132dc3c82c8edaf346c9b9a62 to remote] DEBUG org.apache.http.wire  - http-outgoing-46 >> "Accept-Encoding: gzip,deflate[\r][\n]"
44455 [Forwarding isElementEnabled on session 7177e9d132dc3c82c8edaf346c9b9a62 to remote] DEBUG org.apache.http.wire  - http-outgoing-46 >> "[\r][\n]"
44455 [Forwarding isElementEnabled on session 7177e9d132dc3c82c8edaf346c9b9a62 to remote] DEBUG org.apache.http.wire  - http-outgoing-46 >> "[\r][\n]"
44466 [Forwarding isElementEnabled on session 7177e9d132dc3c82c8edaf346c9b9a62 to remote] DEBUG org.apache.http.wire  - http-outgoing-46 << "HTTP/1.1 200 OK[\r][\n]"
44466 [Forwarding isElementEnabled on session 7177e9d132dc3c82c8edaf346c9b9a62 to remote] DEBUG org.apache.http.wire  - http-outgoing-46 << "HTTP/1.1 200 OK[\r][\n]"
44466 [Forwarding isElementEnabled on session 7177e9d132dc3c82c8edaf346c9b9a62 to remote] DEBUG org.apache.http.wire  - http-outgoing-46 << "Content-Length:72[\r][\n]"
44466 [Forwarding isElementEnabled on session 7177e9d132dc3c82c8edaf346c9b9a62 to remote] DEBUG org.apache.http.wire  - http-outgoing-46 << "Content-Length:72[\r][\n]"
44466 [Forwarding isElementEnabled on session 7177e9d132dc3c82c8edaf346c9b9a62 to remote] DEBUG org.apache.http.wire  - http-outgoing-46 << "Content-Type:application/json; charset=utf-8[\r][\n]"
44466 [Forwarding isElementEnabled on session 7177e9d132dc3c82c8edaf346c9b9a62 to remote] DEBUG org.apache.http.wire  - http-outgoing-46 << "Content-Type:application/json; charset=utf-8[\r][\n]"
44466 [Forwarding isElementEnabled on session 7177e9d132dc3c82c8edaf346c9b9a62 to remote] DEBUG org.apache.http.wire  - http-outgoing-46 << "Connection:close[\r][\n]"
44466 [Forwarding isElementEnabled on session 7177e9d132dc3c82c8edaf346c9b9a62 to remote] DEBUG org.apache.http.wire  - http-outgoing-46 << "Connection:close[\r][\n]"
44466 [Forwarding isElementEnabled on session 7177e9d132dc3c82c8edaf346c9b9a62 to remote] DEBUG org.apache.http.wire  - http-outgoing-46 << "[\r][\n]"
44466 [Forwarding isElementEnabled on session 7177e9d132dc3c82c8edaf346c9b9a62 to remote] DEBUG org.apache.http.wire  - http-outgoing-46 << "[\r][\n]"
44466 [Forwarding isElementEnabled on session 7177e9d132dc3c82c8edaf346c9b9a62 to remote] DEBUG org.apache.http.wire  - http-outgoing-46 << "{"sessionId":"7177e9d132dc3c82c8edaf346c9b9a62","status":0,"value":true}"
44466 [Forwarding isElementEnabled on session 7177e9d132dc3c82c8edaf346c9b9a62 to remote] DEBUG org.apache.http.wire  - http-outgoing-46 << "{"sessionId":"7177e9d132dc3c82c8edaf346c9b9a62","status":0,"value":true}"
44466 [Forwarding isElementEnabled on session 7177e9d132dc3c82c8edaf346c9b9a62 to remote] DEBUG org.apache.http.headers  - http-outgoing-46 << HTTP/1.1 200 OK
44466 [Forwarding isElementEnabled on session 7177e9d132dc3c82c8edaf346c9b9a62 to remote] DEBUG org.apache.http.headers  - http-outgoing-46 << HTTP/1.1 200 OK
44467 [Forwarding isElementEnabled on session 7177e9d132dc3c82c8edaf346c9b9a62 to remote] DEBUG org.apache.http.headers  - http-outgoing-46 << Content-Length:72
44467 [Forwarding isElementEnabled on session 7177e9d132dc3c82c8edaf346c9b9a62 to remote] DEBUG org.apache.http.headers  - http-outgoing-46 << Content-Length:72
44467 [Forwarding isElementEnabled on session 7177e9d132dc3c82c8edaf346c9b9a62 to remote] DEBUG org.apache.http.headers  - http-outgoing-46 << Content-Type:application/json; charset=utf-8
44467 [Forwarding isElementEnabled on session 7177e9d132dc3c82c8edaf346c9b9a62 to remote] DEBUG org.apache.http.headers  - http-outgoing-46 << Content-Type:application/json; charset=utf-8
44467 [Forwarding isElementEnabled on session 7177e9d132dc3c82c8edaf346c9b9a62 to remote] DEBUG org.apache.http.headers  - http-outgoing-46 << Connection:close
44467 [Forwarding isElementEnabled on session 7177e9d132dc3c82c8edaf346c9b9a62 to remote] DEBUG org.apache.http.headers  - http-outgoing-46 << Connection:close
44467 [Forwarding isElementEnabled on session 7177e9d132dc3c82c8edaf346c9b9a62 to remote] DEBUG org.apache.http.impl.conn.DefaultManagedHttpClientConnection  - http-outgoing-46: Close connection
44467 [Forwarding isElementEnabled on session 7177e9d132dc3c82c8edaf346c9b9a62 to remote] DEBUG org.apache.http.impl.conn.DefaultManagedHttpClientConnection  - http-outgoing-46: Close connection
44467 [Forwarding isElementEnabled on session 7177e9d132dc3c82c8edaf346c9b9a62 to remote] DEBUG org.apache.http.impl.execchain.MainClientExec  - Connection discarded
44467 [Forwarding isElementEnabled on session 7177e9d132dc3c82c8edaf346c9b9a62 to remote] DEBUG org.apache.http.impl.execchain.MainClientExec  - Connection discarded
44467 [Forwarding isElementEnabled on session 7177e9d132dc3c82c8edaf346c9b9a62 to remote] DEBUG org.apache.http.impl.conn.PoolingHttpClientConnectionManager  - Connection released: [id: 46][route: {}->http://localhost:19138][total kept alive: 0; route allocated: 0 of 2000; total allocated: 0 of 2000]
44467 [Forwarding isElementEnabled on session 7177e9d132dc3c82c8edaf346c9b9a62 to remote] DEBUG org.apache.http.impl.conn.PoolingHttpClientConnectionManager  - Connection released: [id: 46][route: {}->http://localhost:19138][total kept alive: 0; route allocated: 0 of 2000; total allocated: 0 of 2000]
44469 [Forwarding findElement on session 7177e9d132dc3c82c8edaf346c9b9a62 to remote] DEBUG org.apache.http.client.protocol.RequestAddCookies  - CookieSpec selected: default
44469 [Forwarding findElement on session 7177e9d132dc3c82c8edaf346c9b9a62 to remote] DEBUG org.apache.http.client.protocol.RequestAddCookies  - CookieSpec selected: default
44470 [Forwarding findElement on session 7177e9d132dc3c82c8edaf346c9b9a62 to remote] DEBUG org.apache.http.client.protocol.RequestAuthCache  - Auth cache not set in the context
44470 [Forwarding findElement on session 7177e9d132dc3c82c8edaf346c9b9a62 to remote] DEBUG org.apache.http.client.protocol.RequestAuthCache  - Auth cache not set in the context
44470 [Forwarding findElement on session 7177e9d132dc3c82c8edaf346c9b9a62 to remote] DEBUG org.apache.http.impl.conn.PoolingHttpClientConnectionManager  - Connection request: [route: {}->http://localhost:19138][total kept alive: 0; route allocated: 0 of 2000; total allocated: 0 of 2000]
44470 [Forwarding findElement on session 7177e9d132dc3c82c8edaf346c9b9a62 to remote] DEBUG org.apache.http.impl.conn.PoolingHttpClientConnectionManager  - Connection request: [route: {}->http://localhost:19138][total kept alive: 0; route allocated: 0 of 2000; total allocated: 0 of 2000]
44470 [Forwarding findElement on session 7177e9d132dc3c82c8edaf346c9b9a62 to remote] DEBUG org.apache.http.impl.conn.PoolingHttpClientConnectionManager  - Connection leased: [id: 47][route: {}->http://localhost:19138][total kept alive: 0; route allocated: 1 of 2000; total allocated: 1 of 2000]
44470 [Forwarding findElement on session 7177e9d132dc3c82c8edaf346c9b9a62 to remote] DEBUG org.apache.http.impl.conn.PoolingHttpClientConnectionManager  - Connection leased: [id: 47][route: {}->http://localhost:19138][total kept alive: 0; route allocated: 1 of 2000; total allocated: 1 of 2000]
44470 [Forwarding findElement on session 7177e9d132dc3c82c8edaf346c9b9a62 to remote] DEBUG org.apache.http.impl.execchain.MainClientExec  - Opening connection {}->http://localhost:19138
44470 [Forwarding findElement on session 7177e9d132dc3c82c8edaf346c9b9a62 to remote] DEBUG org.apache.http.impl.execchain.MainClientExec  - Opening connection {}->http://localhost:19138
44470 [Forwarding findElement on session 7177e9d132dc3c82c8edaf346c9b9a62 to remote] DEBUG org.apache.http.impl.conn.DefaultHttpClientConnectionOperator  - Connecting to localhost/127.0.0.1:19138
44470 [Forwarding findElement on session 7177e9d132dc3c82c8edaf346c9b9a62 to remote] DEBUG org.apache.http.impl.conn.DefaultHttpClientConnectionOperator  - Connecting to localhost/127.0.0.1:19138
44471 [Forwarding findElement on session 7177e9d132dc3c82c8edaf346c9b9a62 to remote] DEBUG org.apache.http.impl.conn.DefaultHttpClientConnectionOperator  - Connection established 127.0.0.1:52883<->127.0.0.1:19138
44471 [Forwarding findElement on session 7177e9d132dc3c82c8edaf346c9b9a62 to remote] DEBUG org.apache.http.impl.conn.DefaultHttpClientConnectionOperator  - Connection established 127.0.0.1:52883<->127.0.0.1:19138
44471 [Forwarding findElement on session 7177e9d132dc3c82c8edaf346c9b9a62 to remote] DEBUG org.apache.http.impl.conn.DefaultManagedHttpClientConnection  - http-outgoing-47: set socket timeout to 10800000
44471 [Forwarding findElement on session 7177e9d132dc3c82c8edaf346c9b9a62 to remote] DEBUG org.apache.http.impl.conn.DefaultManagedHttpClientConnection  - http-outgoing-47: set socket timeout to 10800000
44471 [Forwarding findElement on session 7177e9d132dc3c82c8edaf346c9b9a62 to remote] DEBUG org.apache.http.impl.execchain.MainClientExec  - Executing request POST /session/7177e9d132dc3c82c8edaf346c9b9a62/element HTTP/1.1
44471 [Forwarding findElement on session 7177e9d132dc3c82c8edaf346c9b9a62 to remote] DEBUG org.apache.http.impl.execchain.MainClientExec  - Executing request POST /session/7177e9d132dc3c82c8edaf346c9b9a62/element HTTP/1.1
44471 [Forwarding findElement on session 7177e9d132dc3c82c8edaf346c9b9a62 to remote] DEBUG org.apache.http.impl.execchain.MainClientExec  - Target auth state: UNCHALLENGED
44471 [Forwarding findElement on session 7177e9d132dc3c82c8edaf346c9b9a62 to remote] DEBUG org.apache.http.impl.execchain.MainClientExec  - Target auth state: UNCHALLENGED
44471 [Forwarding findElement on session 7177e9d132dc3c82c8edaf346c9b9a62 to remote] DEBUG org.apache.http.impl.execchain.MainClientExec  - Proxy auth state: UNCHALLENGED
44471 [Forwarding findElement on session 7177e9d132dc3c82c8edaf346c9b9a62 to remote] DEBUG org.apache.http.impl.execchain.MainClientExec  - Proxy auth state: UNCHALLENGED
44471 [Forwarding findElement on session 7177e9d132dc3c82c8edaf346c9b9a62 to remote] DEBUG org.apache.http.headers  - http-outgoing-47 >> POST /session/7177e9d132dc3c82c8edaf346c9b9a62/element HTTP/1.1
44471 [Forwarding findElement on session 7177e9d132dc3c82c8edaf346c9b9a62 to remote] DEBUG org.apache.http.headers  - http-outgoing-47 >> POST /session/7177e9d132dc3c82c8edaf346c9b9a62/element HTTP/1.1
44471 [Forwarding findElement on session 7177e9d132dc3c82c8edaf346c9b9a62 to remote] DEBUG org.apache.http.headers  - http-outgoing-47 >> Content-Type: application/json; charset=utf-8
44471 [Forwarding findElement on session 7177e9d132dc3c82c8edaf346c9b9a62 to remote] DEBUG org.apache.http.headers  - http-outgoing-47 >> Content-Type: application/json; charset=utf-8
44471 [Forwarding findElement on session 7177e9d132dc3c82c8edaf346c9b9a62 to remote] DEBUG org.apache.http.headers  - http-outgoing-47 >> Content-Length: 47
44471 [Forwarding findElement on session 7177e9d132dc3c82c8edaf346c9b9a62 to remote] DEBUG org.apache.http.headers  - http-outgoing-47 >> Content-Length: 47
44471 [Forwarding findElement on session 7177e9d132dc3c82c8edaf346c9b9a62 to remote] DEBUG org.apache.http.headers  - http-outgoing-47 >> Host: localhost:19138
44471 [Forwarding findElement on session 7177e9d132dc3c82c8edaf346c9b9a62 to remote] DEBUG org.apache.http.headers  - http-outgoing-47 >> Host: localhost:19138
44471 [Forwarding findElement on session 7177e9d132dc3c82c8edaf346c9b9a62 to remote] DEBUG org.apache.http.headers  - http-outgoing-47 >> Connection: Keep-Alive
44471 [Forwarding findElement on session 7177e9d132dc3c82c8edaf346c9b9a62 to remote] DEBUG org.apache.http.headers  - http-outgoing-47 >> Connection: Keep-Alive
44471 [Forwarding findElement on session 7177e9d132dc3c82c8edaf346c9b9a62 to remote] DEBUG org.apache.http.headers  - http-outgoing-47 >> User-Agent: Apache-HttpClient/4.5.2 (Java/1.8.0_91)
44471 [Forwarding findElement on session 7177e9d132dc3c82c8edaf346c9b9a62 to remote] DEBUG org.apache.http.headers  - http-outgoing-47 >> User-Agent: Apache-HttpClient/4.5.2 (Java/1.8.0_91)
44471 [Forwarding findElement on session 7177e9d132dc3c82c8edaf346c9b9a62 to remote] DEBUG org.apache.http.headers  - http-outgoing-47 >> Accept-Encoding: gzip,deflate
44471 [Forwarding findElement on session 7177e9d132dc3c82c8edaf346c9b9a62 to remote] DEBUG org.apache.http.headers  - http-outgoing-47 >> Accept-Encoding: gzip,deflate
44471 [Forwarding findElement on session 7177e9d132dc3c82c8edaf346c9b9a62 to remote] DEBUG org.apache.http.wire  - http-outgoing-47 >> "POST /session/7177e9d132dc3c82c8edaf346c9b9a62/element HTTP/1.1[\r][\n]"
44471 [Forwarding findElement on session 7177e9d132dc3c82c8edaf346c9b9a62 to remote] DEBUG org.apache.http.wire  - http-outgoing-47 >> "POST /session/7177e9d132dc3c82c8edaf346c9b9a62/element HTTP/1.1[\r][\n]"
44471 [Forwarding findElement on session 7177e9d132dc3c82c8edaf346c9b9a62 to remote] DEBUG org.apache.http.wire  - http-outgoing-47 >> "Content-Type: application/json; charset=utf-8[\r][\n]"
44471 [Forwarding findElement on session 7177e9d132dc3c82c8edaf346c9b9a62 to remote] DEBUG org.apache.http.wire  - http-outgoing-47 >> "Content-Type: application/json; charset=utf-8[\r][\n]"
44471 [Forwarding findElement on session 7177e9d132dc3c82c8edaf346c9b9a62 to remote] DEBUG org.apache.http.wire  - http-outgoing-47 >> "Content-Length: 47[\r][\n]"
44471 [Forwarding findElement on session 7177e9d132dc3c82c8edaf346c9b9a62 to remote] DEBUG org.apache.http.wire  - http-outgoing-47 >> "Content-Length: 47[\r][\n]"
44471 [Forwarding findElement on session 7177e9d132dc3c82c8edaf346c9b9a62 to remote] DEBUG org.apache.http.wire  - http-outgoing-47 >> "Host: localhost:19138[\r][\n]"
44471 [Forwarding findElement on session 7177e9d132dc3c82c8edaf346c9b9a62 to remote] DEBUG org.apache.http.wire  - http-outgoing-47 >> "Host: localhost:19138[\r][\n]"
44471 [Forwarding findElement on session 7177e9d132dc3c82c8edaf346c9b9a62 to remote] DEBUG org.apache.http.wire  - http-outgoing-47 >> "Connection: Keep-Alive[\r][\n]"
44471 [Forwarding findElement on session 7177e9d132dc3c82c8edaf346c9b9a62 to remote] DEBUG org.apache.http.wire  - http-outgoing-47 >> "Connection: Keep-Alive[\r][\n]"
44471 [Forwarding findElement on session 7177e9d132dc3c82c8edaf346c9b9a62 to remote] DEBUG org.apache.http.wire  - http-outgoing-47 >> "User-Agent: Apache-HttpClient/4.5.2 (Java/1.8.0_91)[\r][\n]"
44471 [Forwarding findElement on session 7177e9d132dc3c82c8edaf346c9b9a62 to remote] DEBUG org.apache.http.wire  - http-outgoing-47 >> "User-Agent: Apache-HttpClient/4.5.2 (Java/1.8.0_91)[\r][\n]"
44471 [Forwarding findElement on session 7177e9d132dc3c82c8edaf346c9b9a62 to remote] DEBUG org.apache.http.wire  - http-outgoing-47 >> "Accept-Encoding: gzip,deflate[\r][\n]"
44471 [Forwarding findElement on session 7177e9d132dc3c82c8edaf346c9b9a62 to remote] DEBUG org.apache.http.wire  - http-outgoing-47 >> "Accept-Encoding: gzip,deflate[\r][\n]"
44471 [Forwarding findElement on session 7177e9d132dc3c82c8edaf346c9b9a62 to remote] DEBUG org.apache.http.wire  - http-outgoing-47 >> "[\r][\n]"
44471 [Forwarding findElement on session 7177e9d132dc3c82c8edaf346c9b9a62 to remote] DEBUG org.apache.http.wire  - http-outgoing-47 >> "[\r][\n]"
44471 [Forwarding findElement on session 7177e9d132dc3c82c8edaf346c9b9a62 to remote] DEBUG org.apache.http.wire  - http-outgoing-47 >> "{"using":"css selector","value":"#ifixit-logo"}"
44471 [Forwarding findElement on session 7177e9d132dc3c82c8edaf346c9b9a62 to remote] DEBUG org.apache.http.wire  - http-outgoing-47 >> "{"using":"css selector","value":"#ifixit-logo"}"
44480 [Forwarding findElement on session 7177e9d132dc3c82c8edaf346c9b9a62 to remote] DEBUG org.apache.http.wire  - http-outgoing-47 << "HTTP/1.1 200 OK[\r][\n]"
44480 [Forwarding findElement on session 7177e9d132dc3c82c8edaf346c9b9a62 to remote] DEBUG org.apache.http.wire  - http-outgoing-47 << "HTTP/1.1 200 OK[\r][\n]"
44480 [Forwarding findElement on session 7177e9d132dc3c82c8edaf346c9b9a62 to remote] DEBUG org.apache.http.wire  - http-outgoing-47 << "Content-Length:103[\r][\n]"
44480 [Forwarding findElement on session 7177e9d132dc3c82c8edaf346c9b9a62 to remote] DEBUG org.apache.http.wire  - http-outgoing-47 << "Content-Length:103[\r][\n]"
44480 [Forwarding findElement on session 7177e9d132dc3c82c8edaf346c9b9a62 to remote] DEBUG org.apache.http.wire  - http-outgoing-47 << "Content-Type:application/json; charset=utf-8[\r][\n]"
44480 [Forwarding findElement on session 7177e9d132dc3c82c8edaf346c9b9a62 to remote] DEBUG org.apache.http.wire  - http-outgoing-47 << "Content-Type:application/json; charset=utf-8[\r][\n]"
44480 [Forwarding findElement on session 7177e9d132dc3c82c8edaf346c9b9a62 to remote] DEBUG org.apache.http.wire  - http-outgoing-47 << "Connection:close[\r][\n]"
44480 [Forwarding findElement on session 7177e9d132dc3c82c8edaf346c9b9a62 to remote] DEBUG org.apache.http.wire  - http-outgoing-47 << "Connection:close[\r][\n]"
44480 [Forwarding findElement on session 7177e9d132dc3c82c8edaf346c9b9a62 to remote] DEBUG org.apache.http.wire  - http-outgoing-47 << "[\r][\n]"
44480 [Forwarding findElement on session 7177e9d132dc3c82c8edaf346c9b9a62 to remote] DEBUG org.apache.http.wire  - http-outgoing-47 << "[\r][\n]"
44481 [Forwarding findElement on session 7177e9d132dc3c82c8edaf346c9b9a62 to remote] DEBUG org.apache.http.wire  - http-outgoing-47 << "{"sessionId":"7177e9d132dc3c82c8edaf346c9b9a62","status":0,"value":{"ELEMENT":"0.14997847561473598-3"}}"
44481 [Forwarding findElement on session 7177e9d132dc3c82c8edaf346c9b9a62 to remote] DEBUG org.apache.http.wire  - http-outgoing-47 << "{"sessionId":"7177e9d132dc3c82c8edaf346c9b9a62","status":0,"value":{"ELEMENT":"0.14997847561473598-3"}}"
44481 [Forwarding findElement on session 7177e9d132dc3c82c8edaf346c9b9a62 to remote] DEBUG org.apache.http.headers  - http-outgoing-47 << HTTP/1.1 200 OK
44481 [Forwarding findElement on session 7177e9d132dc3c82c8edaf346c9b9a62 to remote] DEBUG org.apache.http.headers  - http-outgoing-47 << HTTP/1.1 200 OK
44481 [Forwarding findElement on session 7177e9d132dc3c82c8edaf346c9b9a62 to remote] DEBUG org.apache.http.headers  - http-outgoing-47 << Content-Length:103
44481 [Forwarding findElement on session 7177e9d132dc3c82c8edaf346c9b9a62 to remote] DEBUG org.apache.http.headers  - http-outgoing-47 << Content-Length:103
44481 [Forwarding findElement on session 7177e9d132dc3c82c8edaf346c9b9a62 to remote] DEBUG org.apache.http.headers  - http-outgoing-47 << Content-Type:application/json; charset=utf-8
44481 [Forwarding findElement on session 7177e9d132dc3c82c8edaf346c9b9a62 to remote] DEBUG org.apache.http.headers  - http-outgoing-47 << Content-Type:application/json; charset=utf-8
44481 [Forwarding findElement on session 7177e9d132dc3c82c8edaf346c9b9a62 to remote] DEBUG org.apache.http.headers  - http-outgoing-47 << Connection:close
44481 [Forwarding findElement on session 7177e9d132dc3c82c8edaf346c9b9a62 to remote] DEBUG org.apache.http.headers  - http-outgoing-47 << Connection:close
44481 [Forwarding findElement on session 7177e9d132dc3c82c8edaf346c9b9a62 to remote] DEBUG org.apache.http.impl.conn.DefaultManagedHttpClientConnection  - http-outgoing-47: Close connection
44481 [Forwarding findElement on session 7177e9d132dc3c82c8edaf346c9b9a62 to remote] DEBUG org.apache.http.impl.conn.DefaultManagedHttpClientConnection  - http-outgoing-47: Close connection
44481 [Forwarding findElement on session 7177e9d132dc3c82c8edaf346c9b9a62 to remote] DEBUG org.apache.http.impl.execchain.MainClientExec  - Connection discarded
44481 [Forwarding findElement on session 7177e9d132dc3c82c8edaf346c9b9a62 to remote] DEBUG org.apache.http.impl.execchain.MainClientExec  - Connection discarded
44481 [Forwarding findElement on session 7177e9d132dc3c82c8edaf346c9b9a62 to remote] DEBUG org.apache.http.impl.conn.PoolingHttpClientConnectionManager  - Connection released: [id: 47][route: {}->http://localhost:19138][total kept alive: 0; route allocated: 0 of 2000; total allocated: 0 of 2000]
44481 [Forwarding findElement on session 7177e9d132dc3c82c8edaf346c9b9a62 to remote] DEBUG org.apache.http.impl.conn.PoolingHttpClientConnectionManager  - Connection released: [id: 47][route: {}->http://localhost:19138][total kept alive: 0; route allocated: 0 of 2000; total allocated: 0 of 2000]
44483 [Forwarding clickElement on session 7177e9d132dc3c82c8edaf346c9b9a62 to remote] DEBUG org.apache.http.client.protocol.RequestAddCookies  - CookieSpec selected: default
44483 [Forwarding clickElement on session 7177e9d132dc3c82c8edaf346c9b9a62 to remote] DEBUG org.apache.http.client.protocol.RequestAddCookies  - CookieSpec selected: default
44483 [Forwarding clickElement on session 7177e9d132dc3c82c8edaf346c9b9a62 to remote] DEBUG org.apache.http.client.protocol.RequestAuthCache  - Auth cache not set in the context
44483 [Forwarding clickElement on session 7177e9d132dc3c82c8edaf346c9b9a62 to remote] DEBUG org.apache.http.client.protocol.RequestAuthCache  - Auth cache not set in the context
44483 [Forwarding clickElement on session 7177e9d132dc3c82c8edaf346c9b9a62 to remote] DEBUG org.apache.http.impl.conn.PoolingHttpClientConnectionManager  - Connection request: [route: {}->http://localhost:19138][total kept alive: 0; route allocated: 0 of 2000; total allocated: 0 of 2000]
44483 [Forwarding clickElement on session 7177e9d132dc3c82c8edaf346c9b9a62 to remote] DEBUG org.apache.http.impl.conn.PoolingHttpClientConnectionManager  - Connection request: [route: {}->http://localhost:19138][total kept alive: 0; route allocated: 0 of 2000; total allocated: 0 of 2000]
44483 [Forwarding clickElement on session 7177e9d132dc3c82c8edaf346c9b9a62 to remote] DEBUG org.apache.http.impl.conn.PoolingHttpClientConnectionManager  - Connection leased: [id: 48][route: {}->http://localhost:19138][total kept alive: 0; route allocated: 1 of 2000; total allocated: 1 of 2000]
44483 [Forwarding clickElement on session 7177e9d132dc3c82c8edaf346c9b9a62 to remote] DEBUG org.apache.http.impl.conn.PoolingHttpClientConnectionManager  - Connection leased: [id: 48][route: {}->http://localhost:19138][total kept alive: 0; route allocated: 1 of 2000; total allocated: 1 of 2000]
44483 [Forwarding clickElement on session 7177e9d132dc3c82c8edaf346c9b9a62 to remote] DEBUG org.apache.http.impl.execchain.MainClientExec  - Opening connection {}->http://localhost:19138
44483 [Forwarding clickElement on session 7177e9d132dc3c82c8edaf346c9b9a62 to remote] DEBUG org.apache.http.impl.execchain.MainClientExec  - Opening connection {}->http://localhost:19138
44483 [Forwarding clickElement on session 7177e9d132dc3c82c8edaf346c9b9a62 to remote] DEBUG org.apache.http.impl.conn.DefaultHttpClientConnectionOperator  - Connecting to localhost/127.0.0.1:19138
44483 [Forwarding clickElement on session 7177e9d132dc3c82c8edaf346c9b9a62 to remote] DEBUG org.apache.http.impl.conn.DefaultHttpClientConnectionOperator  - Connecting to localhost/127.0.0.1:19138
44484 [Forwarding clickElement on session 7177e9d132dc3c82c8edaf346c9b9a62 to remote] DEBUG org.apache.http.impl.conn.DefaultHttpClientConnectionOperator  - Connection established 127.0.0.1:52884<->127.0.0.1:19138
44484 [Forwarding clickElement on session 7177e9d132dc3c82c8edaf346c9b9a62 to remote] DEBUG org.apache.http.impl.conn.DefaultHttpClientConnectionOperator  - Connection established 127.0.0.1:52884<->127.0.0.1:19138
44484 [Forwarding clickElement on session 7177e9d132dc3c82c8edaf346c9b9a62 to remote] DEBUG org.apache.http.impl.conn.DefaultManagedHttpClientConnection  - http-outgoing-48: set socket timeout to 10800000
44484 [Forwarding clickElement on session 7177e9d132dc3c82c8edaf346c9b9a62 to remote] DEBUG org.apache.http.impl.conn.DefaultManagedHttpClientConnection  - http-outgoing-48: set socket timeout to 10800000
44484 [Forwarding clickElement on session 7177e9d132dc3c82c8edaf346c9b9a62 to remote] DEBUG org.apache.http.impl.execchain.MainClientExec  - Executing request POST /session/7177e9d132dc3c82c8edaf346c9b9a62/element/0.14997847561473598-3/click HTTP/1.1
44484 [Forwarding clickElement on session 7177e9d132dc3c82c8edaf346c9b9a62 to remote] DEBUG org.apache.http.impl.execchain.MainClientExec  - Executing request POST /session/7177e9d132dc3c82c8edaf346c9b9a62/element/0.14997847561473598-3/click HTTP/1.1
44484 [Forwarding clickElement on session 7177e9d132dc3c82c8edaf346c9b9a62 to remote] DEBUG org.apache.http.impl.execchain.MainClientExec  - Target auth state: UNCHALLENGED
44484 [Forwarding clickElement on session 7177e9d132dc3c82c8edaf346c9b9a62 to remote] DEBUG org.apache.http.impl.execchain.MainClientExec  - Target auth state: UNCHALLENGED
44484 [Forwarding clickElement on session 7177e9d132dc3c82c8edaf346c9b9a62 to remote] DEBUG org.apache.http.impl.execchain.MainClientExec  - Proxy auth state: UNCHALLENGED
44484 [Forwarding clickElement on session 7177e9d132dc3c82c8edaf346c9b9a62 to remote] DEBUG org.apache.http.impl.execchain.MainClientExec  - Proxy auth state: UNCHALLENGED
44484 [Forwarding clickElement on session 7177e9d132dc3c82c8edaf346c9b9a62 to remote] DEBUG org.apache.http.headers  - http-outgoing-48 >> POST /session/7177e9d132dc3c82c8edaf346c9b9a62/element/0.14997847561473598-3/click HTTP/1.1
44484 [Forwarding clickElement on session 7177e9d132dc3c82c8edaf346c9b9a62 to remote] DEBUG org.apache.http.headers  - http-outgoing-48 >> POST /session/7177e9d132dc3c82c8edaf346c9b9a62/element/0.14997847561473598-3/click HTTP/1.1
44484 [Forwarding clickElement on session 7177e9d132dc3c82c8edaf346c9b9a62 to remote] DEBUG org.apache.http.headers  - http-outgoing-48 >> Content-Type: application/json; charset=utf-8
44484 [Forwarding clickElement on session 7177e9d132dc3c82c8edaf346c9b9a62 to remote] DEBUG org.apache.http.headers  - http-outgoing-48 >> Content-Type: application/json; charset=utf-8
44484 [Forwarding clickElement on session 7177e9d132dc3c82c8edaf346c9b9a62 to remote] DEBUG org.apache.http.headers  - http-outgoing-48 >> Content-Length: 30
44484 [Forwarding clickElement on session 7177e9d132dc3c82c8edaf346c9b9a62 to remote] DEBUG org.apache.http.headers  - http-outgoing-48 >> Content-Length: 30
44484 [Forwarding clickElement on session 7177e9d132dc3c82c8edaf346c9b9a62 to remote] DEBUG org.apache.http.headers  - http-outgoing-48 >> Host: localhost:19138
44484 [Forwarding clickElement on session 7177e9d132dc3c82c8edaf346c9b9a62 to remote] DEBUG org.apache.http.headers  - http-outgoing-48 >> Host: localhost:19138
44484 [Forwarding clickElement on session 7177e9d132dc3c82c8edaf346c9b9a62 to remote] DEBUG org.apache.http.headers  - http-outgoing-48 >> Connection: Keep-Alive
44484 [Forwarding clickElement on session 7177e9d132dc3c82c8edaf346c9b9a62 to remote] DEBUG org.apache.http.headers  - http-outgoing-48 >> Connection: Keep-Alive
44484 [Forwarding clickElement on session 7177e9d132dc3c82c8edaf346c9b9a62 to remote] DEBUG org.apache.http.headers  - http-outgoing-48 >> User-Agent: Apache-HttpClient/4.5.2 (Java/1.8.0_91)
44484 [Forwarding clickElement on session 7177e9d132dc3c82c8edaf346c9b9a62 to remote] DEBUG org.apache.http.headers  - http-outgoing-48 >> User-Agent: Apache-HttpClient/4.5.2 (Java/1.8.0_91)
44484 [Forwarding clickElement on session 7177e9d132dc3c82c8edaf346c9b9a62 to remote] DEBUG org.apache.http.headers  - http-outgoing-48 >> Accept-Encoding: gzip,deflate
44484 [Forwarding clickElement on session 7177e9d132dc3c82c8edaf346c9b9a62 to remote] DEBUG org.apache.http.headers  - http-outgoing-48 >> Accept-Encoding: gzip,deflate
44484 [Forwarding clickElement on session 7177e9d132dc3c82c8edaf346c9b9a62 to remote] DEBUG org.apache.http.wire  - http-outgoing-48 >> "POST /session/7177e9d132dc3c82c8edaf346c9b9a62/element/0.14997847561473598-3/click HTTP/1.1[\r][\n]"
44484 [Forwarding clickElement on session 7177e9d132dc3c82c8edaf346c9b9a62 to remote] DEBUG org.apache.http.wire  - http-outgoing-48 >> "POST /session/7177e9d132dc3c82c8edaf346c9b9a62/element/0.14997847561473598-3/click HTTP/1.1[\r][\n]"
44484 [Forwarding clickElement on session 7177e9d132dc3c82c8edaf346c9b9a62 to remote] DEBUG org.apache.http.wire  - http-outgoing-48 >> "Content-Type: application/json; charset=utf-8[\r][\n]"
44484 [Forwarding clickElement on session 7177e9d132dc3c82c8edaf346c9b9a62 to remote] DEBUG org.apache.http.wire  - http-outgoing-48 >> "Content-Type: application/json; charset=utf-8[\r][\n]"
44484 [Forwarding clickElement on session 7177e9d132dc3c82c8edaf346c9b9a62 to remote] DEBUG org.apache.http.wire  - http-outgoing-48 >> "Content-Length: 30[\r][\n]"
44484 [Forwarding clickElement on session 7177e9d132dc3c82c8edaf346c9b9a62 to remote] DEBUG org.apache.http.wire  - http-outgoing-48 >> "Content-Length: 30[\r][\n]"
44484 [Forwarding clickElement on session 7177e9d132dc3c82c8edaf346c9b9a62 to remote] DEBUG org.apache.http.wire  - http-outgoing-48 >> "Host: localhost:19138[\r][\n]"
44484 [Forwarding clickElement on session 7177e9d132dc3c82c8edaf346c9b9a62 to remote] DEBUG org.apache.http.wire  - http-outgoing-48 >> "Host: localhost:19138[\r][\n]"
44484 [Forwarding clickElement on session 7177e9d132dc3c82c8edaf346c9b9a62 to remote] DEBUG org.apache.http.wire  - http-outgoing-48 >> "Connection: Keep-Alive[\r][\n]"
44484 [Forwarding clickElement on session 7177e9d132dc3c82c8edaf346c9b9a62 to remote] DEBUG org.apache.http.wire  - http-outgoing-48 >> "Connection: Keep-Alive[\r][\n]"
44484 [Forwarding clickElement on session 7177e9d132dc3c82c8edaf346c9b9a62 to remote] DEBUG org.apache.http.wire  - http-outgoing-48 >> "User-Agent: Apache-HttpClient/4.5.2 (Java/1.8.0_91)[\r][\n]"
44484 [Forwarding clickElement on session 7177e9d132dc3c82c8edaf346c9b9a62 to remote] DEBUG org.apache.http.wire  - http-outgoing-48 >> "User-Agent: Apache-HttpClient/4.5.2 (Java/1.8.0_91)[\r][\n]"
44485 [Forwarding clickElement on session 7177e9d132dc3c82c8edaf346c9b9a62 to remote] DEBUG org.apache.http.wire  - http-outgoing-48 >> "Accept-Encoding: gzip,deflate[\r][\n]"
44485 [Forwarding clickElement on session 7177e9d132dc3c82c8edaf346c9b9a62 to remote] DEBUG org.apache.http.wire  - http-outgoing-48 >> "Accept-Encoding: gzip,deflate[\r][\n]"
44485 [Forwarding clickElement on session 7177e9d132dc3c82c8edaf346c9b9a62 to remote] DEBUG org.apache.http.wire  - http-outgoing-48 >> "[\r][\n]"
44485 [Forwarding clickElement on session 7177e9d132dc3c82c8edaf346c9b9a62 to remote] DEBUG org.apache.http.wire  - http-outgoing-48 >> "[\r][\n]"
44491 [Forwarding clickElement on session 7177e9d132dc3c82c8edaf346c9b9a62 to remote] DEBUG org.apache.http.wire  - http-outgoing-48 >> "{"id":"0.14997847561473598-3"}"
44491 [Forwarding clickElement on session 7177e9d132dc3c82c8edaf346c9b9a62 to remote] DEBUG org.apache.http.wire  - http-outgoing-48 >> "{"id":"0.14997847561473598-3"}"
45295 [Forwarding clickElement on session 7177e9d132dc3c82c8edaf346c9b9a62 to remote] DEBUG org.apache.http.wire  - http-outgoing-48 << "HTTP/1.1 200 OK[\r][\n]"
45295 [Forwarding clickElement on session 7177e9d132dc3c82c8edaf346c9b9a62 to remote] DEBUG org.apache.http.wire  - http-outgoing-48 << "HTTP/1.1 200 OK[\r][\n]"
45295 [Forwarding clickElement on session 7177e9d132dc3c82c8edaf346c9b9a62 to remote] DEBUG org.apache.http.wire  - http-outgoing-48 << "Content-Length:72[\r][\n]"
45295 [Forwarding clickElement on session 7177e9d132dc3c82c8edaf346c9b9a62 to remote] DEBUG org.apache.http.wire  - http-outgoing-48 << "Content-Length:72[\r][\n]"
45295 [Forwarding clickElement on session 7177e9d132dc3c82c8edaf346c9b9a62 to remote] DEBUG org.apache.http.wire  - http-outgoing-48 << "Content-Type:application/json; charset=utf-8[\r][\n]"
45295 [Forwarding clickElement on session 7177e9d132dc3c82c8edaf346c9b9a62 to remote] DEBUG org.apache.http.wire  - http-outgoing-48 << "Content-Type:application/json; charset=utf-8[\r][\n]"
45295 [Forwarding clickElement on session 7177e9d132dc3c82c8edaf346c9b9a62 to remote] DEBUG org.apache.http.wire  - http-outgoing-48 << "Connection:close[\r][\n]"
45295 [Forwarding clickElement on session 7177e9d132dc3c82c8edaf346c9b9a62 to remote] DEBUG org.apache.http.wire  - http-outgoing-48 << "Connection:close[\r][\n]"
45295 [Forwarding clickElement on session 7177e9d132dc3c82c8edaf346c9b9a62 to remote] DEBUG org.apache.http.wire  - http-outgoing-48 << "[\r][\n]"
45295 [Forwarding clickElement on session 7177e9d132dc3c82c8edaf346c9b9a62 to remote] DEBUG org.apache.http.wire  - http-outgoing-48 << "[\r][\n]"
45295 [Forwarding clickElement on session 7177e9d132dc3c82c8edaf346c9b9a62 to remote] DEBUG org.apache.http.wire  - http-outgoing-48 << "{"sessionId":"7177e9d132dc3c82c8edaf346c9b9a62","status":0,"value":null}"
45295 [Forwarding clickElement on session 7177e9d132dc3c82c8edaf346c9b9a62 to remote] DEBUG org.apache.http.wire  - http-outgoing-48 << "{"sessionId":"7177e9d132dc3c82c8edaf346c9b9a62","status":0,"value":null}"
45295 [Forwarding clickElement on session 7177e9d132dc3c82c8edaf346c9b9a62 to remote] DEBUG org.apache.http.headers  - http-outgoing-48 << HTTP/1.1 200 OK
45295 [Forwarding clickElement on session 7177e9d132dc3c82c8edaf346c9b9a62 to remote] DEBUG org.apache.http.headers  - http-outgoing-48 << HTTP/1.1 200 OK
45295 [Forwarding clickElement on session 7177e9d132dc3c82c8edaf346c9b9a62 to remote] DEBUG org.apache.http.headers  - http-outgoing-48 << Content-Length:72
45295 [Forwarding clickElement on session 7177e9d132dc3c82c8edaf346c9b9a62 to remote] DEBUG org.apache.http.headers  - http-outgoing-48 << Content-Length:72
45295 [Forwarding clickElement on session 7177e9d132dc3c82c8edaf346c9b9a62 to remote] DEBUG org.apache.http.headers  - http-outgoing-48 << Content-Type:application/json; charset=utf-8
45295 [Forwarding clickElement on session 7177e9d132dc3c82c8edaf346c9b9a62 to remote] DEBUG org.apache.http.headers  - http-outgoing-48 << Content-Type:application/json; charset=utf-8
45295 [Forwarding clickElement on session 7177e9d132dc3c82c8edaf346c9b9a62 to remote] DEBUG org.apache.http.headers  - http-outgoing-48 << Connection:close
45295 [Forwarding clickElement on session 7177e9d132dc3c82c8edaf346c9b9a62 to remote] DEBUG org.apache.http.headers  - http-outgoing-48 << Connection:close
45295 [Forwarding clickElement on session 7177e9d132dc3c82c8edaf346c9b9a62 to remote] DEBUG org.apache.http.impl.conn.DefaultManagedHttpClientConnection  - http-outgoing-48: Close connection
45295 [Forwarding clickElement on session 7177e9d132dc3c82c8edaf346c9b9a62 to remote] DEBUG org.apache.http.impl.conn.DefaultManagedHttpClientConnection  - http-outgoing-48: Close connection
45296 [Forwarding clickElement on session 7177e9d132dc3c82c8edaf346c9b9a62 to remote] DEBUG org.apache.http.impl.execchain.MainClientExec  - Connection discarded
45296 [Forwarding clickElement on session 7177e9d132dc3c82c8edaf346c9b9a62 to remote] DEBUG org.apache.http.impl.execchain.MainClientExec  - Connection discarded
45296 [Forwarding clickElement on session 7177e9d132dc3c82c8edaf346c9b9a62 to remote] DEBUG org.apache.http.impl.conn.PoolingHttpClientConnectionManager  - Connection released: [id: 48][route: {}->http://localhost:19138][total kept alive: 0; route allocated: 0 of 2000; total allocated: 0 of 2000]
45296 [Forwarding clickElement on session 7177e9d132dc3c82c8edaf346c9b9a62 to remote] DEBUG org.apache.http.impl.conn.PoolingHttpClientConnectionManager  - Connection released: [id: 48][route: {}->http://localhost:19138][total kept alive: 0; route allocated: 0 of 2000; total allocated: 0 of 2000]
48301 [Forwarding findElement on session 7177e9d132dc3c82c8edaf346c9b9a62 to remote] DEBUG org.apache.http.client.protocol.RequestAddCookies  - CookieSpec selected: default
48301 [Forwarding findElement on session 7177e9d132dc3c82c8edaf346c9b9a62 to remote] DEBUG org.apache.http.client.protocol.RequestAddCookies  - CookieSpec selected: default
48301 [Forwarding findElement on session 7177e9d132dc3c82c8edaf346c9b9a62 to remote] DEBUG org.apache.http.client.protocol.RequestAuthCache  - Auth cache not set in the context
48301 [Forwarding findElement on session 7177e9d132dc3c82c8edaf346c9b9a62 to remote] DEBUG org.apache.http.client.protocol.RequestAuthCache  - Auth cache not set in the context
48302 [Forwarding findElement on session 7177e9d132dc3c82c8edaf346c9b9a62 to remote] DEBUG org.apache.http.impl.conn.PoolingHttpClientConnectionManager  - Connection request: [route: {}->http://localhost:19138][total kept alive: 0; route allocated: 0 of 2000; total allocated: 0 of 2000]
48302 [Forwarding findElement on session 7177e9d132dc3c82c8edaf346c9b9a62 to remote] DEBUG org.apache.http.impl.conn.PoolingHttpClientConnectionManager  - Connection request: [route: {}->http://localhost:19138][total kept alive: 0; route allocated: 0 of 2000; total allocated: 0 of 2000]
48302 [Forwarding findElement on session 7177e9d132dc3c82c8edaf346c9b9a62 to remote] DEBUG org.apache.http.impl.conn.PoolingHttpClientConnectionManager  - Connection leased: [id: 49][route: {}->http://localhost:19138][total kept alive: 0; route allocated: 1 of 2000; total allocated: 1 of 2000]
48302 [Forwarding findElement on session 7177e9d132dc3c82c8edaf346c9b9a62 to remote] DEBUG org.apache.http.impl.conn.PoolingHttpClientConnectionManager  - Connection leased: [id: 49][route: {}->http://localhost:19138][total kept alive: 0; route allocated: 1 of 2000; total allocated: 1 of 2000]
48302 [Forwarding findElement on session 7177e9d132dc3c82c8edaf346c9b9a62 to remote] DEBUG org.apache.http.impl.execchain.MainClientExec  - Opening connection {}->http://localhost:19138
48302 [Forwarding findElement on session 7177e9d132dc3c82c8edaf346c9b9a62 to remote] DEBUG org.apache.http.impl.execchain.MainClientExec  - Opening connection {}->http://localhost:19138
48303 [Forwarding findElement on session 7177e9d132dc3c82c8edaf346c9b9a62 to remote] DEBUG org.apache.http.impl.conn.DefaultHttpClientConnectionOperator  - Connecting to localhost/127.0.0.1:19138
48303 [Forwarding findElement on session 7177e9d132dc3c82c8edaf346c9b9a62 to remote] DEBUG org.apache.http.impl.conn.DefaultHttpClientConnectionOperator  - Connecting to localhost/127.0.0.1:19138
48303 [Forwarding findElement on session 7177e9d132dc3c82c8edaf346c9b9a62 to remote] DEBUG org.apache.http.impl.conn.DefaultHttpClientConnectionOperator  - Connection established 127.0.0.1:52885<->127.0.0.1:19138
48303 [Forwarding findElement on session 7177e9d132dc3c82c8edaf346c9b9a62 to remote] DEBUG org.apache.http.impl.conn.DefaultHttpClientConnectionOperator  - Connection established 127.0.0.1:52885<->127.0.0.1:19138
48303 [Forwarding findElement on session 7177e9d132dc3c82c8edaf346c9b9a62 to remote] DEBUG org.apache.http.impl.conn.DefaultManagedHttpClientConnection  - http-outgoing-49: set socket timeout to 10800000
48303 [Forwarding findElement on session 7177e9d132dc3c82c8edaf346c9b9a62 to remote] DEBUG org.apache.http.impl.conn.DefaultManagedHttpClientConnection  - http-outgoing-49: set socket timeout to 10800000
48303 [Forwarding findElement on session 7177e9d132dc3c82c8edaf346c9b9a62 to remote] DEBUG org.apache.http.impl.execchain.MainClientExec  - Executing request POST /session/7177e9d132dc3c82c8edaf346c9b9a62/element HTTP/1.1
48303 [Forwarding findElement on session 7177e9d132dc3c82c8edaf346c9b9a62 to remote] DEBUG org.apache.http.impl.execchain.MainClientExec  - Executing request POST /session/7177e9d132dc3c82c8edaf346c9b9a62/element HTTP/1.1
48304 [Forwarding findElement on session 7177e9d132dc3c82c8edaf346c9b9a62 to remote] DEBUG org.apache.http.impl.execchain.MainClientExec  - Target auth state: UNCHALLENGED
48304 [Forwarding findElement on session 7177e9d132dc3c82c8edaf346c9b9a62 to remote] DEBUG org.apache.http.impl.execchain.MainClientExec  - Target auth state: UNCHALLENGED
48304 [Forwarding findElement on session 7177e9d132dc3c82c8edaf346c9b9a62 to remote] DEBUG org.apache.http.impl.execchain.MainClientExec  - Proxy auth state: UNCHALLENGED
48304 [Forwarding findElement on session 7177e9d132dc3c82c8edaf346c9b9a62 to remote] DEBUG org.apache.http.impl.execchain.MainClientExec  - Proxy auth state: UNCHALLENGED
48304 [Forwarding findElement on session 7177e9d132dc3c82c8edaf346c9b9a62 to remote] DEBUG org.apache.http.headers  - http-outgoing-49 >> POST /session/7177e9d132dc3c82c8edaf346c9b9a62/element HTTP/1.1
48304 [Forwarding findElement on session 7177e9d132dc3c82c8edaf346c9b9a62 to remote] DEBUG org.apache.http.headers  - http-outgoing-49 >> POST /session/7177e9d132dc3c82c8edaf346c9b9a62/element HTTP/1.1
48304 [Forwarding findElement on session 7177e9d132dc3c82c8edaf346c9b9a62 to remote] DEBUG org.apache.http.headers  - http-outgoing-49 >> Content-Type: application/json; charset=utf-8
48304 [Forwarding findElement on session 7177e9d132dc3c82c8edaf346c9b9a62 to remote] DEBUG org.apache.http.headers  - http-outgoing-49 >> Content-Type: application/json; charset=utf-8
48304 [Forwarding findElement on session 7177e9d132dc3c82c8edaf346c9b9a62 to remote] DEBUG org.apache.http.headers  - http-outgoing-49 >> Content-Length: 62
48304 [Forwarding findElement on session 7177e9d132dc3c82c8edaf346c9b9a62 to remote] DEBUG org.apache.http.headers  - http-outgoing-49 >> Content-Length: 62
48304 [Forwarding findElement on session 7177e9d132dc3c82c8edaf346c9b9a62 to remote] DEBUG org.apache.http.headers  - http-outgoing-49 >> Host: localhost:19138
48304 [Forwarding findElement on session 7177e9d132dc3c82c8edaf346c9b9a62 to remote] DEBUG org.apache.http.headers  - http-outgoing-49 >> Host: localhost:19138
48304 [Forwarding findElement on session 7177e9d132dc3c82c8edaf346c9b9a62 to remote] DEBUG org.apache.http.headers  - http-outgoing-49 >> Connection: Keep-Alive
48304 [Forwarding findElement on session 7177e9d132dc3c82c8edaf346c9b9a62 to remote] DEBUG org.apache.http.headers  - http-outgoing-49 >> Connection: Keep-Alive
48304 [Forwarding findElement on session 7177e9d132dc3c82c8edaf346c9b9a62 to remote] DEBUG org.apache.http.headers  - http-outgoing-49 >> User-Agent: Apache-HttpClient/4.5.2 (Java/1.8.0_91)
48304 [Forwarding findElement on session 7177e9d132dc3c82c8edaf346c9b9a62 to remote] DEBUG org.apache.http.headers  - http-outgoing-49 >> User-Agent: Apache-HttpClient/4.5.2 (Java/1.8.0_91)
48304 [Forwarding findElement on session 7177e9d132dc3c82c8edaf346c9b9a62 to remote] DEBUG org.apache.http.headers  - http-outgoing-49 >> Accept-Encoding: gzip,deflate
48304 [Forwarding findElement on session 7177e9d132dc3c82c8edaf346c9b9a62 to remote] DEBUG org.apache.http.headers  - http-outgoing-49 >> Accept-Encoding: gzip,deflate
48304 [Forwarding findElement on session 7177e9d132dc3c82c8edaf346c9b9a62 to remote] DEBUG org.apache.http.wire  - http-outgoing-49 >> "POST /session/7177e9d132dc3c82c8edaf346c9b9a62/element HTTP/1.1[\r][\n]"
48304 [Forwarding findElement on session 7177e9d132dc3c82c8edaf346c9b9a62 to remote] DEBUG org.apache.http.wire  - http-outgoing-49 >> "POST /session/7177e9d132dc3c82c8edaf346c9b9a62/element HTTP/1.1[\r][\n]"
48304 [Forwarding findElement on session 7177e9d132dc3c82c8edaf346c9b9a62 to remote] DEBUG org.apache.http.wire  - http-outgoing-49 >> "Content-Type: application/json; charset=utf-8[\r][\n]"
48304 [Forwarding findElement on session 7177e9d132dc3c82c8edaf346c9b9a62 to remote] DEBUG org.apache.http.wire  - http-outgoing-49 >> "Content-Type: application/json; charset=utf-8[\r][\n]"
48304 [Forwarding findElement on session 7177e9d132dc3c82c8edaf346c9b9a62 to remote] DEBUG org.apache.http.wire  - http-outgoing-49 >> "Content-Length: 62[\r][\n]"
48304 [Forwarding findElement on session 7177e9d132dc3c82c8edaf346c9b9a62 to remote] DEBUG org.apache.http.wire  - http-outgoing-49 >> "Content-Length: 62[\r][\n]"
48304 [Forwarding findElement on session 7177e9d132dc3c82c8edaf346c9b9a62 to remote] DEBUG org.apache.http.wire  - http-outgoing-49 >> "Host: localhost:19138[\r][\n]"
48304 [Forwarding findElement on session 7177e9d132dc3c82c8edaf346c9b9a62 to remote] DEBUG org.apache.http.wire  - http-outgoing-49 >> "Host: localhost:19138[\r][\n]"
48304 [Forwarding findElement on session 7177e9d132dc3c82c8edaf346c9b9a62 to remote] DEBUG org.apache.http.wire  - http-outgoing-49 >> "Connection: Keep-Alive[\r][\n]"
48304 [Forwarding findElement on session 7177e9d132dc3c82c8edaf346c9b9a62 to remote] DEBUG org.apache.http.wire  - http-outgoing-49 >> "Connection: Keep-Alive[\r][\n]"
48304 [Forwarding findElement on session 7177e9d132dc3c82c8edaf346c9b9a62 to remote] DEBUG org.apache.http.wire  - http-outgoing-49 >> "User-Agent: Apache-HttpClient/4.5.2 (Java/1.8.0_91)[\r][\n]"
48304 [Forwarding findElement on session 7177e9d132dc3c82c8edaf346c9b9a62 to remote] DEBUG org.apache.http.wire  - http-outgoing-49 >> "User-Agent: Apache-HttpClient/4.5.2 (Java/1.8.0_91)[\r][\n]"
48304 [Forwarding findElement on session 7177e9d132dc3c82c8edaf346c9b9a62 to remote] DEBUG org.apache.http.wire  - http-outgoing-49 >> "Accept-Encoding: gzip,deflate[\r][\n]"
48304 [Forwarding findElement on session 7177e9d132dc3c82c8edaf346c9b9a62 to remote] DEBUG org.apache.http.wire  - http-outgoing-49 >> "Accept-Encoding: gzip,deflate[\r][\n]"
48304 [Forwarding findElement on session 7177e9d132dc3c82c8edaf346c9b9a62 to remote] DEBUG org.apache.http.wire  - http-outgoing-49 >> "[\r][\n]"
48304 [Forwarding findElement on session 7177e9d132dc3c82c8edaf346c9b9a62 to remote] DEBUG org.apache.http.wire  - http-outgoing-49 >> "[\r][\n]"
48304 [Forwarding findElement on session 7177e9d132dc3c82c8edaf346c9b9a62 to remote] DEBUG org.apache.http.wire  - http-outgoing-49 >> "{"using":"xpath","value":".//*[@id='home-page-top']/nav/a[2]"}"
48304 [Forwarding findElement on session 7177e9d132dc3c82c8edaf346c9b9a62 to remote] DEBUG org.apache.http.wire  - http-outgoing-49 >> "{"using":"xpath","value":".//*[@id='home-page-top']/nav/a[2]"}"
48330 [Forwarding findElement on session 7177e9d132dc3c82c8edaf346c9b9a62 to remote] DEBUG org.apache.http.wire  - http-outgoing-49 << "HTTP/1.1 200 OK[\r][\n]"
48330 [Forwarding findElement on session 7177e9d132dc3c82c8edaf346c9b9a62 to remote] DEBUG org.apache.http.wire  - http-outgoing-49 << "HTTP/1.1 200 OK[\r][\n]"
48330 [Forwarding findElement on session 7177e9d132dc3c82c8edaf346c9b9a62 to remote] DEBUG org.apache.http.wire  - http-outgoing-49 << "Content-Length:100[\r][\n]"
48330 [Forwarding findElement on session 7177e9d132dc3c82c8edaf346c9b9a62 to remote] DEBUG org.apache.http.wire  - http-outgoing-49 << "Content-Length:100[\r][\n]"
48331 [Forwarding findElement on session 7177e9d132dc3c82c8edaf346c9b9a62 to remote] DEBUG org.apache.http.wire  - http-outgoing-49 << "Content-Type:application/json; charset=utf-8[\r][\n]"
48331 [Forwarding findElement on session 7177e9d132dc3c82c8edaf346c9b9a62 to remote] DEBUG org.apache.http.wire  - http-outgoing-49 << "Content-Type:application/json; charset=utf-8[\r][\n]"
48331 [Forwarding findElement on session 7177e9d132dc3c82c8edaf346c9b9a62 to remote] DEBUG org.apache.http.wire  - http-outgoing-49 << "Connection:close[\r][\n]"
48331 [Forwarding findElement on session 7177e9d132dc3c82c8edaf346c9b9a62 to remote] DEBUG org.apache.http.wire  - http-outgoing-49 << "Connection:close[\r][\n]"
48331 [Forwarding findElement on session 7177e9d132dc3c82c8edaf346c9b9a62 to remote] DEBUG org.apache.http.wire  - http-outgoing-49 << "[\r][\n]"
48331 [Forwarding findElement on session 7177e9d132dc3c82c8edaf346c9b9a62 to remote] DEBUG org.apache.http.wire  - http-outgoing-49 << "[\r][\n]"
48331 [Forwarding findElement on session 7177e9d132dc3c82c8edaf346c9b9a62 to remote] DEBUG org.apache.http.wire  - http-outgoing-49 << "{"sessionId":"7177e9d132dc3c82c8edaf346c9b9a62","status":0,"value":{"ELEMENT":"0.58568000508691-1"}}"
48331 [Forwarding findElement on session 7177e9d132dc3c82c8edaf346c9b9a62 to remote] DEBUG org.apache.http.wire  - http-outgoing-49 << "{"sessionId":"7177e9d132dc3c82c8edaf346c9b9a62","status":0,"value":{"ELEMENT":"0.58568000508691-1"}}"
48332 [Forwarding findElement on session 7177e9d132dc3c82c8edaf346c9b9a62 to remote] DEBUG org.apache.http.headers  - http-outgoing-49 << HTTP/1.1 200 OK
48332 [Forwarding findElement on session 7177e9d132dc3c82c8edaf346c9b9a62 to remote] DEBUG org.apache.http.headers  - http-outgoing-49 << HTTP/1.1 200 OK
48332 [Forwarding findElement on session 7177e9d132dc3c82c8edaf346c9b9a62 to remote] DEBUG org.apache.http.headers  - http-outgoing-49 << Content-Length:100
48332 [Forwarding findElement on session 7177e9d132dc3c82c8edaf346c9b9a62 to remote] DEBUG org.apache.http.headers  - http-outgoing-49 << Content-Length:100
48332 [Forwarding findElement on session 7177e9d132dc3c82c8edaf346c9b9a62 to remote] DEBUG org.apache.http.headers  - http-outgoing-49 << Content-Type:application/json; charset=utf-8
48332 [Forwarding findElement on session 7177e9d132dc3c82c8edaf346c9b9a62 to remote] DEBUG org.apache.http.headers  - http-outgoing-49 << Content-Type:application/json; charset=utf-8
48332 [Forwarding findElement on session 7177e9d132dc3c82c8edaf346c9b9a62 to remote] DEBUG org.apache.http.headers  - http-outgoing-49 << Connection:close
48332 [Forwarding findElement on session 7177e9d132dc3c82c8edaf346c9b9a62 to remote] DEBUG org.apache.http.headers  - http-outgoing-49 << Connection:close
48333 [Forwarding findElement on session 7177e9d132dc3c82c8edaf346c9b9a62 to remote] DEBUG org.apache.http.impl.conn.DefaultManagedHttpClientConnection  - http-outgoing-49: Close connection
48333 [Forwarding findElement on session 7177e9d132dc3c82c8edaf346c9b9a62 to remote] DEBUG org.apache.http.impl.conn.DefaultManagedHttpClientConnection  - http-outgoing-49: Close connection
48334 [Forwarding findElement on session 7177e9d132dc3c82c8edaf346c9b9a62 to remote] DEBUG org.apache.http.impl.execchain.MainClientExec  - Connection discarded
48334 [Forwarding findElement on session 7177e9d132dc3c82c8edaf346c9b9a62 to remote] DEBUG org.apache.http.impl.execchain.MainClientExec  - Connection discarded
48334 [Forwarding findElement on session 7177e9d132dc3c82c8edaf346c9b9a62 to remote] DEBUG org.apache.http.impl.conn.PoolingHttpClientConnectionManager  - Connection released: [id: 49][route: {}->http://localhost:19138][total kept alive: 0; route allocated: 0 of 2000; total allocated: 0 of 2000]
48334 [Forwarding findElement on session 7177e9d132dc3c82c8edaf346c9b9a62 to remote] DEBUG org.apache.http.impl.conn.PoolingHttpClientConnectionManager  - Connection released: [id: 49][route: {}->http://localhost:19138][total kept alive: 0; route allocated: 0 of 2000; total allocated: 0 of 2000]
48336 [Forwarding clickElement on session 7177e9d132dc3c82c8edaf346c9b9a62 to remote] DEBUG org.apache.http.client.protocol.RequestAddCookies  - CookieSpec selected: default
48336 [Forwarding clickElement on session 7177e9d132dc3c82c8edaf346c9b9a62 to remote] DEBUG org.apache.http.client.protocol.RequestAddCookies  - CookieSpec selected: default
48336 [Forwarding clickElement on session 7177e9d132dc3c82c8edaf346c9b9a62 to remote] DEBUG org.apache.http.client.protocol.RequestAuthCache  - Auth cache not set in the context
48336 [Forwarding clickElement on session 7177e9d132dc3c82c8edaf346c9b9a62 to remote] DEBUG org.apache.http.client.protocol.RequestAuthCache  - Auth cache not set in the context
48336 [Forwarding clickElement on session 7177e9d132dc3c82c8edaf346c9b9a62 to remote] DEBUG org.apache.http.impl.conn.PoolingHttpClientConnectionManager  - Connection request: [route: {}->http://localhost:19138][total kept alive: 0; route allocated: 0 of 2000; total allocated: 0 of 2000]
48336 [Forwarding clickElement on session 7177e9d132dc3c82c8edaf346c9b9a62 to remote] DEBUG org.apache.http.impl.conn.PoolingHttpClientConnectionManager  - Connection request: [route: {}->http://localhost:19138][total kept alive: 0; route allocated: 0 of 2000; total allocated: 0 of 2000]
48336 [Forwarding clickElement on session 7177e9d132dc3c82c8edaf346c9b9a62 to remote] DEBUG org.apache.http.impl.conn.PoolingHttpClientConnectionManager  - Connection leased: [id: 50][route: {}->http://localhost:19138][total kept alive: 0; route allocated: 1 of 2000; total allocated: 1 of 2000]
48336 [Forwarding clickElement on session 7177e9d132dc3c82c8edaf346c9b9a62 to remote] DEBUG org.apache.http.impl.conn.PoolingHttpClientConnectionManager  - Connection leased: [id: 50][route: {}->http://localhost:19138][total kept alive: 0; route allocated: 1 of 2000; total allocated: 1 of 2000]
48336 [Forwarding clickElement on session 7177e9d132dc3c82c8edaf346c9b9a62 to remote] DEBUG org.apache.http.impl.execchain.MainClientExec  - Opening connection {}->http://localhost:19138
48336 [Forwarding clickElement on session 7177e9d132dc3c82c8edaf346c9b9a62 to remote] DEBUG org.apache.http.impl.execchain.MainClientExec  - Opening connection {}->http://localhost:19138
48337 [Forwarding clickElement on session 7177e9d132dc3c82c8edaf346c9b9a62 to remote] DEBUG org.apache.http.impl.conn.DefaultHttpClientConnectionOperator  - Connecting to localhost/127.0.0.1:19138
48337 [Forwarding clickElement on session 7177e9d132dc3c82c8edaf346c9b9a62 to remote] DEBUG org.apache.http.impl.conn.DefaultHttpClientConnectionOperator  - Connecting to localhost/127.0.0.1:19138
48337 [Forwarding clickElement on session 7177e9d132dc3c82c8edaf346c9b9a62 to remote] DEBUG org.apache.http.impl.conn.DefaultHttpClientConnectionOperator  - Connection established 127.0.0.1:52886<->127.0.0.1:19138
48337 [Forwarding clickElement on session 7177e9d132dc3c82c8edaf346c9b9a62 to remote] DEBUG org.apache.http.impl.conn.DefaultHttpClientConnectionOperator  - Connection established 127.0.0.1:52886<->127.0.0.1:19138
48337 [Forwarding clickElement on session 7177e9d132dc3c82c8edaf346c9b9a62 to remote] DEBUG org.apache.http.impl.conn.DefaultManagedHttpClientConnection  - http-outgoing-50: set socket timeout to 10800000
48337 [Forwarding clickElement on session 7177e9d132dc3c82c8edaf346c9b9a62 to remote] DEBUG org.apache.http.impl.conn.DefaultManagedHttpClientConnection  - http-outgoing-50: set socket timeout to 10800000
48337 [Forwarding clickElement on session 7177e9d132dc3c82c8edaf346c9b9a62 to remote] DEBUG org.apache.http.impl.execchain.MainClientExec  - Executing request POST /session/7177e9d132dc3c82c8edaf346c9b9a62/element/0.58568000508691-1/click HTTP/1.1
48337 [Forwarding clickElement on session 7177e9d132dc3c82c8edaf346c9b9a62 to remote] DEBUG org.apache.http.impl.execchain.MainClientExec  - Executing request POST /session/7177e9d132dc3c82c8edaf346c9b9a62/element/0.58568000508691-1/click HTTP/1.1
48338 [Forwarding clickElement on session 7177e9d132dc3c82c8edaf346c9b9a62 to remote] DEBUG org.apache.http.impl.execchain.MainClientExec  - Target auth state: UNCHALLENGED
48338 [Forwarding clickElement on session 7177e9d132dc3c82c8edaf346c9b9a62 to remote] DEBUG org.apache.http.impl.execchain.MainClientExec  - Target auth state: UNCHALLENGED
48338 [Forwarding clickElement on session 7177e9d132dc3c82c8edaf346c9b9a62 to remote] DEBUG org.apache.http.impl.execchain.MainClientExec  - Proxy auth state: UNCHALLENGED
48338 [Forwarding clickElement on session 7177e9d132dc3c82c8edaf346c9b9a62 to remote] DEBUG org.apache.http.impl.execchain.MainClientExec  - Proxy auth state: UNCHALLENGED
48338 [Forwarding clickElement on session 7177e9d132dc3c82c8edaf346c9b9a62 to remote] DEBUG org.apache.http.headers  - http-outgoing-50 >> POST /session/7177e9d132dc3c82c8edaf346c9b9a62/element/0.58568000508691-1/click HTTP/1.1
48338 [Forwarding clickElement on session 7177e9d132dc3c82c8edaf346c9b9a62 to remote] DEBUG org.apache.http.headers  - http-outgoing-50 >> POST /session/7177e9d132dc3c82c8edaf346c9b9a62/element/0.58568000508691-1/click HTTP/1.1
48338 [Forwarding clickElement on session 7177e9d132dc3c82c8edaf346c9b9a62 to remote] DEBUG org.apache.http.headers  - http-outgoing-50 >> Content-Type: application/json; charset=utf-8
48338 [Forwarding clickElement on session 7177e9d132dc3c82c8edaf346c9b9a62 to remote] DEBUG org.apache.http.headers  - http-outgoing-50 >> Content-Type: application/json; charset=utf-8
48339 [Forwarding clickElement on session 7177e9d132dc3c82c8edaf346c9b9a62 to remote] DEBUG org.apache.http.headers  - http-outgoing-50 >> Content-Length: 27
48339 [Forwarding clickElement on session 7177e9d132dc3c82c8edaf346c9b9a62 to remote] DEBUG org.apache.http.headers  - http-outgoing-50 >> Content-Length: 27
48339 [Forwarding clickElement on session 7177e9d132dc3c82c8edaf346c9b9a62 to remote] DEBUG org.apache.http.headers  - http-outgoing-50 >> Host: localhost:19138
48339 [Forwarding clickElement on session 7177e9d132dc3c82c8edaf346c9b9a62 to remote] DEBUG org.apache.http.headers  - http-outgoing-50 >> Host: localhost:19138
48339 [Forwarding clickElement on session 7177e9d132dc3c82c8edaf346c9b9a62 to remote] DEBUG org.apache.http.headers  - http-outgoing-50 >> Connection: Keep-Alive
48339 [Forwarding clickElement on session 7177e9d132dc3c82c8edaf346c9b9a62 to remote] DEBUG org.apache.http.headers  - http-outgoing-50 >> Connection: Keep-Alive
48339 [Forwarding clickElement on session 7177e9d132dc3c82c8edaf346c9b9a62 to remote] DEBUG org.apache.http.headers  - http-outgoing-50 >> User-Agent: Apache-HttpClient/4.5.2 (Java/1.8.0_91)
48339 [Forwarding clickElement on session 7177e9d132dc3c82c8edaf346c9b9a62 to remote] DEBUG org.apache.http.headers  - http-outgoing-50 >> User-Agent: Apache-HttpClient/4.5.2 (Java/1.8.0_91)
48339 [Forwarding clickElement on session 7177e9d132dc3c82c8edaf346c9b9a62 to remote] DEBUG org.apache.http.headers  - http-outgoing-50 >> Accept-Encoding: gzip,deflate
48339 [Forwarding clickElement on session 7177e9d132dc3c82c8edaf346c9b9a62 to remote] DEBUG org.apache.http.headers  - http-outgoing-50 >> Accept-Encoding: gzip,deflate
48339 [Forwarding clickElement on session 7177e9d132dc3c82c8edaf346c9b9a62 to remote] DEBUG org.apache.http.wire  - http-outgoing-50 >> "POST /session/7177e9d132dc3c82c8edaf346c9b9a62/element/0.58568000508691-1/click HTTP/1.1[\r][\n]"
48339 [Forwarding clickElement on session 7177e9d132dc3c82c8edaf346c9b9a62 to remote] DEBUG org.apache.http.wire  - http-outgoing-50 >> "POST /session/7177e9d132dc3c82c8edaf346c9b9a62/element/0.58568000508691-1/click HTTP/1.1[\r][\n]"
48340 [Forwarding clickElement on session 7177e9d132dc3c82c8edaf346c9b9a62 to remote] DEBUG org.apache.http.wire  - http-outgoing-50 >> "Content-Type: application/json; charset=utf-8[\r][\n]"
48340 [Forwarding clickElement on session 7177e9d132dc3c82c8edaf346c9b9a62 to remote] DEBUG org.apache.http.wire  - http-outgoing-50 >> "Content-Type: application/json; charset=utf-8[\r][\n]"
48340 [Forwarding clickElement on session 7177e9d132dc3c82c8edaf346c9b9a62 to remote] DEBUG org.apache.http.wire  - http-outgoing-50 >> "Content-Length: 27[\r][\n]"
48340 [Forwarding clickElement on session 7177e9d132dc3c82c8edaf346c9b9a62 to remote] DEBUG org.apache.http.wire  - http-outgoing-50 >> "Content-Length: 27[\r][\n]"
48340 [Forwarding clickElement on session 7177e9d132dc3c82c8edaf346c9b9a62 to remote] DEBUG org.apache.http.wire  - http-outgoing-50 >> "Host: localhost:19138[\r][\n]"
48340 [Forwarding clickElement on session 7177e9d132dc3c82c8edaf346c9b9a62 to remote] DEBUG org.apache.http.wire  - http-outgoing-50 >> "Host: localhost:19138[\r][\n]"
48340 [Forwarding clickElement on session 7177e9d132dc3c82c8edaf346c9b9a62 to remote] DEBUG org.apache.http.wire  - http-outgoing-50 >> "Connection: Keep-Alive[\r][\n]"
48340 [Forwarding clickElement on session 7177e9d132dc3c82c8edaf346c9b9a62 to remote] DEBUG org.apache.http.wire  - http-outgoing-50 >> "Connection: Keep-Alive[\r][\n]"
48340 [Forwarding clickElement on session 7177e9d132dc3c82c8edaf346c9b9a62 to remote] DEBUG org.apache.http.wire  - http-outgoing-50 >> "User-Agent: Apache-HttpClient/4.5.2 (Java/1.8.0_91)[\r][\n]"
48340 [Forwarding clickElement on session 7177e9d132dc3c82c8edaf346c9b9a62 to remote] DEBUG org.apache.http.wire  - http-outgoing-50 >> "User-Agent: Apache-HttpClient/4.5.2 (Java/1.8.0_91)[\r][\n]"
48340 [Forwarding clickElement on session 7177e9d132dc3c82c8edaf346c9b9a62 to remote] DEBUG org.apache.http.wire  - http-outgoing-50 >> "Accept-Encoding: gzip,deflate[\r][\n]"
48340 [Forwarding clickElement on session 7177e9d132dc3c82c8edaf346c9b9a62 to remote] DEBUG org.apache.http.wire  - http-outgoing-50 >> "Accept-Encoding: gzip,deflate[\r][\n]"
48341 [Forwarding clickElement on session 7177e9d132dc3c82c8edaf346c9b9a62 to remote] DEBUG org.apache.http.wire  - http-outgoing-50 >> "[\r][\n]"
48341 [Forwarding clickElement on session 7177e9d132dc3c82c8edaf346c9b9a62 to remote] DEBUG org.apache.http.wire  - http-outgoing-50 >> "[\r][\n]"
48341 [Forwarding clickElement on session 7177e9d132dc3c82c8edaf346c9b9a62 to remote] DEBUG org.apache.http.wire  - http-outgoing-50 >> "{"id":"0.58568000508691-1"}"
48341 [Forwarding clickElement on session 7177e9d132dc3c82c8edaf346c9b9a62 to remote] DEBUG org.apache.http.wire  - http-outgoing-50 >> "{"id":"0.58568000508691-1"}"
49511 [Forwarding clickElement on session 7177e9d132dc3c82c8edaf346c9b9a62 to remote] DEBUG org.apache.http.wire  - http-outgoing-50 << "HTTP/1.1 200 OK[\r][\n]"
49511 [Forwarding clickElement on session 7177e9d132dc3c82c8edaf346c9b9a62 to remote] DEBUG org.apache.http.wire  - http-outgoing-50 << "HTTP/1.1 200 OK[\r][\n]"
49511 [Forwarding clickElement on session 7177e9d132dc3c82c8edaf346c9b9a62 to remote] DEBUG org.apache.http.wire  - http-outgoing-50 << "Content-Length:72[\r][\n]"
49511 [Forwarding clickElement on session 7177e9d132dc3c82c8edaf346c9b9a62 to remote] DEBUG org.apache.http.wire  - http-outgoing-50 << "Content-Length:72[\r][\n]"
49511 [Forwarding clickElement on session 7177e9d132dc3c82c8edaf346c9b9a62 to remote] DEBUG org.apache.http.wire  - http-outgoing-50 << "Content-Type:application/json; charset=utf-8[\r][\n]"
49511 [Forwarding clickElement on session 7177e9d132dc3c82c8edaf346c9b9a62 to remote] DEBUG org.apache.http.wire  - http-outgoing-50 << "Content-Type:application/json; charset=utf-8[\r][\n]"
49511 [Forwarding clickElement on session 7177e9d132dc3c82c8edaf346c9b9a62 to remote] DEBUG org.apache.http.wire  - http-outgoing-50 << "Connection:close[\r][\n]"
49511 [Forwarding clickElement on session 7177e9d132dc3c82c8edaf346c9b9a62 to remote] DEBUG org.apache.http.wire  - http-outgoing-50 << "Connection:close[\r][\n]"
49511 [Forwarding clickElement on session 7177e9d132dc3c82c8edaf346c9b9a62 to remote] DEBUG org.apache.http.wire  - http-outgoing-50 << "[\r][\n]"
49511 [Forwarding clickElement on session 7177e9d132dc3c82c8edaf346c9b9a62 to remote] DEBUG org.apache.http.wire  - http-outgoing-50 << "[\r][\n]"
49512 [Forwarding clickElement on session 7177e9d132dc3c82c8edaf346c9b9a62 to remote] DEBUG org.apache.http.wire  - http-outgoing-50 << "{"sessionId":"7177e9d132dc3c82c8edaf346c9b9a62","status":0,"value":null}"
49512 [Forwarding clickElement on session 7177e9d132dc3c82c8edaf346c9b9a62 to remote] DEBUG org.apache.http.wire  - http-outgoing-50 << "{"sessionId":"7177e9d132dc3c82c8edaf346c9b9a62","status":0,"value":null}"
49512 [Forwarding clickElement on session 7177e9d132dc3c82c8edaf346c9b9a62 to remote] DEBUG org.apache.http.headers  - http-outgoing-50 << HTTP/1.1 200 OK
49512 [Forwarding clickElement on session 7177e9d132dc3c82c8edaf346c9b9a62 to remote] DEBUG org.apache.http.headers  - http-outgoing-50 << HTTP/1.1 200 OK
49512 [Forwarding clickElement on session 7177e9d132dc3c82c8edaf346c9b9a62 to remote] DEBUG org.apache.http.headers  - http-outgoing-50 << Content-Length:72
49512 [Forwarding clickElement on session 7177e9d132dc3c82c8edaf346c9b9a62 to remote] DEBUG org.apache.http.headers  - http-outgoing-50 << Content-Length:72
49512 [Forwarding clickElement on session 7177e9d132dc3c82c8edaf346c9b9a62 to remote] DEBUG org.apache.http.headers  - http-outgoing-50 << Content-Type:application/json; charset=utf-8
49512 [Forwarding clickElement on session 7177e9d132dc3c82c8edaf346c9b9a62 to remote] DEBUG org.apache.http.headers  - http-outgoing-50 << Content-Type:application/json; charset=utf-8
49512 [Forwarding clickElement on session 7177e9d132dc3c82c8edaf346c9b9a62 to remote] DEBUG org.apache.http.headers  - http-outgoing-50 << Connection:close
49512 [Forwarding clickElement on session 7177e9d132dc3c82c8edaf346c9b9a62 to remote] DEBUG org.apache.http.headers  - http-outgoing-50 << Connection:close
49513 [Forwarding clickElement on session 7177e9d132dc3c82c8edaf346c9b9a62 to remote] DEBUG org.apache.http.impl.conn.DefaultManagedHttpClientConnection  - http-outgoing-50: Close connection
49513 [Forwarding clickElement on session 7177e9d132dc3c82c8edaf346c9b9a62 to remote] DEBUG org.apache.http.impl.conn.DefaultManagedHttpClientConnection  - http-outgoing-50: Close connection
49514 [Forwarding clickElement on session 7177e9d132dc3c82c8edaf346c9b9a62 to remote] DEBUG org.apache.http.impl.execchain.MainClientExec  - Connection discarded
49514 [Forwarding clickElement on session 7177e9d132dc3c82c8edaf346c9b9a62 to remote] DEBUG org.apache.http.impl.execchain.MainClientExec  - Connection discarded
49514 [Forwarding clickElement on session 7177e9d132dc3c82c8edaf346c9b9a62 to remote] DEBUG org.apache.http.impl.conn.PoolingHttpClientConnectionManager  - Connection released: [id: 50][route: {}->http://localhost:19138][total kept alive: 0; route allocated: 0 of 2000; total allocated: 0 of 2000]
49514 [Forwarding clickElement on session 7177e9d132dc3c82c8edaf346c9b9a62 to remote] DEBUG org.apache.http.impl.conn.PoolingHttpClientConnectionManager  - Connection released: [id: 50][route: {}->http://localhost:19138][total kept alive: 0; route allocated: 0 of 2000; total allocated: 0 of 2000]
52517 [Forwarding findElement on session 7177e9d132dc3c82c8edaf346c9b9a62 to remote] DEBUG org.apache.http.client.protocol.RequestAddCookies  - CookieSpec selected: default
52517 [Forwarding findElement on session 7177e9d132dc3c82c8edaf346c9b9a62 to remote] DEBUG org.apache.http.client.protocol.RequestAddCookies  - CookieSpec selected: default
52517 [Forwarding findElement on session 7177e9d132dc3c82c8edaf346c9b9a62 to remote] DEBUG org.apache.http.client.protocol.RequestAuthCache  - Auth cache not set in the context
52517 [Forwarding findElement on session 7177e9d132dc3c82c8edaf346c9b9a62 to remote] DEBUG org.apache.http.client.protocol.RequestAuthCache  - Auth cache not set in the context
52517 [Forwarding findElement on session 7177e9d132dc3c82c8edaf346c9b9a62 to remote] DEBUG org.apache.http.impl.conn.PoolingHttpClientConnectionManager  - Connection request: [route: {}->http://localhost:19138][total kept alive: 0; route allocated: 0 of 2000; total allocated: 0 of 2000]
52517 [Forwarding findElement on session 7177e9d132dc3c82c8edaf346c9b9a62 to remote] DEBUG org.apache.http.impl.conn.PoolingHttpClientConnectionManager  - Connection request: [route: {}->http://localhost:19138][total kept alive: 0; route allocated: 0 of 2000; total allocated: 0 of 2000]
52517 [Forwarding findElement on session 7177e9d132dc3c82c8edaf346c9b9a62 to remote] DEBUG org.apache.http.impl.conn.PoolingHttpClientConnectionManager  - Connection leased: [id: 51][route: {}->http://localhost:19138][total kept alive: 0; route allocated: 1 of 2000; total allocated: 1 of 2000]
52517 [Forwarding findElement on session 7177e9d132dc3c82c8edaf346c9b9a62 to remote] DEBUG org.apache.http.impl.conn.PoolingHttpClientConnectionManager  - Connection leased: [id: 51][route: {}->http://localhost:19138][total kept alive: 0; route allocated: 1 of 2000; total allocated: 1 of 2000]
52517 [Forwarding findElement on session 7177e9d132dc3c82c8edaf346c9b9a62 to remote] DEBUG org.apache.http.impl.execchain.MainClientExec  - Opening connection {}->http://localhost:19138
52517 [Forwarding findElement on session 7177e9d132dc3c82c8edaf346c9b9a62 to remote] DEBUG org.apache.http.impl.execchain.MainClientExec  - Opening connection {}->http://localhost:19138
52518 [Forwarding findElement on session 7177e9d132dc3c82c8edaf346c9b9a62 to remote] DEBUG org.apache.http.impl.conn.DefaultHttpClientConnectionOperator  - Connecting to localhost/127.0.0.1:19138
52518 [Forwarding findElement on session 7177e9d132dc3c82c8edaf346c9b9a62 to remote] DEBUG org.apache.http.impl.conn.DefaultHttpClientConnectionOperator  - Connecting to localhost/127.0.0.1:19138
52519 [Forwarding findElement on session 7177e9d132dc3c82c8edaf346c9b9a62 to remote] DEBUG org.apache.http.impl.conn.DefaultHttpClientConnectionOperator  - Connection established 127.0.0.1:52887<->127.0.0.1:19138
52519 [Forwarding findElement on session 7177e9d132dc3c82c8edaf346c9b9a62 to remote] DEBUG org.apache.http.impl.conn.DefaultHttpClientConnectionOperator  - Connection established 127.0.0.1:52887<->127.0.0.1:19138
52519 [Forwarding findElement on session 7177e9d132dc3c82c8edaf346c9b9a62 to remote] DEBUG org.apache.http.impl.conn.DefaultManagedHttpClientConnection  - http-outgoing-51: set socket timeout to 10800000
52519 [Forwarding findElement on session 7177e9d132dc3c82c8edaf346c9b9a62 to remote] DEBUG org.apache.http.impl.conn.DefaultManagedHttpClientConnection  - http-outgoing-51: set socket timeout to 10800000
52519 [Forwarding findElement on session 7177e9d132dc3c82c8edaf346c9b9a62 to remote] DEBUG org.apache.http.impl.execchain.MainClientExec  - Executing request POST /session/7177e9d132dc3c82c8edaf346c9b9a62/element HTTP/1.1
52519 [Forwarding findElement on session 7177e9d132dc3c82c8edaf346c9b9a62 to remote] DEBUG org.apache.http.impl.execchain.MainClientExec  - Executing request POST /session/7177e9d132dc3c82c8edaf346c9b9a62/element HTTP/1.1
52519 [Forwarding findElement on session 7177e9d132dc3c82c8edaf346c9b9a62 to remote] DEBUG org.apache.http.impl.execchain.MainClientExec  - Target auth state: UNCHALLENGED
52519 [Forwarding findElement on session 7177e9d132dc3c82c8edaf346c9b9a62 to remote] DEBUG org.apache.http.impl.execchain.MainClientExec  - Target auth state: UNCHALLENGED
52519 [Forwarding findElement on session 7177e9d132dc3c82c8edaf346c9b9a62 to remote] DEBUG org.apache.http.impl.execchain.MainClientExec  - Proxy auth state: UNCHALLENGED
52519 [Forwarding findElement on session 7177e9d132dc3c82c8edaf346c9b9a62 to remote] DEBUG org.apache.http.impl.execchain.MainClientExec  - Proxy auth state: UNCHALLENGED
52519 [Forwarding findElement on session 7177e9d132dc3c82c8edaf346c9b9a62 to remote] DEBUG org.apache.http.headers  - http-outgoing-51 >> POST /session/7177e9d132dc3c82c8edaf346c9b9a62/element HTTP/1.1
52519 [Forwarding findElement on session 7177e9d132dc3c82c8edaf346c9b9a62 to remote] DEBUG org.apache.http.headers  - http-outgoing-51 >> POST /session/7177e9d132dc3c82c8edaf346c9b9a62/element HTTP/1.1
52519 [Forwarding findElement on session 7177e9d132dc3c82c8edaf346c9b9a62 to remote] DEBUG org.apache.http.headers  - http-outgoing-51 >> Content-Type: application/json; charset=utf-8
52519 [Forwarding findElement on session 7177e9d132dc3c82c8edaf346c9b9a62 to remote] DEBUG org.apache.http.headers  - http-outgoing-51 >> Content-Type: application/json; charset=utf-8
52519 [Forwarding findElement on session 7177e9d132dc3c82c8edaf346c9b9a62 to remote] DEBUG org.apache.http.headers  - http-outgoing-51 >> Content-Length: 49
52519 [Forwarding findElement on session 7177e9d132dc3c82c8edaf346c9b9a62 to remote] DEBUG org.apache.http.headers  - http-outgoing-51 >> Content-Length: 49
52519 [Forwarding findElement on session 7177e9d132dc3c82c8edaf346c9b9a62 to remote] DEBUG org.apache.http.headers  - http-outgoing-51 >> Host: localhost:19138
52519 [Forwarding findElement on session 7177e9d132dc3c82c8edaf346c9b9a62 to remote] DEBUG org.apache.http.headers  - http-outgoing-51 >> Host: localhost:19138
52519 [Forwarding findElement on session 7177e9d132dc3c82c8edaf346c9b9a62 to remote] DEBUG org.apache.http.headers  - http-outgoing-51 >> Connection: Keep-Alive
52519 [Forwarding findElement on session 7177e9d132dc3c82c8edaf346c9b9a62 to remote] DEBUG org.apache.http.headers  - http-outgoing-51 >> Connection: Keep-Alive
52519 [Forwarding findElement on session 7177e9d132dc3c82c8edaf346c9b9a62 to remote] DEBUG org.apache.http.headers  - http-outgoing-51 >> User-Agent: Apache-HttpClient/4.5.2 (Java/1.8.0_91)
52519 [Forwarding findElement on session 7177e9d132dc3c82c8edaf346c9b9a62 to remote] DEBUG org.apache.http.headers  - http-outgoing-51 >> User-Agent: Apache-HttpClient/4.5.2 (Java/1.8.0_91)
52519 [Forwarding findElement on session 7177e9d132dc3c82c8edaf346c9b9a62 to remote] DEBUG org.apache.http.headers  - http-outgoing-51 >> Accept-Encoding: gzip,deflate
52519 [Forwarding findElement on session 7177e9d132dc3c82c8edaf346c9b9a62 to remote] DEBUG org.apache.http.headers  - http-outgoing-51 >> Accept-Encoding: gzip,deflate
52519 [Forwarding findElement on session 7177e9d132dc3c82c8edaf346c9b9a62 to remote] DEBUG org.apache.http.wire  - http-outgoing-51 >> "POST /session/7177e9d132dc3c82c8edaf346c9b9a62/element HTTP/1.1[\r][\n]"
52519 [Forwarding findElement on session 7177e9d132dc3c82c8edaf346c9b9a62 to remote] DEBUG org.apache.http.wire  - http-outgoing-51 >> "POST /session/7177e9d132dc3c82c8edaf346c9b9a62/element HTTP/1.1[\r][\n]"
52519 [Forwarding findElement on session 7177e9d132dc3c82c8edaf346c9b9a62 to remote] DEBUG org.apache.http.wire  - http-outgoing-51 >> "Content-Type: application/json; charset=utf-8[\r][\n]"
52519 [Forwarding findElement on session 7177e9d132dc3c82c8edaf346c9b9a62 to remote] DEBUG org.apache.http.wire  - http-outgoing-51 >> "Content-Type: application/json; charset=utf-8[\r][\n]"
52519 [Forwarding findElement on session 7177e9d132dc3c82c8edaf346c9b9a62 to remote] DEBUG org.apache.http.wire  - http-outgoing-51 >> "Content-Length: 49[\r][\n]"
52519 [Forwarding findElement on session 7177e9d132dc3c82c8edaf346c9b9a62 to remote] DEBUG org.apache.http.wire  - http-outgoing-51 >> "Content-Length: 49[\r][\n]"
52519 [Forwarding findElement on session 7177e9d132dc3c82c8edaf346c9b9a62 to remote] DEBUG org.apache.http.wire  - http-outgoing-51 >> "Host: localhost:19138[\r][\n]"
52519 [Forwarding findElement on session 7177e9d132dc3c82c8edaf346c9b9a62 to remote] DEBUG org.apache.http.wire  - http-outgoing-51 >> "Host: localhost:19138[\r][\n]"
52519 [Forwarding findElement on session 7177e9d132dc3c82c8edaf346c9b9a62 to remote] DEBUG org.apache.http.wire  - http-outgoing-51 >> "Connection: Keep-Alive[\r][\n]"
52519 [Forwarding findElement on session 7177e9d132dc3c82c8edaf346c9b9a62 to remote] DEBUG org.apache.http.wire  - http-outgoing-51 >> "Connection: Keep-Alive[\r][\n]"
52519 [Forwarding findElement on session 7177e9d132dc3c82c8edaf346c9b9a62 to remote] DEBUG org.apache.http.wire  - http-outgoing-51 >> "User-Agent: Apache-HttpClient/4.5.2 (Java/1.8.0_91)[\r][\n]"
52519 [Forwarding findElement on session 7177e9d132dc3c82c8edaf346c9b9a62 to remote] DEBUG org.apache.http.wire  - http-outgoing-51 >> "User-Agent: Apache-HttpClient/4.5.2 (Java/1.8.0_91)[\r][\n]"
52519 [Forwarding findElement on session 7177e9d132dc3c82c8edaf346c9b9a62 to remote] DEBUG org.apache.http.wire  - http-outgoing-51 >> "Accept-Encoding: gzip,deflate[\r][\n]"
52519 [Forwarding findElement on session 7177e9d132dc3c82c8edaf346c9b9a62 to remote] DEBUG org.apache.http.wire  - http-outgoing-51 >> "Accept-Encoding: gzip,deflate[\r][\n]"
52520 [Forwarding findElement on session 7177e9d132dc3c82c8edaf346c9b9a62 to remote] DEBUG org.apache.http.wire  - http-outgoing-51 >> "[\r][\n]"
52520 [Forwarding findElement on session 7177e9d132dc3c82c8edaf346c9b9a62 to remote] DEBUG org.apache.http.wire  - http-outgoing-51 >> "[\r][\n]"
52520 [Forwarding findElement on session 7177e9d132dc3c82c8edaf346c9b9a62 to remote] DEBUG org.apache.http.wire  - http-outgoing-51 >> "{"using":"css selector","value":"#answersSearch"}"
52520 [Forwarding findElement on session 7177e9d132dc3c82c8edaf346c9b9a62 to remote] DEBUG org.apache.http.wire  - http-outgoing-51 >> "{"using":"css selector","value":"#answersSearch"}"
52546 [Forwarding findElement on session 7177e9d132dc3c82c8edaf346c9b9a62 to remote] DEBUG org.apache.http.wire  - http-outgoing-51 << "HTTP/1.1 200 OK[\r][\n]"
52546 [Forwarding findElement on session 7177e9d132dc3c82c8edaf346c9b9a62 to remote] DEBUG org.apache.http.wire  - http-outgoing-51 << "HTTP/1.1 200 OK[\r][\n]"
52546 [Forwarding findElement on session 7177e9d132dc3c82c8edaf346c9b9a62 to remote] DEBUG org.apache.http.wire  - http-outgoing-51 << "Content-Length:103[\r][\n]"
52546 [Forwarding findElement on session 7177e9d132dc3c82c8edaf346c9b9a62 to remote] DEBUG org.apache.http.wire  - http-outgoing-51 << "Content-Length:103[\r][\n]"
52546 [Forwarding findElement on session 7177e9d132dc3c82c8edaf346c9b9a62 to remote] DEBUG org.apache.http.wire  - http-outgoing-51 << "Content-Type:application/json; charset=utf-8[\r][\n]"
52546 [Forwarding findElement on session 7177e9d132dc3c82c8edaf346c9b9a62 to remote] DEBUG org.apache.http.wire  - http-outgoing-51 << "Content-Type:application/json; charset=utf-8[\r][\n]"
52546 [Forwarding findElement on session 7177e9d132dc3c82c8edaf346c9b9a62 to remote] DEBUG org.apache.http.wire  - http-outgoing-51 << "Connection:close[\r][\n]"
52546 [Forwarding findElement on session 7177e9d132dc3c82c8edaf346c9b9a62 to remote] DEBUG org.apache.http.wire  - http-outgoing-51 << "Connection:close[\r][\n]"
52546 [Forwarding findElement on session 7177e9d132dc3c82c8edaf346c9b9a62 to remote] DEBUG org.apache.http.wire  - http-outgoing-51 << "[\r][\n]"
52546 [Forwarding findElement on session 7177e9d132dc3c82c8edaf346c9b9a62 to remote] DEBUG org.apache.http.wire  - http-outgoing-51 << "[\r][\n]"
52546 [Forwarding findElement on session 7177e9d132dc3c82c8edaf346c9b9a62 to remote] DEBUG org.apache.http.wire  - http-outgoing-51 << "{"sessionId":"7177e9d132dc3c82c8edaf346c9b9a62","status":0,"value":{"ELEMENT":"0.10006474560246281-1"}}"
52546 [Forwarding findElement on session 7177e9d132dc3c82c8edaf346c9b9a62 to remote] DEBUG org.apache.http.wire  - http-outgoing-51 << "{"sessionId":"7177e9d132dc3c82c8edaf346c9b9a62","status":0,"value":{"ELEMENT":"0.10006474560246281-1"}}"
52547 [Forwarding findElement on session 7177e9d132dc3c82c8edaf346c9b9a62 to remote] DEBUG org.apache.http.headers  - http-outgoing-51 << HTTP/1.1 200 OK
52547 [Forwarding findElement on session 7177e9d132dc3c82c8edaf346c9b9a62 to remote] DEBUG org.apache.http.headers  - http-outgoing-51 << HTTP/1.1 200 OK
52547 [Forwarding findElement on session 7177e9d132dc3c82c8edaf346c9b9a62 to remote] DEBUG org.apache.http.headers  - http-outgoing-51 << Content-Length:103
52547 [Forwarding findElement on session 7177e9d132dc3c82c8edaf346c9b9a62 to remote] DEBUG org.apache.http.headers  - http-outgoing-51 << Content-Length:103
52547 [Forwarding findElement on session 7177e9d132dc3c82c8edaf346c9b9a62 to remote] DEBUG org.apache.http.headers  - http-outgoing-51 << Content-Type:application/json; charset=utf-8
52547 [Forwarding findElement on session 7177e9d132dc3c82c8edaf346c9b9a62 to remote] DEBUG org.apache.http.headers  - http-outgoing-51 << Content-Type:application/json; charset=utf-8
52547 [Forwarding findElement on session 7177e9d132dc3c82c8edaf346c9b9a62 to remote] DEBUG org.apache.http.headers  - http-outgoing-51 << Connection:close
52547 [Forwarding findElement on session 7177e9d132dc3c82c8edaf346c9b9a62 to remote] DEBUG org.apache.http.headers  - http-outgoing-51 << Connection:close
52549 [Forwarding findElement on session 7177e9d132dc3c82c8edaf346c9b9a62 to remote] DEBUG org.apache.http.impl.conn.DefaultManagedHttpClientConnection  - http-outgoing-51: Close connection
52549 [Forwarding findElement on session 7177e9d132dc3c82c8edaf346c9b9a62 to remote] DEBUG org.apache.http.impl.conn.DefaultManagedHttpClientConnection  - http-outgoing-51: Close connection
52550 [Forwarding findElement on session 7177e9d132dc3c82c8edaf346c9b9a62 to remote] DEBUG org.apache.http.impl.execchain.MainClientExec  - Connection discarded
52550 [Forwarding findElement on session 7177e9d132dc3c82c8edaf346c9b9a62 to remote] DEBUG org.apache.http.impl.execchain.MainClientExec  - Connection discarded
52550 [Forwarding findElement on session 7177e9d132dc3c82c8edaf346c9b9a62 to remote] DEBUG org.apache.http.impl.conn.PoolingHttpClientConnectionManager  - Connection released: [id: 51][route: {}->http://localhost:19138][total kept alive: 0; route allocated: 0 of 2000; total allocated: 0 of 2000]
52550 [Forwarding findElement on session 7177e9d132dc3c82c8edaf346c9b9a62 to remote] DEBUG org.apache.http.impl.conn.PoolingHttpClientConnectionManager  - Connection released: [id: 51][route: {}->http://localhost:19138][total kept alive: 0; route allocated: 0 of 2000; total allocated: 0 of 2000]
52552 [Forwarding sendKeysToElement on session 7177e9d132dc3c82c8edaf346c9b9a62 to remote] DEBUG org.apache.http.client.protocol.RequestAddCookies  - CookieSpec selected: default
52552 [Forwarding sendKeysToElement on session 7177e9d132dc3c82c8edaf346c9b9a62 to remote] DEBUG org.apache.http.client.protocol.RequestAddCookies  - CookieSpec selected: default
52552 [Forwarding sendKeysToElement on session 7177e9d132dc3c82c8edaf346c9b9a62 to remote] DEBUG org.apache.http.client.protocol.RequestAuthCache  - Auth cache not set in the context
52552 [Forwarding sendKeysToElement on session 7177e9d132dc3c82c8edaf346c9b9a62 to remote] DEBUG org.apache.http.client.protocol.RequestAuthCache  - Auth cache not set in the context
52552 [Forwarding sendKeysToElement on session 7177e9d132dc3c82c8edaf346c9b9a62 to remote] DEBUG org.apache.http.impl.conn.PoolingHttpClientConnectionManager  - Connection request: [route: {}->http://localhost:19138][total kept alive: 0; route allocated: 0 of 2000; total allocated: 0 of 2000]
52552 [Forwarding sendKeysToElement on session 7177e9d132dc3c82c8edaf346c9b9a62 to remote] DEBUG org.apache.http.impl.conn.PoolingHttpClientConnectionManager  - Connection request: [route: {}->http://localhost:19138][total kept alive: 0; route allocated: 0 of 2000; total allocated: 0 of 2000]
52552 [Forwarding sendKeysToElement on session 7177e9d132dc3c82c8edaf346c9b9a62 to remote] DEBUG org.apache.http.impl.conn.PoolingHttpClientConnectionManager  - Connection leased: [id: 52][route: {}->http://localhost:19138][total kept alive: 0; route allocated: 1 of 2000; total allocated: 1 of 2000]
52552 [Forwarding sendKeysToElement on session 7177e9d132dc3c82c8edaf346c9b9a62 to remote] DEBUG org.apache.http.impl.conn.PoolingHttpClientConnectionManager  - Connection leased: [id: 52][route: {}->http://localhost:19138][total kept alive: 0; route allocated: 1 of 2000; total allocated: 1 of 2000]
52552 [Forwarding sendKeysToElement on session 7177e9d132dc3c82c8edaf346c9b9a62 to remote] DEBUG org.apache.http.impl.execchain.MainClientExec  - Opening connection {}->http://localhost:19138
52552 [Forwarding sendKeysToElement on session 7177e9d132dc3c82c8edaf346c9b9a62 to remote] DEBUG org.apache.http.impl.execchain.MainClientExec  - Opening connection {}->http://localhost:19138
52552 [Forwarding sendKeysToElement on session 7177e9d132dc3c82c8edaf346c9b9a62 to remote] DEBUG org.apache.http.impl.conn.DefaultHttpClientConnectionOperator  - Connecting to localhost/127.0.0.1:19138
52552 [Forwarding sendKeysToElement on session 7177e9d132dc3c82c8edaf346c9b9a62 to remote] DEBUG org.apache.http.impl.conn.DefaultHttpClientConnectionOperator  - Connecting to localhost/127.0.0.1:19138
52553 [Forwarding sendKeysToElement on session 7177e9d132dc3c82c8edaf346c9b9a62 to remote] DEBUG org.apache.http.impl.conn.DefaultHttpClientConnectionOperator  - Connection established 127.0.0.1:52888<->127.0.0.1:19138
52553 [Forwarding sendKeysToElement on session 7177e9d132dc3c82c8edaf346c9b9a62 to remote] DEBUG org.apache.http.impl.conn.DefaultHttpClientConnectionOperator  - Connection established 127.0.0.1:52888<->127.0.0.1:19138
52553 [Forwarding sendKeysToElement on session 7177e9d132dc3c82c8edaf346c9b9a62 to remote] DEBUG org.apache.http.impl.conn.DefaultManagedHttpClientConnection  - http-outgoing-52: set socket timeout to 10800000
52553 [Forwarding sendKeysToElement on session 7177e9d132dc3c82c8edaf346c9b9a62 to remote] DEBUG org.apache.http.impl.conn.DefaultManagedHttpClientConnection  - http-outgoing-52: set socket timeout to 10800000
52553 [Forwarding sendKeysToElement on session 7177e9d132dc3c82c8edaf346c9b9a62 to remote] DEBUG org.apache.http.impl.execchain.MainClientExec  - Executing request POST /session/7177e9d132dc3c82c8edaf346c9b9a62/element/0.10006474560246281-1/value HTTP/1.1
52553 [Forwarding sendKeysToElement on session 7177e9d132dc3c82c8edaf346c9b9a62 to remote] DEBUG org.apache.http.impl.execchain.MainClientExec  - Executing request POST /session/7177e9d132dc3c82c8edaf346c9b9a62/element/0.10006474560246281-1/value HTTP/1.1
52553 [Forwarding sendKeysToElement on session 7177e9d132dc3c82c8edaf346c9b9a62 to remote] DEBUG org.apache.http.impl.execchain.MainClientExec  - Target auth state: UNCHALLENGED
52553 [Forwarding sendKeysToElement on session 7177e9d132dc3c82c8edaf346c9b9a62 to remote] DEBUG org.apache.http.impl.execchain.MainClientExec  - Target auth state: UNCHALLENGED
52553 [Forwarding sendKeysToElement on session 7177e9d132dc3c82c8edaf346c9b9a62 to remote] DEBUG org.apache.http.impl.execchain.MainClientExec  - Proxy auth state: UNCHALLENGED
52553 [Forwarding sendKeysToElement on session 7177e9d132dc3c82c8edaf346c9b9a62 to remote] DEBUG org.apache.http.impl.execchain.MainClientExec  - Proxy auth state: UNCHALLENGED
52553 [Forwarding sendKeysToElement on session 7177e9d132dc3c82c8edaf346c9b9a62 to remote] DEBUG org.apache.http.headers  - http-outgoing-52 >> POST /session/7177e9d132dc3c82c8edaf346c9b9a62/element/0.10006474560246281-1/value HTTP/1.1
52553 [Forwarding sendKeysToElement on session 7177e9d132dc3c82c8edaf346c9b9a62 to remote] DEBUG org.apache.http.headers  - http-outgoing-52 >> POST /session/7177e9d132dc3c82c8edaf346c9b9a62/element/0.10006474560246281-1/value HTTP/1.1
52553 [Forwarding sendKeysToElement on session 7177e9d132dc3c82c8edaf346c9b9a62 to remote] DEBUG org.apache.http.headers  - http-outgoing-52 >> Content-Type: application/json; charset=utf-8
52553 [Forwarding sendKeysToElement on session 7177e9d132dc3c82c8edaf346c9b9a62 to remote] DEBUG org.apache.http.headers  - http-outgoing-52 >> Content-Type: application/json; charset=utf-8
52553 [Forwarding sendKeysToElement on session 7177e9d132dc3c82c8edaf346c9b9a62 to remote] DEBUG org.apache.http.headers  - http-outgoing-52 >> Content-Length: 100
52553 [Forwarding sendKeysToElement on session 7177e9d132dc3c82c8edaf346c9b9a62 to remote] DEBUG org.apache.http.headers  - http-outgoing-52 >> Content-Length: 100
52553 [Forwarding sendKeysToElement on session 7177e9d132dc3c82c8edaf346c9b9a62 to remote] DEBUG org.apache.http.headers  - http-outgoing-52 >> Host: localhost:19138
52553 [Forwarding sendKeysToElement on session 7177e9d132dc3c82c8edaf346c9b9a62 to remote] DEBUG org.apache.http.headers  - http-outgoing-52 >> Host: localhost:19138
52553 [Forwarding sendKeysToElement on session 7177e9d132dc3c82c8edaf346c9b9a62 to remote] DEBUG org.apache.http.headers  - http-outgoing-52 >> Connection: Keep-Alive
52553 [Forwarding sendKeysToElement on session 7177e9d132dc3c82c8edaf346c9b9a62 to remote] DEBUG org.apache.http.headers  - http-outgoing-52 >> Connection: Keep-Alive
52553 [Forwarding sendKeysToElement on session 7177e9d132dc3c82c8edaf346c9b9a62 to remote] DEBUG org.apache.http.headers  - http-outgoing-52 >> User-Agent: Apache-HttpClient/4.5.2 (Java/1.8.0_91)
52553 [Forwarding sendKeysToElement on session 7177e9d132dc3c82c8edaf346c9b9a62 to remote] DEBUG org.apache.http.headers  - http-outgoing-52 >> User-Agent: Apache-HttpClient/4.5.2 (Java/1.8.0_91)
52553 [Forwarding sendKeysToElement on session 7177e9d132dc3c82c8edaf346c9b9a62 to remote] DEBUG org.apache.http.headers  - http-outgoing-52 >> Accept-Encoding: gzip,deflate
52553 [Forwarding sendKeysToElement on session 7177e9d132dc3c82c8edaf346c9b9a62 to remote] DEBUG org.apache.http.headers  - http-outgoing-52 >> Accept-Encoding: gzip,deflate
52553 [Forwarding sendKeysToElement on session 7177e9d132dc3c82c8edaf346c9b9a62 to remote] DEBUG org.apache.http.wire  - http-outgoing-52 >> "POST /session/7177e9d132dc3c82c8edaf346c9b9a62/element/0.10006474560246281-1/value HTTP/1.1[\r][\n]"
52553 [Forwarding sendKeysToElement on session 7177e9d132dc3c82c8edaf346c9b9a62 to remote] DEBUG org.apache.http.wire  - http-outgoing-52 >> "POST /session/7177e9d132dc3c82c8edaf346c9b9a62/element/0.10006474560246281-1/value HTTP/1.1[\r][\n]"
52553 [Forwarding sendKeysToElement on session 7177e9d132dc3c82c8edaf346c9b9a62 to remote] DEBUG org.apache.http.wire  - http-outgoing-52 >> "Content-Type: application/json; charset=utf-8[\r][\n]"
52553 [Forwarding sendKeysToElement on session 7177e9d132dc3c82c8edaf346c9b9a62 to remote] DEBUG org.apache.http.wire  - http-outgoing-52 >> "Content-Type: application/json; charset=utf-8[\r][\n]"
52553 [Forwarding sendKeysToElement on session 7177e9d132dc3c82c8edaf346c9b9a62 to remote] DEBUG org.apache.http.wire  - http-outgoing-52 >> "Content-Length: 100[\r][\n]"
52553 [Forwarding sendKeysToElement on session 7177e9d132dc3c82c8edaf346c9b9a62 to remote] DEBUG org.apache.http.wire  - http-outgoing-52 >> "Content-Length: 100[\r][\n]"
52553 [Forwarding sendKeysToElement on session 7177e9d132dc3c82c8edaf346c9b9a62 to remote] DEBUG org.apache.http.wire  - http-outgoing-52 >> "Host: localhost:19138[\r][\n]"
52553 [Forwarding sendKeysToElement on session 7177e9d132dc3c82c8edaf346c9b9a62 to remote] DEBUG org.apache.http.wire  - http-outgoing-52 >> "Host: localhost:19138[\r][\n]"
52553 [Forwarding sendKeysToElement on session 7177e9d132dc3c82c8edaf346c9b9a62 to remote] DEBUG org.apache.http.wire  - http-outgoing-52 >> "Connection: Keep-Alive[\r][\n]"
52553 [Forwarding sendKeysToElement on session 7177e9d132dc3c82c8edaf346c9b9a62 to remote] DEBUG org.apache.http.wire  - http-outgoing-52 >> "Connection: Keep-Alive[\r][\n]"
52553 [Forwarding sendKeysToElement on session 7177e9d132dc3c82c8edaf346c9b9a62 to remote] DEBUG org.apache.http.wire  - http-outgoing-52 >> "User-Agent: Apache-HttpClient/4.5.2 (Java/1.8.0_91)[\r][\n]"
52553 [Forwarding sendKeysToElement on session 7177e9d132dc3c82c8edaf346c9b9a62 to remote] DEBUG org.apache.http.wire  - http-outgoing-52 >> "User-Agent: Apache-HttpClient/4.5.2 (Java/1.8.0_91)[\r][\n]"
52553 [Forwarding sendKeysToElement on session 7177e9d132dc3c82c8edaf346c9b9a62 to remote] DEBUG org.apache.http.wire  - http-outgoing-52 >> "Accept-Encoding: gzip,deflate[\r][\n]"
52553 [Forwarding sendKeysToElement on session 7177e9d132dc3c82c8edaf346c9b9a62 to remote] DEBUG org.apache.http.wire  - http-outgoing-52 >> "Accept-Encoding: gzip,deflate[\r][\n]"
52553 [Forwarding sendKeysToElement on session 7177e9d132dc3c82c8edaf346c9b9a62 to remote] DEBUG org.apache.http.wire  - http-outgoing-52 >> "[\r][\n]"
52553 [Forwarding sendKeysToElement on session 7177e9d132dc3c82c8edaf346c9b9a62 to remote] DEBUG org.apache.http.wire  - http-outgoing-52 >> "[\r][\n]"
52553 [Forwarding sendKeysToElement on session 7177e9d132dc3c82c8edaf346c9b9a62 to remote] DEBUG org.apache.http.wire  - http-outgoing-52 >> "{"id":"0.10006474560246281-1","value":["Battery replacement procedure for current lenovo modelsaa"]}"
52553 [Forwarding sendKeysToElement on session 7177e9d132dc3c82c8edaf346c9b9a62 to remote] DEBUG org.apache.http.wire  - http-outgoing-52 >> "{"id":"0.10006474560246281-1","value":["Battery replacement procedure for current lenovo modelsaa"]}"
52712 [Forwarding sendKeysToElement on session 7177e9d132dc3c82c8edaf346c9b9a62 to remote] DEBUG org.apache.http.wire  - http-outgoing-52 << "HTTP/1.1 200 OK[\r][\n]"
52712 [Forwarding sendKeysToElement on session 7177e9d132dc3c82c8edaf346c9b9a62 to remote] DEBUG org.apache.http.wire  - http-outgoing-52 << "HTTP/1.1 200 OK[\r][\n]"
52712 [Forwarding sendKeysToElement on session 7177e9d132dc3c82c8edaf346c9b9a62 to remote] DEBUG org.apache.http.wire  - http-outgoing-52 << "Content-Length:72[\r][\n]"
52712 [Forwarding sendKeysToElement on session 7177e9d132dc3c82c8edaf346c9b9a62 to remote] DEBUG org.apache.http.wire  - http-outgoing-52 << "Content-Length:72[\r][\n]"
52712 [Forwarding sendKeysToElement on session 7177e9d132dc3c82c8edaf346c9b9a62 to remote] DEBUG org.apache.http.wire  - http-outgoing-52 << "Content-Type:application/json; charset=utf-8[\r][\n]"
52712 [Forwarding sendKeysToElement on session 7177e9d132dc3c82c8edaf346c9b9a62 to remote] DEBUG org.apache.http.wire  - http-outgoing-52 << "Content-Type:application/json; charset=utf-8[\r][\n]"
52712 [Forwarding sendKeysToElement on session 7177e9d132dc3c82c8edaf346c9b9a62 to remote] DEBUG org.apache.http.wire  - http-outgoing-52 << "Connection:close[\r][\n]"
52712 [Forwarding sendKeysToElement on session 7177e9d132dc3c82c8edaf346c9b9a62 to remote] DEBUG org.apache.http.wire  - http-outgoing-52 << "Connection:close[\r][\n]"
52712 [Forwarding sendKeysToElement on session 7177e9d132dc3c82c8edaf346c9b9a62 to remote] DEBUG org.apache.http.wire  - http-outgoing-52 << "[\r][\n]"
52712 [Forwarding sendKeysToElement on session 7177e9d132dc3c82c8edaf346c9b9a62 to remote] DEBUG org.apache.http.wire  - http-outgoing-52 << "[\r][\n]"
52712 [Forwarding sendKeysToElement on session 7177e9d132dc3c82c8edaf346c9b9a62 to remote] DEBUG org.apache.http.wire  - http-outgoing-52 << "{"sessionId":"7177e9d132dc3c82c8edaf346c9b9a62","status":0,"value":null}"
52712 [Forwarding sendKeysToElement on session 7177e9d132dc3c82c8edaf346c9b9a62 to remote] DEBUG org.apache.http.wire  - http-outgoing-52 << "{"sessionId":"7177e9d132dc3c82c8edaf346c9b9a62","status":0,"value":null}"
52712 [Forwarding sendKeysToElement on session 7177e9d132dc3c82c8edaf346c9b9a62 to remote] DEBUG org.apache.http.headers  - http-outgoing-52 << HTTP/1.1 200 OK
52712 [Forwarding sendKeysToElement on session 7177e9d132dc3c82c8edaf346c9b9a62 to remote] DEBUG org.apache.http.headers  - http-outgoing-52 << HTTP/1.1 200 OK
52712 [Forwarding sendKeysToElement on session 7177e9d132dc3c82c8edaf346c9b9a62 to remote] DEBUG org.apache.http.headers  - http-outgoing-52 << Content-Length:72
52712 [Forwarding sendKeysToElement on session 7177e9d132dc3c82c8edaf346c9b9a62 to remote] DEBUG org.apache.http.headers  - http-outgoing-52 << Content-Length:72
52712 [Forwarding sendKeysToElement on session 7177e9d132dc3c82c8edaf346c9b9a62 to remote] DEBUG org.apache.http.headers  - http-outgoing-52 << Content-Type:application/json; charset=utf-8
52712 [Forwarding sendKeysToElement on session 7177e9d132dc3c82c8edaf346c9b9a62 to remote] DEBUG org.apache.http.headers  - http-outgoing-52 << Content-Type:application/json; charset=utf-8
52712 [Forwarding sendKeysToElement on session 7177e9d132dc3c82c8edaf346c9b9a62 to remote] DEBUG org.apache.http.headers  - http-outgoing-52 << Connection:close
52712 [Forwarding sendKeysToElement on session 7177e9d132dc3c82c8edaf346c9b9a62 to remote] DEBUG org.apache.http.headers  - http-outgoing-52 << Connection:close
52712 [Forwarding sendKeysToElement on session 7177e9d132dc3c82c8edaf346c9b9a62 to remote] DEBUG org.apache.http.impl.conn.DefaultManagedHttpClientConnection  - http-outgoing-52: Close connection
52712 [Forwarding sendKeysToElement on session 7177e9d132dc3c82c8edaf346c9b9a62 to remote] DEBUG org.apache.http.impl.conn.DefaultManagedHttpClientConnection  - http-outgoing-52: Close connection
52712 [Forwarding sendKeysToElement on session 7177e9d132dc3c82c8edaf346c9b9a62 to remote] DEBUG org.apache.http.impl.execchain.MainClientExec  - Connection discarded
52712 [Forwarding sendKeysToElement on session 7177e9d132dc3c82c8edaf346c9b9a62 to remote] DEBUG org.apache.http.impl.execchain.MainClientExec  - Connection discarded
52713 [Forwarding sendKeysToElement on session 7177e9d132dc3c82c8edaf346c9b9a62 to remote] DEBUG org.apache.http.impl.conn.PoolingHttpClientConnectionManager  - Connection released: [id: 52][route: {}->http://localhost:19138][total kept alive: 0; route allocated: 0 of 2000; total allocated: 0 of 2000]
52713 [Forwarding sendKeysToElement on session 7177e9d132dc3c82c8edaf346c9b9a62 to remote] DEBUG org.apache.http.impl.conn.PoolingHttpClientConnectionManager  - Connection released: [id: 52][route: {}->http://localhost:19138][total kept alive: 0; route allocated: 0 of 2000; total allocated: 0 of 2000]
52720 [Forwarding findElement on session 7177e9d132dc3c82c8edaf346c9b9a62 to remote] DEBUG org.apache.http.client.protocol.RequestAddCookies  - CookieSpec selected: default
52720 [Forwarding findElement on session 7177e9d132dc3c82c8edaf346c9b9a62 to remote] DEBUG org.apache.http.client.protocol.RequestAddCookies  - CookieSpec selected: default
52720 [Forwarding findElement on session 7177e9d132dc3c82c8edaf346c9b9a62 to remote] DEBUG org.apache.http.client.protocol.RequestAuthCache  - Auth cache not set in the context
52720 [Forwarding findElement on session 7177e9d132dc3c82c8edaf346c9b9a62 to remote] DEBUG org.apache.http.client.protocol.RequestAuthCache  - Auth cache not set in the context
52720 [Forwarding findElement on session 7177e9d132dc3c82c8edaf346c9b9a62 to remote] DEBUG org.apache.http.impl.conn.PoolingHttpClientConnectionManager  - Connection request: [route: {}->http://localhost:19138][total kept alive: 0; route allocated: 0 of 2000; total allocated: 0 of 2000]
52720 [Forwarding findElement on session 7177e9d132dc3c82c8edaf346c9b9a62 to remote] DEBUG org.apache.http.impl.conn.PoolingHttpClientConnectionManager  - Connection request: [route: {}->http://localhost:19138][total kept alive: 0; route allocated: 0 of 2000; total allocated: 0 of 2000]
52720 [Forwarding findElement on session 7177e9d132dc3c82c8edaf346c9b9a62 to remote] DEBUG org.apache.http.impl.conn.PoolingHttpClientConnectionManager  - Connection leased: [id: 53][route: {}->http://localhost:19138][total kept alive: 0; route allocated: 1 of 2000; total allocated: 1 of 2000]
52720 [Forwarding findElement on session 7177e9d132dc3c82c8edaf346c9b9a62 to remote] DEBUG org.apache.http.impl.conn.PoolingHttpClientConnectionManager  - Connection leased: [id: 53][route: {}->http://localhost:19138][total kept alive: 0; route allocated: 1 of 2000; total allocated: 1 of 2000]
52720 [Forwarding findElement on session 7177e9d132dc3c82c8edaf346c9b9a62 to remote] DEBUG org.apache.http.impl.execchain.MainClientExec  - Opening connection {}->http://localhost:19138
52720 [Forwarding findElement on session 7177e9d132dc3c82c8edaf346c9b9a62 to remote] DEBUG org.apache.http.impl.execchain.MainClientExec  - Opening connection {}->http://localhost:19138
52720 [Forwarding findElement on session 7177e9d132dc3c82c8edaf346c9b9a62 to remote] DEBUG org.apache.http.impl.conn.DefaultHttpClientConnectionOperator  - Connecting to localhost/127.0.0.1:19138
52720 [Forwarding findElement on session 7177e9d132dc3c82c8edaf346c9b9a62 to remote] DEBUG org.apache.http.impl.conn.DefaultHttpClientConnectionOperator  - Connecting to localhost/127.0.0.1:19138
52721 [Forwarding findElement on session 7177e9d132dc3c82c8edaf346c9b9a62 to remote] DEBUG org.apache.http.impl.conn.DefaultHttpClientConnectionOperator  - Connection established 127.0.0.1:52889<->127.0.0.1:19138
52721 [Forwarding findElement on session 7177e9d132dc3c82c8edaf346c9b9a62 to remote] DEBUG org.apache.http.impl.conn.DefaultHttpClientConnectionOperator  - Connection established 127.0.0.1:52889<->127.0.0.1:19138
52721 [Forwarding findElement on session 7177e9d132dc3c82c8edaf346c9b9a62 to remote] DEBUG org.apache.http.impl.conn.DefaultManagedHttpClientConnection  - http-outgoing-53: set socket timeout to 10800000
52721 [Forwarding findElement on session 7177e9d132dc3c82c8edaf346c9b9a62 to remote] DEBUG org.apache.http.impl.conn.DefaultManagedHttpClientConnection  - http-outgoing-53: set socket timeout to 10800000
52721 [Forwarding findElement on session 7177e9d132dc3c82c8edaf346c9b9a62 to remote] DEBUG org.apache.http.impl.execchain.MainClientExec  - Executing request POST /session/7177e9d132dc3c82c8edaf346c9b9a62/element HTTP/1.1
52721 [Forwarding findElement on session 7177e9d132dc3c82c8edaf346c9b9a62 to remote] DEBUG org.apache.http.impl.execchain.MainClientExec  - Executing request POST /session/7177e9d132dc3c82c8edaf346c9b9a62/element HTTP/1.1
52721 [Forwarding findElement on session 7177e9d132dc3c82c8edaf346c9b9a62 to remote] DEBUG org.apache.http.impl.execchain.MainClientExec  - Target auth state: UNCHALLENGED
52721 [Forwarding findElement on session 7177e9d132dc3c82c8edaf346c9b9a62 to remote] DEBUG org.apache.http.impl.execchain.MainClientExec  - Target auth state: UNCHALLENGED
52721 [Forwarding findElement on session 7177e9d132dc3c82c8edaf346c9b9a62 to remote] DEBUG org.apache.http.impl.execchain.MainClientExec  - Proxy auth state: UNCHALLENGED
52721 [Forwarding findElement on session 7177e9d132dc3c82c8edaf346c9b9a62 to remote] DEBUG org.apache.http.impl.execchain.MainClientExec  - Proxy auth state: UNCHALLENGED
52721 [Forwarding findElement on session 7177e9d132dc3c82c8edaf346c9b9a62 to remote] DEBUG org.apache.http.headers  - http-outgoing-53 >> POST /session/7177e9d132dc3c82c8edaf346c9b9a62/element HTTP/1.1
52721 [Forwarding findElement on session 7177e9d132dc3c82c8edaf346c9b9a62 to remote] DEBUG org.apache.http.headers  - http-outgoing-53 >> POST /session/7177e9d132dc3c82c8edaf346c9b9a62/element HTTP/1.1
52722 [Forwarding findElement on session 7177e9d132dc3c82c8edaf346c9b9a62 to remote] DEBUG org.apache.http.headers  - http-outgoing-53 >> Content-Type: application/json; charset=utf-8
52722 [Forwarding findElement on session 7177e9d132dc3c82c8edaf346c9b9a62 to remote] DEBUG org.apache.http.headers  - http-outgoing-53 >> Content-Type: application/json; charset=utf-8
52722 [Forwarding findElement on session 7177e9d132dc3c82c8edaf346c9b9a62 to remote] DEBUG org.apache.http.headers  - http-outgoing-53 >> Content-Length: 46
52722 [Forwarding findElement on session 7177e9d132dc3c82c8edaf346c9b9a62 to remote] DEBUG org.apache.http.headers  - http-outgoing-53 >> Content-Length: 46
52722 [Forwarding findElement on session 7177e9d132dc3c82c8edaf346c9b9a62 to remote] DEBUG org.apache.http.headers  - http-outgoing-53 >> Host: localhost:19138
52722 [Forwarding findElement on session 7177e9d132dc3c82c8edaf346c9b9a62 to remote] DEBUG org.apache.http.headers  - http-outgoing-53 >> Host: localhost:19138
52722 [Forwarding findElement on session 7177e9d132dc3c82c8edaf346c9b9a62 to remote] DEBUG org.apache.http.headers  - http-outgoing-53 >> Connection: Keep-Alive
52722 [Forwarding findElement on session 7177e9d132dc3c82c8edaf346c9b9a62 to remote] DEBUG org.apache.http.headers  - http-outgoing-53 >> Connection: Keep-Alive
52722 [Forwarding findElement on session 7177e9d132dc3c82c8edaf346c9b9a62 to remote] DEBUG org.apache.http.headers  - http-outgoing-53 >> User-Agent: Apache-HttpClient/4.5.2 (Java/1.8.0_91)
52722 [Forwarding findElement on session 7177e9d132dc3c82c8edaf346c9b9a62 to remote] DEBUG org.apache.http.headers  - http-outgoing-53 >> User-Agent: Apache-HttpClient/4.5.2 (Java/1.8.0_91)
52722 [Forwarding findElement on session 7177e9d132dc3c82c8edaf346c9b9a62 to remote] DEBUG org.apache.http.headers  - http-outgoing-53 >> Accept-Encoding: gzip,deflate
52722 [Forwarding findElement on session 7177e9d132dc3c82c8edaf346c9b9a62 to remote] DEBUG org.apache.http.headers  - http-outgoing-53 >> Accept-Encoding: gzip,deflate
52722 [Forwarding findElement on session 7177e9d132dc3c82c8edaf346c9b9a62 to remote] DEBUG org.apache.http.wire  - http-outgoing-53 >> "POST /session/7177e9d132dc3c82c8edaf346c9b9a62/element HTTP/1.1[\r][\n]"
52722 [Forwarding findElement on session 7177e9d132dc3c82c8edaf346c9b9a62 to remote] DEBUG org.apache.http.wire  - http-outgoing-53 >> "POST /session/7177e9d132dc3c82c8edaf346c9b9a62/element HTTP/1.1[\r][\n]"
52722 [Forwarding findElement on session 7177e9d132dc3c82c8edaf346c9b9a62 to remote] DEBUG org.apache.http.wire  - http-outgoing-53 >> "Content-Type: application/json; charset=utf-8[\r][\n]"
52722 [Forwarding findElement on session 7177e9d132dc3c82c8edaf346c9b9a62 to remote] DEBUG org.apache.http.wire  - http-outgoing-53 >> "Content-Type: application/json; charset=utf-8[\r][\n]"
52722 [Forwarding findElement on session 7177e9d132dc3c82c8edaf346c9b9a62 to remote] DEBUG org.apache.http.wire  - http-outgoing-53 >> "Content-Length: 46[\r][\n]"
52722 [Forwarding findElement on session 7177e9d132dc3c82c8edaf346c9b9a62 to remote] DEBUG org.apache.http.wire  - http-outgoing-53 >> "Content-Length: 46[\r][\n]"
52722 [Forwarding findElement on session 7177e9d132dc3c82c8edaf346c9b9a62 to remote] DEBUG org.apache.http.wire  - http-outgoing-53 >> "Host: localhost:19138[\r][\n]"
52722 [Forwarding findElement on session 7177e9d132dc3c82c8edaf346c9b9a62 to remote] DEBUG org.apache.http.wire  - http-outgoing-53 >> "Host: localhost:19138[\r][\n]"
52722 [Forwarding findElement on session 7177e9d132dc3c82c8edaf346c9b9a62 to remote] DEBUG org.apache.http.wire  - http-outgoing-53 >> "Connection: Keep-Alive[\r][\n]"
52722 [Forwarding findElement on session 7177e9d132dc3c82c8edaf346c9b9a62 to remote] DEBUG org.apache.http.wire  - http-outgoing-53 >> "Connection: Keep-Alive[\r][\n]"
52722 [Forwarding findElement on session 7177e9d132dc3c82c8edaf346c9b9a62 to remote] DEBUG org.apache.http.wire  - http-outgoing-53 >> "User-Agent: Apache-HttpClient/4.5.2 (Java/1.8.0_91)[\r][\n]"
52722 [Forwarding findElement on session 7177e9d132dc3c82c8edaf346c9b9a62 to remote] DEBUG org.apache.http.wire  - http-outgoing-53 >> "User-Agent: Apache-HttpClient/4.5.2 (Java/1.8.0_91)[\r][\n]"
52722 [Forwarding findElement on session 7177e9d132dc3c82c8edaf346c9b9a62 to remote] DEBUG org.apache.http.wire  - http-outgoing-53 >> "Accept-Encoding: gzip,deflate[\r][\n]"
52722 [Forwarding findElement on session 7177e9d132dc3c82c8edaf346c9b9a62 to remote] DEBUG org.apache.http.wire  - http-outgoing-53 >> "Accept-Encoding: gzip,deflate[\r][\n]"
52722 [Forwarding findElement on session 7177e9d132dc3c82c8edaf346c9b9a62 to remote] DEBUG org.apache.http.wire  - http-outgoing-53 >> "[\r][\n]"
52722 [Forwarding findElement on session 7177e9d132dc3c82c8edaf346c9b9a62 to remote] DEBUG org.apache.http.wire  - http-outgoing-53 >> "[\r][\n]"
52722 [Forwarding findElement on session 7177e9d132dc3c82c8edaf346c9b9a62 to remote] DEBUG org.apache.http.wire  - http-outgoing-53 >> "{"using":"css selector","value":"#searchIcon"}"
52722 [Forwarding findElement on session 7177e9d132dc3c82c8edaf346c9b9a62 to remote] DEBUG org.apache.http.wire  - http-outgoing-53 >> "{"using":"css selector","value":"#searchIcon"}"
52772 [Forwarding findElement on session 7177e9d132dc3c82c8edaf346c9b9a62 to remote] DEBUG org.apache.http.wire  - http-outgoing-53 << "HTTP/1.1 200 OK[\r][\n]"
52772 [Forwarding findElement on session 7177e9d132dc3c82c8edaf346c9b9a62 to remote] DEBUG org.apache.http.wire  - http-outgoing-53 << "HTTP/1.1 200 OK[\r][\n]"
52772 [Forwarding findElement on session 7177e9d132dc3c82c8edaf346c9b9a62 to remote] DEBUG org.apache.http.wire  - http-outgoing-53 << "Content-Length:103[\r][\n]"
52772 [Forwarding findElement on session 7177e9d132dc3c82c8edaf346c9b9a62 to remote] DEBUG org.apache.http.wire  - http-outgoing-53 << "Content-Length:103[\r][\n]"
52772 [Forwarding findElement on session 7177e9d132dc3c82c8edaf346c9b9a62 to remote] DEBUG org.apache.http.wire  - http-outgoing-53 << "Content-Type:application/json; charset=utf-8[\r][\n]"
52772 [Forwarding findElement on session 7177e9d132dc3c82c8edaf346c9b9a62 to remote] DEBUG org.apache.http.wire  - http-outgoing-53 << "Content-Type:application/json; charset=utf-8[\r][\n]"
52772 [Forwarding findElement on session 7177e9d132dc3c82c8edaf346c9b9a62 to remote] DEBUG org.apache.http.wire  - http-outgoing-53 << "Connection:close[\r][\n]"
52772 [Forwarding findElement on session 7177e9d132dc3c82c8edaf346c9b9a62 to remote] DEBUG org.apache.http.wire  - http-outgoing-53 << "Connection:close[\r][\n]"
52772 [Forwarding findElement on session 7177e9d132dc3c82c8edaf346c9b9a62 to remote] DEBUG org.apache.http.wire  - http-outgoing-53 << "[\r][\n]"
52772 [Forwarding findElement on session 7177e9d132dc3c82c8edaf346c9b9a62 to remote] DEBUG org.apache.http.wire  - http-outgoing-53 << "[\r][\n]"
52772 [Forwarding findElement on session 7177e9d132dc3c82c8edaf346c9b9a62 to remote] DEBUG org.apache.http.wire  - http-outgoing-53 << "{"sessionId":"7177e9d132dc3c82c8edaf346c9b9a62","status":0,"value":{"ELEMENT":"0.10006474560246281-2"}}"
52772 [Forwarding findElement on session 7177e9d132dc3c82c8edaf346c9b9a62 to remote] DEBUG org.apache.http.wire  - http-outgoing-53 << "{"sessionId":"7177e9d132dc3c82c8edaf346c9b9a62","status":0,"value":{"ELEMENT":"0.10006474560246281-2"}}"
52772 [Forwarding findElement on session 7177e9d132dc3c82c8edaf346c9b9a62 to remote] DEBUG org.apache.http.headers  - http-outgoing-53 << HTTP/1.1 200 OK
52772 [Forwarding findElement on session 7177e9d132dc3c82c8edaf346c9b9a62 to remote] DEBUG org.apache.http.headers  - http-outgoing-53 << HTTP/1.1 200 OK
52772 [Forwarding findElement on session 7177e9d132dc3c82c8edaf346c9b9a62 to remote] DEBUG org.apache.http.headers  - http-outgoing-53 << Content-Length:103
52772 [Forwarding findElement on session 7177e9d132dc3c82c8edaf346c9b9a62 to remote] DEBUG org.apache.http.headers  - http-outgoing-53 << Content-Length:103
52772 [Forwarding findElement on session 7177e9d132dc3c82c8edaf346c9b9a62 to remote] DEBUG org.apache.http.headers  - http-outgoing-53 << Content-Type:application/json; charset=utf-8
52772 [Forwarding findElement on session 7177e9d132dc3c82c8edaf346c9b9a62 to remote] DEBUG org.apache.http.headers  - http-outgoing-53 << Content-Type:application/json; charset=utf-8
52772 [Forwarding findElement on session 7177e9d132dc3c82c8edaf346c9b9a62 to remote] DEBUG org.apache.http.headers  - http-outgoing-53 << Connection:close
52772 [Forwarding findElement on session 7177e9d132dc3c82c8edaf346c9b9a62 to remote] DEBUG org.apache.http.headers  - http-outgoing-53 << Connection:close
52772 [Forwarding findElement on session 7177e9d132dc3c82c8edaf346c9b9a62 to remote] DEBUG org.apache.http.impl.conn.DefaultManagedHttpClientConnection  - http-outgoing-53: Close connection
52772 [Forwarding findElement on session 7177e9d132dc3c82c8edaf346c9b9a62 to remote] DEBUG org.apache.http.impl.conn.DefaultManagedHttpClientConnection  - http-outgoing-53: Close connection
52772 [Forwarding findElement on session 7177e9d132dc3c82c8edaf346c9b9a62 to remote] DEBUG org.apache.http.impl.execchain.MainClientExec  - Connection discarded
52772 [Forwarding findElement on session 7177e9d132dc3c82c8edaf346c9b9a62 to remote] DEBUG org.apache.http.impl.execchain.MainClientExec  - Connection discarded
52773 [Forwarding findElement on session 7177e9d132dc3c82c8edaf346c9b9a62 to remote] DEBUG org.apache.http.impl.conn.PoolingHttpClientConnectionManager  - Connection released: [id: 53][route: {}->http://localhost:19138][total kept alive: 0; route allocated: 0 of 2000; total allocated: 0 of 2000]
52773 [Forwarding findElement on session 7177e9d132dc3c82c8edaf346c9b9a62 to remote] DEBUG org.apache.http.impl.conn.PoolingHttpClientConnectionManager  - Connection released: [id: 53][route: {}->http://localhost:19138][total kept alive: 0; route allocated: 0 of 2000; total allocated: 0 of 2000]
52774 [Forwarding clickElement on session 7177e9d132dc3c82c8edaf346c9b9a62 to remote] DEBUG org.apache.http.client.protocol.RequestAddCookies  - CookieSpec selected: default
52774 [Forwarding clickElement on session 7177e9d132dc3c82c8edaf346c9b9a62 to remote] DEBUG org.apache.http.client.protocol.RequestAddCookies  - CookieSpec selected: default
52774 [Forwarding clickElement on session 7177e9d132dc3c82c8edaf346c9b9a62 to remote] DEBUG org.apache.http.client.protocol.RequestAuthCache  - Auth cache not set in the context
52774 [Forwarding clickElement on session 7177e9d132dc3c82c8edaf346c9b9a62 to remote] DEBUG org.apache.http.client.protocol.RequestAuthCache  - Auth cache not set in the context
52775 [Forwarding clickElement on session 7177e9d132dc3c82c8edaf346c9b9a62 to remote] DEBUG org.apache.http.impl.conn.PoolingHttpClientConnectionManager  - Connection request: [route: {}->http://localhost:19138][total kept alive: 0; route allocated: 0 of 2000; total allocated: 0 of 2000]
52775 [Forwarding clickElement on session 7177e9d132dc3c82c8edaf346c9b9a62 to remote] DEBUG org.apache.http.impl.conn.PoolingHttpClientConnectionManager  - Connection request: [route: {}->http://localhost:19138][total kept alive: 0; route allocated: 0 of 2000; total allocated: 0 of 2000]
52775 [Forwarding clickElement on session 7177e9d132dc3c82c8edaf346c9b9a62 to remote] DEBUG org.apache.http.impl.conn.PoolingHttpClientConnectionManager  - Connection leased: [id: 54][route: {}->http://localhost:19138][total kept alive: 0; route allocated: 1 of 2000; total allocated: 1 of 2000]
52775 [Forwarding clickElement on session 7177e9d132dc3c82c8edaf346c9b9a62 to remote] DEBUG org.apache.http.impl.conn.PoolingHttpClientConnectionManager  - Connection leased: [id: 54][route: {}->http://localhost:19138][total kept alive: 0; route allocated: 1 of 2000; total allocated: 1 of 2000]
52775 [Forwarding clickElement on session 7177e9d132dc3c82c8edaf346c9b9a62 to remote] DEBUG org.apache.http.impl.execchain.MainClientExec  - Opening connection {}->http://localhost:19138
52775 [Forwarding clickElement on session 7177e9d132dc3c82c8edaf346c9b9a62 to remote] DEBUG org.apache.http.impl.execchain.MainClientExec  - Opening connection {}->http://localhost:19138
52775 [Forwarding clickElement on session 7177e9d132dc3c82c8edaf346c9b9a62 to remote] DEBUG org.apache.http.impl.conn.DefaultHttpClientConnectionOperator  - Connecting to localhost/127.0.0.1:19138
52775 [Forwarding clickElement on session 7177e9d132dc3c82c8edaf346c9b9a62 to remote] DEBUG org.apache.http.impl.conn.DefaultHttpClientConnectionOperator  - Connecting to localhost/127.0.0.1:19138
52776 [Forwarding clickElement on session 7177e9d132dc3c82c8edaf346c9b9a62 to remote] DEBUG org.apache.http.impl.conn.DefaultHttpClientConnectionOperator  - Connection established 127.0.0.1:52890<->127.0.0.1:19138
52776 [Forwarding clickElement on session 7177e9d132dc3c82c8edaf346c9b9a62 to remote] DEBUG org.apache.http.impl.conn.DefaultHttpClientConnectionOperator  - Connection established 127.0.0.1:52890<->127.0.0.1:19138
52776 [Forwarding clickElement on session 7177e9d132dc3c82c8edaf346c9b9a62 to remote] DEBUG org.apache.http.impl.conn.DefaultManagedHttpClientConnection  - http-outgoing-54: set socket timeout to 10800000
52776 [Forwarding clickElement on session 7177e9d132dc3c82c8edaf346c9b9a62 to remote] DEBUG org.apache.http.impl.conn.DefaultManagedHttpClientConnection  - http-outgoing-54: set socket timeout to 10800000
52776 [Forwarding clickElement on session 7177e9d132dc3c82c8edaf346c9b9a62 to remote] DEBUG org.apache.http.impl.execchain.MainClientExec  - Executing request POST /session/7177e9d132dc3c82c8edaf346c9b9a62/element/0.10006474560246281-2/click HTTP/1.1
52776 [Forwarding clickElement on session 7177e9d132dc3c82c8edaf346c9b9a62 to remote] DEBUG org.apache.http.impl.execchain.MainClientExec  - Executing request POST /session/7177e9d132dc3c82c8edaf346c9b9a62/element/0.10006474560246281-2/click HTTP/1.1
52776 [Forwarding clickElement on session 7177e9d132dc3c82c8edaf346c9b9a62 to remote] DEBUG org.apache.http.impl.execchain.MainClientExec  - Target auth state: UNCHALLENGED
52776 [Forwarding clickElement on session 7177e9d132dc3c82c8edaf346c9b9a62 to remote] DEBUG org.apache.http.impl.execchain.MainClientExec  - Target auth state: UNCHALLENGED
52776 [Forwarding clickElement on session 7177e9d132dc3c82c8edaf346c9b9a62 to remote] DEBUG org.apache.http.impl.execchain.MainClientExec  - Proxy auth state: UNCHALLENGED
52776 [Forwarding clickElement on session 7177e9d132dc3c82c8edaf346c9b9a62 to remote] DEBUG org.apache.http.impl.execchain.MainClientExec  - Proxy auth state: UNCHALLENGED
52776 [Forwarding clickElement on session 7177e9d132dc3c82c8edaf346c9b9a62 to remote] DEBUG org.apache.http.headers  - http-outgoing-54 >> POST /session/7177e9d132dc3c82c8edaf346c9b9a62/element/0.10006474560246281-2/click HTTP/1.1
52776 [Forwarding clickElement on session 7177e9d132dc3c82c8edaf346c9b9a62 to remote] DEBUG org.apache.http.headers  - http-outgoing-54 >> POST /session/7177e9d132dc3c82c8edaf346c9b9a62/element/0.10006474560246281-2/click HTTP/1.1
52776 [Forwarding clickElement on session 7177e9d132dc3c82c8edaf346c9b9a62 to remote] DEBUG org.apache.http.headers  - http-outgoing-54 >> Content-Type: application/json; charset=utf-8
52776 [Forwarding clickElement on session 7177e9d132dc3c82c8edaf346c9b9a62 to remote] DEBUG org.apache.http.headers  - http-outgoing-54 >> Content-Type: application/json; charset=utf-8
52776 [Forwarding clickElement on session 7177e9d132dc3c82c8edaf346c9b9a62 to remote] DEBUG org.apache.http.headers  - http-outgoing-54 >> Content-Length: 30
52776 [Forwarding clickElement on session 7177e9d132dc3c82c8edaf346c9b9a62 to remote] DEBUG org.apache.http.headers  - http-outgoing-54 >> Content-Length: 30
52776 [Forwarding clickElement on session 7177e9d132dc3c82c8edaf346c9b9a62 to remote] DEBUG org.apache.http.headers  - http-outgoing-54 >> Host: localhost:19138
52776 [Forwarding clickElement on session 7177e9d132dc3c82c8edaf346c9b9a62 to remote] DEBUG org.apache.http.headers  - http-outgoing-54 >> Host: localhost:19138
52776 [Forwarding clickElement on session 7177e9d132dc3c82c8edaf346c9b9a62 to remote] DEBUG org.apache.http.headers  - http-outgoing-54 >> Connection: Keep-Alive
52776 [Forwarding clickElement on session 7177e9d132dc3c82c8edaf346c9b9a62 to remote] DEBUG org.apache.http.headers  - http-outgoing-54 >> Connection: Keep-Alive
52776 [Forwarding clickElement on session 7177e9d132dc3c82c8edaf346c9b9a62 to remote] DEBUG org.apache.http.headers  - http-outgoing-54 >> User-Agent: Apache-HttpClient/4.5.2 (Java/1.8.0_91)
52776 [Forwarding clickElement on session 7177e9d132dc3c82c8edaf346c9b9a62 to remote] DEBUG org.apache.http.headers  - http-outgoing-54 >> User-Agent: Apache-HttpClient/4.5.2 (Java/1.8.0_91)
52776 [Forwarding clickElement on session 7177e9d132dc3c82c8edaf346c9b9a62 to remote] DEBUG org.apache.http.headers  - http-outgoing-54 >> Accept-Encoding: gzip,deflate
52776 [Forwarding clickElement on session 7177e9d132dc3c82c8edaf346c9b9a62 to remote] DEBUG org.apache.http.headers  - http-outgoing-54 >> Accept-Encoding: gzip,deflate
52776 [Forwarding clickElement on session 7177e9d132dc3c82c8edaf346c9b9a62 to remote] DEBUG org.apache.http.wire  - http-outgoing-54 >> "POST /session/7177e9d132dc3c82c8edaf346c9b9a62/element/0.10006474560246281-2/click HTTP/1.1[\r][\n]"
52776 [Forwarding clickElement on session 7177e9d132dc3c82c8edaf346c9b9a62 to remote] DEBUG org.apache.http.wire  - http-outgoing-54 >> "POST /session/7177e9d132dc3c82c8edaf346c9b9a62/element/0.10006474560246281-2/click HTTP/1.1[\r][\n]"
52776 [Forwarding clickElement on session 7177e9d132dc3c82c8edaf346c9b9a62 to remote] DEBUG org.apache.http.wire  - http-outgoing-54 >> "Content-Type: application/json; charset=utf-8[\r][\n]"
52776 [Forwarding clickElement on session 7177e9d132dc3c82c8edaf346c9b9a62 to remote] DEBUG org.apache.http.wire  - http-outgoing-54 >> "Content-Type: application/json; charset=utf-8[\r][\n]"
52776 [Forwarding clickElement on session 7177e9d132dc3c82c8edaf346c9b9a62 to remote] DEBUG org.apache.http.wire  - http-outgoing-54 >> "Content-Length: 30[\r][\n]"
52776 [Forwarding clickElement on session 7177e9d132dc3c82c8edaf346c9b9a62 to remote] DEBUG org.apache.http.wire  - http-outgoing-54 >> "Content-Length: 30[\r][\n]"
52776 [Forwarding clickElement on session 7177e9d132dc3c82c8edaf346c9b9a62 to remote] DEBUG org.apache.http.wire  - http-outgoing-54 >> "Host: localhost:19138[\r][\n]"
52776 [Forwarding clickElement on session 7177e9d132dc3c82c8edaf346c9b9a62 to remote] DEBUG org.apache.http.wire  - http-outgoing-54 >> "Host: localhost:19138[\r][\n]"
52776 [Forwarding clickElement on session 7177e9d132dc3c82c8edaf346c9b9a62 to remote] DEBUG org.apache.http.wire  - http-outgoing-54 >> "Connection: Keep-Alive[\r][\n]"
52776 [Forwarding clickElement on session 7177e9d132dc3c82c8edaf346c9b9a62 to remote] DEBUG org.apache.http.wire  - http-outgoing-54 >> "Connection: Keep-Alive[\r][\n]"
52776 [Forwarding clickElement on session 7177e9d132dc3c82c8edaf346c9b9a62 to remote] DEBUG org.apache.http.wire  - http-outgoing-54 >> "User-Agent: Apache-HttpClient/4.5.2 (Java/1.8.0_91)[\r][\n]"
52776 [Forwarding clickElement on session 7177e9d132dc3c82c8edaf346c9b9a62 to remote] DEBUG org.apache.http.wire  - http-outgoing-54 >> "User-Agent: Apache-HttpClient/4.5.2 (Java/1.8.0_91)[\r][\n]"
52776 [Forwarding clickElement on session 7177e9d132dc3c82c8edaf346c9b9a62 to remote] DEBUG org.apache.http.wire  - http-outgoing-54 >> "Accept-Encoding: gzip,deflate[\r][\n]"
52776 [Forwarding clickElement on session 7177e9d132dc3c82c8edaf346c9b9a62 to remote] DEBUG org.apache.http.wire  - http-outgoing-54 >> "Accept-Encoding: gzip,deflate[\r][\n]"
52776 [Forwarding clickElement on session 7177e9d132dc3c82c8edaf346c9b9a62 to remote] DEBUG org.apache.http.wire  - http-outgoing-54 >> "[\r][\n]"
52776 [Forwarding clickElement on session 7177e9d132dc3c82c8edaf346c9b9a62 to remote] DEBUG org.apache.http.wire  - http-outgoing-54 >> "[\r][\n]"
52776 [Forwarding clickElement on session 7177e9d132dc3c82c8edaf346c9b9a62 to remote] DEBUG org.apache.http.wire  - http-outgoing-54 >> "{"id":"0.10006474560246281-2"}"
52776 [Forwarding clickElement on session 7177e9d132dc3c82c8edaf346c9b9a62 to remote] DEBUG org.apache.http.wire  - http-outgoing-54 >> "{"id":"0.10006474560246281-2"}"
53881 [Forwarding clickElement on session 7177e9d132dc3c82c8edaf346c9b9a62 to remote] DEBUG org.apache.http.wire  - http-outgoing-54 << "HTTP/1.1 200 OK[\r][\n]"
53881 [Forwarding clickElement on session 7177e9d132dc3c82c8edaf346c9b9a62 to remote] DEBUG org.apache.http.wire  - http-outgoing-54 << "HTTP/1.1 200 OK[\r][\n]"
53881 [Forwarding clickElement on session 7177e9d132dc3c82c8edaf346c9b9a62 to remote] DEBUG org.apache.http.wire  - http-outgoing-54 << "Content-Length:72[\r][\n]"
53881 [Forwarding clickElement on session 7177e9d132dc3c82c8edaf346c9b9a62 to remote] DEBUG org.apache.http.wire  - http-outgoing-54 << "Content-Length:72[\r][\n]"
53881 [Forwarding clickElement on session 7177e9d132dc3c82c8edaf346c9b9a62 to remote] DEBUG org.apache.http.wire  - http-outgoing-54 << "Content-Type:application/json; charset=utf-8[\r][\n]"
53881 [Forwarding clickElement on session 7177e9d132dc3c82c8edaf346c9b9a62 to remote] DEBUG org.apache.http.wire  - http-outgoing-54 << "Content-Type:application/json; charset=utf-8[\r][\n]"
53881 [Forwarding clickElement on session 7177e9d132dc3c82c8edaf346c9b9a62 to remote] DEBUG org.apache.http.wire  - http-outgoing-54 << "Connection:close[\r][\n]"
53881 [Forwarding clickElement on session 7177e9d132dc3c82c8edaf346c9b9a62 to remote] DEBUG org.apache.http.wire  - http-outgoing-54 << "Connection:close[\r][\n]"
53881 [Forwarding clickElement on session 7177e9d132dc3c82c8edaf346c9b9a62 to remote] DEBUG org.apache.http.wire  - http-outgoing-54 << "[\r][\n]"
53881 [Forwarding clickElement on session 7177e9d132dc3c82c8edaf346c9b9a62 to remote] DEBUG org.apache.http.wire  - http-outgoing-54 << "[\r][\n]"
53881 [Forwarding clickElement on session 7177e9d132dc3c82c8edaf346c9b9a62 to remote] DEBUG org.apache.http.wire  - http-outgoing-54 << "{"sessionId":"7177e9d132dc3c82c8edaf346c9b9a62","status":0,"value":null}"
53881 [Forwarding clickElement on session 7177e9d132dc3c82c8edaf346c9b9a62 to remote] DEBUG org.apache.http.wire  - http-outgoing-54 << "{"sessionId":"7177e9d132dc3c82c8edaf346c9b9a62","status":0,"value":null}"
53881 [Forwarding clickElement on session 7177e9d132dc3c82c8edaf346c9b9a62 to remote] DEBUG org.apache.http.headers  - http-outgoing-54 << HTTP/1.1 200 OK
53881 [Forwarding clickElement on session 7177e9d132dc3c82c8edaf346c9b9a62 to remote] DEBUG org.apache.http.headers  - http-outgoing-54 << HTTP/1.1 200 OK
53881 [Forwarding clickElement on session 7177e9d132dc3c82c8edaf346c9b9a62 to remote] DEBUG org.apache.http.headers  - http-outgoing-54 << Content-Length:72
53881 [Forwarding clickElement on session 7177e9d132dc3c82c8edaf346c9b9a62 to remote] DEBUG org.apache.http.headers  - http-outgoing-54 << Content-Length:72
53881 [Forwarding clickElement on session 7177e9d132dc3c82c8edaf346c9b9a62 to remote] DEBUG org.apache.http.headers  - http-outgoing-54 << Content-Type:application/json; charset=utf-8
53881 [Forwarding clickElement on session 7177e9d132dc3c82c8edaf346c9b9a62 to remote] DEBUG org.apache.http.headers  - http-outgoing-54 << Content-Type:application/json; charset=utf-8
53881 [Forwarding clickElement on session 7177e9d132dc3c82c8edaf346c9b9a62 to remote] DEBUG org.apache.http.headers  - http-outgoing-54 << Connection:close
53881 [Forwarding clickElement on session 7177e9d132dc3c82c8edaf346c9b9a62 to remote] DEBUG org.apache.http.headers  - http-outgoing-54 << Connection:close
53881 [Forwarding clickElement on session 7177e9d132dc3c82c8edaf346c9b9a62 to remote] DEBUG org.apache.http.impl.conn.DefaultManagedHttpClientConnection  - http-outgoing-54: Close connection
53881 [Forwarding clickElement on session 7177e9d132dc3c82c8edaf346c9b9a62 to remote] DEBUG org.apache.http.impl.conn.DefaultManagedHttpClientConnection  - http-outgoing-54: Close connection
53882 [Forwarding clickElement on session 7177e9d132dc3c82c8edaf346c9b9a62 to remote] DEBUG org.apache.http.impl.execchain.MainClientExec  - Connection discarded
53882 [Forwarding clickElement on session 7177e9d132dc3c82c8edaf346c9b9a62 to remote] DEBUG org.apache.http.impl.execchain.MainClientExec  - Connection discarded
53882 [Forwarding clickElement on session 7177e9d132dc3c82c8edaf346c9b9a62 to remote] DEBUG org.apache.http.impl.conn.PoolingHttpClientConnectionManager  - Connection released: [id: 54][route: {}->http://localhost:19138][total kept alive: 0; route allocated: 0 of 2000; total allocated: 0 of 2000]
53882 [Forwarding clickElement on session 7177e9d132dc3c82c8edaf346c9b9a62 to remote] DEBUG org.apache.http.impl.conn.PoolingHttpClientConnectionManager  - Connection released: [id: 54][route: {}->http://localhost:19138][total kept alive: 0; route allocated: 0 of 2000; total allocated: 0 of 2000]
56884 [Forwarding findElement on session 7177e9d132dc3c82c8edaf346c9b9a62 to remote] DEBUG org.apache.http.client.protocol.RequestAddCookies  - CookieSpec selected: default
56884 [Forwarding findElement on session 7177e9d132dc3c82c8edaf346c9b9a62 to remote] DEBUG org.apache.http.client.protocol.RequestAddCookies  - CookieSpec selected: default
56884 [Forwarding findElement on session 7177e9d132dc3c82c8edaf346c9b9a62 to remote] DEBUG org.apache.http.client.protocol.RequestAuthCache  - Auth cache not set in the context
56884 [Forwarding findElement on session 7177e9d132dc3c82c8edaf346c9b9a62 to remote] DEBUG org.apache.http.client.protocol.RequestAuthCache  - Auth cache not set in the context
56884 [Forwarding findElement on session 7177e9d132dc3c82c8edaf346c9b9a62 to remote] DEBUG org.apache.http.impl.conn.PoolingHttpClientConnectionManager  - Connection request: [route: {}->http://localhost:19138][total kept alive: 0; route allocated: 0 of 2000; total allocated: 0 of 2000]
56884 [Forwarding findElement on session 7177e9d132dc3c82c8edaf346c9b9a62 to remote] DEBUG org.apache.http.impl.conn.PoolingHttpClientConnectionManager  - Connection request: [route: {}->http://localhost:19138][total kept alive: 0; route allocated: 0 of 2000; total allocated: 0 of 2000]
56884 [Forwarding findElement on session 7177e9d132dc3c82c8edaf346c9b9a62 to remote] DEBUG org.apache.http.impl.conn.PoolingHttpClientConnectionManager  - Connection leased: [id: 55][route: {}->http://localhost:19138][total kept alive: 0; route allocated: 1 of 2000; total allocated: 1 of 2000]
56884 [Forwarding findElement on session 7177e9d132dc3c82c8edaf346c9b9a62 to remote] DEBUG org.apache.http.impl.conn.PoolingHttpClientConnectionManager  - Connection leased: [id: 55][route: {}->http://localhost:19138][total kept alive: 0; route allocated: 1 of 2000; total allocated: 1 of 2000]
56884 [Forwarding findElement on session 7177e9d132dc3c82c8edaf346c9b9a62 to remote] DEBUG org.apache.http.impl.execchain.MainClientExec  - Opening connection {}->http://localhost:19138
56884 [Forwarding findElement on session 7177e9d132dc3c82c8edaf346c9b9a62 to remote] DEBUG org.apache.http.impl.execchain.MainClientExec  - Opening connection {}->http://localhost:19138
56884 [Forwarding findElement on session 7177e9d132dc3c82c8edaf346c9b9a62 to remote] DEBUG org.apache.http.impl.conn.DefaultHttpClientConnectionOperator  - Connecting to localhost/127.0.0.1:19138
56884 [Forwarding findElement on session 7177e9d132dc3c82c8edaf346c9b9a62 to remote] DEBUG org.apache.http.impl.conn.DefaultHttpClientConnectionOperator  - Connecting to localhost/127.0.0.1:19138
56885 [Forwarding findElement on session 7177e9d132dc3c82c8edaf346c9b9a62 to remote] DEBUG org.apache.http.impl.conn.DefaultHttpClientConnectionOperator  - Connection established 127.0.0.1:52891<->127.0.0.1:19138
56885 [Forwarding findElement on session 7177e9d132dc3c82c8edaf346c9b9a62 to remote] DEBUG org.apache.http.impl.conn.DefaultHttpClientConnectionOperator  - Connection established 127.0.0.1:52891<->127.0.0.1:19138
56885 [Forwarding findElement on session 7177e9d132dc3c82c8edaf346c9b9a62 to remote] DEBUG org.apache.http.impl.conn.DefaultManagedHttpClientConnection  - http-outgoing-55: set socket timeout to 10800000
56885 [Forwarding findElement on session 7177e9d132dc3c82c8edaf346c9b9a62 to remote] DEBUG org.apache.http.impl.conn.DefaultManagedHttpClientConnection  - http-outgoing-55: set socket timeout to 10800000
56885 [Forwarding findElement on session 7177e9d132dc3c82c8edaf346c9b9a62 to remote] DEBUG org.apache.http.impl.execchain.MainClientExec  - Executing request POST /session/7177e9d132dc3c82c8edaf346c9b9a62/element HTTP/1.1
56885 [Forwarding findElement on session 7177e9d132dc3c82c8edaf346c9b9a62 to remote] DEBUG org.apache.http.impl.execchain.MainClientExec  - Executing request POST /session/7177e9d132dc3c82c8edaf346c9b9a62/element HTTP/1.1
56885 [Forwarding findElement on session 7177e9d132dc3c82c8edaf346c9b9a62 to remote] DEBUG org.apache.http.impl.execchain.MainClientExec  - Target auth state: UNCHALLENGED
56885 [Forwarding findElement on session 7177e9d132dc3c82c8edaf346c9b9a62 to remote] DEBUG org.apache.http.impl.execchain.MainClientExec  - Target auth state: UNCHALLENGED
56885 [Forwarding findElement on session 7177e9d132dc3c82c8edaf346c9b9a62 to remote] DEBUG org.apache.http.impl.execchain.MainClientExec  - Proxy auth state: UNCHALLENGED
56885 [Forwarding findElement on session 7177e9d132dc3c82c8edaf346c9b9a62 to remote] DEBUG org.apache.http.impl.execchain.MainClientExec  - Proxy auth state: UNCHALLENGED
56885 [Forwarding findElement on session 7177e9d132dc3c82c8edaf346c9b9a62 to remote] DEBUG org.apache.http.headers  - http-outgoing-55 >> POST /session/7177e9d132dc3c82c8edaf346c9b9a62/element HTTP/1.1
56885 [Forwarding findElement on session 7177e9d132dc3c82c8edaf346c9b9a62 to remote] DEBUG org.apache.http.headers  - http-outgoing-55 >> POST /session/7177e9d132dc3c82c8edaf346c9b9a62/element HTTP/1.1
56885 [Forwarding findElement on session 7177e9d132dc3c82c8edaf346c9b9a62 to remote] DEBUG org.apache.http.headers  - http-outgoing-55 >> Content-Type: application/json; charset=utf-8
56885 [Forwarding findElement on session 7177e9d132dc3c82c8edaf346c9b9a62 to remote] DEBUG org.apache.http.headers  - http-outgoing-55 >> Content-Type: application/json; charset=utf-8
56885 [Forwarding findElement on session 7177e9d132dc3c82c8edaf346c9b9a62 to remote] DEBUG org.apache.http.headers  - http-outgoing-55 >> Content-Length: 89
56885 [Forwarding findElement on session 7177e9d132dc3c82c8edaf346c9b9a62 to remote] DEBUG org.apache.http.headers  - http-outgoing-55 >> Content-Length: 89
56885 [Forwarding findElement on session 7177e9d132dc3c82c8edaf346c9b9a62 to remote] DEBUG org.apache.http.headers  - http-outgoing-55 >> Host: localhost:19138
56885 [Forwarding findElement on session 7177e9d132dc3c82c8edaf346c9b9a62 to remote] DEBUG org.apache.http.headers  - http-outgoing-55 >> Host: localhost:19138
56885 [Forwarding findElement on session 7177e9d132dc3c82c8edaf346c9b9a62 to remote] DEBUG org.apache.http.headers  - http-outgoing-55 >> Connection: Keep-Alive
56885 [Forwarding findElement on session 7177e9d132dc3c82c8edaf346c9b9a62 to remote] DEBUG org.apache.http.headers  - http-outgoing-55 >> Connection: Keep-Alive
56885 [Forwarding findElement on session 7177e9d132dc3c82c8edaf346c9b9a62 to remote] DEBUG org.apache.http.headers  - http-outgoing-55 >> User-Agent: Apache-HttpClient/4.5.2 (Java/1.8.0_91)
56885 [Forwarding findElement on session 7177e9d132dc3c82c8edaf346c9b9a62 to remote] DEBUG org.apache.http.headers  - http-outgoing-55 >> User-Agent: Apache-HttpClient/4.5.2 (Java/1.8.0_91)
56885 [Forwarding findElement on session 7177e9d132dc3c82c8edaf346c9b9a62 to remote] DEBUG org.apache.http.headers  - http-outgoing-55 >> Accept-Encoding: gzip,deflate
56885 [Forwarding findElement on session 7177e9d132dc3c82c8edaf346c9b9a62 to remote] DEBUG org.apache.http.headers  - http-outgoing-55 >> Accept-Encoding: gzip,deflate
56885 [Forwarding findElement on session 7177e9d132dc3c82c8edaf346c9b9a62 to remote] DEBUG org.apache.http.wire  - http-outgoing-55 >> "POST /session/7177e9d132dc3c82c8edaf346c9b9a62/element HTTP/1.1[\r][\n]"
56885 [Forwarding findElement on session 7177e9d132dc3c82c8edaf346c9b9a62 to remote] DEBUG org.apache.http.wire  - http-outgoing-55 >> "POST /session/7177e9d132dc3c82c8edaf346c9b9a62/element HTTP/1.1[\r][\n]"
56885 [Forwarding findElement on session 7177e9d132dc3c82c8edaf346c9b9a62 to remote] DEBUG org.apache.http.wire  - http-outgoing-55 >> "Content-Type: application/json; charset=utf-8[\r][\n]"
56885 [Forwarding findElement on session 7177e9d132dc3c82c8edaf346c9b9a62 to remote] DEBUG org.apache.http.wire  - http-outgoing-55 >> "Content-Type: application/json; charset=utf-8[\r][\n]"
56885 [Forwarding findElement on session 7177e9d132dc3c82c8edaf346c9b9a62 to remote] DEBUG org.apache.http.wire  - http-outgoing-55 >> "Content-Length: 89[\r][\n]"
56885 [Forwarding findElement on session 7177e9d132dc3c82c8edaf346c9b9a62 to remote] DEBUG org.apache.http.wire  - http-outgoing-55 >> "Content-Length: 89[\r][\n]"
56885 [Forwarding findElement on session 7177e9d132dc3c82c8edaf346c9b9a62 to remote] DEBUG org.apache.http.wire  - http-outgoing-55 >> "Host: localhost:19138[\r][\n]"
56885 [Forwarding findElement on session 7177e9d132dc3c82c8edaf346c9b9a62 to remote] DEBUG org.apache.http.wire  - http-outgoing-55 >> "Host: localhost:19138[\r][\n]"
56885 [Forwarding findElement on session 7177e9d132dc3c82c8edaf346c9b9a62 to remote] DEBUG org.apache.http.wire  - http-outgoing-55 >> "Connection: Keep-Alive[\r][\n]"
56885 [Forwarding findElement on session 7177e9d132dc3c82c8edaf346c9b9a62 to remote] DEBUG org.apache.http.wire  - http-outgoing-55 >> "Connection: Keep-Alive[\r][\n]"
56885 [Forwarding findElement on session 7177e9d132dc3c82c8edaf346c9b9a62 to remote] DEBUG org.apache.http.wire  - http-outgoing-55 >> "User-Agent: Apache-HttpClient/4.5.2 (Java/1.8.0_91)[\r][\n]"
56885 [Forwarding findElement on session 7177e9d132dc3c82c8edaf346c9b9a62 to remote] DEBUG org.apache.http.wire  - http-outgoing-55 >> "User-Agent: Apache-HttpClient/4.5.2 (Java/1.8.0_91)[\r][\n]"
56886 [Forwarding findElement on session 7177e9d132dc3c82c8edaf346c9b9a62 to remote] DEBUG org.apache.http.wire  - http-outgoing-55 >> "Accept-Encoding: gzip,deflate[\r][\n]"
56886 [Forwarding findElement on session 7177e9d132dc3c82c8edaf346c9b9a62 to remote] DEBUG org.apache.http.wire  - http-outgoing-55 >> "Accept-Encoding: gzip,deflate[\r][\n]"
56886 [Forwarding findElement on session 7177e9d132dc3c82c8edaf346c9b9a62 to remote] DEBUG org.apache.http.wire  - http-outgoing-55 >> "[\r][\n]"
56886 [Forwarding findElement on session 7177e9d132dc3c82c8edaf346c9b9a62 to remote] DEBUG org.apache.http.wire  - http-outgoing-55 >> "[\r][\n]"
56886 [Forwarding findElement on session 7177e9d132dc3c82c8edaf346c9b9a62 to remote] DEBUG org.apache.http.wire  - http-outgoing-55 >> "{"using":"link text","value":"Battery replacement procedure for current lenovo modelsaa"}"
56886 [Forwarding findElement on session 7177e9d132dc3c82c8edaf346c9b9a62 to remote] DEBUG org.apache.http.wire  - http-outgoing-55 >> "{"using":"link text","value":"Battery replacement procedure for current lenovo modelsaa"}"
56943 [Forwarding findElement on session 7177e9d132dc3c82c8edaf346c9b9a62 to remote] DEBUG org.apache.http.wire  - http-outgoing-55 << "HTTP/1.1 200 OK[\r][\n]"
56943 [Forwarding findElement on session 7177e9d132dc3c82c8edaf346c9b9a62 to remote] DEBUG org.apache.http.wire  - http-outgoing-55 << "HTTP/1.1 200 OK[\r][\n]"
56943 [Forwarding findElement on session 7177e9d132dc3c82c8edaf346c9b9a62 to remote] DEBUG org.apache.http.wire  - http-outgoing-55 << "Content-Length:102[\r][\n]"
56943 [Forwarding findElement on session 7177e9d132dc3c82c8edaf346c9b9a62 to remote] DEBUG org.apache.http.wire  - http-outgoing-55 << "Content-Length:102[\r][\n]"
56943 [Forwarding findElement on session 7177e9d132dc3c82c8edaf346c9b9a62 to remote] DEBUG org.apache.http.wire  - http-outgoing-55 << "Content-Type:application/json; charset=utf-8[\r][\n]"
56943 [Forwarding findElement on session 7177e9d132dc3c82c8edaf346c9b9a62 to remote] DEBUG org.apache.http.wire  - http-outgoing-55 << "Content-Type:application/json; charset=utf-8[\r][\n]"
56943 [Forwarding findElement on session 7177e9d132dc3c82c8edaf346c9b9a62 to remote] DEBUG org.apache.http.wire  - http-outgoing-55 << "Connection:close[\r][\n]"
56943 [Forwarding findElement on session 7177e9d132dc3c82c8edaf346c9b9a62 to remote] DEBUG org.apache.http.wire  - http-outgoing-55 << "Connection:close[\r][\n]"
56943 [Forwarding findElement on session 7177e9d132dc3c82c8edaf346c9b9a62 to remote] DEBUG org.apache.http.wire  - http-outgoing-55 << "[\r][\n]"
56943 [Forwarding findElement on session 7177e9d132dc3c82c8edaf346c9b9a62 to remote] DEBUG org.apache.http.wire  - http-outgoing-55 << "[\r][\n]"
56943 [Forwarding findElement on session 7177e9d132dc3c82c8edaf346c9b9a62 to remote] DEBUG org.apache.http.wire  - http-outgoing-55 << "{"sessionId":"7177e9d132dc3c82c8edaf346c9b9a62","status":0,"value":{"ELEMENT":"0.8883515668567779-1"}}"
56943 [Forwarding findElement on session 7177e9d132dc3c82c8edaf346c9b9a62 to remote] DEBUG org.apache.http.wire  - http-outgoing-55 << "{"sessionId":"7177e9d132dc3c82c8edaf346c9b9a62","status":0,"value":{"ELEMENT":"0.8883515668567779-1"}}"
56943 [Forwarding findElement on session 7177e9d132dc3c82c8edaf346c9b9a62 to remote] DEBUG org.apache.http.headers  - http-outgoing-55 << HTTP/1.1 200 OK
56943 [Forwarding findElement on session 7177e9d132dc3c82c8edaf346c9b9a62 to remote] DEBUG org.apache.http.headers  - http-outgoing-55 << HTTP/1.1 200 OK
56943 [Forwarding findElement on session 7177e9d132dc3c82c8edaf346c9b9a62 to remote] DEBUG org.apache.http.headers  - http-outgoing-55 << Content-Length:102
56943 [Forwarding findElement on session 7177e9d132dc3c82c8edaf346c9b9a62 to remote] DEBUG org.apache.http.headers  - http-outgoing-55 << Content-Length:102
56943 [Forwarding findElement on session 7177e9d132dc3c82c8edaf346c9b9a62 to remote] DEBUG org.apache.http.headers  - http-outgoing-55 << Content-Type:application/json; charset=utf-8
56943 [Forwarding findElement on session 7177e9d132dc3c82c8edaf346c9b9a62 to remote] DEBUG org.apache.http.headers  - http-outgoing-55 << Content-Type:application/json; charset=utf-8
56943 [Forwarding findElement on session 7177e9d132dc3c82c8edaf346c9b9a62 to remote] DEBUG org.apache.http.headers  - http-outgoing-55 << Connection:close
56943 [Forwarding findElement on session 7177e9d132dc3c82c8edaf346c9b9a62 to remote] DEBUG org.apache.http.headers  - http-outgoing-55 << Connection:close
56943 [Forwarding findElement on session 7177e9d132dc3c82c8edaf346c9b9a62 to remote] DEBUG org.apache.http.impl.conn.DefaultManagedHttpClientConnection  - http-outgoing-55: Close connection
56943 [Forwarding findElement on session 7177e9d132dc3c82c8edaf346c9b9a62 to remote] DEBUG org.apache.http.impl.conn.DefaultManagedHttpClientConnection  - http-outgoing-55: Close connection
56944 [Forwarding findElement on session 7177e9d132dc3c82c8edaf346c9b9a62 to remote] DEBUG org.apache.http.impl.execchain.MainClientExec  - Connection discarded
56944 [Forwarding findElement on session 7177e9d132dc3c82c8edaf346c9b9a62 to remote] DEBUG org.apache.http.impl.execchain.MainClientExec  - Connection discarded
56944 [Forwarding findElement on session 7177e9d132dc3c82c8edaf346c9b9a62 to remote] DEBUG org.apache.http.impl.conn.PoolingHttpClientConnectionManager  - Connection released: [id: 55][route: {}->http://localhost:19138][total kept alive: 0; route allocated: 0 of 2000; total allocated: 0 of 2000]
56944 [Forwarding findElement on session 7177e9d132dc3c82c8edaf346c9b9a62 to remote] DEBUG org.apache.http.impl.conn.PoolingHttpClientConnectionManager  - Connection released: [id: 55][route: {}->http://localhost:19138][total kept alive: 0; route allocated: 0 of 2000; total allocated: 0 of 2000]
56945 [Forwarding clickElement on session 7177e9d132dc3c82c8edaf346c9b9a62 to remote] DEBUG org.apache.http.client.protocol.RequestAddCookies  - CookieSpec selected: default
56945 [Forwarding clickElement on session 7177e9d132dc3c82c8edaf346c9b9a62 to remote] DEBUG org.apache.http.client.protocol.RequestAddCookies  - CookieSpec selected: default
56945 [Forwarding clickElement on session 7177e9d132dc3c82c8edaf346c9b9a62 to remote] DEBUG org.apache.http.client.protocol.RequestAuthCache  - Auth cache not set in the context
56945 [Forwarding clickElement on session 7177e9d132dc3c82c8edaf346c9b9a62 to remote] DEBUG org.apache.http.client.protocol.RequestAuthCache  - Auth cache not set in the context
56945 [Forwarding clickElement on session 7177e9d132dc3c82c8edaf346c9b9a62 to remote] DEBUG org.apache.http.impl.conn.PoolingHttpClientConnectionManager  - Connection request: [route: {}->http://localhost:19138][total kept alive: 0; route allocated: 0 of 2000; total allocated: 0 of 2000]
56945 [Forwarding clickElement on session 7177e9d132dc3c82c8edaf346c9b9a62 to remote] DEBUG org.apache.http.impl.conn.PoolingHttpClientConnectionManager  - Connection request: [route: {}->http://localhost:19138][total kept alive: 0; route allocated: 0 of 2000; total allocated: 0 of 2000]
56945 [Forwarding clickElement on session 7177e9d132dc3c82c8edaf346c9b9a62 to remote] DEBUG org.apache.http.impl.conn.PoolingHttpClientConnectionManager  - Connection leased: [id: 56][route: {}->http://localhost:19138][total kept alive: 0; route allocated: 1 of 2000; total allocated: 1 of 2000]
56945 [Forwarding clickElement on session 7177e9d132dc3c82c8edaf346c9b9a62 to remote] DEBUG org.apache.http.impl.conn.PoolingHttpClientConnectionManager  - Connection leased: [id: 56][route: {}->http://localhost:19138][total kept alive: 0; route allocated: 1 of 2000; total allocated: 1 of 2000]
56945 [Forwarding clickElement on session 7177e9d132dc3c82c8edaf346c9b9a62 to remote] DEBUG org.apache.http.impl.execchain.MainClientExec  - Opening connection {}->http://localhost:19138
56945 [Forwarding clickElement on session 7177e9d132dc3c82c8edaf346c9b9a62 to remote] DEBUG org.apache.http.impl.execchain.MainClientExec  - Opening connection {}->http://localhost:19138
56946 [Forwarding clickElement on session 7177e9d132dc3c82c8edaf346c9b9a62 to remote] DEBUG org.apache.http.impl.conn.DefaultHttpClientConnectionOperator  - Connecting to localhost/127.0.0.1:19138
56946 [Forwarding clickElement on session 7177e9d132dc3c82c8edaf346c9b9a62 to remote] DEBUG org.apache.http.impl.conn.DefaultHttpClientConnectionOperator  - Connecting to localhost/127.0.0.1:19138
56946 [Forwarding clickElement on session 7177e9d132dc3c82c8edaf346c9b9a62 to remote] DEBUG org.apache.http.impl.conn.DefaultHttpClientConnectionOperator  - Connection established 127.0.0.1:52892<->127.0.0.1:19138
56946 [Forwarding clickElement on session 7177e9d132dc3c82c8edaf346c9b9a62 to remote] DEBUG org.apache.http.impl.conn.DefaultHttpClientConnectionOperator  - Connection established 127.0.0.1:52892<->127.0.0.1:19138
56946 [Forwarding clickElement on session 7177e9d132dc3c82c8edaf346c9b9a62 to remote] DEBUG org.apache.http.impl.conn.DefaultManagedHttpClientConnection  - http-outgoing-56: set socket timeout to 10800000
56946 [Forwarding clickElement on session 7177e9d132dc3c82c8edaf346c9b9a62 to remote] DEBUG org.apache.http.impl.conn.DefaultManagedHttpClientConnection  - http-outgoing-56: set socket timeout to 10800000
56946 [Forwarding clickElement on session 7177e9d132dc3c82c8edaf346c9b9a62 to remote] DEBUG org.apache.http.impl.execchain.MainClientExec  - Executing request POST /session/7177e9d132dc3c82c8edaf346c9b9a62/element/0.8883515668567779-1/click HTTP/1.1
56946 [Forwarding clickElement on session 7177e9d132dc3c82c8edaf346c9b9a62 to remote] DEBUG org.apache.http.impl.execchain.MainClientExec  - Executing request POST /session/7177e9d132dc3c82c8edaf346c9b9a62/element/0.8883515668567779-1/click HTTP/1.1
56946 [Forwarding clickElement on session 7177e9d132dc3c82c8edaf346c9b9a62 to remote] DEBUG org.apache.http.impl.execchain.MainClientExec  - Target auth state: UNCHALLENGED
56946 [Forwarding clickElement on session 7177e9d132dc3c82c8edaf346c9b9a62 to remote] DEBUG org.apache.http.impl.execchain.MainClientExec  - Target auth state: UNCHALLENGED
56946 [Forwarding clickElement on session 7177e9d132dc3c82c8edaf346c9b9a62 to remote] DEBUG org.apache.http.impl.execchain.MainClientExec  - Proxy auth state: UNCHALLENGED
56946 [Forwarding clickElement on session 7177e9d132dc3c82c8edaf346c9b9a62 to remote] DEBUG org.apache.http.impl.execchain.MainClientExec  - Proxy auth state: UNCHALLENGED
56946 [Forwarding clickElement on session 7177e9d132dc3c82c8edaf346c9b9a62 to remote] DEBUG org.apache.http.headers  - http-outgoing-56 >> POST /session/7177e9d132dc3c82c8edaf346c9b9a62/element/0.8883515668567779-1/click HTTP/1.1
56946 [Forwarding clickElement on session 7177e9d132dc3c82c8edaf346c9b9a62 to remote] DEBUG org.apache.http.headers  - http-outgoing-56 >> POST /session/7177e9d132dc3c82c8edaf346c9b9a62/element/0.8883515668567779-1/click HTTP/1.1
56947 [Forwarding clickElement on session 7177e9d132dc3c82c8edaf346c9b9a62 to remote] DEBUG org.apache.http.headers  - http-outgoing-56 >> Content-Type: application/json; charset=utf-8
56947 [Forwarding clickElement on session 7177e9d132dc3c82c8edaf346c9b9a62 to remote] DEBUG org.apache.http.headers  - http-outgoing-56 >> Content-Type: application/json; charset=utf-8
56947 [Forwarding clickElement on session 7177e9d132dc3c82c8edaf346c9b9a62 to remote] DEBUG org.apache.http.headers  - http-outgoing-56 >> Content-Length: 29
56947 [Forwarding clickElement on session 7177e9d132dc3c82c8edaf346c9b9a62 to remote] DEBUG org.apache.http.headers  - http-outgoing-56 >> Content-Length: 29
56947 [Forwarding clickElement on session 7177e9d132dc3c82c8edaf346c9b9a62 to remote] DEBUG org.apache.http.headers  - http-outgoing-56 >> Host: localhost:19138
56947 [Forwarding clickElement on session 7177e9d132dc3c82c8edaf346c9b9a62 to remote] DEBUG org.apache.http.headers  - http-outgoing-56 >> Host: localhost:19138
56947 [Forwarding clickElement on session 7177e9d132dc3c82c8edaf346c9b9a62 to remote] DEBUG org.apache.http.headers  - http-outgoing-56 >> Connection: Keep-Alive
56947 [Forwarding clickElement on session 7177e9d132dc3c82c8edaf346c9b9a62 to remote] DEBUG org.apache.http.headers  - http-outgoing-56 >> Connection: Keep-Alive
56947 [Forwarding clickElement on session 7177e9d132dc3c82c8edaf346c9b9a62 to remote] DEBUG org.apache.http.headers  - http-outgoing-56 >> User-Agent: Apache-HttpClient/4.5.2 (Java/1.8.0_91)
56947 [Forwarding clickElement on session 7177e9d132dc3c82c8edaf346c9b9a62 to remote] DEBUG org.apache.http.headers  - http-outgoing-56 >> User-Agent: Apache-HttpClient/4.5.2 (Java/1.8.0_91)
56947 [Forwarding clickElement on session 7177e9d132dc3c82c8edaf346c9b9a62 to remote] DEBUG org.apache.http.headers  - http-outgoing-56 >> Accept-Encoding: gzip,deflate
56947 [Forwarding clickElement on session 7177e9d132dc3c82c8edaf346c9b9a62 to remote] DEBUG org.apache.http.headers  - http-outgoing-56 >> Accept-Encoding: gzip,deflate
56947 [Forwarding clickElement on session 7177e9d132dc3c82c8edaf346c9b9a62 to remote] DEBUG org.apache.http.wire  - http-outgoing-56 >> "POST /session/7177e9d132dc3c82c8edaf346c9b9a62/element/0.8883515668567779-1/click HTTP/1.1[\r][\n]"
56947 [Forwarding clickElement on session 7177e9d132dc3c82c8edaf346c9b9a62 to remote] DEBUG org.apache.http.wire  - http-outgoing-56 >> "POST /session/7177e9d132dc3c82c8edaf346c9b9a62/element/0.8883515668567779-1/click HTTP/1.1[\r][\n]"
56947 [Forwarding clickElement on session 7177e9d132dc3c82c8edaf346c9b9a62 to remote] DEBUG org.apache.http.wire  - http-outgoing-56 >> "Content-Type: application/json; charset=utf-8[\r][\n]"
56947 [Forwarding clickElement on session 7177e9d132dc3c82c8edaf346c9b9a62 to remote] DEBUG org.apache.http.wire  - http-outgoing-56 >> "Content-Type: application/json; charset=utf-8[\r][\n]"
56947 [Forwarding clickElement on session 7177e9d132dc3c82c8edaf346c9b9a62 to remote] DEBUG org.apache.http.wire  - http-outgoing-56 >> "Content-Length: 29[\r][\n]"
56947 [Forwarding clickElement on session 7177e9d132dc3c82c8edaf346c9b9a62 to remote] DEBUG org.apache.http.wire  - http-outgoing-56 >> "Content-Length: 29[\r][\n]"
56947 [Forwarding clickElement on session 7177e9d132dc3c82c8edaf346c9b9a62 to remote] DEBUG org.apache.http.wire  - http-outgoing-56 >> "Host: localhost:19138[\r][\n]"
56947 [Forwarding clickElement on session 7177e9d132dc3c82c8edaf346c9b9a62 to remote] DEBUG org.apache.http.wire  - http-outgoing-56 >> "Host: localhost:19138[\r][\n]"
56947 [Forwarding clickElement on session 7177e9d132dc3c82c8edaf346c9b9a62 to remote] DEBUG org.apache.http.wire  - http-outgoing-56 >> "Connection: Keep-Alive[\r][\n]"
56947 [Forwarding clickElement on session 7177e9d132dc3c82c8edaf346c9b9a62 to remote] DEBUG org.apache.http.wire  - http-outgoing-56 >> "Connection: Keep-Alive[\r][\n]"
56947 [Forwarding clickElement on session 7177e9d132dc3c82c8edaf346c9b9a62 to remote] DEBUG org.apache.http.wire  - http-outgoing-56 >> "User-Agent: Apache-HttpClient/4.5.2 (Java/1.8.0_91)[\r][\n]"
56947 [Forwarding clickElement on session 7177e9d132dc3c82c8edaf346c9b9a62 to remote] DEBUG org.apache.http.wire  - http-outgoing-56 >> "User-Agent: Apache-HttpClient/4.5.2 (Java/1.8.0_91)[\r][\n]"
56947 [Forwarding clickElement on session 7177e9d132dc3c82c8edaf346c9b9a62 to remote] DEBUG org.apache.http.wire  - http-outgoing-56 >> "Accept-Encoding: gzip,deflate[\r][\n]"
56947 [Forwarding clickElement on session 7177e9d132dc3c82c8edaf346c9b9a62 to remote] DEBUG org.apache.http.wire  - http-outgoing-56 >> "Accept-Encoding: gzip,deflate[\r][\n]"
56947 [Forwarding clickElement on session 7177e9d132dc3c82c8edaf346c9b9a62 to remote] DEBUG org.apache.http.wire  - http-outgoing-56 >> "[\r][\n]"
56947 [Forwarding clickElement on session 7177e9d132dc3c82c8edaf346c9b9a62 to remote] DEBUG org.apache.http.wire  - http-outgoing-56 >> "[\r][\n]"
56947 [Forwarding clickElement on session 7177e9d132dc3c82c8edaf346c9b9a62 to remote] DEBUG org.apache.http.wire  - http-outgoing-56 >> "{"id":"0.8883515668567779-1"}"
56947 [Forwarding clickElement on session 7177e9d132dc3c82c8edaf346c9b9a62 to remote] DEBUG org.apache.http.wire  - http-outgoing-56 >> "{"id":"0.8883515668567779-1"}"
57731 [Forwarding clickElement on session 7177e9d132dc3c82c8edaf346c9b9a62 to remote] DEBUG org.apache.http.wire  - http-outgoing-56 << "HTTP/1.1 200 OK[\r][\n]"
57731 [Forwarding clickElement on session 7177e9d132dc3c82c8edaf346c9b9a62 to remote] DEBUG org.apache.http.wire  - http-outgoing-56 << "HTTP/1.1 200 OK[\r][\n]"
57731 [Forwarding clickElement on session 7177e9d132dc3c82c8edaf346c9b9a62 to remote] DEBUG org.apache.http.wire  - http-outgoing-56 << "Content-Length:72[\r][\n]"
57731 [Forwarding clickElement on session 7177e9d132dc3c82c8edaf346c9b9a62 to remote] DEBUG org.apache.http.wire  - http-outgoing-56 << "Content-Length:72[\r][\n]"
57731 [Forwarding clickElement on session 7177e9d132dc3c82c8edaf346c9b9a62 to remote] DEBUG org.apache.http.wire  - http-outgoing-56 << "Content-Type:application/json; charset=utf-8[\r][\n]"
57731 [Forwarding clickElement on session 7177e9d132dc3c82c8edaf346c9b9a62 to remote] DEBUG org.apache.http.wire  - http-outgoing-56 << "Content-Type:application/json; charset=utf-8[\r][\n]"
57731 [Forwarding clickElement on session 7177e9d132dc3c82c8edaf346c9b9a62 to remote] DEBUG org.apache.http.wire  - http-outgoing-56 << "Connection:close[\r][\n]"
57731 [Forwarding clickElement on session 7177e9d132dc3c82c8edaf346c9b9a62 to remote] DEBUG org.apache.http.wire  - http-outgoing-56 << "Connection:close[\r][\n]"
57731 [Forwarding clickElement on session 7177e9d132dc3c82c8edaf346c9b9a62 to remote] DEBUG org.apache.http.wire  - http-outgoing-56 << "[\r][\n]"
57731 [Forwarding clickElement on session 7177e9d132dc3c82c8edaf346c9b9a62 to remote] DEBUG org.apache.http.wire  - http-outgoing-56 << "[\r][\n]"
57731 [Forwarding clickElement on session 7177e9d132dc3c82c8edaf346c9b9a62 to remote] DEBUG org.apache.http.wire  - http-outgoing-56 << "{"sessionId":"7177e9d132dc3c82c8edaf346c9b9a62","status":0,"value":null}"
57731 [Forwarding clickElement on session 7177e9d132dc3c82c8edaf346c9b9a62 to remote] DEBUG org.apache.http.wire  - http-outgoing-56 << "{"sessionId":"7177e9d132dc3c82c8edaf346c9b9a62","status":0,"value":null}"
57732 [Forwarding clickElement on session 7177e9d132dc3c82c8edaf346c9b9a62 to remote] DEBUG org.apache.http.headers  - http-outgoing-56 << HTTP/1.1 200 OK
57732 [Forwarding clickElement on session 7177e9d132dc3c82c8edaf346c9b9a62 to remote] DEBUG org.apache.http.headers  - http-outgoing-56 << HTTP/1.1 200 OK
57732 [Forwarding clickElement on session 7177e9d132dc3c82c8edaf346c9b9a62 to remote] DEBUG org.apache.http.headers  - http-outgoing-56 << Content-Length:72
57732 [Forwarding clickElement on session 7177e9d132dc3c82c8edaf346c9b9a62 to remote] DEBUG org.apache.http.headers  - http-outgoing-56 << Content-Length:72
57732 [Forwarding clickElement on session 7177e9d132dc3c82c8edaf346c9b9a62 to remote] DEBUG org.apache.http.headers  - http-outgoing-56 << Content-Type:application/json; charset=utf-8
57732 [Forwarding clickElement on session 7177e9d132dc3c82c8edaf346c9b9a62 to remote] DEBUG org.apache.http.headers  - http-outgoing-56 << Content-Type:application/json; charset=utf-8
57732 [Forwarding clickElement on session 7177e9d132dc3c82c8edaf346c9b9a62 to remote] DEBUG org.apache.http.headers  - http-outgoing-56 << Connection:close
57732 [Forwarding clickElement on session 7177e9d132dc3c82c8edaf346c9b9a62 to remote] DEBUG org.apache.http.headers  - http-outgoing-56 << Connection:close
57732 [Forwarding clickElement on session 7177e9d132dc3c82c8edaf346c9b9a62 to remote] DEBUG org.apache.http.impl.conn.DefaultManagedHttpClientConnection  - http-outgoing-56: Close connection
57732 [Forwarding clickElement on session 7177e9d132dc3c82c8edaf346c9b9a62 to remote] DEBUG org.apache.http.impl.conn.DefaultManagedHttpClientConnection  - http-outgoing-56: Close connection
57732 [Forwarding clickElement on session 7177e9d132dc3c82c8edaf346c9b9a62 to remote] DEBUG org.apache.http.impl.execchain.MainClientExec  - Connection discarded
57732 [Forwarding clickElement on session 7177e9d132dc3c82c8edaf346c9b9a62 to remote] DEBUG org.apache.http.impl.execchain.MainClientExec  - Connection discarded
57732 [Forwarding clickElement on session 7177e9d132dc3c82c8edaf346c9b9a62 to remote] DEBUG org.apache.http.impl.conn.PoolingHttpClientConnectionManager  - Connection released: [id: 56][route: {}->http://localhost:19138][total kept alive: 0; route allocated: 0 of 2000; total allocated: 0 of 2000]
57732 [Forwarding clickElement on session 7177e9d132dc3c82c8edaf346c9b9a62 to remote] DEBUG org.apache.http.impl.conn.PoolingHttpClientConnectionManager  - Connection released: [id: 56][route: {}->http://localhost:19138][total kept alive: 0; route allocated: 0 of 2000; total allocated: 0 of 2000]
57733 [Forwarding findElement on session 7177e9d132dc3c82c8edaf346c9b9a62 to remote] DEBUG org.apache.http.client.protocol.RequestAddCookies  - CookieSpec selected: default
57733 [Forwarding findElement on session 7177e9d132dc3c82c8edaf346c9b9a62 to remote] DEBUG org.apache.http.client.protocol.RequestAddCookies  - CookieSpec selected: default
57733 [Forwarding findElement on session 7177e9d132dc3c82c8edaf346c9b9a62 to remote] DEBUG org.apache.http.client.protocol.RequestAuthCache  - Auth cache not set in the context
57733 [Forwarding findElement on session 7177e9d132dc3c82c8edaf346c9b9a62 to remote] DEBUG org.apache.http.client.protocol.RequestAuthCache  - Auth cache not set in the context
57733 [Forwarding findElement on session 7177e9d132dc3c82c8edaf346c9b9a62 to remote] DEBUG org.apache.http.impl.conn.PoolingHttpClientConnectionManager  - Connection request: [route: {}->http://localhost:19138][total kept alive: 0; route allocated: 0 of 2000; total allocated: 0 of 2000]
57733 [Forwarding findElement on session 7177e9d132dc3c82c8edaf346c9b9a62 to remote] DEBUG org.apache.http.impl.conn.PoolingHttpClientConnectionManager  - Connection request: [route: {}->http://localhost:19138][total kept alive: 0; route allocated: 0 of 2000; total allocated: 0 of 2000]
57734 [Forwarding findElement on session 7177e9d132dc3c82c8edaf346c9b9a62 to remote] DEBUG org.apache.http.impl.conn.PoolingHttpClientConnectionManager  - Connection leased: [id: 57][route: {}->http://localhost:19138][total kept alive: 0; route allocated: 1 of 2000; total allocated: 1 of 2000]
57734 [Forwarding findElement on session 7177e9d132dc3c82c8edaf346c9b9a62 to remote] DEBUG org.apache.http.impl.conn.PoolingHttpClientConnectionManager  - Connection leased: [id: 57][route: {}->http://localhost:19138][total kept alive: 0; route allocated: 1 of 2000; total allocated: 1 of 2000]
57734 [Forwarding findElement on session 7177e9d132dc3c82c8edaf346c9b9a62 to remote] DEBUG org.apache.http.impl.execchain.MainClientExec  - Opening connection {}->http://localhost:19138
57734 [Forwarding findElement on session 7177e9d132dc3c82c8edaf346c9b9a62 to remote] DEBUG org.apache.http.impl.execchain.MainClientExec  - Opening connection {}->http://localhost:19138
57734 [Forwarding findElement on session 7177e9d132dc3c82c8edaf346c9b9a62 to remote] DEBUG org.apache.http.impl.conn.DefaultHttpClientConnectionOperator  - Connecting to localhost/127.0.0.1:19138
57734 [Forwarding findElement on session 7177e9d132dc3c82c8edaf346c9b9a62 to remote] DEBUG org.apache.http.impl.conn.DefaultHttpClientConnectionOperator  - Connecting to localhost/127.0.0.1:19138
57734 [Forwarding findElement on session 7177e9d132dc3c82c8edaf346c9b9a62 to remote] DEBUG org.apache.http.impl.conn.DefaultHttpClientConnectionOperator  - Connection established 127.0.0.1:52894<->127.0.0.1:19138
57734 [Forwarding findElement on session 7177e9d132dc3c82c8edaf346c9b9a62 to remote] DEBUG org.apache.http.impl.conn.DefaultHttpClientConnectionOperator  - Connection established 127.0.0.1:52894<->127.0.0.1:19138
57734 [Forwarding findElement on session 7177e9d132dc3c82c8edaf346c9b9a62 to remote] DEBUG org.apache.http.impl.conn.DefaultManagedHttpClientConnection  - http-outgoing-57: set socket timeout to 10800000
57734 [Forwarding findElement on session 7177e9d132dc3c82c8edaf346c9b9a62 to remote] DEBUG org.apache.http.impl.conn.DefaultManagedHttpClientConnection  - http-outgoing-57: set socket timeout to 10800000
57734 [Forwarding findElement on session 7177e9d132dc3c82c8edaf346c9b9a62 to remote] DEBUG org.apache.http.impl.execchain.MainClientExec  - Executing request POST /session/7177e9d132dc3c82c8edaf346c9b9a62/element HTTP/1.1
57734 [Forwarding findElement on session 7177e9d132dc3c82c8edaf346c9b9a62 to remote] DEBUG org.apache.http.impl.execchain.MainClientExec  - Executing request POST /session/7177e9d132dc3c82c8edaf346c9b9a62/element HTTP/1.1
57734 [Forwarding findElement on session 7177e9d132dc3c82c8edaf346c9b9a62 to remote] DEBUG org.apache.http.impl.execchain.MainClientExec  - Target auth state: UNCHALLENGED
57734 [Forwarding findElement on session 7177e9d132dc3c82c8edaf346c9b9a62 to remote] DEBUG org.apache.http.impl.execchain.MainClientExec  - Target auth state: UNCHALLENGED
57734 [Forwarding findElement on session 7177e9d132dc3c82c8edaf346c9b9a62 to remote] DEBUG org.apache.http.impl.execchain.MainClientExec  - Proxy auth state: UNCHALLENGED
57734 [Forwarding findElement on session 7177e9d132dc3c82c8edaf346c9b9a62 to remote] DEBUG org.apache.http.impl.execchain.MainClientExec  - Proxy auth state: UNCHALLENGED
57735 [Forwarding findElement on session 7177e9d132dc3c82c8edaf346c9b9a62 to remote] DEBUG org.apache.http.headers  - http-outgoing-57 >> POST /session/7177e9d132dc3c82c8edaf346c9b9a62/element HTTP/1.1
57735 [Forwarding findElement on session 7177e9d132dc3c82c8edaf346c9b9a62 to remote] DEBUG org.apache.http.headers  - http-outgoing-57 >> POST /session/7177e9d132dc3c82c8edaf346c9b9a62/element HTTP/1.1
57735 [Forwarding findElement on session 7177e9d132dc3c82c8edaf346c9b9a62 to remote] DEBUG org.apache.http.headers  - http-outgoing-57 >> Content-Type: application/json; charset=utf-8
57735 [Forwarding findElement on session 7177e9d132dc3c82c8edaf346c9b9a62 to remote] DEBUG org.apache.http.headers  - http-outgoing-57 >> Content-Type: application/json; charset=utf-8
57735 [Forwarding findElement on session 7177e9d132dc3c82c8edaf346c9b9a62 to remote] DEBUG org.apache.http.headers  - http-outgoing-57 >> Content-Length: 62
57735 [Forwarding findElement on session 7177e9d132dc3c82c8edaf346c9b9a62 to remote] DEBUG org.apache.http.headers  - http-outgoing-57 >> Content-Length: 62
57735 [Forwarding findElement on session 7177e9d132dc3c82c8edaf346c9b9a62 to remote] DEBUG org.apache.http.headers  - http-outgoing-57 >> Host: localhost:19138
57735 [Forwarding findElement on session 7177e9d132dc3c82c8edaf346c9b9a62 to remote] DEBUG org.apache.http.headers  - http-outgoing-57 >> Host: localhost:19138
57735 [Forwarding findElement on session 7177e9d132dc3c82c8edaf346c9b9a62 to remote] DEBUG org.apache.http.headers  - http-outgoing-57 >> Connection: Keep-Alive
57735 [Forwarding findElement on session 7177e9d132dc3c82c8edaf346c9b9a62 to remote] DEBUG org.apache.http.headers  - http-outgoing-57 >> Connection: Keep-Alive
57735 [Forwarding findElement on session 7177e9d132dc3c82c8edaf346c9b9a62 to remote] DEBUG org.apache.http.headers  - http-outgoing-57 >> User-Agent: Apache-HttpClient/4.5.2 (Java/1.8.0_91)
57735 [Forwarding findElement on session 7177e9d132dc3c82c8edaf346c9b9a62 to remote] DEBUG org.apache.http.headers  - http-outgoing-57 >> User-Agent: Apache-HttpClient/4.5.2 (Java/1.8.0_91)
57735 [Forwarding findElement on session 7177e9d132dc3c82c8edaf346c9b9a62 to remote] DEBUG org.apache.http.headers  - http-outgoing-57 >> Accept-Encoding: gzip,deflate
57735 [Forwarding findElement on session 7177e9d132dc3c82c8edaf346c9b9a62 to remote] DEBUG org.apache.http.headers  - http-outgoing-57 >> Accept-Encoding: gzip,deflate
57735 [Forwarding findElement on session 7177e9d132dc3c82c8edaf346c9b9a62 to remote] DEBUG org.apache.http.wire  - http-outgoing-57 >> "POST /session/7177e9d132dc3c82c8edaf346c9b9a62/element HTTP/1.1[\r][\n]"
57735 [Forwarding findElement on session 7177e9d132dc3c82c8edaf346c9b9a62 to remote] DEBUG org.apache.http.wire  - http-outgoing-57 >> "POST /session/7177e9d132dc3c82c8edaf346c9b9a62/element HTTP/1.1[\r][\n]"
57735 [Forwarding findElement on session 7177e9d132dc3c82c8edaf346c9b9a62 to remote] DEBUG org.apache.http.wire  - http-outgoing-57 >> "Content-Type: application/json; charset=utf-8[\r][\n]"
57735 [Forwarding findElement on session 7177e9d132dc3c82c8edaf346c9b9a62 to remote] DEBUG org.apache.http.wire  - http-outgoing-57 >> "Content-Type: application/json; charset=utf-8[\r][\n]"
57735 [Forwarding findElement on session 7177e9d132dc3c82c8edaf346c9b9a62 to remote] DEBUG org.apache.http.wire  - http-outgoing-57 >> "Content-Length: 62[\r][\n]"
57735 [Forwarding findElement on session 7177e9d132dc3c82c8edaf346c9b9a62 to remote] DEBUG org.apache.http.wire  - http-outgoing-57 >> "Content-Length: 62[\r][\n]"
57735 [Forwarding findElement on session 7177e9d132dc3c82c8edaf346c9b9a62 to remote] DEBUG org.apache.http.wire  - http-outgoing-57 >> "Host: localhost:19138[\r][\n]"
57735 [Forwarding findElement on session 7177e9d132dc3c82c8edaf346c9b9a62 to remote] DEBUG org.apache.http.wire  - http-outgoing-57 >> "Host: localhost:19138[\r][\n]"
57735 [Forwarding findElement on session 7177e9d132dc3c82c8edaf346c9b9a62 to remote] DEBUG org.apache.http.wire  - http-outgoing-57 >> "Connection: Keep-Alive[\r][\n]"
57735 [Forwarding findElement on session 7177e9d132dc3c82c8edaf346c9b9a62 to remote] DEBUG org.apache.http.wire  - http-outgoing-57 >> "Connection: Keep-Alive[\r][\n]"
57735 [Forwarding findElement on session 7177e9d132dc3c82c8edaf346c9b9a62 to remote] DEBUG org.apache.http.wire  - http-outgoing-57 >> "User-Agent: Apache-HttpClient/4.5.2 (Java/1.8.0_91)[\r][\n]"
57735 [Forwarding findElement on session 7177e9d132dc3c82c8edaf346c9b9a62 to remote] DEBUG org.apache.http.wire  - http-outgoing-57 >> "User-Agent: Apache-HttpClient/4.5.2 (Java/1.8.0_91)[\r][\n]"
57735 [Forwarding findElement on session 7177e9d132dc3c82c8edaf346c9b9a62 to remote] DEBUG org.apache.http.wire  - http-outgoing-57 >> "Accept-Encoding: gzip,deflate[\r][\n]"
57735 [Forwarding findElement on session 7177e9d132dc3c82c8edaf346c9b9a62 to remote] DEBUG org.apache.http.wire  - http-outgoing-57 >> "Accept-Encoding: gzip,deflate[\r][\n]"
57735 [Forwarding findElement on session 7177e9d132dc3c82c8edaf346c9b9a62 to remote] DEBUG org.apache.http.wire  - http-outgoing-57 >> "[\r][\n]"
57735 [Forwarding findElement on session 7177e9d132dc3c82c8edaf346c9b9a62 to remote] DEBUG org.apache.http.wire  - http-outgoing-57 >> "[\r][\n]"
57735 [Forwarding findElement on session 7177e9d132dc3c82c8edaf346c9b9a62 to remote] DEBUG org.apache.http.wire  - http-outgoing-57 >> "{"using":"css selector","value":".post-metadata-actions>span"}"
57735 [Forwarding findElement on session 7177e9d132dc3c82c8edaf346c9b9a62 to remote] DEBUG org.apache.http.wire  - http-outgoing-57 >> "{"using":"css selector","value":".post-metadata-actions>span"}"
57761 [Forwarding findElement on session 7177e9d132dc3c82c8edaf346c9b9a62 to remote] DEBUG org.apache.http.wire  - http-outgoing-57 << "HTTP/1.1 200 OK[\r][\n]"
57761 [Forwarding findElement on session 7177e9d132dc3c82c8edaf346c9b9a62 to remote] DEBUG org.apache.http.wire  - http-outgoing-57 << "HTTP/1.1 200 OK[\r][\n]"
57761 [Forwarding findElement on session 7177e9d132dc3c82c8edaf346c9b9a62 to remote] DEBUG org.apache.http.wire  - http-outgoing-57 << "Content-Length:102[\r][\n]"
57761 [Forwarding findElement on session 7177e9d132dc3c82c8edaf346c9b9a62 to remote] DEBUG org.apache.http.wire  - http-outgoing-57 << "Content-Length:102[\r][\n]"
57761 [Forwarding findElement on session 7177e9d132dc3c82c8edaf346c9b9a62 to remote] DEBUG org.apache.http.wire  - http-outgoing-57 << "Content-Type:application/json; charset=utf-8[\r][\n]"
57761 [Forwarding findElement on session 7177e9d132dc3c82c8edaf346c9b9a62 to remote] DEBUG org.apache.http.wire  - http-outgoing-57 << "Content-Type:application/json; charset=utf-8[\r][\n]"
57761 [Forwarding findElement on session 7177e9d132dc3c82c8edaf346c9b9a62 to remote] DEBUG org.apache.http.wire  - http-outgoing-57 << "Connection:close[\r][\n]"
57761 [Forwarding findElement on session 7177e9d132dc3c82c8edaf346c9b9a62 to remote] DEBUG org.apache.http.wire  - http-outgoing-57 << "Connection:close[\r][\n]"
57761 [Forwarding findElement on session 7177e9d132dc3c82c8edaf346c9b9a62 to remote] DEBUG org.apache.http.wire  - http-outgoing-57 << "[\r][\n]"
57761 [Forwarding findElement on session 7177e9d132dc3c82c8edaf346c9b9a62 to remote] DEBUG org.apache.http.wire  - http-outgoing-57 << "[\r][\n]"
57761 [Forwarding findElement on session 7177e9d132dc3c82c8edaf346c9b9a62 to remote] DEBUG org.apache.http.wire  - http-outgoing-57 << "{"sessionId":"7177e9d132dc3c82c8edaf346c9b9a62","status":0,"value":{"ELEMENT":"0.1559451815082733-1"}}"
57761 [Forwarding findElement on session 7177e9d132dc3c82c8edaf346c9b9a62 to remote] DEBUG org.apache.http.wire  - http-outgoing-57 << "{"sessionId":"7177e9d132dc3c82c8edaf346c9b9a62","status":0,"value":{"ELEMENT":"0.1559451815082733-1"}}"
57762 [Forwarding findElement on session 7177e9d132dc3c82c8edaf346c9b9a62 to remote] DEBUG org.apache.http.headers  - http-outgoing-57 << HTTP/1.1 200 OK
57762 [Forwarding findElement on session 7177e9d132dc3c82c8edaf346c9b9a62 to remote] DEBUG org.apache.http.headers  - http-outgoing-57 << HTTP/1.1 200 OK
57762 [Forwarding findElement on session 7177e9d132dc3c82c8edaf346c9b9a62 to remote] DEBUG org.apache.http.headers  - http-outgoing-57 << Content-Length:102
57762 [Forwarding findElement on session 7177e9d132dc3c82c8edaf346c9b9a62 to remote] DEBUG org.apache.http.headers  - http-outgoing-57 << Content-Length:102
57762 [Forwarding findElement on session 7177e9d132dc3c82c8edaf346c9b9a62 to remote] DEBUG org.apache.http.headers  - http-outgoing-57 << Content-Type:application/json; charset=utf-8
57762 [Forwarding findElement on session 7177e9d132dc3c82c8edaf346c9b9a62 to remote] DEBUG org.apache.http.headers  - http-outgoing-57 << Content-Type:application/json; charset=utf-8
57762 [Forwarding findElement on session 7177e9d132dc3c82c8edaf346c9b9a62 to remote] DEBUG org.apache.http.headers  - http-outgoing-57 << Connection:close
57762 [Forwarding findElement on session 7177e9d132dc3c82c8edaf346c9b9a62 to remote] DEBUG org.apache.http.headers  - http-outgoing-57 << Connection:close
57762 [Forwarding findElement on session 7177e9d132dc3c82c8edaf346c9b9a62 to remote] DEBUG org.apache.http.impl.conn.DefaultManagedHttpClientConnection  - http-outgoing-57: Close connection
57762 [Forwarding findElement on session 7177e9d132dc3c82c8edaf346c9b9a62 to remote] DEBUG org.apache.http.impl.conn.DefaultManagedHttpClientConnection  - http-outgoing-57: Close connection
57762 [Forwarding findElement on session 7177e9d132dc3c82c8edaf346c9b9a62 to remote] DEBUG org.apache.http.impl.execchain.MainClientExec  - Connection discarded
57762 [Forwarding findElement on session 7177e9d132dc3c82c8edaf346c9b9a62 to remote] DEBUG org.apache.http.impl.execchain.MainClientExec  - Connection discarded
57763 [Forwarding findElement on session 7177e9d132dc3c82c8edaf346c9b9a62 to remote] DEBUG org.apache.http.impl.conn.PoolingHttpClientConnectionManager  - Connection released: [id: 57][route: {}->http://localhost:19138][total kept alive: 0; route allocated: 0 of 2000; total allocated: 0 of 2000]
57763 [Forwarding findElement on session 7177e9d132dc3c82c8edaf346c9b9a62 to remote] DEBUG org.apache.http.impl.conn.PoolingHttpClientConnectionManager  - Connection released: [id: 57][route: {}->http://localhost:19138][total kept alive: 0; route allocated: 0 of 2000; total allocated: 0 of 2000]
57764 [Forwarding clickElement on session 7177e9d132dc3c82c8edaf346c9b9a62 to remote] DEBUG org.apache.http.client.protocol.RequestAddCookies  - CookieSpec selected: default
57764 [Forwarding clickElement on session 7177e9d132dc3c82c8edaf346c9b9a62 to remote] DEBUG org.apache.http.client.protocol.RequestAddCookies  - CookieSpec selected: default
57764 [Forwarding clickElement on session 7177e9d132dc3c82c8edaf346c9b9a62 to remote] DEBUG org.apache.http.client.protocol.RequestAuthCache  - Auth cache not set in the context
57764 [Forwarding clickElement on session 7177e9d132dc3c82c8edaf346c9b9a62 to remote] DEBUG org.apache.http.client.protocol.RequestAuthCache  - Auth cache not set in the context
57764 [Forwarding clickElement on session 7177e9d132dc3c82c8edaf346c9b9a62 to remote] DEBUG org.apache.http.impl.conn.PoolingHttpClientConnectionManager  - Connection request: [route: {}->http://localhost:19138][total kept alive: 0; route allocated: 0 of 2000; total allocated: 0 of 2000]
57764 [Forwarding clickElement on session 7177e9d132dc3c82c8edaf346c9b9a62 to remote] DEBUG org.apache.http.impl.conn.PoolingHttpClientConnectionManager  - Connection request: [route: {}->http://localhost:19138][total kept alive: 0; route allocated: 0 of 2000; total allocated: 0 of 2000]
57764 [Forwarding clickElement on session 7177e9d132dc3c82c8edaf346c9b9a62 to remote] DEBUG org.apache.http.impl.conn.PoolingHttpClientConnectionManager  - Connection leased: [id: 58][route: {}->http://localhost:19138][total kept alive: 0; route allocated: 1 of 2000; total allocated: 1 of 2000]
57764 [Forwarding clickElement on session 7177e9d132dc3c82c8edaf346c9b9a62 to remote] DEBUG org.apache.http.impl.conn.PoolingHttpClientConnectionManager  - Connection leased: [id: 58][route: {}->http://localhost:19138][total kept alive: 0; route allocated: 1 of 2000; total allocated: 1 of 2000]
57764 [Forwarding clickElement on session 7177e9d132dc3c82c8edaf346c9b9a62 to remote] DEBUG org.apache.http.impl.execchain.MainClientExec  - Opening connection {}->http://localhost:19138
57764 [Forwarding clickElement on session 7177e9d132dc3c82c8edaf346c9b9a62 to remote] DEBUG org.apache.http.impl.execchain.MainClientExec  - Opening connection {}->http://localhost:19138
57764 [Forwarding clickElement on session 7177e9d132dc3c82c8edaf346c9b9a62 to remote] DEBUG org.apache.http.impl.conn.DefaultHttpClientConnectionOperator  - Connecting to localhost/127.0.0.1:19138
57764 [Forwarding clickElement on session 7177e9d132dc3c82c8edaf346c9b9a62 to remote] DEBUG org.apache.http.impl.conn.DefaultHttpClientConnectionOperator  - Connecting to localhost/127.0.0.1:19138
57765 [Forwarding clickElement on session 7177e9d132dc3c82c8edaf346c9b9a62 to remote] DEBUG org.apache.http.impl.conn.DefaultHttpClientConnectionOperator  - Connection established 127.0.0.1:52895<->127.0.0.1:19138
57765 [Forwarding clickElement on session 7177e9d132dc3c82c8edaf346c9b9a62 to remote] DEBUG org.apache.http.impl.conn.DefaultHttpClientConnectionOperator  - Connection established 127.0.0.1:52895<->127.0.0.1:19138
57765 [Forwarding clickElement on session 7177e9d132dc3c82c8edaf346c9b9a62 to remote] DEBUG org.apache.http.impl.conn.DefaultManagedHttpClientConnection  - http-outgoing-58: set socket timeout to 10800000
57765 [Forwarding clickElement on session 7177e9d132dc3c82c8edaf346c9b9a62 to remote] DEBUG org.apache.http.impl.conn.DefaultManagedHttpClientConnection  - http-outgoing-58: set socket timeout to 10800000
57765 [Forwarding clickElement on session 7177e9d132dc3c82c8edaf346c9b9a62 to remote] DEBUG org.apache.http.impl.execchain.MainClientExec  - Executing request POST /session/7177e9d132dc3c82c8edaf346c9b9a62/element/0.1559451815082733-1/click HTTP/1.1
57765 [Forwarding clickElement on session 7177e9d132dc3c82c8edaf346c9b9a62 to remote] DEBUG org.apache.http.impl.execchain.MainClientExec  - Executing request POST /session/7177e9d132dc3c82c8edaf346c9b9a62/element/0.1559451815082733-1/click HTTP/1.1
57765 [Forwarding clickElement on session 7177e9d132dc3c82c8edaf346c9b9a62 to remote] DEBUG org.apache.http.impl.execchain.MainClientExec  - Target auth state: UNCHALLENGED
57765 [Forwarding clickElement on session 7177e9d132dc3c82c8edaf346c9b9a62 to remote] DEBUG org.apache.http.impl.execchain.MainClientExec  - Target auth state: UNCHALLENGED
57765 [Forwarding clickElement on session 7177e9d132dc3c82c8edaf346c9b9a62 to remote] DEBUG org.apache.http.impl.execchain.MainClientExec  - Proxy auth state: UNCHALLENGED
57765 [Forwarding clickElement on session 7177e9d132dc3c82c8edaf346c9b9a62 to remote] DEBUG org.apache.http.impl.execchain.MainClientExec  - Proxy auth state: UNCHALLENGED
57765 [Forwarding clickElement on session 7177e9d132dc3c82c8edaf346c9b9a62 to remote] DEBUG org.apache.http.headers  - http-outgoing-58 >> POST /session/7177e9d132dc3c82c8edaf346c9b9a62/element/0.1559451815082733-1/click HTTP/1.1
57765 [Forwarding clickElement on session 7177e9d132dc3c82c8edaf346c9b9a62 to remote] DEBUG org.apache.http.headers  - http-outgoing-58 >> POST /session/7177e9d132dc3c82c8edaf346c9b9a62/element/0.1559451815082733-1/click HTTP/1.1
57765 [Forwarding clickElement on session 7177e9d132dc3c82c8edaf346c9b9a62 to remote] DEBUG org.apache.http.headers  - http-outgoing-58 >> Content-Type: application/json; charset=utf-8
57765 [Forwarding clickElement on session 7177e9d132dc3c82c8edaf346c9b9a62 to remote] DEBUG org.apache.http.headers  - http-outgoing-58 >> Content-Type: application/json; charset=utf-8
57765 [Forwarding clickElement on session 7177e9d132dc3c82c8edaf346c9b9a62 to remote] DEBUG org.apache.http.headers  - http-outgoing-58 >> Content-Length: 29
57765 [Forwarding clickElement on session 7177e9d132dc3c82c8edaf346c9b9a62 to remote] DEBUG org.apache.http.headers  - http-outgoing-58 >> Content-Length: 29
57765 [Forwarding clickElement on session 7177e9d132dc3c82c8edaf346c9b9a62 to remote] DEBUG org.apache.http.headers  - http-outgoing-58 >> Host: localhost:19138
57765 [Forwarding clickElement on session 7177e9d132dc3c82c8edaf346c9b9a62 to remote] DEBUG org.apache.http.headers  - http-outgoing-58 >> Host: localhost:19138
57765 [Forwarding clickElement on session 7177e9d132dc3c82c8edaf346c9b9a62 to remote] DEBUG org.apache.http.headers  - http-outgoing-58 >> Connection: Keep-Alive
57765 [Forwarding clickElement on session 7177e9d132dc3c82c8edaf346c9b9a62 to remote] DEBUG org.apache.http.headers  - http-outgoing-58 >> Connection: Keep-Alive
57765 [Forwarding clickElement on session 7177e9d132dc3c82c8edaf346c9b9a62 to remote] DEBUG org.apache.http.headers  - http-outgoing-58 >> User-Agent: Apache-HttpClient/4.5.2 (Java/1.8.0_91)
57765 [Forwarding clickElement on session 7177e9d132dc3c82c8edaf346c9b9a62 to remote] DEBUG org.apache.http.headers  - http-outgoing-58 >> User-Agent: Apache-HttpClient/4.5.2 (Java/1.8.0_91)
57765 [Forwarding clickElement on session 7177e9d132dc3c82c8edaf346c9b9a62 to remote] DEBUG org.apache.http.headers  - http-outgoing-58 >> Accept-Encoding: gzip,deflate
57765 [Forwarding clickElement on session 7177e9d132dc3c82c8edaf346c9b9a62 to remote] DEBUG org.apache.http.headers  - http-outgoing-58 >> Accept-Encoding: gzip,deflate
57765 [Forwarding clickElement on session 7177e9d132dc3c82c8edaf346c9b9a62 to remote] DEBUG org.apache.http.wire  - http-outgoing-58 >> "POST /session/7177e9d132dc3c82c8edaf346c9b9a62/element/0.1559451815082733-1/click HTTP/1.1[\r][\n]"
57765 [Forwarding clickElement on session 7177e9d132dc3c82c8edaf346c9b9a62 to remote] DEBUG org.apache.http.wire  - http-outgoing-58 >> "POST /session/7177e9d132dc3c82c8edaf346c9b9a62/element/0.1559451815082733-1/click HTTP/1.1[\r][\n]"
57765 [Forwarding clickElement on session 7177e9d132dc3c82c8edaf346c9b9a62 to remote] DEBUG org.apache.http.wire  - http-outgoing-58 >> "Content-Type: application/json; charset=utf-8[\r][\n]"
57765 [Forwarding clickElement on session 7177e9d132dc3c82c8edaf346c9b9a62 to remote] DEBUG org.apache.http.wire  - http-outgoing-58 >> "Content-Type: application/json; charset=utf-8[\r][\n]"
57765 [Forwarding clickElement on session 7177e9d132dc3c82c8edaf346c9b9a62 to remote] DEBUG org.apache.http.wire  - http-outgoing-58 >> "Content-Length: 29[\r][\n]"
57765 [Forwarding clickElement on session 7177e9d132dc3c82c8edaf346c9b9a62 to remote] DEBUG org.apache.http.wire  - http-outgoing-58 >> "Content-Length: 29[\r][\n]"
57765 [Forwarding clickElement on session 7177e9d132dc3c82c8edaf346c9b9a62 to remote] DEBUG org.apache.http.wire  - http-outgoing-58 >> "Host: localhost:19138[\r][\n]"
57765 [Forwarding clickElement on session 7177e9d132dc3c82c8edaf346c9b9a62 to remote] DEBUG org.apache.http.wire  - http-outgoing-58 >> "Host: localhost:19138[\r][\n]"
57765 [Forwarding clickElement on session 7177e9d132dc3c82c8edaf346c9b9a62 to remote] DEBUG org.apache.http.wire  - http-outgoing-58 >> "Connection: Keep-Alive[\r][\n]"
57765 [Forwarding clickElement on session 7177e9d132dc3c82c8edaf346c9b9a62 to remote] DEBUG org.apache.http.wire  - http-outgoing-58 >> "Connection: Keep-Alive[\r][\n]"
57765 [Forwarding clickElement on session 7177e9d132dc3c82c8edaf346c9b9a62 to remote] DEBUG org.apache.http.wire  - http-outgoing-58 >> "User-Agent: Apache-HttpClient/4.5.2 (Java/1.8.0_91)[\r][\n]"
57765 [Forwarding clickElement on session 7177e9d132dc3c82c8edaf346c9b9a62 to remote] DEBUG org.apache.http.wire  - http-outgoing-58 >> "User-Agent: Apache-HttpClient/4.5.2 (Java/1.8.0_91)[\r][\n]"
57765 [Forwarding clickElement on session 7177e9d132dc3c82c8edaf346c9b9a62 to remote] DEBUG org.apache.http.wire  - http-outgoing-58 >> "Accept-Encoding: gzip,deflate[\r][\n]"
57765 [Forwarding clickElement on session 7177e9d132dc3c82c8edaf346c9b9a62 to remote] DEBUG org.apache.http.wire  - http-outgoing-58 >> "Accept-Encoding: gzip,deflate[\r][\n]"
57765 [Forwarding clickElement on session 7177e9d132dc3c82c8edaf346c9b9a62 to remote] DEBUG org.apache.http.wire  - http-outgoing-58 >> "[\r][\n]"
57765 [Forwarding clickElement on session 7177e9d132dc3c82c8edaf346c9b9a62 to remote] DEBUG org.apache.http.wire  - http-outgoing-58 >> "[\r][\n]"
57765 [Forwarding clickElement on session 7177e9d132dc3c82c8edaf346c9b9a62 to remote] DEBUG org.apache.http.wire  - http-outgoing-58 >> "{"id":"0.1559451815082733-1"}"
57765 [Forwarding clickElement on session 7177e9d132dc3c82c8edaf346c9b9a62 to remote] DEBUG org.apache.http.wire  - http-outgoing-58 >> "{"id":"0.1559451815082733-1"}"
57812 [Forwarding clickElement on session 7177e9d132dc3c82c8edaf346c9b9a62 to remote] DEBUG org.apache.http.wire  - http-outgoing-58 << "HTTP/1.1 200 OK[\r][\n]"
57812 [Forwarding clickElement on session 7177e9d132dc3c82c8edaf346c9b9a62 to remote] DEBUG org.apache.http.wire  - http-outgoing-58 << "HTTP/1.1 200 OK[\r][\n]"
57812 [Forwarding clickElement on session 7177e9d132dc3c82c8edaf346c9b9a62 to remote] DEBUG org.apache.http.wire  - http-outgoing-58 << "Content-Length:72[\r][\n]"
57812 [Forwarding clickElement on session 7177e9d132dc3c82c8edaf346c9b9a62 to remote] DEBUG org.apache.http.wire  - http-outgoing-58 << "Content-Length:72[\r][\n]"
57812 [Forwarding clickElement on session 7177e9d132dc3c82c8edaf346c9b9a62 to remote] DEBUG org.apache.http.wire  - http-outgoing-58 << "Content-Type:application/json; charset=utf-8[\r][\n]"
57812 [Forwarding clickElement on session 7177e9d132dc3c82c8edaf346c9b9a62 to remote] DEBUG org.apache.http.wire  - http-outgoing-58 << "Content-Type:application/json; charset=utf-8[\r][\n]"
57812 [Forwarding clickElement on session 7177e9d132dc3c82c8edaf346c9b9a62 to remote] DEBUG org.apache.http.wire  - http-outgoing-58 << "Connection:close[\r][\n]"
57812 [Forwarding clickElement on session 7177e9d132dc3c82c8edaf346c9b9a62 to remote] DEBUG org.apache.http.wire  - http-outgoing-58 << "Connection:close[\r][\n]"
57812 [Forwarding clickElement on session 7177e9d132dc3c82c8edaf346c9b9a62 to remote] DEBUG org.apache.http.wire  - http-outgoing-58 << "[\r][\n]"
57812 [Forwarding clickElement on session 7177e9d132dc3c82c8edaf346c9b9a62 to remote] DEBUG org.apache.http.wire  - http-outgoing-58 << "[\r][\n]"
57812 [Forwarding clickElement on session 7177e9d132dc3c82c8edaf346c9b9a62 to remote] DEBUG org.apache.http.wire  - http-outgoing-58 << "{"sessionId":"7177e9d132dc3c82c8edaf346c9b9a62","status":0,"value":null}"
57812 [Forwarding clickElement on session 7177e9d132dc3c82c8edaf346c9b9a62 to remote] DEBUG org.apache.http.wire  - http-outgoing-58 << "{"sessionId":"7177e9d132dc3c82c8edaf346c9b9a62","status":0,"value":null}"
57812 [Forwarding clickElement on session 7177e9d132dc3c82c8edaf346c9b9a62 to remote] DEBUG org.apache.http.headers  - http-outgoing-58 << HTTP/1.1 200 OK
57812 [Forwarding clickElement on session 7177e9d132dc3c82c8edaf346c9b9a62 to remote] DEBUG org.apache.http.headers  - http-outgoing-58 << HTTP/1.1 200 OK
57812 [Forwarding clickElement on session 7177e9d132dc3c82c8edaf346c9b9a62 to remote] DEBUG org.apache.http.headers  - http-outgoing-58 << Content-Length:72
57812 [Forwarding clickElement on session 7177e9d132dc3c82c8edaf346c9b9a62 to remote] DEBUG org.apache.http.headers  - http-outgoing-58 << Content-Length:72
57812 [Forwarding clickElement on session 7177e9d132dc3c82c8edaf346c9b9a62 to remote] DEBUG org.apache.http.headers  - http-outgoing-58 << Content-Type:application/json; charset=utf-8
57812 [Forwarding clickElement on session 7177e9d132dc3c82c8edaf346c9b9a62 to remote] DEBUG org.apache.http.headers  - http-outgoing-58 << Content-Type:application/json; charset=utf-8
57812 [Forwarding clickElement on session 7177e9d132dc3c82c8edaf346c9b9a62 to remote] DEBUG org.apache.http.headers  - http-outgoing-58 << Connection:close
57812 [Forwarding clickElement on session 7177e9d132dc3c82c8edaf346c9b9a62 to remote] DEBUG org.apache.http.headers  - http-outgoing-58 << Connection:close
57812 [Forwarding clickElement on session 7177e9d132dc3c82c8edaf346c9b9a62 to remote] DEBUG org.apache.http.impl.conn.DefaultManagedHttpClientConnection  - http-outgoing-58: Close connection
57812 [Forwarding clickElement on session 7177e9d132dc3c82c8edaf346c9b9a62 to remote] DEBUG org.apache.http.impl.conn.DefaultManagedHttpClientConnection  - http-outgoing-58: Close connection
57812 [Forwarding clickElement on session 7177e9d132dc3c82c8edaf346c9b9a62 to remote] DEBUG org.apache.http.impl.execchain.MainClientExec  - Connection discarded
57812 [Forwarding clickElement on session 7177e9d132dc3c82c8edaf346c9b9a62 to remote] DEBUG org.apache.http.impl.execchain.MainClientExec  - Connection discarded
57812 [Forwarding clickElement on session 7177e9d132dc3c82c8edaf346c9b9a62 to remote] DEBUG org.apache.http.impl.conn.PoolingHttpClientConnectionManager  - Connection released: [id: 58][route: {}->http://localhost:19138][total kept alive: 0; route allocated: 0 of 2000; total allocated: 0 of 2000]
57812 [Forwarding clickElement on session 7177e9d132dc3c82c8edaf346c9b9a62 to remote] DEBUG org.apache.http.impl.conn.PoolingHttpClientConnectionManager  - Connection released: [id: 58][route: {}->http://localhost:19138][total kept alive: 0; route allocated: 0 of 2000; total allocated: 0 of 2000]
57813 [Forwarding findElement on session 7177e9d132dc3c82c8edaf346c9b9a62 to remote] DEBUG org.apache.http.client.protocol.RequestAddCookies  - CookieSpec selected: default
57813 [Forwarding findElement on session 7177e9d132dc3c82c8edaf346c9b9a62 to remote] DEBUG org.apache.http.client.protocol.RequestAddCookies  - CookieSpec selected: default
57813 [Forwarding findElement on session 7177e9d132dc3c82c8edaf346c9b9a62 to remote] DEBUG org.apache.http.client.protocol.RequestAuthCache  - Auth cache not set in the context
57813 [Forwarding findElement on session 7177e9d132dc3c82c8edaf346c9b9a62 to remote] DEBUG org.apache.http.client.protocol.RequestAuthCache  - Auth cache not set in the context
57813 [Forwarding findElement on session 7177e9d132dc3c82c8edaf346c9b9a62 to remote] DEBUG org.apache.http.impl.conn.PoolingHttpClientConnectionManager  - Connection request: [route: {}->http://localhost:19138][total kept alive: 0; route allocated: 0 of 2000; total allocated: 0 of 2000]
57813 [Forwarding findElement on session 7177e9d132dc3c82c8edaf346c9b9a62 to remote] DEBUG org.apache.http.impl.conn.PoolingHttpClientConnectionManager  - Connection request: [route: {}->http://localhost:19138][total kept alive: 0; route allocated: 0 of 2000; total allocated: 0 of 2000]
57814 [Forwarding findElement on session 7177e9d132dc3c82c8edaf346c9b9a62 to remote] DEBUG org.apache.http.impl.conn.PoolingHttpClientConnectionManager  - Connection leased: [id: 59][route: {}->http://localhost:19138][total kept alive: 0; route allocated: 1 of 2000; total allocated: 1 of 2000]
57814 [Forwarding findElement on session 7177e9d132dc3c82c8edaf346c9b9a62 to remote] DEBUG org.apache.http.impl.conn.PoolingHttpClientConnectionManager  - Connection leased: [id: 59][route: {}->http://localhost:19138][total kept alive: 0; route allocated: 1 of 2000; total allocated: 1 of 2000]
57814 [Forwarding findElement on session 7177e9d132dc3c82c8edaf346c9b9a62 to remote] DEBUG org.apache.http.impl.execchain.MainClientExec  - Opening connection {}->http://localhost:19138
57814 [Forwarding findElement on session 7177e9d132dc3c82c8edaf346c9b9a62 to remote] DEBUG org.apache.http.impl.execchain.MainClientExec  - Opening connection {}->http://localhost:19138
57814 [Forwarding findElement on session 7177e9d132dc3c82c8edaf346c9b9a62 to remote] DEBUG org.apache.http.impl.conn.DefaultHttpClientConnectionOperator  - Connecting to localhost/127.0.0.1:19138
57814 [Forwarding findElement on session 7177e9d132dc3c82c8edaf346c9b9a62 to remote] DEBUG org.apache.http.impl.conn.DefaultHttpClientConnectionOperator  - Connecting to localhost/127.0.0.1:19138
57815 [Forwarding findElement on session 7177e9d132dc3c82c8edaf346c9b9a62 to remote] DEBUG org.apache.http.impl.conn.DefaultHttpClientConnectionOperator  - Connection established 127.0.0.1:52896<->127.0.0.1:19138
57815 [Forwarding findElement on session 7177e9d132dc3c82c8edaf346c9b9a62 to remote] DEBUG org.apache.http.impl.conn.DefaultHttpClientConnectionOperator  - Connection established 127.0.0.1:52896<->127.0.0.1:19138
57815 [Forwarding findElement on session 7177e9d132dc3c82c8edaf346c9b9a62 to remote] DEBUG org.apache.http.impl.conn.DefaultManagedHttpClientConnection  - http-outgoing-59: set socket timeout to 10800000
57815 [Forwarding findElement on session 7177e9d132dc3c82c8edaf346c9b9a62 to remote] DEBUG org.apache.http.impl.conn.DefaultManagedHttpClientConnection  - http-outgoing-59: set socket timeout to 10800000
57815 [Forwarding findElement on session 7177e9d132dc3c82c8edaf346c9b9a62 to remote] DEBUG org.apache.http.impl.execchain.MainClientExec  - Executing request POST /session/7177e9d132dc3c82c8edaf346c9b9a62/element HTTP/1.1
57815 [Forwarding findElement on session 7177e9d132dc3c82c8edaf346c9b9a62 to remote] DEBUG org.apache.http.impl.execchain.MainClientExec  - Executing request POST /session/7177e9d132dc3c82c8edaf346c9b9a62/element HTTP/1.1
57815 [Forwarding findElement on session 7177e9d132dc3c82c8edaf346c9b9a62 to remote] DEBUG org.apache.http.impl.execchain.MainClientExec  - Target auth state: UNCHALLENGED
57815 [Forwarding findElement on session 7177e9d132dc3c82c8edaf346c9b9a62 to remote] DEBUG org.apache.http.impl.execchain.MainClientExec  - Target auth state: UNCHALLENGED
57815 [Forwarding findElement on session 7177e9d132dc3c82c8edaf346c9b9a62 to remote] DEBUG org.apache.http.impl.execchain.MainClientExec  - Proxy auth state: UNCHALLENGED
57815 [Forwarding findElement on session 7177e9d132dc3c82c8edaf346c9b9a62 to remote] DEBUG org.apache.http.impl.execchain.MainClientExec  - Proxy auth state: UNCHALLENGED
57815 [Forwarding findElement on session 7177e9d132dc3c82c8edaf346c9b9a62 to remote] DEBUG org.apache.http.headers  - http-outgoing-59 >> POST /session/7177e9d132dc3c82c8edaf346c9b9a62/element HTTP/1.1
57815 [Forwarding findElement on session 7177e9d132dc3c82c8edaf346c9b9a62 to remote] DEBUG org.apache.http.headers  - http-outgoing-59 >> POST /session/7177e9d132dc3c82c8edaf346c9b9a62/element HTTP/1.1
57815 [Forwarding findElement on session 7177e9d132dc3c82c8edaf346c9b9a62 to remote] DEBUG org.apache.http.headers  - http-outgoing-59 >> Content-Type: application/json; charset=utf-8
57815 [Forwarding findElement on session 7177e9d132dc3c82c8edaf346c9b9a62 to remote] DEBUG org.apache.http.headers  - http-outgoing-59 >> Content-Type: application/json; charset=utf-8
57815 [Forwarding findElement on session 7177e9d132dc3c82c8edaf346c9b9a62 to remote] DEBUG org.apache.http.headers  - http-outgoing-59 >> Content-Length: 67
57815 [Forwarding findElement on session 7177e9d132dc3c82c8edaf346c9b9a62 to remote] DEBUG org.apache.http.headers  - http-outgoing-59 >> Content-Length: 67
57815 [Forwarding findElement on session 7177e9d132dc3c82c8edaf346c9b9a62 to remote] DEBUG org.apache.http.headers  - http-outgoing-59 >> Host: localhost:19138
57815 [Forwarding findElement on session 7177e9d132dc3c82c8edaf346c9b9a62 to remote] DEBUG org.apache.http.headers  - http-outgoing-59 >> Host: localhost:19138
57815 [Forwarding findElement on session 7177e9d132dc3c82c8edaf346c9b9a62 to remote] DEBUG org.apache.http.headers  - http-outgoing-59 >> Connection: Keep-Alive
57815 [Forwarding findElement on session 7177e9d132dc3c82c8edaf346c9b9a62 to remote] DEBUG org.apache.http.headers  - http-outgoing-59 >> Connection: Keep-Alive
57815 [Forwarding findElement on session 7177e9d132dc3c82c8edaf346c9b9a62 to remote] DEBUG org.apache.http.headers  - http-outgoing-59 >> User-Agent: Apache-HttpClient/4.5.2 (Java/1.8.0_91)
57815 [Forwarding findElement on session 7177e9d132dc3c82c8edaf346c9b9a62 to remote] DEBUG org.apache.http.headers  - http-outgoing-59 >> User-Agent: Apache-HttpClient/4.5.2 (Java/1.8.0_91)
57815 [Forwarding findElement on session 7177e9d132dc3c82c8edaf346c9b9a62 to remote] DEBUG org.apache.http.headers  - http-outgoing-59 >> Accept-Encoding: gzip,deflate
57815 [Forwarding findElement on session 7177e9d132dc3c82c8edaf346c9b9a62 to remote] DEBUG org.apache.http.headers  - http-outgoing-59 >> Accept-Encoding: gzip,deflate
57815 [Forwarding findElement on session 7177e9d132dc3c82c8edaf346c9b9a62 to remote] DEBUG org.apache.http.wire  - http-outgoing-59 >> "POST /session/7177e9d132dc3c82c8edaf346c9b9a62/element HTTP/1.1[\r][\n]"
57815 [Forwarding findElement on session 7177e9d132dc3c82c8edaf346c9b9a62 to remote] DEBUG org.apache.http.wire  - http-outgoing-59 >> "POST /session/7177e9d132dc3c82c8edaf346c9b9a62/element HTTP/1.1[\r][\n]"
57815 [Forwarding findElement on session 7177e9d132dc3c82c8edaf346c9b9a62 to remote] DEBUG org.apache.http.wire  - http-outgoing-59 >> "Content-Type: application/json; charset=utf-8[\r][\n]"
57815 [Forwarding findElement on session 7177e9d132dc3c82c8edaf346c9b9a62 to remote] DEBUG org.apache.http.wire  - http-outgoing-59 >> "Content-Type: application/json; charset=utf-8[\r][\n]"
57815 [Forwarding findElement on session 7177e9d132dc3c82c8edaf346c9b9a62 to remote] DEBUG org.apache.http.wire  - http-outgoing-59 >> "Content-Length: 67[\r][\n]"
57815 [Forwarding findElement on session 7177e9d132dc3c82c8edaf346c9b9a62 to remote] DEBUG org.apache.http.wire  - http-outgoing-59 >> "Content-Length: 67[\r][\n]"
57815 [Forwarding findElement on session 7177e9d132dc3c82c8edaf346c9b9a62 to remote] DEBUG org.apache.http.wire  - http-outgoing-59 >> "Host: localhost:19138[\r][\n]"
57815 [Forwarding findElement on session 7177e9d132dc3c82c8edaf346c9b9a62 to remote] DEBUG org.apache.http.wire  - http-outgoing-59 >> "Host: localhost:19138[\r][\n]"
57815 [Forwarding findElement on session 7177e9d132dc3c82c8edaf346c9b9a62 to remote] DEBUG org.apache.http.wire  - http-outgoing-59 >> "Connection: Keep-Alive[\r][\n]"
57815 [Forwarding findElement on session 7177e9d132dc3c82c8edaf346c9b9a62 to remote] DEBUG org.apache.http.wire  - http-outgoing-59 >> "Connection: Keep-Alive[\r][\n]"
57815 [Forwarding findElement on session 7177e9d132dc3c82c8edaf346c9b9a62 to remote] DEBUG org.apache.http.wire  - http-outgoing-59 >> "User-Agent: Apache-HttpClient/4.5.2 (Java/1.8.0_91)[\r][\n]"
57815 [Forwarding findElement on session 7177e9d132dc3c82c8edaf346c9b9a62 to remote] DEBUG org.apache.http.wire  - http-outgoing-59 >> "User-Agent: Apache-HttpClient/4.5.2 (Java/1.8.0_91)[\r][\n]"
57816 [Forwarding findElement on session 7177e9d132dc3c82c8edaf346c9b9a62 to remote] DEBUG org.apache.http.wire  - http-outgoing-59 >> "Accept-Encoding: gzip,deflate[\r][\n]"
57816 [Forwarding findElement on session 7177e9d132dc3c82c8edaf346c9b9a62 to remote] DEBUG org.apache.http.wire  - http-outgoing-59 >> "Accept-Encoding: gzip,deflate[\r][\n]"
57816 [Forwarding findElement on session 7177e9d132dc3c82c8edaf346c9b9a62 to remote] DEBUG org.apache.http.wire  - http-outgoing-59 >> "[\r][\n]"
57816 [Forwarding findElement on session 7177e9d132dc3c82c8edaf346c9b9a62 to remote] DEBUG org.apache.http.wire  - http-outgoing-59 >> "[\r][\n]"
57816 [Forwarding findElement on session 7177e9d132dc3c82c8edaf346c9b9a62 to remote] DEBUG org.apache.http.wire  - http-outgoing-59 >> "{"using":"css selector","value":" .post-action.post-action-edit>a"}"
57816 [Forwarding findElement on session 7177e9d132dc3c82c8edaf346c9b9a62 to remote] DEBUG org.apache.http.wire  - http-outgoing-59 >> "{"using":"css selector","value":" .post-action.post-action-edit>a"}"
77822 [Forwarding findElement on session 7177e9d132dc3c82c8edaf346c9b9a62 to remote] DEBUG org.apache.http.wire  - http-outgoing-59 << "HTTP/1.1 200 OK[\r][\n]"
77822 [Forwarding findElement on session 7177e9d132dc3c82c8edaf346c9b9a62 to remote] DEBUG org.apache.http.wire  - http-outgoing-59 << "HTTP/1.1 200 OK[\r][\n]"
77822 [Forwarding findElement on session 7177e9d132dc3c82c8edaf346c9b9a62 to remote] DEBUG org.apache.http.wire  - http-outgoing-59 << "Content-Length:368[\r][\n]"
77822 [Forwarding findElement on session 7177e9d132dc3c82c8edaf346c9b9a62 to remote] DEBUG org.apache.http.wire  - http-outgoing-59 << "Content-Length:368[\r][\n]"
77822 [Forwarding findElement on session 7177e9d132dc3c82c8edaf346c9b9a62 to remote] DEBUG org.apache.http.wire  - http-outgoing-59 << "Content-Type:application/json; charset=utf-8[\r][\n]"
77822 [Forwarding findElement on session 7177e9d132dc3c82c8edaf346c9b9a62 to remote] DEBUG org.apache.http.wire  - http-outgoing-59 << "Content-Type:application/json; charset=utf-8[\r][\n]"
77822 [Forwarding findElement on session 7177e9d132dc3c82c8edaf346c9b9a62 to remote] DEBUG org.apache.http.wire  - http-outgoing-59 << "Connection:close[\r][\n]"
77822 [Forwarding findElement on session 7177e9d132dc3c82c8edaf346c9b9a62 to remote] DEBUG org.apache.http.wire  - http-outgoing-59 << "Connection:close[\r][\n]"
77822 [Forwarding findElement on session 7177e9d132dc3c82c8edaf346c9b9a62 to remote] DEBUG org.apache.http.wire  - http-outgoing-59 << "[\r][\n]"
77822 [Forwarding findElement on session 7177e9d132dc3c82c8edaf346c9b9a62 to remote] DEBUG org.apache.http.wire  - http-outgoing-59 << "[\r][\n]"
77822 [Forwarding findElement on session 7177e9d132dc3c82c8edaf346c9b9a62 to remote] DEBUG org.apache.http.wire  - http-outgoing-59 << "{"sessionId":"7177e9d132dc3c82c8edaf346c9b9a62","status":7,"value":{"message":"no such element: Unable to locate element: {\"method\":\"css selector\",\"selector\":\" .post-action.post-action-edit>a\"}\n  (Session info: chrome=53.0.2785.101)\n  (Driver info: chromedriver=2.23.409699 (49b0fa931cda1caad0ae15b7d1b68004acd05129),platform=Windows NT 10.0.10586 x86_64)"}}"
77822 [Forwarding findElement on session 7177e9d132dc3c82c8edaf346c9b9a62 to remote] DEBUG org.apache.http.wire  - http-outgoing-59 << "{"sessionId":"7177e9d132dc3c82c8edaf346c9b9a62","status":7,"value":{"message":"no such element: Unable to locate element: {\"method\":\"css selector\",\"selector\":\" .post-action.post-action-edit>a\"}\n  (Session info: chrome=53.0.2785.101)\n  (Driver info: chromedriver=2.23.409699 (49b0fa931cda1caad0ae15b7d1b68004acd05129),platform=Windows NT 10.0.10586 x86_64)"}}"
77822 [Forwarding findElement on session 7177e9d132dc3c82c8edaf346c9b9a62 to remote] DEBUG org.apache.http.headers  - http-outgoing-59 << HTTP/1.1 200 OK
77822 [Forwarding findElement on session 7177e9d132dc3c82c8edaf346c9b9a62 to remote] DEBUG org.apache.http.headers  - http-outgoing-59 << HTTP/1.1 200 OK
77822 [Forwarding findElement on session 7177e9d132dc3c82c8edaf346c9b9a62 to remote] DEBUG org.apache.http.headers  - http-outgoing-59 << Content-Length:368
77822 [Forwarding findElement on session 7177e9d132dc3c82c8edaf346c9b9a62 to remote] DEBUG org.apache.http.headers  - http-outgoing-59 << Content-Length:368
77822 [Forwarding findElement on session 7177e9d132dc3c82c8edaf346c9b9a62 to remote] DEBUG org.apache.http.headers  - http-outgoing-59 << Content-Type:application/json; charset=utf-8
77822 [Forwarding findElement on session 7177e9d132dc3c82c8edaf346c9b9a62 to remote] DEBUG org.apache.http.headers  - http-outgoing-59 << Content-Type:application/json; charset=utf-8
77822 [Forwarding findElement on session 7177e9d132dc3c82c8edaf346c9b9a62 to remote] DEBUG org.apache.http.headers  - http-outgoing-59 << Connection:close
77822 [Forwarding findElement on session 7177e9d132dc3c82c8edaf346c9b9a62 to remote] DEBUG org.apache.http.headers  - http-outgoing-59 << Connection:close
77822 [Forwarding findElement on session 7177e9d132dc3c82c8edaf346c9b9a62 to remote] DEBUG org.apache.http.impl.conn.DefaultManagedHttpClientConnection  - http-outgoing-59: Close connection
77822 [Forwarding findElement on session 7177e9d132dc3c82c8edaf346c9b9a62 to remote] DEBUG org.apache.http.impl.conn.DefaultManagedHttpClientConnection  - http-outgoing-59: Close connection
77822 [Forwarding findElement on session 7177e9d132dc3c82c8edaf346c9b9a62 to remote] DEBUG org.apache.http.impl.execchain.MainClientExec  - Connection discarded
77822 [Forwarding findElement on session 7177e9d132dc3c82c8edaf346c9b9a62 to remote] DEBUG org.apache.http.impl.execchain.MainClientExec  - Connection discarded
77822 [Forwarding findElement on session 7177e9d132dc3c82c8edaf346c9b9a62 to remote] DEBUG org.apache.http.impl.conn.PoolingHttpClientConnectionManager  - Connection released: [id: 59][route: {}->http://localhost:19138][total kept alive: 0; route allocated: 0 of 2000; total allocated: 0 of 2000]
77822 [Forwarding findElement on session 7177e9d132dc3c82c8edaf346c9b9a62 to remote] DEBUG org.apache.http.impl.conn.PoolingHttpClientConnectionManager  - Connection released: [id: 59][route: {}->http://localhost:19138][total kept alive: 0; route allocated: 0 of 2000; total allocated: 0 of 2000]
]]></system-out>
    <system-err><![CDATA[Starting ChromeDriver 2.23.409699 (49b0fa931cda1caad0ae15b7d1b68004acd05129) on port 19138
Only local connections are allowed.
]]></system-err>
  </testcase>
  <testcase name="TestPostForum" classname="maintenance.LoginTests" time="43.643">
    <failure message="no such element: Unable to locate element: {&quot;method&quot;:&quot;css selector&quot;,&quot;selector&quot;:&quot;#buttonAnsweranyway&quot;}&#10;  (Session info: chrome=53.0.2785.101)&#10;  (Driver info: chromedriver=2.23.409699 (49b0fa931cda1caad0ae15b7d1b68004acd05129),platform=Windows NT 10.0.10586 x86_64) (WARNING: The server did not provide any stacktrace information)&#10;Command duration or timeout: 20.03 seconds&#10;For documentation on this error, please visit: http://seleniumhq.org/exceptions/no_such_element.html&#10;Build info: version: &apos;unknown&apos;, revision: &apos;31c43c8&apos;, time: &apos;2016-08-02 21:57:56 -0700&apos;&#10;System info: host: &apos;valhalla&apos;, ip: &apos;192.168.121.1&apos;, os.name: &apos;Windows 10&apos;, os.arch: &apos;amd64&apos;, os.version: &apos;10.0&apos;, java.version: &apos;1.8.0_91&apos;&#10;Driver info: org.openqa.selenium.chrome.ChromeDriver&#10;Capabilities [{applicationCacheEnabled=false, rotatable=false, mobileEmulationEnabled=false, networkConnectionEnabled=false, chrome={chromedriverVersion=2.23.409699 (49b0fa931cda1caad0ae15b7d1b68004acd05129), userDataDir=C:\Users\soren\AppData\Local\Temp\scoped_dir13220_18841}, takesHeapSnapshot=true, databaseEnabled=false, handlesAlerts=true, hasTouchScreen=false, version=53.0.2785.101, platform=XP, browserConnectionEnabled=false, nativeEvents=true, acceptSslCerts=true, locationContextEnabled=true, webStorageEnabled=true, browserName=chrome, takesScreenshot=true, javascriptEnabled=true, cssSelectorsEnabled=true}]&#10;Session ID: c5bf1d259c068ae76f99adfff79e8f20&#10;*** Element info: {Using=css selector, value=#buttonAnsweranyway}" type="org.openqa.selenium.NoSuchElementException">org.openqa.selenium.NoSuchElementException: 
no such element: Unable to locate element: {"method":"css selector","selector":"#buttonAnsweranyway"}
  (Session info: chrome=53.0.2785.101)
  (Driver info: chromedriver=2.23.409699 (49b0fa931cda1caad0ae15b7d1b68004acd05129),platform=Windows NT 10.0.10586 x86_64) (WARNING: The server did not provide any stacktrace information)
Command duration or timeout: 20.03 seconds
For documentation on this error, please visit: http://seleniumhq.org/exceptions/no_such_element.html
Build info: version: 'unknown', revision: '31c43c8', time: '2016-08-02 21:57:56 -0700'
System info: host: 'valhalla', ip: '192.168.121.1', os.name: 'Windows 10', os.arch: 'amd64', os.version: '10.0', java.version: '1.8.0_91'
Driver info: org.openqa.selenium.chrome.ChromeDriver
Capabilities [{applicationCacheEnabled=false, rotatable=false, mobileEmulationEnabled=false, networkConnectionEnabled=false, chrome={chromedriverVersion=2.23.409699 (49b0fa931cda1caad0ae15b7d1b68004acd05129), userDataDir=C:\Users\soren\AppData\Local\Temp\scoped_dir13220_18841}, takesHeapSnapshot=true, databaseEnabled=false, handlesAlerts=true, hasTouchScreen=false, version=53.0.2785.101, platform=XP, browserConnectionEnabled=false, nativeEvents=true, acceptSslCerts=true, locationContextEnabled=true, webStorageEnabled=true, browserName=chrome, takesScreenshot=true, javascriptEnabled=true, cssSelectorsEnabled=true}]
Session ID: c5bf1d259c068ae76f99adfff79e8f20
*** Element info: {Using=css selector, value=#buttonAnsweranyway}
	at maintenance.LoginTests.TestPostForum(LoginTests.java:76)
</failure>
    <system-out><![CDATA[77952 [Forwarding close on session 7177e9d132dc3c82c8edaf346c9b9a62 to remote] DEBUG org.apache.http.client.protocol.RequestAddCookies  - CookieSpec selected: default
77952 [Forwarding close on session 7177e9d132dc3c82c8edaf346c9b9a62 to remote] DEBUG org.apache.http.client.protocol.RequestAddCookies  - CookieSpec selected: default
77952 [Forwarding close on session 7177e9d132dc3c82c8edaf346c9b9a62 to remote] DEBUG org.apache.http.client.protocol.RequestAuthCache  - Auth cache not set in the context
77952 [Forwarding close on session 7177e9d132dc3c82c8edaf346c9b9a62 to remote] DEBUG org.apache.http.client.protocol.RequestAuthCache  - Auth cache not set in the context
77952 [Forwarding close on session 7177e9d132dc3c82c8edaf346c9b9a62 to remote] DEBUG org.apache.http.impl.conn.PoolingHttpClientConnectionManager  - Connection request: [route: {}->http://localhost:19138][total kept alive: 0; route allocated: 0 of 2000; total allocated: 0 of 2000]
77952 [Forwarding close on session 7177e9d132dc3c82c8edaf346c9b9a62 to remote] DEBUG org.apache.http.impl.conn.PoolingHttpClientConnectionManager  - Connection request: [route: {}->http://localhost:19138][total kept alive: 0; route allocated: 0 of 2000; total allocated: 0 of 2000]
77952 [Forwarding close on session 7177e9d132dc3c82c8edaf346c9b9a62 to remote] DEBUG org.apache.http.impl.conn.PoolingHttpClientConnectionManager  - Connection leased: [id: 60][route: {}->http://localhost:19138][total kept alive: 0; route allocated: 1 of 2000; total allocated: 1 of 2000]
77952 [Forwarding close on session 7177e9d132dc3c82c8edaf346c9b9a62 to remote] DEBUG org.apache.http.impl.conn.PoolingHttpClientConnectionManager  - Connection leased: [id: 60][route: {}->http://localhost:19138][total kept alive: 0; route allocated: 1 of 2000; total allocated: 1 of 2000]
77952 [Forwarding close on session 7177e9d132dc3c82c8edaf346c9b9a62 to remote] DEBUG org.apache.http.impl.execchain.MainClientExec  - Opening connection {}->http://localhost:19138
77952 [Forwarding close on session 7177e9d132dc3c82c8edaf346c9b9a62 to remote] DEBUG org.apache.http.impl.execchain.MainClientExec  - Opening connection {}->http://localhost:19138
77953 [Forwarding close on session 7177e9d132dc3c82c8edaf346c9b9a62 to remote] DEBUG org.apache.http.impl.conn.DefaultHttpClientConnectionOperator  - Connecting to localhost/127.0.0.1:19138
77953 [Forwarding close on session 7177e9d132dc3c82c8edaf346c9b9a62 to remote] DEBUG org.apache.http.impl.conn.DefaultHttpClientConnectionOperator  - Connecting to localhost/127.0.0.1:19138
77954 [Forwarding close on session 7177e9d132dc3c82c8edaf346c9b9a62 to remote] DEBUG org.apache.http.impl.conn.DefaultHttpClientConnectionOperator  - Connection established 127.0.0.1:52898<->127.0.0.1:19138
77954 [Forwarding close on session 7177e9d132dc3c82c8edaf346c9b9a62 to remote] DEBUG org.apache.http.impl.conn.DefaultHttpClientConnectionOperator  - Connection established 127.0.0.1:52898<->127.0.0.1:19138
77954 [Forwarding close on session 7177e9d132dc3c82c8edaf346c9b9a62 to remote] DEBUG org.apache.http.impl.conn.DefaultManagedHttpClientConnection  - http-outgoing-60: set socket timeout to 10800000
77954 [Forwarding close on session 7177e9d132dc3c82c8edaf346c9b9a62 to remote] DEBUG org.apache.http.impl.conn.DefaultManagedHttpClientConnection  - http-outgoing-60: set socket timeout to 10800000
77954 [Forwarding close on session 7177e9d132dc3c82c8edaf346c9b9a62 to remote] DEBUG org.apache.http.impl.execchain.MainClientExec  - Executing request DELETE /session/7177e9d132dc3c82c8edaf346c9b9a62/window HTTP/1.1
77954 [Forwarding close on session 7177e9d132dc3c82c8edaf346c9b9a62 to remote] DEBUG org.apache.http.impl.execchain.MainClientExec  - Executing request DELETE /session/7177e9d132dc3c82c8edaf346c9b9a62/window HTTP/1.1
77954 [Forwarding close on session 7177e9d132dc3c82c8edaf346c9b9a62 to remote] DEBUG org.apache.http.impl.execchain.MainClientExec  - Target auth state: UNCHALLENGED
77954 [Forwarding close on session 7177e9d132dc3c82c8edaf346c9b9a62 to remote] DEBUG org.apache.http.impl.execchain.MainClientExec  - Target auth state: UNCHALLENGED
77954 [Forwarding close on session 7177e9d132dc3c82c8edaf346c9b9a62 to remote] DEBUG org.apache.http.impl.execchain.MainClientExec  - Proxy auth state: UNCHALLENGED
77954 [Forwarding close on session 7177e9d132dc3c82c8edaf346c9b9a62 to remote] DEBUG org.apache.http.impl.execchain.MainClientExec  - Proxy auth state: UNCHALLENGED
77955 [Forwarding close on session 7177e9d132dc3c82c8edaf346c9b9a62 to remote] DEBUG org.apache.http.headers  - http-outgoing-60 >> DELETE /session/7177e9d132dc3c82c8edaf346c9b9a62/window HTTP/1.1
77955 [Forwarding close on session 7177e9d132dc3c82c8edaf346c9b9a62 to remote] DEBUG org.apache.http.headers  - http-outgoing-60 >> DELETE /session/7177e9d132dc3c82c8edaf346c9b9a62/window HTTP/1.1
77955 [Forwarding close on session 7177e9d132dc3c82c8edaf346c9b9a62 to remote] DEBUG org.apache.http.headers  - http-outgoing-60 >> Host: localhost:19138
77955 [Forwarding close on session 7177e9d132dc3c82c8edaf346c9b9a62 to remote] DEBUG org.apache.http.headers  - http-outgoing-60 >> Host: localhost:19138
77955 [Forwarding close on session 7177e9d132dc3c82c8edaf346c9b9a62 to remote] DEBUG org.apache.http.headers  - http-outgoing-60 >> Connection: Keep-Alive
77955 [Forwarding close on session 7177e9d132dc3c82c8edaf346c9b9a62 to remote] DEBUG org.apache.http.headers  - http-outgoing-60 >> Connection: Keep-Alive
77955 [Forwarding close on session 7177e9d132dc3c82c8edaf346c9b9a62 to remote] DEBUG org.apache.http.headers  - http-outgoing-60 >> User-Agent: Apache-HttpClient/4.5.2 (Java/1.8.0_91)
77955 [Forwarding close on session 7177e9d132dc3c82c8edaf346c9b9a62 to remote] DEBUG org.apache.http.headers  - http-outgoing-60 >> User-Agent: Apache-HttpClient/4.5.2 (Java/1.8.0_91)
77955 [Forwarding close on session 7177e9d132dc3c82c8edaf346c9b9a62 to remote] DEBUG org.apache.http.headers  - http-outgoing-60 >> Accept-Encoding: gzip,deflate
77955 [Forwarding close on session 7177e9d132dc3c82c8edaf346c9b9a62 to remote] DEBUG org.apache.http.headers  - http-outgoing-60 >> Accept-Encoding: gzip,deflate
77955 [Forwarding close on session 7177e9d132dc3c82c8edaf346c9b9a62 to remote] DEBUG org.apache.http.wire  - http-outgoing-60 >> "DELETE /session/7177e9d132dc3c82c8edaf346c9b9a62/window HTTP/1.1[\r][\n]"
77955 [Forwarding close on session 7177e9d132dc3c82c8edaf346c9b9a62 to remote] DEBUG org.apache.http.wire  - http-outgoing-60 >> "DELETE /session/7177e9d132dc3c82c8edaf346c9b9a62/window HTTP/1.1[\r][\n]"
77955 [Forwarding close on session 7177e9d132dc3c82c8edaf346c9b9a62 to remote] DEBUG org.apache.http.wire  - http-outgoing-60 >> "Host: localhost:19138[\r][\n]"
77955 [Forwarding close on session 7177e9d132dc3c82c8edaf346c9b9a62 to remote] DEBUG org.apache.http.wire  - http-outgoing-60 >> "Host: localhost:19138[\r][\n]"
77955 [Forwarding close on session 7177e9d132dc3c82c8edaf346c9b9a62 to remote] DEBUG org.apache.http.wire  - http-outgoing-60 >> "Connection: Keep-Alive[\r][\n]"
77955 [Forwarding close on session 7177e9d132dc3c82c8edaf346c9b9a62 to remote] DEBUG org.apache.http.wire  - http-outgoing-60 >> "Connection: Keep-Alive[\r][\n]"
77955 [Forwarding close on session 7177e9d132dc3c82c8edaf346c9b9a62 to remote] DEBUG org.apache.http.wire  - http-outgoing-60 >> "User-Agent: Apache-HttpClient/4.5.2 (Java/1.8.0_91)[\r][\n]"
77955 [Forwarding close on session 7177e9d132dc3c82c8edaf346c9b9a62 to remote] DEBUG org.apache.http.wire  - http-outgoing-60 >> "User-Agent: Apache-HttpClient/4.5.2 (Java/1.8.0_91)[\r][\n]"
77955 [Forwarding close on session 7177e9d132dc3c82c8edaf346c9b9a62 to remote] DEBUG org.apache.http.wire  - http-outgoing-60 >> "Accept-Encoding: gzip,deflate[\r][\n]"
77955 [Forwarding close on session 7177e9d132dc3c82c8edaf346c9b9a62 to remote] DEBUG org.apache.http.wire  - http-outgoing-60 >> "Accept-Encoding: gzip,deflate[\r][\n]"
77955 [Forwarding close on session 7177e9d132dc3c82c8edaf346c9b9a62 to remote] DEBUG org.apache.http.wire  - http-outgoing-60 >> "[\r][\n]"
77955 [Forwarding close on session 7177e9d132dc3c82c8edaf346c9b9a62 to remote] DEBUG org.apache.http.wire  - http-outgoing-60 >> "[\r][\n]"
80025 [Forwarding close on session 7177e9d132dc3c82c8edaf346c9b9a62 to remote] DEBUG org.apache.http.wire  - http-outgoing-60 << "HTTP/1.1 200 OK[\r][\n]"
80025 [Forwarding close on session 7177e9d132dc3c82c8edaf346c9b9a62 to remote] DEBUG org.apache.http.wire  - http-outgoing-60 << "HTTP/1.1 200 OK[\r][\n]"
80026 [Forwarding close on session 7177e9d132dc3c82c8edaf346c9b9a62 to remote] DEBUG org.apache.http.wire  - http-outgoing-60 << "Content-Length:72[\r][\n]"
80026 [Forwarding close on session 7177e9d132dc3c82c8edaf346c9b9a62 to remote] DEBUG org.apache.http.wire  - http-outgoing-60 << "Content-Length:72[\r][\n]"
80026 [Forwarding close on session 7177e9d132dc3c82c8edaf346c9b9a62 to remote] DEBUG org.apache.http.wire  - http-outgoing-60 << "Content-Type:application/json; charset=utf-8[\r][\n]"
80026 [Forwarding close on session 7177e9d132dc3c82c8edaf346c9b9a62 to remote] DEBUG org.apache.http.wire  - http-outgoing-60 << "Content-Type:application/json; charset=utf-8[\r][\n]"
80026 [Forwarding close on session 7177e9d132dc3c82c8edaf346c9b9a62 to remote] DEBUG org.apache.http.wire  - http-outgoing-60 << "Connection:close[\r][\n]"
80026 [Forwarding close on session 7177e9d132dc3c82c8edaf346c9b9a62 to remote] DEBUG org.apache.http.wire  - http-outgoing-60 << "Connection:close[\r][\n]"
80026 [Forwarding close on session 7177e9d132dc3c82c8edaf346c9b9a62 to remote] DEBUG org.apache.http.wire  - http-outgoing-60 << "[\r][\n]"
80026 [Forwarding close on session 7177e9d132dc3c82c8edaf346c9b9a62 to remote] DEBUG org.apache.http.wire  - http-outgoing-60 << "[\r][\n]"
80026 [Forwarding close on session 7177e9d132dc3c82c8edaf346c9b9a62 to remote] DEBUG org.apache.http.wire  - http-outgoing-60 << "{"sessionId":"7177e9d132dc3c82c8edaf346c9b9a62","status":0,"value":null}"
80026 [Forwarding close on session 7177e9d132dc3c82c8edaf346c9b9a62 to remote] DEBUG org.apache.http.wire  - http-outgoing-60 << "{"sessionId":"7177e9d132dc3c82c8edaf346c9b9a62","status":0,"value":null}"
80026 [Forwarding close on session 7177e9d132dc3c82c8edaf346c9b9a62 to remote] DEBUG org.apache.http.headers  - http-outgoing-60 << HTTP/1.1 200 OK
80026 [Forwarding close on session 7177e9d132dc3c82c8edaf346c9b9a62 to remote] DEBUG org.apache.http.headers  - http-outgoing-60 << HTTP/1.1 200 OK
80026 [Forwarding close on session 7177e9d132dc3c82c8edaf346c9b9a62 to remote] DEBUG org.apache.http.headers  - http-outgoing-60 << Content-Length:72
80026 [Forwarding close on session 7177e9d132dc3c82c8edaf346c9b9a62 to remote] DEBUG org.apache.http.headers  - http-outgoing-60 << Content-Length:72
80026 [Forwarding close on session 7177e9d132dc3c82c8edaf346c9b9a62 to remote] DEBUG org.apache.http.headers  - http-outgoing-60 << Content-Type:application/json; charset=utf-8
80026 [Forwarding close on session 7177e9d132dc3c82c8edaf346c9b9a62 to remote] DEBUG org.apache.http.headers  - http-outgoing-60 << Content-Type:application/json; charset=utf-8
80026 [Forwarding close on session 7177e9d132dc3c82c8edaf346c9b9a62 to remote] DEBUG org.apache.http.headers  - http-outgoing-60 << Connection:close
80026 [Forwarding close on session 7177e9d132dc3c82c8edaf346c9b9a62 to remote] DEBUG org.apache.http.headers  - http-outgoing-60 << Connection:close
80026 [Forwarding close on session 7177e9d132dc3c82c8edaf346c9b9a62 to remote] DEBUG org.apache.http.impl.conn.DefaultManagedHttpClientConnection  - http-outgoing-60: Close connection
80026 [Forwarding close on session 7177e9d132dc3c82c8edaf346c9b9a62 to remote] DEBUG org.apache.http.impl.conn.DefaultManagedHttpClientConnection  - http-outgoing-60: Close connection
80026 [Forwarding close on session 7177e9d132dc3c82c8edaf346c9b9a62 to remote] DEBUG org.apache.http.impl.execchain.MainClientExec  - Connection discarded
80026 [Forwarding close on session 7177e9d132dc3c82c8edaf346c9b9a62 to remote] DEBUG org.apache.http.impl.execchain.MainClientExec  - Connection discarded
80026 [Forwarding close on session 7177e9d132dc3c82c8edaf346c9b9a62 to remote] DEBUG org.apache.http.impl.conn.PoolingHttpClientConnectionManager  - Connection released: [id: 60][route: {}->http://localhost:19138][total kept alive: 0; route allocated: 0 of 2000; total allocated: 0 of 2000]
80026 [Forwarding close on session 7177e9d132dc3c82c8edaf346c9b9a62 to remote] DEBUG org.apache.http.impl.conn.PoolingHttpClientConnectionManager  - Connection released: [id: 60][route: {}->http://localhost:19138][total kept alive: 0; route allocated: 0 of 2000; total allocated: 0 of 2000]
80547 [Forwarding newSession on session null to remote] DEBUG org.apache.http.client.protocol.RequestAddCookies  - CookieSpec selected: default
80547 [Forwarding newSession on session null to remote] DEBUG org.apache.http.client.protocol.RequestAddCookies  - CookieSpec selected: default
80547 [Forwarding newSession on session null to remote] DEBUG org.apache.http.client.protocol.RequestAddCookies  - CookieSpec selected: default
80547 [Forwarding newSession on session null to remote] DEBUG org.apache.http.client.protocol.RequestAuthCache  - Auth cache not set in the context
80547 [Forwarding newSession on session null to remote] DEBUG org.apache.http.client.protocol.RequestAuthCache  - Auth cache not set in the context
80547 [Forwarding newSession on session null to remote] DEBUG org.apache.http.client.protocol.RequestAuthCache  - Auth cache not set in the context
80548 [Forwarding newSession on session null to remote] DEBUG org.apache.http.impl.conn.PoolingHttpClientConnectionManager  - Connection request: [route: {}->http://localhost:7219][total kept alive: 0; route allocated: 0 of 2000; total allocated: 0 of 2000]
80548 [Forwarding newSession on session null to remote] DEBUG org.apache.http.impl.conn.PoolingHttpClientConnectionManager  - Connection request: [route: {}->http://localhost:7219][total kept alive: 0; route allocated: 0 of 2000; total allocated: 0 of 2000]
80548 [Forwarding newSession on session null to remote] DEBUG org.apache.http.impl.conn.PoolingHttpClientConnectionManager  - Connection request: [route: {}->http://localhost:7219][total kept alive: 0; route allocated: 0 of 2000; total allocated: 0 of 2000]
80549 [Forwarding newSession on session null to remote] DEBUG org.apache.http.impl.conn.PoolingHttpClientConnectionManager  - Connection leased: [id: 61][route: {}->http://localhost:7219][total kept alive: 0; route allocated: 1 of 2000; total allocated: 1 of 2000]
80549 [Forwarding newSession on session null to remote] DEBUG org.apache.http.impl.conn.PoolingHttpClientConnectionManager  - Connection leased: [id: 61][route: {}->http://localhost:7219][total kept alive: 0; route allocated: 1 of 2000; total allocated: 1 of 2000]
80549 [Forwarding newSession on session null to remote] DEBUG org.apache.http.impl.conn.PoolingHttpClientConnectionManager  - Connection leased: [id: 61][route: {}->http://localhost:7219][total kept alive: 0; route allocated: 1 of 2000; total allocated: 1 of 2000]
80549 [Forwarding newSession on session null to remote] DEBUG org.apache.http.impl.execchain.MainClientExec  - Opening connection {}->http://localhost:7219
80549 [Forwarding newSession on session null to remote] DEBUG org.apache.http.impl.execchain.MainClientExec  - Opening connection {}->http://localhost:7219
80549 [Forwarding newSession on session null to remote] DEBUG org.apache.http.impl.execchain.MainClientExec  - Opening connection {}->http://localhost:7219
80550 [Forwarding newSession on session null to remote] DEBUG org.apache.http.impl.conn.DefaultHttpClientConnectionOperator  - Connecting to localhost/127.0.0.1:7219
80550 [Forwarding newSession on session null to remote] DEBUG org.apache.http.impl.conn.DefaultHttpClientConnectionOperator  - Connecting to localhost/127.0.0.1:7219
80550 [Forwarding newSession on session null to remote] DEBUG org.apache.http.impl.conn.DefaultHttpClientConnectionOperator  - Connecting to localhost/127.0.0.1:7219
80551 [Forwarding newSession on session null to remote] DEBUG org.apache.http.impl.conn.DefaultHttpClientConnectionOperator  - Connection established 127.0.0.1:52909<->127.0.0.1:7219
80551 [Forwarding newSession on session null to remote] DEBUG org.apache.http.impl.conn.DefaultHttpClientConnectionOperator  - Connection established 127.0.0.1:52909<->127.0.0.1:7219
80551 [Forwarding newSession on session null to remote] DEBUG org.apache.http.impl.conn.DefaultHttpClientConnectionOperator  - Connection established 127.0.0.1:52909<->127.0.0.1:7219
80551 [Forwarding newSession on session null to remote] DEBUG org.apache.http.impl.conn.DefaultManagedHttpClientConnection  - http-outgoing-61: set socket timeout to 10800000
80551 [Forwarding newSession on session null to remote] DEBUG org.apache.http.impl.conn.DefaultManagedHttpClientConnection  - http-outgoing-61: set socket timeout to 10800000
80551 [Forwarding newSession on session null to remote] DEBUG org.apache.http.impl.conn.DefaultManagedHttpClientConnection  - http-outgoing-61: set socket timeout to 10800000
80551 [Forwarding newSession on session null to remote] DEBUG org.apache.http.impl.execchain.MainClientExec  - Executing request POST /session HTTP/1.1
80551 [Forwarding newSession on session null to remote] DEBUG org.apache.http.impl.execchain.MainClientExec  - Executing request POST /session HTTP/1.1
80551 [Forwarding newSession on session null to remote] DEBUG org.apache.http.impl.execchain.MainClientExec  - Executing request POST /session HTTP/1.1
80551 [Forwarding newSession on session null to remote] DEBUG org.apache.http.impl.execchain.MainClientExec  - Target auth state: UNCHALLENGED
80551 [Forwarding newSession on session null to remote] DEBUG org.apache.http.impl.execchain.MainClientExec  - Target auth state: UNCHALLENGED
80551 [Forwarding newSession on session null to remote] DEBUG org.apache.http.impl.execchain.MainClientExec  - Target auth state: UNCHALLENGED
80551 [Forwarding newSession on session null to remote] DEBUG org.apache.http.impl.execchain.MainClientExec  - Proxy auth state: UNCHALLENGED
80551 [Forwarding newSession on session null to remote] DEBUG org.apache.http.impl.execchain.MainClientExec  - Proxy auth state: UNCHALLENGED
80551 [Forwarding newSession on session null to remote] DEBUG org.apache.http.impl.execchain.MainClientExec  - Proxy auth state: UNCHALLENGED
80551 [Forwarding newSession on session null to remote] DEBUG org.apache.http.headers  - http-outgoing-61 >> POST /session HTTP/1.1
80551 [Forwarding newSession on session null to remote] DEBUG org.apache.http.headers  - http-outgoing-61 >> POST /session HTTP/1.1
80551 [Forwarding newSession on session null to remote] DEBUG org.apache.http.headers  - http-outgoing-61 >> POST /session HTTP/1.1
80552 [Forwarding newSession on session null to remote] DEBUG org.apache.http.headers  - http-outgoing-61 >> Content-Type: application/json; charset=utf-8
80552 [Forwarding newSession on session null to remote] DEBUG org.apache.http.headers  - http-outgoing-61 >> Content-Type: application/json; charset=utf-8
80552 [Forwarding newSession on session null to remote] DEBUG org.apache.http.headers  - http-outgoing-61 >> Content-Type: application/json; charset=utf-8
80552 [Forwarding newSession on session null to remote] DEBUG org.apache.http.headers  - http-outgoing-61 >> Content-Length: 122
80552 [Forwarding newSession on session null to remote] DEBUG org.apache.http.headers  - http-outgoing-61 >> Content-Length: 122
80552 [Forwarding newSession on session null to remote] DEBUG org.apache.http.headers  - http-outgoing-61 >> Content-Length: 122
80552 [Forwarding newSession on session null to remote] DEBUG org.apache.http.headers  - http-outgoing-61 >> Host: localhost:7219
80552 [Forwarding newSession on session null to remote] DEBUG org.apache.http.headers  - http-outgoing-61 >> Host: localhost:7219
80552 [Forwarding newSession on session null to remote] DEBUG org.apache.http.headers  - http-outgoing-61 >> Host: localhost:7219
80552 [Forwarding newSession on session null to remote] DEBUG org.apache.http.headers  - http-outgoing-61 >> Connection: Keep-Alive
80552 [Forwarding newSession on session null to remote] DEBUG org.apache.http.headers  - http-outgoing-61 >> Connection: Keep-Alive
80552 [Forwarding newSession on session null to remote] DEBUG org.apache.http.headers  - http-outgoing-61 >> Connection: Keep-Alive
80552 [Forwarding newSession on session null to remote] DEBUG org.apache.http.headers  - http-outgoing-61 >> User-Agent: Apache-HttpClient/4.5.2 (Java/1.8.0_91)
80552 [Forwarding newSession on session null to remote] DEBUG org.apache.http.headers  - http-outgoing-61 >> User-Agent: Apache-HttpClient/4.5.2 (Java/1.8.0_91)
80552 [Forwarding newSession on session null to remote] DEBUG org.apache.http.headers  - http-outgoing-61 >> User-Agent: Apache-HttpClient/4.5.2 (Java/1.8.0_91)
80552 [Forwarding newSession on session null to remote] DEBUG org.apache.http.headers  - http-outgoing-61 >> Accept-Encoding: gzip,deflate
80552 [Forwarding newSession on session null to remote] DEBUG org.apache.http.headers  - http-outgoing-61 >> Accept-Encoding: gzip,deflate
80552 [Forwarding newSession on session null to remote] DEBUG org.apache.http.headers  - http-outgoing-61 >> Accept-Encoding: gzip,deflate
80552 [Forwarding newSession on session null to remote] DEBUG org.apache.http.wire  - http-outgoing-61 >> "POST /session HTTP/1.1[\r][\n]"
80552 [Forwarding newSession on session null to remote] DEBUG org.apache.http.wire  - http-outgoing-61 >> "POST /session HTTP/1.1[\r][\n]"
80552 [Forwarding newSession on session null to remote] DEBUG org.apache.http.wire  - http-outgoing-61 >> "POST /session HTTP/1.1[\r][\n]"
80552 [Forwarding newSession on session null to remote] DEBUG org.apache.http.wire  - http-outgoing-61 >> "Content-Type: application/json; charset=utf-8[\r][\n]"
80552 [Forwarding newSession on session null to remote] DEBUG org.apache.http.wire  - http-outgoing-61 >> "Content-Type: application/json; charset=utf-8[\r][\n]"
80552 [Forwarding newSession on session null to remote] DEBUG org.apache.http.wire  - http-outgoing-61 >> "Content-Type: application/json; charset=utf-8[\r][\n]"
80552 [Forwarding newSession on session null to remote] DEBUG org.apache.http.wire  - http-outgoing-61 >> "Content-Length: 122[\r][\n]"
80552 [Forwarding newSession on session null to remote] DEBUG org.apache.http.wire  - http-outgoing-61 >> "Content-Length: 122[\r][\n]"
80552 [Forwarding newSession on session null to remote] DEBUG org.apache.http.wire  - http-outgoing-61 >> "Content-Length: 122[\r][\n]"
80552 [Forwarding newSession on session null to remote] DEBUG org.apache.http.wire  - http-outgoing-61 >> "Host: localhost:7219[\r][\n]"
80552 [Forwarding newSession on session null to remote] DEBUG org.apache.http.wire  - http-outgoing-61 >> "Host: localhost:7219[\r][\n]"
80552 [Forwarding newSession on session null to remote] DEBUG org.apache.http.wire  - http-outgoing-61 >> "Host: localhost:7219[\r][\n]"
80552 [Forwarding newSession on session null to remote] DEBUG org.apache.http.wire  - http-outgoing-61 >> "Connection: Keep-Alive[\r][\n]"
80552 [Forwarding newSession on session null to remote] DEBUG org.apache.http.wire  - http-outgoing-61 >> "Connection: Keep-Alive[\r][\n]"
80552 [Forwarding newSession on session null to remote] DEBUG org.apache.http.wire  - http-outgoing-61 >> "Connection: Keep-Alive[\r][\n]"
80552 [Forwarding newSession on session null to remote] DEBUG org.apache.http.wire  - http-outgoing-61 >> "User-Agent: Apache-HttpClient/4.5.2 (Java/1.8.0_91)[\r][\n]"
80552 [Forwarding newSession on session null to remote] DEBUG org.apache.http.wire  - http-outgoing-61 >> "User-Agent: Apache-HttpClient/4.5.2 (Java/1.8.0_91)[\r][\n]"
80552 [Forwarding newSession on session null to remote] DEBUG org.apache.http.wire  - http-outgoing-61 >> "User-Agent: Apache-HttpClient/4.5.2 (Java/1.8.0_91)[\r][\n]"
80552 [Forwarding newSession on session null to remote] DEBUG org.apache.http.wire  - http-outgoing-61 >> "Accept-Encoding: gzip,deflate[\r][\n]"
80552 [Forwarding newSession on session null to remote] DEBUG org.apache.http.wire  - http-outgoing-61 >> "Accept-Encoding: gzip,deflate[\r][\n]"
80552 [Forwarding newSession on session null to remote] DEBUG org.apache.http.wire  - http-outgoing-61 >> "Accept-Encoding: gzip,deflate[\r][\n]"
80552 [Forwarding newSession on session null to remote] DEBUG org.apache.http.wire  - http-outgoing-61 >> "[\r][\n]"
80552 [Forwarding newSession on session null to remote] DEBUG org.apache.http.wire  - http-outgoing-61 >> "[\r][\n]"
80552 [Forwarding newSession on session null to remote] DEBUG org.apache.http.wire  - http-outgoing-61 >> "[\r][\n]"
80552 [Forwarding newSession on session null to remote] DEBUG org.apache.http.wire  - http-outgoing-61 >> "{"desiredCapabilities":{"browserName":"chrome","chromeOptions":{"args":[],"extensions":[]},"version":"","platform":"ANY"}}"
80552 [Forwarding newSession on session null to remote] DEBUG org.apache.http.wire  - http-outgoing-61 >> "{"desiredCapabilities":{"browserName":"chrome","chromeOptions":{"args":[],"extensions":[]},"version":"","platform":"ANY"}}"
80552 [Forwarding newSession on session null to remote] DEBUG org.apache.http.wire  - http-outgoing-61 >> "{"desiredCapabilities":{"browserName":"chrome","chromeOptions":{"args":[],"extensions":[]},"version":"","platform":"ANY"}}"
82448 [Forwarding newSession on session null to remote] DEBUG org.apache.http.wire  - http-outgoing-61 << "HTTP/1.1 200 OK[\r][\n]"
82448 [Forwarding newSession on session null to remote] DEBUG org.apache.http.wire  - http-outgoing-61 << "HTTP/1.1 200 OK[\r][\n]"
82448 [Forwarding newSession on session null to remote] DEBUG org.apache.http.wire  - http-outgoing-61 << "HTTP/1.1 200 OK[\r][\n]"
82448 [Forwarding newSession on session null to remote] DEBUG org.apache.http.wire  - http-outgoing-61 << "Content-Length:722[\r][\n]"
82448 [Forwarding newSession on session null to remote] DEBUG org.apache.http.wire  - http-outgoing-61 << "Content-Length:722[\r][\n]"
82448 [Forwarding newSession on session null to remote] DEBUG org.apache.http.wire  - http-outgoing-61 << "Content-Length:722[\r][\n]"
82449 [Forwarding newSession on session null to remote] DEBUG org.apache.http.wire  - http-outgoing-61 << "Content-Type:application/json; charset=utf-8[\r][\n]"
82449 [Forwarding newSession on session null to remote] DEBUG org.apache.http.wire  - http-outgoing-61 << "Content-Type:application/json; charset=utf-8[\r][\n]"
82449 [Forwarding newSession on session null to remote] DEBUG org.apache.http.wire  - http-outgoing-61 << "Content-Type:application/json; charset=utf-8[\r][\n]"
82449 [Forwarding newSession on session null to remote] DEBUG org.apache.http.wire  - http-outgoing-61 << "Connection:close[\r][\n]"
82449 [Forwarding newSession on session null to remote] DEBUG org.apache.http.wire  - http-outgoing-61 << "Connection:close[\r][\n]"
82449 [Forwarding newSession on session null to remote] DEBUG org.apache.http.wire  - http-outgoing-61 << "Connection:close[\r][\n]"
82449 [Forwarding newSession on session null to remote] DEBUG org.apache.http.wire  - http-outgoing-61 << "[\r][\n]"
82449 [Forwarding newSession on session null to remote] DEBUG org.apache.http.wire  - http-outgoing-61 << "[\r][\n]"
82449 [Forwarding newSession on session null to remote] DEBUG org.apache.http.wire  - http-outgoing-61 << "[\r][\n]"
82449 [Forwarding newSession on session null to remote] DEBUG org.apache.http.wire  - http-outgoing-61 << "{"sessionId":"c5bf1d259c068ae76f99adfff79e8f20","status":0,"value":{"acceptSslCerts":true,"applicationCacheEnabled":false,"browserConnectionEnabled":false,"browserName":"chrome","chrome":{"chromedriverVersion":"2.23.409699 (49b0fa931cda1caad0ae15b7d1b68004acd05129)","userDataDir":"C:\\Users\\soren\\AppData\\Local\\Temp\\scoped_dir13220_18841"},"cssSelectorsEnabled":true,"databaseEnabled":false,"handlesAlerts":true,"hasTouchScreen":false,"javascriptEnabled":true,"locationContextEnabled":true,"mobileEmulationEnabled":false,"nativeEvents":true,"networkConnectionEnabled":false,"platform":"Windows NT","rotatable":false,"takesHeapSnapshot":true,"takesScreenshot":true,"version":"53.0.2785.101","webStorageEnabled":true}}"
82449 [Forwarding newSession on session null to remote] DEBUG org.apache.http.wire  - http-outgoing-61 << "{"sessionId":"c5bf1d259c068ae76f99adfff79e8f20","status":0,"value":{"acceptSslCerts":true,"applicationCacheEnabled":false,"browserConnectionEnabled":false,"browserName":"chrome","chrome":{"chromedriverVersion":"2.23.409699 (49b0fa931cda1caad0ae15b7d1b68004acd05129)","userDataDir":"C:\\Users\\soren\\AppData\\Local\\Temp\\scoped_dir13220_18841"},"cssSelectorsEnabled":true,"databaseEnabled":false,"handlesAlerts":true,"hasTouchScreen":false,"javascriptEnabled":true,"locationContextEnabled":true,"mobileEmulationEnabled":false,"nativeEvents":true,"networkConnectionEnabled":false,"platform":"Windows NT","rotatable":false,"takesHeapSnapshot":true,"takesScreenshot":true,"version":"53.0.2785.101","webStorageEnabled":true}}"
82449 [Forwarding newSession on session null to remote] DEBUG org.apache.http.wire  - http-outgoing-61 << "{"sessionId":"c5bf1d259c068ae76f99adfff79e8f20","status":0,"value":{"acceptSslCerts":true,"applicationCacheEnabled":false,"browserConnectionEnabled":false,"browserName":"chrome","chrome":{"chromedriverVersion":"2.23.409699 (49b0fa931cda1caad0ae15b7d1b68004acd05129)","userDataDir":"C:\\Users\\soren\\AppData\\Local\\Temp\\scoped_dir13220_18841"},"cssSelectorsEnabled":true,"databaseEnabled":false,"handlesAlerts":true,"hasTouchScreen":false,"javascriptEnabled":true,"locationContextEnabled":true,"mobileEmulationEnabled":false,"nativeEvents":true,"networkConnectionEnabled":false,"platform":"Windows NT","rotatable":false,"takesHeapSnapshot":true,"takesScreenshot":true,"version":"53.0.2785.101","webStorageEnabled":true}}"
82449 [Forwarding newSession on session null to remote] DEBUG org.apache.http.headers  - http-outgoing-61 << HTTP/1.1 200 OK
82449 [Forwarding newSession on session null to remote] DEBUG org.apache.http.headers  - http-outgoing-61 << HTTP/1.1 200 OK
82449 [Forwarding newSession on session null to remote] DEBUG org.apache.http.headers  - http-outgoing-61 << HTTP/1.1 200 OK
82449 [Forwarding newSession on session null to remote] DEBUG org.apache.http.headers  - http-outgoing-61 << Content-Length:722
82449 [Forwarding newSession on session null to remote] DEBUG org.apache.http.headers  - http-outgoing-61 << Content-Length:722
82449 [Forwarding newSession on session null to remote] DEBUG org.apache.http.headers  - http-outgoing-61 << Content-Length:722
82449 [Forwarding newSession on session null to remote] DEBUG org.apache.http.headers  - http-outgoing-61 << Content-Type:application/json; charset=utf-8
82449 [Forwarding newSession on session null to remote] DEBUG org.apache.http.headers  - http-outgoing-61 << Content-Type:application/json; charset=utf-8
82449 [Forwarding newSession on session null to remote] DEBUG org.apache.http.headers  - http-outgoing-61 << Content-Type:application/json; charset=utf-8
82449 [Forwarding newSession on session null to remote] DEBUG org.apache.http.headers  - http-outgoing-61 << Connection:close
82449 [Forwarding newSession on session null to remote] DEBUG org.apache.http.headers  - http-outgoing-61 << Connection:close
82449 [Forwarding newSession on session null to remote] DEBUG org.apache.http.headers  - http-outgoing-61 << Connection:close
82449 [Forwarding newSession on session null to remote] DEBUG org.apache.http.impl.conn.DefaultManagedHttpClientConnection  - http-outgoing-61: Close connection
82449 [Forwarding newSession on session null to remote] DEBUG org.apache.http.impl.conn.DefaultManagedHttpClientConnection  - http-outgoing-61: Close connection
82449 [Forwarding newSession on session null to remote] DEBUG org.apache.http.impl.conn.DefaultManagedHttpClientConnection  - http-outgoing-61: Close connection
82449 [Forwarding newSession on session null to remote] DEBUG org.apache.http.impl.execchain.MainClientExec  - Connection discarded
82449 [Forwarding newSession on session null to remote] DEBUG org.apache.http.impl.execchain.MainClientExec  - Connection discarded
82449 [Forwarding newSession on session null to remote] DEBUG org.apache.http.impl.execchain.MainClientExec  - Connection discarded
82449 [Forwarding newSession on session null to remote] DEBUG org.apache.http.impl.conn.PoolingHttpClientConnectionManager  - Connection released: [id: 61][route: {}->http://localhost:7219][total kept alive: 0; route allocated: 0 of 2000; total allocated: 0 of 2000]
82449 [Forwarding newSession on session null to remote] DEBUG org.apache.http.impl.conn.PoolingHttpClientConnectionManager  - Connection released: [id: 61][route: {}->http://localhost:7219][total kept alive: 0; route allocated: 0 of 2000; total allocated: 0 of 2000]
82449 [Forwarding newSession on session null to remote] DEBUG org.apache.http.impl.conn.PoolingHttpClientConnectionManager  - Connection released: [id: 61][route: {}->http://localhost:7219][total kept alive: 0; route allocated: 0 of 2000; total allocated: 0 of 2000]
82451 [Forwarding setTimeout on session c5bf1d259c068ae76f99adfff79e8f20 to remote] DEBUG org.apache.http.client.protocol.RequestAddCookies  - CookieSpec selected: default
82451 [Forwarding setTimeout on session c5bf1d259c068ae76f99adfff79e8f20 to remote] DEBUG org.apache.http.client.protocol.RequestAddCookies  - CookieSpec selected: default
82451 [Forwarding setTimeout on session c5bf1d259c068ae76f99adfff79e8f20 to remote] DEBUG org.apache.http.client.protocol.RequestAddCookies  - CookieSpec selected: default
82451 [Forwarding setTimeout on session c5bf1d259c068ae76f99adfff79e8f20 to remote] DEBUG org.apache.http.client.protocol.RequestAuthCache  - Auth cache not set in the context
82451 [Forwarding setTimeout on session c5bf1d259c068ae76f99adfff79e8f20 to remote] DEBUG org.apache.http.client.protocol.RequestAuthCache  - Auth cache not set in the context
82451 [Forwarding setTimeout on session c5bf1d259c068ae76f99adfff79e8f20 to remote] DEBUG org.apache.http.client.protocol.RequestAuthCache  - Auth cache not set in the context
82451 [Forwarding setTimeout on session c5bf1d259c068ae76f99adfff79e8f20 to remote] DEBUG org.apache.http.impl.conn.PoolingHttpClientConnectionManager  - Connection request: [route: {}->http://localhost:7219][total kept alive: 0; route allocated: 0 of 2000; total allocated: 0 of 2000]
82451 [Forwarding setTimeout on session c5bf1d259c068ae76f99adfff79e8f20 to remote] DEBUG org.apache.http.impl.conn.PoolingHttpClientConnectionManager  - Connection request: [route: {}->http://localhost:7219][total kept alive: 0; route allocated: 0 of 2000; total allocated: 0 of 2000]
82451 [Forwarding setTimeout on session c5bf1d259c068ae76f99adfff79e8f20 to remote] DEBUG org.apache.http.impl.conn.PoolingHttpClientConnectionManager  - Connection request: [route: {}->http://localhost:7219][total kept alive: 0; route allocated: 0 of 2000; total allocated: 0 of 2000]
82451 [Forwarding setTimeout on session c5bf1d259c068ae76f99adfff79e8f20 to remote] DEBUG org.apache.http.impl.conn.PoolingHttpClientConnectionManager  - Connection leased: [id: 62][route: {}->http://localhost:7219][total kept alive: 0; route allocated: 1 of 2000; total allocated: 1 of 2000]
82451 [Forwarding setTimeout on session c5bf1d259c068ae76f99adfff79e8f20 to remote] DEBUG org.apache.http.impl.conn.PoolingHttpClientConnectionManager  - Connection leased: [id: 62][route: {}->http://localhost:7219][total kept alive: 0; route allocated: 1 of 2000; total allocated: 1 of 2000]
82451 [Forwarding setTimeout on session c5bf1d259c068ae76f99adfff79e8f20 to remote] DEBUG org.apache.http.impl.conn.PoolingHttpClientConnectionManager  - Connection leased: [id: 62][route: {}->http://localhost:7219][total kept alive: 0; route allocated: 1 of 2000; total allocated: 1 of 2000]
82451 [Forwarding setTimeout on session c5bf1d259c068ae76f99adfff79e8f20 to remote] DEBUG org.apache.http.impl.execchain.MainClientExec  - Opening connection {}->http://localhost:7219
82451 [Forwarding setTimeout on session c5bf1d259c068ae76f99adfff79e8f20 to remote] DEBUG org.apache.http.impl.execchain.MainClientExec  - Opening connection {}->http://localhost:7219
82451 [Forwarding setTimeout on session c5bf1d259c068ae76f99adfff79e8f20 to remote] DEBUG org.apache.http.impl.execchain.MainClientExec  - Opening connection {}->http://localhost:7219
82451 [Forwarding setTimeout on session c5bf1d259c068ae76f99adfff79e8f20 to remote] DEBUG org.apache.http.impl.conn.DefaultHttpClientConnectionOperator  - Connecting to localhost/127.0.0.1:7219
82451 [Forwarding setTimeout on session c5bf1d259c068ae76f99adfff79e8f20 to remote] DEBUG org.apache.http.impl.conn.DefaultHttpClientConnectionOperator  - Connecting to localhost/127.0.0.1:7219
82451 [Forwarding setTimeout on session c5bf1d259c068ae76f99adfff79e8f20 to remote] DEBUG org.apache.http.impl.conn.DefaultHttpClientConnectionOperator  - Connecting to localhost/127.0.0.1:7219
82452 [Forwarding setTimeout on session c5bf1d259c068ae76f99adfff79e8f20 to remote] DEBUG org.apache.http.impl.conn.DefaultHttpClientConnectionOperator  - Connection established 127.0.0.1:52916<->127.0.0.1:7219
82452 [Forwarding setTimeout on session c5bf1d259c068ae76f99adfff79e8f20 to remote] DEBUG org.apache.http.impl.conn.DefaultHttpClientConnectionOperator  - Connection established 127.0.0.1:52916<->127.0.0.1:7219
82452 [Forwarding setTimeout on session c5bf1d259c068ae76f99adfff79e8f20 to remote] DEBUG org.apache.http.impl.conn.DefaultHttpClientConnectionOperator  - Connection established 127.0.0.1:52916<->127.0.0.1:7219
82452 [Forwarding setTimeout on session c5bf1d259c068ae76f99adfff79e8f20 to remote] DEBUG org.apache.http.impl.conn.DefaultManagedHttpClientConnection  - http-outgoing-62: set socket timeout to 10800000
82452 [Forwarding setTimeout on session c5bf1d259c068ae76f99adfff79e8f20 to remote] DEBUG org.apache.http.impl.conn.DefaultManagedHttpClientConnection  - http-outgoing-62: set socket timeout to 10800000
82452 [Forwarding setTimeout on session c5bf1d259c068ae76f99adfff79e8f20 to remote] DEBUG org.apache.http.impl.conn.DefaultManagedHttpClientConnection  - http-outgoing-62: set socket timeout to 10800000
82452 [Forwarding setTimeout on session c5bf1d259c068ae76f99adfff79e8f20 to remote] DEBUG org.apache.http.impl.execchain.MainClientExec  - Executing request POST /session/c5bf1d259c068ae76f99adfff79e8f20/timeouts HTTP/1.1
82452 [Forwarding setTimeout on session c5bf1d259c068ae76f99adfff79e8f20 to remote] DEBUG org.apache.http.impl.execchain.MainClientExec  - Executing request POST /session/c5bf1d259c068ae76f99adfff79e8f20/timeouts HTTP/1.1
82452 [Forwarding setTimeout on session c5bf1d259c068ae76f99adfff79e8f20 to remote] DEBUG org.apache.http.impl.execchain.MainClientExec  - Executing request POST /session/c5bf1d259c068ae76f99adfff79e8f20/timeouts HTTP/1.1
82452 [Forwarding setTimeout on session c5bf1d259c068ae76f99adfff79e8f20 to remote] DEBUG org.apache.http.impl.execchain.MainClientExec  - Target auth state: UNCHALLENGED
82452 [Forwarding setTimeout on session c5bf1d259c068ae76f99adfff79e8f20 to remote] DEBUG org.apache.http.impl.execchain.MainClientExec  - Target auth state: UNCHALLENGED
82452 [Forwarding setTimeout on session c5bf1d259c068ae76f99adfff79e8f20 to remote] DEBUG org.apache.http.impl.execchain.MainClientExec  - Target auth state: UNCHALLENGED
82452 [Forwarding setTimeout on session c5bf1d259c068ae76f99adfff79e8f20 to remote] DEBUG org.apache.http.impl.execchain.MainClientExec  - Proxy auth state: UNCHALLENGED
82452 [Forwarding setTimeout on session c5bf1d259c068ae76f99adfff79e8f20 to remote] DEBUG org.apache.http.impl.execchain.MainClientExec  - Proxy auth state: UNCHALLENGED
82452 [Forwarding setTimeout on session c5bf1d259c068ae76f99adfff79e8f20 to remote] DEBUG org.apache.http.impl.execchain.MainClientExec  - Proxy auth state: UNCHALLENGED
82452 [Forwarding setTimeout on session c5bf1d259c068ae76f99adfff79e8f20 to remote] DEBUG org.apache.http.headers  - http-outgoing-62 >> POST /session/c5bf1d259c068ae76f99adfff79e8f20/timeouts HTTP/1.1
82452 [Forwarding setTimeout on session c5bf1d259c068ae76f99adfff79e8f20 to remote] DEBUG org.apache.http.headers  - http-outgoing-62 >> POST /session/c5bf1d259c068ae76f99adfff79e8f20/timeouts HTTP/1.1
82452 [Forwarding setTimeout on session c5bf1d259c068ae76f99adfff79e8f20 to remote] DEBUG org.apache.http.headers  - http-outgoing-62 >> POST /session/c5bf1d259c068ae76f99adfff79e8f20/timeouts HTTP/1.1
82452 [Forwarding setTimeout on session c5bf1d259c068ae76f99adfff79e8f20 to remote] DEBUG org.apache.http.headers  - http-outgoing-62 >> Content-Type: application/json; charset=utf-8
82452 [Forwarding setTimeout on session c5bf1d259c068ae76f99adfff79e8f20 to remote] DEBUG org.apache.http.headers  - http-outgoing-62 >> Content-Type: application/json; charset=utf-8
82452 [Forwarding setTimeout on session c5bf1d259c068ae76f99adfff79e8f20 to remote] DEBUG org.apache.http.headers  - http-outgoing-62 >> Content-Type: application/json; charset=utf-8
82452 [Forwarding setTimeout on session c5bf1d259c068ae76f99adfff79e8f20 to remote] DEBUG org.apache.http.headers  - http-outgoing-62 >> Content-Length: 30
82452 [Forwarding setTimeout on session c5bf1d259c068ae76f99adfff79e8f20 to remote] DEBUG org.apache.http.headers  - http-outgoing-62 >> Content-Length: 30
82452 [Forwarding setTimeout on session c5bf1d259c068ae76f99adfff79e8f20 to remote] DEBUG org.apache.http.headers  - http-outgoing-62 >> Content-Length: 30
82452 [Forwarding setTimeout on session c5bf1d259c068ae76f99adfff79e8f20 to remote] DEBUG org.apache.http.headers  - http-outgoing-62 >> Host: localhost:7219
82452 [Forwarding setTimeout on session c5bf1d259c068ae76f99adfff79e8f20 to remote] DEBUG org.apache.http.headers  - http-outgoing-62 >> Host: localhost:7219
82452 [Forwarding setTimeout on session c5bf1d259c068ae76f99adfff79e8f20 to remote] DEBUG org.apache.http.headers  - http-outgoing-62 >> Host: localhost:7219
82452 [Forwarding setTimeout on session c5bf1d259c068ae76f99adfff79e8f20 to remote] DEBUG org.apache.http.headers  - http-outgoing-62 >> Connection: Keep-Alive
82452 [Forwarding setTimeout on session c5bf1d259c068ae76f99adfff79e8f20 to remote] DEBUG org.apache.http.headers  - http-outgoing-62 >> Connection: Keep-Alive
82452 [Forwarding setTimeout on session c5bf1d259c068ae76f99adfff79e8f20 to remote] DEBUG org.apache.http.headers  - http-outgoing-62 >> Connection: Keep-Alive
82452 [Forwarding setTimeout on session c5bf1d259c068ae76f99adfff79e8f20 to remote] DEBUG org.apache.http.headers  - http-outgoing-62 >> User-Agent: Apache-HttpClient/4.5.2 (Java/1.8.0_91)
82452 [Forwarding setTimeout on session c5bf1d259c068ae76f99adfff79e8f20 to remote] DEBUG org.apache.http.headers  - http-outgoing-62 >> User-Agent: Apache-HttpClient/4.5.2 (Java/1.8.0_91)
82452 [Forwarding setTimeout on session c5bf1d259c068ae76f99adfff79e8f20 to remote] DEBUG org.apache.http.headers  - http-outgoing-62 >> User-Agent: Apache-HttpClient/4.5.2 (Java/1.8.0_91)
82453 [Forwarding setTimeout on session c5bf1d259c068ae76f99adfff79e8f20 to remote] DEBUG org.apache.http.headers  - http-outgoing-62 >> Accept-Encoding: gzip,deflate
82453 [Forwarding setTimeout on session c5bf1d259c068ae76f99adfff79e8f20 to remote] DEBUG org.apache.http.headers  - http-outgoing-62 >> Accept-Encoding: gzip,deflate
82453 [Forwarding setTimeout on session c5bf1d259c068ae76f99adfff79e8f20 to remote] DEBUG org.apache.http.headers  - http-outgoing-62 >> Accept-Encoding: gzip,deflate
82453 [Forwarding setTimeout on session c5bf1d259c068ae76f99adfff79e8f20 to remote] DEBUG org.apache.http.wire  - http-outgoing-62 >> "POST /session/c5bf1d259c068ae76f99adfff79e8f20/timeouts HTTP/1.1[\r][\n]"
82453 [Forwarding setTimeout on session c5bf1d259c068ae76f99adfff79e8f20 to remote] DEBUG org.apache.http.wire  - http-outgoing-62 >> "POST /session/c5bf1d259c068ae76f99adfff79e8f20/timeouts HTTP/1.1[\r][\n]"
82453 [Forwarding setTimeout on session c5bf1d259c068ae76f99adfff79e8f20 to remote] DEBUG org.apache.http.wire  - http-outgoing-62 >> "POST /session/c5bf1d259c068ae76f99adfff79e8f20/timeouts HTTP/1.1[\r][\n]"
82453 [Forwarding setTimeout on session c5bf1d259c068ae76f99adfff79e8f20 to remote] DEBUG org.apache.http.wire  - http-outgoing-62 >> "Content-Type: application/json; charset=utf-8[\r][\n]"
82453 [Forwarding setTimeout on session c5bf1d259c068ae76f99adfff79e8f20 to remote] DEBUG org.apache.http.wire  - http-outgoing-62 >> "Content-Type: application/json; charset=utf-8[\r][\n]"
82453 [Forwarding setTimeout on session c5bf1d259c068ae76f99adfff79e8f20 to remote] DEBUG org.apache.http.wire  - http-outgoing-62 >> "Content-Type: application/json; charset=utf-8[\r][\n]"
82453 [Forwarding setTimeout on session c5bf1d259c068ae76f99adfff79e8f20 to remote] DEBUG org.apache.http.wire  - http-outgoing-62 >> "Content-Length: 30[\r][\n]"
82453 [Forwarding setTimeout on session c5bf1d259c068ae76f99adfff79e8f20 to remote] DEBUG org.apache.http.wire  - http-outgoing-62 >> "Content-Length: 30[\r][\n]"
82453 [Forwarding setTimeout on session c5bf1d259c068ae76f99adfff79e8f20 to remote] DEBUG org.apache.http.wire  - http-outgoing-62 >> "Content-Length: 30[\r][\n]"
82453 [Forwarding setTimeout on session c5bf1d259c068ae76f99adfff79e8f20 to remote] DEBUG org.apache.http.wire  - http-outgoing-62 >> "Host: localhost:7219[\r][\n]"
82453 [Forwarding setTimeout on session c5bf1d259c068ae76f99adfff79e8f20 to remote] DEBUG org.apache.http.wire  - http-outgoing-62 >> "Host: localhost:7219[\r][\n]"
82453 [Forwarding setTimeout on session c5bf1d259c068ae76f99adfff79e8f20 to remote] DEBUG org.apache.http.wire  - http-outgoing-62 >> "Host: localhost:7219[\r][\n]"
82453 [Forwarding setTimeout on session c5bf1d259c068ae76f99adfff79e8f20 to remote] DEBUG org.apache.http.wire  - http-outgoing-62 >> "Connection: Keep-Alive[\r][\n]"
82453 [Forwarding setTimeout on session c5bf1d259c068ae76f99adfff79e8f20 to remote] DEBUG org.apache.http.wire  - http-outgoing-62 >> "Connection: Keep-Alive[\r][\n]"
82453 [Forwarding setTimeout on session c5bf1d259c068ae76f99adfff79e8f20 to remote] DEBUG org.apache.http.wire  - http-outgoing-62 >> "Connection: Keep-Alive[\r][\n]"
82453 [Forwarding setTimeout on session c5bf1d259c068ae76f99adfff79e8f20 to remote] DEBUG org.apache.http.wire  - http-outgoing-62 >> "User-Agent: Apache-HttpClient/4.5.2 (Java/1.8.0_91)[\r][\n]"
82453 [Forwarding setTimeout on session c5bf1d259c068ae76f99adfff79e8f20 to remote] DEBUG org.apache.http.wire  - http-outgoing-62 >> "User-Agent: Apache-HttpClient/4.5.2 (Java/1.8.0_91)[\r][\n]"
82453 [Forwarding setTimeout on session c5bf1d259c068ae76f99adfff79e8f20 to remote] DEBUG org.apache.http.wire  - http-outgoing-62 >> "User-Agent: Apache-HttpClient/4.5.2 (Java/1.8.0_91)[\r][\n]"
82453 [Forwarding setTimeout on session c5bf1d259c068ae76f99adfff79e8f20 to remote] DEBUG org.apache.http.wire  - http-outgoing-62 >> "Accept-Encoding: gzip,deflate[\r][\n]"
82453 [Forwarding setTimeout on session c5bf1d259c068ae76f99adfff79e8f20 to remote] DEBUG org.apache.http.wire  - http-outgoing-62 >> "Accept-Encoding: gzip,deflate[\r][\n]"
82453 [Forwarding setTimeout on session c5bf1d259c068ae76f99adfff79e8f20 to remote] DEBUG org.apache.http.wire  - http-outgoing-62 >> "Accept-Encoding: gzip,deflate[\r][\n]"
82460 [Forwarding setTimeout on session c5bf1d259c068ae76f99adfff79e8f20 to remote] DEBUG org.apache.http.wire  - http-outgoing-62 >> "[\r][\n]"
82460 [Forwarding setTimeout on session c5bf1d259c068ae76f99adfff79e8f20 to remote] DEBUG org.apache.http.wire  - http-outgoing-62 >> "[\r][\n]"
82460 [Forwarding setTimeout on session c5bf1d259c068ae76f99adfff79e8f20 to remote] DEBUG org.apache.http.wire  - http-outgoing-62 >> "[\r][\n]"
82462 [Forwarding setTimeout on session c5bf1d259c068ae76f99adfff79e8f20 to remote] DEBUG org.apache.http.wire  - http-outgoing-62 >> "{"type":"implicit","ms":20000}"
82462 [Forwarding setTimeout on session c5bf1d259c068ae76f99adfff79e8f20 to remote] DEBUG org.apache.http.wire  - http-outgoing-62 >> "{"type":"implicit","ms":20000}"
82462 [Forwarding setTimeout on session c5bf1d259c068ae76f99adfff79e8f20 to remote] DEBUG org.apache.http.wire  - http-outgoing-62 >> "{"type":"implicit","ms":20000}"
82465 [Forwarding setTimeout on session c5bf1d259c068ae76f99adfff79e8f20 to remote] DEBUG org.apache.http.wire  - http-outgoing-62 << "HTTP/1.1 200 OK[\r][\n]"
82465 [Forwarding setTimeout on session c5bf1d259c068ae76f99adfff79e8f20 to remote] DEBUG org.apache.http.wire  - http-outgoing-62 << "HTTP/1.1 200 OK[\r][\n]"
82465 [Forwarding setTimeout on session c5bf1d259c068ae76f99adfff79e8f20 to remote] DEBUG org.apache.http.wire  - http-outgoing-62 << "HTTP/1.1 200 OK[\r][\n]"
82465 [Forwarding setTimeout on session c5bf1d259c068ae76f99adfff79e8f20 to remote] DEBUG org.apache.http.wire  - http-outgoing-62 << "Content-Length:72[\r][\n]"
82465 [Forwarding setTimeout on session c5bf1d259c068ae76f99adfff79e8f20 to remote] DEBUG org.apache.http.wire  - http-outgoing-62 << "Content-Length:72[\r][\n]"
82465 [Forwarding setTimeout on session c5bf1d259c068ae76f99adfff79e8f20 to remote] DEBUG org.apache.http.wire  - http-outgoing-62 << "Content-Length:72[\r][\n]"
82465 [Forwarding setTimeout on session c5bf1d259c068ae76f99adfff79e8f20 to remote] DEBUG org.apache.http.wire  - http-outgoing-62 << "Content-Type:application/json; charset=utf-8[\r][\n]"
82465 [Forwarding setTimeout on session c5bf1d259c068ae76f99adfff79e8f20 to remote] DEBUG org.apache.http.wire  - http-outgoing-62 << "Content-Type:application/json; charset=utf-8[\r][\n]"
82465 [Forwarding setTimeout on session c5bf1d259c068ae76f99adfff79e8f20 to remote] DEBUG org.apache.http.wire  - http-outgoing-62 << "Content-Type:application/json; charset=utf-8[\r][\n]"
82465 [Forwarding setTimeout on session c5bf1d259c068ae76f99adfff79e8f20 to remote] DEBUG org.apache.http.wire  - http-outgoing-62 << "Connection:close[\r][\n]"
82465 [Forwarding setTimeout on session c5bf1d259c068ae76f99adfff79e8f20 to remote] DEBUG org.apache.http.wire  - http-outgoing-62 << "Connection:close[\r][\n]"
82465 [Forwarding setTimeout on session c5bf1d259c068ae76f99adfff79e8f20 to remote] DEBUG org.apache.http.wire  - http-outgoing-62 << "Connection:close[\r][\n]"
82465 [Forwarding setTimeout on session c5bf1d259c068ae76f99adfff79e8f20 to remote] DEBUG org.apache.http.wire  - http-outgoing-62 << "[\r][\n]"
82465 [Forwarding setTimeout on session c5bf1d259c068ae76f99adfff79e8f20 to remote] DEBUG org.apache.http.wire  - http-outgoing-62 << "[\r][\n]"
82465 [Forwarding setTimeout on session c5bf1d259c068ae76f99adfff79e8f20 to remote] DEBUG org.apache.http.wire  - http-outgoing-62 << "[\r][\n]"
82465 [Forwarding setTimeout on session c5bf1d259c068ae76f99adfff79e8f20 to remote] DEBUG org.apache.http.wire  - http-outgoing-62 << "{"sessionId":"c5bf1d259c068ae76f99adfff79e8f20","status":0,"value":null}"
82465 [Forwarding setTimeout on session c5bf1d259c068ae76f99adfff79e8f20 to remote] DEBUG org.apache.http.wire  - http-outgoing-62 << "{"sessionId":"c5bf1d259c068ae76f99adfff79e8f20","status":0,"value":null}"
82465 [Forwarding setTimeout on session c5bf1d259c068ae76f99adfff79e8f20 to remote] DEBUG org.apache.http.wire  - http-outgoing-62 << "{"sessionId":"c5bf1d259c068ae76f99adfff79e8f20","status":0,"value":null}"
82465 [Forwarding setTimeout on session c5bf1d259c068ae76f99adfff79e8f20 to remote] DEBUG org.apache.http.headers  - http-outgoing-62 << HTTP/1.1 200 OK
82465 [Forwarding setTimeout on session c5bf1d259c068ae76f99adfff79e8f20 to remote] DEBUG org.apache.http.headers  - http-outgoing-62 << HTTP/1.1 200 OK
82465 [Forwarding setTimeout on session c5bf1d259c068ae76f99adfff79e8f20 to remote] DEBUG org.apache.http.headers  - http-outgoing-62 << HTTP/1.1 200 OK
82465 [Forwarding setTimeout on session c5bf1d259c068ae76f99adfff79e8f20 to remote] DEBUG org.apache.http.headers  - http-outgoing-62 << Content-Length:72
82465 [Forwarding setTimeout on session c5bf1d259c068ae76f99adfff79e8f20 to remote] DEBUG org.apache.http.headers  - http-outgoing-62 << Content-Length:72
82465 [Forwarding setTimeout on session c5bf1d259c068ae76f99adfff79e8f20 to remote] DEBUG org.apache.http.headers  - http-outgoing-62 << Content-Length:72
82465 [Forwarding setTimeout on session c5bf1d259c068ae76f99adfff79e8f20 to remote] DEBUG org.apache.http.headers  - http-outgoing-62 << Content-Type:application/json; charset=utf-8
82465 [Forwarding setTimeout on session c5bf1d259c068ae76f99adfff79e8f20 to remote] DEBUG org.apache.http.headers  - http-outgoing-62 << Content-Type:application/json; charset=utf-8
82465 [Forwarding setTimeout on session c5bf1d259c068ae76f99adfff79e8f20 to remote] DEBUG org.apache.http.headers  - http-outgoing-62 << Content-Type:application/json; charset=utf-8
82465 [Forwarding setTimeout on session c5bf1d259c068ae76f99adfff79e8f20 to remote] DEBUG org.apache.http.headers  - http-outgoing-62 << Connection:close
82465 [Forwarding setTimeout on session c5bf1d259c068ae76f99adfff79e8f20 to remote] DEBUG org.apache.http.headers  - http-outgoing-62 << Connection:close
82465 [Forwarding setTimeout on session c5bf1d259c068ae76f99adfff79e8f20 to remote] DEBUG org.apache.http.headers  - http-outgoing-62 << Connection:close
82466 [Forwarding setTimeout on session c5bf1d259c068ae76f99adfff79e8f20 to remote] DEBUG org.apache.http.impl.conn.DefaultManagedHttpClientConnection  - http-outgoing-62: Close connection
82466 [Forwarding setTimeout on session c5bf1d259c068ae76f99adfff79e8f20 to remote] DEBUG org.apache.http.impl.conn.DefaultManagedHttpClientConnection  - http-outgoing-62: Close connection
82466 [Forwarding setTimeout on session c5bf1d259c068ae76f99adfff79e8f20 to remote] DEBUG org.apache.http.impl.conn.DefaultManagedHttpClientConnection  - http-outgoing-62: Close connection
82466 [Forwarding setTimeout on session c5bf1d259c068ae76f99adfff79e8f20 to remote] DEBUG org.apache.http.impl.execchain.MainClientExec  - Connection discarded
82466 [Forwarding setTimeout on session c5bf1d259c068ae76f99adfff79e8f20 to remote] DEBUG org.apache.http.impl.execchain.MainClientExec  - Connection discarded
82466 [Forwarding setTimeout on session c5bf1d259c068ae76f99adfff79e8f20 to remote] DEBUG org.apache.http.impl.execchain.MainClientExec  - Connection discarded
82466 [Forwarding setTimeout on session c5bf1d259c068ae76f99adfff79e8f20 to remote] DEBUG org.apache.http.impl.conn.PoolingHttpClientConnectionManager  - Connection released: [id: 62][route: {}->http://localhost:7219][total kept alive: 0; route allocated: 0 of 2000; total allocated: 0 of 2000]
82466 [Forwarding setTimeout on session c5bf1d259c068ae76f99adfff79e8f20 to remote] DEBUG org.apache.http.impl.conn.PoolingHttpClientConnectionManager  - Connection released: [id: 62][route: {}->http://localhost:7219][total kept alive: 0; route allocated: 0 of 2000; total allocated: 0 of 2000]
82466 [Forwarding setTimeout on session c5bf1d259c068ae76f99adfff79e8f20 to remote] DEBUG org.apache.http.impl.conn.PoolingHttpClientConnectionManager  - Connection released: [id: 62][route: {}->http://localhost:7219][total kept alive: 0; route allocated: 0 of 2000; total allocated: 0 of 2000]
82467 [Forwarding get on session c5bf1d259c068ae76f99adfff79e8f20 to remote] DEBUG org.apache.http.client.protocol.RequestAddCookies  - CookieSpec selected: default
82467 [Forwarding get on session c5bf1d259c068ae76f99adfff79e8f20 to remote] DEBUG org.apache.http.client.protocol.RequestAddCookies  - CookieSpec selected: default
82467 [Forwarding get on session c5bf1d259c068ae76f99adfff79e8f20 to remote] DEBUG org.apache.http.client.protocol.RequestAddCookies  - CookieSpec selected: default
82467 [Forwarding get on session c5bf1d259c068ae76f99adfff79e8f20 to remote] DEBUG org.apache.http.client.protocol.RequestAuthCache  - Auth cache not set in the context
82467 [Forwarding get on session c5bf1d259c068ae76f99adfff79e8f20 to remote] DEBUG org.apache.http.client.protocol.RequestAuthCache  - Auth cache not set in the context
82467 [Forwarding get on session c5bf1d259c068ae76f99adfff79e8f20 to remote] DEBUG org.apache.http.client.protocol.RequestAuthCache  - Auth cache not set in the context
82467 [Forwarding get on session c5bf1d259c068ae76f99adfff79e8f20 to remote] DEBUG org.apache.http.impl.conn.PoolingHttpClientConnectionManager  - Connection request: [route: {}->http://localhost:7219][total kept alive: 0; route allocated: 0 of 2000; total allocated: 0 of 2000]
82467 [Forwarding get on session c5bf1d259c068ae76f99adfff79e8f20 to remote] DEBUG org.apache.http.impl.conn.PoolingHttpClientConnectionManager  - Connection request: [route: {}->http://localhost:7219][total kept alive: 0; route allocated: 0 of 2000; total allocated: 0 of 2000]
82467 [Forwarding get on session c5bf1d259c068ae76f99adfff79e8f20 to remote] DEBUG org.apache.http.impl.conn.PoolingHttpClientConnectionManager  - Connection request: [route: {}->http://localhost:7219][total kept alive: 0; route allocated: 0 of 2000; total allocated: 0 of 2000]
82467 [Forwarding get on session c5bf1d259c068ae76f99adfff79e8f20 to remote] DEBUG org.apache.http.impl.conn.PoolingHttpClientConnectionManager  - Connection leased: [id: 63][route: {}->http://localhost:7219][total kept alive: 0; route allocated: 1 of 2000; total allocated: 1 of 2000]
82467 [Forwarding get on session c5bf1d259c068ae76f99adfff79e8f20 to remote] DEBUG org.apache.http.impl.conn.PoolingHttpClientConnectionManager  - Connection leased: [id: 63][route: {}->http://localhost:7219][total kept alive: 0; route allocated: 1 of 2000; total allocated: 1 of 2000]
82467 [Forwarding get on session c5bf1d259c068ae76f99adfff79e8f20 to remote] DEBUG org.apache.http.impl.conn.PoolingHttpClientConnectionManager  - Connection leased: [id: 63][route: {}->http://localhost:7219][total kept alive: 0; route allocated: 1 of 2000; total allocated: 1 of 2000]
82467 [Forwarding get on session c5bf1d259c068ae76f99adfff79e8f20 to remote] DEBUG org.apache.http.impl.execchain.MainClientExec  - Opening connection {}->http://localhost:7219
82467 [Forwarding get on session c5bf1d259c068ae76f99adfff79e8f20 to remote] DEBUG org.apache.http.impl.execchain.MainClientExec  - Opening connection {}->http://localhost:7219
82467 [Forwarding get on session c5bf1d259c068ae76f99adfff79e8f20 to remote] DEBUG org.apache.http.impl.execchain.MainClientExec  - Opening connection {}->http://localhost:7219
82467 [Forwarding get on session c5bf1d259c068ae76f99adfff79e8f20 to remote] DEBUG org.apache.http.impl.conn.DefaultHttpClientConnectionOperator  - Connecting to localhost/127.0.0.1:7219
82467 [Forwarding get on session c5bf1d259c068ae76f99adfff79e8f20 to remote] DEBUG org.apache.http.impl.conn.DefaultHttpClientConnectionOperator  - Connecting to localhost/127.0.0.1:7219
82467 [Forwarding get on session c5bf1d259c068ae76f99adfff79e8f20 to remote] DEBUG org.apache.http.impl.conn.DefaultHttpClientConnectionOperator  - Connecting to localhost/127.0.0.1:7219
82469 [Forwarding get on session c5bf1d259c068ae76f99adfff79e8f20 to remote] DEBUG org.apache.http.impl.conn.DefaultHttpClientConnectionOperator  - Connection established 127.0.0.1:52917<->127.0.0.1:7219
82469 [Forwarding get on session c5bf1d259c068ae76f99adfff79e8f20 to remote] DEBUG org.apache.http.impl.conn.DefaultHttpClientConnectionOperator  - Connection established 127.0.0.1:52917<->127.0.0.1:7219
82469 [Forwarding get on session c5bf1d259c068ae76f99adfff79e8f20 to remote] DEBUG org.apache.http.impl.conn.DefaultHttpClientConnectionOperator  - Connection established 127.0.0.1:52917<->127.0.0.1:7219
82469 [Forwarding get on session c5bf1d259c068ae76f99adfff79e8f20 to remote] DEBUG org.apache.http.impl.conn.DefaultManagedHttpClientConnection  - http-outgoing-63: set socket timeout to 10800000
82469 [Forwarding get on session c5bf1d259c068ae76f99adfff79e8f20 to remote] DEBUG org.apache.http.impl.conn.DefaultManagedHttpClientConnection  - http-outgoing-63: set socket timeout to 10800000
82469 [Forwarding get on session c5bf1d259c068ae76f99adfff79e8f20 to remote] DEBUG org.apache.http.impl.conn.DefaultManagedHttpClientConnection  - http-outgoing-63: set socket timeout to 10800000
82469 [Forwarding get on session c5bf1d259c068ae76f99adfff79e8f20 to remote] DEBUG org.apache.http.impl.execchain.MainClientExec  - Executing request POST /session/c5bf1d259c068ae76f99adfff79e8f20/url HTTP/1.1
82469 [Forwarding get on session c5bf1d259c068ae76f99adfff79e8f20 to remote] DEBUG org.apache.http.impl.execchain.MainClientExec  - Executing request POST /session/c5bf1d259c068ae76f99adfff79e8f20/url HTTP/1.1
82469 [Forwarding get on session c5bf1d259c068ae76f99adfff79e8f20 to remote] DEBUG org.apache.http.impl.execchain.MainClientExec  - Executing request POST /session/c5bf1d259c068ae76f99adfff79e8f20/url HTTP/1.1
82469 [Forwarding get on session c5bf1d259c068ae76f99adfff79e8f20 to remote] DEBUG org.apache.http.impl.execchain.MainClientExec  - Target auth state: UNCHALLENGED
82469 [Forwarding get on session c5bf1d259c068ae76f99adfff79e8f20 to remote] DEBUG org.apache.http.impl.execchain.MainClientExec  - Target auth state: UNCHALLENGED
82469 [Forwarding get on session c5bf1d259c068ae76f99adfff79e8f20 to remote] DEBUG org.apache.http.impl.execchain.MainClientExec  - Target auth state: UNCHALLENGED
82469 [Forwarding get on session c5bf1d259c068ae76f99adfff79e8f20 to remote] DEBUG org.apache.http.impl.execchain.MainClientExec  - Proxy auth state: UNCHALLENGED
82469 [Forwarding get on session c5bf1d259c068ae76f99adfff79e8f20 to remote] DEBUG org.apache.http.impl.execchain.MainClientExec  - Proxy auth state: UNCHALLENGED
82469 [Forwarding get on session c5bf1d259c068ae76f99adfff79e8f20 to remote] DEBUG org.apache.http.impl.execchain.MainClientExec  - Proxy auth state: UNCHALLENGED
82469 [Forwarding get on session c5bf1d259c068ae76f99adfff79e8f20 to remote] DEBUG org.apache.http.headers  - http-outgoing-63 >> POST /session/c5bf1d259c068ae76f99adfff79e8f20/url HTTP/1.1
82469 [Forwarding get on session c5bf1d259c068ae76f99adfff79e8f20 to remote] DEBUG org.apache.http.headers  - http-outgoing-63 >> POST /session/c5bf1d259c068ae76f99adfff79e8f20/url HTTP/1.1
82469 [Forwarding get on session c5bf1d259c068ae76f99adfff79e8f20 to remote] DEBUG org.apache.http.headers  - http-outgoing-63 >> POST /session/c5bf1d259c068ae76f99adfff79e8f20/url HTTP/1.1
82469 [Forwarding get on session c5bf1d259c068ae76f99adfff79e8f20 to remote] DEBUG org.apache.http.headers  - http-outgoing-63 >> Content-Type: application/json; charset=utf-8
82469 [Forwarding get on session c5bf1d259c068ae76f99adfff79e8f20 to remote] DEBUG org.apache.http.headers  - http-outgoing-63 >> Content-Type: application/json; charset=utf-8
82469 [Forwarding get on session c5bf1d259c068ae76f99adfff79e8f20 to remote] DEBUG org.apache.http.headers  - http-outgoing-63 >> Content-Type: application/json; charset=utf-8
82470 [Forwarding get on session c5bf1d259c068ae76f99adfff79e8f20 to remote] DEBUG org.apache.http.headers  - http-outgoing-63 >> Content-Length: 31
82470 [Forwarding get on session c5bf1d259c068ae76f99adfff79e8f20 to remote] DEBUG org.apache.http.headers  - http-outgoing-63 >> Content-Length: 31
82470 [Forwarding get on session c5bf1d259c068ae76f99adfff79e8f20 to remote] DEBUG org.apache.http.headers  - http-outgoing-63 >> Content-Length: 31
82470 [Forwarding get on session c5bf1d259c068ae76f99adfff79e8f20 to remote] DEBUG org.apache.http.headers  - http-outgoing-63 >> Host: localhost:7219
82470 [Forwarding get on session c5bf1d259c068ae76f99adfff79e8f20 to remote] DEBUG org.apache.http.headers  - http-outgoing-63 >> Host: localhost:7219
82470 [Forwarding get on session c5bf1d259c068ae76f99adfff79e8f20 to remote] DEBUG org.apache.http.headers  - http-outgoing-63 >> Host: localhost:7219
82470 [Forwarding get on session c5bf1d259c068ae76f99adfff79e8f20 to remote] DEBUG org.apache.http.headers  - http-outgoing-63 >> Connection: Keep-Alive
82470 [Forwarding get on session c5bf1d259c068ae76f99adfff79e8f20 to remote] DEBUG org.apache.http.headers  - http-outgoing-63 >> Connection: Keep-Alive
82470 [Forwarding get on session c5bf1d259c068ae76f99adfff79e8f20 to remote] DEBUG org.apache.http.headers  - http-outgoing-63 >> Connection: Keep-Alive
82470 [Forwarding get on session c5bf1d259c068ae76f99adfff79e8f20 to remote] DEBUG org.apache.http.headers  - http-outgoing-63 >> User-Agent: Apache-HttpClient/4.5.2 (Java/1.8.0_91)
82470 [Forwarding get on session c5bf1d259c068ae76f99adfff79e8f20 to remote] DEBUG org.apache.http.headers  - http-outgoing-63 >> User-Agent: Apache-HttpClient/4.5.2 (Java/1.8.0_91)
82470 [Forwarding get on session c5bf1d259c068ae76f99adfff79e8f20 to remote] DEBUG org.apache.http.headers  - http-outgoing-63 >> User-Agent: Apache-HttpClient/4.5.2 (Java/1.8.0_91)
82470 [Forwarding get on session c5bf1d259c068ae76f99adfff79e8f20 to remote] DEBUG org.apache.http.headers  - http-outgoing-63 >> Accept-Encoding: gzip,deflate
82470 [Forwarding get on session c5bf1d259c068ae76f99adfff79e8f20 to remote] DEBUG org.apache.http.headers  - http-outgoing-63 >> Accept-Encoding: gzip,deflate
82470 [Forwarding get on session c5bf1d259c068ae76f99adfff79e8f20 to remote] DEBUG org.apache.http.headers  - http-outgoing-63 >> Accept-Encoding: gzip,deflate
82470 [Forwarding get on session c5bf1d259c068ae76f99adfff79e8f20 to remote] DEBUG org.apache.http.wire  - http-outgoing-63 >> "POST /session/c5bf1d259c068ae76f99adfff79e8f20/url HTTP/1.1[\r][\n]"
82470 [Forwarding get on session c5bf1d259c068ae76f99adfff79e8f20 to remote] DEBUG org.apache.http.wire  - http-outgoing-63 >> "POST /session/c5bf1d259c068ae76f99adfff79e8f20/url HTTP/1.1[\r][\n]"
82470 [Forwarding get on session c5bf1d259c068ae76f99adfff79e8f20 to remote] DEBUG org.apache.http.wire  - http-outgoing-63 >> "POST /session/c5bf1d259c068ae76f99adfff79e8f20/url HTTP/1.1[\r][\n]"
82470 [Forwarding get on session c5bf1d259c068ae76f99adfff79e8f20 to remote] DEBUG org.apache.http.wire  - http-outgoing-63 >> "Content-Type: application/json; charset=utf-8[\r][\n]"
82470 [Forwarding get on session c5bf1d259c068ae76f99adfff79e8f20 to remote] DEBUG org.apache.http.wire  - http-outgoing-63 >> "Content-Type: application/json; charset=utf-8[\r][\n]"
82470 [Forwarding get on session c5bf1d259c068ae76f99adfff79e8f20 to remote] DEBUG org.apache.http.wire  - http-outgoing-63 >> "Content-Type: application/json; charset=utf-8[\r][\n]"
82470 [Forwarding get on session c5bf1d259c068ae76f99adfff79e8f20 to remote] DEBUG org.apache.http.wire  - http-outgoing-63 >> "Content-Length: 31[\r][\n]"
82470 [Forwarding get on session c5bf1d259c068ae76f99adfff79e8f20 to remote] DEBUG org.apache.http.wire  - http-outgoing-63 >> "Content-Length: 31[\r][\n]"
82470 [Forwarding get on session c5bf1d259c068ae76f99adfff79e8f20 to remote] DEBUG org.apache.http.wire  - http-outgoing-63 >> "Content-Length: 31[\r][\n]"
82470 [Forwarding get on session c5bf1d259c068ae76f99adfff79e8f20 to remote] DEBUG org.apache.http.wire  - http-outgoing-63 >> "Host: localhost:7219[\r][\n]"
82470 [Forwarding get on session c5bf1d259c068ae76f99adfff79e8f20 to remote] DEBUG org.apache.http.wire  - http-outgoing-63 >> "Host: localhost:7219[\r][\n]"
82470 [Forwarding get on session c5bf1d259c068ae76f99adfff79e8f20 to remote] DEBUG org.apache.http.wire  - http-outgoing-63 >> "Host: localhost:7219[\r][\n]"
82470 [Forwarding get on session c5bf1d259c068ae76f99adfff79e8f20 to remote] DEBUG org.apache.http.wire  - http-outgoing-63 >> "Connection: Keep-Alive[\r][\n]"
82470 [Forwarding get on session c5bf1d259c068ae76f99adfff79e8f20 to remote] DEBUG org.apache.http.wire  - http-outgoing-63 >> "Connection: Keep-Alive[\r][\n]"
82470 [Forwarding get on session c5bf1d259c068ae76f99adfff79e8f20 to remote] DEBUG org.apache.http.wire  - http-outgoing-63 >> "Connection: Keep-Alive[\r][\n]"
82470 [Forwarding get on session c5bf1d259c068ae76f99adfff79e8f20 to remote] DEBUG org.apache.http.wire  - http-outgoing-63 >> "User-Agent: Apache-HttpClient/4.5.2 (Java/1.8.0_91)[\r][\n]"
82470 [Forwarding get on session c5bf1d259c068ae76f99adfff79e8f20 to remote] DEBUG org.apache.http.wire  - http-outgoing-63 >> "User-Agent: Apache-HttpClient/4.5.2 (Java/1.8.0_91)[\r][\n]"
82470 [Forwarding get on session c5bf1d259c068ae76f99adfff79e8f20 to remote] DEBUG org.apache.http.wire  - http-outgoing-63 >> "User-Agent: Apache-HttpClient/4.5.2 (Java/1.8.0_91)[\r][\n]"
82470 [Forwarding get on session c5bf1d259c068ae76f99adfff79e8f20 to remote] DEBUG org.apache.http.wire  - http-outgoing-63 >> "Accept-Encoding: gzip,deflate[\r][\n]"
82470 [Forwarding get on session c5bf1d259c068ae76f99adfff79e8f20 to remote] DEBUG org.apache.http.wire  - http-outgoing-63 >> "Accept-Encoding: gzip,deflate[\r][\n]"
82470 [Forwarding get on session c5bf1d259c068ae76f99adfff79e8f20 to remote] DEBUG org.apache.http.wire  - http-outgoing-63 >> "Accept-Encoding: gzip,deflate[\r][\n]"
82470 [Forwarding get on session c5bf1d259c068ae76f99adfff79e8f20 to remote] DEBUG org.apache.http.wire  - http-outgoing-63 >> "[\r][\n]"
82470 [Forwarding get on session c5bf1d259c068ae76f99adfff79e8f20 to remote] DEBUG org.apache.http.wire  - http-outgoing-63 >> "[\r][\n]"
82470 [Forwarding get on session c5bf1d259c068ae76f99adfff79e8f20 to remote] DEBUG org.apache.http.wire  - http-outgoing-63 >> "[\r][\n]"
82470 [Forwarding get on session c5bf1d259c068ae76f99adfff79e8f20 to remote] DEBUG org.apache.http.wire  - http-outgoing-63 >> "{"url":"http://www.ifixit.com"}"
82470 [Forwarding get on session c5bf1d259c068ae76f99adfff79e8f20 to remote] DEBUG org.apache.http.wire  - http-outgoing-63 >> "{"url":"http://www.ifixit.com"}"
82470 [Forwarding get on session c5bf1d259c068ae76f99adfff79e8f20 to remote] DEBUG org.apache.http.wire  - http-outgoing-63 >> "{"url":"http://www.ifixit.com"}"
85730 [Forwarding get on session c5bf1d259c068ae76f99adfff79e8f20 to remote] DEBUG org.apache.http.wire  - http-outgoing-63 << "HTTP/1.1 200 OK[\r][\n]"
85730 [Forwarding get on session c5bf1d259c068ae76f99adfff79e8f20 to remote] DEBUG org.apache.http.wire  - http-outgoing-63 << "HTTP/1.1 200 OK[\r][\n]"
85730 [Forwarding get on session c5bf1d259c068ae76f99adfff79e8f20 to remote] DEBUG org.apache.http.wire  - http-outgoing-63 << "HTTP/1.1 200 OK[\r][\n]"
85730 [Forwarding get on session c5bf1d259c068ae76f99adfff79e8f20 to remote] DEBUG org.apache.http.wire  - http-outgoing-63 << "Content-Length:72[\r][\n]"
85730 [Forwarding get on session c5bf1d259c068ae76f99adfff79e8f20 to remote] DEBUG org.apache.http.wire  - http-outgoing-63 << "Content-Length:72[\r][\n]"
85730 [Forwarding get on session c5bf1d259c068ae76f99adfff79e8f20 to remote] DEBUG org.apache.http.wire  - http-outgoing-63 << "Content-Length:72[\r][\n]"
85730 [Forwarding get on session c5bf1d259c068ae76f99adfff79e8f20 to remote] DEBUG org.apache.http.wire  - http-outgoing-63 << "Content-Type:application/json; charset=utf-8[\r][\n]"
85730 [Forwarding get on session c5bf1d259c068ae76f99adfff79e8f20 to remote] DEBUG org.apache.http.wire  - http-outgoing-63 << "Content-Type:application/json; charset=utf-8[\r][\n]"
85730 [Forwarding get on session c5bf1d259c068ae76f99adfff79e8f20 to remote] DEBUG org.apache.http.wire  - http-outgoing-63 << "Content-Type:application/json; charset=utf-8[\r][\n]"
85730 [Forwarding get on session c5bf1d259c068ae76f99adfff79e8f20 to remote] DEBUG org.apache.http.wire  - http-outgoing-63 << "Connection:close[\r][\n]"
85730 [Forwarding get on session c5bf1d259c068ae76f99adfff79e8f20 to remote] DEBUG org.apache.http.wire  - http-outgoing-63 << "Connection:close[\r][\n]"
85730 [Forwarding get on session c5bf1d259c068ae76f99adfff79e8f20 to remote] DEBUG org.apache.http.wire  - http-outgoing-63 << "Connection:close[\r][\n]"
85730 [Forwarding get on session c5bf1d259c068ae76f99adfff79e8f20 to remote] DEBUG org.apache.http.wire  - http-outgoing-63 << "[\r][\n]"
85730 [Forwarding get on session c5bf1d259c068ae76f99adfff79e8f20 to remote] DEBUG org.apache.http.wire  - http-outgoing-63 << "[\r][\n]"
85730 [Forwarding get on session c5bf1d259c068ae76f99adfff79e8f20 to remote] DEBUG org.apache.http.wire  - http-outgoing-63 << "[\r][\n]"
85730 [Forwarding get on session c5bf1d259c068ae76f99adfff79e8f20 to remote] DEBUG org.apache.http.wire  - http-outgoing-63 << "{"sessionId":"c5bf1d259c068ae76f99adfff79e8f20","status":0,"value":null}"
85730 [Forwarding get on session c5bf1d259c068ae76f99adfff79e8f20 to remote] DEBUG org.apache.http.wire  - http-outgoing-63 << "{"sessionId":"c5bf1d259c068ae76f99adfff79e8f20","status":0,"value":null}"
85730 [Forwarding get on session c5bf1d259c068ae76f99adfff79e8f20 to remote] DEBUG org.apache.http.wire  - http-outgoing-63 << "{"sessionId":"c5bf1d259c068ae76f99adfff79e8f20","status":0,"value":null}"
85731 [Forwarding get on session c5bf1d259c068ae76f99adfff79e8f20 to remote] DEBUG org.apache.http.headers  - http-outgoing-63 << HTTP/1.1 200 OK
85731 [Forwarding get on session c5bf1d259c068ae76f99adfff79e8f20 to remote] DEBUG org.apache.http.headers  - http-outgoing-63 << HTTP/1.1 200 OK
85731 [Forwarding get on session c5bf1d259c068ae76f99adfff79e8f20 to remote] DEBUG org.apache.http.headers  - http-outgoing-63 << HTTP/1.1 200 OK
85731 [Forwarding get on session c5bf1d259c068ae76f99adfff79e8f20 to remote] DEBUG org.apache.http.headers  - http-outgoing-63 << Content-Length:72
85731 [Forwarding get on session c5bf1d259c068ae76f99adfff79e8f20 to remote] DEBUG org.apache.http.headers  - http-outgoing-63 << Content-Length:72
85731 [Forwarding get on session c5bf1d259c068ae76f99adfff79e8f20 to remote] DEBUG org.apache.http.headers  - http-outgoing-63 << Content-Length:72
85731 [Forwarding get on session c5bf1d259c068ae76f99adfff79e8f20 to remote] DEBUG org.apache.http.headers  - http-outgoing-63 << Content-Type:application/json; charset=utf-8
85731 [Forwarding get on session c5bf1d259c068ae76f99adfff79e8f20 to remote] DEBUG org.apache.http.headers  - http-outgoing-63 << Content-Type:application/json; charset=utf-8
85731 [Forwarding get on session c5bf1d259c068ae76f99adfff79e8f20 to remote] DEBUG org.apache.http.headers  - http-outgoing-63 << Content-Type:application/json; charset=utf-8
85731 [Forwarding get on session c5bf1d259c068ae76f99adfff79e8f20 to remote] DEBUG org.apache.http.headers  - http-outgoing-63 << Connection:close
85731 [Forwarding get on session c5bf1d259c068ae76f99adfff79e8f20 to remote] DEBUG org.apache.http.headers  - http-outgoing-63 << Connection:close
85731 [Forwarding get on session c5bf1d259c068ae76f99adfff79e8f20 to remote] DEBUG org.apache.http.headers  - http-outgoing-63 << Connection:close
85731 [Forwarding get on session c5bf1d259c068ae76f99adfff79e8f20 to remote] DEBUG org.apache.http.impl.conn.DefaultManagedHttpClientConnection  - http-outgoing-63: Close connection
85731 [Forwarding get on session c5bf1d259c068ae76f99adfff79e8f20 to remote] DEBUG org.apache.http.impl.conn.DefaultManagedHttpClientConnection  - http-outgoing-63: Close connection
85731 [Forwarding get on session c5bf1d259c068ae76f99adfff79e8f20 to remote] DEBUG org.apache.http.impl.conn.DefaultManagedHttpClientConnection  - http-outgoing-63: Close connection
85731 [Forwarding get on session c5bf1d259c068ae76f99adfff79e8f20 to remote] DEBUG org.apache.http.impl.execchain.MainClientExec  - Connection discarded
85731 [Forwarding get on session c5bf1d259c068ae76f99adfff79e8f20 to remote] DEBUG org.apache.http.impl.execchain.MainClientExec  - Connection discarded
85731 [Forwarding get on session c5bf1d259c068ae76f99adfff79e8f20 to remote] DEBUG org.apache.http.impl.execchain.MainClientExec  - Connection discarded
85731 [Forwarding get on session c5bf1d259c068ae76f99adfff79e8f20 to remote] DEBUG org.apache.http.impl.conn.PoolingHttpClientConnectionManager  - Connection released: [id: 63][route: {}->http://localhost:7219][total kept alive: 0; route allocated: 0 of 2000; total allocated: 0 of 2000]
85731 [Forwarding get on session c5bf1d259c068ae76f99adfff79e8f20 to remote] DEBUG org.apache.http.impl.conn.PoolingHttpClientConnectionManager  - Connection released: [id: 63][route: {}->http://localhost:7219][total kept alive: 0; route allocated: 0 of 2000; total allocated: 0 of 2000]
85731 [Forwarding get on session c5bf1d259c068ae76f99adfff79e8f20 to remote] DEBUG org.apache.http.impl.conn.PoolingHttpClientConnectionManager  - Connection released: [id: 63][route: {}->http://localhost:7219][total kept alive: 0; route allocated: 0 of 2000; total allocated: 0 of 2000]
85732 [Forwarding maximizeWindow on session c5bf1d259c068ae76f99adfff79e8f20 to remote] DEBUG org.apache.http.client.protocol.RequestAddCookies  - CookieSpec selected: default
85732 [Forwarding maximizeWindow on session c5bf1d259c068ae76f99adfff79e8f20 to remote] DEBUG org.apache.http.client.protocol.RequestAddCookies  - CookieSpec selected: default
85732 [Forwarding maximizeWindow on session c5bf1d259c068ae76f99adfff79e8f20 to remote] DEBUG org.apache.http.client.protocol.RequestAddCookies  - CookieSpec selected: default
85732 [Forwarding maximizeWindow on session c5bf1d259c068ae76f99adfff79e8f20 to remote] DEBUG org.apache.http.client.protocol.RequestAuthCache  - Auth cache not set in the context
85732 [Forwarding maximizeWindow on session c5bf1d259c068ae76f99adfff79e8f20 to remote] DEBUG org.apache.http.client.protocol.RequestAuthCache  - Auth cache not set in the context
85732 [Forwarding maximizeWindow on session c5bf1d259c068ae76f99adfff79e8f20 to remote] DEBUG org.apache.http.client.protocol.RequestAuthCache  - Auth cache not set in the context
85733 [Forwarding maximizeWindow on session c5bf1d259c068ae76f99adfff79e8f20 to remote] DEBUG org.apache.http.impl.conn.PoolingHttpClientConnectionManager  - Connection request: [route: {}->http://localhost:7219][total kept alive: 0; route allocated: 0 of 2000; total allocated: 0 of 2000]
85733 [Forwarding maximizeWindow on session c5bf1d259c068ae76f99adfff79e8f20 to remote] DEBUG org.apache.http.impl.conn.PoolingHttpClientConnectionManager  - Connection request: [route: {}->http://localhost:7219][total kept alive: 0; route allocated: 0 of 2000; total allocated: 0 of 2000]
85733 [Forwarding maximizeWindow on session c5bf1d259c068ae76f99adfff79e8f20 to remote] DEBUG org.apache.http.impl.conn.PoolingHttpClientConnectionManager  - Connection request: [route: {}->http://localhost:7219][total kept alive: 0; route allocated: 0 of 2000; total allocated: 0 of 2000]
85733 [Forwarding maximizeWindow on session c5bf1d259c068ae76f99adfff79e8f20 to remote] DEBUG org.apache.http.impl.conn.PoolingHttpClientConnectionManager  - Connection leased: [id: 64][route: {}->http://localhost:7219][total kept alive: 0; route allocated: 1 of 2000; total allocated: 1 of 2000]
85733 [Forwarding maximizeWindow on session c5bf1d259c068ae76f99adfff79e8f20 to remote] DEBUG org.apache.http.impl.conn.PoolingHttpClientConnectionManager  - Connection leased: [id: 64][route: {}->http://localhost:7219][total kept alive: 0; route allocated: 1 of 2000; total allocated: 1 of 2000]
85733 [Forwarding maximizeWindow on session c5bf1d259c068ae76f99adfff79e8f20 to remote] DEBUG org.apache.http.impl.conn.PoolingHttpClientConnectionManager  - Connection leased: [id: 64][route: {}->http://localhost:7219][total kept alive: 0; route allocated: 1 of 2000; total allocated: 1 of 2000]
85733 [Forwarding maximizeWindow on session c5bf1d259c068ae76f99adfff79e8f20 to remote] DEBUG org.apache.http.impl.execchain.MainClientExec  - Opening connection {}->http://localhost:7219
85733 [Forwarding maximizeWindow on session c5bf1d259c068ae76f99adfff79e8f20 to remote] DEBUG org.apache.http.impl.execchain.MainClientExec  - Opening connection {}->http://localhost:7219
85733 [Forwarding maximizeWindow on session c5bf1d259c068ae76f99adfff79e8f20 to remote] DEBUG org.apache.http.impl.execchain.MainClientExec  - Opening connection {}->http://localhost:7219
85733 [Forwarding maximizeWindow on session c5bf1d259c068ae76f99adfff79e8f20 to remote] DEBUG org.apache.http.impl.conn.DefaultHttpClientConnectionOperator  - Connecting to localhost/127.0.0.1:7219
85733 [Forwarding maximizeWindow on session c5bf1d259c068ae76f99adfff79e8f20 to remote] DEBUG org.apache.http.impl.conn.DefaultHttpClientConnectionOperator  - Connecting to localhost/127.0.0.1:7219
85733 [Forwarding maximizeWindow on session c5bf1d259c068ae76f99adfff79e8f20 to remote] DEBUG org.apache.http.impl.conn.DefaultHttpClientConnectionOperator  - Connecting to localhost/127.0.0.1:7219
85734 [Forwarding maximizeWindow on session c5bf1d259c068ae76f99adfff79e8f20 to remote] DEBUG org.apache.http.impl.conn.DefaultHttpClientConnectionOperator  - Connection established 127.0.0.1:52951<->127.0.0.1:7219
85734 [Forwarding maximizeWindow on session c5bf1d259c068ae76f99adfff79e8f20 to remote] DEBUG org.apache.http.impl.conn.DefaultHttpClientConnectionOperator  - Connection established 127.0.0.1:52951<->127.0.0.1:7219
85734 [Forwarding maximizeWindow on session c5bf1d259c068ae76f99adfff79e8f20 to remote] DEBUG org.apache.http.impl.conn.DefaultHttpClientConnectionOperator  - Connection established 127.0.0.1:52951<->127.0.0.1:7219
85734 [Forwarding maximizeWindow on session c5bf1d259c068ae76f99adfff79e8f20 to remote] DEBUG org.apache.http.impl.conn.DefaultManagedHttpClientConnection  - http-outgoing-64: set socket timeout to 10800000
85734 [Forwarding maximizeWindow on session c5bf1d259c068ae76f99adfff79e8f20 to remote] DEBUG org.apache.http.impl.conn.DefaultManagedHttpClientConnection  - http-outgoing-64: set socket timeout to 10800000
85734 [Forwarding maximizeWindow on session c5bf1d259c068ae76f99adfff79e8f20 to remote] DEBUG org.apache.http.impl.conn.DefaultManagedHttpClientConnection  - http-outgoing-64: set socket timeout to 10800000
85734 [Forwarding maximizeWindow on session c5bf1d259c068ae76f99adfff79e8f20 to remote] DEBUG org.apache.http.impl.execchain.MainClientExec  - Executing request POST /session/c5bf1d259c068ae76f99adfff79e8f20/window/current/maximize HTTP/1.1
85734 [Forwarding maximizeWindow on session c5bf1d259c068ae76f99adfff79e8f20 to remote] DEBUG org.apache.http.impl.execchain.MainClientExec  - Executing request POST /session/c5bf1d259c068ae76f99adfff79e8f20/window/current/maximize HTTP/1.1
85734 [Forwarding maximizeWindow on session c5bf1d259c068ae76f99adfff79e8f20 to remote] DEBUG org.apache.http.impl.execchain.MainClientExec  - Executing request POST /session/c5bf1d259c068ae76f99adfff79e8f20/window/current/maximize HTTP/1.1
85734 [Forwarding maximizeWindow on session c5bf1d259c068ae76f99adfff79e8f20 to remote] DEBUG org.apache.http.impl.execchain.MainClientExec  - Target auth state: UNCHALLENGED
85734 [Forwarding maximizeWindow on session c5bf1d259c068ae76f99adfff79e8f20 to remote] DEBUG org.apache.http.impl.execchain.MainClientExec  - Target auth state: UNCHALLENGED
85734 [Forwarding maximizeWindow on session c5bf1d259c068ae76f99adfff79e8f20 to remote] DEBUG org.apache.http.impl.execchain.MainClientExec  - Target auth state: UNCHALLENGED
85734 [Forwarding maximizeWindow on session c5bf1d259c068ae76f99adfff79e8f20 to remote] DEBUG org.apache.http.impl.execchain.MainClientExec  - Proxy auth state: UNCHALLENGED
85734 [Forwarding maximizeWindow on session c5bf1d259c068ae76f99adfff79e8f20 to remote] DEBUG org.apache.http.impl.execchain.MainClientExec  - Proxy auth state: UNCHALLENGED
85734 [Forwarding maximizeWindow on session c5bf1d259c068ae76f99adfff79e8f20 to remote] DEBUG org.apache.http.impl.execchain.MainClientExec  - Proxy auth state: UNCHALLENGED
85734 [Forwarding maximizeWindow on session c5bf1d259c068ae76f99adfff79e8f20 to remote] DEBUG org.apache.http.headers  - http-outgoing-64 >> POST /session/c5bf1d259c068ae76f99adfff79e8f20/window/current/maximize HTTP/1.1
85734 [Forwarding maximizeWindow on session c5bf1d259c068ae76f99adfff79e8f20 to remote] DEBUG org.apache.http.headers  - http-outgoing-64 >> POST /session/c5bf1d259c068ae76f99adfff79e8f20/window/current/maximize HTTP/1.1
85734 [Forwarding maximizeWindow on session c5bf1d259c068ae76f99adfff79e8f20 to remote] DEBUG org.apache.http.headers  - http-outgoing-64 >> POST /session/c5bf1d259c068ae76f99adfff79e8f20/window/current/maximize HTTP/1.1
85734 [Forwarding maximizeWindow on session c5bf1d259c068ae76f99adfff79e8f20 to remote] DEBUG org.apache.http.headers  - http-outgoing-64 >> Content-Type: application/json; charset=utf-8
85734 [Forwarding maximizeWindow on session c5bf1d259c068ae76f99adfff79e8f20 to remote] DEBUG org.apache.http.headers  - http-outgoing-64 >> Content-Type: application/json; charset=utf-8
85734 [Forwarding maximizeWindow on session c5bf1d259c068ae76f99adfff79e8f20 to remote] DEBUG org.apache.http.headers  - http-outgoing-64 >> Content-Type: application/json; charset=utf-8
85734 [Forwarding maximizeWindow on session c5bf1d259c068ae76f99adfff79e8f20 to remote] DEBUG org.apache.http.headers  - http-outgoing-64 >> Content-Length: 26
85734 [Forwarding maximizeWindow on session c5bf1d259c068ae76f99adfff79e8f20 to remote] DEBUG org.apache.http.headers  - http-outgoing-64 >> Content-Length: 26
85734 [Forwarding maximizeWindow on session c5bf1d259c068ae76f99adfff79e8f20 to remote] DEBUG org.apache.http.headers  - http-outgoing-64 >> Content-Length: 26
85734 [Forwarding maximizeWindow on session c5bf1d259c068ae76f99adfff79e8f20 to remote] DEBUG org.apache.http.headers  - http-outgoing-64 >> Host: localhost:7219
85734 [Forwarding maximizeWindow on session c5bf1d259c068ae76f99adfff79e8f20 to remote] DEBUG org.apache.http.headers  - http-outgoing-64 >> Host: localhost:7219
85734 [Forwarding maximizeWindow on session c5bf1d259c068ae76f99adfff79e8f20 to remote] DEBUG org.apache.http.headers  - http-outgoing-64 >> Host: localhost:7219
85734 [Forwarding maximizeWindow on session c5bf1d259c068ae76f99adfff79e8f20 to remote] DEBUG org.apache.http.headers  - http-outgoing-64 >> Connection: Keep-Alive
85734 [Forwarding maximizeWindow on session c5bf1d259c068ae76f99adfff79e8f20 to remote] DEBUG org.apache.http.headers  - http-outgoing-64 >> Connection: Keep-Alive
85734 [Forwarding maximizeWindow on session c5bf1d259c068ae76f99adfff79e8f20 to remote] DEBUG org.apache.http.headers  - http-outgoing-64 >> Connection: Keep-Alive
85734 [Forwarding maximizeWindow on session c5bf1d259c068ae76f99adfff79e8f20 to remote] DEBUG org.apache.http.headers  - http-outgoing-64 >> User-Agent: Apache-HttpClient/4.5.2 (Java/1.8.0_91)
85734 [Forwarding maximizeWindow on session c5bf1d259c068ae76f99adfff79e8f20 to remote] DEBUG org.apache.http.headers  - http-outgoing-64 >> User-Agent: Apache-HttpClient/4.5.2 (Java/1.8.0_91)
85734 [Forwarding maximizeWindow on session c5bf1d259c068ae76f99adfff79e8f20 to remote] DEBUG org.apache.http.headers  - http-outgoing-64 >> User-Agent: Apache-HttpClient/4.5.2 (Java/1.8.0_91)
85734 [Forwarding maximizeWindow on session c5bf1d259c068ae76f99adfff79e8f20 to remote] DEBUG org.apache.http.headers  - http-outgoing-64 >> Accept-Encoding: gzip,deflate
85734 [Forwarding maximizeWindow on session c5bf1d259c068ae76f99adfff79e8f20 to remote] DEBUG org.apache.http.headers  - http-outgoing-64 >> Accept-Encoding: gzip,deflate
85734 [Forwarding maximizeWindow on session c5bf1d259c068ae76f99adfff79e8f20 to remote] DEBUG org.apache.http.headers  - http-outgoing-64 >> Accept-Encoding: gzip,deflate
85734 [Forwarding maximizeWindow on session c5bf1d259c068ae76f99adfff79e8f20 to remote] DEBUG org.apache.http.wire  - http-outgoing-64 >> "POST /session/c5bf1d259c068ae76f99adfff79e8f20/window/current/maximize HTTP/1.1[\r][\n]"
85734 [Forwarding maximizeWindow on session c5bf1d259c068ae76f99adfff79e8f20 to remote] DEBUG org.apache.http.wire  - http-outgoing-64 >> "POST /session/c5bf1d259c068ae76f99adfff79e8f20/window/current/maximize HTTP/1.1[\r][\n]"
85734 [Forwarding maximizeWindow on session c5bf1d259c068ae76f99adfff79e8f20 to remote] DEBUG org.apache.http.wire  - http-outgoing-64 >> "POST /session/c5bf1d259c068ae76f99adfff79e8f20/window/current/maximize HTTP/1.1[\r][\n]"
85734 [Forwarding maximizeWindow on session c5bf1d259c068ae76f99adfff79e8f20 to remote] DEBUG org.apache.http.wire  - http-outgoing-64 >> "Content-Type: application/json; charset=utf-8[\r][\n]"
85734 [Forwarding maximizeWindow on session c5bf1d259c068ae76f99adfff79e8f20 to remote] DEBUG org.apache.http.wire  - http-outgoing-64 >> "Content-Type: application/json; charset=utf-8[\r][\n]"
85734 [Forwarding maximizeWindow on session c5bf1d259c068ae76f99adfff79e8f20 to remote] DEBUG org.apache.http.wire  - http-outgoing-64 >> "Content-Type: application/json; charset=utf-8[\r][\n]"
85734 [Forwarding maximizeWindow on session c5bf1d259c068ae76f99adfff79e8f20 to remote] DEBUG org.apache.http.wire  - http-outgoing-64 >> "Content-Length: 26[\r][\n]"
85734 [Forwarding maximizeWindow on session c5bf1d259c068ae76f99adfff79e8f20 to remote] DEBUG org.apache.http.wire  - http-outgoing-64 >> "Content-Length: 26[\r][\n]"
85734 [Forwarding maximizeWindow on session c5bf1d259c068ae76f99adfff79e8f20 to remote] DEBUG org.apache.http.wire  - http-outgoing-64 >> "Content-Length: 26[\r][\n]"
85734 [Forwarding maximizeWindow on session c5bf1d259c068ae76f99adfff79e8f20 to remote] DEBUG org.apache.http.wire  - http-outgoing-64 >> "Host: localhost:7219[\r][\n]"
85734 [Forwarding maximizeWindow on session c5bf1d259c068ae76f99adfff79e8f20 to remote] DEBUG org.apache.http.wire  - http-outgoing-64 >> "Host: localhost:7219[\r][\n]"
85734 [Forwarding maximizeWindow on session c5bf1d259c068ae76f99adfff79e8f20 to remote] DEBUG org.apache.http.wire  - http-outgoing-64 >> "Host: localhost:7219[\r][\n]"
85734 [Forwarding maximizeWindow on session c5bf1d259c068ae76f99adfff79e8f20 to remote] DEBUG org.apache.http.wire  - http-outgoing-64 >> "Connection: Keep-Alive[\r][\n]"
85734 [Forwarding maximizeWindow on session c5bf1d259c068ae76f99adfff79e8f20 to remote] DEBUG org.apache.http.wire  - http-outgoing-64 >> "Connection: Keep-Alive[\r][\n]"
85734 [Forwarding maximizeWindow on session c5bf1d259c068ae76f99adfff79e8f20 to remote] DEBUG org.apache.http.wire  - http-outgoing-64 >> "Connection: Keep-Alive[\r][\n]"
85734 [Forwarding maximizeWindow on session c5bf1d259c068ae76f99adfff79e8f20 to remote] DEBUG org.apache.http.wire  - http-outgoing-64 >> "User-Agent: Apache-HttpClient/4.5.2 (Java/1.8.0_91)[\r][\n]"
85734 [Forwarding maximizeWindow on session c5bf1d259c068ae76f99adfff79e8f20 to remote] DEBUG org.apache.http.wire  - http-outgoing-64 >> "User-Agent: Apache-HttpClient/4.5.2 (Java/1.8.0_91)[\r][\n]"
85734 [Forwarding maximizeWindow on session c5bf1d259c068ae76f99adfff79e8f20 to remote] DEBUG org.apache.http.wire  - http-outgoing-64 >> "User-Agent: Apache-HttpClient/4.5.2 (Java/1.8.0_91)[\r][\n]"
85734 [Forwarding maximizeWindow on session c5bf1d259c068ae76f99adfff79e8f20 to remote] DEBUG org.apache.http.wire  - http-outgoing-64 >> "Accept-Encoding: gzip,deflate[\r][\n]"
85734 [Forwarding maximizeWindow on session c5bf1d259c068ae76f99adfff79e8f20 to remote] DEBUG org.apache.http.wire  - http-outgoing-64 >> "Accept-Encoding: gzip,deflate[\r][\n]"
85734 [Forwarding maximizeWindow on session c5bf1d259c068ae76f99adfff79e8f20 to remote] DEBUG org.apache.http.wire  - http-outgoing-64 >> "Accept-Encoding: gzip,deflate[\r][\n]"
85735 [Forwarding maximizeWindow on session c5bf1d259c068ae76f99adfff79e8f20 to remote] DEBUG org.apache.http.wire  - http-outgoing-64 >> "[\r][\n]"
85735 [Forwarding maximizeWindow on session c5bf1d259c068ae76f99adfff79e8f20 to remote] DEBUG org.apache.http.wire  - http-outgoing-64 >> "[\r][\n]"
85735 [Forwarding maximizeWindow on session c5bf1d259c068ae76f99adfff79e8f20 to remote] DEBUG org.apache.http.wire  - http-outgoing-64 >> "[\r][\n]"
85735 [Forwarding maximizeWindow on session c5bf1d259c068ae76f99adfff79e8f20 to remote] DEBUG org.apache.http.wire  - http-outgoing-64 >> "{"windowHandle":"current"}"
85735 [Forwarding maximizeWindow on session c5bf1d259c068ae76f99adfff79e8f20 to remote] DEBUG org.apache.http.wire  - http-outgoing-64 >> "{"windowHandle":"current"}"
85735 [Forwarding maximizeWindow on session c5bf1d259c068ae76f99adfff79e8f20 to remote] DEBUG org.apache.http.wire  - http-outgoing-64 >> "{"windowHandle":"current"}"
86944 [Forwarding maximizeWindow on session c5bf1d259c068ae76f99adfff79e8f20 to remote] DEBUG org.apache.http.wire  - http-outgoing-64 << "HTTP/1.1 200 OK[\r][\n]"
86944 [Forwarding maximizeWindow on session c5bf1d259c068ae76f99adfff79e8f20 to remote] DEBUG org.apache.http.wire  - http-outgoing-64 << "HTTP/1.1 200 OK[\r][\n]"
86944 [Forwarding maximizeWindow on session c5bf1d259c068ae76f99adfff79e8f20 to remote] DEBUG org.apache.http.wire  - http-outgoing-64 << "HTTP/1.1 200 OK[\r][\n]"
86944 [Forwarding maximizeWindow on session c5bf1d259c068ae76f99adfff79e8f20 to remote] DEBUG org.apache.http.wire  - http-outgoing-64 << "Content-Length:72[\r][\n]"
86944 [Forwarding maximizeWindow on session c5bf1d259c068ae76f99adfff79e8f20 to remote] DEBUG org.apache.http.wire  - http-outgoing-64 << "Content-Length:72[\r][\n]"
86944 [Forwarding maximizeWindow on session c5bf1d259c068ae76f99adfff79e8f20 to remote] DEBUG org.apache.http.wire  - http-outgoing-64 << "Content-Length:72[\r][\n]"
86944 [Forwarding maximizeWindow on session c5bf1d259c068ae76f99adfff79e8f20 to remote] DEBUG org.apache.http.wire  - http-outgoing-64 << "Content-Type:application/json; charset=utf-8[\r][\n]"
86944 [Forwarding maximizeWindow on session c5bf1d259c068ae76f99adfff79e8f20 to remote] DEBUG org.apache.http.wire  - http-outgoing-64 << "Content-Type:application/json; charset=utf-8[\r][\n]"
86944 [Forwarding maximizeWindow on session c5bf1d259c068ae76f99adfff79e8f20 to remote] DEBUG org.apache.http.wire  - http-outgoing-64 << "Content-Type:application/json; charset=utf-8[\r][\n]"
86944 [Forwarding maximizeWindow on session c5bf1d259c068ae76f99adfff79e8f20 to remote] DEBUG org.apache.http.wire  - http-outgoing-64 << "Connection:close[\r][\n]"
86944 [Forwarding maximizeWindow on session c5bf1d259c068ae76f99adfff79e8f20 to remote] DEBUG org.apache.http.wire  - http-outgoing-64 << "Connection:close[\r][\n]"
86944 [Forwarding maximizeWindow on session c5bf1d259c068ae76f99adfff79e8f20 to remote] DEBUG org.apache.http.wire  - http-outgoing-64 << "Connection:close[\r][\n]"
86944 [Forwarding maximizeWindow on session c5bf1d259c068ae76f99adfff79e8f20 to remote] DEBUG org.apache.http.wire  - http-outgoing-64 << "[\r][\n]"
86944 [Forwarding maximizeWindow on session c5bf1d259c068ae76f99adfff79e8f20 to remote] DEBUG org.apache.http.wire  - http-outgoing-64 << "[\r][\n]"
86944 [Forwarding maximizeWindow on session c5bf1d259c068ae76f99adfff79e8f20 to remote] DEBUG org.apache.http.wire  - http-outgoing-64 << "[\r][\n]"
86944 [Forwarding maximizeWindow on session c5bf1d259c068ae76f99adfff79e8f20 to remote] DEBUG org.apache.http.wire  - http-outgoing-64 << "{"sessionId":"c5bf1d259c068ae76f99adfff79e8f20","status":0,"value":null}"
86944 [Forwarding maximizeWindow on session c5bf1d259c068ae76f99adfff79e8f20 to remote] DEBUG org.apache.http.wire  - http-outgoing-64 << "{"sessionId":"c5bf1d259c068ae76f99adfff79e8f20","status":0,"value":null}"
86944 [Forwarding maximizeWindow on session c5bf1d259c068ae76f99adfff79e8f20 to remote] DEBUG org.apache.http.wire  - http-outgoing-64 << "{"sessionId":"c5bf1d259c068ae76f99adfff79e8f20","status":0,"value":null}"
86944 [Forwarding maximizeWindow on session c5bf1d259c068ae76f99adfff79e8f20 to remote] DEBUG org.apache.http.headers  - http-outgoing-64 << HTTP/1.1 200 OK
86944 [Forwarding maximizeWindow on session c5bf1d259c068ae76f99adfff79e8f20 to remote] DEBUG org.apache.http.headers  - http-outgoing-64 << HTTP/1.1 200 OK
86944 [Forwarding maximizeWindow on session c5bf1d259c068ae76f99adfff79e8f20 to remote] DEBUG org.apache.http.headers  - http-outgoing-64 << HTTP/1.1 200 OK
86944 [Forwarding maximizeWindow on session c5bf1d259c068ae76f99adfff79e8f20 to remote] DEBUG org.apache.http.headers  - http-outgoing-64 << Content-Length:72
86944 [Forwarding maximizeWindow on session c5bf1d259c068ae76f99adfff79e8f20 to remote] DEBUG org.apache.http.headers  - http-outgoing-64 << Content-Length:72
86944 [Forwarding maximizeWindow on session c5bf1d259c068ae76f99adfff79e8f20 to remote] DEBUG org.apache.http.headers  - http-outgoing-64 << Content-Length:72
86944 [Forwarding maximizeWindow on session c5bf1d259c068ae76f99adfff79e8f20 to remote] DEBUG org.apache.http.headers  - http-outgoing-64 << Content-Type:application/json; charset=utf-8
86944 [Forwarding maximizeWindow on session c5bf1d259c068ae76f99adfff79e8f20 to remote] DEBUG org.apache.http.headers  - http-outgoing-64 << Content-Type:application/json; charset=utf-8
86944 [Forwarding maximizeWindow on session c5bf1d259c068ae76f99adfff79e8f20 to remote] DEBUG org.apache.http.headers  - http-outgoing-64 << Content-Type:application/json; charset=utf-8
86944 [Forwarding maximizeWindow on session c5bf1d259c068ae76f99adfff79e8f20 to remote] DEBUG org.apache.http.headers  - http-outgoing-64 << Connection:close
86944 [Forwarding maximizeWindow on session c5bf1d259c068ae76f99adfff79e8f20 to remote] DEBUG org.apache.http.headers  - http-outgoing-64 << Connection:close
86944 [Forwarding maximizeWindow on session c5bf1d259c068ae76f99adfff79e8f20 to remote] DEBUG org.apache.http.headers  - http-outgoing-64 << Connection:close
86945 [Forwarding maximizeWindow on session c5bf1d259c068ae76f99adfff79e8f20 to remote] DEBUG org.apache.http.impl.conn.DefaultManagedHttpClientConnection  - http-outgoing-64: Close connection
86945 [Forwarding maximizeWindow on session c5bf1d259c068ae76f99adfff79e8f20 to remote] DEBUG org.apache.http.impl.conn.DefaultManagedHttpClientConnection  - http-outgoing-64: Close connection
86945 [Forwarding maximizeWindow on session c5bf1d259c068ae76f99adfff79e8f20 to remote] DEBUG org.apache.http.impl.conn.DefaultManagedHttpClientConnection  - http-outgoing-64: Close connection
86945 [Forwarding maximizeWindow on session c5bf1d259c068ae76f99adfff79e8f20 to remote] DEBUG org.apache.http.impl.execchain.MainClientExec  - Connection discarded
86945 [Forwarding maximizeWindow on session c5bf1d259c068ae76f99adfff79e8f20 to remote] DEBUG org.apache.http.impl.execchain.MainClientExec  - Connection discarded
86945 [Forwarding maximizeWindow on session c5bf1d259c068ae76f99adfff79e8f20 to remote] DEBUG org.apache.http.impl.execchain.MainClientExec  - Connection discarded
86945 [Forwarding maximizeWindow on session c5bf1d259c068ae76f99adfff79e8f20 to remote] DEBUG org.apache.http.impl.conn.PoolingHttpClientConnectionManager  - Connection released: [id: 64][route: {}->http://localhost:7219][total kept alive: 0; route allocated: 0 of 2000; total allocated: 0 of 2000]
86945 [Forwarding maximizeWindow on session c5bf1d259c068ae76f99adfff79e8f20 to remote] DEBUG org.apache.http.impl.conn.PoolingHttpClientConnectionManager  - Connection released: [id: 64][route: {}->http://localhost:7219][total kept alive: 0; route allocated: 0 of 2000; total allocated: 0 of 2000]
86945 [Forwarding maximizeWindow on session c5bf1d259c068ae76f99adfff79e8f20 to remote] DEBUG org.apache.http.impl.conn.PoolingHttpClientConnectionManager  - Connection released: [id: 64][route: {}->http://localhost:7219][total kept alive: 0; route allocated: 0 of 2000; total allocated: 0 of 2000]
86947 [Forwarding findElement on session c5bf1d259c068ae76f99adfff79e8f20 to remote] DEBUG org.apache.http.client.protocol.RequestAddCookies  - CookieSpec selected: default
86947 [Forwarding findElement on session c5bf1d259c068ae76f99adfff79e8f20 to remote] DEBUG org.apache.http.client.protocol.RequestAddCookies  - CookieSpec selected: default
86947 [Forwarding findElement on session c5bf1d259c068ae76f99adfff79e8f20 to remote] DEBUG org.apache.http.client.protocol.RequestAddCookies  - CookieSpec selected: default
86947 [Forwarding findElement on session c5bf1d259c068ae76f99adfff79e8f20 to remote] DEBUG org.apache.http.client.protocol.RequestAuthCache  - Auth cache not set in the context
86947 [Forwarding findElement on session c5bf1d259c068ae76f99adfff79e8f20 to remote] DEBUG org.apache.http.client.protocol.RequestAuthCache  - Auth cache not set in the context
86947 [Forwarding findElement on session c5bf1d259c068ae76f99adfff79e8f20 to remote] DEBUG org.apache.http.client.protocol.RequestAuthCache  - Auth cache not set in the context
86947 [Forwarding findElement on session c5bf1d259c068ae76f99adfff79e8f20 to remote] DEBUG org.apache.http.impl.conn.PoolingHttpClientConnectionManager  - Connection request: [route: {}->http://localhost:7219][total kept alive: 0; route allocated: 0 of 2000; total allocated: 0 of 2000]
86947 [Forwarding findElement on session c5bf1d259c068ae76f99adfff79e8f20 to remote] DEBUG org.apache.http.impl.conn.PoolingHttpClientConnectionManager  - Connection request: [route: {}->http://localhost:7219][total kept alive: 0; route allocated: 0 of 2000; total allocated: 0 of 2000]
86947 [Forwarding findElement on session c5bf1d259c068ae76f99adfff79e8f20 to remote] DEBUG org.apache.http.impl.conn.PoolingHttpClientConnectionManager  - Connection request: [route: {}->http://localhost:7219][total kept alive: 0; route allocated: 0 of 2000; total allocated: 0 of 2000]
86947 [Forwarding findElement on session c5bf1d259c068ae76f99adfff79e8f20 to remote] DEBUG org.apache.http.impl.conn.PoolingHttpClientConnectionManager  - Connection leased: [id: 65][route: {}->http://localhost:7219][total kept alive: 0; route allocated: 1 of 2000; total allocated: 1 of 2000]
86947 [Forwarding findElement on session c5bf1d259c068ae76f99adfff79e8f20 to remote] DEBUG org.apache.http.impl.conn.PoolingHttpClientConnectionManager  - Connection leased: [id: 65][route: {}->http://localhost:7219][total kept alive: 0; route allocated: 1 of 2000; total allocated: 1 of 2000]
86947 [Forwarding findElement on session c5bf1d259c068ae76f99adfff79e8f20 to remote] DEBUG org.apache.http.impl.conn.PoolingHttpClientConnectionManager  - Connection leased: [id: 65][route: {}->http://localhost:7219][total kept alive: 0; route allocated: 1 of 2000; total allocated: 1 of 2000]
86947 [Forwarding findElement on session c5bf1d259c068ae76f99adfff79e8f20 to remote] DEBUG org.apache.http.impl.execchain.MainClientExec  - Opening connection {}->http://localhost:7219
86947 [Forwarding findElement on session c5bf1d259c068ae76f99adfff79e8f20 to remote] DEBUG org.apache.http.impl.execchain.MainClientExec  - Opening connection {}->http://localhost:7219
86947 [Forwarding findElement on session c5bf1d259c068ae76f99adfff79e8f20 to remote] DEBUG org.apache.http.impl.execchain.MainClientExec  - Opening connection {}->http://localhost:7219
86948 [Forwarding findElement on session c5bf1d259c068ae76f99adfff79e8f20 to remote] DEBUG org.apache.http.impl.conn.DefaultHttpClientConnectionOperator  - Connecting to localhost/127.0.0.1:7219
86948 [Forwarding findElement on session c5bf1d259c068ae76f99adfff79e8f20 to remote] DEBUG org.apache.http.impl.conn.DefaultHttpClientConnectionOperator  - Connecting to localhost/127.0.0.1:7219
86948 [Forwarding findElement on session c5bf1d259c068ae76f99adfff79e8f20 to remote] DEBUG org.apache.http.impl.conn.DefaultHttpClientConnectionOperator  - Connecting to localhost/127.0.0.1:7219
86948 [Forwarding findElement on session c5bf1d259c068ae76f99adfff79e8f20 to remote] DEBUG org.apache.http.impl.conn.DefaultHttpClientConnectionOperator  - Connection established 127.0.0.1:52954<->127.0.0.1:7219
86948 [Forwarding findElement on session c5bf1d259c068ae76f99adfff79e8f20 to remote] DEBUG org.apache.http.impl.conn.DefaultHttpClientConnectionOperator  - Connection established 127.0.0.1:52954<->127.0.0.1:7219
86948 [Forwarding findElement on session c5bf1d259c068ae76f99adfff79e8f20 to remote] DEBUG org.apache.http.impl.conn.DefaultHttpClientConnectionOperator  - Connection established 127.0.0.1:52954<->127.0.0.1:7219
86949 [Forwarding findElement on session c5bf1d259c068ae76f99adfff79e8f20 to remote] DEBUG org.apache.http.impl.conn.DefaultManagedHttpClientConnection  - http-outgoing-65: set socket timeout to 10800000
86949 [Forwarding findElement on session c5bf1d259c068ae76f99adfff79e8f20 to remote] DEBUG org.apache.http.impl.conn.DefaultManagedHttpClientConnection  - http-outgoing-65: set socket timeout to 10800000
86949 [Forwarding findElement on session c5bf1d259c068ae76f99adfff79e8f20 to remote] DEBUG org.apache.http.impl.conn.DefaultManagedHttpClientConnection  - http-outgoing-65: set socket timeout to 10800000
86949 [Forwarding findElement on session c5bf1d259c068ae76f99adfff79e8f20 to remote] DEBUG org.apache.http.impl.execchain.MainClientExec  - Executing request POST /session/c5bf1d259c068ae76f99adfff79e8f20/element HTTP/1.1
86949 [Forwarding findElement on session c5bf1d259c068ae76f99adfff79e8f20 to remote] DEBUG org.apache.http.impl.execchain.MainClientExec  - Executing request POST /session/c5bf1d259c068ae76f99adfff79e8f20/element HTTP/1.1
86949 [Forwarding findElement on session c5bf1d259c068ae76f99adfff79e8f20 to remote] DEBUG org.apache.http.impl.execchain.MainClientExec  - Executing request POST /session/c5bf1d259c068ae76f99adfff79e8f20/element HTTP/1.1
86949 [Forwarding findElement on session c5bf1d259c068ae76f99adfff79e8f20 to remote] DEBUG org.apache.http.impl.execchain.MainClientExec  - Target auth state: UNCHALLENGED
86949 [Forwarding findElement on session c5bf1d259c068ae76f99adfff79e8f20 to remote] DEBUG org.apache.http.impl.execchain.MainClientExec  - Target auth state: UNCHALLENGED
86949 [Forwarding findElement on session c5bf1d259c068ae76f99adfff79e8f20 to remote] DEBUG org.apache.http.impl.execchain.MainClientExec  - Target auth state: UNCHALLENGED
86949 [Forwarding findElement on session c5bf1d259c068ae76f99adfff79e8f20 to remote] DEBUG org.apache.http.impl.execchain.MainClientExec  - Proxy auth state: UNCHALLENGED
86949 [Forwarding findElement on session c5bf1d259c068ae76f99adfff79e8f20 to remote] DEBUG org.apache.http.impl.execchain.MainClientExec  - Proxy auth state: UNCHALLENGED
86949 [Forwarding findElement on session c5bf1d259c068ae76f99adfff79e8f20 to remote] DEBUG org.apache.http.impl.execchain.MainClientExec  - Proxy auth state: UNCHALLENGED
86949 [Forwarding findElement on session c5bf1d259c068ae76f99adfff79e8f20 to remote] DEBUG org.apache.http.headers  - http-outgoing-65 >> POST /session/c5bf1d259c068ae76f99adfff79e8f20/element HTTP/1.1
86949 [Forwarding findElement on session c5bf1d259c068ae76f99adfff79e8f20 to remote] DEBUG org.apache.http.headers  - http-outgoing-65 >> POST /session/c5bf1d259c068ae76f99adfff79e8f20/element HTTP/1.1
86949 [Forwarding findElement on session c5bf1d259c068ae76f99adfff79e8f20 to remote] DEBUG org.apache.http.headers  - http-outgoing-65 >> POST /session/c5bf1d259c068ae76f99adfff79e8f20/element HTTP/1.1
86949 [Forwarding findElement on session c5bf1d259c068ae76f99adfff79e8f20 to remote] DEBUG org.apache.http.headers  - http-outgoing-65 >> Content-Type: application/json; charset=utf-8
86949 [Forwarding findElement on session c5bf1d259c068ae76f99adfff79e8f20 to remote] DEBUG org.apache.http.headers  - http-outgoing-65 >> Content-Type: application/json; charset=utf-8
86949 [Forwarding findElement on session c5bf1d259c068ae76f99adfff79e8f20 to remote] DEBUG org.apache.http.headers  - http-outgoing-65 >> Content-Type: application/json; charset=utf-8
86949 [Forwarding findElement on session c5bf1d259c068ae76f99adfff79e8f20 to remote] DEBUG org.apache.http.headers  - http-outgoing-65 >> Content-Length: 38
86949 [Forwarding findElement on session c5bf1d259c068ae76f99adfff79e8f20 to remote] DEBUG org.apache.http.headers  - http-outgoing-65 >> Content-Length: 38
86949 [Forwarding findElement on session c5bf1d259c068ae76f99adfff79e8f20 to remote] DEBUG org.apache.http.headers  - http-outgoing-65 >> Content-Length: 38
86949 [Forwarding findElement on session c5bf1d259c068ae76f99adfff79e8f20 to remote] DEBUG org.apache.http.headers  - http-outgoing-65 >> Host: localhost:7219
86949 [Forwarding findElement on session c5bf1d259c068ae76f99adfff79e8f20 to remote] DEBUG org.apache.http.headers  - http-outgoing-65 >> Host: localhost:7219
86949 [Forwarding findElement on session c5bf1d259c068ae76f99adfff79e8f20 to remote] DEBUG org.apache.http.headers  - http-outgoing-65 >> Host: localhost:7219
86949 [Forwarding findElement on session c5bf1d259c068ae76f99adfff79e8f20 to remote] DEBUG org.apache.http.headers  - http-outgoing-65 >> Connection: Keep-Alive
86949 [Forwarding findElement on session c5bf1d259c068ae76f99adfff79e8f20 to remote] DEBUG org.apache.http.headers  - http-outgoing-65 >> Connection: Keep-Alive
86949 [Forwarding findElement on session c5bf1d259c068ae76f99adfff79e8f20 to remote] DEBUG org.apache.http.headers  - http-outgoing-65 >> Connection: Keep-Alive
86949 [Forwarding findElement on session c5bf1d259c068ae76f99adfff79e8f20 to remote] DEBUG org.apache.http.headers  - http-outgoing-65 >> User-Agent: Apache-HttpClient/4.5.2 (Java/1.8.0_91)
86949 [Forwarding findElement on session c5bf1d259c068ae76f99adfff79e8f20 to remote] DEBUG org.apache.http.headers  - http-outgoing-65 >> User-Agent: Apache-HttpClient/4.5.2 (Java/1.8.0_91)
86949 [Forwarding findElement on session c5bf1d259c068ae76f99adfff79e8f20 to remote] DEBUG org.apache.http.headers  - http-outgoing-65 >> User-Agent: Apache-HttpClient/4.5.2 (Java/1.8.0_91)
86949 [Forwarding findElement on session c5bf1d259c068ae76f99adfff79e8f20 to remote] DEBUG org.apache.http.headers  - http-outgoing-65 >> Accept-Encoding: gzip,deflate
86949 [Forwarding findElement on session c5bf1d259c068ae76f99adfff79e8f20 to remote] DEBUG org.apache.http.headers  - http-outgoing-65 >> Accept-Encoding: gzip,deflate
86949 [Forwarding findElement on session c5bf1d259c068ae76f99adfff79e8f20 to remote] DEBUG org.apache.http.headers  - http-outgoing-65 >> Accept-Encoding: gzip,deflate
86949 [Forwarding findElement on session c5bf1d259c068ae76f99adfff79e8f20 to remote] DEBUG org.apache.http.wire  - http-outgoing-65 >> "POST /session/c5bf1d259c068ae76f99adfff79e8f20/element HTTP/1.1[\r][\n]"
86949 [Forwarding findElement on session c5bf1d259c068ae76f99adfff79e8f20 to remote] DEBUG org.apache.http.wire  - http-outgoing-65 >> "POST /session/c5bf1d259c068ae76f99adfff79e8f20/element HTTP/1.1[\r][\n]"
86949 [Forwarding findElement on session c5bf1d259c068ae76f99adfff79e8f20 to remote] DEBUG org.apache.http.wire  - http-outgoing-65 >> "POST /session/c5bf1d259c068ae76f99adfff79e8f20/element HTTP/1.1[\r][\n]"
86949 [Forwarding findElement on session c5bf1d259c068ae76f99adfff79e8f20 to remote] DEBUG org.apache.http.wire  - http-outgoing-65 >> "Content-Type: application/json; charset=utf-8[\r][\n]"
86949 [Forwarding findElement on session c5bf1d259c068ae76f99adfff79e8f20 to remote] DEBUG org.apache.http.wire  - http-outgoing-65 >> "Content-Type: application/json; charset=utf-8[\r][\n]"
86949 [Forwarding findElement on session c5bf1d259c068ae76f99adfff79e8f20 to remote] DEBUG org.apache.http.wire  - http-outgoing-65 >> "Content-Type: application/json; charset=utf-8[\r][\n]"
86949 [Forwarding findElement on session c5bf1d259c068ae76f99adfff79e8f20 to remote] DEBUG org.apache.http.wire  - http-outgoing-65 >> "Content-Length: 38[\r][\n]"
86949 [Forwarding findElement on session c5bf1d259c068ae76f99adfff79e8f20 to remote] DEBUG org.apache.http.wire  - http-outgoing-65 >> "Content-Length: 38[\r][\n]"
86949 [Forwarding findElement on session c5bf1d259c068ae76f99adfff79e8f20 to remote] DEBUG org.apache.http.wire  - http-outgoing-65 >> "Content-Length: 38[\r][\n]"
86949 [Forwarding findElement on session c5bf1d259c068ae76f99adfff79e8f20 to remote] DEBUG org.apache.http.wire  - http-outgoing-65 >> "Host: localhost:7219[\r][\n]"
86949 [Forwarding findElement on session c5bf1d259c068ae76f99adfff79e8f20 to remote] DEBUG org.apache.http.wire  - http-outgoing-65 >> "Host: localhost:7219[\r][\n]"
86949 [Forwarding findElement on session c5bf1d259c068ae76f99adfff79e8f20 to remote] DEBUG org.apache.http.wire  - http-outgoing-65 >> "Host: localhost:7219[\r][\n]"
86949 [Forwarding findElement on session c5bf1d259c068ae76f99adfff79e8f20 to remote] DEBUG org.apache.http.wire  - http-outgoing-65 >> "Connection: Keep-Alive[\r][\n]"
86949 [Forwarding findElement on session c5bf1d259c068ae76f99adfff79e8f20 to remote] DEBUG org.apache.http.wire  - http-outgoing-65 >> "Connection: Keep-Alive[\r][\n]"
86949 [Forwarding findElement on session c5bf1d259c068ae76f99adfff79e8f20 to remote] DEBUG org.apache.http.wire  - http-outgoing-65 >> "Connection: Keep-Alive[\r][\n]"
86949 [Forwarding findElement on session c5bf1d259c068ae76f99adfff79e8f20 to remote] DEBUG org.apache.http.wire  - http-outgoing-65 >> "User-Agent: Apache-HttpClient/4.5.2 (Java/1.8.0_91)[\r][\n]"
86949 [Forwarding findElement on session c5bf1d259c068ae76f99adfff79e8f20 to remote] DEBUG org.apache.http.wire  - http-outgoing-65 >> "User-Agent: Apache-HttpClient/4.5.2 (Java/1.8.0_91)[\r][\n]"
86949 [Forwarding findElement on session c5bf1d259c068ae76f99adfff79e8f20 to remote] DEBUG org.apache.http.wire  - http-outgoing-65 >> "User-Agent: Apache-HttpClient/4.5.2 (Java/1.8.0_91)[\r][\n]"
86949 [Forwarding findElement on session c5bf1d259c068ae76f99adfff79e8f20 to remote] DEBUG org.apache.http.wire  - http-outgoing-65 >> "Accept-Encoding: gzip,deflate[\r][\n]"
86949 [Forwarding findElement on session c5bf1d259c068ae76f99adfff79e8f20 to remote] DEBUG org.apache.http.wire  - http-outgoing-65 >> "Accept-Encoding: gzip,deflate[\r][\n]"
86949 [Forwarding findElement on session c5bf1d259c068ae76f99adfff79e8f20 to remote] DEBUG org.apache.http.wire  - http-outgoing-65 >> "Accept-Encoding: gzip,deflate[\r][\n]"
86949 [Forwarding findElement on session c5bf1d259c068ae76f99adfff79e8f20 to remote] DEBUG org.apache.http.wire  - http-outgoing-65 >> "[\r][\n]"
86949 [Forwarding findElement on session c5bf1d259c068ae76f99adfff79e8f20 to remote] DEBUG org.apache.http.wire  - http-outgoing-65 >> "[\r][\n]"
86949 [Forwarding findElement on session c5bf1d259c068ae76f99adfff79e8f20 to remote] DEBUG org.apache.http.wire  - http-outgoing-65 >> "[\r][\n]"
86949 [Forwarding findElement on session c5bf1d259c068ae76f99adfff79e8f20 to remote] DEBUG org.apache.http.wire  - http-outgoing-65 >> "{"using":"link text","value":"Log In"}"
86949 [Forwarding findElement on session c5bf1d259c068ae76f99adfff79e8f20 to remote] DEBUG org.apache.http.wire  - http-outgoing-65 >> "{"using":"link text","value":"Log In"}"
86949 [Forwarding findElement on session c5bf1d259c068ae76f99adfff79e8f20 to remote] DEBUG org.apache.http.wire  - http-outgoing-65 >> "{"using":"link text","value":"Log In"}"
86985 [Forwarding findElement on session c5bf1d259c068ae76f99adfff79e8f20 to remote] DEBUG org.apache.http.wire  - http-outgoing-65 << "HTTP/1.1 200 OK[\r][\n]"
86985 [Forwarding findElement on session c5bf1d259c068ae76f99adfff79e8f20 to remote] DEBUG org.apache.http.wire  - http-outgoing-65 << "HTTP/1.1 200 OK[\r][\n]"
86985 [Forwarding findElement on session c5bf1d259c068ae76f99adfff79e8f20 to remote] DEBUG org.apache.http.wire  - http-outgoing-65 << "HTTP/1.1 200 OK[\r][\n]"
86985 [Forwarding findElement on session c5bf1d259c068ae76f99adfff79e8f20 to remote] DEBUG org.apache.http.wire  - http-outgoing-65 << "Content-Length:102[\r][\n]"
86985 [Forwarding findElement on session c5bf1d259c068ae76f99adfff79e8f20 to remote] DEBUG org.apache.http.wire  - http-outgoing-65 << "Content-Length:102[\r][\n]"
86985 [Forwarding findElement on session c5bf1d259c068ae76f99adfff79e8f20 to remote] DEBUG org.apache.http.wire  - http-outgoing-65 << "Content-Length:102[\r][\n]"
86985 [Forwarding findElement on session c5bf1d259c068ae76f99adfff79e8f20 to remote] DEBUG org.apache.http.wire  - http-outgoing-65 << "Content-Type:application/json; charset=utf-8[\r][\n]"
86985 [Forwarding findElement on session c5bf1d259c068ae76f99adfff79e8f20 to remote] DEBUG org.apache.http.wire  - http-outgoing-65 << "Content-Type:application/json; charset=utf-8[\r][\n]"
86985 [Forwarding findElement on session c5bf1d259c068ae76f99adfff79e8f20 to remote] DEBUG org.apache.http.wire  - http-outgoing-65 << "Content-Type:application/json; charset=utf-8[\r][\n]"
86985 [Forwarding findElement on session c5bf1d259c068ae76f99adfff79e8f20 to remote] DEBUG org.apache.http.wire  - http-outgoing-65 << "Connection:close[\r][\n]"
86985 [Forwarding findElement on session c5bf1d259c068ae76f99adfff79e8f20 to remote] DEBUG org.apache.http.wire  - http-outgoing-65 << "Connection:close[\r][\n]"
86985 [Forwarding findElement on session c5bf1d259c068ae76f99adfff79e8f20 to remote] DEBUG org.apache.http.wire  - http-outgoing-65 << "Connection:close[\r][\n]"
86985 [Forwarding findElement on session c5bf1d259c068ae76f99adfff79e8f20 to remote] DEBUG org.apache.http.wire  - http-outgoing-65 << "[\r][\n]"
86985 [Forwarding findElement on session c5bf1d259c068ae76f99adfff79e8f20 to remote] DEBUG org.apache.http.wire  - http-outgoing-65 << "[\r][\n]"
86985 [Forwarding findElement on session c5bf1d259c068ae76f99adfff79e8f20 to remote] DEBUG org.apache.http.wire  - http-outgoing-65 << "[\r][\n]"
86985 [Forwarding findElement on session c5bf1d259c068ae76f99adfff79e8f20 to remote] DEBUG org.apache.http.wire  - http-outgoing-65 << "{"sessionId":"c5bf1d259c068ae76f99adfff79e8f20","status":0,"value":{"ELEMENT":"0.6870346914418544-1"}}"
86985 [Forwarding findElement on session c5bf1d259c068ae76f99adfff79e8f20 to remote] DEBUG org.apache.http.wire  - http-outgoing-65 << "{"sessionId":"c5bf1d259c068ae76f99adfff79e8f20","status":0,"value":{"ELEMENT":"0.6870346914418544-1"}}"
86985 [Forwarding findElement on session c5bf1d259c068ae76f99adfff79e8f20 to remote] DEBUG org.apache.http.wire  - http-outgoing-65 << "{"sessionId":"c5bf1d259c068ae76f99adfff79e8f20","status":0,"value":{"ELEMENT":"0.6870346914418544-1"}}"
86985 [Forwarding findElement on session c5bf1d259c068ae76f99adfff79e8f20 to remote] DEBUG org.apache.http.headers  - http-outgoing-65 << HTTP/1.1 200 OK
86985 [Forwarding findElement on session c5bf1d259c068ae76f99adfff79e8f20 to remote] DEBUG org.apache.http.headers  - http-outgoing-65 << HTTP/1.1 200 OK
86985 [Forwarding findElement on session c5bf1d259c068ae76f99adfff79e8f20 to remote] DEBUG org.apache.http.headers  - http-outgoing-65 << HTTP/1.1 200 OK
86985 [Forwarding findElement on session c5bf1d259c068ae76f99adfff79e8f20 to remote] DEBUG org.apache.http.headers  - http-outgoing-65 << Content-Length:102
86985 [Forwarding findElement on session c5bf1d259c068ae76f99adfff79e8f20 to remote] DEBUG org.apache.http.headers  - http-outgoing-65 << Content-Length:102
86985 [Forwarding findElement on session c5bf1d259c068ae76f99adfff79e8f20 to remote] DEBUG org.apache.http.headers  - http-outgoing-65 << Content-Length:102
86985 [Forwarding findElement on session c5bf1d259c068ae76f99adfff79e8f20 to remote] DEBUG org.apache.http.headers  - http-outgoing-65 << Content-Type:application/json; charset=utf-8
86985 [Forwarding findElement on session c5bf1d259c068ae76f99adfff79e8f20 to remote] DEBUG org.apache.http.headers  - http-outgoing-65 << Content-Type:application/json; charset=utf-8
86985 [Forwarding findElement on session c5bf1d259c068ae76f99adfff79e8f20 to remote] DEBUG org.apache.http.headers  - http-outgoing-65 << Content-Type:application/json; charset=utf-8
86985 [Forwarding findElement on session c5bf1d259c068ae76f99adfff79e8f20 to remote] DEBUG org.apache.http.headers  - http-outgoing-65 << Connection:close
86985 [Forwarding findElement on session c5bf1d259c068ae76f99adfff79e8f20 to remote] DEBUG org.apache.http.headers  - http-outgoing-65 << Connection:close
86985 [Forwarding findElement on session c5bf1d259c068ae76f99adfff79e8f20 to remote] DEBUG org.apache.http.headers  - http-outgoing-65 << Connection:close
86986 [Forwarding findElement on session c5bf1d259c068ae76f99adfff79e8f20 to remote] DEBUG org.apache.http.impl.conn.DefaultManagedHttpClientConnection  - http-outgoing-65: Close connection
86986 [Forwarding findElement on session c5bf1d259c068ae76f99adfff79e8f20 to remote] DEBUG org.apache.http.impl.conn.DefaultManagedHttpClientConnection  - http-outgoing-65: Close connection
86986 [Forwarding findElement on session c5bf1d259c068ae76f99adfff79e8f20 to remote] DEBUG org.apache.http.impl.conn.DefaultManagedHttpClientConnection  - http-outgoing-65: Close connection
86986 [Forwarding findElement on session c5bf1d259c068ae76f99adfff79e8f20 to remote] DEBUG org.apache.http.impl.execchain.MainClientExec  - Connection discarded
86986 [Forwarding findElement on session c5bf1d259c068ae76f99adfff79e8f20 to remote] DEBUG org.apache.http.impl.execchain.MainClientExec  - Connection discarded
86986 [Forwarding findElement on session c5bf1d259c068ae76f99adfff79e8f20 to remote] DEBUG org.apache.http.impl.execchain.MainClientExec  - Connection discarded
86986 [Forwarding findElement on session c5bf1d259c068ae76f99adfff79e8f20 to remote] DEBUG org.apache.http.impl.conn.PoolingHttpClientConnectionManager  - Connection released: [id: 65][route: {}->http://localhost:7219][total kept alive: 0; route allocated: 0 of 2000; total allocated: 0 of 2000]
86986 [Forwarding findElement on session c5bf1d259c068ae76f99adfff79e8f20 to remote] DEBUG org.apache.http.impl.conn.PoolingHttpClientConnectionManager  - Connection released: [id: 65][route: {}->http://localhost:7219][total kept alive: 0; route allocated: 0 of 2000; total allocated: 0 of 2000]
86986 [Forwarding findElement on session c5bf1d259c068ae76f99adfff79e8f20 to remote] DEBUG org.apache.http.impl.conn.PoolingHttpClientConnectionManager  - Connection released: [id: 65][route: {}->http://localhost:7219][total kept alive: 0; route allocated: 0 of 2000; total allocated: 0 of 2000]
86987 [Forwarding clickElement on session c5bf1d259c068ae76f99adfff79e8f20 to remote] DEBUG org.apache.http.client.protocol.RequestAddCookies  - CookieSpec selected: default
86987 [Forwarding clickElement on session c5bf1d259c068ae76f99adfff79e8f20 to remote] DEBUG org.apache.http.client.protocol.RequestAddCookies  - CookieSpec selected: default
86987 [Forwarding clickElement on session c5bf1d259c068ae76f99adfff79e8f20 to remote] DEBUG org.apache.http.client.protocol.RequestAddCookies  - CookieSpec selected: default
86987 [Forwarding clickElement on session c5bf1d259c068ae76f99adfff79e8f20 to remote] DEBUG org.apache.http.client.protocol.RequestAuthCache  - Auth cache not set in the context
86987 [Forwarding clickElement on session c5bf1d259c068ae76f99adfff79e8f20 to remote] DEBUG org.apache.http.client.protocol.RequestAuthCache  - Auth cache not set in the context
86987 [Forwarding clickElement on session c5bf1d259c068ae76f99adfff79e8f20 to remote] DEBUG org.apache.http.client.protocol.RequestAuthCache  - Auth cache not set in the context
86987 [Forwarding clickElement on session c5bf1d259c068ae76f99adfff79e8f20 to remote] DEBUG org.apache.http.impl.conn.PoolingHttpClientConnectionManager  - Connection request: [route: {}->http://localhost:7219][total kept alive: 0; route allocated: 0 of 2000; total allocated: 0 of 2000]
86987 [Forwarding clickElement on session c5bf1d259c068ae76f99adfff79e8f20 to remote] DEBUG org.apache.http.impl.conn.PoolingHttpClientConnectionManager  - Connection request: [route: {}->http://localhost:7219][total kept alive: 0; route allocated: 0 of 2000; total allocated: 0 of 2000]
86987 [Forwarding clickElement on session c5bf1d259c068ae76f99adfff79e8f20 to remote] DEBUG org.apache.http.impl.conn.PoolingHttpClientConnectionManager  - Connection request: [route: {}->http://localhost:7219][total kept alive: 0; route allocated: 0 of 2000; total allocated: 0 of 2000]
86988 [Forwarding clickElement on session c5bf1d259c068ae76f99adfff79e8f20 to remote] DEBUG org.apache.http.impl.conn.PoolingHttpClientConnectionManager  - Connection leased: [id: 66][route: {}->http://localhost:7219][total kept alive: 0; route allocated: 1 of 2000; total allocated: 1 of 2000]
86988 [Forwarding clickElement on session c5bf1d259c068ae76f99adfff79e8f20 to remote] DEBUG org.apache.http.impl.conn.PoolingHttpClientConnectionManager  - Connection leased: [id: 66][route: {}->http://localhost:7219][total kept alive: 0; route allocated: 1 of 2000; total allocated: 1 of 2000]
86988 [Forwarding clickElement on session c5bf1d259c068ae76f99adfff79e8f20 to remote] DEBUG org.apache.http.impl.conn.PoolingHttpClientConnectionManager  - Connection leased: [id: 66][route: {}->http://localhost:7219][total kept alive: 0; route allocated: 1 of 2000; total allocated: 1 of 2000]
86988 [Forwarding clickElement on session c5bf1d259c068ae76f99adfff79e8f20 to remote] DEBUG org.apache.http.impl.execchain.MainClientExec  - Opening connection {}->http://localhost:7219
86988 [Forwarding clickElement on session c5bf1d259c068ae76f99adfff79e8f20 to remote] DEBUG org.apache.http.impl.execchain.MainClientExec  - Opening connection {}->http://localhost:7219
86988 [Forwarding clickElement on session c5bf1d259c068ae76f99adfff79e8f20 to remote] DEBUG org.apache.http.impl.execchain.MainClientExec  - Opening connection {}->http://localhost:7219
86989 [Forwarding clickElement on session c5bf1d259c068ae76f99adfff79e8f20 to remote] DEBUG org.apache.http.impl.conn.DefaultHttpClientConnectionOperator  - Connecting to localhost/127.0.0.1:7219
86989 [Forwarding clickElement on session c5bf1d259c068ae76f99adfff79e8f20 to remote] DEBUG org.apache.http.impl.conn.DefaultHttpClientConnectionOperator  - Connecting to localhost/127.0.0.1:7219
86989 [Forwarding clickElement on session c5bf1d259c068ae76f99adfff79e8f20 to remote] DEBUG org.apache.http.impl.conn.DefaultHttpClientConnectionOperator  - Connecting to localhost/127.0.0.1:7219
86991 [Forwarding clickElement on session c5bf1d259c068ae76f99adfff79e8f20 to remote] DEBUG org.apache.http.impl.conn.DefaultHttpClientConnectionOperator  - Connection established 127.0.0.1:52955<->127.0.0.1:7219
86991 [Forwarding clickElement on session c5bf1d259c068ae76f99adfff79e8f20 to remote] DEBUG org.apache.http.impl.conn.DefaultHttpClientConnectionOperator  - Connection established 127.0.0.1:52955<->127.0.0.1:7219
86991 [Forwarding clickElement on session c5bf1d259c068ae76f99adfff79e8f20 to remote] DEBUG org.apache.http.impl.conn.DefaultHttpClientConnectionOperator  - Connection established 127.0.0.1:52955<->127.0.0.1:7219
86991 [Forwarding clickElement on session c5bf1d259c068ae76f99adfff79e8f20 to remote] DEBUG org.apache.http.impl.conn.DefaultManagedHttpClientConnection  - http-outgoing-66: set socket timeout to 10800000
86991 [Forwarding clickElement on session c5bf1d259c068ae76f99adfff79e8f20 to remote] DEBUG org.apache.http.impl.conn.DefaultManagedHttpClientConnection  - http-outgoing-66: set socket timeout to 10800000
86991 [Forwarding clickElement on session c5bf1d259c068ae76f99adfff79e8f20 to remote] DEBUG org.apache.http.impl.conn.DefaultManagedHttpClientConnection  - http-outgoing-66: set socket timeout to 10800000
86991 [Forwarding clickElement on session c5bf1d259c068ae76f99adfff79e8f20 to remote] DEBUG org.apache.http.impl.execchain.MainClientExec  - Executing request POST /session/c5bf1d259c068ae76f99adfff79e8f20/element/0.6870346914418544-1/click HTTP/1.1
86991 [Forwarding clickElement on session c5bf1d259c068ae76f99adfff79e8f20 to remote] DEBUG org.apache.http.impl.execchain.MainClientExec  - Executing request POST /session/c5bf1d259c068ae76f99adfff79e8f20/element/0.6870346914418544-1/click HTTP/1.1
86991 [Forwarding clickElement on session c5bf1d259c068ae76f99adfff79e8f20 to remote] DEBUG org.apache.http.impl.execchain.MainClientExec  - Executing request POST /session/c5bf1d259c068ae76f99adfff79e8f20/element/0.6870346914418544-1/click HTTP/1.1
86991 [Forwarding clickElement on session c5bf1d259c068ae76f99adfff79e8f20 to remote] DEBUG org.apache.http.impl.execchain.MainClientExec  - Target auth state: UNCHALLENGED
86991 [Forwarding clickElement on session c5bf1d259c068ae76f99adfff79e8f20 to remote] DEBUG org.apache.http.impl.execchain.MainClientExec  - Target auth state: UNCHALLENGED
86991 [Forwarding clickElement on session c5bf1d259c068ae76f99adfff79e8f20 to remote] DEBUG org.apache.http.impl.execchain.MainClientExec  - Target auth state: UNCHALLENGED
86991 [Forwarding clickElement on session c5bf1d259c068ae76f99adfff79e8f20 to remote] DEBUG org.apache.http.impl.execchain.MainClientExec  - Proxy auth state: UNCHALLENGED
86991 [Forwarding clickElement on session c5bf1d259c068ae76f99adfff79e8f20 to remote] DEBUG org.apache.http.impl.execchain.MainClientExec  - Proxy auth state: UNCHALLENGED
86991 [Forwarding clickElement on session c5bf1d259c068ae76f99adfff79e8f20 to remote] DEBUG org.apache.http.impl.execchain.MainClientExec  - Proxy auth state: UNCHALLENGED
86992 [Forwarding clickElement on session c5bf1d259c068ae76f99adfff79e8f20 to remote] DEBUG org.apache.http.headers  - http-outgoing-66 >> POST /session/c5bf1d259c068ae76f99adfff79e8f20/element/0.6870346914418544-1/click HTTP/1.1
86992 [Forwarding clickElement on session c5bf1d259c068ae76f99adfff79e8f20 to remote] DEBUG org.apache.http.headers  - http-outgoing-66 >> POST /session/c5bf1d259c068ae76f99adfff79e8f20/element/0.6870346914418544-1/click HTTP/1.1
86992 [Forwarding clickElement on session c5bf1d259c068ae76f99adfff79e8f20 to remote] DEBUG org.apache.http.headers  - http-outgoing-66 >> POST /session/c5bf1d259c068ae76f99adfff79e8f20/element/0.6870346914418544-1/click HTTP/1.1
86992 [Forwarding clickElement on session c5bf1d259c068ae76f99adfff79e8f20 to remote] DEBUG org.apache.http.headers  - http-outgoing-66 >> Content-Type: application/json; charset=utf-8
86992 [Forwarding clickElement on session c5bf1d259c068ae76f99adfff79e8f20 to remote] DEBUG org.apache.http.headers  - http-outgoing-66 >> Content-Type: application/json; charset=utf-8
86992 [Forwarding clickElement on session c5bf1d259c068ae76f99adfff79e8f20 to remote] DEBUG org.apache.http.headers  - http-outgoing-66 >> Content-Type: application/json; charset=utf-8
86992 [Forwarding clickElement on session c5bf1d259c068ae76f99adfff79e8f20 to remote] DEBUG org.apache.http.headers  - http-outgoing-66 >> Content-Length: 29
86992 [Forwarding clickElement on session c5bf1d259c068ae76f99adfff79e8f20 to remote] DEBUG org.apache.http.headers  - http-outgoing-66 >> Content-Length: 29
86992 [Forwarding clickElement on session c5bf1d259c068ae76f99adfff79e8f20 to remote] DEBUG org.apache.http.headers  - http-outgoing-66 >> Content-Length: 29
86992 [Forwarding clickElement on session c5bf1d259c068ae76f99adfff79e8f20 to remote] DEBUG org.apache.http.headers  - http-outgoing-66 >> Host: localhost:7219
86992 [Forwarding clickElement on session c5bf1d259c068ae76f99adfff79e8f20 to remote] DEBUG org.apache.http.headers  - http-outgoing-66 >> Host: localhost:7219
86992 [Forwarding clickElement on session c5bf1d259c068ae76f99adfff79e8f20 to remote] DEBUG org.apache.http.headers  - http-outgoing-66 >> Host: localhost:7219
86993 [Forwarding clickElement on session c5bf1d259c068ae76f99adfff79e8f20 to remote] DEBUG org.apache.http.headers  - http-outgoing-66 >> Connection: Keep-Alive
86993 [Forwarding clickElement on session c5bf1d259c068ae76f99adfff79e8f20 to remote] DEBUG org.apache.http.headers  - http-outgoing-66 >> Connection: Keep-Alive
86993 [Forwarding clickElement on session c5bf1d259c068ae76f99adfff79e8f20 to remote] DEBUG org.apache.http.headers  - http-outgoing-66 >> Connection: Keep-Alive
86993 [Forwarding clickElement on session c5bf1d259c068ae76f99adfff79e8f20 to remote] DEBUG org.apache.http.headers  - http-outgoing-66 >> User-Agent: Apache-HttpClient/4.5.2 (Java/1.8.0_91)
86993 [Forwarding clickElement on session c5bf1d259c068ae76f99adfff79e8f20 to remote] DEBUG org.apache.http.headers  - http-outgoing-66 >> User-Agent: Apache-HttpClient/4.5.2 (Java/1.8.0_91)
86993 [Forwarding clickElement on session c5bf1d259c068ae76f99adfff79e8f20 to remote] DEBUG org.apache.http.headers  - http-outgoing-66 >> User-Agent: Apache-HttpClient/4.5.2 (Java/1.8.0_91)
86993 [Forwarding clickElement on session c5bf1d259c068ae76f99adfff79e8f20 to remote] DEBUG org.apache.http.headers  - http-outgoing-66 >> Accept-Encoding: gzip,deflate
86993 [Forwarding clickElement on session c5bf1d259c068ae76f99adfff79e8f20 to remote] DEBUG org.apache.http.headers  - http-outgoing-66 >> Accept-Encoding: gzip,deflate
86993 [Forwarding clickElement on session c5bf1d259c068ae76f99adfff79e8f20 to remote] DEBUG org.apache.http.headers  - http-outgoing-66 >> Accept-Encoding: gzip,deflate
86994 [Forwarding clickElement on session c5bf1d259c068ae76f99adfff79e8f20 to remote] DEBUG org.apache.http.wire  - http-outgoing-66 >> "POST /session/c5bf1d259c068ae76f99adfff79e8f20/element/0.6870346914418544-1/click HTTP/1.1[\r][\n]"
86994 [Forwarding clickElement on session c5bf1d259c068ae76f99adfff79e8f20 to remote] DEBUG org.apache.http.wire  - http-outgoing-66 >> "POST /session/c5bf1d259c068ae76f99adfff79e8f20/element/0.6870346914418544-1/click HTTP/1.1[\r][\n]"
86994 [Forwarding clickElement on session c5bf1d259c068ae76f99adfff79e8f20 to remote] DEBUG org.apache.http.wire  - http-outgoing-66 >> "POST /session/c5bf1d259c068ae76f99adfff79e8f20/element/0.6870346914418544-1/click HTTP/1.1[\r][\n]"
86996 [Forwarding clickElement on session c5bf1d259c068ae76f99adfff79e8f20 to remote] DEBUG org.apache.http.wire  - http-outgoing-66 >> "Content-Type: application/json; charset=utf-8[\r][\n]"
86996 [Forwarding clickElement on session c5bf1d259c068ae76f99adfff79e8f20 to remote] DEBUG org.apache.http.wire  - http-outgoing-66 >> "Content-Type: application/json; charset=utf-8[\r][\n]"
86996 [Forwarding clickElement on session c5bf1d259c068ae76f99adfff79e8f20 to remote] DEBUG org.apache.http.wire  - http-outgoing-66 >> "Content-Type: application/json; charset=utf-8[\r][\n]"
86997 [Forwarding clickElement on session c5bf1d259c068ae76f99adfff79e8f20 to remote] DEBUG org.apache.http.wire  - http-outgoing-66 >> "Content-Length: 29[\r][\n]"
86997 [Forwarding clickElement on session c5bf1d259c068ae76f99adfff79e8f20 to remote] DEBUG org.apache.http.wire  - http-outgoing-66 >> "Content-Length: 29[\r][\n]"
86997 [Forwarding clickElement on session c5bf1d259c068ae76f99adfff79e8f20 to remote] DEBUG org.apache.http.wire  - http-outgoing-66 >> "Content-Length: 29[\r][\n]"
86997 [Forwarding clickElement on session c5bf1d259c068ae76f99adfff79e8f20 to remote] DEBUG org.apache.http.wire  - http-outgoing-66 >> "Host: localhost:7219[\r][\n]"
86997 [Forwarding clickElement on session c5bf1d259c068ae76f99adfff79e8f20 to remote] DEBUG org.apache.http.wire  - http-outgoing-66 >> "Host: localhost:7219[\r][\n]"
86997 [Forwarding clickElement on session c5bf1d259c068ae76f99adfff79e8f20 to remote] DEBUG org.apache.http.wire  - http-outgoing-66 >> "Host: localhost:7219[\r][\n]"
86998 [Forwarding clickElement on session c5bf1d259c068ae76f99adfff79e8f20 to remote] DEBUG org.apache.http.wire  - http-outgoing-66 >> "Connection: Keep-Alive[\r][\n]"
86998 [Forwarding clickElement on session c5bf1d259c068ae76f99adfff79e8f20 to remote] DEBUG org.apache.http.wire  - http-outgoing-66 >> "Connection: Keep-Alive[\r][\n]"
86998 [Forwarding clickElement on session c5bf1d259c068ae76f99adfff79e8f20 to remote] DEBUG org.apache.http.wire  - http-outgoing-66 >> "Connection: Keep-Alive[\r][\n]"
86998 [Forwarding clickElement on session c5bf1d259c068ae76f99adfff79e8f20 to remote] DEBUG org.apache.http.wire  - http-outgoing-66 >> "User-Agent: Apache-HttpClient/4.5.2 (Java/1.8.0_91)[\r][\n]"
86998 [Forwarding clickElement on session c5bf1d259c068ae76f99adfff79e8f20 to remote] DEBUG org.apache.http.wire  - http-outgoing-66 >> "User-Agent: Apache-HttpClient/4.5.2 (Java/1.8.0_91)[\r][\n]"
86998 [Forwarding clickElement on session c5bf1d259c068ae76f99adfff79e8f20 to remote] DEBUG org.apache.http.wire  - http-outgoing-66 >> "User-Agent: Apache-HttpClient/4.5.2 (Java/1.8.0_91)[\r][\n]"
86998 [Forwarding clickElement on session c5bf1d259c068ae76f99adfff79e8f20 to remote] DEBUG org.apache.http.wire  - http-outgoing-66 >> "Accept-Encoding: gzip,deflate[\r][\n]"
86998 [Forwarding clickElement on session c5bf1d259c068ae76f99adfff79e8f20 to remote] DEBUG org.apache.http.wire  - http-outgoing-66 >> "Accept-Encoding: gzip,deflate[\r][\n]"
86998 [Forwarding clickElement on session c5bf1d259c068ae76f99adfff79e8f20 to remote] DEBUG org.apache.http.wire  - http-outgoing-66 >> "Accept-Encoding: gzip,deflate[\r][\n]"
86998 [Forwarding clickElement on session c5bf1d259c068ae76f99adfff79e8f20 to remote] DEBUG org.apache.http.wire  - http-outgoing-66 >> "[\r][\n]"
86998 [Forwarding clickElement on session c5bf1d259c068ae76f99adfff79e8f20 to remote] DEBUG org.apache.http.wire  - http-outgoing-66 >> "[\r][\n]"
86998 [Forwarding clickElement on session c5bf1d259c068ae76f99adfff79e8f20 to remote] DEBUG org.apache.http.wire  - http-outgoing-66 >> "[\r][\n]"
86998 [Forwarding clickElement on session c5bf1d259c068ae76f99adfff79e8f20 to remote] DEBUG org.apache.http.wire  - http-outgoing-66 >> "{"id":"0.6870346914418544-1"}"
86998 [Forwarding clickElement on session c5bf1d259c068ae76f99adfff79e8f20 to remote] DEBUG org.apache.http.wire  - http-outgoing-66 >> "{"id":"0.6870346914418544-1"}"
86998 [Forwarding clickElement on session c5bf1d259c068ae76f99adfff79e8f20 to remote] DEBUG org.apache.http.wire  - http-outgoing-66 >> "{"id":"0.6870346914418544-1"}"
88461 [Forwarding clickElement on session c5bf1d259c068ae76f99adfff79e8f20 to remote] DEBUG org.apache.http.wire  - http-outgoing-66 << "HTTP/1.1 200 OK[\r][\n]"
88461 [Forwarding clickElement on session c5bf1d259c068ae76f99adfff79e8f20 to remote] DEBUG org.apache.http.wire  - http-outgoing-66 << "HTTP/1.1 200 OK[\r][\n]"
88461 [Forwarding clickElement on session c5bf1d259c068ae76f99adfff79e8f20 to remote] DEBUG org.apache.http.wire  - http-outgoing-66 << "HTTP/1.1 200 OK[\r][\n]"
88461 [Forwarding clickElement on session c5bf1d259c068ae76f99adfff79e8f20 to remote] DEBUG org.apache.http.wire  - http-outgoing-66 << "Content-Length:72[\r][\n]"
88461 [Forwarding clickElement on session c5bf1d259c068ae76f99adfff79e8f20 to remote] DEBUG org.apache.http.wire  - http-outgoing-66 << "Content-Length:72[\r][\n]"
88461 [Forwarding clickElement on session c5bf1d259c068ae76f99adfff79e8f20 to remote] DEBUG org.apache.http.wire  - http-outgoing-66 << "Content-Length:72[\r][\n]"
88461 [Forwarding clickElement on session c5bf1d259c068ae76f99adfff79e8f20 to remote] DEBUG org.apache.http.wire  - http-outgoing-66 << "Content-Type:application/json; charset=utf-8[\r][\n]"
88461 [Forwarding clickElement on session c5bf1d259c068ae76f99adfff79e8f20 to remote] DEBUG org.apache.http.wire  - http-outgoing-66 << "Content-Type:application/json; charset=utf-8[\r][\n]"
88461 [Forwarding clickElement on session c5bf1d259c068ae76f99adfff79e8f20 to remote] DEBUG org.apache.http.wire  - http-outgoing-66 << "Content-Type:application/json; charset=utf-8[\r][\n]"
88461 [Forwarding clickElement on session c5bf1d259c068ae76f99adfff79e8f20 to remote] DEBUG org.apache.http.wire  - http-outgoing-66 << "Connection:close[\r][\n]"
88461 [Forwarding clickElement on session c5bf1d259c068ae76f99adfff79e8f20 to remote] DEBUG org.apache.http.wire  - http-outgoing-66 << "Connection:close[\r][\n]"
88461 [Forwarding clickElement on session c5bf1d259c068ae76f99adfff79e8f20 to remote] DEBUG org.apache.http.wire  - http-outgoing-66 << "Connection:close[\r][\n]"
88461 [Forwarding clickElement on session c5bf1d259c068ae76f99adfff79e8f20 to remote] DEBUG org.apache.http.wire  - http-outgoing-66 << "[\r][\n]"
88461 [Forwarding clickElement on session c5bf1d259c068ae76f99adfff79e8f20 to remote] DEBUG org.apache.http.wire  - http-outgoing-66 << "[\r][\n]"
88461 [Forwarding clickElement on session c5bf1d259c068ae76f99adfff79e8f20 to remote] DEBUG org.apache.http.wire  - http-outgoing-66 << "[\r][\n]"
88461 [Forwarding clickElement on session c5bf1d259c068ae76f99adfff79e8f20 to remote] DEBUG org.apache.http.wire  - http-outgoing-66 << "{"sessionId":"c5bf1d259c068ae76f99adfff79e8f20","status":0,"value":null}"
88461 [Forwarding clickElement on session c5bf1d259c068ae76f99adfff79e8f20 to remote] DEBUG org.apache.http.wire  - http-outgoing-66 << "{"sessionId":"c5bf1d259c068ae76f99adfff79e8f20","status":0,"value":null}"
88461 [Forwarding clickElement on session c5bf1d259c068ae76f99adfff79e8f20 to remote] DEBUG org.apache.http.wire  - http-outgoing-66 << "{"sessionId":"c5bf1d259c068ae76f99adfff79e8f20","status":0,"value":null}"
88461 [Forwarding clickElement on session c5bf1d259c068ae76f99adfff79e8f20 to remote] DEBUG org.apache.http.headers  - http-outgoing-66 << HTTP/1.1 200 OK
88461 [Forwarding clickElement on session c5bf1d259c068ae76f99adfff79e8f20 to remote] DEBUG org.apache.http.headers  - http-outgoing-66 << HTTP/1.1 200 OK
88461 [Forwarding clickElement on session c5bf1d259c068ae76f99adfff79e8f20 to remote] DEBUG org.apache.http.headers  - http-outgoing-66 << HTTP/1.1 200 OK
88461 [Forwarding clickElement on session c5bf1d259c068ae76f99adfff79e8f20 to remote] DEBUG org.apache.http.headers  - http-outgoing-66 << Content-Length:72
88461 [Forwarding clickElement on session c5bf1d259c068ae76f99adfff79e8f20 to remote] DEBUG org.apache.http.headers  - http-outgoing-66 << Content-Length:72
88461 [Forwarding clickElement on session c5bf1d259c068ae76f99adfff79e8f20 to remote] DEBUG org.apache.http.headers  - http-outgoing-66 << Content-Length:72
88461 [Forwarding clickElement on session c5bf1d259c068ae76f99adfff79e8f20 to remote] DEBUG org.apache.http.headers  - http-outgoing-66 << Content-Type:application/json; charset=utf-8
88461 [Forwarding clickElement on session c5bf1d259c068ae76f99adfff79e8f20 to remote] DEBUG org.apache.http.headers  - http-outgoing-66 << Content-Type:application/json; charset=utf-8
88461 [Forwarding clickElement on session c5bf1d259c068ae76f99adfff79e8f20 to remote] DEBUG org.apache.http.headers  - http-outgoing-66 << Content-Type:application/json; charset=utf-8
88461 [Forwarding clickElement on session c5bf1d259c068ae76f99adfff79e8f20 to remote] DEBUG org.apache.http.headers  - http-outgoing-66 << Connection:close
88461 [Forwarding clickElement on session c5bf1d259c068ae76f99adfff79e8f20 to remote] DEBUG org.apache.http.headers  - http-outgoing-66 << Connection:close
88461 [Forwarding clickElement on session c5bf1d259c068ae76f99adfff79e8f20 to remote] DEBUG org.apache.http.headers  - http-outgoing-66 << Connection:close
88461 [Forwarding clickElement on session c5bf1d259c068ae76f99adfff79e8f20 to remote] DEBUG org.apache.http.impl.conn.DefaultManagedHttpClientConnection  - http-outgoing-66: Close connection
88461 [Forwarding clickElement on session c5bf1d259c068ae76f99adfff79e8f20 to remote] DEBUG org.apache.http.impl.conn.DefaultManagedHttpClientConnection  - http-outgoing-66: Close connection
88461 [Forwarding clickElement on session c5bf1d259c068ae76f99adfff79e8f20 to remote] DEBUG org.apache.http.impl.conn.DefaultManagedHttpClientConnection  - http-outgoing-66: Close connection
88462 [Forwarding clickElement on session c5bf1d259c068ae76f99adfff79e8f20 to remote] DEBUG org.apache.http.impl.execchain.MainClientExec  - Connection discarded
88462 [Forwarding clickElement on session c5bf1d259c068ae76f99adfff79e8f20 to remote] DEBUG org.apache.http.impl.execchain.MainClientExec  - Connection discarded
88462 [Forwarding clickElement on session c5bf1d259c068ae76f99adfff79e8f20 to remote] DEBUG org.apache.http.impl.execchain.MainClientExec  - Connection discarded
88462 [Forwarding clickElement on session c5bf1d259c068ae76f99adfff79e8f20 to remote] DEBUG org.apache.http.impl.conn.PoolingHttpClientConnectionManager  - Connection released: [id: 66][route: {}->http://localhost:7219][total kept alive: 0; route allocated: 0 of 2000; total allocated: 0 of 2000]
88462 [Forwarding clickElement on session c5bf1d259c068ae76f99adfff79e8f20 to remote] DEBUG org.apache.http.impl.conn.PoolingHttpClientConnectionManager  - Connection released: [id: 66][route: {}->http://localhost:7219][total kept alive: 0; route allocated: 0 of 2000; total allocated: 0 of 2000]
88462 [Forwarding clickElement on session c5bf1d259c068ae76f99adfff79e8f20 to remote] DEBUG org.apache.http.impl.conn.PoolingHttpClientConnectionManager  - Connection released: [id: 66][route: {}->http://localhost:7219][total kept alive: 0; route allocated: 0 of 2000; total allocated: 0 of 2000]
88463 [Forwarding findElement on session c5bf1d259c068ae76f99adfff79e8f20 to remote] DEBUG org.apache.http.client.protocol.RequestAddCookies  - CookieSpec selected: default
88463 [Forwarding findElement on session c5bf1d259c068ae76f99adfff79e8f20 to remote] DEBUG org.apache.http.client.protocol.RequestAddCookies  - CookieSpec selected: default
88463 [Forwarding findElement on session c5bf1d259c068ae76f99adfff79e8f20 to remote] DEBUG org.apache.http.client.protocol.RequestAddCookies  - CookieSpec selected: default
88463 [Forwarding findElement on session c5bf1d259c068ae76f99adfff79e8f20 to remote] DEBUG org.apache.http.client.protocol.RequestAuthCache  - Auth cache not set in the context
88463 [Forwarding findElement on session c5bf1d259c068ae76f99adfff79e8f20 to remote] DEBUG org.apache.http.client.protocol.RequestAuthCache  - Auth cache not set in the context
88463 [Forwarding findElement on session c5bf1d259c068ae76f99adfff79e8f20 to remote] DEBUG org.apache.http.client.protocol.RequestAuthCache  - Auth cache not set in the context
88463 [Forwarding findElement on session c5bf1d259c068ae76f99adfff79e8f20 to remote] DEBUG org.apache.http.impl.conn.PoolingHttpClientConnectionManager  - Connection request: [route: {}->http://localhost:7219][total kept alive: 0; route allocated: 0 of 2000; total allocated: 0 of 2000]
88463 [Forwarding findElement on session c5bf1d259c068ae76f99adfff79e8f20 to remote] DEBUG org.apache.http.impl.conn.PoolingHttpClientConnectionManager  - Connection request: [route: {}->http://localhost:7219][total kept alive: 0; route allocated: 0 of 2000; total allocated: 0 of 2000]
88463 [Forwarding findElement on session c5bf1d259c068ae76f99adfff79e8f20 to remote] DEBUG org.apache.http.impl.conn.PoolingHttpClientConnectionManager  - Connection request: [route: {}->http://localhost:7219][total kept alive: 0; route allocated: 0 of 2000; total allocated: 0 of 2000]
88463 [Forwarding findElement on session c5bf1d259c068ae76f99adfff79e8f20 to remote] DEBUG org.apache.http.impl.conn.PoolingHttpClientConnectionManager  - Connection leased: [id: 67][route: {}->http://localhost:7219][total kept alive: 0; route allocated: 1 of 2000; total allocated: 1 of 2000]
88463 [Forwarding findElement on session c5bf1d259c068ae76f99adfff79e8f20 to remote] DEBUG org.apache.http.impl.conn.PoolingHttpClientConnectionManager  - Connection leased: [id: 67][route: {}->http://localhost:7219][total kept alive: 0; route allocated: 1 of 2000; total allocated: 1 of 2000]
88463 [Forwarding findElement on session c5bf1d259c068ae76f99adfff79e8f20 to remote] DEBUG org.apache.http.impl.conn.PoolingHttpClientConnectionManager  - Connection leased: [id: 67][route: {}->http://localhost:7219][total kept alive: 0; route allocated: 1 of 2000; total allocated: 1 of 2000]
88463 [Forwarding findElement on session c5bf1d259c068ae76f99adfff79e8f20 to remote] DEBUG org.apache.http.impl.execchain.MainClientExec  - Opening connection {}->http://localhost:7219
88463 [Forwarding findElement on session c5bf1d259c068ae76f99adfff79e8f20 to remote] DEBUG org.apache.http.impl.execchain.MainClientExec  - Opening connection {}->http://localhost:7219
88463 [Forwarding findElement on session c5bf1d259c068ae76f99adfff79e8f20 to remote] DEBUG org.apache.http.impl.execchain.MainClientExec  - Opening connection {}->http://localhost:7219
88464 [Forwarding findElement on session c5bf1d259c068ae76f99adfff79e8f20 to remote] DEBUG org.apache.http.impl.conn.DefaultHttpClientConnectionOperator  - Connecting to localhost/127.0.0.1:7219
88464 [Forwarding findElement on session c5bf1d259c068ae76f99adfff79e8f20 to remote] DEBUG org.apache.http.impl.conn.DefaultHttpClientConnectionOperator  - Connecting to localhost/127.0.0.1:7219
88464 [Forwarding findElement on session c5bf1d259c068ae76f99adfff79e8f20 to remote] DEBUG org.apache.http.impl.conn.DefaultHttpClientConnectionOperator  - Connecting to localhost/127.0.0.1:7219
88465 [Forwarding findElement on session c5bf1d259c068ae76f99adfff79e8f20 to remote] DEBUG org.apache.http.impl.conn.DefaultHttpClientConnectionOperator  - Connection established 127.0.0.1:52963<->127.0.0.1:7219
88465 [Forwarding findElement on session c5bf1d259c068ae76f99adfff79e8f20 to remote] DEBUG org.apache.http.impl.conn.DefaultHttpClientConnectionOperator  - Connection established 127.0.0.1:52963<->127.0.0.1:7219
88465 [Forwarding findElement on session c5bf1d259c068ae76f99adfff79e8f20 to remote] DEBUG org.apache.http.impl.conn.DefaultHttpClientConnectionOperator  - Connection established 127.0.0.1:52963<->127.0.0.1:7219
88465 [Forwarding findElement on session c5bf1d259c068ae76f99adfff79e8f20 to remote] DEBUG org.apache.http.impl.conn.DefaultManagedHttpClientConnection  - http-outgoing-67: set socket timeout to 10800000
88465 [Forwarding findElement on session c5bf1d259c068ae76f99adfff79e8f20 to remote] DEBUG org.apache.http.impl.conn.DefaultManagedHttpClientConnection  - http-outgoing-67: set socket timeout to 10800000
88465 [Forwarding findElement on session c5bf1d259c068ae76f99adfff79e8f20 to remote] DEBUG org.apache.http.impl.conn.DefaultManagedHttpClientConnection  - http-outgoing-67: set socket timeout to 10800000
88465 [Forwarding findElement on session c5bf1d259c068ae76f99adfff79e8f20 to remote] DEBUG org.apache.http.impl.execchain.MainClientExec  - Executing request POST /session/c5bf1d259c068ae76f99adfff79e8f20/element HTTP/1.1
88465 [Forwarding findElement on session c5bf1d259c068ae76f99adfff79e8f20 to remote] DEBUG org.apache.http.impl.execchain.MainClientExec  - Executing request POST /session/c5bf1d259c068ae76f99adfff79e8f20/element HTTP/1.1
88465 [Forwarding findElement on session c5bf1d259c068ae76f99adfff79e8f20 to remote] DEBUG org.apache.http.impl.execchain.MainClientExec  - Executing request POST /session/c5bf1d259c068ae76f99adfff79e8f20/element HTTP/1.1
88465 [Forwarding findElement on session c5bf1d259c068ae76f99adfff79e8f20 to remote] DEBUG org.apache.http.impl.execchain.MainClientExec  - Target auth state: UNCHALLENGED
88465 [Forwarding findElement on session c5bf1d259c068ae76f99adfff79e8f20 to remote] DEBUG org.apache.http.impl.execchain.MainClientExec  - Target auth state: UNCHALLENGED
88465 [Forwarding findElement on session c5bf1d259c068ae76f99adfff79e8f20 to remote] DEBUG org.apache.http.impl.execchain.MainClientExec  - Target auth state: UNCHALLENGED
88465 [Forwarding findElement on session c5bf1d259c068ae76f99adfff79e8f20 to remote] DEBUG org.apache.http.impl.execchain.MainClientExec  - Proxy auth state: UNCHALLENGED
88465 [Forwarding findElement on session c5bf1d259c068ae76f99adfff79e8f20 to remote] DEBUG org.apache.http.impl.execchain.MainClientExec  - Proxy auth state: UNCHALLENGED
88465 [Forwarding findElement on session c5bf1d259c068ae76f99adfff79e8f20 to remote] DEBUG org.apache.http.impl.execchain.MainClientExec  - Proxy auth state: UNCHALLENGED
88466 [Forwarding findElement on session c5bf1d259c068ae76f99adfff79e8f20 to remote] DEBUG org.apache.http.headers  - http-outgoing-67 >> POST /session/c5bf1d259c068ae76f99adfff79e8f20/element HTTP/1.1
88466 [Forwarding findElement on session c5bf1d259c068ae76f99adfff79e8f20 to remote] DEBUG org.apache.http.headers  - http-outgoing-67 >> POST /session/c5bf1d259c068ae76f99adfff79e8f20/element HTTP/1.1
88466 [Forwarding findElement on session c5bf1d259c068ae76f99adfff79e8f20 to remote] DEBUG org.apache.http.headers  - http-outgoing-67 >> POST /session/c5bf1d259c068ae76f99adfff79e8f20/element HTTP/1.1
88466 [Forwarding findElement on session c5bf1d259c068ae76f99adfff79e8f20 to remote] DEBUG org.apache.http.headers  - http-outgoing-67 >> Content-Type: application/json; charset=utf-8
88466 [Forwarding findElement on session c5bf1d259c068ae76f99adfff79e8f20 to remote] DEBUG org.apache.http.headers  - http-outgoing-67 >> Content-Type: application/json; charset=utf-8
88466 [Forwarding findElement on session c5bf1d259c068ae76f99adfff79e8f20 to remote] DEBUG org.apache.http.headers  - http-outgoing-67 >> Content-Type: application/json; charset=utf-8
88466 [Forwarding findElement on session c5bf1d259c068ae76f99adfff79e8f20 to remote] DEBUG org.apache.http.headers  - http-outgoing-67 >> Content-Length: 41
88466 [Forwarding findElement on session c5bf1d259c068ae76f99adfff79e8f20 to remote] DEBUG org.apache.http.headers  - http-outgoing-67 >> Content-Length: 41
88466 [Forwarding findElement on session c5bf1d259c068ae76f99adfff79e8f20 to remote] DEBUG org.apache.http.headers  - http-outgoing-67 >> Content-Length: 41
88466 [Forwarding findElement on session c5bf1d259c068ae76f99adfff79e8f20 to remote] DEBUG org.apache.http.headers  - http-outgoing-67 >> Host: localhost:7219
88466 [Forwarding findElement on session c5bf1d259c068ae76f99adfff79e8f20 to remote] DEBUG org.apache.http.headers  - http-outgoing-67 >> Host: localhost:7219
88466 [Forwarding findElement on session c5bf1d259c068ae76f99adfff79e8f20 to remote] DEBUG org.apache.http.headers  - http-outgoing-67 >> Host: localhost:7219
88466 [Forwarding findElement on session c5bf1d259c068ae76f99adfff79e8f20 to remote] DEBUG org.apache.http.headers  - http-outgoing-67 >> Connection: Keep-Alive
88466 [Forwarding findElement on session c5bf1d259c068ae76f99adfff79e8f20 to remote] DEBUG org.apache.http.headers  - http-outgoing-67 >> Connection: Keep-Alive
88466 [Forwarding findElement on session c5bf1d259c068ae76f99adfff79e8f20 to remote] DEBUG org.apache.http.headers  - http-outgoing-67 >> Connection: Keep-Alive
88466 [Forwarding findElement on session c5bf1d259c068ae76f99adfff79e8f20 to remote] DEBUG org.apache.http.headers  - http-outgoing-67 >> User-Agent: Apache-HttpClient/4.5.2 (Java/1.8.0_91)
88466 [Forwarding findElement on session c5bf1d259c068ae76f99adfff79e8f20 to remote] DEBUG org.apache.http.headers  - http-outgoing-67 >> User-Agent: Apache-HttpClient/4.5.2 (Java/1.8.0_91)
88466 [Forwarding findElement on session c5bf1d259c068ae76f99adfff79e8f20 to remote] DEBUG org.apache.http.headers  - http-outgoing-67 >> User-Agent: Apache-HttpClient/4.5.2 (Java/1.8.0_91)
88466 [Forwarding findElement on session c5bf1d259c068ae76f99adfff79e8f20 to remote] DEBUG org.apache.http.headers  - http-outgoing-67 >> Accept-Encoding: gzip,deflate
88466 [Forwarding findElement on session c5bf1d259c068ae76f99adfff79e8f20 to remote] DEBUG org.apache.http.headers  - http-outgoing-67 >> Accept-Encoding: gzip,deflate
88466 [Forwarding findElement on session c5bf1d259c068ae76f99adfff79e8f20 to remote] DEBUG org.apache.http.headers  - http-outgoing-67 >> Accept-Encoding: gzip,deflate
88466 [Forwarding findElement on session c5bf1d259c068ae76f99adfff79e8f20 to remote] DEBUG org.apache.http.wire  - http-outgoing-67 >> "POST /session/c5bf1d259c068ae76f99adfff79e8f20/element HTTP/1.1[\r][\n]"
88466 [Forwarding findElement on session c5bf1d259c068ae76f99adfff79e8f20 to remote] DEBUG org.apache.http.wire  - http-outgoing-67 >> "POST /session/c5bf1d259c068ae76f99adfff79e8f20/element HTTP/1.1[\r][\n]"
88466 [Forwarding findElement on session c5bf1d259c068ae76f99adfff79e8f20 to remote] DEBUG org.apache.http.wire  - http-outgoing-67 >> "POST /session/c5bf1d259c068ae76f99adfff79e8f20/element HTTP/1.1[\r][\n]"
88466 [Forwarding findElement on session c5bf1d259c068ae76f99adfff79e8f20 to remote] DEBUG org.apache.http.wire  - http-outgoing-67 >> "Content-Type: application/json; charset=utf-8[\r][\n]"
88466 [Forwarding findElement on session c5bf1d259c068ae76f99adfff79e8f20 to remote] DEBUG org.apache.http.wire  - http-outgoing-67 >> "Content-Type: application/json; charset=utf-8[\r][\n]"
88466 [Forwarding findElement on session c5bf1d259c068ae76f99adfff79e8f20 to remote] DEBUG org.apache.http.wire  - http-outgoing-67 >> "Content-Type: application/json; charset=utf-8[\r][\n]"
88467 [Forwarding findElement on session c5bf1d259c068ae76f99adfff79e8f20 to remote] DEBUG org.apache.http.wire  - http-outgoing-67 >> "Content-Length: 41[\r][\n]"
88467 [Forwarding findElement on session c5bf1d259c068ae76f99adfff79e8f20 to remote] DEBUG org.apache.http.wire  - http-outgoing-67 >> "Content-Length: 41[\r][\n]"
88467 [Forwarding findElement on session c5bf1d259c068ae76f99adfff79e8f20 to remote] DEBUG org.apache.http.wire  - http-outgoing-67 >> "Content-Length: 41[\r][\n]"
88467 [Forwarding findElement on session c5bf1d259c068ae76f99adfff79e8f20 to remote] DEBUG org.apache.http.wire  - http-outgoing-67 >> "Host: localhost:7219[\r][\n]"
88467 [Forwarding findElement on session c5bf1d259c068ae76f99adfff79e8f20 to remote] DEBUG org.apache.http.wire  - http-outgoing-67 >> "Host: localhost:7219[\r][\n]"
88467 [Forwarding findElement on session c5bf1d259c068ae76f99adfff79e8f20 to remote] DEBUG org.apache.http.wire  - http-outgoing-67 >> "Host: localhost:7219[\r][\n]"
88467 [Forwarding findElement on session c5bf1d259c068ae76f99adfff79e8f20 to remote] DEBUG org.apache.http.wire  - http-outgoing-67 >> "Connection: Keep-Alive[\r][\n]"
88467 [Forwarding findElement on session c5bf1d259c068ae76f99adfff79e8f20 to remote] DEBUG org.apache.http.wire  - http-outgoing-67 >> "Connection: Keep-Alive[\r][\n]"
88467 [Forwarding findElement on session c5bf1d259c068ae76f99adfff79e8f20 to remote] DEBUG org.apache.http.wire  - http-outgoing-67 >> "Connection: Keep-Alive[\r][\n]"
88467 [Forwarding findElement on session c5bf1d259c068ae76f99adfff79e8f20 to remote] DEBUG org.apache.http.wire  - http-outgoing-67 >> "User-Agent: Apache-HttpClient/4.5.2 (Java/1.8.0_91)[\r][\n]"
88467 [Forwarding findElement on session c5bf1d259c068ae76f99adfff79e8f20 to remote] DEBUG org.apache.http.wire  - http-outgoing-67 >> "User-Agent: Apache-HttpClient/4.5.2 (Java/1.8.0_91)[\r][\n]"
88467 [Forwarding findElement on session c5bf1d259c068ae76f99adfff79e8f20 to remote] DEBUG org.apache.http.wire  - http-outgoing-67 >> "User-Agent: Apache-HttpClient/4.5.2 (Java/1.8.0_91)[\r][\n]"
88467 [Forwarding findElement on session c5bf1d259c068ae76f99adfff79e8f20 to remote] DEBUG org.apache.http.wire  - http-outgoing-67 >> "Accept-Encoding: gzip,deflate[\r][\n]"
88467 [Forwarding findElement on session c5bf1d259c068ae76f99adfff79e8f20 to remote] DEBUG org.apache.http.wire  - http-outgoing-67 >> "Accept-Encoding: gzip,deflate[\r][\n]"
88467 [Forwarding findElement on session c5bf1d259c068ae76f99adfff79e8f20 to remote] DEBUG org.apache.http.wire  - http-outgoing-67 >> "Accept-Encoding: gzip,deflate[\r][\n]"
88468 [Forwarding findElement on session c5bf1d259c068ae76f99adfff79e8f20 to remote] DEBUG org.apache.http.wire  - http-outgoing-67 >> "[\r][\n]"
88468 [Forwarding findElement on session c5bf1d259c068ae76f99adfff79e8f20 to remote] DEBUG org.apache.http.wire  - http-outgoing-67 >> "[\r][\n]"
88468 [Forwarding findElement on session c5bf1d259c068ae76f99adfff79e8f20 to remote] DEBUG org.apache.http.wire  - http-outgoing-67 >> "[\r][\n]"
88468 [Forwarding findElement on session c5bf1d259c068ae76f99adfff79e8f20 to remote] DEBUG org.apache.http.wire  - http-outgoing-67 >> "{"using":"css selector","value":"#email"}"
88468 [Forwarding findElement on session c5bf1d259c068ae76f99adfff79e8f20 to remote] DEBUG org.apache.http.wire  - http-outgoing-67 >> "{"using":"css selector","value":"#email"}"
88468 [Forwarding findElement on session c5bf1d259c068ae76f99adfff79e8f20 to remote] DEBUG org.apache.http.wire  - http-outgoing-67 >> "{"using":"css selector","value":"#email"}"
88498 [Forwarding findElement on session c5bf1d259c068ae76f99adfff79e8f20 to remote] DEBUG org.apache.http.wire  - http-outgoing-67 << "HTTP/1.1 200 OK[\r][\n]"
88498 [Forwarding findElement on session c5bf1d259c068ae76f99adfff79e8f20 to remote] DEBUG org.apache.http.wire  - http-outgoing-67 << "HTTP/1.1 200 OK[\r][\n]"
88498 [Forwarding findElement on session c5bf1d259c068ae76f99adfff79e8f20 to remote] DEBUG org.apache.http.wire  - http-outgoing-67 << "HTTP/1.1 200 OK[\r][\n]"
88498 [Forwarding findElement on session c5bf1d259c068ae76f99adfff79e8f20 to remote] DEBUG org.apache.http.wire  - http-outgoing-67 << "Content-Length:101[\r][\n]"
88498 [Forwarding findElement on session c5bf1d259c068ae76f99adfff79e8f20 to remote] DEBUG org.apache.http.wire  - http-outgoing-67 << "Content-Length:101[\r][\n]"
88498 [Forwarding findElement on session c5bf1d259c068ae76f99adfff79e8f20 to remote] DEBUG org.apache.http.wire  - http-outgoing-67 << "Content-Length:101[\r][\n]"
88498 [Forwarding findElement on session c5bf1d259c068ae76f99adfff79e8f20 to remote] DEBUG org.apache.http.wire  - http-outgoing-67 << "Content-Type:application/json; charset=utf-8[\r][\n]"
88498 [Forwarding findElement on session c5bf1d259c068ae76f99adfff79e8f20 to remote] DEBUG org.apache.http.wire  - http-outgoing-67 << "Content-Type:application/json; charset=utf-8[\r][\n]"
88498 [Forwarding findElement on session c5bf1d259c068ae76f99adfff79e8f20 to remote] DEBUG org.apache.http.wire  - http-outgoing-67 << "Content-Type:application/json; charset=utf-8[\r][\n]"
88498 [Forwarding findElement on session c5bf1d259c068ae76f99adfff79e8f20 to remote] DEBUG org.apache.http.wire  - http-outgoing-67 << "Connection:close[\r][\n]"
88498 [Forwarding findElement on session c5bf1d259c068ae76f99adfff79e8f20 to remote] DEBUG org.apache.http.wire  - http-outgoing-67 << "Connection:close[\r][\n]"
88498 [Forwarding findElement on session c5bf1d259c068ae76f99adfff79e8f20 to remote] DEBUG org.apache.http.wire  - http-outgoing-67 << "Connection:close[\r][\n]"
88498 [Forwarding findElement on session c5bf1d259c068ae76f99adfff79e8f20 to remote] DEBUG org.apache.http.wire  - http-outgoing-67 << "[\r][\n]"
88498 [Forwarding findElement on session c5bf1d259c068ae76f99adfff79e8f20 to remote] DEBUG org.apache.http.wire  - http-outgoing-67 << "[\r][\n]"
88498 [Forwarding findElement on session c5bf1d259c068ae76f99adfff79e8f20 to remote] DEBUG org.apache.http.wire  - http-outgoing-67 << "[\r][\n]"
88498 [Forwarding findElement on session c5bf1d259c068ae76f99adfff79e8f20 to remote] DEBUG org.apache.http.wire  - http-outgoing-67 << "{"sessionId":"c5bf1d259c068ae76f99adfff79e8f20","status":0,"value":{"ELEMENT":"0.413775131091888-1"}}"
88498 [Forwarding findElement on session c5bf1d259c068ae76f99adfff79e8f20 to remote] DEBUG org.apache.http.wire  - http-outgoing-67 << "{"sessionId":"c5bf1d259c068ae76f99adfff79e8f20","status":0,"value":{"ELEMENT":"0.413775131091888-1"}}"
88498 [Forwarding findElement on session c5bf1d259c068ae76f99adfff79e8f20 to remote] DEBUG org.apache.http.wire  - http-outgoing-67 << "{"sessionId":"c5bf1d259c068ae76f99adfff79e8f20","status":0,"value":{"ELEMENT":"0.413775131091888-1"}}"
88499 [Forwarding findElement on session c5bf1d259c068ae76f99adfff79e8f20 to remote] DEBUG org.apache.http.headers  - http-outgoing-67 << HTTP/1.1 200 OK
88499 [Forwarding findElement on session c5bf1d259c068ae76f99adfff79e8f20 to remote] DEBUG org.apache.http.headers  - http-outgoing-67 << HTTP/1.1 200 OK
88499 [Forwarding findElement on session c5bf1d259c068ae76f99adfff79e8f20 to remote] DEBUG org.apache.http.headers  - http-outgoing-67 << HTTP/1.1 200 OK
88499 [Forwarding findElement on session c5bf1d259c068ae76f99adfff79e8f20 to remote] DEBUG org.apache.http.headers  - http-outgoing-67 << Content-Length:101
88499 [Forwarding findElement on session c5bf1d259c068ae76f99adfff79e8f20 to remote] DEBUG org.apache.http.headers  - http-outgoing-67 << Content-Length:101
88499 [Forwarding findElement on session c5bf1d259c068ae76f99adfff79e8f20 to remote] DEBUG org.apache.http.headers  - http-outgoing-67 << Content-Length:101
88499 [Forwarding findElement on session c5bf1d259c068ae76f99adfff79e8f20 to remote] DEBUG org.apache.http.headers  - http-outgoing-67 << Content-Type:application/json; charset=utf-8
88499 [Forwarding findElement on session c5bf1d259c068ae76f99adfff79e8f20 to remote] DEBUG org.apache.http.headers  - http-outgoing-67 << Content-Type:application/json; charset=utf-8
88499 [Forwarding findElement on session c5bf1d259c068ae76f99adfff79e8f20 to remote] DEBUG org.apache.http.headers  - http-outgoing-67 << Content-Type:application/json; charset=utf-8
88499 [Forwarding findElement on session c5bf1d259c068ae76f99adfff79e8f20 to remote] DEBUG org.apache.http.headers  - http-outgoing-67 << Connection:close
88499 [Forwarding findElement on session c5bf1d259c068ae76f99adfff79e8f20 to remote] DEBUG org.apache.http.headers  - http-outgoing-67 << Connection:close
88499 [Forwarding findElement on session c5bf1d259c068ae76f99adfff79e8f20 to remote] DEBUG org.apache.http.headers  - http-outgoing-67 << Connection:close
88499 [Forwarding findElement on session c5bf1d259c068ae76f99adfff79e8f20 to remote] DEBUG org.apache.http.impl.conn.DefaultManagedHttpClientConnection  - http-outgoing-67: Close connection
88499 [Forwarding findElement on session c5bf1d259c068ae76f99adfff79e8f20 to remote] DEBUG org.apache.http.impl.conn.DefaultManagedHttpClientConnection  - http-outgoing-67: Close connection
88499 [Forwarding findElement on session c5bf1d259c068ae76f99adfff79e8f20 to remote] DEBUG org.apache.http.impl.conn.DefaultManagedHttpClientConnection  - http-outgoing-67: Close connection
88499 [Forwarding findElement on session c5bf1d259c068ae76f99adfff79e8f20 to remote] DEBUG org.apache.http.impl.execchain.MainClientExec  - Connection discarded
88499 [Forwarding findElement on session c5bf1d259c068ae76f99adfff79e8f20 to remote] DEBUG org.apache.http.impl.execchain.MainClientExec  - Connection discarded
88499 [Forwarding findElement on session c5bf1d259c068ae76f99adfff79e8f20 to remote] DEBUG org.apache.http.impl.execchain.MainClientExec  - Connection discarded
88499 [Forwarding findElement on session c5bf1d259c068ae76f99adfff79e8f20 to remote] DEBUG org.apache.http.impl.conn.PoolingHttpClientConnectionManager  - Connection released: [id: 67][route: {}->http://localhost:7219][total kept alive: 0; route allocated: 0 of 2000; total allocated: 0 of 2000]
88499 [Forwarding findElement on session c5bf1d259c068ae76f99adfff79e8f20 to remote] DEBUG org.apache.http.impl.conn.PoolingHttpClientConnectionManager  - Connection released: [id: 67][route: {}->http://localhost:7219][total kept alive: 0; route allocated: 0 of 2000; total allocated: 0 of 2000]
88499 [Forwarding findElement on session c5bf1d259c068ae76f99adfff79e8f20 to remote] DEBUG org.apache.http.impl.conn.PoolingHttpClientConnectionManager  - Connection released: [id: 67][route: {}->http://localhost:7219][total kept alive: 0; route allocated: 0 of 2000; total allocated: 0 of 2000]
88504 [Forwarding sendKeysToElement on session c5bf1d259c068ae76f99adfff79e8f20 to remote] DEBUG org.apache.http.client.protocol.RequestAddCookies  - CookieSpec selected: default
88504 [Forwarding sendKeysToElement on session c5bf1d259c068ae76f99adfff79e8f20 to remote] DEBUG org.apache.http.client.protocol.RequestAddCookies  - CookieSpec selected: default
88504 [Forwarding sendKeysToElement on session c5bf1d259c068ae76f99adfff79e8f20 to remote] DEBUG org.apache.http.client.protocol.RequestAddCookies  - CookieSpec selected: default
88505 [Forwarding sendKeysToElement on session c5bf1d259c068ae76f99adfff79e8f20 to remote] DEBUG org.apache.http.client.protocol.RequestAuthCache  - Auth cache not set in the context
88505 [Forwarding sendKeysToElement on session c5bf1d259c068ae76f99adfff79e8f20 to remote] DEBUG org.apache.http.client.protocol.RequestAuthCache  - Auth cache not set in the context
88505 [Forwarding sendKeysToElement on session c5bf1d259c068ae76f99adfff79e8f20 to remote] DEBUG org.apache.http.client.protocol.RequestAuthCache  - Auth cache not set in the context
88505 [Forwarding sendKeysToElement on session c5bf1d259c068ae76f99adfff79e8f20 to remote] DEBUG org.apache.http.impl.conn.PoolingHttpClientConnectionManager  - Connection request: [route: {}->http://localhost:7219][total kept alive: 0; route allocated: 0 of 2000; total allocated: 0 of 2000]
88505 [Forwarding sendKeysToElement on session c5bf1d259c068ae76f99adfff79e8f20 to remote] DEBUG org.apache.http.impl.conn.PoolingHttpClientConnectionManager  - Connection request: [route: {}->http://localhost:7219][total kept alive: 0; route allocated: 0 of 2000; total allocated: 0 of 2000]
88505 [Forwarding sendKeysToElement on session c5bf1d259c068ae76f99adfff79e8f20 to remote] DEBUG org.apache.http.impl.conn.PoolingHttpClientConnectionManager  - Connection request: [route: {}->http://localhost:7219][total kept alive: 0; route allocated: 0 of 2000; total allocated: 0 of 2000]
88505 [Forwarding sendKeysToElement on session c5bf1d259c068ae76f99adfff79e8f20 to remote] DEBUG org.apache.http.impl.conn.PoolingHttpClientConnectionManager  - Connection leased: [id: 68][route: {}->http://localhost:7219][total kept alive: 0; route allocated: 1 of 2000; total allocated: 1 of 2000]
88505 [Forwarding sendKeysToElement on session c5bf1d259c068ae76f99adfff79e8f20 to remote] DEBUG org.apache.http.impl.conn.PoolingHttpClientConnectionManager  - Connection leased: [id: 68][route: {}->http://localhost:7219][total kept alive: 0; route allocated: 1 of 2000; total allocated: 1 of 2000]
88505 [Forwarding sendKeysToElement on session c5bf1d259c068ae76f99adfff79e8f20 to remote] DEBUG org.apache.http.impl.conn.PoolingHttpClientConnectionManager  - Connection leased: [id: 68][route: {}->http://localhost:7219][total kept alive: 0; route allocated: 1 of 2000; total allocated: 1 of 2000]
88505 [Forwarding sendKeysToElement on session c5bf1d259c068ae76f99adfff79e8f20 to remote] DEBUG org.apache.http.impl.execchain.MainClientExec  - Opening connection {}->http://localhost:7219
88505 [Forwarding sendKeysToElement on session c5bf1d259c068ae76f99adfff79e8f20 to remote] DEBUG org.apache.http.impl.execchain.MainClientExec  - Opening connection {}->http://localhost:7219
88505 [Forwarding sendKeysToElement on session c5bf1d259c068ae76f99adfff79e8f20 to remote] DEBUG org.apache.http.impl.execchain.MainClientExec  - Opening connection {}->http://localhost:7219
88506 [Forwarding sendKeysToElement on session c5bf1d259c068ae76f99adfff79e8f20 to remote] DEBUG org.apache.http.impl.conn.DefaultHttpClientConnectionOperator  - Connecting to localhost/127.0.0.1:7219
88506 [Forwarding sendKeysToElement on session c5bf1d259c068ae76f99adfff79e8f20 to remote] DEBUG org.apache.http.impl.conn.DefaultHttpClientConnectionOperator  - Connecting to localhost/127.0.0.1:7219
88506 [Forwarding sendKeysToElement on session c5bf1d259c068ae76f99adfff79e8f20 to remote] DEBUG org.apache.http.impl.conn.DefaultHttpClientConnectionOperator  - Connecting to localhost/127.0.0.1:7219
88507 [Forwarding sendKeysToElement on session c5bf1d259c068ae76f99adfff79e8f20 to remote] DEBUG org.apache.http.impl.conn.DefaultHttpClientConnectionOperator  - Connection established 127.0.0.1:52964<->127.0.0.1:7219
88507 [Forwarding sendKeysToElement on session c5bf1d259c068ae76f99adfff79e8f20 to remote] DEBUG org.apache.http.impl.conn.DefaultHttpClientConnectionOperator  - Connection established 127.0.0.1:52964<->127.0.0.1:7219
88507 [Forwarding sendKeysToElement on session c5bf1d259c068ae76f99adfff79e8f20 to remote] DEBUG org.apache.http.impl.conn.DefaultHttpClientConnectionOperator  - Connection established 127.0.0.1:52964<->127.0.0.1:7219
88507 [Forwarding sendKeysToElement on session c5bf1d259c068ae76f99adfff79e8f20 to remote] DEBUG org.apache.http.impl.conn.DefaultManagedHttpClientConnection  - http-outgoing-68: set socket timeout to 10800000
88507 [Forwarding sendKeysToElement on session c5bf1d259c068ae76f99adfff79e8f20 to remote] DEBUG org.apache.http.impl.conn.DefaultManagedHttpClientConnection  - http-outgoing-68: set socket timeout to 10800000
88507 [Forwarding sendKeysToElement on session c5bf1d259c068ae76f99adfff79e8f20 to remote] DEBUG org.apache.http.impl.conn.DefaultManagedHttpClientConnection  - http-outgoing-68: set socket timeout to 10800000
88508 [Forwarding sendKeysToElement on session c5bf1d259c068ae76f99adfff79e8f20 to remote] DEBUG org.apache.http.impl.execchain.MainClientExec  - Executing request POST /session/c5bf1d259c068ae76f99adfff79e8f20/element/0.413775131091888-1/value HTTP/1.1
88508 [Forwarding sendKeysToElement on session c5bf1d259c068ae76f99adfff79e8f20 to remote] DEBUG org.apache.http.impl.execchain.MainClientExec  - Executing request POST /session/c5bf1d259c068ae76f99adfff79e8f20/element/0.413775131091888-1/value HTTP/1.1
88508 [Forwarding sendKeysToElement on session c5bf1d259c068ae76f99adfff79e8f20 to remote] DEBUG org.apache.http.impl.execchain.MainClientExec  - Executing request POST /session/c5bf1d259c068ae76f99adfff79e8f20/element/0.413775131091888-1/value HTTP/1.1
88508 [Forwarding sendKeysToElement on session c5bf1d259c068ae76f99adfff79e8f20 to remote] DEBUG org.apache.http.impl.execchain.MainClientExec  - Target auth state: UNCHALLENGED
88508 [Forwarding sendKeysToElement on session c5bf1d259c068ae76f99adfff79e8f20 to remote] DEBUG org.apache.http.impl.execchain.MainClientExec  - Target auth state: UNCHALLENGED
88508 [Forwarding sendKeysToElement on session c5bf1d259c068ae76f99adfff79e8f20 to remote] DEBUG org.apache.http.impl.execchain.MainClientExec  - Target auth state: UNCHALLENGED
88508 [Forwarding sendKeysToElement on session c5bf1d259c068ae76f99adfff79e8f20 to remote] DEBUG org.apache.http.impl.execchain.MainClientExec  - Proxy auth state: UNCHALLENGED
88508 [Forwarding sendKeysToElement on session c5bf1d259c068ae76f99adfff79e8f20 to remote] DEBUG org.apache.http.impl.execchain.MainClientExec  - Proxy auth state: UNCHALLENGED
88508 [Forwarding sendKeysToElement on session c5bf1d259c068ae76f99adfff79e8f20 to remote] DEBUG org.apache.http.impl.execchain.MainClientExec  - Proxy auth state: UNCHALLENGED
88508 [Forwarding sendKeysToElement on session c5bf1d259c068ae76f99adfff79e8f20 to remote] DEBUG org.apache.http.headers  - http-outgoing-68 >> POST /session/c5bf1d259c068ae76f99adfff79e8f20/element/0.413775131091888-1/value HTTP/1.1
88508 [Forwarding sendKeysToElement on session c5bf1d259c068ae76f99adfff79e8f20 to remote] DEBUG org.apache.http.headers  - http-outgoing-68 >> POST /session/c5bf1d259c068ae76f99adfff79e8f20/element/0.413775131091888-1/value HTTP/1.1
88508 [Forwarding sendKeysToElement on session c5bf1d259c068ae76f99adfff79e8f20 to remote] DEBUG org.apache.http.headers  - http-outgoing-68 >> POST /session/c5bf1d259c068ae76f99adfff79e8f20/element/0.413775131091888-1/value HTTP/1.1
88508 [Forwarding sendKeysToElement on session c5bf1d259c068ae76f99adfff79e8f20 to remote] DEBUG org.apache.http.headers  - http-outgoing-68 >> Content-Type: application/json; charset=utf-8
88508 [Forwarding sendKeysToElement on session c5bf1d259c068ae76f99adfff79e8f20 to remote] DEBUG org.apache.http.headers  - http-outgoing-68 >> Content-Type: application/json; charset=utf-8
88508 [Forwarding sendKeysToElement on session c5bf1d259c068ae76f99adfff79e8f20 to remote] DEBUG org.apache.http.headers  - http-outgoing-68 >> Content-Type: application/json; charset=utf-8
88508 [Forwarding sendKeysToElement on session c5bf1d259c068ae76f99adfff79e8f20 to remote] DEBUG org.apache.http.headers  - http-outgoing-68 >> Content-Length: 61
88508 [Forwarding sendKeysToElement on session c5bf1d259c068ae76f99adfff79e8f20 to remote] DEBUG org.apache.http.headers  - http-outgoing-68 >> Content-Length: 61
88508 [Forwarding sendKeysToElement on session c5bf1d259c068ae76f99adfff79e8f20 to remote] DEBUG org.apache.http.headers  - http-outgoing-68 >> Content-Length: 61
88508 [Forwarding sendKeysToElement on session c5bf1d259c068ae76f99adfff79e8f20 to remote] DEBUG org.apache.http.headers  - http-outgoing-68 >> Host: localhost:7219
88508 [Forwarding sendKeysToElement on session c5bf1d259c068ae76f99adfff79e8f20 to remote] DEBUG org.apache.http.headers  - http-outgoing-68 >> Host: localhost:7219
88508 [Forwarding sendKeysToElement on session c5bf1d259c068ae76f99adfff79e8f20 to remote] DEBUG org.apache.http.headers  - http-outgoing-68 >> Host: localhost:7219
88508 [Forwarding sendKeysToElement on session c5bf1d259c068ae76f99adfff79e8f20 to remote] DEBUG org.apache.http.headers  - http-outgoing-68 >> Connection: Keep-Alive
88508 [Forwarding sendKeysToElement on session c5bf1d259c068ae76f99adfff79e8f20 to remote] DEBUG org.apache.http.headers  - http-outgoing-68 >> Connection: Keep-Alive
88508 [Forwarding sendKeysToElement on session c5bf1d259c068ae76f99adfff79e8f20 to remote] DEBUG org.apache.http.headers  - http-outgoing-68 >> Connection: Keep-Alive
88508 [Forwarding sendKeysToElement on session c5bf1d259c068ae76f99adfff79e8f20 to remote] DEBUG org.apache.http.headers  - http-outgoing-68 >> User-Agent: Apache-HttpClient/4.5.2 (Java/1.8.0_91)
88508 [Forwarding sendKeysToElement on session c5bf1d259c068ae76f99adfff79e8f20 to remote] DEBUG org.apache.http.headers  - http-outgoing-68 >> User-Agent: Apache-HttpClient/4.5.2 (Java/1.8.0_91)
88508 [Forwarding sendKeysToElement on session c5bf1d259c068ae76f99adfff79e8f20 to remote] DEBUG org.apache.http.headers  - http-outgoing-68 >> User-Agent: Apache-HttpClient/4.5.2 (Java/1.8.0_91)
88508 [Forwarding sendKeysToElement on session c5bf1d259c068ae76f99adfff79e8f20 to remote] DEBUG org.apache.http.headers  - http-outgoing-68 >> Accept-Encoding: gzip,deflate
88508 [Forwarding sendKeysToElement on session c5bf1d259c068ae76f99adfff79e8f20 to remote] DEBUG org.apache.http.headers  - http-outgoing-68 >> Accept-Encoding: gzip,deflate
88508 [Forwarding sendKeysToElement on session c5bf1d259c068ae76f99adfff79e8f20 to remote] DEBUG org.apache.http.headers  - http-outgoing-68 >> Accept-Encoding: gzip,deflate
88508 [Forwarding sendKeysToElement on session c5bf1d259c068ae76f99adfff79e8f20 to remote] DEBUG org.apache.http.wire  - http-outgoing-68 >> "POST /session/c5bf1d259c068ae76f99adfff79e8f20/element/0.413775131091888-1/value HTTP/1.1[\r][\n]"
88508 [Forwarding sendKeysToElement on session c5bf1d259c068ae76f99adfff79e8f20 to remote] DEBUG org.apache.http.wire  - http-outgoing-68 >> "POST /session/c5bf1d259c068ae76f99adfff79e8f20/element/0.413775131091888-1/value HTTP/1.1[\r][\n]"
88508 [Forwarding sendKeysToElement on session c5bf1d259c068ae76f99adfff79e8f20 to remote] DEBUG org.apache.http.wire  - http-outgoing-68 >> "POST /session/c5bf1d259c068ae76f99adfff79e8f20/element/0.413775131091888-1/value HTTP/1.1[\r][\n]"
88508 [Forwarding sendKeysToElement on session c5bf1d259c068ae76f99adfff79e8f20 to remote] DEBUG org.apache.http.wire  - http-outgoing-68 >> "Content-Type: application/json; charset=utf-8[\r][\n]"
88508 [Forwarding sendKeysToElement on session c5bf1d259c068ae76f99adfff79e8f20 to remote] DEBUG org.apache.http.wire  - http-outgoing-68 >> "Content-Type: application/json; charset=utf-8[\r][\n]"
88508 [Forwarding sendKeysToElement on session c5bf1d259c068ae76f99adfff79e8f20 to remote] DEBUG org.apache.http.wire  - http-outgoing-68 >> "Content-Type: application/json; charset=utf-8[\r][\n]"
88508 [Forwarding sendKeysToElement on session c5bf1d259c068ae76f99adfff79e8f20 to remote] DEBUG org.apache.http.wire  - http-outgoing-68 >> "Content-Length: 61[\r][\n]"
88508 [Forwarding sendKeysToElement on session c5bf1d259c068ae76f99adfff79e8f20 to remote] DEBUG org.apache.http.wire  - http-outgoing-68 >> "Content-Length: 61[\r][\n]"
88508 [Forwarding sendKeysToElement on session c5bf1d259c068ae76f99adfff79e8f20 to remote] DEBUG org.apache.http.wire  - http-outgoing-68 >> "Content-Length: 61[\r][\n]"
88508 [Forwarding sendKeysToElement on session c5bf1d259c068ae76f99adfff79e8f20 to remote] DEBUG org.apache.http.wire  - http-outgoing-68 >> "Host: localhost:7219[\r][\n]"
88508 [Forwarding sendKeysToElement on session c5bf1d259c068ae76f99adfff79e8f20 to remote] DEBUG org.apache.http.wire  - http-outgoing-68 >> "Host: localhost:7219[\r][\n]"
88508 [Forwarding sendKeysToElement on session c5bf1d259c068ae76f99adfff79e8f20 to remote] DEBUG org.apache.http.wire  - http-outgoing-68 >> "Host: localhost:7219[\r][\n]"
88508 [Forwarding sendKeysToElement on session c5bf1d259c068ae76f99adfff79e8f20 to remote] DEBUG org.apache.http.wire  - http-outgoing-68 >> "Connection: Keep-Alive[\r][\n]"
88508 [Forwarding sendKeysToElement on session c5bf1d259c068ae76f99adfff79e8f20 to remote] DEBUG org.apache.http.wire  - http-outgoing-68 >> "Connection: Keep-Alive[\r][\n]"
88508 [Forwarding sendKeysToElement on session c5bf1d259c068ae76f99adfff79e8f20 to remote] DEBUG org.apache.http.wire  - http-outgoing-68 >> "Connection: Keep-Alive[\r][\n]"
88508 [Forwarding sendKeysToElement on session c5bf1d259c068ae76f99adfff79e8f20 to remote] DEBUG org.apache.http.wire  - http-outgoing-68 >> "User-Agent: Apache-HttpClient/4.5.2 (Java/1.8.0_91)[\r][\n]"
88508 [Forwarding sendKeysToElement on session c5bf1d259c068ae76f99adfff79e8f20 to remote] DEBUG org.apache.http.wire  - http-outgoing-68 >> "User-Agent: Apache-HttpClient/4.5.2 (Java/1.8.0_91)[\r][\n]"
88508 [Forwarding sendKeysToElement on session c5bf1d259c068ae76f99adfff79e8f20 to remote] DEBUG org.apache.http.wire  - http-outgoing-68 >> "User-Agent: Apache-HttpClient/4.5.2 (Java/1.8.0_91)[\r][\n]"
88508 [Forwarding sendKeysToElement on session c5bf1d259c068ae76f99adfff79e8f20 to remote] DEBUG org.apache.http.wire  - http-outgoing-68 >> "Accept-Encoding: gzip,deflate[\r][\n]"
88508 [Forwarding sendKeysToElement on session c5bf1d259c068ae76f99adfff79e8f20 to remote] DEBUG org.apache.http.wire  - http-outgoing-68 >> "Accept-Encoding: gzip,deflate[\r][\n]"
88508 [Forwarding sendKeysToElement on session c5bf1d259c068ae76f99adfff79e8f20 to remote] DEBUG org.apache.http.wire  - http-outgoing-68 >> "Accept-Encoding: gzip,deflate[\r][\n]"
88508 [Forwarding sendKeysToElement on session c5bf1d259c068ae76f99adfff79e8f20 to remote] DEBUG org.apache.http.wire  - http-outgoing-68 >> "[\r][\n]"
88508 [Forwarding sendKeysToElement on session c5bf1d259c068ae76f99adfff79e8f20 to remote] DEBUG org.apache.http.wire  - http-outgoing-68 >> "[\r][\n]"
88508 [Forwarding sendKeysToElement on session c5bf1d259c068ae76f99adfff79e8f20 to remote] DEBUG org.apache.http.wire  - http-outgoing-68 >> "[\r][\n]"
88508 [Forwarding sendKeysToElement on session c5bf1d259c068ae76f99adfff79e8f20 to remote] DEBUG org.apache.http.wire  - http-outgoing-68 >> "{"id":"0.413775131091888-1","value":["shartbutts@gmail.com"]}"
88508 [Forwarding sendKeysToElement on session c5bf1d259c068ae76f99adfff79e8f20 to remote] DEBUG org.apache.http.wire  - http-outgoing-68 >> "{"id":"0.413775131091888-1","value":["shartbutts@gmail.com"]}"
88508 [Forwarding sendKeysToElement on session c5bf1d259c068ae76f99adfff79e8f20 to remote] DEBUG org.apache.http.wire  - http-outgoing-68 >> "{"id":"0.413775131091888-1","value":["shartbutts@gmail.com"]}"
88607 [Forwarding sendKeysToElement on session c5bf1d259c068ae76f99adfff79e8f20 to remote] DEBUG org.apache.http.wire  - http-outgoing-68 << "HTTP/1.1 200 OK[\r][\n]"
88607 [Forwarding sendKeysToElement on session c5bf1d259c068ae76f99adfff79e8f20 to remote] DEBUG org.apache.http.wire  - http-outgoing-68 << "HTTP/1.1 200 OK[\r][\n]"
88607 [Forwarding sendKeysToElement on session c5bf1d259c068ae76f99adfff79e8f20 to remote] DEBUG org.apache.http.wire  - http-outgoing-68 << "HTTP/1.1 200 OK[\r][\n]"
88607 [Forwarding sendKeysToElement on session c5bf1d259c068ae76f99adfff79e8f20 to remote] DEBUG org.apache.http.wire  - http-outgoing-68 << "Content-Length:72[\r][\n]"
88607 [Forwarding sendKeysToElement on session c5bf1d259c068ae76f99adfff79e8f20 to remote] DEBUG org.apache.http.wire  - http-outgoing-68 << "Content-Length:72[\r][\n]"
88607 [Forwarding sendKeysToElement on session c5bf1d259c068ae76f99adfff79e8f20 to remote] DEBUG org.apache.http.wire  - http-outgoing-68 << "Content-Length:72[\r][\n]"
88607 [Forwarding sendKeysToElement on session c5bf1d259c068ae76f99adfff79e8f20 to remote] DEBUG org.apache.http.wire  - http-outgoing-68 << "Content-Type:application/json; charset=utf-8[\r][\n]"
88607 [Forwarding sendKeysToElement on session c5bf1d259c068ae76f99adfff79e8f20 to remote] DEBUG org.apache.http.wire  - http-outgoing-68 << "Content-Type:application/json; charset=utf-8[\r][\n]"
88607 [Forwarding sendKeysToElement on session c5bf1d259c068ae76f99adfff79e8f20 to remote] DEBUG org.apache.http.wire  - http-outgoing-68 << "Content-Type:application/json; charset=utf-8[\r][\n]"
88607 [Forwarding sendKeysToElement on session c5bf1d259c068ae76f99adfff79e8f20 to remote] DEBUG org.apache.http.wire  - http-outgoing-68 << "Connection:close[\r][\n]"
88607 [Forwarding sendKeysToElement on session c5bf1d259c068ae76f99adfff79e8f20 to remote] DEBUG org.apache.http.wire  - http-outgoing-68 << "Connection:close[\r][\n]"
88607 [Forwarding sendKeysToElement on session c5bf1d259c068ae76f99adfff79e8f20 to remote] DEBUG org.apache.http.wire  - http-outgoing-68 << "Connection:close[\r][\n]"
88607 [Forwarding sendKeysToElement on session c5bf1d259c068ae76f99adfff79e8f20 to remote] DEBUG org.apache.http.wire  - http-outgoing-68 << "[\r][\n]"
88607 [Forwarding sendKeysToElement on session c5bf1d259c068ae76f99adfff79e8f20 to remote] DEBUG org.apache.http.wire  - http-outgoing-68 << "[\r][\n]"
88607 [Forwarding sendKeysToElement on session c5bf1d259c068ae76f99adfff79e8f20 to remote] DEBUG org.apache.http.wire  - http-outgoing-68 << "[\r][\n]"
88607 [Forwarding sendKeysToElement on session c5bf1d259c068ae76f99adfff79e8f20 to remote] DEBUG org.apache.http.wire  - http-outgoing-68 << "{"sessionId":"c5bf1d259c068ae76f99adfff79e8f20","status":0,"value":null}"
88607 [Forwarding sendKeysToElement on session c5bf1d259c068ae76f99adfff79e8f20 to remote] DEBUG org.apache.http.wire  - http-outgoing-68 << "{"sessionId":"c5bf1d259c068ae76f99adfff79e8f20","status":0,"value":null}"
88607 [Forwarding sendKeysToElement on session c5bf1d259c068ae76f99adfff79e8f20 to remote] DEBUG org.apache.http.wire  - http-outgoing-68 << "{"sessionId":"c5bf1d259c068ae76f99adfff79e8f20","status":0,"value":null}"
88607 [Forwarding sendKeysToElement on session c5bf1d259c068ae76f99adfff79e8f20 to remote] DEBUG org.apache.http.headers  - http-outgoing-68 << HTTP/1.1 200 OK
88607 [Forwarding sendKeysToElement on session c5bf1d259c068ae76f99adfff79e8f20 to remote] DEBUG org.apache.http.headers  - http-outgoing-68 << HTTP/1.1 200 OK
88607 [Forwarding sendKeysToElement on session c5bf1d259c068ae76f99adfff79e8f20 to remote] DEBUG org.apache.http.headers  - http-outgoing-68 << HTTP/1.1 200 OK
88607 [Forwarding sendKeysToElement on session c5bf1d259c068ae76f99adfff79e8f20 to remote] DEBUG org.apache.http.headers  - http-outgoing-68 << Content-Length:72
88607 [Forwarding sendKeysToElement on session c5bf1d259c068ae76f99adfff79e8f20 to remote] DEBUG org.apache.http.headers  - http-outgoing-68 << Content-Length:72
88607 [Forwarding sendKeysToElement on session c5bf1d259c068ae76f99adfff79e8f20 to remote] DEBUG org.apache.http.headers  - http-outgoing-68 << Content-Length:72
88608 [Forwarding sendKeysToElement on session c5bf1d259c068ae76f99adfff79e8f20 to remote] DEBUG org.apache.http.headers  - http-outgoing-68 << Content-Type:application/json; charset=utf-8
88608 [Forwarding sendKeysToElement on session c5bf1d259c068ae76f99adfff79e8f20 to remote] DEBUG org.apache.http.headers  - http-outgoing-68 << Content-Type:application/json; charset=utf-8
88608 [Forwarding sendKeysToElement on session c5bf1d259c068ae76f99adfff79e8f20 to remote] DEBUG org.apache.http.headers  - http-outgoing-68 << Content-Type:application/json; charset=utf-8
88608 [Forwarding sendKeysToElement on session c5bf1d259c068ae76f99adfff79e8f20 to remote] DEBUG org.apache.http.headers  - http-outgoing-68 << Connection:close
88608 [Forwarding sendKeysToElement on session c5bf1d259c068ae76f99adfff79e8f20 to remote] DEBUG org.apache.http.headers  - http-outgoing-68 << Connection:close
88608 [Forwarding sendKeysToElement on session c5bf1d259c068ae76f99adfff79e8f20 to remote] DEBUG org.apache.http.headers  - http-outgoing-68 << Connection:close
88608 [Forwarding sendKeysToElement on session c5bf1d259c068ae76f99adfff79e8f20 to remote] DEBUG org.apache.http.impl.conn.DefaultManagedHttpClientConnection  - http-outgoing-68: Close connection
88608 [Forwarding sendKeysToElement on session c5bf1d259c068ae76f99adfff79e8f20 to remote] DEBUG org.apache.http.impl.conn.DefaultManagedHttpClientConnection  - http-outgoing-68: Close connection
88608 [Forwarding sendKeysToElement on session c5bf1d259c068ae76f99adfff79e8f20 to remote] DEBUG org.apache.http.impl.conn.DefaultManagedHttpClientConnection  - http-outgoing-68: Close connection
88608 [Forwarding sendKeysToElement on session c5bf1d259c068ae76f99adfff79e8f20 to remote] DEBUG org.apache.http.impl.execchain.MainClientExec  - Connection discarded
88608 [Forwarding sendKeysToElement on session c5bf1d259c068ae76f99adfff79e8f20 to remote] DEBUG org.apache.http.impl.execchain.MainClientExec  - Connection discarded
88608 [Forwarding sendKeysToElement on session c5bf1d259c068ae76f99adfff79e8f20 to remote] DEBUG org.apache.http.impl.execchain.MainClientExec  - Connection discarded
88608 [Forwarding sendKeysToElement on session c5bf1d259c068ae76f99adfff79e8f20 to remote] DEBUG org.apache.http.impl.conn.PoolingHttpClientConnectionManager  - Connection released: [id: 68][route: {}->http://localhost:7219][total kept alive: 0; route allocated: 0 of 2000; total allocated: 0 of 2000]
88608 [Forwarding sendKeysToElement on session c5bf1d259c068ae76f99adfff79e8f20 to remote] DEBUG org.apache.http.impl.conn.PoolingHttpClientConnectionManager  - Connection released: [id: 68][route: {}->http://localhost:7219][total kept alive: 0; route allocated: 0 of 2000; total allocated: 0 of 2000]
88608 [Forwarding sendKeysToElement on session c5bf1d259c068ae76f99adfff79e8f20 to remote] DEBUG org.apache.http.impl.conn.PoolingHttpClientConnectionManager  - Connection released: [id: 68][route: {}->http://localhost:7219][total kept alive: 0; route allocated: 0 of 2000; total allocated: 0 of 2000]
88609 [Forwarding findElement on session c5bf1d259c068ae76f99adfff79e8f20 to remote] DEBUG org.apache.http.client.protocol.RequestAddCookies  - CookieSpec selected: default
88609 [Forwarding findElement on session c5bf1d259c068ae76f99adfff79e8f20 to remote] DEBUG org.apache.http.client.protocol.RequestAddCookies  - CookieSpec selected: default
88609 [Forwarding findElement on session c5bf1d259c068ae76f99adfff79e8f20 to remote] DEBUG org.apache.http.client.protocol.RequestAddCookies  - CookieSpec selected: default
88610 [Forwarding findElement on session c5bf1d259c068ae76f99adfff79e8f20 to remote] DEBUG org.apache.http.client.protocol.RequestAuthCache  - Auth cache not set in the context
88610 [Forwarding findElement on session c5bf1d259c068ae76f99adfff79e8f20 to remote] DEBUG org.apache.http.client.protocol.RequestAuthCache  - Auth cache not set in the context
88610 [Forwarding findElement on session c5bf1d259c068ae76f99adfff79e8f20 to remote] DEBUG org.apache.http.client.protocol.RequestAuthCache  - Auth cache not set in the context
88610 [Forwarding findElement on session c5bf1d259c068ae76f99adfff79e8f20 to remote] DEBUG org.apache.http.impl.conn.PoolingHttpClientConnectionManager  - Connection request: [route: {}->http://localhost:7219][total kept alive: 0; route allocated: 0 of 2000; total allocated: 0 of 2000]
88610 [Forwarding findElement on session c5bf1d259c068ae76f99adfff79e8f20 to remote] DEBUG org.apache.http.impl.conn.PoolingHttpClientConnectionManager  - Connection request: [route: {}->http://localhost:7219][total kept alive: 0; route allocated: 0 of 2000; total allocated: 0 of 2000]
88610 [Forwarding findElement on session c5bf1d259c068ae76f99adfff79e8f20 to remote] DEBUG org.apache.http.impl.conn.PoolingHttpClientConnectionManager  - Connection request: [route: {}->http://localhost:7219][total kept alive: 0; route allocated: 0 of 2000; total allocated: 0 of 2000]
88610 [Forwarding findElement on session c5bf1d259c068ae76f99adfff79e8f20 to remote] DEBUG org.apache.http.impl.conn.PoolingHttpClientConnectionManager  - Connection leased: [id: 69][route: {}->http://localhost:7219][total kept alive: 0; route allocated: 1 of 2000; total allocated: 1 of 2000]
88610 [Forwarding findElement on session c5bf1d259c068ae76f99adfff79e8f20 to remote] DEBUG org.apache.http.impl.conn.PoolingHttpClientConnectionManager  - Connection leased: [id: 69][route: {}->http://localhost:7219][total kept alive: 0; route allocated: 1 of 2000; total allocated: 1 of 2000]
88610 [Forwarding findElement on session c5bf1d259c068ae76f99adfff79e8f20 to remote] DEBUG org.apache.http.impl.conn.PoolingHttpClientConnectionManager  - Connection leased: [id: 69][route: {}->http://localhost:7219][total kept alive: 0; route allocated: 1 of 2000; total allocated: 1 of 2000]
88610 [Forwarding findElement on session c5bf1d259c068ae76f99adfff79e8f20 to remote] DEBUG org.apache.http.impl.execchain.MainClientExec  - Opening connection {}->http://localhost:7219
88610 [Forwarding findElement on session c5bf1d259c068ae76f99adfff79e8f20 to remote] DEBUG org.apache.http.impl.execchain.MainClientExec  - Opening connection {}->http://localhost:7219
88610 [Forwarding findElement on session c5bf1d259c068ae76f99adfff79e8f20 to remote] DEBUG org.apache.http.impl.execchain.MainClientExec  - Opening connection {}->http://localhost:7219
88610 [Forwarding findElement on session c5bf1d259c068ae76f99adfff79e8f20 to remote] DEBUG org.apache.http.impl.conn.DefaultHttpClientConnectionOperator  - Connecting to localhost/127.0.0.1:7219
88610 [Forwarding findElement on session c5bf1d259c068ae76f99adfff79e8f20 to remote] DEBUG org.apache.http.impl.conn.DefaultHttpClientConnectionOperator  - Connecting to localhost/127.0.0.1:7219
88610 [Forwarding findElement on session c5bf1d259c068ae76f99adfff79e8f20 to remote] DEBUG org.apache.http.impl.conn.DefaultHttpClientConnectionOperator  - Connecting to localhost/127.0.0.1:7219
88611 [Forwarding findElement on session c5bf1d259c068ae76f99adfff79e8f20 to remote] DEBUG org.apache.http.impl.conn.DefaultHttpClientConnectionOperator  - Connection established 127.0.0.1:52966<->127.0.0.1:7219
88611 [Forwarding findElement on session c5bf1d259c068ae76f99adfff79e8f20 to remote] DEBUG org.apache.http.impl.conn.DefaultHttpClientConnectionOperator  - Connection established 127.0.0.1:52966<->127.0.0.1:7219
88611 [Forwarding findElement on session c5bf1d259c068ae76f99adfff79e8f20 to remote] DEBUG org.apache.http.impl.conn.DefaultHttpClientConnectionOperator  - Connection established 127.0.0.1:52966<->127.0.0.1:7219
88611 [Forwarding findElement on session c5bf1d259c068ae76f99adfff79e8f20 to remote] DEBUG org.apache.http.impl.conn.DefaultManagedHttpClientConnection  - http-outgoing-69: set socket timeout to 10800000
88611 [Forwarding findElement on session c5bf1d259c068ae76f99adfff79e8f20 to remote] DEBUG org.apache.http.impl.conn.DefaultManagedHttpClientConnection  - http-outgoing-69: set socket timeout to 10800000
88611 [Forwarding findElement on session c5bf1d259c068ae76f99adfff79e8f20 to remote] DEBUG org.apache.http.impl.conn.DefaultManagedHttpClientConnection  - http-outgoing-69: set socket timeout to 10800000
88611 [Forwarding findElement on session c5bf1d259c068ae76f99adfff79e8f20 to remote] DEBUG org.apache.http.impl.execchain.MainClientExec  - Executing request POST /session/c5bf1d259c068ae76f99adfff79e8f20/element HTTP/1.1
88611 [Forwarding findElement on session c5bf1d259c068ae76f99adfff79e8f20 to remote] DEBUG org.apache.http.impl.execchain.MainClientExec  - Executing request POST /session/c5bf1d259c068ae76f99adfff79e8f20/element HTTP/1.1
88611 [Forwarding findElement on session c5bf1d259c068ae76f99adfff79e8f20 to remote] DEBUG org.apache.http.impl.execchain.MainClientExec  - Executing request POST /session/c5bf1d259c068ae76f99adfff79e8f20/element HTTP/1.1
88611 [Forwarding findElement on session c5bf1d259c068ae76f99adfff79e8f20 to remote] DEBUG org.apache.http.impl.execchain.MainClientExec  - Target auth state: UNCHALLENGED
88611 [Forwarding findElement on session c5bf1d259c068ae76f99adfff79e8f20 to remote] DEBUG org.apache.http.impl.execchain.MainClientExec  - Target auth state: UNCHALLENGED
88611 [Forwarding findElement on session c5bf1d259c068ae76f99adfff79e8f20 to remote] DEBUG org.apache.http.impl.execchain.MainClientExec  - Target auth state: UNCHALLENGED
88611 [Forwarding findElement on session c5bf1d259c068ae76f99adfff79e8f20 to remote] DEBUG org.apache.http.impl.execchain.MainClientExec  - Proxy auth state: UNCHALLENGED
88611 [Forwarding findElement on session c5bf1d259c068ae76f99adfff79e8f20 to remote] DEBUG org.apache.http.impl.execchain.MainClientExec  - Proxy auth state: UNCHALLENGED
88611 [Forwarding findElement on session c5bf1d259c068ae76f99adfff79e8f20 to remote] DEBUG org.apache.http.impl.execchain.MainClientExec  - Proxy auth state: UNCHALLENGED
88611 [Forwarding findElement on session c5bf1d259c068ae76f99adfff79e8f20 to remote] DEBUG org.apache.http.headers  - http-outgoing-69 >> POST /session/c5bf1d259c068ae76f99adfff79e8f20/element HTTP/1.1
88611 [Forwarding findElement on session c5bf1d259c068ae76f99adfff79e8f20 to remote] DEBUG org.apache.http.headers  - http-outgoing-69 >> POST /session/c5bf1d259c068ae76f99adfff79e8f20/element HTTP/1.1
88611 [Forwarding findElement on session c5bf1d259c068ae76f99adfff79e8f20 to remote] DEBUG org.apache.http.headers  - http-outgoing-69 >> POST /session/c5bf1d259c068ae76f99adfff79e8f20/element HTTP/1.1
88611 [Forwarding findElement on session c5bf1d259c068ae76f99adfff79e8f20 to remote] DEBUG org.apache.http.headers  - http-outgoing-69 >> Content-Type: application/json; charset=utf-8
88611 [Forwarding findElement on session c5bf1d259c068ae76f99adfff79e8f20 to remote] DEBUG org.apache.http.headers  - http-outgoing-69 >> Content-Type: application/json; charset=utf-8
88611 [Forwarding findElement on session c5bf1d259c068ae76f99adfff79e8f20 to remote] DEBUG org.apache.http.headers  - http-outgoing-69 >> Content-Type: application/json; charset=utf-8
88612 [Forwarding findElement on session c5bf1d259c068ae76f99adfff79e8f20 to remote] DEBUG org.apache.http.headers  - http-outgoing-69 >> Content-Length: 44
88612 [Forwarding findElement on session c5bf1d259c068ae76f99adfff79e8f20 to remote] DEBUG org.apache.http.headers  - http-outgoing-69 >> Content-Length: 44
88612 [Forwarding findElement on session c5bf1d259c068ae76f99adfff79e8f20 to remote] DEBUG org.apache.http.headers  - http-outgoing-69 >> Content-Length: 44
88612 [Forwarding findElement on session c5bf1d259c068ae76f99adfff79e8f20 to remote] DEBUG org.apache.http.headers  - http-outgoing-69 >> Host: localhost:7219
88612 [Forwarding findElement on session c5bf1d259c068ae76f99adfff79e8f20 to remote] DEBUG org.apache.http.headers  - http-outgoing-69 >> Host: localhost:7219
88612 [Forwarding findElement on session c5bf1d259c068ae76f99adfff79e8f20 to remote] DEBUG org.apache.http.headers  - http-outgoing-69 >> Host: localhost:7219
88612 [Forwarding findElement on session c5bf1d259c068ae76f99adfff79e8f20 to remote] DEBUG org.apache.http.headers  - http-outgoing-69 >> Connection: Keep-Alive
88612 [Forwarding findElement on session c5bf1d259c068ae76f99adfff79e8f20 to remote] DEBUG org.apache.http.headers  - http-outgoing-69 >> Connection: Keep-Alive
88612 [Forwarding findElement on session c5bf1d259c068ae76f99adfff79e8f20 to remote] DEBUG org.apache.http.headers  - http-outgoing-69 >> Connection: Keep-Alive
88612 [Forwarding findElement on session c5bf1d259c068ae76f99adfff79e8f20 to remote] DEBUG org.apache.http.headers  - http-outgoing-69 >> User-Agent: Apache-HttpClient/4.5.2 (Java/1.8.0_91)
88612 [Forwarding findElement on session c5bf1d259c068ae76f99adfff79e8f20 to remote] DEBUG org.apache.http.headers  - http-outgoing-69 >> User-Agent: Apache-HttpClient/4.5.2 (Java/1.8.0_91)
88612 [Forwarding findElement on session c5bf1d259c068ae76f99adfff79e8f20 to remote] DEBUG org.apache.http.headers  - http-outgoing-69 >> User-Agent: Apache-HttpClient/4.5.2 (Java/1.8.0_91)
88612 [Forwarding findElement on session c5bf1d259c068ae76f99adfff79e8f20 to remote] DEBUG org.apache.http.headers  - http-outgoing-69 >> Accept-Encoding: gzip,deflate
88612 [Forwarding findElement on session c5bf1d259c068ae76f99adfff79e8f20 to remote] DEBUG org.apache.http.headers  - http-outgoing-69 >> Accept-Encoding: gzip,deflate
88612 [Forwarding findElement on session c5bf1d259c068ae76f99adfff79e8f20 to remote] DEBUG org.apache.http.headers  - http-outgoing-69 >> Accept-Encoding: gzip,deflate
88612 [Forwarding findElement on session c5bf1d259c068ae76f99adfff79e8f20 to remote] DEBUG org.apache.http.wire  - http-outgoing-69 >> "POST /session/c5bf1d259c068ae76f99adfff79e8f20/element HTTP/1.1[\r][\n]"
88612 [Forwarding findElement on session c5bf1d259c068ae76f99adfff79e8f20 to remote] DEBUG org.apache.http.wire  - http-outgoing-69 >> "POST /session/c5bf1d259c068ae76f99adfff79e8f20/element HTTP/1.1[\r][\n]"
88612 [Forwarding findElement on session c5bf1d259c068ae76f99adfff79e8f20 to remote] DEBUG org.apache.http.wire  - http-outgoing-69 >> "POST /session/c5bf1d259c068ae76f99adfff79e8f20/element HTTP/1.1[\r][\n]"
88612 [Forwarding findElement on session c5bf1d259c068ae76f99adfff79e8f20 to remote] DEBUG org.apache.http.wire  - http-outgoing-69 >> "Content-Type: application/json; charset=utf-8[\r][\n]"
88612 [Forwarding findElement on session c5bf1d259c068ae76f99adfff79e8f20 to remote] DEBUG org.apache.http.wire  - http-outgoing-69 >> "Content-Type: application/json; charset=utf-8[\r][\n]"
88612 [Forwarding findElement on session c5bf1d259c068ae76f99adfff79e8f20 to remote] DEBUG org.apache.http.wire  - http-outgoing-69 >> "Content-Type: application/json; charset=utf-8[\r][\n]"
88612 [Forwarding findElement on session c5bf1d259c068ae76f99adfff79e8f20 to remote] DEBUG org.apache.http.wire  - http-outgoing-69 >> "Content-Length: 44[\r][\n]"
88612 [Forwarding findElement on session c5bf1d259c068ae76f99adfff79e8f20 to remote] DEBUG org.apache.http.wire  - http-outgoing-69 >> "Content-Length: 44[\r][\n]"
88612 [Forwarding findElement on session c5bf1d259c068ae76f99adfff79e8f20 to remote] DEBUG org.apache.http.wire  - http-outgoing-69 >> "Content-Length: 44[\r][\n]"
88612 [Forwarding findElement on session c5bf1d259c068ae76f99adfff79e8f20 to remote] DEBUG org.apache.http.wire  - http-outgoing-69 >> "Host: localhost:7219[\r][\n]"
88612 [Forwarding findElement on session c5bf1d259c068ae76f99adfff79e8f20 to remote] DEBUG org.apache.http.wire  - http-outgoing-69 >> "Host: localhost:7219[\r][\n]"
88612 [Forwarding findElement on session c5bf1d259c068ae76f99adfff79e8f20 to remote] DEBUG org.apache.http.wire  - http-outgoing-69 >> "Host: localhost:7219[\r][\n]"
88612 [Forwarding findElement on session c5bf1d259c068ae76f99adfff79e8f20 to remote] DEBUG org.apache.http.wire  - http-outgoing-69 >> "Connection: Keep-Alive[\r][\n]"
88612 [Forwarding findElement on session c5bf1d259c068ae76f99adfff79e8f20 to remote] DEBUG org.apache.http.wire  - http-outgoing-69 >> "Connection: Keep-Alive[\r][\n]"
88612 [Forwarding findElement on session c5bf1d259c068ae76f99adfff79e8f20 to remote] DEBUG org.apache.http.wire  - http-outgoing-69 >> "Connection: Keep-Alive[\r][\n]"
88612 [Forwarding findElement on session c5bf1d259c068ae76f99adfff79e8f20 to remote] DEBUG org.apache.http.wire  - http-outgoing-69 >> "User-Agent: Apache-HttpClient/4.5.2 (Java/1.8.0_91)[\r][\n]"
88612 [Forwarding findElement on session c5bf1d259c068ae76f99adfff79e8f20 to remote] DEBUG org.apache.http.wire  - http-outgoing-69 >> "User-Agent: Apache-HttpClient/4.5.2 (Java/1.8.0_91)[\r][\n]"
88612 [Forwarding findElement on session c5bf1d259c068ae76f99adfff79e8f20 to remote] DEBUG org.apache.http.wire  - http-outgoing-69 >> "User-Agent: Apache-HttpClient/4.5.2 (Java/1.8.0_91)[\r][\n]"
88612 [Forwarding findElement on session c5bf1d259c068ae76f99adfff79e8f20 to remote] DEBUG org.apache.http.wire  - http-outgoing-69 >> "Accept-Encoding: gzip,deflate[\r][\n]"
88612 [Forwarding findElement on session c5bf1d259c068ae76f99adfff79e8f20 to remote] DEBUG org.apache.http.wire  - http-outgoing-69 >> "Accept-Encoding: gzip,deflate[\r][\n]"
88612 [Forwarding findElement on session c5bf1d259c068ae76f99adfff79e8f20 to remote] DEBUG org.apache.http.wire  - http-outgoing-69 >> "Accept-Encoding: gzip,deflate[\r][\n]"
88612 [Forwarding findElement on session c5bf1d259c068ae76f99adfff79e8f20 to remote] DEBUG org.apache.http.wire  - http-outgoing-69 >> "[\r][\n]"
88612 [Forwarding findElement on session c5bf1d259c068ae76f99adfff79e8f20 to remote] DEBUG org.apache.http.wire  - http-outgoing-69 >> "[\r][\n]"
88612 [Forwarding findElement on session c5bf1d259c068ae76f99adfff79e8f20 to remote] DEBUG org.apache.http.wire  - http-outgoing-69 >> "[\r][\n]"
88612 [Forwarding findElement on session c5bf1d259c068ae76f99adfff79e8f20 to remote] DEBUG org.apache.http.wire  - http-outgoing-69 >> "{"using":"css selector","value":"#password"}"
88612 [Forwarding findElement on session c5bf1d259c068ae76f99adfff79e8f20 to remote] DEBUG org.apache.http.wire  - http-outgoing-69 >> "{"using":"css selector","value":"#password"}"
88612 [Forwarding findElement on session c5bf1d259c068ae76f99adfff79e8f20 to remote] DEBUG org.apache.http.wire  - http-outgoing-69 >> "{"using":"css selector","value":"#password"}"
88639 [Forwarding findElement on session c5bf1d259c068ae76f99adfff79e8f20 to remote] DEBUG org.apache.http.wire  - http-outgoing-69 << "HTTP/1.1 200 OK[\r][\n]"
88639 [Forwarding findElement on session c5bf1d259c068ae76f99adfff79e8f20 to remote] DEBUG org.apache.http.wire  - http-outgoing-69 << "HTTP/1.1 200 OK[\r][\n]"
88639 [Forwarding findElement on session c5bf1d259c068ae76f99adfff79e8f20 to remote] DEBUG org.apache.http.wire  - http-outgoing-69 << "HTTP/1.1 200 OK[\r][\n]"
88639 [Forwarding findElement on session c5bf1d259c068ae76f99adfff79e8f20 to remote] DEBUG org.apache.http.wire  - http-outgoing-69 << "Content-Length:101[\r][\n]"
88639 [Forwarding findElement on session c5bf1d259c068ae76f99adfff79e8f20 to remote] DEBUG org.apache.http.wire  - http-outgoing-69 << "Content-Length:101[\r][\n]"
88639 [Forwarding findElement on session c5bf1d259c068ae76f99adfff79e8f20 to remote] DEBUG org.apache.http.wire  - http-outgoing-69 << "Content-Length:101[\r][\n]"
88639 [Forwarding findElement on session c5bf1d259c068ae76f99adfff79e8f20 to remote] DEBUG org.apache.http.wire  - http-outgoing-69 << "Content-Type:application/json; charset=utf-8[\r][\n]"
88639 [Forwarding findElement on session c5bf1d259c068ae76f99adfff79e8f20 to remote] DEBUG org.apache.http.wire  - http-outgoing-69 << "Content-Type:application/json; charset=utf-8[\r][\n]"
88639 [Forwarding findElement on session c5bf1d259c068ae76f99adfff79e8f20 to remote] DEBUG org.apache.http.wire  - http-outgoing-69 << "Content-Type:application/json; charset=utf-8[\r][\n]"
88639 [Forwarding findElement on session c5bf1d259c068ae76f99adfff79e8f20 to remote] DEBUG org.apache.http.wire  - http-outgoing-69 << "Connection:close[\r][\n]"
88639 [Forwarding findElement on session c5bf1d259c068ae76f99adfff79e8f20 to remote] DEBUG org.apache.http.wire  - http-outgoing-69 << "Connection:close[\r][\n]"
88639 [Forwarding findElement on session c5bf1d259c068ae76f99adfff79e8f20 to remote] DEBUG org.apache.http.wire  - http-outgoing-69 << "Connection:close[\r][\n]"
88639 [Forwarding findElement on session c5bf1d259c068ae76f99adfff79e8f20 to remote] DEBUG org.apache.http.wire  - http-outgoing-69 << "[\r][\n]"
88639 [Forwarding findElement on session c5bf1d259c068ae76f99adfff79e8f20 to remote] DEBUG org.apache.http.wire  - http-outgoing-69 << "[\r][\n]"
88639 [Forwarding findElement on session c5bf1d259c068ae76f99adfff79e8f20 to remote] DEBUG org.apache.http.wire  - http-outgoing-69 << "[\r][\n]"
88639 [Forwarding findElement on session c5bf1d259c068ae76f99adfff79e8f20 to remote] DEBUG org.apache.http.wire  - http-outgoing-69 << "{"sessionId":"c5bf1d259c068ae76f99adfff79e8f20","status":0,"value":{"ELEMENT":"0.413775131091888-2"}}"
88639 [Forwarding findElement on session c5bf1d259c068ae76f99adfff79e8f20 to remote] DEBUG org.apache.http.wire  - http-outgoing-69 << "{"sessionId":"c5bf1d259c068ae76f99adfff79e8f20","status":0,"value":{"ELEMENT":"0.413775131091888-2"}}"
88639 [Forwarding findElement on session c5bf1d259c068ae76f99adfff79e8f20 to remote] DEBUG org.apache.http.wire  - http-outgoing-69 << "{"sessionId":"c5bf1d259c068ae76f99adfff79e8f20","status":0,"value":{"ELEMENT":"0.413775131091888-2"}}"
88639 [Forwarding findElement on session c5bf1d259c068ae76f99adfff79e8f20 to remote] DEBUG org.apache.http.headers  - http-outgoing-69 << HTTP/1.1 200 OK
88639 [Forwarding findElement on session c5bf1d259c068ae76f99adfff79e8f20 to remote] DEBUG org.apache.http.headers  - http-outgoing-69 << HTTP/1.1 200 OK
88639 [Forwarding findElement on session c5bf1d259c068ae76f99adfff79e8f20 to remote] DEBUG org.apache.http.headers  - http-outgoing-69 << HTTP/1.1 200 OK
88639 [Forwarding findElement on session c5bf1d259c068ae76f99adfff79e8f20 to remote] DEBUG org.apache.http.headers  - http-outgoing-69 << Content-Length:101
88639 [Forwarding findElement on session c5bf1d259c068ae76f99adfff79e8f20 to remote] DEBUG org.apache.http.headers  - http-outgoing-69 << Content-Length:101
88639 [Forwarding findElement on session c5bf1d259c068ae76f99adfff79e8f20 to remote] DEBUG org.apache.http.headers  - http-outgoing-69 << Content-Length:101
88639 [Forwarding findElement on session c5bf1d259c068ae76f99adfff79e8f20 to remote] DEBUG org.apache.http.headers  - http-outgoing-69 << Content-Type:application/json; charset=utf-8
88639 [Forwarding findElement on session c5bf1d259c068ae76f99adfff79e8f20 to remote] DEBUG org.apache.http.headers  - http-outgoing-69 << Content-Type:application/json; charset=utf-8
88639 [Forwarding findElement on session c5bf1d259c068ae76f99adfff79e8f20 to remote] DEBUG org.apache.http.headers  - http-outgoing-69 << Content-Type:application/json; charset=utf-8
88639 [Forwarding findElement on session c5bf1d259c068ae76f99adfff79e8f20 to remote] DEBUG org.apache.http.headers  - http-outgoing-69 << Connection:close
88639 [Forwarding findElement on session c5bf1d259c068ae76f99adfff79e8f20 to remote] DEBUG org.apache.http.headers  - http-outgoing-69 << Connection:close
88639 [Forwarding findElement on session c5bf1d259c068ae76f99adfff79e8f20 to remote] DEBUG org.apache.http.headers  - http-outgoing-69 << Connection:close
88639 [Forwarding findElement on session c5bf1d259c068ae76f99adfff79e8f20 to remote] DEBUG org.apache.http.impl.conn.DefaultManagedHttpClientConnection  - http-outgoing-69: Close connection
88639 [Forwarding findElement on session c5bf1d259c068ae76f99adfff79e8f20 to remote] DEBUG org.apache.http.impl.conn.DefaultManagedHttpClientConnection  - http-outgoing-69: Close connection
88639 [Forwarding findElement on session c5bf1d259c068ae76f99adfff79e8f20 to remote] DEBUG org.apache.http.impl.conn.DefaultManagedHttpClientConnection  - http-outgoing-69: Close connection
88640 [Forwarding findElement on session c5bf1d259c068ae76f99adfff79e8f20 to remote] DEBUG org.apache.http.impl.execchain.MainClientExec  - Connection discarded
88640 [Forwarding findElement on session c5bf1d259c068ae76f99adfff79e8f20 to remote] DEBUG org.apache.http.impl.execchain.MainClientExec  - Connection discarded
88640 [Forwarding findElement on session c5bf1d259c068ae76f99adfff79e8f20 to remote] DEBUG org.apache.http.impl.execchain.MainClientExec  - Connection discarded
88640 [Forwarding findElement on session c5bf1d259c068ae76f99adfff79e8f20 to remote] DEBUG org.apache.http.impl.conn.PoolingHttpClientConnectionManager  - Connection released: [id: 69][route: {}->http://localhost:7219][total kept alive: 0; route allocated: 0 of 2000; total allocated: 0 of 2000]
88640 [Forwarding findElement on session c5bf1d259c068ae76f99adfff79e8f20 to remote] DEBUG org.apache.http.impl.conn.PoolingHttpClientConnectionManager  - Connection released: [id: 69][route: {}->http://localhost:7219][total kept alive: 0; route allocated: 0 of 2000; total allocated: 0 of 2000]
88640 [Forwarding findElement on session c5bf1d259c068ae76f99adfff79e8f20 to remote] DEBUG org.apache.http.impl.conn.PoolingHttpClientConnectionManager  - Connection released: [id: 69][route: {}->http://localhost:7219][total kept alive: 0; route allocated: 0 of 2000; total allocated: 0 of 2000]
88641 [Forwarding sendKeysToElement on session c5bf1d259c068ae76f99adfff79e8f20 to remote] DEBUG org.apache.http.client.protocol.RequestAddCookies  - CookieSpec selected: default
88641 [Forwarding sendKeysToElement on session c5bf1d259c068ae76f99adfff79e8f20 to remote] DEBUG org.apache.http.client.protocol.RequestAddCookies  - CookieSpec selected: default
88641 [Forwarding sendKeysToElement on session c5bf1d259c068ae76f99adfff79e8f20 to remote] DEBUG org.apache.http.client.protocol.RequestAddCookies  - CookieSpec selected: default
88641 [Forwarding sendKeysToElement on session c5bf1d259c068ae76f99adfff79e8f20 to remote] DEBUG org.apache.http.client.protocol.RequestAuthCache  - Auth cache not set in the context
88641 [Forwarding sendKeysToElement on session c5bf1d259c068ae76f99adfff79e8f20 to remote] DEBUG org.apache.http.client.protocol.RequestAuthCache  - Auth cache not set in the context
88641 [Forwarding sendKeysToElement on session c5bf1d259c068ae76f99adfff79e8f20 to remote] DEBUG org.apache.http.client.protocol.RequestAuthCache  - Auth cache not set in the context
88641 [Forwarding sendKeysToElement on session c5bf1d259c068ae76f99adfff79e8f20 to remote] DEBUG org.apache.http.impl.conn.PoolingHttpClientConnectionManager  - Connection request: [route: {}->http://localhost:7219][total kept alive: 0; route allocated: 0 of 2000; total allocated: 0 of 2000]
88641 [Forwarding sendKeysToElement on session c5bf1d259c068ae76f99adfff79e8f20 to remote] DEBUG org.apache.http.impl.conn.PoolingHttpClientConnectionManager  - Connection request: [route: {}->http://localhost:7219][total kept alive: 0; route allocated: 0 of 2000; total allocated: 0 of 2000]
88641 [Forwarding sendKeysToElement on session c5bf1d259c068ae76f99adfff79e8f20 to remote] DEBUG org.apache.http.impl.conn.PoolingHttpClientConnectionManager  - Connection request: [route: {}->http://localhost:7219][total kept alive: 0; route allocated: 0 of 2000; total allocated: 0 of 2000]
88641 [Forwarding sendKeysToElement on session c5bf1d259c068ae76f99adfff79e8f20 to remote] DEBUG org.apache.http.impl.conn.PoolingHttpClientConnectionManager  - Connection leased: [id: 70][route: {}->http://localhost:7219][total kept alive: 0; route allocated: 1 of 2000; total allocated: 1 of 2000]
88641 [Forwarding sendKeysToElement on session c5bf1d259c068ae76f99adfff79e8f20 to remote] DEBUG org.apache.http.impl.conn.PoolingHttpClientConnectionManager  - Connection leased: [id: 70][route: {}->http://localhost:7219][total kept alive: 0; route allocated: 1 of 2000; total allocated: 1 of 2000]
88641 [Forwarding sendKeysToElement on session c5bf1d259c068ae76f99adfff79e8f20 to remote] DEBUG org.apache.http.impl.conn.PoolingHttpClientConnectionManager  - Connection leased: [id: 70][route: {}->http://localhost:7219][total kept alive: 0; route allocated: 1 of 2000; total allocated: 1 of 2000]
88641 [Forwarding sendKeysToElement on session c5bf1d259c068ae76f99adfff79e8f20 to remote] DEBUG org.apache.http.impl.execchain.MainClientExec  - Opening connection {}->http://localhost:7219
88641 [Forwarding sendKeysToElement on session c5bf1d259c068ae76f99adfff79e8f20 to remote] DEBUG org.apache.http.impl.execchain.MainClientExec  - Opening connection {}->http://localhost:7219
88641 [Forwarding sendKeysToElement on session c5bf1d259c068ae76f99adfff79e8f20 to remote] DEBUG org.apache.http.impl.execchain.MainClientExec  - Opening connection {}->http://localhost:7219
88641 [Forwarding sendKeysToElement on session c5bf1d259c068ae76f99adfff79e8f20 to remote] DEBUG org.apache.http.impl.conn.DefaultHttpClientConnectionOperator  - Connecting to localhost/127.0.0.1:7219
88641 [Forwarding sendKeysToElement on session c5bf1d259c068ae76f99adfff79e8f20 to remote] DEBUG org.apache.http.impl.conn.DefaultHttpClientConnectionOperator  - Connecting to localhost/127.0.0.1:7219
88641 [Forwarding sendKeysToElement on session c5bf1d259c068ae76f99adfff79e8f20 to remote] DEBUG org.apache.http.impl.conn.DefaultHttpClientConnectionOperator  - Connecting to localhost/127.0.0.1:7219
88642 [Forwarding sendKeysToElement on session c5bf1d259c068ae76f99adfff79e8f20 to remote] DEBUG org.apache.http.impl.conn.DefaultHttpClientConnectionOperator  - Connection established 127.0.0.1:52967<->127.0.0.1:7219
88642 [Forwarding sendKeysToElement on session c5bf1d259c068ae76f99adfff79e8f20 to remote] DEBUG org.apache.http.impl.conn.DefaultHttpClientConnectionOperator  - Connection established 127.0.0.1:52967<->127.0.0.1:7219
88642 [Forwarding sendKeysToElement on session c5bf1d259c068ae76f99adfff79e8f20 to remote] DEBUG org.apache.http.impl.conn.DefaultHttpClientConnectionOperator  - Connection established 127.0.0.1:52967<->127.0.0.1:7219
88642 [Forwarding sendKeysToElement on session c5bf1d259c068ae76f99adfff79e8f20 to remote] DEBUG org.apache.http.impl.conn.DefaultManagedHttpClientConnection  - http-outgoing-70: set socket timeout to 10800000
88642 [Forwarding sendKeysToElement on session c5bf1d259c068ae76f99adfff79e8f20 to remote] DEBUG org.apache.http.impl.conn.DefaultManagedHttpClientConnection  - http-outgoing-70: set socket timeout to 10800000
88642 [Forwarding sendKeysToElement on session c5bf1d259c068ae76f99adfff79e8f20 to remote] DEBUG org.apache.http.impl.conn.DefaultManagedHttpClientConnection  - http-outgoing-70: set socket timeout to 10800000
88642 [Forwarding sendKeysToElement on session c5bf1d259c068ae76f99adfff79e8f20 to remote] DEBUG org.apache.http.impl.execchain.MainClientExec  - Executing request POST /session/c5bf1d259c068ae76f99adfff79e8f20/element/0.413775131091888-2/value HTTP/1.1
88642 [Forwarding sendKeysToElement on session c5bf1d259c068ae76f99adfff79e8f20 to remote] DEBUG org.apache.http.impl.execchain.MainClientExec  - Executing request POST /session/c5bf1d259c068ae76f99adfff79e8f20/element/0.413775131091888-2/value HTTP/1.1
88642 [Forwarding sendKeysToElement on session c5bf1d259c068ae76f99adfff79e8f20 to remote] DEBUG org.apache.http.impl.execchain.MainClientExec  - Executing request POST /session/c5bf1d259c068ae76f99adfff79e8f20/element/0.413775131091888-2/value HTTP/1.1
88642 [Forwarding sendKeysToElement on session c5bf1d259c068ae76f99adfff79e8f20 to remote] DEBUG org.apache.http.impl.execchain.MainClientExec  - Target auth state: UNCHALLENGED
88642 [Forwarding sendKeysToElement on session c5bf1d259c068ae76f99adfff79e8f20 to remote] DEBUG org.apache.http.impl.execchain.MainClientExec  - Target auth state: UNCHALLENGED
88642 [Forwarding sendKeysToElement on session c5bf1d259c068ae76f99adfff79e8f20 to remote] DEBUG org.apache.http.impl.execchain.MainClientExec  - Target auth state: UNCHALLENGED
88642 [Forwarding sendKeysToElement on session c5bf1d259c068ae76f99adfff79e8f20 to remote] DEBUG org.apache.http.impl.execchain.MainClientExec  - Proxy auth state: UNCHALLENGED
88642 [Forwarding sendKeysToElement on session c5bf1d259c068ae76f99adfff79e8f20 to remote] DEBUG org.apache.http.impl.execchain.MainClientExec  - Proxy auth state: UNCHALLENGED
88642 [Forwarding sendKeysToElement on session c5bf1d259c068ae76f99adfff79e8f20 to remote] DEBUG org.apache.http.impl.execchain.MainClientExec  - Proxy auth state: UNCHALLENGED
88642 [Forwarding sendKeysToElement on session c5bf1d259c068ae76f99adfff79e8f20 to remote] DEBUG org.apache.http.headers  - http-outgoing-70 >> POST /session/c5bf1d259c068ae76f99adfff79e8f20/element/0.413775131091888-2/value HTTP/1.1
88642 [Forwarding sendKeysToElement on session c5bf1d259c068ae76f99adfff79e8f20 to remote] DEBUG org.apache.http.headers  - http-outgoing-70 >> POST /session/c5bf1d259c068ae76f99adfff79e8f20/element/0.413775131091888-2/value HTTP/1.1
88642 [Forwarding sendKeysToElement on session c5bf1d259c068ae76f99adfff79e8f20 to remote] DEBUG org.apache.http.headers  - http-outgoing-70 >> POST /session/c5bf1d259c068ae76f99adfff79e8f20/element/0.413775131091888-2/value HTTP/1.1
88642 [Forwarding sendKeysToElement on session c5bf1d259c068ae76f99adfff79e8f20 to remote] DEBUG org.apache.http.headers  - http-outgoing-70 >> Content-Type: application/json; charset=utf-8
88642 [Forwarding sendKeysToElement on session c5bf1d259c068ae76f99adfff79e8f20 to remote] DEBUG org.apache.http.headers  - http-outgoing-70 >> Content-Type: application/json; charset=utf-8
88642 [Forwarding sendKeysToElement on session c5bf1d259c068ae76f99adfff79e8f20 to remote] DEBUG org.apache.http.headers  - http-outgoing-70 >> Content-Type: application/json; charset=utf-8
88642 [Forwarding sendKeysToElement on session c5bf1d259c068ae76f99adfff79e8f20 to remote] DEBUG org.apache.http.headers  - http-outgoing-70 >> Content-Length: 57
88642 [Forwarding sendKeysToElement on session c5bf1d259c068ae76f99adfff79e8f20 to remote] DEBUG org.apache.http.headers  - http-outgoing-70 >> Content-Length: 57
88642 [Forwarding sendKeysToElement on session c5bf1d259c068ae76f99adfff79e8f20 to remote] DEBUG org.apache.http.headers  - http-outgoing-70 >> Content-Length: 57
88642 [Forwarding sendKeysToElement on session c5bf1d259c068ae76f99adfff79e8f20 to remote] DEBUG org.apache.http.headers  - http-outgoing-70 >> Host: localhost:7219
88642 [Forwarding sendKeysToElement on session c5bf1d259c068ae76f99adfff79e8f20 to remote] DEBUG org.apache.http.headers  - http-outgoing-70 >> Host: localhost:7219
88642 [Forwarding sendKeysToElement on session c5bf1d259c068ae76f99adfff79e8f20 to remote] DEBUG org.apache.http.headers  - http-outgoing-70 >> Host: localhost:7219
88642 [Forwarding sendKeysToElement on session c5bf1d259c068ae76f99adfff79e8f20 to remote] DEBUG org.apache.http.headers  - http-outgoing-70 >> Connection: Keep-Alive
88642 [Forwarding sendKeysToElement on session c5bf1d259c068ae76f99adfff79e8f20 to remote] DEBUG org.apache.http.headers  - http-outgoing-70 >> Connection: Keep-Alive
88642 [Forwarding sendKeysToElement on session c5bf1d259c068ae76f99adfff79e8f20 to remote] DEBUG org.apache.http.headers  - http-outgoing-70 >> Connection: Keep-Alive
88642 [Forwarding sendKeysToElement on session c5bf1d259c068ae76f99adfff79e8f20 to remote] DEBUG org.apache.http.headers  - http-outgoing-70 >> User-Agent: Apache-HttpClient/4.5.2 (Java/1.8.0_91)
88642 [Forwarding sendKeysToElement on session c5bf1d259c068ae76f99adfff79e8f20 to remote] DEBUG org.apache.http.headers  - http-outgoing-70 >> User-Agent: Apache-HttpClient/4.5.2 (Java/1.8.0_91)
88642 [Forwarding sendKeysToElement on session c5bf1d259c068ae76f99adfff79e8f20 to remote] DEBUG org.apache.http.headers  - http-outgoing-70 >> User-Agent: Apache-HttpClient/4.5.2 (Java/1.8.0_91)
88642 [Forwarding sendKeysToElement on session c5bf1d259c068ae76f99adfff79e8f20 to remote] DEBUG org.apache.http.headers  - http-outgoing-70 >> Accept-Encoding: gzip,deflate
88642 [Forwarding sendKeysToElement on session c5bf1d259c068ae76f99adfff79e8f20 to remote] DEBUG org.apache.http.headers  - http-outgoing-70 >> Accept-Encoding: gzip,deflate
88642 [Forwarding sendKeysToElement on session c5bf1d259c068ae76f99adfff79e8f20 to remote] DEBUG org.apache.http.headers  - http-outgoing-70 >> Accept-Encoding: gzip,deflate
88643 [Forwarding sendKeysToElement on session c5bf1d259c068ae76f99adfff79e8f20 to remote] DEBUG org.apache.http.wire  - http-outgoing-70 >> "POST /session/c5bf1d259c068ae76f99adfff79e8f20/element/0.413775131091888-2/value HTTP/1.1[\r][\n]"
88643 [Forwarding sendKeysToElement on session c5bf1d259c068ae76f99adfff79e8f20 to remote] DEBUG org.apache.http.wire  - http-outgoing-70 >> "POST /session/c5bf1d259c068ae76f99adfff79e8f20/element/0.413775131091888-2/value HTTP/1.1[\r][\n]"
88643 [Forwarding sendKeysToElement on session c5bf1d259c068ae76f99adfff79e8f20 to remote] DEBUG org.apache.http.wire  - http-outgoing-70 >> "POST /session/c5bf1d259c068ae76f99adfff79e8f20/element/0.413775131091888-2/value HTTP/1.1[\r][\n]"
88643 [Forwarding sendKeysToElement on session c5bf1d259c068ae76f99adfff79e8f20 to remote] DEBUG org.apache.http.wire  - http-outgoing-70 >> "Content-Type: application/json; charset=utf-8[\r][\n]"
88643 [Forwarding sendKeysToElement on session c5bf1d259c068ae76f99adfff79e8f20 to remote] DEBUG org.apache.http.wire  - http-outgoing-70 >> "Content-Type: application/json; charset=utf-8[\r][\n]"
88643 [Forwarding sendKeysToElement on session c5bf1d259c068ae76f99adfff79e8f20 to remote] DEBUG org.apache.http.wire  - http-outgoing-70 >> "Content-Type: application/json; charset=utf-8[\r][\n]"
88643 [Forwarding sendKeysToElement on session c5bf1d259c068ae76f99adfff79e8f20 to remote] DEBUG org.apache.http.wire  - http-outgoing-70 >> "Content-Length: 57[\r][\n]"
88643 [Forwarding sendKeysToElement on session c5bf1d259c068ae76f99adfff79e8f20 to remote] DEBUG org.apache.http.wire  - http-outgoing-70 >> "Content-Length: 57[\r][\n]"
88643 [Forwarding sendKeysToElement on session c5bf1d259c068ae76f99adfff79e8f20 to remote] DEBUG org.apache.http.wire  - http-outgoing-70 >> "Content-Length: 57[\r][\n]"
88643 [Forwarding sendKeysToElement on session c5bf1d259c068ae76f99adfff79e8f20 to remote] DEBUG org.apache.http.wire  - http-outgoing-70 >> "Host: localhost:7219[\r][\n]"
88643 [Forwarding sendKeysToElement on session c5bf1d259c068ae76f99adfff79e8f20 to remote] DEBUG org.apache.http.wire  - http-outgoing-70 >> "Host: localhost:7219[\r][\n]"
88643 [Forwarding sendKeysToElement on session c5bf1d259c068ae76f99adfff79e8f20 to remote] DEBUG org.apache.http.wire  - http-outgoing-70 >> "Host: localhost:7219[\r][\n]"
88643 [Forwarding sendKeysToElement on session c5bf1d259c068ae76f99adfff79e8f20 to remote] DEBUG org.apache.http.wire  - http-outgoing-70 >> "Connection: Keep-Alive[\r][\n]"
88643 [Forwarding sendKeysToElement on session c5bf1d259c068ae76f99adfff79e8f20 to remote] DEBUG org.apache.http.wire  - http-outgoing-70 >> "Connection: Keep-Alive[\r][\n]"
88643 [Forwarding sendKeysToElement on session c5bf1d259c068ae76f99adfff79e8f20 to remote] DEBUG org.apache.http.wire  - http-outgoing-70 >> "Connection: Keep-Alive[\r][\n]"
88643 [Forwarding sendKeysToElement on session c5bf1d259c068ae76f99adfff79e8f20 to remote] DEBUG org.apache.http.wire  - http-outgoing-70 >> "User-Agent: Apache-HttpClient/4.5.2 (Java/1.8.0_91)[\r][\n]"
88643 [Forwarding sendKeysToElement on session c5bf1d259c068ae76f99adfff79e8f20 to remote] DEBUG org.apache.http.wire  - http-outgoing-70 >> "User-Agent: Apache-HttpClient/4.5.2 (Java/1.8.0_91)[\r][\n]"
88643 [Forwarding sendKeysToElement on session c5bf1d259c068ae76f99adfff79e8f20 to remote] DEBUG org.apache.http.wire  - http-outgoing-70 >> "User-Agent: Apache-HttpClient/4.5.2 (Java/1.8.0_91)[\r][\n]"
88643 [Forwarding sendKeysToElement on session c5bf1d259c068ae76f99adfff79e8f20 to remote] DEBUG org.apache.http.wire  - http-outgoing-70 >> "Accept-Encoding: gzip,deflate[\r][\n]"
88643 [Forwarding sendKeysToElement on session c5bf1d259c068ae76f99adfff79e8f20 to remote] DEBUG org.apache.http.wire  - http-outgoing-70 >> "Accept-Encoding: gzip,deflate[\r][\n]"
88643 [Forwarding sendKeysToElement on session c5bf1d259c068ae76f99adfff79e8f20 to remote] DEBUG org.apache.http.wire  - http-outgoing-70 >> "Accept-Encoding: gzip,deflate[\r][\n]"
88643 [Forwarding sendKeysToElement on session c5bf1d259c068ae76f99adfff79e8f20 to remote] DEBUG org.apache.http.wire  - http-outgoing-70 >> "[\r][\n]"
88643 [Forwarding sendKeysToElement on session c5bf1d259c068ae76f99adfff79e8f20 to remote] DEBUG org.apache.http.wire  - http-outgoing-70 >> "[\r][\n]"
88643 [Forwarding sendKeysToElement on session c5bf1d259c068ae76f99adfff79e8f20 to remote] DEBUG org.apache.http.wire  - http-outgoing-70 >> "[\r][\n]"
88643 [Forwarding sendKeysToElement on session c5bf1d259c068ae76f99adfff79e8f20 to remote] DEBUG org.apache.http.wire  - http-outgoing-70 >> "{"id":"0.413775131091888-2","value":["automation","[0xee][0x80][0x87]"]}"
88643 [Forwarding sendKeysToElement on session c5bf1d259c068ae76f99adfff79e8f20 to remote] DEBUG org.apache.http.wire  - http-outgoing-70 >> "{"id":"0.413775131091888-2","value":["automation","[0xee][0x80][0x87]"]}"
88643 [Forwarding sendKeysToElement on session c5bf1d259c068ae76f99adfff79e8f20 to remote] DEBUG org.apache.http.wire  - http-outgoing-70 >> "{"id":"0.413775131091888-2","value":["automation","[0xee][0x80][0x87]"]}"
88721 [Forwarding sendKeysToElement on session c5bf1d259c068ae76f99adfff79e8f20 to remote] DEBUG org.apache.http.wire  - http-outgoing-70 << "HTTP/1.1 200 OK[\r][\n]"
88721 [Forwarding sendKeysToElement on session c5bf1d259c068ae76f99adfff79e8f20 to remote] DEBUG org.apache.http.wire  - http-outgoing-70 << "HTTP/1.1 200 OK[\r][\n]"
88721 [Forwarding sendKeysToElement on session c5bf1d259c068ae76f99adfff79e8f20 to remote] DEBUG org.apache.http.wire  - http-outgoing-70 << "HTTP/1.1 200 OK[\r][\n]"
88721 [Forwarding sendKeysToElement on session c5bf1d259c068ae76f99adfff79e8f20 to remote] DEBUG org.apache.http.wire  - http-outgoing-70 << "Content-Length:72[\r][\n]"
88721 [Forwarding sendKeysToElement on session c5bf1d259c068ae76f99adfff79e8f20 to remote] DEBUG org.apache.http.wire  - http-outgoing-70 << "Content-Length:72[\r][\n]"
88721 [Forwarding sendKeysToElement on session c5bf1d259c068ae76f99adfff79e8f20 to remote] DEBUG org.apache.http.wire  - http-outgoing-70 << "Content-Length:72[\r][\n]"
88721 [Forwarding sendKeysToElement on session c5bf1d259c068ae76f99adfff79e8f20 to remote] DEBUG org.apache.http.wire  - http-outgoing-70 << "Content-Type:application/json; charset=utf-8[\r][\n]"
88721 [Forwarding sendKeysToElement on session c5bf1d259c068ae76f99adfff79e8f20 to remote] DEBUG org.apache.http.wire  - http-outgoing-70 << "Content-Type:application/json; charset=utf-8[\r][\n]"
88721 [Forwarding sendKeysToElement on session c5bf1d259c068ae76f99adfff79e8f20 to remote] DEBUG org.apache.http.wire  - http-outgoing-70 << "Content-Type:application/json; charset=utf-8[\r][\n]"
88721 [Forwarding sendKeysToElement on session c5bf1d259c068ae76f99adfff79e8f20 to remote] DEBUG org.apache.http.wire  - http-outgoing-70 << "Connection:close[\r][\n]"
88721 [Forwarding sendKeysToElement on session c5bf1d259c068ae76f99adfff79e8f20 to remote] DEBUG org.apache.http.wire  - http-outgoing-70 << "Connection:close[\r][\n]"
88721 [Forwarding sendKeysToElement on session c5bf1d259c068ae76f99adfff79e8f20 to remote] DEBUG org.apache.http.wire  - http-outgoing-70 << "Connection:close[\r][\n]"
88722 [Forwarding sendKeysToElement on session c5bf1d259c068ae76f99adfff79e8f20 to remote] DEBUG org.apache.http.wire  - http-outgoing-70 << "[\r][\n]"
88722 [Forwarding sendKeysToElement on session c5bf1d259c068ae76f99adfff79e8f20 to remote] DEBUG org.apache.http.wire  - http-outgoing-70 << "[\r][\n]"
88722 [Forwarding sendKeysToElement on session c5bf1d259c068ae76f99adfff79e8f20 to remote] DEBUG org.apache.http.wire  - http-outgoing-70 << "[\r][\n]"
88722 [Forwarding sendKeysToElement on session c5bf1d259c068ae76f99adfff79e8f20 to remote] DEBUG org.apache.http.wire  - http-outgoing-70 << "{"sessionId":"c5bf1d259c068ae76f99adfff79e8f20","status":0,"value":null}"
88722 [Forwarding sendKeysToElement on session c5bf1d259c068ae76f99adfff79e8f20 to remote] DEBUG org.apache.http.wire  - http-outgoing-70 << "{"sessionId":"c5bf1d259c068ae76f99adfff79e8f20","status":0,"value":null}"
88722 [Forwarding sendKeysToElement on session c5bf1d259c068ae76f99adfff79e8f20 to remote] DEBUG org.apache.http.wire  - http-outgoing-70 << "{"sessionId":"c5bf1d259c068ae76f99adfff79e8f20","status":0,"value":null}"
88722 [Forwarding sendKeysToElement on session c5bf1d259c068ae76f99adfff79e8f20 to remote] DEBUG org.apache.http.headers  - http-outgoing-70 << HTTP/1.1 200 OK
88722 [Forwarding sendKeysToElement on session c5bf1d259c068ae76f99adfff79e8f20 to remote] DEBUG org.apache.http.headers  - http-outgoing-70 << HTTP/1.1 200 OK
88722 [Forwarding sendKeysToElement on session c5bf1d259c068ae76f99adfff79e8f20 to remote] DEBUG org.apache.http.headers  - http-outgoing-70 << HTTP/1.1 200 OK
88722 [Forwarding sendKeysToElement on session c5bf1d259c068ae76f99adfff79e8f20 to remote] DEBUG org.apache.http.headers  - http-outgoing-70 << Content-Length:72
88722 [Forwarding sendKeysToElement on session c5bf1d259c068ae76f99adfff79e8f20 to remote] DEBUG org.apache.http.headers  - http-outgoing-70 << Content-Length:72
88722 [Forwarding sendKeysToElement on session c5bf1d259c068ae76f99adfff79e8f20 to remote] DEBUG org.apache.http.headers  - http-outgoing-70 << Content-Length:72
88723 [Forwarding sendKeysToElement on session c5bf1d259c068ae76f99adfff79e8f20 to remote] DEBUG org.apache.http.headers  - http-outgoing-70 << Content-Type:application/json; charset=utf-8
88723 [Forwarding sendKeysToElement on session c5bf1d259c068ae76f99adfff79e8f20 to remote] DEBUG org.apache.http.headers  - http-outgoing-70 << Content-Type:application/json; charset=utf-8
88723 [Forwarding sendKeysToElement on session c5bf1d259c068ae76f99adfff79e8f20 to remote] DEBUG org.apache.http.headers  - http-outgoing-70 << Content-Type:application/json; charset=utf-8
88723 [Forwarding sendKeysToElement on session c5bf1d259c068ae76f99adfff79e8f20 to remote] DEBUG org.apache.http.headers  - http-outgoing-70 << Connection:close
88723 [Forwarding sendKeysToElement on session c5bf1d259c068ae76f99adfff79e8f20 to remote] DEBUG org.apache.http.headers  - http-outgoing-70 << Connection:close
88723 [Forwarding sendKeysToElement on session c5bf1d259c068ae76f99adfff79e8f20 to remote] DEBUG org.apache.http.headers  - http-outgoing-70 << Connection:close
88723 [Forwarding sendKeysToElement on session c5bf1d259c068ae76f99adfff79e8f20 to remote] DEBUG org.apache.http.impl.conn.DefaultManagedHttpClientConnection  - http-outgoing-70: Close connection
88723 [Forwarding sendKeysToElement on session c5bf1d259c068ae76f99adfff79e8f20 to remote] DEBUG org.apache.http.impl.conn.DefaultManagedHttpClientConnection  - http-outgoing-70: Close connection
88723 [Forwarding sendKeysToElement on session c5bf1d259c068ae76f99adfff79e8f20 to remote] DEBUG org.apache.http.impl.conn.DefaultManagedHttpClientConnection  - http-outgoing-70: Close connection
88723 [Forwarding sendKeysToElement on session c5bf1d259c068ae76f99adfff79e8f20 to remote] DEBUG org.apache.http.impl.execchain.MainClientExec  - Connection discarded
88723 [Forwarding sendKeysToElement on session c5bf1d259c068ae76f99adfff79e8f20 to remote] DEBUG org.apache.http.impl.execchain.MainClientExec  - Connection discarded
88723 [Forwarding sendKeysToElement on session c5bf1d259c068ae76f99adfff79e8f20 to remote] DEBUG org.apache.http.impl.execchain.MainClientExec  - Connection discarded
88723 [Forwarding sendKeysToElement on session c5bf1d259c068ae76f99adfff79e8f20 to remote] DEBUG org.apache.http.impl.conn.PoolingHttpClientConnectionManager  - Connection released: [id: 70][route: {}->http://localhost:7219][total kept alive: 0; route allocated: 0 of 2000; total allocated: 0 of 2000]
88723 [Forwarding sendKeysToElement on session c5bf1d259c068ae76f99adfff79e8f20 to remote] DEBUG org.apache.http.impl.conn.PoolingHttpClientConnectionManager  - Connection released: [id: 70][route: {}->http://localhost:7219][total kept alive: 0; route allocated: 0 of 2000; total allocated: 0 of 2000]
88723 [Forwarding sendKeysToElement on session c5bf1d259c068ae76f99adfff79e8f20 to remote] DEBUG org.apache.http.impl.conn.PoolingHttpClientConnectionManager  - Connection released: [id: 70][route: {}->http://localhost:7219][total kept alive: 0; route allocated: 0 of 2000; total allocated: 0 of 2000]
88725 [Forwarding findElement on session c5bf1d259c068ae76f99adfff79e8f20 to remote] DEBUG org.apache.http.client.protocol.RequestAddCookies  - CookieSpec selected: default
88725 [Forwarding findElement on session c5bf1d259c068ae76f99adfff79e8f20 to remote] DEBUG org.apache.http.client.protocol.RequestAddCookies  - CookieSpec selected: default
88725 [Forwarding findElement on session c5bf1d259c068ae76f99adfff79e8f20 to remote] DEBUG org.apache.http.client.protocol.RequestAddCookies  - CookieSpec selected: default
88725 [Forwarding findElement on session c5bf1d259c068ae76f99adfff79e8f20 to remote] DEBUG org.apache.http.client.protocol.RequestAuthCache  - Auth cache not set in the context
88725 [Forwarding findElement on session c5bf1d259c068ae76f99adfff79e8f20 to remote] DEBUG org.apache.http.client.protocol.RequestAuthCache  - Auth cache not set in the context
88725 [Forwarding findElement on session c5bf1d259c068ae76f99adfff79e8f20 to remote] DEBUG org.apache.http.client.protocol.RequestAuthCache  - Auth cache not set in the context
88725 [Forwarding findElement on session c5bf1d259c068ae76f99adfff79e8f20 to remote] DEBUG org.apache.http.impl.conn.PoolingHttpClientConnectionManager  - Connection request: [route: {}->http://localhost:7219][total kept alive: 0; route allocated: 0 of 2000; total allocated: 0 of 2000]
88725 [Forwarding findElement on session c5bf1d259c068ae76f99adfff79e8f20 to remote] DEBUG org.apache.http.impl.conn.PoolingHttpClientConnectionManager  - Connection request: [route: {}->http://localhost:7219][total kept alive: 0; route allocated: 0 of 2000; total allocated: 0 of 2000]
88725 [Forwarding findElement on session c5bf1d259c068ae76f99adfff79e8f20 to remote] DEBUG org.apache.http.impl.conn.PoolingHttpClientConnectionManager  - Connection request: [route: {}->http://localhost:7219][total kept alive: 0; route allocated: 0 of 2000; total allocated: 0 of 2000]
88725 [Forwarding findElement on session c5bf1d259c068ae76f99adfff79e8f20 to remote] DEBUG org.apache.http.impl.conn.PoolingHttpClientConnectionManager  - Connection leased: [id: 71][route: {}->http://localhost:7219][total kept alive: 0; route allocated: 1 of 2000; total allocated: 1 of 2000]
88725 [Forwarding findElement on session c5bf1d259c068ae76f99adfff79e8f20 to remote] DEBUG org.apache.http.impl.conn.PoolingHttpClientConnectionManager  - Connection leased: [id: 71][route: {}->http://localhost:7219][total kept alive: 0; route allocated: 1 of 2000; total allocated: 1 of 2000]
88725 [Forwarding findElement on session c5bf1d259c068ae76f99adfff79e8f20 to remote] DEBUG org.apache.http.impl.conn.PoolingHttpClientConnectionManager  - Connection leased: [id: 71][route: {}->http://localhost:7219][total kept alive: 0; route allocated: 1 of 2000; total allocated: 1 of 2000]
88725 [Forwarding findElement on session c5bf1d259c068ae76f99adfff79e8f20 to remote] DEBUG org.apache.http.impl.execchain.MainClientExec  - Opening connection {}->http://localhost:7219
88725 [Forwarding findElement on session c5bf1d259c068ae76f99adfff79e8f20 to remote] DEBUG org.apache.http.impl.execchain.MainClientExec  - Opening connection {}->http://localhost:7219
88725 [Forwarding findElement on session c5bf1d259c068ae76f99adfff79e8f20 to remote] DEBUG org.apache.http.impl.execchain.MainClientExec  - Opening connection {}->http://localhost:7219
88725 [Forwarding findElement on session c5bf1d259c068ae76f99adfff79e8f20 to remote] DEBUG org.apache.http.impl.conn.DefaultHttpClientConnectionOperator  - Connecting to localhost/127.0.0.1:7219
88725 [Forwarding findElement on session c5bf1d259c068ae76f99adfff79e8f20 to remote] DEBUG org.apache.http.impl.conn.DefaultHttpClientConnectionOperator  - Connecting to localhost/127.0.0.1:7219
88725 [Forwarding findElement on session c5bf1d259c068ae76f99adfff79e8f20 to remote] DEBUG org.apache.http.impl.conn.DefaultHttpClientConnectionOperator  - Connecting to localhost/127.0.0.1:7219
88726 [Forwarding findElement on session c5bf1d259c068ae76f99adfff79e8f20 to remote] DEBUG org.apache.http.impl.conn.DefaultHttpClientConnectionOperator  - Connection established 127.0.0.1:52969<->127.0.0.1:7219
88726 [Forwarding findElement on session c5bf1d259c068ae76f99adfff79e8f20 to remote] DEBUG org.apache.http.impl.conn.DefaultHttpClientConnectionOperator  - Connection established 127.0.0.1:52969<->127.0.0.1:7219
88726 [Forwarding findElement on session c5bf1d259c068ae76f99adfff79e8f20 to remote] DEBUG org.apache.http.impl.conn.DefaultHttpClientConnectionOperator  - Connection established 127.0.0.1:52969<->127.0.0.1:7219
88726 [Forwarding findElement on session c5bf1d259c068ae76f99adfff79e8f20 to remote] DEBUG org.apache.http.impl.conn.DefaultManagedHttpClientConnection  - http-outgoing-71: set socket timeout to 10800000
88726 [Forwarding findElement on session c5bf1d259c068ae76f99adfff79e8f20 to remote] DEBUG org.apache.http.impl.conn.DefaultManagedHttpClientConnection  - http-outgoing-71: set socket timeout to 10800000
88726 [Forwarding findElement on session c5bf1d259c068ae76f99adfff79e8f20 to remote] DEBUG org.apache.http.impl.conn.DefaultManagedHttpClientConnection  - http-outgoing-71: set socket timeout to 10800000
88726 [Forwarding findElement on session c5bf1d259c068ae76f99adfff79e8f20 to remote] DEBUG org.apache.http.impl.execchain.MainClientExec  - Executing request POST /session/c5bf1d259c068ae76f99adfff79e8f20/element HTTP/1.1
88726 [Forwarding findElement on session c5bf1d259c068ae76f99adfff79e8f20 to remote] DEBUG org.apache.http.impl.execchain.MainClientExec  - Executing request POST /session/c5bf1d259c068ae76f99adfff79e8f20/element HTTP/1.1
88726 [Forwarding findElement on session c5bf1d259c068ae76f99adfff79e8f20 to remote] DEBUG org.apache.http.impl.execchain.MainClientExec  - Executing request POST /session/c5bf1d259c068ae76f99adfff79e8f20/element HTTP/1.1
88726 [Forwarding findElement on session c5bf1d259c068ae76f99adfff79e8f20 to remote] DEBUG org.apache.http.impl.execchain.MainClientExec  - Target auth state: UNCHALLENGED
88726 [Forwarding findElement on session c5bf1d259c068ae76f99adfff79e8f20 to remote] DEBUG org.apache.http.impl.execchain.MainClientExec  - Target auth state: UNCHALLENGED
88726 [Forwarding findElement on session c5bf1d259c068ae76f99adfff79e8f20 to remote] DEBUG org.apache.http.impl.execchain.MainClientExec  - Target auth state: UNCHALLENGED
88726 [Forwarding findElement on session c5bf1d259c068ae76f99adfff79e8f20 to remote] DEBUG org.apache.http.impl.execchain.MainClientExec  - Proxy auth state: UNCHALLENGED
88726 [Forwarding findElement on session c5bf1d259c068ae76f99adfff79e8f20 to remote] DEBUG org.apache.http.impl.execchain.MainClientExec  - Proxy auth state: UNCHALLENGED
88726 [Forwarding findElement on session c5bf1d259c068ae76f99adfff79e8f20 to remote] DEBUG org.apache.http.impl.execchain.MainClientExec  - Proxy auth state: UNCHALLENGED
88726 [Forwarding findElement on session c5bf1d259c068ae76f99adfff79e8f20 to remote] DEBUG org.apache.http.headers  - http-outgoing-71 >> POST /session/c5bf1d259c068ae76f99adfff79e8f20/element HTTP/1.1
88726 [Forwarding findElement on session c5bf1d259c068ae76f99adfff79e8f20 to remote] DEBUG org.apache.http.headers  - http-outgoing-71 >> POST /session/c5bf1d259c068ae76f99adfff79e8f20/element HTTP/1.1
88726 [Forwarding findElement on session c5bf1d259c068ae76f99adfff79e8f20 to remote] DEBUG org.apache.http.headers  - http-outgoing-71 >> POST /session/c5bf1d259c068ae76f99adfff79e8f20/element HTTP/1.1
88726 [Forwarding findElement on session c5bf1d259c068ae76f99adfff79e8f20 to remote] DEBUG org.apache.http.headers  - http-outgoing-71 >> Content-Type: application/json; charset=utf-8
88726 [Forwarding findElement on session c5bf1d259c068ae76f99adfff79e8f20 to remote] DEBUG org.apache.http.headers  - http-outgoing-71 >> Content-Type: application/json; charset=utf-8
88726 [Forwarding findElement on session c5bf1d259c068ae76f99adfff79e8f20 to remote] DEBUG org.apache.http.headers  - http-outgoing-71 >> Content-Type: application/json; charset=utf-8
88726 [Forwarding findElement on session c5bf1d259c068ae76f99adfff79e8f20 to remote] DEBUG org.apache.http.headers  - http-outgoing-71 >> Content-Length: 47
88726 [Forwarding findElement on session c5bf1d259c068ae76f99adfff79e8f20 to remote] DEBUG org.apache.http.headers  - http-outgoing-71 >> Content-Length: 47
88726 [Forwarding findElement on session c5bf1d259c068ae76f99adfff79e8f20 to remote] DEBUG org.apache.http.headers  - http-outgoing-71 >> Content-Length: 47
88726 [Forwarding findElement on session c5bf1d259c068ae76f99adfff79e8f20 to remote] DEBUG org.apache.http.headers  - http-outgoing-71 >> Host: localhost:7219
88726 [Forwarding findElement on session c5bf1d259c068ae76f99adfff79e8f20 to remote] DEBUG org.apache.http.headers  - http-outgoing-71 >> Host: localhost:7219
88726 [Forwarding findElement on session c5bf1d259c068ae76f99adfff79e8f20 to remote] DEBUG org.apache.http.headers  - http-outgoing-71 >> Host: localhost:7219
88726 [Forwarding findElement on session c5bf1d259c068ae76f99adfff79e8f20 to remote] DEBUG org.apache.http.headers  - http-outgoing-71 >> Connection: Keep-Alive
88726 [Forwarding findElement on session c5bf1d259c068ae76f99adfff79e8f20 to remote] DEBUG org.apache.http.headers  - http-outgoing-71 >> Connection: Keep-Alive
88726 [Forwarding findElement on session c5bf1d259c068ae76f99adfff79e8f20 to remote] DEBUG org.apache.http.headers  - http-outgoing-71 >> Connection: Keep-Alive
88726 [Forwarding findElement on session c5bf1d259c068ae76f99adfff79e8f20 to remote] DEBUG org.apache.http.headers  - http-outgoing-71 >> User-Agent: Apache-HttpClient/4.5.2 (Java/1.8.0_91)
88726 [Forwarding findElement on session c5bf1d259c068ae76f99adfff79e8f20 to remote] DEBUG org.apache.http.headers  - http-outgoing-71 >> User-Agent: Apache-HttpClient/4.5.2 (Java/1.8.0_91)
88726 [Forwarding findElement on session c5bf1d259c068ae76f99adfff79e8f20 to remote] DEBUG org.apache.http.headers  - http-outgoing-71 >> User-Agent: Apache-HttpClient/4.5.2 (Java/1.8.0_91)
88726 [Forwarding findElement on session c5bf1d259c068ae76f99adfff79e8f20 to remote] DEBUG org.apache.http.headers  - http-outgoing-71 >> Accept-Encoding: gzip,deflate
88726 [Forwarding findElement on session c5bf1d259c068ae76f99adfff79e8f20 to remote] DEBUG org.apache.http.headers  - http-outgoing-71 >> Accept-Encoding: gzip,deflate
88726 [Forwarding findElement on session c5bf1d259c068ae76f99adfff79e8f20 to remote] DEBUG org.apache.http.headers  - http-outgoing-71 >> Accept-Encoding: gzip,deflate
88727 [Forwarding findElement on session c5bf1d259c068ae76f99adfff79e8f20 to remote] DEBUG org.apache.http.wire  - http-outgoing-71 >> "POST /session/c5bf1d259c068ae76f99adfff79e8f20/element HTTP/1.1[\r][\n]"
88727 [Forwarding findElement on session c5bf1d259c068ae76f99adfff79e8f20 to remote] DEBUG org.apache.http.wire  - http-outgoing-71 >> "POST /session/c5bf1d259c068ae76f99adfff79e8f20/element HTTP/1.1[\r][\n]"
88727 [Forwarding findElement on session c5bf1d259c068ae76f99adfff79e8f20 to remote] DEBUG org.apache.http.wire  - http-outgoing-71 >> "POST /session/c5bf1d259c068ae76f99adfff79e8f20/element HTTP/1.1[\r][\n]"
88727 [Forwarding findElement on session c5bf1d259c068ae76f99adfff79e8f20 to remote] DEBUG org.apache.http.wire  - http-outgoing-71 >> "Content-Type: application/json; charset=utf-8[\r][\n]"
88727 [Forwarding findElement on session c5bf1d259c068ae76f99adfff79e8f20 to remote] DEBUG org.apache.http.wire  - http-outgoing-71 >> "Content-Type: application/json; charset=utf-8[\r][\n]"
88727 [Forwarding findElement on session c5bf1d259c068ae76f99adfff79e8f20 to remote] DEBUG org.apache.http.wire  - http-outgoing-71 >> "Content-Type: application/json; charset=utf-8[\r][\n]"
88727 [Forwarding findElement on session c5bf1d259c068ae76f99adfff79e8f20 to remote] DEBUG org.apache.http.wire  - http-outgoing-71 >> "Content-Length: 47[\r][\n]"
88727 [Forwarding findElement on session c5bf1d259c068ae76f99adfff79e8f20 to remote] DEBUG org.apache.http.wire  - http-outgoing-71 >> "Content-Length: 47[\r][\n]"
88727 [Forwarding findElement on session c5bf1d259c068ae76f99adfff79e8f20 to remote] DEBUG org.apache.http.wire  - http-outgoing-71 >> "Content-Length: 47[\r][\n]"
88727 [Forwarding findElement on session c5bf1d259c068ae76f99adfff79e8f20 to remote] DEBUG org.apache.http.wire  - http-outgoing-71 >> "Host: localhost:7219[\r][\n]"
88727 [Forwarding findElement on session c5bf1d259c068ae76f99adfff79e8f20 to remote] DEBUG org.apache.http.wire  - http-outgoing-71 >> "Host: localhost:7219[\r][\n]"
88727 [Forwarding findElement on session c5bf1d259c068ae76f99adfff79e8f20 to remote] DEBUG org.apache.http.wire  - http-outgoing-71 >> "Host: localhost:7219[\r][\n]"
88727 [Forwarding findElement on session c5bf1d259c068ae76f99adfff79e8f20 to remote] DEBUG org.apache.http.wire  - http-outgoing-71 >> "Connection: Keep-Alive[\r][\n]"
88727 [Forwarding findElement on session c5bf1d259c068ae76f99adfff79e8f20 to remote] DEBUG org.apache.http.wire  - http-outgoing-71 >> "Connection: Keep-Alive[\r][\n]"
88727 [Forwarding findElement on session c5bf1d259c068ae76f99adfff79e8f20 to remote] DEBUG org.apache.http.wire  - http-outgoing-71 >> "Connection: Keep-Alive[\r][\n]"
88727 [Forwarding findElement on session c5bf1d259c068ae76f99adfff79e8f20 to remote] DEBUG org.apache.http.wire  - http-outgoing-71 >> "User-Agent: Apache-HttpClient/4.5.2 (Java/1.8.0_91)[\r][\n]"
88727 [Forwarding findElement on session c5bf1d259c068ae76f99adfff79e8f20 to remote] DEBUG org.apache.http.wire  - http-outgoing-71 >> "User-Agent: Apache-HttpClient/4.5.2 (Java/1.8.0_91)[\r][\n]"
88727 [Forwarding findElement on session c5bf1d259c068ae76f99adfff79e8f20 to remote] DEBUG org.apache.http.wire  - http-outgoing-71 >> "User-Agent: Apache-HttpClient/4.5.2 (Java/1.8.0_91)[\r][\n]"
88727 [Forwarding findElement on session c5bf1d259c068ae76f99adfff79e8f20 to remote] DEBUG org.apache.http.wire  - http-outgoing-71 >> "Accept-Encoding: gzip,deflate[\r][\n]"
88727 [Forwarding findElement on session c5bf1d259c068ae76f99adfff79e8f20 to remote] DEBUG org.apache.http.wire  - http-outgoing-71 >> "Accept-Encoding: gzip,deflate[\r][\n]"
88727 [Forwarding findElement on session c5bf1d259c068ae76f99adfff79e8f20 to remote] DEBUG org.apache.http.wire  - http-outgoing-71 >> "Accept-Encoding: gzip,deflate[\r][\n]"
88727 [Forwarding findElement on session c5bf1d259c068ae76f99adfff79e8f20 to remote] DEBUG org.apache.http.wire  - http-outgoing-71 >> "[\r][\n]"
88727 [Forwarding findElement on session c5bf1d259c068ae76f99adfff79e8f20 to remote] DEBUG org.apache.http.wire  - http-outgoing-71 >> "[\r][\n]"
88727 [Forwarding findElement on session c5bf1d259c068ae76f99adfff79e8f20 to remote] DEBUG org.apache.http.wire  - http-outgoing-71 >> "[\r][\n]"
88727 [Forwarding findElement on session c5bf1d259c068ae76f99adfff79e8f20 to remote] DEBUG org.apache.http.wire  - http-outgoing-71 >> "{"using":"css selector","value":"#ifixit-logo"}"
88727 [Forwarding findElement on session c5bf1d259c068ae76f99adfff79e8f20 to remote] DEBUG org.apache.http.wire  - http-outgoing-71 >> "{"using":"css selector","value":"#ifixit-logo"}"
88727 [Forwarding findElement on session c5bf1d259c068ae76f99adfff79e8f20 to remote] DEBUG org.apache.http.wire  - http-outgoing-71 >> "{"using":"css selector","value":"#ifixit-logo"}"
88752 [Forwarding findElement on session c5bf1d259c068ae76f99adfff79e8f20 to remote] DEBUG org.apache.http.wire  - http-outgoing-71 << "HTTP/1.1 200 OK[\r][\n]"
88752 [Forwarding findElement on session c5bf1d259c068ae76f99adfff79e8f20 to remote] DEBUG org.apache.http.wire  - http-outgoing-71 << "HTTP/1.1 200 OK[\r][\n]"
88752 [Forwarding findElement on session c5bf1d259c068ae76f99adfff79e8f20 to remote] DEBUG org.apache.http.wire  - http-outgoing-71 << "HTTP/1.1 200 OK[\r][\n]"
88752 [Forwarding findElement on session c5bf1d259c068ae76f99adfff79e8f20 to remote] DEBUG org.apache.http.wire  - http-outgoing-71 << "Content-Length:101[\r][\n]"
88752 [Forwarding findElement on session c5bf1d259c068ae76f99adfff79e8f20 to remote] DEBUG org.apache.http.wire  - http-outgoing-71 << "Content-Length:101[\r][\n]"
88752 [Forwarding findElement on session c5bf1d259c068ae76f99adfff79e8f20 to remote] DEBUG org.apache.http.wire  - http-outgoing-71 << "Content-Length:101[\r][\n]"
88752 [Forwarding findElement on session c5bf1d259c068ae76f99adfff79e8f20 to remote] DEBUG org.apache.http.wire  - http-outgoing-71 << "Content-Type:application/json; charset=utf-8[\r][\n]"
88752 [Forwarding findElement on session c5bf1d259c068ae76f99adfff79e8f20 to remote] DEBUG org.apache.http.wire  - http-outgoing-71 << "Content-Type:application/json; charset=utf-8[\r][\n]"
88752 [Forwarding findElement on session c5bf1d259c068ae76f99adfff79e8f20 to remote] DEBUG org.apache.http.wire  - http-outgoing-71 << "Content-Type:application/json; charset=utf-8[\r][\n]"
88753 [Forwarding findElement on session c5bf1d259c068ae76f99adfff79e8f20 to remote] DEBUG org.apache.http.wire  - http-outgoing-71 << "Connection:close[\r][\n]"
88753 [Forwarding findElement on session c5bf1d259c068ae76f99adfff79e8f20 to remote] DEBUG org.apache.http.wire  - http-outgoing-71 << "Connection:close[\r][\n]"
88753 [Forwarding findElement on session c5bf1d259c068ae76f99adfff79e8f20 to remote] DEBUG org.apache.http.wire  - http-outgoing-71 << "Connection:close[\r][\n]"
88753 [Forwarding findElement on session c5bf1d259c068ae76f99adfff79e8f20 to remote] DEBUG org.apache.http.wire  - http-outgoing-71 << "[\r][\n]"
88753 [Forwarding findElement on session c5bf1d259c068ae76f99adfff79e8f20 to remote] DEBUG org.apache.http.wire  - http-outgoing-71 << "[\r][\n]"
88753 [Forwarding findElement on session c5bf1d259c068ae76f99adfff79e8f20 to remote] DEBUG org.apache.http.wire  - http-outgoing-71 << "[\r][\n]"
88753 [Forwarding findElement on session c5bf1d259c068ae76f99adfff79e8f20 to remote] DEBUG org.apache.http.wire  - http-outgoing-71 << "{"sessionId":"c5bf1d259c068ae76f99adfff79e8f20","status":0,"value":{"ELEMENT":"0.413775131091888-3"}}"
88753 [Forwarding findElement on session c5bf1d259c068ae76f99adfff79e8f20 to remote] DEBUG org.apache.http.wire  - http-outgoing-71 << "{"sessionId":"c5bf1d259c068ae76f99adfff79e8f20","status":0,"value":{"ELEMENT":"0.413775131091888-3"}}"
88753 [Forwarding findElement on session c5bf1d259c068ae76f99adfff79e8f20 to remote] DEBUG org.apache.http.wire  - http-outgoing-71 << "{"sessionId":"c5bf1d259c068ae76f99adfff79e8f20","status":0,"value":{"ELEMENT":"0.413775131091888-3"}}"
88753 [Forwarding findElement on session c5bf1d259c068ae76f99adfff79e8f20 to remote] DEBUG org.apache.http.headers  - http-outgoing-71 << HTTP/1.1 200 OK
88753 [Forwarding findElement on session c5bf1d259c068ae76f99adfff79e8f20 to remote] DEBUG org.apache.http.headers  - http-outgoing-71 << HTTP/1.1 200 OK
88753 [Forwarding findElement on session c5bf1d259c068ae76f99adfff79e8f20 to remote] DEBUG org.apache.http.headers  - http-outgoing-71 << HTTP/1.1 200 OK
88753 [Forwarding findElement on session c5bf1d259c068ae76f99adfff79e8f20 to remote] DEBUG org.apache.http.headers  - http-outgoing-71 << Content-Length:101
88753 [Forwarding findElement on session c5bf1d259c068ae76f99adfff79e8f20 to remote] DEBUG org.apache.http.headers  - http-outgoing-71 << Content-Length:101
88753 [Forwarding findElement on session c5bf1d259c068ae76f99adfff79e8f20 to remote] DEBUG org.apache.http.headers  - http-outgoing-71 << Content-Length:101
88753 [Forwarding findElement on session c5bf1d259c068ae76f99adfff79e8f20 to remote] DEBUG org.apache.http.headers  - http-outgoing-71 << Content-Type:application/json; charset=utf-8
88753 [Forwarding findElement on session c5bf1d259c068ae76f99adfff79e8f20 to remote] DEBUG org.apache.http.headers  - http-outgoing-71 << Content-Type:application/json; charset=utf-8
88753 [Forwarding findElement on session c5bf1d259c068ae76f99adfff79e8f20 to remote] DEBUG org.apache.http.headers  - http-outgoing-71 << Content-Type:application/json; charset=utf-8
88753 [Forwarding findElement on session c5bf1d259c068ae76f99adfff79e8f20 to remote] DEBUG org.apache.http.headers  - http-outgoing-71 << Connection:close
88753 [Forwarding findElement on session c5bf1d259c068ae76f99adfff79e8f20 to remote] DEBUG org.apache.http.headers  - http-outgoing-71 << Connection:close
88753 [Forwarding findElement on session c5bf1d259c068ae76f99adfff79e8f20 to remote] DEBUG org.apache.http.headers  - http-outgoing-71 << Connection:close
88753 [Forwarding findElement on session c5bf1d259c068ae76f99adfff79e8f20 to remote] DEBUG org.apache.http.impl.conn.DefaultManagedHttpClientConnection  - http-outgoing-71: Close connection
88753 [Forwarding findElement on session c5bf1d259c068ae76f99adfff79e8f20 to remote] DEBUG org.apache.http.impl.conn.DefaultManagedHttpClientConnection  - http-outgoing-71: Close connection
88753 [Forwarding findElement on session c5bf1d259c068ae76f99adfff79e8f20 to remote] DEBUG org.apache.http.impl.conn.DefaultManagedHttpClientConnection  - http-outgoing-71: Close connection
88754 [Forwarding findElement on session c5bf1d259c068ae76f99adfff79e8f20 to remote] DEBUG org.apache.http.impl.execchain.MainClientExec  - Connection discarded
88754 [Forwarding findElement on session c5bf1d259c068ae76f99adfff79e8f20 to remote] DEBUG org.apache.http.impl.execchain.MainClientExec  - Connection discarded
88754 [Forwarding findElement on session c5bf1d259c068ae76f99adfff79e8f20 to remote] DEBUG org.apache.http.impl.execchain.MainClientExec  - Connection discarded
88754 [Forwarding findElement on session c5bf1d259c068ae76f99adfff79e8f20 to remote] DEBUG org.apache.http.impl.conn.PoolingHttpClientConnectionManager  - Connection released: [id: 71][route: {}->http://localhost:7219][total kept alive: 0; route allocated: 0 of 2000; total allocated: 0 of 2000]
88754 [Forwarding findElement on session c5bf1d259c068ae76f99adfff79e8f20 to remote] DEBUG org.apache.http.impl.conn.PoolingHttpClientConnectionManager  - Connection released: [id: 71][route: {}->http://localhost:7219][total kept alive: 0; route allocated: 0 of 2000; total allocated: 0 of 2000]
88754 [Forwarding findElement on session c5bf1d259c068ae76f99adfff79e8f20 to remote] DEBUG org.apache.http.impl.conn.PoolingHttpClientConnectionManager  - Connection released: [id: 71][route: {}->http://localhost:7219][total kept alive: 0; route allocated: 0 of 2000; total allocated: 0 of 2000]
88756 [Forwarding isElementDisplayed on session c5bf1d259c068ae76f99adfff79e8f20 to remote] DEBUG org.apache.http.client.protocol.RequestAddCookies  - CookieSpec selected: default
88756 [Forwarding isElementDisplayed on session c5bf1d259c068ae76f99adfff79e8f20 to remote] DEBUG org.apache.http.client.protocol.RequestAddCookies  - CookieSpec selected: default
88756 [Forwarding isElementDisplayed on session c5bf1d259c068ae76f99adfff79e8f20 to remote] DEBUG org.apache.http.client.protocol.RequestAddCookies  - CookieSpec selected: default
88756 [Forwarding isElementDisplayed on session c5bf1d259c068ae76f99adfff79e8f20 to remote] DEBUG org.apache.http.client.protocol.RequestAuthCache  - Auth cache not set in the context
88756 [Forwarding isElementDisplayed on session c5bf1d259c068ae76f99adfff79e8f20 to remote] DEBUG org.apache.http.client.protocol.RequestAuthCache  - Auth cache not set in the context
88756 [Forwarding isElementDisplayed on session c5bf1d259c068ae76f99adfff79e8f20 to remote] DEBUG org.apache.http.client.protocol.RequestAuthCache  - Auth cache not set in the context
88757 [Forwarding isElementDisplayed on session c5bf1d259c068ae76f99adfff79e8f20 to remote] DEBUG org.apache.http.impl.conn.PoolingHttpClientConnectionManager  - Connection request: [route: {}->http://localhost:7219][total kept alive: 0; route allocated: 0 of 2000; total allocated: 0 of 2000]
88757 [Forwarding isElementDisplayed on session c5bf1d259c068ae76f99adfff79e8f20 to remote] DEBUG org.apache.http.impl.conn.PoolingHttpClientConnectionManager  - Connection request: [route: {}->http://localhost:7219][total kept alive: 0; route allocated: 0 of 2000; total allocated: 0 of 2000]
88757 [Forwarding isElementDisplayed on session c5bf1d259c068ae76f99adfff79e8f20 to remote] DEBUG org.apache.http.impl.conn.PoolingHttpClientConnectionManager  - Connection request: [route: {}->http://localhost:7219][total kept alive: 0; route allocated: 0 of 2000; total allocated: 0 of 2000]
88758 [Forwarding isElementDisplayed on session c5bf1d259c068ae76f99adfff79e8f20 to remote] DEBUG org.apache.http.impl.conn.PoolingHttpClientConnectionManager  - Connection leased: [id: 72][route: {}->http://localhost:7219][total kept alive: 0; route allocated: 1 of 2000; total allocated: 1 of 2000]
88758 [Forwarding isElementDisplayed on session c5bf1d259c068ae76f99adfff79e8f20 to remote] DEBUG org.apache.http.impl.conn.PoolingHttpClientConnectionManager  - Connection leased: [id: 72][route: {}->http://localhost:7219][total kept alive: 0; route allocated: 1 of 2000; total allocated: 1 of 2000]
88758 [Forwarding isElementDisplayed on session c5bf1d259c068ae76f99adfff79e8f20 to remote] DEBUG org.apache.http.impl.conn.PoolingHttpClientConnectionManager  - Connection leased: [id: 72][route: {}->http://localhost:7219][total kept alive: 0; route allocated: 1 of 2000; total allocated: 1 of 2000]
88758 [Forwarding isElementDisplayed on session c5bf1d259c068ae76f99adfff79e8f20 to remote] DEBUG org.apache.http.impl.execchain.MainClientExec  - Opening connection {}->http://localhost:7219
88758 [Forwarding isElementDisplayed on session c5bf1d259c068ae76f99adfff79e8f20 to remote] DEBUG org.apache.http.impl.execchain.MainClientExec  - Opening connection {}->http://localhost:7219
88758 [Forwarding isElementDisplayed on session c5bf1d259c068ae76f99adfff79e8f20 to remote] DEBUG org.apache.http.impl.execchain.MainClientExec  - Opening connection {}->http://localhost:7219
88759 [Forwarding isElementDisplayed on session c5bf1d259c068ae76f99adfff79e8f20 to remote] DEBUG org.apache.http.impl.conn.DefaultHttpClientConnectionOperator  - Connecting to localhost/127.0.0.1:7219
88759 [Forwarding isElementDisplayed on session c5bf1d259c068ae76f99adfff79e8f20 to remote] DEBUG org.apache.http.impl.conn.DefaultHttpClientConnectionOperator  - Connecting to localhost/127.0.0.1:7219
88759 [Forwarding isElementDisplayed on session c5bf1d259c068ae76f99adfff79e8f20 to remote] DEBUG org.apache.http.impl.conn.DefaultHttpClientConnectionOperator  - Connecting to localhost/127.0.0.1:7219
88760 [Forwarding isElementDisplayed on session c5bf1d259c068ae76f99adfff79e8f20 to remote] DEBUG org.apache.http.impl.conn.DefaultHttpClientConnectionOperator  - Connection established 127.0.0.1:52970<->127.0.0.1:7219
88760 [Forwarding isElementDisplayed on session c5bf1d259c068ae76f99adfff79e8f20 to remote] DEBUG org.apache.http.impl.conn.DefaultHttpClientConnectionOperator  - Connection established 127.0.0.1:52970<->127.0.0.1:7219
88760 [Forwarding isElementDisplayed on session c5bf1d259c068ae76f99adfff79e8f20 to remote] DEBUG org.apache.http.impl.conn.DefaultHttpClientConnectionOperator  - Connection established 127.0.0.1:52970<->127.0.0.1:7219
88760 [Forwarding isElementDisplayed on session c5bf1d259c068ae76f99adfff79e8f20 to remote] DEBUG org.apache.http.impl.conn.DefaultManagedHttpClientConnection  - http-outgoing-72: set socket timeout to 10800000
88760 [Forwarding isElementDisplayed on session c5bf1d259c068ae76f99adfff79e8f20 to remote] DEBUG org.apache.http.impl.conn.DefaultManagedHttpClientConnection  - http-outgoing-72: set socket timeout to 10800000
88760 [Forwarding isElementDisplayed on session c5bf1d259c068ae76f99adfff79e8f20 to remote] DEBUG org.apache.http.impl.conn.DefaultManagedHttpClientConnection  - http-outgoing-72: set socket timeout to 10800000
88760 [Forwarding isElementDisplayed on session c5bf1d259c068ae76f99adfff79e8f20 to remote] DEBUG org.apache.http.impl.execchain.MainClientExec  - Executing request GET /session/c5bf1d259c068ae76f99adfff79e8f20/element/0.413775131091888-3/displayed HTTP/1.1
88760 [Forwarding isElementDisplayed on session c5bf1d259c068ae76f99adfff79e8f20 to remote] DEBUG org.apache.http.impl.execchain.MainClientExec  - Executing request GET /session/c5bf1d259c068ae76f99adfff79e8f20/element/0.413775131091888-3/displayed HTTP/1.1
88760 [Forwarding isElementDisplayed on session c5bf1d259c068ae76f99adfff79e8f20 to remote] DEBUG org.apache.http.impl.execchain.MainClientExec  - Executing request GET /session/c5bf1d259c068ae76f99adfff79e8f20/element/0.413775131091888-3/displayed HTTP/1.1
88761 [Forwarding isElementDisplayed on session c5bf1d259c068ae76f99adfff79e8f20 to remote] DEBUG org.apache.http.impl.execchain.MainClientExec  - Target auth state: UNCHALLENGED
88761 [Forwarding isElementDisplayed on session c5bf1d259c068ae76f99adfff79e8f20 to remote] DEBUG org.apache.http.impl.execchain.MainClientExec  - Target auth state: UNCHALLENGED
88761 [Forwarding isElementDisplayed on session c5bf1d259c068ae76f99adfff79e8f20 to remote] DEBUG org.apache.http.impl.execchain.MainClientExec  - Target auth state: UNCHALLENGED
88761 [Forwarding isElementDisplayed on session c5bf1d259c068ae76f99adfff79e8f20 to remote] DEBUG org.apache.http.impl.execchain.MainClientExec  - Proxy auth state: UNCHALLENGED
88761 [Forwarding isElementDisplayed on session c5bf1d259c068ae76f99adfff79e8f20 to remote] DEBUG org.apache.http.impl.execchain.MainClientExec  - Proxy auth state: UNCHALLENGED
88761 [Forwarding isElementDisplayed on session c5bf1d259c068ae76f99adfff79e8f20 to remote] DEBUG org.apache.http.impl.execchain.MainClientExec  - Proxy auth state: UNCHALLENGED
88761 [Forwarding isElementDisplayed on session c5bf1d259c068ae76f99adfff79e8f20 to remote] DEBUG org.apache.http.headers  - http-outgoing-72 >> GET /session/c5bf1d259c068ae76f99adfff79e8f20/element/0.413775131091888-3/displayed HTTP/1.1
88761 [Forwarding isElementDisplayed on session c5bf1d259c068ae76f99adfff79e8f20 to remote] DEBUG org.apache.http.headers  - http-outgoing-72 >> GET /session/c5bf1d259c068ae76f99adfff79e8f20/element/0.413775131091888-3/displayed HTTP/1.1
88761 [Forwarding isElementDisplayed on session c5bf1d259c068ae76f99adfff79e8f20 to remote] DEBUG org.apache.http.headers  - http-outgoing-72 >> GET /session/c5bf1d259c068ae76f99adfff79e8f20/element/0.413775131091888-3/displayed HTTP/1.1
88761 [Forwarding isElementDisplayed on session c5bf1d259c068ae76f99adfff79e8f20 to remote] DEBUG org.apache.http.headers  - http-outgoing-72 >> Cache-Control: no-cache
88761 [Forwarding isElementDisplayed on session c5bf1d259c068ae76f99adfff79e8f20 to remote] DEBUG org.apache.http.headers  - http-outgoing-72 >> Cache-Control: no-cache
88761 [Forwarding isElementDisplayed on session c5bf1d259c068ae76f99adfff79e8f20 to remote] DEBUG org.apache.http.headers  - http-outgoing-72 >> Cache-Control: no-cache
88761 [Forwarding isElementDisplayed on session c5bf1d259c068ae76f99adfff79e8f20 to remote] DEBUG org.apache.http.headers  - http-outgoing-72 >> Host: localhost:7219
88761 [Forwarding isElementDisplayed on session c5bf1d259c068ae76f99adfff79e8f20 to remote] DEBUG org.apache.http.headers  - http-outgoing-72 >> Host: localhost:7219
88761 [Forwarding isElementDisplayed on session c5bf1d259c068ae76f99adfff79e8f20 to remote] DEBUG org.apache.http.headers  - http-outgoing-72 >> Host: localhost:7219
88761 [Forwarding isElementDisplayed on session c5bf1d259c068ae76f99adfff79e8f20 to remote] DEBUG org.apache.http.headers  - http-outgoing-72 >> Connection: Keep-Alive
88761 [Forwarding isElementDisplayed on session c5bf1d259c068ae76f99adfff79e8f20 to remote] DEBUG org.apache.http.headers  - http-outgoing-72 >> Connection: Keep-Alive
88761 [Forwarding isElementDisplayed on session c5bf1d259c068ae76f99adfff79e8f20 to remote] DEBUG org.apache.http.headers  - http-outgoing-72 >> Connection: Keep-Alive
88761 [Forwarding isElementDisplayed on session c5bf1d259c068ae76f99adfff79e8f20 to remote] DEBUG org.apache.http.headers  - http-outgoing-72 >> User-Agent: Apache-HttpClient/4.5.2 (Java/1.8.0_91)
88761 [Forwarding isElementDisplayed on session c5bf1d259c068ae76f99adfff79e8f20 to remote] DEBUG org.apache.http.headers  - http-outgoing-72 >> User-Agent: Apache-HttpClient/4.5.2 (Java/1.8.0_91)
88761 [Forwarding isElementDisplayed on session c5bf1d259c068ae76f99adfff79e8f20 to remote] DEBUG org.apache.http.headers  - http-outgoing-72 >> User-Agent: Apache-HttpClient/4.5.2 (Java/1.8.0_91)
88761 [Forwarding isElementDisplayed on session c5bf1d259c068ae76f99adfff79e8f20 to remote] DEBUG org.apache.http.headers  - http-outgoing-72 >> Accept-Encoding: gzip,deflate
88761 [Forwarding isElementDisplayed on session c5bf1d259c068ae76f99adfff79e8f20 to remote] DEBUG org.apache.http.headers  - http-outgoing-72 >> Accept-Encoding: gzip,deflate
88761 [Forwarding isElementDisplayed on session c5bf1d259c068ae76f99adfff79e8f20 to remote] DEBUG org.apache.http.headers  - http-outgoing-72 >> Accept-Encoding: gzip,deflate
88761 [Forwarding isElementDisplayed on session c5bf1d259c068ae76f99adfff79e8f20 to remote] DEBUG org.apache.http.wire  - http-outgoing-72 >> "GET /session/c5bf1d259c068ae76f99adfff79e8f20/element/0.413775131091888-3/displayed HTTP/1.1[\r][\n]"
88761 [Forwarding isElementDisplayed on session c5bf1d259c068ae76f99adfff79e8f20 to remote] DEBUG org.apache.http.wire  - http-outgoing-72 >> "GET /session/c5bf1d259c068ae76f99adfff79e8f20/element/0.413775131091888-3/displayed HTTP/1.1[\r][\n]"
88761 [Forwarding isElementDisplayed on session c5bf1d259c068ae76f99adfff79e8f20 to remote] DEBUG org.apache.http.wire  - http-outgoing-72 >> "GET /session/c5bf1d259c068ae76f99adfff79e8f20/element/0.413775131091888-3/displayed HTTP/1.1[\r][\n]"
88761 [Forwarding isElementDisplayed on session c5bf1d259c068ae76f99adfff79e8f20 to remote] DEBUG org.apache.http.wire  - http-outgoing-72 >> "Cache-Control: no-cache[\r][\n]"
88761 [Forwarding isElementDisplayed on session c5bf1d259c068ae76f99adfff79e8f20 to remote] DEBUG org.apache.http.wire  - http-outgoing-72 >> "Cache-Control: no-cache[\r][\n]"
88761 [Forwarding isElementDisplayed on session c5bf1d259c068ae76f99adfff79e8f20 to remote] DEBUG org.apache.http.wire  - http-outgoing-72 >> "Cache-Control: no-cache[\r][\n]"
88761 [Forwarding isElementDisplayed on session c5bf1d259c068ae76f99adfff79e8f20 to remote] DEBUG org.apache.http.wire  - http-outgoing-72 >> "Host: localhost:7219[\r][\n]"
88761 [Forwarding isElementDisplayed on session c5bf1d259c068ae76f99adfff79e8f20 to remote] DEBUG org.apache.http.wire  - http-outgoing-72 >> "Host: localhost:7219[\r][\n]"
88761 [Forwarding isElementDisplayed on session c5bf1d259c068ae76f99adfff79e8f20 to remote] DEBUG org.apache.http.wire  - http-outgoing-72 >> "Host: localhost:7219[\r][\n]"
88761 [Forwarding isElementDisplayed on session c5bf1d259c068ae76f99adfff79e8f20 to remote] DEBUG org.apache.http.wire  - http-outgoing-72 >> "Connection: Keep-Alive[\r][\n]"
88761 [Forwarding isElementDisplayed on session c5bf1d259c068ae76f99adfff79e8f20 to remote] DEBUG org.apache.http.wire  - http-outgoing-72 >> "Connection: Keep-Alive[\r][\n]"
88761 [Forwarding isElementDisplayed on session c5bf1d259c068ae76f99adfff79e8f20 to remote] DEBUG org.apache.http.wire  - http-outgoing-72 >> "Connection: Keep-Alive[\r][\n]"
88762 [Forwarding isElementDisplayed on session c5bf1d259c068ae76f99adfff79e8f20 to remote] DEBUG org.apache.http.wire  - http-outgoing-72 >> "User-Agent: Apache-HttpClient/4.5.2 (Java/1.8.0_91)[\r][\n]"
88762 [Forwarding isElementDisplayed on session c5bf1d259c068ae76f99adfff79e8f20 to remote] DEBUG org.apache.http.wire  - http-outgoing-72 >> "User-Agent: Apache-HttpClient/4.5.2 (Java/1.8.0_91)[\r][\n]"
88762 [Forwarding isElementDisplayed on session c5bf1d259c068ae76f99adfff79e8f20 to remote] DEBUG org.apache.http.wire  - http-outgoing-72 >> "User-Agent: Apache-HttpClient/4.5.2 (Java/1.8.0_91)[\r][\n]"
88762 [Forwarding isElementDisplayed on session c5bf1d259c068ae76f99adfff79e8f20 to remote] DEBUG org.apache.http.wire  - http-outgoing-72 >> "Accept-Encoding: gzip,deflate[\r][\n]"
88762 [Forwarding isElementDisplayed on session c5bf1d259c068ae76f99adfff79e8f20 to remote] DEBUG org.apache.http.wire  - http-outgoing-72 >> "Accept-Encoding: gzip,deflate[\r][\n]"
88762 [Forwarding isElementDisplayed on session c5bf1d259c068ae76f99adfff79e8f20 to remote] DEBUG org.apache.http.wire  - http-outgoing-72 >> "Accept-Encoding: gzip,deflate[\r][\n]"
88762 [Forwarding isElementDisplayed on session c5bf1d259c068ae76f99adfff79e8f20 to remote] DEBUG org.apache.http.wire  - http-outgoing-72 >> "[\r][\n]"
88762 [Forwarding isElementDisplayed on session c5bf1d259c068ae76f99adfff79e8f20 to remote] DEBUG org.apache.http.wire  - http-outgoing-72 >> "[\r][\n]"
88762 [Forwarding isElementDisplayed on session c5bf1d259c068ae76f99adfff79e8f20 to remote] DEBUG org.apache.http.wire  - http-outgoing-72 >> "[\r][\n]"
88781 [Forwarding isElementDisplayed on session c5bf1d259c068ae76f99adfff79e8f20 to remote] DEBUG org.apache.http.wire  - http-outgoing-72 << "HTTP/1.1 200 OK[\r][\n]"
88781 [Forwarding isElementDisplayed on session c5bf1d259c068ae76f99adfff79e8f20 to remote] DEBUG org.apache.http.wire  - http-outgoing-72 << "HTTP/1.1 200 OK[\r][\n]"
88781 [Forwarding isElementDisplayed on session c5bf1d259c068ae76f99adfff79e8f20 to remote] DEBUG org.apache.http.wire  - http-outgoing-72 << "HTTP/1.1 200 OK[\r][\n]"
88781 [Forwarding isElementDisplayed on session c5bf1d259c068ae76f99adfff79e8f20 to remote] DEBUG org.apache.http.wire  - http-outgoing-72 << "Content-Length:72[\r][\n]"
88781 [Forwarding isElementDisplayed on session c5bf1d259c068ae76f99adfff79e8f20 to remote] DEBUG org.apache.http.wire  - http-outgoing-72 << "Content-Length:72[\r][\n]"
88781 [Forwarding isElementDisplayed on session c5bf1d259c068ae76f99adfff79e8f20 to remote] DEBUG org.apache.http.wire  - http-outgoing-72 << "Content-Length:72[\r][\n]"
88781 [Forwarding isElementDisplayed on session c5bf1d259c068ae76f99adfff79e8f20 to remote] DEBUG org.apache.http.wire  - http-outgoing-72 << "Content-Type:application/json; charset=utf-8[\r][\n]"
88781 [Forwarding isElementDisplayed on session c5bf1d259c068ae76f99adfff79e8f20 to remote] DEBUG org.apache.http.wire  - http-outgoing-72 << "Content-Type:application/json; charset=utf-8[\r][\n]"
88781 [Forwarding isElementDisplayed on session c5bf1d259c068ae76f99adfff79e8f20 to remote] DEBUG org.apache.http.wire  - http-outgoing-72 << "Content-Type:application/json; charset=utf-8[\r][\n]"
88781 [Forwarding isElementDisplayed on session c5bf1d259c068ae76f99adfff79e8f20 to remote] DEBUG org.apache.http.wire  - http-outgoing-72 << "Connection:close[\r][\n]"
88781 [Forwarding isElementDisplayed on session c5bf1d259c068ae76f99adfff79e8f20 to remote] DEBUG org.apache.http.wire  - http-outgoing-72 << "Connection:close[\r][\n]"
88781 [Forwarding isElementDisplayed on session c5bf1d259c068ae76f99adfff79e8f20 to remote] DEBUG org.apache.http.wire  - http-outgoing-72 << "Connection:close[\r][\n]"
88781 [Forwarding isElementDisplayed on session c5bf1d259c068ae76f99adfff79e8f20 to remote] DEBUG org.apache.http.wire  - http-outgoing-72 << "[\r][\n]"
88781 [Forwarding isElementDisplayed on session c5bf1d259c068ae76f99adfff79e8f20 to remote] DEBUG org.apache.http.wire  - http-outgoing-72 << "[\r][\n]"
88781 [Forwarding isElementDisplayed on session c5bf1d259c068ae76f99adfff79e8f20 to remote] DEBUG org.apache.http.wire  - http-outgoing-72 << "[\r][\n]"
88781 [Forwarding isElementDisplayed on session c5bf1d259c068ae76f99adfff79e8f20 to remote] DEBUG org.apache.http.wire  - http-outgoing-72 << "{"sessionId":"c5bf1d259c068ae76f99adfff79e8f20","status":0,"value":true}"
88781 [Forwarding isElementDisplayed on session c5bf1d259c068ae76f99adfff79e8f20 to remote] DEBUG org.apache.http.wire  - http-outgoing-72 << "{"sessionId":"c5bf1d259c068ae76f99adfff79e8f20","status":0,"value":true}"
88781 [Forwarding isElementDisplayed on session c5bf1d259c068ae76f99adfff79e8f20 to remote] DEBUG org.apache.http.wire  - http-outgoing-72 << "{"sessionId":"c5bf1d259c068ae76f99adfff79e8f20","status":0,"value":true}"
88781 [Forwarding isElementDisplayed on session c5bf1d259c068ae76f99adfff79e8f20 to remote] DEBUG org.apache.http.headers  - http-outgoing-72 << HTTP/1.1 200 OK
88781 [Forwarding isElementDisplayed on session c5bf1d259c068ae76f99adfff79e8f20 to remote] DEBUG org.apache.http.headers  - http-outgoing-72 << HTTP/1.1 200 OK
88781 [Forwarding isElementDisplayed on session c5bf1d259c068ae76f99adfff79e8f20 to remote] DEBUG org.apache.http.headers  - http-outgoing-72 << HTTP/1.1 200 OK
88781 [Forwarding isElementDisplayed on session c5bf1d259c068ae76f99adfff79e8f20 to remote] DEBUG org.apache.http.headers  - http-outgoing-72 << Content-Length:72
88781 [Forwarding isElementDisplayed on session c5bf1d259c068ae76f99adfff79e8f20 to remote] DEBUG org.apache.http.headers  - http-outgoing-72 << Content-Length:72
88781 [Forwarding isElementDisplayed on session c5bf1d259c068ae76f99adfff79e8f20 to remote] DEBUG org.apache.http.headers  - http-outgoing-72 << Content-Length:72
88781 [Forwarding isElementDisplayed on session c5bf1d259c068ae76f99adfff79e8f20 to remote] DEBUG org.apache.http.headers  - http-outgoing-72 << Content-Type:application/json; charset=utf-8
88781 [Forwarding isElementDisplayed on session c5bf1d259c068ae76f99adfff79e8f20 to remote] DEBUG org.apache.http.headers  - http-outgoing-72 << Content-Type:application/json; charset=utf-8
88781 [Forwarding isElementDisplayed on session c5bf1d259c068ae76f99adfff79e8f20 to remote] DEBUG org.apache.http.headers  - http-outgoing-72 << Content-Type:application/json; charset=utf-8
88781 [Forwarding isElementDisplayed on session c5bf1d259c068ae76f99adfff79e8f20 to remote] DEBUG org.apache.http.headers  - http-outgoing-72 << Connection:close
88781 [Forwarding isElementDisplayed on session c5bf1d259c068ae76f99adfff79e8f20 to remote] DEBUG org.apache.http.headers  - http-outgoing-72 << Connection:close
88781 [Forwarding isElementDisplayed on session c5bf1d259c068ae76f99adfff79e8f20 to remote] DEBUG org.apache.http.headers  - http-outgoing-72 << Connection:close
88781 [Forwarding isElementDisplayed on session c5bf1d259c068ae76f99adfff79e8f20 to remote] DEBUG org.apache.http.impl.conn.DefaultManagedHttpClientConnection  - http-outgoing-72: Close connection
88781 [Forwarding isElementDisplayed on session c5bf1d259c068ae76f99adfff79e8f20 to remote] DEBUG org.apache.http.impl.conn.DefaultManagedHttpClientConnection  - http-outgoing-72: Close connection
88781 [Forwarding isElementDisplayed on session c5bf1d259c068ae76f99adfff79e8f20 to remote] DEBUG org.apache.http.impl.conn.DefaultManagedHttpClientConnection  - http-outgoing-72: Close connection
88781 [Forwarding isElementDisplayed on session c5bf1d259c068ae76f99adfff79e8f20 to remote] DEBUG org.apache.http.impl.execchain.MainClientExec  - Connection discarded
88781 [Forwarding isElementDisplayed on session c5bf1d259c068ae76f99adfff79e8f20 to remote] DEBUG org.apache.http.impl.execchain.MainClientExec  - Connection discarded
88781 [Forwarding isElementDisplayed on session c5bf1d259c068ae76f99adfff79e8f20 to remote] DEBUG org.apache.http.impl.execchain.MainClientExec  - Connection discarded
88790 [Forwarding isElementDisplayed on session c5bf1d259c068ae76f99adfff79e8f20 to remote] DEBUG org.apache.http.impl.conn.PoolingHttpClientConnectionManager  - Connection released: [id: 72][route: {}->http://localhost:7219][total kept alive: 0; route allocated: 0 of 2000; total allocated: 0 of 2000]
88790 [Forwarding isElementDisplayed on session c5bf1d259c068ae76f99adfff79e8f20 to remote] DEBUG org.apache.http.impl.conn.PoolingHttpClientConnectionManager  - Connection released: [id: 72][route: {}->http://localhost:7219][total kept alive: 0; route allocated: 0 of 2000; total allocated: 0 of 2000]
88790 [Forwarding isElementDisplayed on session c5bf1d259c068ae76f99adfff79e8f20 to remote] DEBUG org.apache.http.impl.conn.PoolingHttpClientConnectionManager  - Connection released: [id: 72][route: {}->http://localhost:7219][total kept alive: 0; route allocated: 0 of 2000; total allocated: 0 of 2000]
88791 [Forwarding isElementEnabled on session c5bf1d259c068ae76f99adfff79e8f20 to remote] DEBUG org.apache.http.client.protocol.RequestAddCookies  - CookieSpec selected: default
88791 [Forwarding isElementEnabled on session c5bf1d259c068ae76f99adfff79e8f20 to remote] DEBUG org.apache.http.client.protocol.RequestAddCookies  - CookieSpec selected: default
88791 [Forwarding isElementEnabled on session c5bf1d259c068ae76f99adfff79e8f20 to remote] DEBUG org.apache.http.client.protocol.RequestAddCookies  - CookieSpec selected: default
88792 [Forwarding isElementEnabled on session c5bf1d259c068ae76f99adfff79e8f20 to remote] DEBUG org.apache.http.client.protocol.RequestAuthCache  - Auth cache not set in the context
88792 [Forwarding isElementEnabled on session c5bf1d259c068ae76f99adfff79e8f20 to remote] DEBUG org.apache.http.client.protocol.RequestAuthCache  - Auth cache not set in the context
88792 [Forwarding isElementEnabled on session c5bf1d259c068ae76f99adfff79e8f20 to remote] DEBUG org.apache.http.client.protocol.RequestAuthCache  - Auth cache not set in the context
88792 [Forwarding isElementEnabled on session c5bf1d259c068ae76f99adfff79e8f20 to remote] DEBUG org.apache.http.impl.conn.PoolingHttpClientConnectionManager  - Connection request: [route: {}->http://localhost:7219][total kept alive: 0; route allocated: 0 of 2000; total allocated: 0 of 2000]
88792 [Forwarding isElementEnabled on session c5bf1d259c068ae76f99adfff79e8f20 to remote] DEBUG org.apache.http.impl.conn.PoolingHttpClientConnectionManager  - Connection request: [route: {}->http://localhost:7219][total kept alive: 0; route allocated: 0 of 2000; total allocated: 0 of 2000]
88792 [Forwarding isElementEnabled on session c5bf1d259c068ae76f99adfff79e8f20 to remote] DEBUG org.apache.http.impl.conn.PoolingHttpClientConnectionManager  - Connection request: [route: {}->http://localhost:7219][total kept alive: 0; route allocated: 0 of 2000; total allocated: 0 of 2000]
88792 [Forwarding isElementEnabled on session c5bf1d259c068ae76f99adfff79e8f20 to remote] DEBUG org.apache.http.impl.conn.PoolingHttpClientConnectionManager  - Connection leased: [id: 73][route: {}->http://localhost:7219][total kept alive: 0; route allocated: 1 of 2000; total allocated: 1 of 2000]
88792 [Forwarding isElementEnabled on session c5bf1d259c068ae76f99adfff79e8f20 to remote] DEBUG org.apache.http.impl.conn.PoolingHttpClientConnectionManager  - Connection leased: [id: 73][route: {}->http://localhost:7219][total kept alive: 0; route allocated: 1 of 2000; total allocated: 1 of 2000]
88792 [Forwarding isElementEnabled on session c5bf1d259c068ae76f99adfff79e8f20 to remote] DEBUG org.apache.http.impl.conn.PoolingHttpClientConnectionManager  - Connection leased: [id: 73][route: {}->http://localhost:7219][total kept alive: 0; route allocated: 1 of 2000; total allocated: 1 of 2000]
88792 [Forwarding isElementEnabled on session c5bf1d259c068ae76f99adfff79e8f20 to remote] DEBUG org.apache.http.impl.execchain.MainClientExec  - Opening connection {}->http://localhost:7219
88792 [Forwarding isElementEnabled on session c5bf1d259c068ae76f99adfff79e8f20 to remote] DEBUG org.apache.http.impl.execchain.MainClientExec  - Opening connection {}->http://localhost:7219
88792 [Forwarding isElementEnabled on session c5bf1d259c068ae76f99adfff79e8f20 to remote] DEBUG org.apache.http.impl.execchain.MainClientExec  - Opening connection {}->http://localhost:7219
88792 [Forwarding isElementEnabled on session c5bf1d259c068ae76f99adfff79e8f20 to remote] DEBUG org.apache.http.impl.conn.DefaultHttpClientConnectionOperator  - Connecting to localhost/127.0.0.1:7219
88792 [Forwarding isElementEnabled on session c5bf1d259c068ae76f99adfff79e8f20 to remote] DEBUG org.apache.http.impl.conn.DefaultHttpClientConnectionOperator  - Connecting to localhost/127.0.0.1:7219
88792 [Forwarding isElementEnabled on session c5bf1d259c068ae76f99adfff79e8f20 to remote] DEBUG org.apache.http.impl.conn.DefaultHttpClientConnectionOperator  - Connecting to localhost/127.0.0.1:7219
88792 [Forwarding isElementEnabled on session c5bf1d259c068ae76f99adfff79e8f20 to remote] DEBUG org.apache.http.impl.conn.DefaultHttpClientConnectionOperator  - Connection established 127.0.0.1:52971<->127.0.0.1:7219
88792 [Forwarding isElementEnabled on session c5bf1d259c068ae76f99adfff79e8f20 to remote] DEBUG org.apache.http.impl.conn.DefaultHttpClientConnectionOperator  - Connection established 127.0.0.1:52971<->127.0.0.1:7219
88792 [Forwarding isElementEnabled on session c5bf1d259c068ae76f99adfff79e8f20 to remote] DEBUG org.apache.http.impl.conn.DefaultHttpClientConnectionOperator  - Connection established 127.0.0.1:52971<->127.0.0.1:7219
88793 [Forwarding isElementEnabled on session c5bf1d259c068ae76f99adfff79e8f20 to remote] DEBUG org.apache.http.impl.conn.DefaultManagedHttpClientConnection  - http-outgoing-73: set socket timeout to 10800000
88793 [Forwarding isElementEnabled on session c5bf1d259c068ae76f99adfff79e8f20 to remote] DEBUG org.apache.http.impl.conn.DefaultManagedHttpClientConnection  - http-outgoing-73: set socket timeout to 10800000
88793 [Forwarding isElementEnabled on session c5bf1d259c068ae76f99adfff79e8f20 to remote] DEBUG org.apache.http.impl.conn.DefaultManagedHttpClientConnection  - http-outgoing-73: set socket timeout to 10800000
88793 [Forwarding isElementEnabled on session c5bf1d259c068ae76f99adfff79e8f20 to remote] DEBUG org.apache.http.impl.execchain.MainClientExec  - Executing request GET /session/c5bf1d259c068ae76f99adfff79e8f20/element/0.413775131091888-3/enabled HTTP/1.1
88793 [Forwarding isElementEnabled on session c5bf1d259c068ae76f99adfff79e8f20 to remote] DEBUG org.apache.http.impl.execchain.MainClientExec  - Executing request GET /session/c5bf1d259c068ae76f99adfff79e8f20/element/0.413775131091888-3/enabled HTTP/1.1
88793 [Forwarding isElementEnabled on session c5bf1d259c068ae76f99adfff79e8f20 to remote] DEBUG org.apache.http.impl.execchain.MainClientExec  - Executing request GET /session/c5bf1d259c068ae76f99adfff79e8f20/element/0.413775131091888-3/enabled HTTP/1.1
88793 [Forwarding isElementEnabled on session c5bf1d259c068ae76f99adfff79e8f20 to remote] DEBUG org.apache.http.impl.execchain.MainClientExec  - Target auth state: UNCHALLENGED
88793 [Forwarding isElementEnabled on session c5bf1d259c068ae76f99adfff79e8f20 to remote] DEBUG org.apache.http.impl.execchain.MainClientExec  - Target auth state: UNCHALLENGED
88793 [Forwarding isElementEnabled on session c5bf1d259c068ae76f99adfff79e8f20 to remote] DEBUG org.apache.http.impl.execchain.MainClientExec  - Target auth state: UNCHALLENGED
88793 [Forwarding isElementEnabled on session c5bf1d259c068ae76f99adfff79e8f20 to remote] DEBUG org.apache.http.impl.execchain.MainClientExec  - Proxy auth state: UNCHALLENGED
88793 [Forwarding isElementEnabled on session c5bf1d259c068ae76f99adfff79e8f20 to remote] DEBUG org.apache.http.impl.execchain.MainClientExec  - Proxy auth state: UNCHALLENGED
88793 [Forwarding isElementEnabled on session c5bf1d259c068ae76f99adfff79e8f20 to remote] DEBUG org.apache.http.impl.execchain.MainClientExec  - Proxy auth state: UNCHALLENGED
88793 [Forwarding isElementEnabled on session c5bf1d259c068ae76f99adfff79e8f20 to remote] DEBUG org.apache.http.headers  - http-outgoing-73 >> GET /session/c5bf1d259c068ae76f99adfff79e8f20/element/0.413775131091888-3/enabled HTTP/1.1
88793 [Forwarding isElementEnabled on session c5bf1d259c068ae76f99adfff79e8f20 to remote] DEBUG org.apache.http.headers  - http-outgoing-73 >> GET /session/c5bf1d259c068ae76f99adfff79e8f20/element/0.413775131091888-3/enabled HTTP/1.1
88793 [Forwarding isElementEnabled on session c5bf1d259c068ae76f99adfff79e8f20 to remote] DEBUG org.apache.http.headers  - http-outgoing-73 >> GET /session/c5bf1d259c068ae76f99adfff79e8f20/element/0.413775131091888-3/enabled HTTP/1.1
88793 [Forwarding isElementEnabled on session c5bf1d259c068ae76f99adfff79e8f20 to remote] DEBUG org.apache.http.headers  - http-outgoing-73 >> Cache-Control: no-cache
88793 [Forwarding isElementEnabled on session c5bf1d259c068ae76f99adfff79e8f20 to remote] DEBUG org.apache.http.headers  - http-outgoing-73 >> Cache-Control: no-cache
88793 [Forwarding isElementEnabled on session c5bf1d259c068ae76f99adfff79e8f20 to remote] DEBUG org.apache.http.headers  - http-outgoing-73 >> Cache-Control: no-cache
88793 [Forwarding isElementEnabled on session c5bf1d259c068ae76f99adfff79e8f20 to remote] DEBUG org.apache.http.headers  - http-outgoing-73 >> Host: localhost:7219
88793 [Forwarding isElementEnabled on session c5bf1d259c068ae76f99adfff79e8f20 to remote] DEBUG org.apache.http.headers  - http-outgoing-73 >> Host: localhost:7219
88793 [Forwarding isElementEnabled on session c5bf1d259c068ae76f99adfff79e8f20 to remote] DEBUG org.apache.http.headers  - http-outgoing-73 >> Host: localhost:7219
88793 [Forwarding isElementEnabled on session c5bf1d259c068ae76f99adfff79e8f20 to remote] DEBUG org.apache.http.headers  - http-outgoing-73 >> Connection: Keep-Alive
88793 [Forwarding isElementEnabled on session c5bf1d259c068ae76f99adfff79e8f20 to remote] DEBUG org.apache.http.headers  - http-outgoing-73 >> Connection: Keep-Alive
88793 [Forwarding isElementEnabled on session c5bf1d259c068ae76f99adfff79e8f20 to remote] DEBUG org.apache.http.headers  - http-outgoing-73 >> Connection: Keep-Alive
88794 [Forwarding isElementEnabled on session c5bf1d259c068ae76f99adfff79e8f20 to remote] DEBUG org.apache.http.headers  - http-outgoing-73 >> User-Agent: Apache-HttpClient/4.5.2 (Java/1.8.0_91)
88794 [Forwarding isElementEnabled on session c5bf1d259c068ae76f99adfff79e8f20 to remote] DEBUG org.apache.http.headers  - http-outgoing-73 >> User-Agent: Apache-HttpClient/4.5.2 (Java/1.8.0_91)
88794 [Forwarding isElementEnabled on session c5bf1d259c068ae76f99adfff79e8f20 to remote] DEBUG org.apache.http.headers  - http-outgoing-73 >> User-Agent: Apache-HttpClient/4.5.2 (Java/1.8.0_91)
88794 [Forwarding isElementEnabled on session c5bf1d259c068ae76f99adfff79e8f20 to remote] DEBUG org.apache.http.headers  - http-outgoing-73 >> Accept-Encoding: gzip,deflate
88794 [Forwarding isElementEnabled on session c5bf1d259c068ae76f99adfff79e8f20 to remote] DEBUG org.apache.http.headers  - http-outgoing-73 >> Accept-Encoding: gzip,deflate
88794 [Forwarding isElementEnabled on session c5bf1d259c068ae76f99adfff79e8f20 to remote] DEBUG org.apache.http.headers  - http-outgoing-73 >> Accept-Encoding: gzip,deflate
88794 [Forwarding isElementEnabled on session c5bf1d259c068ae76f99adfff79e8f20 to remote] DEBUG org.apache.http.wire  - http-outgoing-73 >> "GET /session/c5bf1d259c068ae76f99adfff79e8f20/element/0.413775131091888-3/enabled HTTP/1.1[\r][\n]"
88794 [Forwarding isElementEnabled on session c5bf1d259c068ae76f99adfff79e8f20 to remote] DEBUG org.apache.http.wire  - http-outgoing-73 >> "GET /session/c5bf1d259c068ae76f99adfff79e8f20/element/0.413775131091888-3/enabled HTTP/1.1[\r][\n]"
88794 [Forwarding isElementEnabled on session c5bf1d259c068ae76f99adfff79e8f20 to remote] DEBUG org.apache.http.wire  - http-outgoing-73 >> "GET /session/c5bf1d259c068ae76f99adfff79e8f20/element/0.413775131091888-3/enabled HTTP/1.1[\r][\n]"
88794 [Forwarding isElementEnabled on session c5bf1d259c068ae76f99adfff79e8f20 to remote] DEBUG org.apache.http.wire  - http-outgoing-73 >> "Cache-Control: no-cache[\r][\n]"
88794 [Forwarding isElementEnabled on session c5bf1d259c068ae76f99adfff79e8f20 to remote] DEBUG org.apache.http.wire  - http-outgoing-73 >> "Cache-Control: no-cache[\r][\n]"
88794 [Forwarding isElementEnabled on session c5bf1d259c068ae76f99adfff79e8f20 to remote] DEBUG org.apache.http.wire  - http-outgoing-73 >> "Cache-Control: no-cache[\r][\n]"
88794 [Forwarding isElementEnabled on session c5bf1d259c068ae76f99adfff79e8f20 to remote] DEBUG org.apache.http.wire  - http-outgoing-73 >> "Host: localhost:7219[\r][\n]"
88794 [Forwarding isElementEnabled on session c5bf1d259c068ae76f99adfff79e8f20 to remote] DEBUG org.apache.http.wire  - http-outgoing-73 >> "Host: localhost:7219[\r][\n]"
88794 [Forwarding isElementEnabled on session c5bf1d259c068ae76f99adfff79e8f20 to remote] DEBUG org.apache.http.wire  - http-outgoing-73 >> "Host: localhost:7219[\r][\n]"
88794 [Forwarding isElementEnabled on session c5bf1d259c068ae76f99adfff79e8f20 to remote] DEBUG org.apache.http.wire  - http-outgoing-73 >> "Connection: Keep-Alive[\r][\n]"
88794 [Forwarding isElementEnabled on session c5bf1d259c068ae76f99adfff79e8f20 to remote] DEBUG org.apache.http.wire  - http-outgoing-73 >> "Connection: Keep-Alive[\r][\n]"
88794 [Forwarding isElementEnabled on session c5bf1d259c068ae76f99adfff79e8f20 to remote] DEBUG org.apache.http.wire  - http-outgoing-73 >> "Connection: Keep-Alive[\r][\n]"
88794 [Forwarding isElementEnabled on session c5bf1d259c068ae76f99adfff79e8f20 to remote] DEBUG org.apache.http.wire  - http-outgoing-73 >> "User-Agent: Apache-HttpClient/4.5.2 (Java/1.8.0_91)[\r][\n]"
88794 [Forwarding isElementEnabled on session c5bf1d259c068ae76f99adfff79e8f20 to remote] DEBUG org.apache.http.wire  - http-outgoing-73 >> "User-Agent: Apache-HttpClient/4.5.2 (Java/1.8.0_91)[\r][\n]"
88794 [Forwarding isElementEnabled on session c5bf1d259c068ae76f99adfff79e8f20 to remote] DEBUG org.apache.http.wire  - http-outgoing-73 >> "User-Agent: Apache-HttpClient/4.5.2 (Java/1.8.0_91)[\r][\n]"
88794 [Forwarding isElementEnabled on session c5bf1d259c068ae76f99adfff79e8f20 to remote] DEBUG org.apache.http.wire  - http-outgoing-73 >> "Accept-Encoding: gzip,deflate[\r][\n]"
88794 [Forwarding isElementEnabled on session c5bf1d259c068ae76f99adfff79e8f20 to remote] DEBUG org.apache.http.wire  - http-outgoing-73 >> "Accept-Encoding: gzip,deflate[\r][\n]"
88794 [Forwarding isElementEnabled on session c5bf1d259c068ae76f99adfff79e8f20 to remote] DEBUG org.apache.http.wire  - http-outgoing-73 >> "Accept-Encoding: gzip,deflate[\r][\n]"
88794 [Forwarding isElementEnabled on session c5bf1d259c068ae76f99adfff79e8f20 to remote] DEBUG org.apache.http.wire  - http-outgoing-73 >> "[\r][\n]"
88794 [Forwarding isElementEnabled on session c5bf1d259c068ae76f99adfff79e8f20 to remote] DEBUG org.apache.http.wire  - http-outgoing-73 >> "[\r][\n]"
88794 [Forwarding isElementEnabled on session c5bf1d259c068ae76f99adfff79e8f20 to remote] DEBUG org.apache.http.wire  - http-outgoing-73 >> "[\r][\n]"
88810 [Forwarding isElementEnabled on session c5bf1d259c068ae76f99adfff79e8f20 to remote] DEBUG org.apache.http.wire  - http-outgoing-73 << "HTTP/1.1 200 OK[\r][\n]"
88810 [Forwarding isElementEnabled on session c5bf1d259c068ae76f99adfff79e8f20 to remote] DEBUG org.apache.http.wire  - http-outgoing-73 << "HTTP/1.1 200 OK[\r][\n]"
88810 [Forwarding isElementEnabled on session c5bf1d259c068ae76f99adfff79e8f20 to remote] DEBUG org.apache.http.wire  - http-outgoing-73 << "HTTP/1.1 200 OK[\r][\n]"
88810 [Forwarding isElementEnabled on session c5bf1d259c068ae76f99adfff79e8f20 to remote] DEBUG org.apache.http.wire  - http-outgoing-73 << "Content-Length:72[\r][\n]"
88810 [Forwarding isElementEnabled on session c5bf1d259c068ae76f99adfff79e8f20 to remote] DEBUG org.apache.http.wire  - http-outgoing-73 << "Content-Length:72[\r][\n]"
88810 [Forwarding isElementEnabled on session c5bf1d259c068ae76f99adfff79e8f20 to remote] DEBUG org.apache.http.wire  - http-outgoing-73 << "Content-Length:72[\r][\n]"
88810 [Forwarding isElementEnabled on session c5bf1d259c068ae76f99adfff79e8f20 to remote] DEBUG org.apache.http.wire  - http-outgoing-73 << "Content-Type:application/json; charset=utf-8[\r][\n]"
88810 [Forwarding isElementEnabled on session c5bf1d259c068ae76f99adfff79e8f20 to remote] DEBUG org.apache.http.wire  - http-outgoing-73 << "Content-Type:application/json; charset=utf-8[\r][\n]"
88810 [Forwarding isElementEnabled on session c5bf1d259c068ae76f99adfff79e8f20 to remote] DEBUG org.apache.http.wire  - http-outgoing-73 << "Content-Type:application/json; charset=utf-8[\r][\n]"
88810 [Forwarding isElementEnabled on session c5bf1d259c068ae76f99adfff79e8f20 to remote] DEBUG org.apache.http.wire  - http-outgoing-73 << "Connection:close[\r][\n]"
88810 [Forwarding isElementEnabled on session c5bf1d259c068ae76f99adfff79e8f20 to remote] DEBUG org.apache.http.wire  - http-outgoing-73 << "Connection:close[\r][\n]"
88810 [Forwarding isElementEnabled on session c5bf1d259c068ae76f99adfff79e8f20 to remote] DEBUG org.apache.http.wire  - http-outgoing-73 << "Connection:close[\r][\n]"
88810 [Forwarding isElementEnabled on session c5bf1d259c068ae76f99adfff79e8f20 to remote] DEBUG org.apache.http.wire  - http-outgoing-73 << "[\r][\n]"
88810 [Forwarding isElementEnabled on session c5bf1d259c068ae76f99adfff79e8f20 to remote] DEBUG org.apache.http.wire  - http-outgoing-73 << "[\r][\n]"
88810 [Forwarding isElementEnabled on session c5bf1d259c068ae76f99adfff79e8f20 to remote] DEBUG org.apache.http.wire  - http-outgoing-73 << "[\r][\n]"
88810 [Forwarding isElementEnabled on session c5bf1d259c068ae76f99adfff79e8f20 to remote] DEBUG org.apache.http.wire  - http-outgoing-73 << "{"sessionId":"c5bf1d259c068ae76f99adfff79e8f20","status":0,"value":true}"
88810 [Forwarding isElementEnabled on session c5bf1d259c068ae76f99adfff79e8f20 to remote] DEBUG org.apache.http.wire  - http-outgoing-73 << "{"sessionId":"c5bf1d259c068ae76f99adfff79e8f20","status":0,"value":true}"
88810 [Forwarding isElementEnabled on session c5bf1d259c068ae76f99adfff79e8f20 to remote] DEBUG org.apache.http.wire  - http-outgoing-73 << "{"sessionId":"c5bf1d259c068ae76f99adfff79e8f20","status":0,"value":true}"
88810 [Forwarding isElementEnabled on session c5bf1d259c068ae76f99adfff79e8f20 to remote] DEBUG org.apache.http.headers  - http-outgoing-73 << HTTP/1.1 200 OK
88810 [Forwarding isElementEnabled on session c5bf1d259c068ae76f99adfff79e8f20 to remote] DEBUG org.apache.http.headers  - http-outgoing-73 << HTTP/1.1 200 OK
88810 [Forwarding isElementEnabled on session c5bf1d259c068ae76f99adfff79e8f20 to remote] DEBUG org.apache.http.headers  - http-outgoing-73 << HTTP/1.1 200 OK
88810 [Forwarding isElementEnabled on session c5bf1d259c068ae76f99adfff79e8f20 to remote] DEBUG org.apache.http.headers  - http-outgoing-73 << Content-Length:72
88810 [Forwarding isElementEnabled on session c5bf1d259c068ae76f99adfff79e8f20 to remote] DEBUG org.apache.http.headers  - http-outgoing-73 << Content-Length:72
88810 [Forwarding isElementEnabled on session c5bf1d259c068ae76f99adfff79e8f20 to remote] DEBUG org.apache.http.headers  - http-outgoing-73 << Content-Length:72
88810 [Forwarding isElementEnabled on session c5bf1d259c068ae76f99adfff79e8f20 to remote] DEBUG org.apache.http.headers  - http-outgoing-73 << Content-Type:application/json; charset=utf-8
88810 [Forwarding isElementEnabled on session c5bf1d259c068ae76f99adfff79e8f20 to remote] DEBUG org.apache.http.headers  - http-outgoing-73 << Content-Type:application/json; charset=utf-8
88810 [Forwarding isElementEnabled on session c5bf1d259c068ae76f99adfff79e8f20 to remote] DEBUG org.apache.http.headers  - http-outgoing-73 << Content-Type:application/json; charset=utf-8
88810 [Forwarding isElementEnabled on session c5bf1d259c068ae76f99adfff79e8f20 to remote] DEBUG org.apache.http.headers  - http-outgoing-73 << Connection:close
88810 [Forwarding isElementEnabled on session c5bf1d259c068ae76f99adfff79e8f20 to remote] DEBUG org.apache.http.headers  - http-outgoing-73 << Connection:close
88810 [Forwarding isElementEnabled on session c5bf1d259c068ae76f99adfff79e8f20 to remote] DEBUG org.apache.http.headers  - http-outgoing-73 << Connection:close
88811 [Forwarding isElementEnabled on session c5bf1d259c068ae76f99adfff79e8f20 to remote] DEBUG org.apache.http.impl.conn.DefaultManagedHttpClientConnection  - http-outgoing-73: Close connection
88811 [Forwarding isElementEnabled on session c5bf1d259c068ae76f99adfff79e8f20 to remote] DEBUG org.apache.http.impl.conn.DefaultManagedHttpClientConnection  - http-outgoing-73: Close connection
88811 [Forwarding isElementEnabled on session c5bf1d259c068ae76f99adfff79e8f20 to remote] DEBUG org.apache.http.impl.conn.DefaultManagedHttpClientConnection  - http-outgoing-73: Close connection
88811 [Forwarding isElementEnabled on session c5bf1d259c068ae76f99adfff79e8f20 to remote] DEBUG org.apache.http.impl.execchain.MainClientExec  - Connection discarded
88811 [Forwarding isElementEnabled on session c5bf1d259c068ae76f99adfff79e8f20 to remote] DEBUG org.apache.http.impl.execchain.MainClientExec  - Connection discarded
88811 [Forwarding isElementEnabled on session c5bf1d259c068ae76f99adfff79e8f20 to remote] DEBUG org.apache.http.impl.execchain.MainClientExec  - Connection discarded
88811 [Forwarding isElementEnabled on session c5bf1d259c068ae76f99adfff79e8f20 to remote] DEBUG org.apache.http.impl.conn.PoolingHttpClientConnectionManager  - Connection released: [id: 73][route: {}->http://localhost:7219][total kept alive: 0; route allocated: 0 of 2000; total allocated: 0 of 2000]
88811 [Forwarding isElementEnabled on session c5bf1d259c068ae76f99adfff79e8f20 to remote] DEBUG org.apache.http.impl.conn.PoolingHttpClientConnectionManager  - Connection released: [id: 73][route: {}->http://localhost:7219][total kept alive: 0; route allocated: 0 of 2000; total allocated: 0 of 2000]
88811 [Forwarding isElementEnabled on session c5bf1d259c068ae76f99adfff79e8f20 to remote] DEBUG org.apache.http.impl.conn.PoolingHttpClientConnectionManager  - Connection released: [id: 73][route: {}->http://localhost:7219][total kept alive: 0; route allocated: 0 of 2000; total allocated: 0 of 2000]
88812 [Forwarding findElement on session c5bf1d259c068ae76f99adfff79e8f20 to remote] DEBUG org.apache.http.client.protocol.RequestAddCookies  - CookieSpec selected: default
88812 [Forwarding findElement on session c5bf1d259c068ae76f99adfff79e8f20 to remote] DEBUG org.apache.http.client.protocol.RequestAddCookies  - CookieSpec selected: default
88812 [Forwarding findElement on session c5bf1d259c068ae76f99adfff79e8f20 to remote] DEBUG org.apache.http.client.protocol.RequestAddCookies  - CookieSpec selected: default
88812 [Forwarding findElement on session c5bf1d259c068ae76f99adfff79e8f20 to remote] DEBUG org.apache.http.client.protocol.RequestAuthCache  - Auth cache not set in the context
88812 [Forwarding findElement on session c5bf1d259c068ae76f99adfff79e8f20 to remote] DEBUG org.apache.http.client.protocol.RequestAuthCache  - Auth cache not set in the context
88812 [Forwarding findElement on session c5bf1d259c068ae76f99adfff79e8f20 to remote] DEBUG org.apache.http.client.protocol.RequestAuthCache  - Auth cache not set in the context
88812 [Forwarding findElement on session c5bf1d259c068ae76f99adfff79e8f20 to remote] DEBUG org.apache.http.impl.conn.PoolingHttpClientConnectionManager  - Connection request: [route: {}->http://localhost:7219][total kept alive: 0; route allocated: 0 of 2000; total allocated: 0 of 2000]
88812 [Forwarding findElement on session c5bf1d259c068ae76f99adfff79e8f20 to remote] DEBUG org.apache.http.impl.conn.PoolingHttpClientConnectionManager  - Connection request: [route: {}->http://localhost:7219][total kept alive: 0; route allocated: 0 of 2000; total allocated: 0 of 2000]
88812 [Forwarding findElement on session c5bf1d259c068ae76f99adfff79e8f20 to remote] DEBUG org.apache.http.impl.conn.PoolingHttpClientConnectionManager  - Connection request: [route: {}->http://localhost:7219][total kept alive: 0; route allocated: 0 of 2000; total allocated: 0 of 2000]
88813 [Forwarding findElement on session c5bf1d259c068ae76f99adfff79e8f20 to remote] DEBUG org.apache.http.impl.conn.PoolingHttpClientConnectionManager  - Connection leased: [id: 74][route: {}->http://localhost:7219][total kept alive: 0; route allocated: 1 of 2000; total allocated: 1 of 2000]
88813 [Forwarding findElement on session c5bf1d259c068ae76f99adfff79e8f20 to remote] DEBUG org.apache.http.impl.conn.PoolingHttpClientConnectionManager  - Connection leased: [id: 74][route: {}->http://localhost:7219][total kept alive: 0; route allocated: 1 of 2000; total allocated: 1 of 2000]
88813 [Forwarding findElement on session c5bf1d259c068ae76f99adfff79e8f20 to remote] DEBUG org.apache.http.impl.conn.PoolingHttpClientConnectionManager  - Connection leased: [id: 74][route: {}->http://localhost:7219][total kept alive: 0; route allocated: 1 of 2000; total allocated: 1 of 2000]
88813 [Forwarding findElement on session c5bf1d259c068ae76f99adfff79e8f20 to remote] DEBUG org.apache.http.impl.execchain.MainClientExec  - Opening connection {}->http://localhost:7219
88813 [Forwarding findElement on session c5bf1d259c068ae76f99adfff79e8f20 to remote] DEBUG org.apache.http.impl.execchain.MainClientExec  - Opening connection {}->http://localhost:7219
88813 [Forwarding findElement on session c5bf1d259c068ae76f99adfff79e8f20 to remote] DEBUG org.apache.http.impl.execchain.MainClientExec  - Opening connection {}->http://localhost:7219
88813 [Forwarding findElement on session c5bf1d259c068ae76f99adfff79e8f20 to remote] DEBUG org.apache.http.impl.conn.DefaultHttpClientConnectionOperator  - Connecting to localhost/127.0.0.1:7219
88813 [Forwarding findElement on session c5bf1d259c068ae76f99adfff79e8f20 to remote] DEBUG org.apache.http.impl.conn.DefaultHttpClientConnectionOperator  - Connecting to localhost/127.0.0.1:7219
88813 [Forwarding findElement on session c5bf1d259c068ae76f99adfff79e8f20 to remote] DEBUG org.apache.http.impl.conn.DefaultHttpClientConnectionOperator  - Connecting to localhost/127.0.0.1:7219
88813 [Forwarding findElement on session c5bf1d259c068ae76f99adfff79e8f20 to remote] DEBUG org.apache.http.impl.conn.DefaultHttpClientConnectionOperator  - Connection established 127.0.0.1:52972<->127.0.0.1:7219
88813 [Forwarding findElement on session c5bf1d259c068ae76f99adfff79e8f20 to remote] DEBUG org.apache.http.impl.conn.DefaultHttpClientConnectionOperator  - Connection established 127.0.0.1:52972<->127.0.0.1:7219
88813 [Forwarding findElement on session c5bf1d259c068ae76f99adfff79e8f20 to remote] DEBUG org.apache.http.impl.conn.DefaultHttpClientConnectionOperator  - Connection established 127.0.0.1:52972<->127.0.0.1:7219
88813 [Forwarding findElement on session c5bf1d259c068ae76f99adfff79e8f20 to remote] DEBUG org.apache.http.impl.conn.DefaultManagedHttpClientConnection  - http-outgoing-74: set socket timeout to 10800000
88813 [Forwarding findElement on session c5bf1d259c068ae76f99adfff79e8f20 to remote] DEBUG org.apache.http.impl.conn.DefaultManagedHttpClientConnection  - http-outgoing-74: set socket timeout to 10800000
88813 [Forwarding findElement on session c5bf1d259c068ae76f99adfff79e8f20 to remote] DEBUG org.apache.http.impl.conn.DefaultManagedHttpClientConnection  - http-outgoing-74: set socket timeout to 10800000
88814 [Forwarding findElement on session c5bf1d259c068ae76f99adfff79e8f20 to remote] DEBUG org.apache.http.impl.execchain.MainClientExec  - Executing request POST /session/c5bf1d259c068ae76f99adfff79e8f20/element HTTP/1.1
88814 [Forwarding findElement on session c5bf1d259c068ae76f99adfff79e8f20 to remote] DEBUG org.apache.http.impl.execchain.MainClientExec  - Executing request POST /session/c5bf1d259c068ae76f99adfff79e8f20/element HTTP/1.1
88814 [Forwarding findElement on session c5bf1d259c068ae76f99adfff79e8f20 to remote] DEBUG org.apache.http.impl.execchain.MainClientExec  - Executing request POST /session/c5bf1d259c068ae76f99adfff79e8f20/element HTTP/1.1
88814 [Forwarding findElement on session c5bf1d259c068ae76f99adfff79e8f20 to remote] DEBUG org.apache.http.impl.execchain.MainClientExec  - Target auth state: UNCHALLENGED
88814 [Forwarding findElement on session c5bf1d259c068ae76f99adfff79e8f20 to remote] DEBUG org.apache.http.impl.execchain.MainClientExec  - Target auth state: UNCHALLENGED
88814 [Forwarding findElement on session c5bf1d259c068ae76f99adfff79e8f20 to remote] DEBUG org.apache.http.impl.execchain.MainClientExec  - Target auth state: UNCHALLENGED
88814 [Forwarding findElement on session c5bf1d259c068ae76f99adfff79e8f20 to remote] DEBUG org.apache.http.impl.execchain.MainClientExec  - Proxy auth state: UNCHALLENGED
88814 [Forwarding findElement on session c5bf1d259c068ae76f99adfff79e8f20 to remote] DEBUG org.apache.http.impl.execchain.MainClientExec  - Proxy auth state: UNCHALLENGED
88814 [Forwarding findElement on session c5bf1d259c068ae76f99adfff79e8f20 to remote] DEBUG org.apache.http.impl.execchain.MainClientExec  - Proxy auth state: UNCHALLENGED
88814 [Forwarding findElement on session c5bf1d259c068ae76f99adfff79e8f20 to remote] DEBUG org.apache.http.headers  - http-outgoing-74 >> POST /session/c5bf1d259c068ae76f99adfff79e8f20/element HTTP/1.1
88814 [Forwarding findElement on session c5bf1d259c068ae76f99adfff79e8f20 to remote] DEBUG org.apache.http.headers  - http-outgoing-74 >> POST /session/c5bf1d259c068ae76f99adfff79e8f20/element HTTP/1.1
88814 [Forwarding findElement on session c5bf1d259c068ae76f99adfff79e8f20 to remote] DEBUG org.apache.http.headers  - http-outgoing-74 >> POST /session/c5bf1d259c068ae76f99adfff79e8f20/element HTTP/1.1
88814 [Forwarding findElement on session c5bf1d259c068ae76f99adfff79e8f20 to remote] DEBUG org.apache.http.headers  - http-outgoing-74 >> Content-Type: application/json; charset=utf-8
88814 [Forwarding findElement on session c5bf1d259c068ae76f99adfff79e8f20 to remote] DEBUG org.apache.http.headers  - http-outgoing-74 >> Content-Type: application/json; charset=utf-8
88814 [Forwarding findElement on session c5bf1d259c068ae76f99adfff79e8f20 to remote] DEBUG org.apache.http.headers  - http-outgoing-74 >> Content-Type: application/json; charset=utf-8
88814 [Forwarding findElement on session c5bf1d259c068ae76f99adfff79e8f20 to remote] DEBUG org.apache.http.headers  - http-outgoing-74 >> Content-Length: 47
88814 [Forwarding findElement on session c5bf1d259c068ae76f99adfff79e8f20 to remote] DEBUG org.apache.http.headers  - http-outgoing-74 >> Content-Length: 47
88814 [Forwarding findElement on session c5bf1d259c068ae76f99adfff79e8f20 to remote] DEBUG org.apache.http.headers  - http-outgoing-74 >> Content-Length: 47
88814 [Forwarding findElement on session c5bf1d259c068ae76f99adfff79e8f20 to remote] DEBUG org.apache.http.headers  - http-outgoing-74 >> Host: localhost:7219
88814 [Forwarding findElement on session c5bf1d259c068ae76f99adfff79e8f20 to remote] DEBUG org.apache.http.headers  - http-outgoing-74 >> Host: localhost:7219
88814 [Forwarding findElement on session c5bf1d259c068ae76f99adfff79e8f20 to remote] DEBUG org.apache.http.headers  - http-outgoing-74 >> Host: localhost:7219
88814 [Forwarding findElement on session c5bf1d259c068ae76f99adfff79e8f20 to remote] DEBUG org.apache.http.headers  - http-outgoing-74 >> Connection: Keep-Alive
88814 [Forwarding findElement on session c5bf1d259c068ae76f99adfff79e8f20 to remote] DEBUG org.apache.http.headers  - http-outgoing-74 >> Connection: Keep-Alive
88814 [Forwarding findElement on session c5bf1d259c068ae76f99adfff79e8f20 to remote] DEBUG org.apache.http.headers  - http-outgoing-74 >> Connection: Keep-Alive
88814 [Forwarding findElement on session c5bf1d259c068ae76f99adfff79e8f20 to remote] DEBUG org.apache.http.headers  - http-outgoing-74 >> User-Agent: Apache-HttpClient/4.5.2 (Java/1.8.0_91)
88814 [Forwarding findElement on session c5bf1d259c068ae76f99adfff79e8f20 to remote] DEBUG org.apache.http.headers  - http-outgoing-74 >> User-Agent: Apache-HttpClient/4.5.2 (Java/1.8.0_91)
88814 [Forwarding findElement on session c5bf1d259c068ae76f99adfff79e8f20 to remote] DEBUG org.apache.http.headers  - http-outgoing-74 >> User-Agent: Apache-HttpClient/4.5.2 (Java/1.8.0_91)
88814 [Forwarding findElement on session c5bf1d259c068ae76f99adfff79e8f20 to remote] DEBUG org.apache.http.headers  - http-outgoing-74 >> Accept-Encoding: gzip,deflate
88814 [Forwarding findElement on session c5bf1d259c068ae76f99adfff79e8f20 to remote] DEBUG org.apache.http.headers  - http-outgoing-74 >> Accept-Encoding: gzip,deflate
88814 [Forwarding findElement on session c5bf1d259c068ae76f99adfff79e8f20 to remote] DEBUG org.apache.http.headers  - http-outgoing-74 >> Accept-Encoding: gzip,deflate
88814 [Forwarding findElement on session c5bf1d259c068ae76f99adfff79e8f20 to remote] DEBUG org.apache.http.wire  - http-outgoing-74 >> "POST /session/c5bf1d259c068ae76f99adfff79e8f20/element HTTP/1.1[\r][\n]"
88814 [Forwarding findElement on session c5bf1d259c068ae76f99adfff79e8f20 to remote] DEBUG org.apache.http.wire  - http-outgoing-74 >> "POST /session/c5bf1d259c068ae76f99adfff79e8f20/element HTTP/1.1[\r][\n]"
88814 [Forwarding findElement on session c5bf1d259c068ae76f99adfff79e8f20 to remote] DEBUG org.apache.http.wire  - http-outgoing-74 >> "POST /session/c5bf1d259c068ae76f99adfff79e8f20/element HTTP/1.1[\r][\n]"
88815 [Forwarding findElement on session c5bf1d259c068ae76f99adfff79e8f20 to remote] DEBUG org.apache.http.wire  - http-outgoing-74 >> "Content-Type: application/json; charset=utf-8[\r][\n]"
88815 [Forwarding findElement on session c5bf1d259c068ae76f99adfff79e8f20 to remote] DEBUG org.apache.http.wire  - http-outgoing-74 >> "Content-Type: application/json; charset=utf-8[\r][\n]"
88815 [Forwarding findElement on session c5bf1d259c068ae76f99adfff79e8f20 to remote] DEBUG org.apache.http.wire  - http-outgoing-74 >> "Content-Type: application/json; charset=utf-8[\r][\n]"
88815 [Forwarding findElement on session c5bf1d259c068ae76f99adfff79e8f20 to remote] DEBUG org.apache.http.wire  - http-outgoing-74 >> "Content-Length: 47[\r][\n]"
88815 [Forwarding findElement on session c5bf1d259c068ae76f99adfff79e8f20 to remote] DEBUG org.apache.http.wire  - http-outgoing-74 >> "Content-Length: 47[\r][\n]"
88815 [Forwarding findElement on session c5bf1d259c068ae76f99adfff79e8f20 to remote] DEBUG org.apache.http.wire  - http-outgoing-74 >> "Content-Length: 47[\r][\n]"
88815 [Forwarding findElement on session c5bf1d259c068ae76f99adfff79e8f20 to remote] DEBUG org.apache.http.wire  - http-outgoing-74 >> "Host: localhost:7219[\r][\n]"
88815 [Forwarding findElement on session c5bf1d259c068ae76f99adfff79e8f20 to remote] DEBUG org.apache.http.wire  - http-outgoing-74 >> "Host: localhost:7219[\r][\n]"
88815 [Forwarding findElement on session c5bf1d259c068ae76f99adfff79e8f20 to remote] DEBUG org.apache.http.wire  - http-outgoing-74 >> "Host: localhost:7219[\r][\n]"
88815 [Forwarding findElement on session c5bf1d259c068ae76f99adfff79e8f20 to remote] DEBUG org.apache.http.wire  - http-outgoing-74 >> "Connection: Keep-Alive[\r][\n]"
88815 [Forwarding findElement on session c5bf1d259c068ae76f99adfff79e8f20 to remote] DEBUG org.apache.http.wire  - http-outgoing-74 >> "Connection: Keep-Alive[\r][\n]"
88815 [Forwarding findElement on session c5bf1d259c068ae76f99adfff79e8f20 to remote] DEBUG org.apache.http.wire  - http-outgoing-74 >> "Connection: Keep-Alive[\r][\n]"
88815 [Forwarding findElement on session c5bf1d259c068ae76f99adfff79e8f20 to remote] DEBUG org.apache.http.wire  - http-outgoing-74 >> "User-Agent: Apache-HttpClient/4.5.2 (Java/1.8.0_91)[\r][\n]"
88815 [Forwarding findElement on session c5bf1d259c068ae76f99adfff79e8f20 to remote] DEBUG org.apache.http.wire  - http-outgoing-74 >> "User-Agent: Apache-HttpClient/4.5.2 (Java/1.8.0_91)[\r][\n]"
88815 [Forwarding findElement on session c5bf1d259c068ae76f99adfff79e8f20 to remote] DEBUG org.apache.http.wire  - http-outgoing-74 >> "User-Agent: Apache-HttpClient/4.5.2 (Java/1.8.0_91)[\r][\n]"
88815 [Forwarding findElement on session c5bf1d259c068ae76f99adfff79e8f20 to remote] DEBUG org.apache.http.wire  - http-outgoing-74 >> "Accept-Encoding: gzip,deflate[\r][\n]"
88815 [Forwarding findElement on session c5bf1d259c068ae76f99adfff79e8f20 to remote] DEBUG org.apache.http.wire  - http-outgoing-74 >> "Accept-Encoding: gzip,deflate[\r][\n]"
88815 [Forwarding findElement on session c5bf1d259c068ae76f99adfff79e8f20 to remote] DEBUG org.apache.http.wire  - http-outgoing-74 >> "Accept-Encoding: gzip,deflate[\r][\n]"
88815 [Forwarding findElement on session c5bf1d259c068ae76f99adfff79e8f20 to remote] DEBUG org.apache.http.wire  - http-outgoing-74 >> "[\r][\n]"
88815 [Forwarding findElement on session c5bf1d259c068ae76f99adfff79e8f20 to remote] DEBUG org.apache.http.wire  - http-outgoing-74 >> "[\r][\n]"
88815 [Forwarding findElement on session c5bf1d259c068ae76f99adfff79e8f20 to remote] DEBUG org.apache.http.wire  - http-outgoing-74 >> "[\r][\n]"
88815 [Forwarding findElement on session c5bf1d259c068ae76f99adfff79e8f20 to remote] DEBUG org.apache.http.wire  - http-outgoing-74 >> "{"using":"css selector","value":"#ifixit-logo"}"
88815 [Forwarding findElement on session c5bf1d259c068ae76f99adfff79e8f20 to remote] DEBUG org.apache.http.wire  - http-outgoing-74 >> "{"using":"css selector","value":"#ifixit-logo"}"
88815 [Forwarding findElement on session c5bf1d259c068ae76f99adfff79e8f20 to remote] DEBUG org.apache.http.wire  - http-outgoing-74 >> "{"using":"css selector","value":"#ifixit-logo"}"
88829 [Forwarding findElement on session c5bf1d259c068ae76f99adfff79e8f20 to remote] DEBUG org.apache.http.wire  - http-outgoing-74 << "HTTP/1.1 200 OK[\r][\n]"
88829 [Forwarding findElement on session c5bf1d259c068ae76f99adfff79e8f20 to remote] DEBUG org.apache.http.wire  - http-outgoing-74 << "HTTP/1.1 200 OK[\r][\n]"
88829 [Forwarding findElement on session c5bf1d259c068ae76f99adfff79e8f20 to remote] DEBUG org.apache.http.wire  - http-outgoing-74 << "HTTP/1.1 200 OK[\r][\n]"
88829 [Forwarding findElement on session c5bf1d259c068ae76f99adfff79e8f20 to remote] DEBUG org.apache.http.wire  - http-outgoing-74 << "Content-Length:101[\r][\n]"
88829 [Forwarding findElement on session c5bf1d259c068ae76f99adfff79e8f20 to remote] DEBUG org.apache.http.wire  - http-outgoing-74 << "Content-Length:101[\r][\n]"
88829 [Forwarding findElement on session c5bf1d259c068ae76f99adfff79e8f20 to remote] DEBUG org.apache.http.wire  - http-outgoing-74 << "Content-Length:101[\r][\n]"
88829 [Forwarding findElement on session c5bf1d259c068ae76f99adfff79e8f20 to remote] DEBUG org.apache.http.wire  - http-outgoing-74 << "Content-Type:application/json; charset=utf-8[\r][\n]"
88829 [Forwarding findElement on session c5bf1d259c068ae76f99adfff79e8f20 to remote] DEBUG org.apache.http.wire  - http-outgoing-74 << "Content-Type:application/json; charset=utf-8[\r][\n]"
88829 [Forwarding findElement on session c5bf1d259c068ae76f99adfff79e8f20 to remote] DEBUG org.apache.http.wire  - http-outgoing-74 << "Content-Type:application/json; charset=utf-8[\r][\n]"
88829 [Forwarding findElement on session c5bf1d259c068ae76f99adfff79e8f20 to remote] DEBUG org.apache.http.wire  - http-outgoing-74 << "Connection:close[\r][\n]"
88829 [Forwarding findElement on session c5bf1d259c068ae76f99adfff79e8f20 to remote] DEBUG org.apache.http.wire  - http-outgoing-74 << "Connection:close[\r][\n]"
88829 [Forwarding findElement on session c5bf1d259c068ae76f99adfff79e8f20 to remote] DEBUG org.apache.http.wire  - http-outgoing-74 << "Connection:close[\r][\n]"
88829 [Forwarding findElement on session c5bf1d259c068ae76f99adfff79e8f20 to remote] DEBUG org.apache.http.wire  - http-outgoing-74 << "[\r][\n]"
88829 [Forwarding findElement on session c5bf1d259c068ae76f99adfff79e8f20 to remote] DEBUG org.apache.http.wire  - http-outgoing-74 << "[\r][\n]"
88829 [Forwarding findElement on session c5bf1d259c068ae76f99adfff79e8f20 to remote] DEBUG org.apache.http.wire  - http-outgoing-74 << "[\r][\n]"
88829 [Forwarding findElement on session c5bf1d259c068ae76f99adfff79e8f20 to remote] DEBUG org.apache.http.wire  - http-outgoing-74 << "{"sessionId":"c5bf1d259c068ae76f99adfff79e8f20","status":0,"value":{"ELEMENT":"0.413775131091888-3"}}"
88829 [Forwarding findElement on session c5bf1d259c068ae76f99adfff79e8f20 to remote] DEBUG org.apache.http.wire  - http-outgoing-74 << "{"sessionId":"c5bf1d259c068ae76f99adfff79e8f20","status":0,"value":{"ELEMENT":"0.413775131091888-3"}}"
88829 [Forwarding findElement on session c5bf1d259c068ae76f99adfff79e8f20 to remote] DEBUG org.apache.http.wire  - http-outgoing-74 << "{"sessionId":"c5bf1d259c068ae76f99adfff79e8f20","status":0,"value":{"ELEMENT":"0.413775131091888-3"}}"
88829 [Forwarding findElement on session c5bf1d259c068ae76f99adfff79e8f20 to remote] DEBUG org.apache.http.headers  - http-outgoing-74 << HTTP/1.1 200 OK
88829 [Forwarding findElement on session c5bf1d259c068ae76f99adfff79e8f20 to remote] DEBUG org.apache.http.headers  - http-outgoing-74 << HTTP/1.1 200 OK
88829 [Forwarding findElement on session c5bf1d259c068ae76f99adfff79e8f20 to remote] DEBUG org.apache.http.headers  - http-outgoing-74 << HTTP/1.1 200 OK
88829 [Forwarding findElement on session c5bf1d259c068ae76f99adfff79e8f20 to remote] DEBUG org.apache.http.headers  - http-outgoing-74 << Content-Length:101
88829 [Forwarding findElement on session c5bf1d259c068ae76f99adfff79e8f20 to remote] DEBUG org.apache.http.headers  - http-outgoing-74 << Content-Length:101
88829 [Forwarding findElement on session c5bf1d259c068ae76f99adfff79e8f20 to remote] DEBUG org.apache.http.headers  - http-outgoing-74 << Content-Length:101
88829 [Forwarding findElement on session c5bf1d259c068ae76f99adfff79e8f20 to remote] DEBUG org.apache.http.headers  - http-outgoing-74 << Content-Type:application/json; charset=utf-8
88829 [Forwarding findElement on session c5bf1d259c068ae76f99adfff79e8f20 to remote] DEBUG org.apache.http.headers  - http-outgoing-74 << Content-Type:application/json; charset=utf-8
88829 [Forwarding findElement on session c5bf1d259c068ae76f99adfff79e8f20 to remote] DEBUG org.apache.http.headers  - http-outgoing-74 << Content-Type:application/json; charset=utf-8
88829 [Forwarding findElement on session c5bf1d259c068ae76f99adfff79e8f20 to remote] DEBUG org.apache.http.headers  - http-outgoing-74 << Connection:close
88829 [Forwarding findElement on session c5bf1d259c068ae76f99adfff79e8f20 to remote] DEBUG org.apache.http.headers  - http-outgoing-74 << Connection:close
88829 [Forwarding findElement on session c5bf1d259c068ae76f99adfff79e8f20 to remote] DEBUG org.apache.http.headers  - http-outgoing-74 << Connection:close
88829 [Forwarding findElement on session c5bf1d259c068ae76f99adfff79e8f20 to remote] DEBUG org.apache.http.impl.conn.DefaultManagedHttpClientConnection  - http-outgoing-74: Close connection
88829 [Forwarding findElement on session c5bf1d259c068ae76f99adfff79e8f20 to remote] DEBUG org.apache.http.impl.conn.DefaultManagedHttpClientConnection  - http-outgoing-74: Close connection
88829 [Forwarding findElement on session c5bf1d259c068ae76f99adfff79e8f20 to remote] DEBUG org.apache.http.impl.conn.DefaultManagedHttpClientConnection  - http-outgoing-74: Close connection
88830 [Forwarding findElement on session c5bf1d259c068ae76f99adfff79e8f20 to remote] DEBUG org.apache.http.impl.execchain.MainClientExec  - Connection discarded
88830 [Forwarding findElement on session c5bf1d259c068ae76f99adfff79e8f20 to remote] DEBUG org.apache.http.impl.execchain.MainClientExec  - Connection discarded
88830 [Forwarding findElement on session c5bf1d259c068ae76f99adfff79e8f20 to remote] DEBUG org.apache.http.impl.execchain.MainClientExec  - Connection discarded
88830 [Forwarding findElement on session c5bf1d259c068ae76f99adfff79e8f20 to remote] DEBUG org.apache.http.impl.conn.PoolingHttpClientConnectionManager  - Connection released: [id: 74][route: {}->http://localhost:7219][total kept alive: 0; route allocated: 0 of 2000; total allocated: 0 of 2000]
88830 [Forwarding findElement on session c5bf1d259c068ae76f99adfff79e8f20 to remote] DEBUG org.apache.http.impl.conn.PoolingHttpClientConnectionManager  - Connection released: [id: 74][route: {}->http://localhost:7219][total kept alive: 0; route allocated: 0 of 2000; total allocated: 0 of 2000]
88830 [Forwarding findElement on session c5bf1d259c068ae76f99adfff79e8f20 to remote] DEBUG org.apache.http.impl.conn.PoolingHttpClientConnectionManager  - Connection released: [id: 74][route: {}->http://localhost:7219][total kept alive: 0; route allocated: 0 of 2000; total allocated: 0 of 2000]
88831 [Forwarding clickElement on session c5bf1d259c068ae76f99adfff79e8f20 to remote] DEBUG org.apache.http.client.protocol.RequestAddCookies  - CookieSpec selected: default
88831 [Forwarding clickElement on session c5bf1d259c068ae76f99adfff79e8f20 to remote] DEBUG org.apache.http.client.protocol.RequestAddCookies  - CookieSpec selected: default
88831 [Forwarding clickElement on session c5bf1d259c068ae76f99adfff79e8f20 to remote] DEBUG org.apache.http.client.protocol.RequestAddCookies  - CookieSpec selected: default
88831 [Forwarding clickElement on session c5bf1d259c068ae76f99adfff79e8f20 to remote] DEBUG org.apache.http.client.protocol.RequestAuthCache  - Auth cache not set in the context
88831 [Forwarding clickElement on session c5bf1d259c068ae76f99adfff79e8f20 to remote] DEBUG org.apache.http.client.protocol.RequestAuthCache  - Auth cache not set in the context
88831 [Forwarding clickElement on session c5bf1d259c068ae76f99adfff79e8f20 to remote] DEBUG org.apache.http.client.protocol.RequestAuthCache  - Auth cache not set in the context
88831 [Forwarding clickElement on session c5bf1d259c068ae76f99adfff79e8f20 to remote] DEBUG org.apache.http.impl.conn.PoolingHttpClientConnectionManager  - Connection request: [route: {}->http://localhost:7219][total kept alive: 0; route allocated: 0 of 2000; total allocated: 0 of 2000]
88831 [Forwarding clickElement on session c5bf1d259c068ae76f99adfff79e8f20 to remote] DEBUG org.apache.http.impl.conn.PoolingHttpClientConnectionManager  - Connection request: [route: {}->http://localhost:7219][total kept alive: 0; route allocated: 0 of 2000; total allocated: 0 of 2000]
88831 [Forwarding clickElement on session c5bf1d259c068ae76f99adfff79e8f20 to remote] DEBUG org.apache.http.impl.conn.PoolingHttpClientConnectionManager  - Connection request: [route: {}->http://localhost:7219][total kept alive: 0; route allocated: 0 of 2000; total allocated: 0 of 2000]
88831 [Forwarding clickElement on session c5bf1d259c068ae76f99adfff79e8f20 to remote] DEBUG org.apache.http.impl.conn.PoolingHttpClientConnectionManager  - Connection leased: [id: 75][route: {}->http://localhost:7219][total kept alive: 0; route allocated: 1 of 2000; total allocated: 1 of 2000]
88831 [Forwarding clickElement on session c5bf1d259c068ae76f99adfff79e8f20 to remote] DEBUG org.apache.http.impl.conn.PoolingHttpClientConnectionManager  - Connection leased: [id: 75][route: {}->http://localhost:7219][total kept alive: 0; route allocated: 1 of 2000; total allocated: 1 of 2000]
88831 [Forwarding clickElement on session c5bf1d259c068ae76f99adfff79e8f20 to remote] DEBUG org.apache.http.impl.conn.PoolingHttpClientConnectionManager  - Connection leased: [id: 75][route: {}->http://localhost:7219][total kept alive: 0; route allocated: 1 of 2000; total allocated: 1 of 2000]
88831 [Forwarding clickElement on session c5bf1d259c068ae76f99adfff79e8f20 to remote] DEBUG org.apache.http.impl.execchain.MainClientExec  - Opening connection {}->http://localhost:7219
88831 [Forwarding clickElement on session c5bf1d259c068ae76f99adfff79e8f20 to remote] DEBUG org.apache.http.impl.execchain.MainClientExec  - Opening connection {}->http://localhost:7219
88831 [Forwarding clickElement on session c5bf1d259c068ae76f99adfff79e8f20 to remote] DEBUG org.apache.http.impl.execchain.MainClientExec  - Opening connection {}->http://localhost:7219
88832 [Forwarding clickElement on session c5bf1d259c068ae76f99adfff79e8f20 to remote] DEBUG org.apache.http.impl.conn.DefaultHttpClientConnectionOperator  - Connecting to localhost/127.0.0.1:7219
88832 [Forwarding clickElement on session c5bf1d259c068ae76f99adfff79e8f20 to remote] DEBUG org.apache.http.impl.conn.DefaultHttpClientConnectionOperator  - Connecting to localhost/127.0.0.1:7219
88832 [Forwarding clickElement on session c5bf1d259c068ae76f99adfff79e8f20 to remote] DEBUG org.apache.http.impl.conn.DefaultHttpClientConnectionOperator  - Connecting to localhost/127.0.0.1:7219
88832 [Forwarding clickElement on session c5bf1d259c068ae76f99adfff79e8f20 to remote] DEBUG org.apache.http.impl.conn.DefaultHttpClientConnectionOperator  - Connection established 127.0.0.1:52973<->127.0.0.1:7219
88832 [Forwarding clickElement on session c5bf1d259c068ae76f99adfff79e8f20 to remote] DEBUG org.apache.http.impl.conn.DefaultHttpClientConnectionOperator  - Connection established 127.0.0.1:52973<->127.0.0.1:7219
88832 [Forwarding clickElement on session c5bf1d259c068ae76f99adfff79e8f20 to remote] DEBUG org.apache.http.impl.conn.DefaultHttpClientConnectionOperator  - Connection established 127.0.0.1:52973<->127.0.0.1:7219
88832 [Forwarding clickElement on session c5bf1d259c068ae76f99adfff79e8f20 to remote] DEBUG org.apache.http.impl.conn.DefaultManagedHttpClientConnection  - http-outgoing-75: set socket timeout to 10800000
88832 [Forwarding clickElement on session c5bf1d259c068ae76f99adfff79e8f20 to remote] DEBUG org.apache.http.impl.conn.DefaultManagedHttpClientConnection  - http-outgoing-75: set socket timeout to 10800000
88832 [Forwarding clickElement on session c5bf1d259c068ae76f99adfff79e8f20 to remote] DEBUG org.apache.http.impl.conn.DefaultManagedHttpClientConnection  - http-outgoing-75: set socket timeout to 10800000
88832 [Forwarding clickElement on session c5bf1d259c068ae76f99adfff79e8f20 to remote] DEBUG org.apache.http.impl.execchain.MainClientExec  - Executing request POST /session/c5bf1d259c068ae76f99adfff79e8f20/element/0.413775131091888-3/click HTTP/1.1
88832 [Forwarding clickElement on session c5bf1d259c068ae76f99adfff79e8f20 to remote] DEBUG org.apache.http.impl.execchain.MainClientExec  - Executing request POST /session/c5bf1d259c068ae76f99adfff79e8f20/element/0.413775131091888-3/click HTTP/1.1
88832 [Forwarding clickElement on session c5bf1d259c068ae76f99adfff79e8f20 to remote] DEBUG org.apache.http.impl.execchain.MainClientExec  - Executing request POST /session/c5bf1d259c068ae76f99adfff79e8f20/element/0.413775131091888-3/click HTTP/1.1
88832 [Forwarding clickElement on session c5bf1d259c068ae76f99adfff79e8f20 to remote] DEBUG org.apache.http.impl.execchain.MainClientExec  - Target auth state: UNCHALLENGED
88832 [Forwarding clickElement on session c5bf1d259c068ae76f99adfff79e8f20 to remote] DEBUG org.apache.http.impl.execchain.MainClientExec  - Target auth state: UNCHALLENGED
88832 [Forwarding clickElement on session c5bf1d259c068ae76f99adfff79e8f20 to remote] DEBUG org.apache.http.impl.execchain.MainClientExec  - Target auth state: UNCHALLENGED
88833 [Forwarding clickElement on session c5bf1d259c068ae76f99adfff79e8f20 to remote] DEBUG org.apache.http.impl.execchain.MainClientExec  - Proxy auth state: UNCHALLENGED
88833 [Forwarding clickElement on session c5bf1d259c068ae76f99adfff79e8f20 to remote] DEBUG org.apache.http.impl.execchain.MainClientExec  - Proxy auth state: UNCHALLENGED
88833 [Forwarding clickElement on session c5bf1d259c068ae76f99adfff79e8f20 to remote] DEBUG org.apache.http.impl.execchain.MainClientExec  - Proxy auth state: UNCHALLENGED
88833 [Forwarding clickElement on session c5bf1d259c068ae76f99adfff79e8f20 to remote] DEBUG org.apache.http.headers  - http-outgoing-75 >> POST /session/c5bf1d259c068ae76f99adfff79e8f20/element/0.413775131091888-3/click HTTP/1.1
88833 [Forwarding clickElement on session c5bf1d259c068ae76f99adfff79e8f20 to remote] DEBUG org.apache.http.headers  - http-outgoing-75 >> POST /session/c5bf1d259c068ae76f99adfff79e8f20/element/0.413775131091888-3/click HTTP/1.1
88833 [Forwarding clickElement on session c5bf1d259c068ae76f99adfff79e8f20 to remote] DEBUG org.apache.http.headers  - http-outgoing-75 >> POST /session/c5bf1d259c068ae76f99adfff79e8f20/element/0.413775131091888-3/click HTTP/1.1
88833 [Forwarding clickElement on session c5bf1d259c068ae76f99adfff79e8f20 to remote] DEBUG org.apache.http.headers  - http-outgoing-75 >> Content-Type: application/json; charset=utf-8
88833 [Forwarding clickElement on session c5bf1d259c068ae76f99adfff79e8f20 to remote] DEBUG org.apache.http.headers  - http-outgoing-75 >> Content-Type: application/json; charset=utf-8
88833 [Forwarding clickElement on session c5bf1d259c068ae76f99adfff79e8f20 to remote] DEBUG org.apache.http.headers  - http-outgoing-75 >> Content-Type: application/json; charset=utf-8
88833 [Forwarding clickElement on session c5bf1d259c068ae76f99adfff79e8f20 to remote] DEBUG org.apache.http.headers  - http-outgoing-75 >> Content-Length: 28
88833 [Forwarding clickElement on session c5bf1d259c068ae76f99adfff79e8f20 to remote] DEBUG org.apache.http.headers  - http-outgoing-75 >> Content-Length: 28
88833 [Forwarding clickElement on session c5bf1d259c068ae76f99adfff79e8f20 to remote] DEBUG org.apache.http.headers  - http-outgoing-75 >> Content-Length: 28
88833 [Forwarding clickElement on session c5bf1d259c068ae76f99adfff79e8f20 to remote] DEBUG org.apache.http.headers  - http-outgoing-75 >> Host: localhost:7219
88833 [Forwarding clickElement on session c5bf1d259c068ae76f99adfff79e8f20 to remote] DEBUG org.apache.http.headers  - http-outgoing-75 >> Host: localhost:7219
88833 [Forwarding clickElement on session c5bf1d259c068ae76f99adfff79e8f20 to remote] DEBUG org.apache.http.headers  - http-outgoing-75 >> Host: localhost:7219
88833 [Forwarding clickElement on session c5bf1d259c068ae76f99adfff79e8f20 to remote] DEBUG org.apache.http.headers  - http-outgoing-75 >> Connection: Keep-Alive
88833 [Forwarding clickElement on session c5bf1d259c068ae76f99adfff79e8f20 to remote] DEBUG org.apache.http.headers  - http-outgoing-75 >> Connection: Keep-Alive
88833 [Forwarding clickElement on session c5bf1d259c068ae76f99adfff79e8f20 to remote] DEBUG org.apache.http.headers  - http-outgoing-75 >> Connection: Keep-Alive
88833 [Forwarding clickElement on session c5bf1d259c068ae76f99adfff79e8f20 to remote] DEBUG org.apache.http.headers  - http-outgoing-75 >> User-Agent: Apache-HttpClient/4.5.2 (Java/1.8.0_91)
88833 [Forwarding clickElement on session c5bf1d259c068ae76f99adfff79e8f20 to remote] DEBUG org.apache.http.headers  - http-outgoing-75 >> User-Agent: Apache-HttpClient/4.5.2 (Java/1.8.0_91)
88833 [Forwarding clickElement on session c5bf1d259c068ae76f99adfff79e8f20 to remote] DEBUG org.apache.http.headers  - http-outgoing-75 >> User-Agent: Apache-HttpClient/4.5.2 (Java/1.8.0_91)
88833 [Forwarding clickElement on session c5bf1d259c068ae76f99adfff79e8f20 to remote] DEBUG org.apache.http.headers  - http-outgoing-75 >> Accept-Encoding: gzip,deflate
88833 [Forwarding clickElement on session c5bf1d259c068ae76f99adfff79e8f20 to remote] DEBUG org.apache.http.headers  - http-outgoing-75 >> Accept-Encoding: gzip,deflate
88833 [Forwarding clickElement on session c5bf1d259c068ae76f99adfff79e8f20 to remote] DEBUG org.apache.http.headers  - http-outgoing-75 >> Accept-Encoding: gzip,deflate
88833 [Forwarding clickElement on session c5bf1d259c068ae76f99adfff79e8f20 to remote] DEBUG org.apache.http.wire  - http-outgoing-75 >> "POST /session/c5bf1d259c068ae76f99adfff79e8f20/element/0.413775131091888-3/click HTTP/1.1[\r][\n]"
88833 [Forwarding clickElement on session c5bf1d259c068ae76f99adfff79e8f20 to remote] DEBUG org.apache.http.wire  - http-outgoing-75 >> "POST /session/c5bf1d259c068ae76f99adfff79e8f20/element/0.413775131091888-3/click HTTP/1.1[\r][\n]"
88833 [Forwarding clickElement on session c5bf1d259c068ae76f99adfff79e8f20 to remote] DEBUG org.apache.http.wire  - http-outgoing-75 >> "POST /session/c5bf1d259c068ae76f99adfff79e8f20/element/0.413775131091888-3/click HTTP/1.1[\r][\n]"
88833 [Forwarding clickElement on session c5bf1d259c068ae76f99adfff79e8f20 to remote] DEBUG org.apache.http.wire  - http-outgoing-75 >> "Content-Type: application/json; charset=utf-8[\r][\n]"
88833 [Forwarding clickElement on session c5bf1d259c068ae76f99adfff79e8f20 to remote] DEBUG org.apache.http.wire  - http-outgoing-75 >> "Content-Type: application/json; charset=utf-8[\r][\n]"
88833 [Forwarding clickElement on session c5bf1d259c068ae76f99adfff79e8f20 to remote] DEBUG org.apache.http.wire  - http-outgoing-75 >> "Content-Type: application/json; charset=utf-8[\r][\n]"
88833 [Forwarding clickElement on session c5bf1d259c068ae76f99adfff79e8f20 to remote] DEBUG org.apache.http.wire  - http-outgoing-75 >> "Content-Length: 28[\r][\n]"
88833 [Forwarding clickElement on session c5bf1d259c068ae76f99adfff79e8f20 to remote] DEBUG org.apache.http.wire  - http-outgoing-75 >> "Content-Length: 28[\r][\n]"
88833 [Forwarding clickElement on session c5bf1d259c068ae76f99adfff79e8f20 to remote] DEBUG org.apache.http.wire  - http-outgoing-75 >> "Content-Length: 28[\r][\n]"
88833 [Forwarding clickElement on session c5bf1d259c068ae76f99adfff79e8f20 to remote] DEBUG org.apache.http.wire  - http-outgoing-75 >> "Host: localhost:7219[\r][\n]"
88833 [Forwarding clickElement on session c5bf1d259c068ae76f99adfff79e8f20 to remote] DEBUG org.apache.http.wire  - http-outgoing-75 >> "Host: localhost:7219[\r][\n]"
88833 [Forwarding clickElement on session c5bf1d259c068ae76f99adfff79e8f20 to remote] DEBUG org.apache.http.wire  - http-outgoing-75 >> "Host: localhost:7219[\r][\n]"
88833 [Forwarding clickElement on session c5bf1d259c068ae76f99adfff79e8f20 to remote] DEBUG org.apache.http.wire  - http-outgoing-75 >> "Connection: Keep-Alive[\r][\n]"
88833 [Forwarding clickElement on session c5bf1d259c068ae76f99adfff79e8f20 to remote] DEBUG org.apache.http.wire  - http-outgoing-75 >> "Connection: Keep-Alive[\r][\n]"
88833 [Forwarding clickElement on session c5bf1d259c068ae76f99adfff79e8f20 to remote] DEBUG org.apache.http.wire  - http-outgoing-75 >> "Connection: Keep-Alive[\r][\n]"
88833 [Forwarding clickElement on session c5bf1d259c068ae76f99adfff79e8f20 to remote] DEBUG org.apache.http.wire  - http-outgoing-75 >> "User-Agent: Apache-HttpClient/4.5.2 (Java/1.8.0_91)[\r][\n]"
88833 [Forwarding clickElement on session c5bf1d259c068ae76f99adfff79e8f20 to remote] DEBUG org.apache.http.wire  - http-outgoing-75 >> "User-Agent: Apache-HttpClient/4.5.2 (Java/1.8.0_91)[\r][\n]"
88833 [Forwarding clickElement on session c5bf1d259c068ae76f99adfff79e8f20 to remote] DEBUG org.apache.http.wire  - http-outgoing-75 >> "User-Agent: Apache-HttpClient/4.5.2 (Java/1.8.0_91)[\r][\n]"
88833 [Forwarding clickElement on session c5bf1d259c068ae76f99adfff79e8f20 to remote] DEBUG org.apache.http.wire  - http-outgoing-75 >> "Accept-Encoding: gzip,deflate[\r][\n]"
88833 [Forwarding clickElement on session c5bf1d259c068ae76f99adfff79e8f20 to remote] DEBUG org.apache.http.wire  - http-outgoing-75 >> "Accept-Encoding: gzip,deflate[\r][\n]"
88833 [Forwarding clickElement on session c5bf1d259c068ae76f99adfff79e8f20 to remote] DEBUG org.apache.http.wire  - http-outgoing-75 >> "Accept-Encoding: gzip,deflate[\r][\n]"
88833 [Forwarding clickElement on session c5bf1d259c068ae76f99adfff79e8f20 to remote] DEBUG org.apache.http.wire  - http-outgoing-75 >> "[\r][\n]"
88833 [Forwarding clickElement on session c5bf1d259c068ae76f99adfff79e8f20 to remote] DEBUG org.apache.http.wire  - http-outgoing-75 >> "[\r][\n]"
88833 [Forwarding clickElement on session c5bf1d259c068ae76f99adfff79e8f20 to remote] DEBUG org.apache.http.wire  - http-outgoing-75 >> "[\r][\n]"
88833 [Forwarding clickElement on session c5bf1d259c068ae76f99adfff79e8f20 to remote] DEBUG org.apache.http.wire  - http-outgoing-75 >> "{"id":"0.413775131091888-3"}"
88833 [Forwarding clickElement on session c5bf1d259c068ae76f99adfff79e8f20 to remote] DEBUG org.apache.http.wire  - http-outgoing-75 >> "{"id":"0.413775131091888-3"}"
88833 [Forwarding clickElement on session c5bf1d259c068ae76f99adfff79e8f20 to remote] DEBUG org.apache.http.wire  - http-outgoing-75 >> "{"id":"0.413775131091888-3"}"
89382 [Forwarding clickElement on session c5bf1d259c068ae76f99adfff79e8f20 to remote] DEBUG org.apache.http.wire  - http-outgoing-75 << "HTTP/1.1 200 OK[\r][\n]"
89382 [Forwarding clickElement on session c5bf1d259c068ae76f99adfff79e8f20 to remote] DEBUG org.apache.http.wire  - http-outgoing-75 << "HTTP/1.1 200 OK[\r][\n]"
89382 [Forwarding clickElement on session c5bf1d259c068ae76f99adfff79e8f20 to remote] DEBUG org.apache.http.wire  - http-outgoing-75 << "HTTP/1.1 200 OK[\r][\n]"
89382 [Forwarding clickElement on session c5bf1d259c068ae76f99adfff79e8f20 to remote] DEBUG org.apache.http.wire  - http-outgoing-75 << "Content-Length:72[\r][\n]"
89382 [Forwarding clickElement on session c5bf1d259c068ae76f99adfff79e8f20 to remote] DEBUG org.apache.http.wire  - http-outgoing-75 << "Content-Length:72[\r][\n]"
89382 [Forwarding clickElement on session c5bf1d259c068ae76f99adfff79e8f20 to remote] DEBUG org.apache.http.wire  - http-outgoing-75 << "Content-Length:72[\r][\n]"
89382 [Forwarding clickElement on session c5bf1d259c068ae76f99adfff79e8f20 to remote] DEBUG org.apache.http.wire  - http-outgoing-75 << "Content-Type:application/json; charset=utf-8[\r][\n]"
89382 [Forwarding clickElement on session c5bf1d259c068ae76f99adfff79e8f20 to remote] DEBUG org.apache.http.wire  - http-outgoing-75 << "Content-Type:application/json; charset=utf-8[\r][\n]"
89382 [Forwarding clickElement on session c5bf1d259c068ae76f99adfff79e8f20 to remote] DEBUG org.apache.http.wire  - http-outgoing-75 << "Content-Type:application/json; charset=utf-8[\r][\n]"
89382 [Forwarding clickElement on session c5bf1d259c068ae76f99adfff79e8f20 to remote] DEBUG org.apache.http.wire  - http-outgoing-75 << "Connection:close[\r][\n]"
89382 [Forwarding clickElement on session c5bf1d259c068ae76f99adfff79e8f20 to remote] DEBUG org.apache.http.wire  - http-outgoing-75 << "Connection:close[\r][\n]"
89382 [Forwarding clickElement on session c5bf1d259c068ae76f99adfff79e8f20 to remote] DEBUG org.apache.http.wire  - http-outgoing-75 << "Connection:close[\r][\n]"
89382 [Forwarding clickElement on session c5bf1d259c068ae76f99adfff79e8f20 to remote] DEBUG org.apache.http.wire  - http-outgoing-75 << "[\r][\n]"
89382 [Forwarding clickElement on session c5bf1d259c068ae76f99adfff79e8f20 to remote] DEBUG org.apache.http.wire  - http-outgoing-75 << "[\r][\n]"
89382 [Forwarding clickElement on session c5bf1d259c068ae76f99adfff79e8f20 to remote] DEBUG org.apache.http.wire  - http-outgoing-75 << "[\r][\n]"
89382 [Forwarding clickElement on session c5bf1d259c068ae76f99adfff79e8f20 to remote] DEBUG org.apache.http.wire  - http-outgoing-75 << "{"sessionId":"c5bf1d259c068ae76f99adfff79e8f20","status":0,"value":null}"
89382 [Forwarding clickElement on session c5bf1d259c068ae76f99adfff79e8f20 to remote] DEBUG org.apache.http.wire  - http-outgoing-75 << "{"sessionId":"c5bf1d259c068ae76f99adfff79e8f20","status":0,"value":null}"
89382 [Forwarding clickElement on session c5bf1d259c068ae76f99adfff79e8f20 to remote] DEBUG org.apache.http.wire  - http-outgoing-75 << "{"sessionId":"c5bf1d259c068ae76f99adfff79e8f20","status":0,"value":null}"
89382 [Forwarding clickElement on session c5bf1d259c068ae76f99adfff79e8f20 to remote] DEBUG org.apache.http.headers  - http-outgoing-75 << HTTP/1.1 200 OK
89382 [Forwarding clickElement on session c5bf1d259c068ae76f99adfff79e8f20 to remote] DEBUG org.apache.http.headers  - http-outgoing-75 << HTTP/1.1 200 OK
89382 [Forwarding clickElement on session c5bf1d259c068ae76f99adfff79e8f20 to remote] DEBUG org.apache.http.headers  - http-outgoing-75 << HTTP/1.1 200 OK
89382 [Forwarding clickElement on session c5bf1d259c068ae76f99adfff79e8f20 to remote] DEBUG org.apache.http.headers  - http-outgoing-75 << Content-Length:72
89382 [Forwarding clickElement on session c5bf1d259c068ae76f99adfff79e8f20 to remote] DEBUG org.apache.http.headers  - http-outgoing-75 << Content-Length:72
89382 [Forwarding clickElement on session c5bf1d259c068ae76f99adfff79e8f20 to remote] DEBUG org.apache.http.headers  - http-outgoing-75 << Content-Length:72
89382 [Forwarding clickElement on session c5bf1d259c068ae76f99adfff79e8f20 to remote] DEBUG org.apache.http.headers  - http-outgoing-75 << Content-Type:application/json; charset=utf-8
89382 [Forwarding clickElement on session c5bf1d259c068ae76f99adfff79e8f20 to remote] DEBUG org.apache.http.headers  - http-outgoing-75 << Content-Type:application/json; charset=utf-8
89382 [Forwarding clickElement on session c5bf1d259c068ae76f99adfff79e8f20 to remote] DEBUG org.apache.http.headers  - http-outgoing-75 << Content-Type:application/json; charset=utf-8
89382 [Forwarding clickElement on session c5bf1d259c068ae76f99adfff79e8f20 to remote] DEBUG org.apache.http.headers  - http-outgoing-75 << Connection:close
89382 [Forwarding clickElement on session c5bf1d259c068ae76f99adfff79e8f20 to remote] DEBUG org.apache.http.headers  - http-outgoing-75 << Connection:close
89382 [Forwarding clickElement on session c5bf1d259c068ae76f99adfff79e8f20 to remote] DEBUG org.apache.http.headers  - http-outgoing-75 << Connection:close
89383 [Forwarding clickElement on session c5bf1d259c068ae76f99adfff79e8f20 to remote] DEBUG org.apache.http.impl.conn.DefaultManagedHttpClientConnection  - http-outgoing-75: Close connection
89383 [Forwarding clickElement on session c5bf1d259c068ae76f99adfff79e8f20 to remote] DEBUG org.apache.http.impl.conn.DefaultManagedHttpClientConnection  - http-outgoing-75: Close connection
89383 [Forwarding clickElement on session c5bf1d259c068ae76f99adfff79e8f20 to remote] DEBUG org.apache.http.impl.conn.DefaultManagedHttpClientConnection  - http-outgoing-75: Close connection
89383 [Forwarding clickElement on session c5bf1d259c068ae76f99adfff79e8f20 to remote] DEBUG org.apache.http.impl.execchain.MainClientExec  - Connection discarded
89383 [Forwarding clickElement on session c5bf1d259c068ae76f99adfff79e8f20 to remote] DEBUG org.apache.http.impl.execchain.MainClientExec  - Connection discarded
89383 [Forwarding clickElement on session c5bf1d259c068ae76f99adfff79e8f20 to remote] DEBUG org.apache.http.impl.execchain.MainClientExec  - Connection discarded
89383 [Forwarding clickElement on session c5bf1d259c068ae76f99adfff79e8f20 to remote] DEBUG org.apache.http.impl.conn.PoolingHttpClientConnectionManager  - Connection released: [id: 75][route: {}->http://localhost:7219][total kept alive: 0; route allocated: 0 of 2000; total allocated: 0 of 2000]
89383 [Forwarding clickElement on session c5bf1d259c068ae76f99adfff79e8f20 to remote] DEBUG org.apache.http.impl.conn.PoolingHttpClientConnectionManager  - Connection released: [id: 75][route: {}->http://localhost:7219][total kept alive: 0; route allocated: 0 of 2000; total allocated: 0 of 2000]
89383 [Forwarding clickElement on session c5bf1d259c068ae76f99adfff79e8f20 to remote] DEBUG org.apache.http.impl.conn.PoolingHttpClientConnectionManager  - Connection released: [id: 75][route: {}->http://localhost:7219][total kept alive: 0; route allocated: 0 of 2000; total allocated: 0 of 2000]
92385 [Forwarding findElement on session c5bf1d259c068ae76f99adfff79e8f20 to remote] DEBUG org.apache.http.client.protocol.RequestAddCookies  - CookieSpec selected: default
92385 [Forwarding findElement on session c5bf1d259c068ae76f99adfff79e8f20 to remote] DEBUG org.apache.http.client.protocol.RequestAddCookies  - CookieSpec selected: default
92385 [Forwarding findElement on session c5bf1d259c068ae76f99adfff79e8f20 to remote] DEBUG org.apache.http.client.protocol.RequestAddCookies  - CookieSpec selected: default
92385 [Forwarding findElement on session c5bf1d259c068ae76f99adfff79e8f20 to remote] DEBUG org.apache.http.client.protocol.RequestAuthCache  - Auth cache not set in the context
92385 [Forwarding findElement on session c5bf1d259c068ae76f99adfff79e8f20 to remote] DEBUG org.apache.http.client.protocol.RequestAuthCache  - Auth cache not set in the context
92385 [Forwarding findElement on session c5bf1d259c068ae76f99adfff79e8f20 to remote] DEBUG org.apache.http.client.protocol.RequestAuthCache  - Auth cache not set in the context
92385 [Forwarding findElement on session c5bf1d259c068ae76f99adfff79e8f20 to remote] DEBUG org.apache.http.impl.conn.PoolingHttpClientConnectionManager  - Connection request: [route: {}->http://localhost:7219][total kept alive: 0; route allocated: 0 of 2000; total allocated: 0 of 2000]
92385 [Forwarding findElement on session c5bf1d259c068ae76f99adfff79e8f20 to remote] DEBUG org.apache.http.impl.conn.PoolingHttpClientConnectionManager  - Connection request: [route: {}->http://localhost:7219][total kept alive: 0; route allocated: 0 of 2000; total allocated: 0 of 2000]
92385 [Forwarding findElement on session c5bf1d259c068ae76f99adfff79e8f20 to remote] DEBUG org.apache.http.impl.conn.PoolingHttpClientConnectionManager  - Connection request: [route: {}->http://localhost:7219][total kept alive: 0; route allocated: 0 of 2000; total allocated: 0 of 2000]
92385 [Forwarding findElement on session c5bf1d259c068ae76f99adfff79e8f20 to remote] DEBUG org.apache.http.impl.conn.PoolingHttpClientConnectionManager  - Connection leased: [id: 76][route: {}->http://localhost:7219][total kept alive: 0; route allocated: 1 of 2000; total allocated: 1 of 2000]
92385 [Forwarding findElement on session c5bf1d259c068ae76f99adfff79e8f20 to remote] DEBUG org.apache.http.impl.conn.PoolingHttpClientConnectionManager  - Connection leased: [id: 76][route: {}->http://localhost:7219][total kept alive: 0; route allocated: 1 of 2000; total allocated: 1 of 2000]
92385 [Forwarding findElement on session c5bf1d259c068ae76f99adfff79e8f20 to remote] DEBUG org.apache.http.impl.conn.PoolingHttpClientConnectionManager  - Connection leased: [id: 76][route: {}->http://localhost:7219][total kept alive: 0; route allocated: 1 of 2000; total allocated: 1 of 2000]
92385 [Forwarding findElement on session c5bf1d259c068ae76f99adfff79e8f20 to remote] DEBUG org.apache.http.impl.execchain.MainClientExec  - Opening connection {}->http://localhost:7219
92385 [Forwarding findElement on session c5bf1d259c068ae76f99adfff79e8f20 to remote] DEBUG org.apache.http.impl.execchain.MainClientExec  - Opening connection {}->http://localhost:7219
92385 [Forwarding findElement on session c5bf1d259c068ae76f99adfff79e8f20 to remote] DEBUG org.apache.http.impl.execchain.MainClientExec  - Opening connection {}->http://localhost:7219
92385 [Forwarding findElement on session c5bf1d259c068ae76f99adfff79e8f20 to remote] DEBUG org.apache.http.impl.conn.DefaultHttpClientConnectionOperator  - Connecting to localhost/127.0.0.1:7219
92385 [Forwarding findElement on session c5bf1d259c068ae76f99adfff79e8f20 to remote] DEBUG org.apache.http.impl.conn.DefaultHttpClientConnectionOperator  - Connecting to localhost/127.0.0.1:7219
92385 [Forwarding findElement on session c5bf1d259c068ae76f99adfff79e8f20 to remote] DEBUG org.apache.http.impl.conn.DefaultHttpClientConnectionOperator  - Connecting to localhost/127.0.0.1:7219
92386 [Forwarding findElement on session c5bf1d259c068ae76f99adfff79e8f20 to remote] DEBUG org.apache.http.impl.conn.DefaultHttpClientConnectionOperator  - Connection established 127.0.0.1:52974<->127.0.0.1:7219
92386 [Forwarding findElement on session c5bf1d259c068ae76f99adfff79e8f20 to remote] DEBUG org.apache.http.impl.conn.DefaultHttpClientConnectionOperator  - Connection established 127.0.0.1:52974<->127.0.0.1:7219
92386 [Forwarding findElement on session c5bf1d259c068ae76f99adfff79e8f20 to remote] DEBUG org.apache.http.impl.conn.DefaultHttpClientConnectionOperator  - Connection established 127.0.0.1:52974<->127.0.0.1:7219
92386 [Forwarding findElement on session c5bf1d259c068ae76f99adfff79e8f20 to remote] DEBUG org.apache.http.impl.conn.DefaultManagedHttpClientConnection  - http-outgoing-76: set socket timeout to 10800000
92386 [Forwarding findElement on session c5bf1d259c068ae76f99adfff79e8f20 to remote] DEBUG org.apache.http.impl.conn.DefaultManagedHttpClientConnection  - http-outgoing-76: set socket timeout to 10800000
92386 [Forwarding findElement on session c5bf1d259c068ae76f99adfff79e8f20 to remote] DEBUG org.apache.http.impl.conn.DefaultManagedHttpClientConnection  - http-outgoing-76: set socket timeout to 10800000
92386 [Forwarding findElement on session c5bf1d259c068ae76f99adfff79e8f20 to remote] DEBUG org.apache.http.impl.execchain.MainClientExec  - Executing request POST /session/c5bf1d259c068ae76f99adfff79e8f20/element HTTP/1.1
92386 [Forwarding findElement on session c5bf1d259c068ae76f99adfff79e8f20 to remote] DEBUG org.apache.http.impl.execchain.MainClientExec  - Executing request POST /session/c5bf1d259c068ae76f99adfff79e8f20/element HTTP/1.1
92386 [Forwarding findElement on session c5bf1d259c068ae76f99adfff79e8f20 to remote] DEBUG org.apache.http.impl.execchain.MainClientExec  - Executing request POST /session/c5bf1d259c068ae76f99adfff79e8f20/element HTTP/1.1
92386 [Forwarding findElement on session c5bf1d259c068ae76f99adfff79e8f20 to remote] DEBUG org.apache.http.impl.execchain.MainClientExec  - Target auth state: UNCHALLENGED
92386 [Forwarding findElement on session c5bf1d259c068ae76f99adfff79e8f20 to remote] DEBUG org.apache.http.impl.execchain.MainClientExec  - Target auth state: UNCHALLENGED
92386 [Forwarding findElement on session c5bf1d259c068ae76f99adfff79e8f20 to remote] DEBUG org.apache.http.impl.execchain.MainClientExec  - Target auth state: UNCHALLENGED
92386 [Forwarding findElement on session c5bf1d259c068ae76f99adfff79e8f20 to remote] DEBUG org.apache.http.impl.execchain.MainClientExec  - Proxy auth state: UNCHALLENGED
92386 [Forwarding findElement on session c5bf1d259c068ae76f99adfff79e8f20 to remote] DEBUG org.apache.http.impl.execchain.MainClientExec  - Proxy auth state: UNCHALLENGED
92386 [Forwarding findElement on session c5bf1d259c068ae76f99adfff79e8f20 to remote] DEBUG org.apache.http.impl.execchain.MainClientExec  - Proxy auth state: UNCHALLENGED
92386 [Forwarding findElement on session c5bf1d259c068ae76f99adfff79e8f20 to remote] DEBUG org.apache.http.headers  - http-outgoing-76 >> POST /session/c5bf1d259c068ae76f99adfff79e8f20/element HTTP/1.1
92386 [Forwarding findElement on session c5bf1d259c068ae76f99adfff79e8f20 to remote] DEBUG org.apache.http.headers  - http-outgoing-76 >> POST /session/c5bf1d259c068ae76f99adfff79e8f20/element HTTP/1.1
92386 [Forwarding findElement on session c5bf1d259c068ae76f99adfff79e8f20 to remote] DEBUG org.apache.http.headers  - http-outgoing-76 >> POST /session/c5bf1d259c068ae76f99adfff79e8f20/element HTTP/1.1
92386 [Forwarding findElement on session c5bf1d259c068ae76f99adfff79e8f20 to remote] DEBUG org.apache.http.headers  - http-outgoing-76 >> Content-Type: application/json; charset=utf-8
92386 [Forwarding findElement on session c5bf1d259c068ae76f99adfff79e8f20 to remote] DEBUG org.apache.http.headers  - http-outgoing-76 >> Content-Type: application/json; charset=utf-8
92386 [Forwarding findElement on session c5bf1d259c068ae76f99adfff79e8f20 to remote] DEBUG org.apache.http.headers  - http-outgoing-76 >> Content-Type: application/json; charset=utf-8
92386 [Forwarding findElement on session c5bf1d259c068ae76f99adfff79e8f20 to remote] DEBUG org.apache.http.headers  - http-outgoing-76 >> Content-Length: 62
92386 [Forwarding findElement on session c5bf1d259c068ae76f99adfff79e8f20 to remote] DEBUG org.apache.http.headers  - http-outgoing-76 >> Content-Length: 62
92386 [Forwarding findElement on session c5bf1d259c068ae76f99adfff79e8f20 to remote] DEBUG org.apache.http.headers  - http-outgoing-76 >> Content-Length: 62
92386 [Forwarding findElement on session c5bf1d259c068ae76f99adfff79e8f20 to remote] DEBUG org.apache.http.headers  - http-outgoing-76 >> Host: localhost:7219
92386 [Forwarding findElement on session c5bf1d259c068ae76f99adfff79e8f20 to remote] DEBUG org.apache.http.headers  - http-outgoing-76 >> Host: localhost:7219
92386 [Forwarding findElement on session c5bf1d259c068ae76f99adfff79e8f20 to remote] DEBUG org.apache.http.headers  - http-outgoing-76 >> Host: localhost:7219
92386 [Forwarding findElement on session c5bf1d259c068ae76f99adfff79e8f20 to remote] DEBUG org.apache.http.headers  - http-outgoing-76 >> Connection: Keep-Alive
92386 [Forwarding findElement on session c5bf1d259c068ae76f99adfff79e8f20 to remote] DEBUG org.apache.http.headers  - http-outgoing-76 >> Connection: Keep-Alive
92386 [Forwarding findElement on session c5bf1d259c068ae76f99adfff79e8f20 to remote] DEBUG org.apache.http.headers  - http-outgoing-76 >> Connection: Keep-Alive
92386 [Forwarding findElement on session c5bf1d259c068ae76f99adfff79e8f20 to remote] DEBUG org.apache.http.headers  - http-outgoing-76 >> User-Agent: Apache-HttpClient/4.5.2 (Java/1.8.0_91)
92386 [Forwarding findElement on session c5bf1d259c068ae76f99adfff79e8f20 to remote] DEBUG org.apache.http.headers  - http-outgoing-76 >> User-Agent: Apache-HttpClient/4.5.2 (Java/1.8.0_91)
92386 [Forwarding findElement on session c5bf1d259c068ae76f99adfff79e8f20 to remote] DEBUG org.apache.http.headers  - http-outgoing-76 >> User-Agent: Apache-HttpClient/4.5.2 (Java/1.8.0_91)
92386 [Forwarding findElement on session c5bf1d259c068ae76f99adfff79e8f20 to remote] DEBUG org.apache.http.headers  - http-outgoing-76 >> Accept-Encoding: gzip,deflate
92386 [Forwarding findElement on session c5bf1d259c068ae76f99adfff79e8f20 to remote] DEBUG org.apache.http.headers  - http-outgoing-76 >> Accept-Encoding: gzip,deflate
92386 [Forwarding findElement on session c5bf1d259c068ae76f99adfff79e8f20 to remote] DEBUG org.apache.http.headers  - http-outgoing-76 >> Accept-Encoding: gzip,deflate
92386 [Forwarding findElement on session c5bf1d259c068ae76f99adfff79e8f20 to remote] DEBUG org.apache.http.wire  - http-outgoing-76 >> "POST /session/c5bf1d259c068ae76f99adfff79e8f20/element HTTP/1.1[\r][\n]"
92386 [Forwarding findElement on session c5bf1d259c068ae76f99adfff79e8f20 to remote] DEBUG org.apache.http.wire  - http-outgoing-76 >> "POST /session/c5bf1d259c068ae76f99adfff79e8f20/element HTTP/1.1[\r][\n]"
92386 [Forwarding findElement on session c5bf1d259c068ae76f99adfff79e8f20 to remote] DEBUG org.apache.http.wire  - http-outgoing-76 >> "POST /session/c5bf1d259c068ae76f99adfff79e8f20/element HTTP/1.1[\r][\n]"
92386 [Forwarding findElement on session c5bf1d259c068ae76f99adfff79e8f20 to remote] DEBUG org.apache.http.wire  - http-outgoing-76 >> "Content-Type: application/json; charset=utf-8[\r][\n]"
92386 [Forwarding findElement on session c5bf1d259c068ae76f99adfff79e8f20 to remote] DEBUG org.apache.http.wire  - http-outgoing-76 >> "Content-Type: application/json; charset=utf-8[\r][\n]"
92386 [Forwarding findElement on session c5bf1d259c068ae76f99adfff79e8f20 to remote] DEBUG org.apache.http.wire  - http-outgoing-76 >> "Content-Type: application/json; charset=utf-8[\r][\n]"
92386 [Forwarding findElement on session c5bf1d259c068ae76f99adfff79e8f20 to remote] DEBUG org.apache.http.wire  - http-outgoing-76 >> "Content-Length: 62[\r][\n]"
92386 [Forwarding findElement on session c5bf1d259c068ae76f99adfff79e8f20 to remote] DEBUG org.apache.http.wire  - http-outgoing-76 >> "Content-Length: 62[\r][\n]"
92386 [Forwarding findElement on session c5bf1d259c068ae76f99adfff79e8f20 to remote] DEBUG org.apache.http.wire  - http-outgoing-76 >> "Content-Length: 62[\r][\n]"
92386 [Forwarding findElement on session c5bf1d259c068ae76f99adfff79e8f20 to remote] DEBUG org.apache.http.wire  - http-outgoing-76 >> "Host: localhost:7219[\r][\n]"
92386 [Forwarding findElement on session c5bf1d259c068ae76f99adfff79e8f20 to remote] DEBUG org.apache.http.wire  - http-outgoing-76 >> "Host: localhost:7219[\r][\n]"
92386 [Forwarding findElement on session c5bf1d259c068ae76f99adfff79e8f20 to remote] DEBUG org.apache.http.wire  - http-outgoing-76 >> "Host: localhost:7219[\r][\n]"
92386 [Forwarding findElement on session c5bf1d259c068ae76f99adfff79e8f20 to remote] DEBUG org.apache.http.wire  - http-outgoing-76 >> "Connection: Keep-Alive[\r][\n]"
92386 [Forwarding findElement on session c5bf1d259c068ae76f99adfff79e8f20 to remote] DEBUG org.apache.http.wire  - http-outgoing-76 >> "Connection: Keep-Alive[\r][\n]"
92386 [Forwarding findElement on session c5bf1d259c068ae76f99adfff79e8f20 to remote] DEBUG org.apache.http.wire  - http-outgoing-76 >> "Connection: Keep-Alive[\r][\n]"
92387 [Forwarding findElement on session c5bf1d259c068ae76f99adfff79e8f20 to remote] DEBUG org.apache.http.wire  - http-outgoing-76 >> "User-Agent: Apache-HttpClient/4.5.2 (Java/1.8.0_91)[\r][\n]"
92387 [Forwarding findElement on session c5bf1d259c068ae76f99adfff79e8f20 to remote] DEBUG org.apache.http.wire  - http-outgoing-76 >> "User-Agent: Apache-HttpClient/4.5.2 (Java/1.8.0_91)[\r][\n]"
92387 [Forwarding findElement on session c5bf1d259c068ae76f99adfff79e8f20 to remote] DEBUG org.apache.http.wire  - http-outgoing-76 >> "User-Agent: Apache-HttpClient/4.5.2 (Java/1.8.0_91)[\r][\n]"
92387 [Forwarding findElement on session c5bf1d259c068ae76f99adfff79e8f20 to remote] DEBUG org.apache.http.wire  - http-outgoing-76 >> "Accept-Encoding: gzip,deflate[\r][\n]"
92387 [Forwarding findElement on session c5bf1d259c068ae76f99adfff79e8f20 to remote] DEBUG org.apache.http.wire  - http-outgoing-76 >> "Accept-Encoding: gzip,deflate[\r][\n]"
92387 [Forwarding findElement on session c5bf1d259c068ae76f99adfff79e8f20 to remote] DEBUG org.apache.http.wire  - http-outgoing-76 >> "Accept-Encoding: gzip,deflate[\r][\n]"
92387 [Forwarding findElement on session c5bf1d259c068ae76f99adfff79e8f20 to remote] DEBUG org.apache.http.wire  - http-outgoing-76 >> "[\r][\n]"
92387 [Forwarding findElement on session c5bf1d259c068ae76f99adfff79e8f20 to remote] DEBUG org.apache.http.wire  - http-outgoing-76 >> "[\r][\n]"
92387 [Forwarding findElement on session c5bf1d259c068ae76f99adfff79e8f20 to remote] DEBUG org.apache.http.wire  - http-outgoing-76 >> "[\r][\n]"
92387 [Forwarding findElement on session c5bf1d259c068ae76f99adfff79e8f20 to remote] DEBUG org.apache.http.wire  - http-outgoing-76 >> "{"using":"xpath","value":".//*[@id='home-page-top']/nav/a[2]"}"
92387 [Forwarding findElement on session c5bf1d259c068ae76f99adfff79e8f20 to remote] DEBUG org.apache.http.wire  - http-outgoing-76 >> "{"using":"xpath","value":".//*[@id='home-page-top']/nav/a[2]"}"
92387 [Forwarding findElement on session c5bf1d259c068ae76f99adfff79e8f20 to remote] DEBUG org.apache.http.wire  - http-outgoing-76 >> "{"using":"xpath","value":".//*[@id='home-page-top']/nav/a[2]"}"
92407 [Forwarding findElement on session c5bf1d259c068ae76f99adfff79e8f20 to remote] DEBUG org.apache.http.wire  - http-outgoing-76 << "HTTP/1.1 200 OK[\r][\n]"
92407 [Forwarding findElement on session c5bf1d259c068ae76f99adfff79e8f20 to remote] DEBUG org.apache.http.wire  - http-outgoing-76 << "HTTP/1.1 200 OK[\r][\n]"
92407 [Forwarding findElement on session c5bf1d259c068ae76f99adfff79e8f20 to remote] DEBUG org.apache.http.wire  - http-outgoing-76 << "HTTP/1.1 200 OK[\r][\n]"
92407 [Forwarding findElement on session c5bf1d259c068ae76f99adfff79e8f20 to remote] DEBUG org.apache.http.wire  - http-outgoing-76 << "Content-Length:102[\r][\n]"
92407 [Forwarding findElement on session c5bf1d259c068ae76f99adfff79e8f20 to remote] DEBUG org.apache.http.wire  - http-outgoing-76 << "Content-Length:102[\r][\n]"
92407 [Forwarding findElement on session c5bf1d259c068ae76f99adfff79e8f20 to remote] DEBUG org.apache.http.wire  - http-outgoing-76 << "Content-Length:102[\r][\n]"
92407 [Forwarding findElement on session c5bf1d259c068ae76f99adfff79e8f20 to remote] DEBUG org.apache.http.wire  - http-outgoing-76 << "Content-Type:application/json; charset=utf-8[\r][\n]"
92407 [Forwarding findElement on session c5bf1d259c068ae76f99adfff79e8f20 to remote] DEBUG org.apache.http.wire  - http-outgoing-76 << "Content-Type:application/json; charset=utf-8[\r][\n]"
92407 [Forwarding findElement on session c5bf1d259c068ae76f99adfff79e8f20 to remote] DEBUG org.apache.http.wire  - http-outgoing-76 << "Content-Type:application/json; charset=utf-8[\r][\n]"
92407 [Forwarding findElement on session c5bf1d259c068ae76f99adfff79e8f20 to remote] DEBUG org.apache.http.wire  - http-outgoing-76 << "Connection:close[\r][\n]"
92407 [Forwarding findElement on session c5bf1d259c068ae76f99adfff79e8f20 to remote] DEBUG org.apache.http.wire  - http-outgoing-76 << "Connection:close[\r][\n]"
92407 [Forwarding findElement on session c5bf1d259c068ae76f99adfff79e8f20 to remote] DEBUG org.apache.http.wire  - http-outgoing-76 << "Connection:close[\r][\n]"
92407 [Forwarding findElement on session c5bf1d259c068ae76f99adfff79e8f20 to remote] DEBUG org.apache.http.wire  - http-outgoing-76 << "[\r][\n]"
92407 [Forwarding findElement on session c5bf1d259c068ae76f99adfff79e8f20 to remote] DEBUG org.apache.http.wire  - http-outgoing-76 << "[\r][\n]"
92407 [Forwarding findElement on session c5bf1d259c068ae76f99adfff79e8f20 to remote] DEBUG org.apache.http.wire  - http-outgoing-76 << "[\r][\n]"
92407 [Forwarding findElement on session c5bf1d259c068ae76f99adfff79e8f20 to remote] DEBUG org.apache.http.wire  - http-outgoing-76 << "{"sessionId":"c5bf1d259c068ae76f99adfff79e8f20","status":0,"value":{"ELEMENT":"0.9312806552999775-1"}}"
92407 [Forwarding findElement on session c5bf1d259c068ae76f99adfff79e8f20 to remote] DEBUG org.apache.http.wire  - http-outgoing-76 << "{"sessionId":"c5bf1d259c068ae76f99adfff79e8f20","status":0,"value":{"ELEMENT":"0.9312806552999775-1"}}"
92407 [Forwarding findElement on session c5bf1d259c068ae76f99adfff79e8f20 to remote] DEBUG org.apache.http.wire  - http-outgoing-76 << "{"sessionId":"c5bf1d259c068ae76f99adfff79e8f20","status":0,"value":{"ELEMENT":"0.9312806552999775-1"}}"
92407 [Forwarding findElement on session c5bf1d259c068ae76f99adfff79e8f20 to remote] DEBUG org.apache.http.headers  - http-outgoing-76 << HTTP/1.1 200 OK
92407 [Forwarding findElement on session c5bf1d259c068ae76f99adfff79e8f20 to remote] DEBUG org.apache.http.headers  - http-outgoing-76 << HTTP/1.1 200 OK
92407 [Forwarding findElement on session c5bf1d259c068ae76f99adfff79e8f20 to remote] DEBUG org.apache.http.headers  - http-outgoing-76 << HTTP/1.1 200 OK
92407 [Forwarding findElement on session c5bf1d259c068ae76f99adfff79e8f20 to remote] DEBUG org.apache.http.headers  - http-outgoing-76 << Content-Length:102
92407 [Forwarding findElement on session c5bf1d259c068ae76f99adfff79e8f20 to remote] DEBUG org.apache.http.headers  - http-outgoing-76 << Content-Length:102
92407 [Forwarding findElement on session c5bf1d259c068ae76f99adfff79e8f20 to remote] DEBUG org.apache.http.headers  - http-outgoing-76 << Content-Length:102
92408 [Forwarding findElement on session c5bf1d259c068ae76f99adfff79e8f20 to remote] DEBUG org.apache.http.headers  - http-outgoing-76 << Content-Type:application/json; charset=utf-8
92408 [Forwarding findElement on session c5bf1d259c068ae76f99adfff79e8f20 to remote] DEBUG org.apache.http.headers  - http-outgoing-76 << Content-Type:application/json; charset=utf-8
92408 [Forwarding findElement on session c5bf1d259c068ae76f99adfff79e8f20 to remote] DEBUG org.apache.http.headers  - http-outgoing-76 << Content-Type:application/json; charset=utf-8
92408 [Forwarding findElement on session c5bf1d259c068ae76f99adfff79e8f20 to remote] DEBUG org.apache.http.headers  - http-outgoing-76 << Connection:close
92408 [Forwarding findElement on session c5bf1d259c068ae76f99adfff79e8f20 to remote] DEBUG org.apache.http.headers  - http-outgoing-76 << Connection:close
92408 [Forwarding findElement on session c5bf1d259c068ae76f99adfff79e8f20 to remote] DEBUG org.apache.http.headers  - http-outgoing-76 << Connection:close
92408 [Forwarding findElement on session c5bf1d259c068ae76f99adfff79e8f20 to remote] DEBUG org.apache.http.impl.conn.DefaultManagedHttpClientConnection  - http-outgoing-76: Close connection
92408 [Forwarding findElement on session c5bf1d259c068ae76f99adfff79e8f20 to remote] DEBUG org.apache.http.impl.conn.DefaultManagedHttpClientConnection  - http-outgoing-76: Close connection
92408 [Forwarding findElement on session c5bf1d259c068ae76f99adfff79e8f20 to remote] DEBUG org.apache.http.impl.conn.DefaultManagedHttpClientConnection  - http-outgoing-76: Close connection
92408 [Forwarding findElement on session c5bf1d259c068ae76f99adfff79e8f20 to remote] DEBUG org.apache.http.impl.execchain.MainClientExec  - Connection discarded
92408 [Forwarding findElement on session c5bf1d259c068ae76f99adfff79e8f20 to remote] DEBUG org.apache.http.impl.execchain.MainClientExec  - Connection discarded
92408 [Forwarding findElement on session c5bf1d259c068ae76f99adfff79e8f20 to remote] DEBUG org.apache.http.impl.execchain.MainClientExec  - Connection discarded
92409 [Forwarding findElement on session c5bf1d259c068ae76f99adfff79e8f20 to remote] DEBUG org.apache.http.impl.conn.PoolingHttpClientConnectionManager  - Connection released: [id: 76][route: {}->http://localhost:7219][total kept alive: 0; route allocated: 0 of 2000; total allocated: 0 of 2000]
92409 [Forwarding findElement on session c5bf1d259c068ae76f99adfff79e8f20 to remote] DEBUG org.apache.http.impl.conn.PoolingHttpClientConnectionManager  - Connection released: [id: 76][route: {}->http://localhost:7219][total kept alive: 0; route allocated: 0 of 2000; total allocated: 0 of 2000]
92409 [Forwarding findElement on session c5bf1d259c068ae76f99adfff79e8f20 to remote] DEBUG org.apache.http.impl.conn.PoolingHttpClientConnectionManager  - Connection released: [id: 76][route: {}->http://localhost:7219][total kept alive: 0; route allocated: 0 of 2000; total allocated: 0 of 2000]
92410 [Forwarding clickElement on session c5bf1d259c068ae76f99adfff79e8f20 to remote] DEBUG org.apache.http.client.protocol.RequestAddCookies  - CookieSpec selected: default
92410 [Forwarding clickElement on session c5bf1d259c068ae76f99adfff79e8f20 to remote] DEBUG org.apache.http.client.protocol.RequestAddCookies  - CookieSpec selected: default
92410 [Forwarding clickElement on session c5bf1d259c068ae76f99adfff79e8f20 to remote] DEBUG org.apache.http.client.protocol.RequestAddCookies  - CookieSpec selected: default
92410 [Forwarding clickElement on session c5bf1d259c068ae76f99adfff79e8f20 to remote] DEBUG org.apache.http.client.protocol.RequestAuthCache  - Auth cache not set in the context
92410 [Forwarding clickElement on session c5bf1d259c068ae76f99adfff79e8f20 to remote] DEBUG org.apache.http.client.protocol.RequestAuthCache  - Auth cache not set in the context
92410 [Forwarding clickElement on session c5bf1d259c068ae76f99adfff79e8f20 to remote] DEBUG org.apache.http.client.protocol.RequestAuthCache  - Auth cache not set in the context
92410 [Forwarding clickElement on session c5bf1d259c068ae76f99adfff79e8f20 to remote] DEBUG org.apache.http.impl.conn.PoolingHttpClientConnectionManager  - Connection request: [route: {}->http://localhost:7219][total kept alive: 0; route allocated: 0 of 2000; total allocated: 0 of 2000]
92410 [Forwarding clickElement on session c5bf1d259c068ae76f99adfff79e8f20 to remote] DEBUG org.apache.http.impl.conn.PoolingHttpClientConnectionManager  - Connection request: [route: {}->http://localhost:7219][total kept alive: 0; route allocated: 0 of 2000; total allocated: 0 of 2000]
92410 [Forwarding clickElement on session c5bf1d259c068ae76f99adfff79e8f20 to remote] DEBUG org.apache.http.impl.conn.PoolingHttpClientConnectionManager  - Connection request: [route: {}->http://localhost:7219][total kept alive: 0; route allocated: 0 of 2000; total allocated: 0 of 2000]
92411 [Forwarding clickElement on session c5bf1d259c068ae76f99adfff79e8f20 to remote] DEBUG org.apache.http.impl.conn.PoolingHttpClientConnectionManager  - Connection leased: [id: 77][route: {}->http://localhost:7219][total kept alive: 0; route allocated: 1 of 2000; total allocated: 1 of 2000]
92411 [Forwarding clickElement on session c5bf1d259c068ae76f99adfff79e8f20 to remote] DEBUG org.apache.http.impl.conn.PoolingHttpClientConnectionManager  - Connection leased: [id: 77][route: {}->http://localhost:7219][total kept alive: 0; route allocated: 1 of 2000; total allocated: 1 of 2000]
92411 [Forwarding clickElement on session c5bf1d259c068ae76f99adfff79e8f20 to remote] DEBUG org.apache.http.impl.conn.PoolingHttpClientConnectionManager  - Connection leased: [id: 77][route: {}->http://localhost:7219][total kept alive: 0; route allocated: 1 of 2000; total allocated: 1 of 2000]
92411 [Forwarding clickElement on session c5bf1d259c068ae76f99adfff79e8f20 to remote] DEBUG org.apache.http.impl.execchain.MainClientExec  - Opening connection {}->http://localhost:7219
92411 [Forwarding clickElement on session c5bf1d259c068ae76f99adfff79e8f20 to remote] DEBUG org.apache.http.impl.execchain.MainClientExec  - Opening connection {}->http://localhost:7219
92411 [Forwarding clickElement on session c5bf1d259c068ae76f99adfff79e8f20 to remote] DEBUG org.apache.http.impl.execchain.MainClientExec  - Opening connection {}->http://localhost:7219
92411 [Forwarding clickElement on session c5bf1d259c068ae76f99adfff79e8f20 to remote] DEBUG org.apache.http.impl.conn.DefaultHttpClientConnectionOperator  - Connecting to localhost/127.0.0.1:7219
92411 [Forwarding clickElement on session c5bf1d259c068ae76f99adfff79e8f20 to remote] DEBUG org.apache.http.impl.conn.DefaultHttpClientConnectionOperator  - Connecting to localhost/127.0.0.1:7219
92411 [Forwarding clickElement on session c5bf1d259c068ae76f99adfff79e8f20 to remote] DEBUG org.apache.http.impl.conn.DefaultHttpClientConnectionOperator  - Connecting to localhost/127.0.0.1:7219
92412 [Forwarding clickElement on session c5bf1d259c068ae76f99adfff79e8f20 to remote] DEBUG org.apache.http.impl.conn.DefaultHttpClientConnectionOperator  - Connection established 127.0.0.1:52975<->127.0.0.1:7219
92412 [Forwarding clickElement on session c5bf1d259c068ae76f99adfff79e8f20 to remote] DEBUG org.apache.http.impl.conn.DefaultHttpClientConnectionOperator  - Connection established 127.0.0.1:52975<->127.0.0.1:7219
92412 [Forwarding clickElement on session c5bf1d259c068ae76f99adfff79e8f20 to remote] DEBUG org.apache.http.impl.conn.DefaultHttpClientConnectionOperator  - Connection established 127.0.0.1:52975<->127.0.0.1:7219
92412 [Forwarding clickElement on session c5bf1d259c068ae76f99adfff79e8f20 to remote] DEBUG org.apache.http.impl.conn.DefaultManagedHttpClientConnection  - http-outgoing-77: set socket timeout to 10800000
92412 [Forwarding clickElement on session c5bf1d259c068ae76f99adfff79e8f20 to remote] DEBUG org.apache.http.impl.conn.DefaultManagedHttpClientConnection  - http-outgoing-77: set socket timeout to 10800000
92412 [Forwarding clickElement on session c5bf1d259c068ae76f99adfff79e8f20 to remote] DEBUG org.apache.http.impl.conn.DefaultManagedHttpClientConnection  - http-outgoing-77: set socket timeout to 10800000
92412 [Forwarding clickElement on session c5bf1d259c068ae76f99adfff79e8f20 to remote] DEBUG org.apache.http.impl.execchain.MainClientExec  - Executing request POST /session/c5bf1d259c068ae76f99adfff79e8f20/element/0.9312806552999775-1/click HTTP/1.1
92412 [Forwarding clickElement on session c5bf1d259c068ae76f99adfff79e8f20 to remote] DEBUG org.apache.http.impl.execchain.MainClientExec  - Executing request POST /session/c5bf1d259c068ae76f99adfff79e8f20/element/0.9312806552999775-1/click HTTP/1.1
92412 [Forwarding clickElement on session c5bf1d259c068ae76f99adfff79e8f20 to remote] DEBUG org.apache.http.impl.execchain.MainClientExec  - Executing request POST /session/c5bf1d259c068ae76f99adfff79e8f20/element/0.9312806552999775-1/click HTTP/1.1
92412 [Forwarding clickElement on session c5bf1d259c068ae76f99adfff79e8f20 to remote] DEBUG org.apache.http.impl.execchain.MainClientExec  - Target auth state: UNCHALLENGED
92412 [Forwarding clickElement on session c5bf1d259c068ae76f99adfff79e8f20 to remote] DEBUG org.apache.http.impl.execchain.MainClientExec  - Target auth state: UNCHALLENGED
92412 [Forwarding clickElement on session c5bf1d259c068ae76f99adfff79e8f20 to remote] DEBUG org.apache.http.impl.execchain.MainClientExec  - Target auth state: UNCHALLENGED
92412 [Forwarding clickElement on session c5bf1d259c068ae76f99adfff79e8f20 to remote] DEBUG org.apache.http.impl.execchain.MainClientExec  - Proxy auth state: UNCHALLENGED
92412 [Forwarding clickElement on session c5bf1d259c068ae76f99adfff79e8f20 to remote] DEBUG org.apache.http.impl.execchain.MainClientExec  - Proxy auth state: UNCHALLENGED
92412 [Forwarding clickElement on session c5bf1d259c068ae76f99adfff79e8f20 to remote] DEBUG org.apache.http.impl.execchain.MainClientExec  - Proxy auth state: UNCHALLENGED
92412 [Forwarding clickElement on session c5bf1d259c068ae76f99adfff79e8f20 to remote] DEBUG org.apache.http.headers  - http-outgoing-77 >> POST /session/c5bf1d259c068ae76f99adfff79e8f20/element/0.9312806552999775-1/click HTTP/1.1
92412 [Forwarding clickElement on session c5bf1d259c068ae76f99adfff79e8f20 to remote] DEBUG org.apache.http.headers  - http-outgoing-77 >> POST /session/c5bf1d259c068ae76f99adfff79e8f20/element/0.9312806552999775-1/click HTTP/1.1
92412 [Forwarding clickElement on session c5bf1d259c068ae76f99adfff79e8f20 to remote] DEBUG org.apache.http.headers  - http-outgoing-77 >> POST /session/c5bf1d259c068ae76f99adfff79e8f20/element/0.9312806552999775-1/click HTTP/1.1
92412 [Forwarding clickElement on session c5bf1d259c068ae76f99adfff79e8f20 to remote] DEBUG org.apache.http.headers  - http-outgoing-77 >> Content-Type: application/json; charset=utf-8
92412 [Forwarding clickElement on session c5bf1d259c068ae76f99adfff79e8f20 to remote] DEBUG org.apache.http.headers  - http-outgoing-77 >> Content-Type: application/json; charset=utf-8
92412 [Forwarding clickElement on session c5bf1d259c068ae76f99adfff79e8f20 to remote] DEBUG org.apache.http.headers  - http-outgoing-77 >> Content-Type: application/json; charset=utf-8
92412 [Forwarding clickElement on session c5bf1d259c068ae76f99adfff79e8f20 to remote] DEBUG org.apache.http.headers  - http-outgoing-77 >> Content-Length: 29
92412 [Forwarding clickElement on session c5bf1d259c068ae76f99adfff79e8f20 to remote] DEBUG org.apache.http.headers  - http-outgoing-77 >> Content-Length: 29
92412 [Forwarding clickElement on session c5bf1d259c068ae76f99adfff79e8f20 to remote] DEBUG org.apache.http.headers  - http-outgoing-77 >> Content-Length: 29
92412 [Forwarding clickElement on session c5bf1d259c068ae76f99adfff79e8f20 to remote] DEBUG org.apache.http.headers  - http-outgoing-77 >> Host: localhost:7219
92412 [Forwarding clickElement on session c5bf1d259c068ae76f99adfff79e8f20 to remote] DEBUG org.apache.http.headers  - http-outgoing-77 >> Host: localhost:7219
92412 [Forwarding clickElement on session c5bf1d259c068ae76f99adfff79e8f20 to remote] DEBUG org.apache.http.headers  - http-outgoing-77 >> Host: localhost:7219
92412 [Forwarding clickElement on session c5bf1d259c068ae76f99adfff79e8f20 to remote] DEBUG org.apache.http.headers  - http-outgoing-77 >> Connection: Keep-Alive
92412 [Forwarding clickElement on session c5bf1d259c068ae76f99adfff79e8f20 to remote] DEBUG org.apache.http.headers  - http-outgoing-77 >> Connection: Keep-Alive
92412 [Forwarding clickElement on session c5bf1d259c068ae76f99adfff79e8f20 to remote] DEBUG org.apache.http.headers  - http-outgoing-77 >> Connection: Keep-Alive
92412 [Forwarding clickElement on session c5bf1d259c068ae76f99adfff79e8f20 to remote] DEBUG org.apache.http.headers  - http-outgoing-77 >> User-Agent: Apache-HttpClient/4.5.2 (Java/1.8.0_91)
92412 [Forwarding clickElement on session c5bf1d259c068ae76f99adfff79e8f20 to remote] DEBUG org.apache.http.headers  - http-outgoing-77 >> User-Agent: Apache-HttpClient/4.5.2 (Java/1.8.0_91)
92412 [Forwarding clickElement on session c5bf1d259c068ae76f99adfff79e8f20 to remote] DEBUG org.apache.http.headers  - http-outgoing-77 >> User-Agent: Apache-HttpClient/4.5.2 (Java/1.8.0_91)
92412 [Forwarding clickElement on session c5bf1d259c068ae76f99adfff79e8f20 to remote] DEBUG org.apache.http.headers  - http-outgoing-77 >> Accept-Encoding: gzip,deflate
92412 [Forwarding clickElement on session c5bf1d259c068ae76f99adfff79e8f20 to remote] DEBUG org.apache.http.headers  - http-outgoing-77 >> Accept-Encoding: gzip,deflate
92412 [Forwarding clickElement on session c5bf1d259c068ae76f99adfff79e8f20 to remote] DEBUG org.apache.http.headers  - http-outgoing-77 >> Accept-Encoding: gzip,deflate
92412 [Forwarding clickElement on session c5bf1d259c068ae76f99adfff79e8f20 to remote] DEBUG org.apache.http.wire  - http-outgoing-77 >> "POST /session/c5bf1d259c068ae76f99adfff79e8f20/element/0.9312806552999775-1/click HTTP/1.1[\r][\n]"
92412 [Forwarding clickElement on session c5bf1d259c068ae76f99adfff79e8f20 to remote] DEBUG org.apache.http.wire  - http-outgoing-77 >> "POST /session/c5bf1d259c068ae76f99adfff79e8f20/element/0.9312806552999775-1/click HTTP/1.1[\r][\n]"
92412 [Forwarding clickElement on session c5bf1d259c068ae76f99adfff79e8f20 to remote] DEBUG org.apache.http.wire  - http-outgoing-77 >> "POST /session/c5bf1d259c068ae76f99adfff79e8f20/element/0.9312806552999775-1/click HTTP/1.1[\r][\n]"
92412 [Forwarding clickElement on session c5bf1d259c068ae76f99adfff79e8f20 to remote] DEBUG org.apache.http.wire  - http-outgoing-77 >> "Content-Type: application/json; charset=utf-8[\r][\n]"
92412 [Forwarding clickElement on session c5bf1d259c068ae76f99adfff79e8f20 to remote] DEBUG org.apache.http.wire  - http-outgoing-77 >> "Content-Type: application/json; charset=utf-8[\r][\n]"
92412 [Forwarding clickElement on session c5bf1d259c068ae76f99adfff79e8f20 to remote] DEBUG org.apache.http.wire  - http-outgoing-77 >> "Content-Type: application/json; charset=utf-8[\r][\n]"
92412 [Forwarding clickElement on session c5bf1d259c068ae76f99adfff79e8f20 to remote] DEBUG org.apache.http.wire  - http-outgoing-77 >> "Content-Length: 29[\r][\n]"
92412 [Forwarding clickElement on session c5bf1d259c068ae76f99adfff79e8f20 to remote] DEBUG org.apache.http.wire  - http-outgoing-77 >> "Content-Length: 29[\r][\n]"
92412 [Forwarding clickElement on session c5bf1d259c068ae76f99adfff79e8f20 to remote] DEBUG org.apache.http.wire  - http-outgoing-77 >> "Content-Length: 29[\r][\n]"
92412 [Forwarding clickElement on session c5bf1d259c068ae76f99adfff79e8f20 to remote] DEBUG org.apache.http.wire  - http-outgoing-77 >> "Host: localhost:7219[\r][\n]"
92412 [Forwarding clickElement on session c5bf1d259c068ae76f99adfff79e8f20 to remote] DEBUG org.apache.http.wire  - http-outgoing-77 >> "Host: localhost:7219[\r][\n]"
92412 [Forwarding clickElement on session c5bf1d259c068ae76f99adfff79e8f20 to remote] DEBUG org.apache.http.wire  - http-outgoing-77 >> "Host: localhost:7219[\r][\n]"
92412 [Forwarding clickElement on session c5bf1d259c068ae76f99adfff79e8f20 to remote] DEBUG org.apache.http.wire  - http-outgoing-77 >> "Connection: Keep-Alive[\r][\n]"
92412 [Forwarding clickElement on session c5bf1d259c068ae76f99adfff79e8f20 to remote] DEBUG org.apache.http.wire  - http-outgoing-77 >> "Connection: Keep-Alive[\r][\n]"
92412 [Forwarding clickElement on session c5bf1d259c068ae76f99adfff79e8f20 to remote] DEBUG org.apache.http.wire  - http-outgoing-77 >> "Connection: Keep-Alive[\r][\n]"
92412 [Forwarding clickElement on session c5bf1d259c068ae76f99adfff79e8f20 to remote] DEBUG org.apache.http.wire  - http-outgoing-77 >> "User-Agent: Apache-HttpClient/4.5.2 (Java/1.8.0_91)[\r][\n]"
92412 [Forwarding clickElement on session c5bf1d259c068ae76f99adfff79e8f20 to remote] DEBUG org.apache.http.wire  - http-outgoing-77 >> "User-Agent: Apache-HttpClient/4.5.2 (Java/1.8.0_91)[\r][\n]"
92412 [Forwarding clickElement on session c5bf1d259c068ae76f99adfff79e8f20 to remote] DEBUG org.apache.http.wire  - http-outgoing-77 >> "User-Agent: Apache-HttpClient/4.5.2 (Java/1.8.0_91)[\r][\n]"
92412 [Forwarding clickElement on session c5bf1d259c068ae76f99adfff79e8f20 to remote] DEBUG org.apache.http.wire  - http-outgoing-77 >> "Accept-Encoding: gzip,deflate[\r][\n]"
92412 [Forwarding clickElement on session c5bf1d259c068ae76f99adfff79e8f20 to remote] DEBUG org.apache.http.wire  - http-outgoing-77 >> "Accept-Encoding: gzip,deflate[\r][\n]"
92412 [Forwarding clickElement on session c5bf1d259c068ae76f99adfff79e8f20 to remote] DEBUG org.apache.http.wire  - http-outgoing-77 >> "Accept-Encoding: gzip,deflate[\r][\n]"
92412 [Forwarding clickElement on session c5bf1d259c068ae76f99adfff79e8f20 to remote] DEBUG org.apache.http.wire  - http-outgoing-77 >> "[\r][\n]"
92412 [Forwarding clickElement on session c5bf1d259c068ae76f99adfff79e8f20 to remote] DEBUG org.apache.http.wire  - http-outgoing-77 >> "[\r][\n]"
92412 [Forwarding clickElement on session c5bf1d259c068ae76f99adfff79e8f20 to remote] DEBUG org.apache.http.wire  - http-outgoing-77 >> "[\r][\n]"
92413 [Forwarding clickElement on session c5bf1d259c068ae76f99adfff79e8f20 to remote] DEBUG org.apache.http.wire  - http-outgoing-77 >> "{"id":"0.9312806552999775-1"}"
92413 [Forwarding clickElement on session c5bf1d259c068ae76f99adfff79e8f20 to remote] DEBUG org.apache.http.wire  - http-outgoing-77 >> "{"id":"0.9312806552999775-1"}"
92413 [Forwarding clickElement on session c5bf1d259c068ae76f99adfff79e8f20 to remote] DEBUG org.apache.http.wire  - http-outgoing-77 >> "{"id":"0.9312806552999775-1"}"
93448 [Forwarding clickElement on session c5bf1d259c068ae76f99adfff79e8f20 to remote] DEBUG org.apache.http.wire  - http-outgoing-77 << "HTTP/1.1 200 OK[\r][\n]"
93448 [Forwarding clickElement on session c5bf1d259c068ae76f99adfff79e8f20 to remote] DEBUG org.apache.http.wire  - http-outgoing-77 << "HTTP/1.1 200 OK[\r][\n]"
93448 [Forwarding clickElement on session c5bf1d259c068ae76f99adfff79e8f20 to remote] DEBUG org.apache.http.wire  - http-outgoing-77 << "HTTP/1.1 200 OK[\r][\n]"
93448 [Forwarding clickElement on session c5bf1d259c068ae76f99adfff79e8f20 to remote] DEBUG org.apache.http.wire  - http-outgoing-77 << "Content-Length:72[\r][\n]"
93448 [Forwarding clickElement on session c5bf1d259c068ae76f99adfff79e8f20 to remote] DEBUG org.apache.http.wire  - http-outgoing-77 << "Content-Length:72[\r][\n]"
93448 [Forwarding clickElement on session c5bf1d259c068ae76f99adfff79e8f20 to remote] DEBUG org.apache.http.wire  - http-outgoing-77 << "Content-Length:72[\r][\n]"
93448 [Forwarding clickElement on session c5bf1d259c068ae76f99adfff79e8f20 to remote] DEBUG org.apache.http.wire  - http-outgoing-77 << "Content-Type:application/json; charset=utf-8[\r][\n]"
93448 [Forwarding clickElement on session c5bf1d259c068ae76f99adfff79e8f20 to remote] DEBUG org.apache.http.wire  - http-outgoing-77 << "Content-Type:application/json; charset=utf-8[\r][\n]"
93448 [Forwarding clickElement on session c5bf1d259c068ae76f99adfff79e8f20 to remote] DEBUG org.apache.http.wire  - http-outgoing-77 << "Content-Type:application/json; charset=utf-8[\r][\n]"
93448 [Forwarding clickElement on session c5bf1d259c068ae76f99adfff79e8f20 to remote] DEBUG org.apache.http.wire  - http-outgoing-77 << "Connection:close[\r][\n]"
93448 [Forwarding clickElement on session c5bf1d259c068ae76f99adfff79e8f20 to remote] DEBUG org.apache.http.wire  - http-outgoing-77 << "Connection:close[\r][\n]"
93448 [Forwarding clickElement on session c5bf1d259c068ae76f99adfff79e8f20 to remote] DEBUG org.apache.http.wire  - http-outgoing-77 << "Connection:close[\r][\n]"
93448 [Forwarding clickElement on session c5bf1d259c068ae76f99adfff79e8f20 to remote] DEBUG org.apache.http.wire  - http-outgoing-77 << "[\r][\n]"
93448 [Forwarding clickElement on session c5bf1d259c068ae76f99adfff79e8f20 to remote] DEBUG org.apache.http.wire  - http-outgoing-77 << "[\r][\n]"
93448 [Forwarding clickElement on session c5bf1d259c068ae76f99adfff79e8f20 to remote] DEBUG org.apache.http.wire  - http-outgoing-77 << "[\r][\n]"
93448 [Forwarding clickElement on session c5bf1d259c068ae76f99adfff79e8f20 to remote] DEBUG org.apache.http.wire  - http-outgoing-77 << "{"sessionId":"c5bf1d259c068ae76f99adfff79e8f20","status":0,"value":null}"
93448 [Forwarding clickElement on session c5bf1d259c068ae76f99adfff79e8f20 to remote] DEBUG org.apache.http.wire  - http-outgoing-77 << "{"sessionId":"c5bf1d259c068ae76f99adfff79e8f20","status":0,"value":null}"
93448 [Forwarding clickElement on session c5bf1d259c068ae76f99adfff79e8f20 to remote] DEBUG org.apache.http.wire  - http-outgoing-77 << "{"sessionId":"c5bf1d259c068ae76f99adfff79e8f20","status":0,"value":null}"
93448 [Forwarding clickElement on session c5bf1d259c068ae76f99adfff79e8f20 to remote] DEBUG org.apache.http.headers  - http-outgoing-77 << HTTP/1.1 200 OK
93448 [Forwarding clickElement on session c5bf1d259c068ae76f99adfff79e8f20 to remote] DEBUG org.apache.http.headers  - http-outgoing-77 << HTTP/1.1 200 OK
93448 [Forwarding clickElement on session c5bf1d259c068ae76f99adfff79e8f20 to remote] DEBUG org.apache.http.headers  - http-outgoing-77 << HTTP/1.1 200 OK
93448 [Forwarding clickElement on session c5bf1d259c068ae76f99adfff79e8f20 to remote] DEBUG org.apache.http.headers  - http-outgoing-77 << Content-Length:72
93448 [Forwarding clickElement on session c5bf1d259c068ae76f99adfff79e8f20 to remote] DEBUG org.apache.http.headers  - http-outgoing-77 << Content-Length:72
93448 [Forwarding clickElement on session c5bf1d259c068ae76f99adfff79e8f20 to remote] DEBUG org.apache.http.headers  - http-outgoing-77 << Content-Length:72
93448 [Forwarding clickElement on session c5bf1d259c068ae76f99adfff79e8f20 to remote] DEBUG org.apache.http.headers  - http-outgoing-77 << Content-Type:application/json; charset=utf-8
93448 [Forwarding clickElement on session c5bf1d259c068ae76f99adfff79e8f20 to remote] DEBUG org.apache.http.headers  - http-outgoing-77 << Content-Type:application/json; charset=utf-8
93448 [Forwarding clickElement on session c5bf1d259c068ae76f99adfff79e8f20 to remote] DEBUG org.apache.http.headers  - http-outgoing-77 << Content-Type:application/json; charset=utf-8
93448 [Forwarding clickElement on session c5bf1d259c068ae76f99adfff79e8f20 to remote] DEBUG org.apache.http.headers  - http-outgoing-77 << Connection:close
93448 [Forwarding clickElement on session c5bf1d259c068ae76f99adfff79e8f20 to remote] DEBUG org.apache.http.headers  - http-outgoing-77 << Connection:close
93448 [Forwarding clickElement on session c5bf1d259c068ae76f99adfff79e8f20 to remote] DEBUG org.apache.http.headers  - http-outgoing-77 << Connection:close
93449 [Forwarding clickElement on session c5bf1d259c068ae76f99adfff79e8f20 to remote] DEBUG org.apache.http.impl.conn.DefaultManagedHttpClientConnection  - http-outgoing-77: Close connection
93449 [Forwarding clickElement on session c5bf1d259c068ae76f99adfff79e8f20 to remote] DEBUG org.apache.http.impl.conn.DefaultManagedHttpClientConnection  - http-outgoing-77: Close connection
93449 [Forwarding clickElement on session c5bf1d259c068ae76f99adfff79e8f20 to remote] DEBUG org.apache.http.impl.conn.DefaultManagedHttpClientConnection  - http-outgoing-77: Close connection
93449 [Forwarding clickElement on session c5bf1d259c068ae76f99adfff79e8f20 to remote] DEBUG org.apache.http.impl.execchain.MainClientExec  - Connection discarded
93449 [Forwarding clickElement on session c5bf1d259c068ae76f99adfff79e8f20 to remote] DEBUG org.apache.http.impl.execchain.MainClientExec  - Connection discarded
93449 [Forwarding clickElement on session c5bf1d259c068ae76f99adfff79e8f20 to remote] DEBUG org.apache.http.impl.execchain.MainClientExec  - Connection discarded
93449 [Forwarding clickElement on session c5bf1d259c068ae76f99adfff79e8f20 to remote] DEBUG org.apache.http.impl.conn.PoolingHttpClientConnectionManager  - Connection released: [id: 77][route: {}->http://localhost:7219][total kept alive: 0; route allocated: 0 of 2000; total allocated: 0 of 2000]
93449 [Forwarding clickElement on session c5bf1d259c068ae76f99adfff79e8f20 to remote] DEBUG org.apache.http.impl.conn.PoolingHttpClientConnectionManager  - Connection released: [id: 77][route: {}->http://localhost:7219][total kept alive: 0; route allocated: 0 of 2000; total allocated: 0 of 2000]
93449 [Forwarding clickElement on session c5bf1d259c068ae76f99adfff79e8f20 to remote] DEBUG org.apache.http.impl.conn.PoolingHttpClientConnectionManager  - Connection released: [id: 77][route: {}->http://localhost:7219][total kept alive: 0; route allocated: 0 of 2000; total allocated: 0 of 2000]
96450 [Forwarding findElement on session c5bf1d259c068ae76f99adfff79e8f20 to remote] DEBUG org.apache.http.client.protocol.RequestAddCookies  - CookieSpec selected: default
96450 [Forwarding findElement on session c5bf1d259c068ae76f99adfff79e8f20 to remote] DEBUG org.apache.http.client.protocol.RequestAddCookies  - CookieSpec selected: default
96450 [Forwarding findElement on session c5bf1d259c068ae76f99adfff79e8f20 to remote] DEBUG org.apache.http.client.protocol.RequestAddCookies  - CookieSpec selected: default
96450 [Forwarding findElement on session c5bf1d259c068ae76f99adfff79e8f20 to remote] DEBUG org.apache.http.client.protocol.RequestAuthCache  - Auth cache not set in the context
96450 [Forwarding findElement on session c5bf1d259c068ae76f99adfff79e8f20 to remote] DEBUG org.apache.http.client.protocol.RequestAuthCache  - Auth cache not set in the context
96450 [Forwarding findElement on session c5bf1d259c068ae76f99adfff79e8f20 to remote] DEBUG org.apache.http.client.protocol.RequestAuthCache  - Auth cache not set in the context
96450 [Forwarding findElement on session c5bf1d259c068ae76f99adfff79e8f20 to remote] DEBUG org.apache.http.impl.conn.PoolingHttpClientConnectionManager  - Connection request: [route: {}->http://localhost:7219][total kept alive: 0; route allocated: 0 of 2000; total allocated: 0 of 2000]
96450 [Forwarding findElement on session c5bf1d259c068ae76f99adfff79e8f20 to remote] DEBUG org.apache.http.impl.conn.PoolingHttpClientConnectionManager  - Connection request: [route: {}->http://localhost:7219][total kept alive: 0; route allocated: 0 of 2000; total allocated: 0 of 2000]
96450 [Forwarding findElement on session c5bf1d259c068ae76f99adfff79e8f20 to remote] DEBUG org.apache.http.impl.conn.PoolingHttpClientConnectionManager  - Connection request: [route: {}->http://localhost:7219][total kept alive: 0; route allocated: 0 of 2000; total allocated: 0 of 2000]
96451 [Forwarding findElement on session c5bf1d259c068ae76f99adfff79e8f20 to remote] DEBUG org.apache.http.impl.conn.PoolingHttpClientConnectionManager  - Connection leased: [id: 78][route: {}->http://localhost:7219][total kept alive: 0; route allocated: 1 of 2000; total allocated: 1 of 2000]
96451 [Forwarding findElement on session c5bf1d259c068ae76f99adfff79e8f20 to remote] DEBUG org.apache.http.impl.conn.PoolingHttpClientConnectionManager  - Connection leased: [id: 78][route: {}->http://localhost:7219][total kept alive: 0; route allocated: 1 of 2000; total allocated: 1 of 2000]
96451 [Forwarding findElement on session c5bf1d259c068ae76f99adfff79e8f20 to remote] DEBUG org.apache.http.impl.conn.PoolingHttpClientConnectionManager  - Connection leased: [id: 78][route: {}->http://localhost:7219][total kept alive: 0; route allocated: 1 of 2000; total allocated: 1 of 2000]
96451 [Forwarding findElement on session c5bf1d259c068ae76f99adfff79e8f20 to remote] DEBUG org.apache.http.impl.execchain.MainClientExec  - Opening connection {}->http://localhost:7219
96451 [Forwarding findElement on session c5bf1d259c068ae76f99adfff79e8f20 to remote] DEBUG org.apache.http.impl.execchain.MainClientExec  - Opening connection {}->http://localhost:7219
96451 [Forwarding findElement on session c5bf1d259c068ae76f99adfff79e8f20 to remote] DEBUG org.apache.http.impl.execchain.MainClientExec  - Opening connection {}->http://localhost:7219
96451 [Forwarding findElement on session c5bf1d259c068ae76f99adfff79e8f20 to remote] DEBUG org.apache.http.impl.conn.DefaultHttpClientConnectionOperator  - Connecting to localhost/127.0.0.1:7219
96451 [Forwarding findElement on session c5bf1d259c068ae76f99adfff79e8f20 to remote] DEBUG org.apache.http.impl.conn.DefaultHttpClientConnectionOperator  - Connecting to localhost/127.0.0.1:7219
96451 [Forwarding findElement on session c5bf1d259c068ae76f99adfff79e8f20 to remote] DEBUG org.apache.http.impl.conn.DefaultHttpClientConnectionOperator  - Connecting to localhost/127.0.0.1:7219
96451 [Forwarding findElement on session c5bf1d259c068ae76f99adfff79e8f20 to remote] DEBUG org.apache.http.impl.conn.DefaultHttpClientConnectionOperator  - Connection established 127.0.0.1:52976<->127.0.0.1:7219
96451 [Forwarding findElement on session c5bf1d259c068ae76f99adfff79e8f20 to remote] DEBUG org.apache.http.impl.conn.DefaultHttpClientConnectionOperator  - Connection established 127.0.0.1:52976<->127.0.0.1:7219
96451 [Forwarding findElement on session c5bf1d259c068ae76f99adfff79e8f20 to remote] DEBUG org.apache.http.impl.conn.DefaultHttpClientConnectionOperator  - Connection established 127.0.0.1:52976<->127.0.0.1:7219
96451 [Forwarding findElement on session c5bf1d259c068ae76f99adfff79e8f20 to remote] DEBUG org.apache.http.impl.conn.DefaultManagedHttpClientConnection  - http-outgoing-78: set socket timeout to 10800000
96451 [Forwarding findElement on session c5bf1d259c068ae76f99adfff79e8f20 to remote] DEBUG org.apache.http.impl.conn.DefaultManagedHttpClientConnection  - http-outgoing-78: set socket timeout to 10800000
96451 [Forwarding findElement on session c5bf1d259c068ae76f99adfff79e8f20 to remote] DEBUG org.apache.http.impl.conn.DefaultManagedHttpClientConnection  - http-outgoing-78: set socket timeout to 10800000
96451 [Forwarding findElement on session c5bf1d259c068ae76f99adfff79e8f20 to remote] DEBUG org.apache.http.impl.execchain.MainClientExec  - Executing request POST /session/c5bf1d259c068ae76f99adfff79e8f20/element HTTP/1.1
96451 [Forwarding findElement on session c5bf1d259c068ae76f99adfff79e8f20 to remote] DEBUG org.apache.http.impl.execchain.MainClientExec  - Executing request POST /session/c5bf1d259c068ae76f99adfff79e8f20/element HTTP/1.1
96451 [Forwarding findElement on session c5bf1d259c068ae76f99adfff79e8f20 to remote] DEBUG org.apache.http.impl.execchain.MainClientExec  - Executing request POST /session/c5bf1d259c068ae76f99adfff79e8f20/element HTTP/1.1
96451 [Forwarding findElement on session c5bf1d259c068ae76f99adfff79e8f20 to remote] DEBUG org.apache.http.impl.execchain.MainClientExec  - Target auth state: UNCHALLENGED
96451 [Forwarding findElement on session c5bf1d259c068ae76f99adfff79e8f20 to remote] DEBUG org.apache.http.impl.execchain.MainClientExec  - Target auth state: UNCHALLENGED
96451 [Forwarding findElement on session c5bf1d259c068ae76f99adfff79e8f20 to remote] DEBUG org.apache.http.impl.execchain.MainClientExec  - Target auth state: UNCHALLENGED
96451 [Forwarding findElement on session c5bf1d259c068ae76f99adfff79e8f20 to remote] DEBUG org.apache.http.impl.execchain.MainClientExec  - Proxy auth state: UNCHALLENGED
96451 [Forwarding findElement on session c5bf1d259c068ae76f99adfff79e8f20 to remote] DEBUG org.apache.http.impl.execchain.MainClientExec  - Proxy auth state: UNCHALLENGED
96451 [Forwarding findElement on session c5bf1d259c068ae76f99adfff79e8f20 to remote] DEBUG org.apache.http.impl.execchain.MainClientExec  - Proxy auth state: UNCHALLENGED
96451 [Forwarding findElement on session c5bf1d259c068ae76f99adfff79e8f20 to remote] DEBUG org.apache.http.headers  - http-outgoing-78 >> POST /session/c5bf1d259c068ae76f99adfff79e8f20/element HTTP/1.1
96451 [Forwarding findElement on session c5bf1d259c068ae76f99adfff79e8f20 to remote] DEBUG org.apache.http.headers  - http-outgoing-78 >> POST /session/c5bf1d259c068ae76f99adfff79e8f20/element HTTP/1.1
96451 [Forwarding findElement on session c5bf1d259c068ae76f99adfff79e8f20 to remote] DEBUG org.apache.http.headers  - http-outgoing-78 >> POST /session/c5bf1d259c068ae76f99adfff79e8f20/element HTTP/1.1
96451 [Forwarding findElement on session c5bf1d259c068ae76f99adfff79e8f20 to remote] DEBUG org.apache.http.headers  - http-outgoing-78 >> Content-Type: application/json; charset=utf-8
96451 [Forwarding findElement on session c5bf1d259c068ae76f99adfff79e8f20 to remote] DEBUG org.apache.http.headers  - http-outgoing-78 >> Content-Type: application/json; charset=utf-8
96451 [Forwarding findElement on session c5bf1d259c068ae76f99adfff79e8f20 to remote] DEBUG org.apache.http.headers  - http-outgoing-78 >> Content-Type: application/json; charset=utf-8
96451 [Forwarding findElement on session c5bf1d259c068ae76f99adfff79e8f20 to remote] DEBUG org.apache.http.headers  - http-outgoing-78 >> Content-Length: 49
96451 [Forwarding findElement on session c5bf1d259c068ae76f99adfff79e8f20 to remote] DEBUG org.apache.http.headers  - http-outgoing-78 >> Content-Length: 49
96451 [Forwarding findElement on session c5bf1d259c068ae76f99adfff79e8f20 to remote] DEBUG org.apache.http.headers  - http-outgoing-78 >> Content-Length: 49
96451 [Forwarding findElement on session c5bf1d259c068ae76f99adfff79e8f20 to remote] DEBUG org.apache.http.headers  - http-outgoing-78 >> Host: localhost:7219
96451 [Forwarding findElement on session c5bf1d259c068ae76f99adfff79e8f20 to remote] DEBUG org.apache.http.headers  - http-outgoing-78 >> Host: localhost:7219
96451 [Forwarding findElement on session c5bf1d259c068ae76f99adfff79e8f20 to remote] DEBUG org.apache.http.headers  - http-outgoing-78 >> Host: localhost:7219
96451 [Forwarding findElement on session c5bf1d259c068ae76f99adfff79e8f20 to remote] DEBUG org.apache.http.headers  - http-outgoing-78 >> Connection: Keep-Alive
96451 [Forwarding findElement on session c5bf1d259c068ae76f99adfff79e8f20 to remote] DEBUG org.apache.http.headers  - http-outgoing-78 >> Connection: Keep-Alive
96451 [Forwarding findElement on session c5bf1d259c068ae76f99adfff79e8f20 to remote] DEBUG org.apache.http.headers  - http-outgoing-78 >> Connection: Keep-Alive
96451 [Forwarding findElement on session c5bf1d259c068ae76f99adfff79e8f20 to remote] DEBUG org.apache.http.headers  - http-outgoing-78 >> User-Agent: Apache-HttpClient/4.5.2 (Java/1.8.0_91)
96451 [Forwarding findElement on session c5bf1d259c068ae76f99adfff79e8f20 to remote] DEBUG org.apache.http.headers  - http-outgoing-78 >> User-Agent: Apache-HttpClient/4.5.2 (Java/1.8.0_91)
96451 [Forwarding findElement on session c5bf1d259c068ae76f99adfff79e8f20 to remote] DEBUG org.apache.http.headers  - http-outgoing-78 >> User-Agent: Apache-HttpClient/4.5.2 (Java/1.8.0_91)
96451 [Forwarding findElement on session c5bf1d259c068ae76f99adfff79e8f20 to remote] DEBUG org.apache.http.headers  - http-outgoing-78 >> Accept-Encoding: gzip,deflate
96451 [Forwarding findElement on session c5bf1d259c068ae76f99adfff79e8f20 to remote] DEBUG org.apache.http.headers  - http-outgoing-78 >> Accept-Encoding: gzip,deflate
96451 [Forwarding findElement on session c5bf1d259c068ae76f99adfff79e8f20 to remote] DEBUG org.apache.http.headers  - http-outgoing-78 >> Accept-Encoding: gzip,deflate
96451 [Forwarding findElement on session c5bf1d259c068ae76f99adfff79e8f20 to remote] DEBUG org.apache.http.wire  - http-outgoing-78 >> "POST /session/c5bf1d259c068ae76f99adfff79e8f20/element HTTP/1.1[\r][\n]"
96451 [Forwarding findElement on session c5bf1d259c068ae76f99adfff79e8f20 to remote] DEBUG org.apache.http.wire  - http-outgoing-78 >> "POST /session/c5bf1d259c068ae76f99adfff79e8f20/element HTTP/1.1[\r][\n]"
96451 [Forwarding findElement on session c5bf1d259c068ae76f99adfff79e8f20 to remote] DEBUG org.apache.http.wire  - http-outgoing-78 >> "POST /session/c5bf1d259c068ae76f99adfff79e8f20/element HTTP/1.1[\r][\n]"
96451 [Forwarding findElement on session c5bf1d259c068ae76f99adfff79e8f20 to remote] DEBUG org.apache.http.wire  - http-outgoing-78 >> "Content-Type: application/json; charset=utf-8[\r][\n]"
96451 [Forwarding findElement on session c5bf1d259c068ae76f99adfff79e8f20 to remote] DEBUG org.apache.http.wire  - http-outgoing-78 >> "Content-Type: application/json; charset=utf-8[\r][\n]"
96451 [Forwarding findElement on session c5bf1d259c068ae76f99adfff79e8f20 to remote] DEBUG org.apache.http.wire  - http-outgoing-78 >> "Content-Type: application/json; charset=utf-8[\r][\n]"
96451 [Forwarding findElement on session c5bf1d259c068ae76f99adfff79e8f20 to remote] DEBUG org.apache.http.wire  - http-outgoing-78 >> "Content-Length: 49[\r][\n]"
96451 [Forwarding findElement on session c5bf1d259c068ae76f99adfff79e8f20 to remote] DEBUG org.apache.http.wire  - http-outgoing-78 >> "Content-Length: 49[\r][\n]"
96451 [Forwarding findElement on session c5bf1d259c068ae76f99adfff79e8f20 to remote] DEBUG org.apache.http.wire  - http-outgoing-78 >> "Content-Length: 49[\r][\n]"
96452 [Forwarding findElement on session c5bf1d259c068ae76f99adfff79e8f20 to remote] DEBUG org.apache.http.wire  - http-outgoing-78 >> "Host: localhost:7219[\r][\n]"
96452 [Forwarding findElement on session c5bf1d259c068ae76f99adfff79e8f20 to remote] DEBUG org.apache.http.wire  - http-outgoing-78 >> "Host: localhost:7219[\r][\n]"
96452 [Forwarding findElement on session c5bf1d259c068ae76f99adfff79e8f20 to remote] DEBUG org.apache.http.wire  - http-outgoing-78 >> "Host: localhost:7219[\r][\n]"
96452 [Forwarding findElement on session c5bf1d259c068ae76f99adfff79e8f20 to remote] DEBUG org.apache.http.wire  - http-outgoing-78 >> "Connection: Keep-Alive[\r][\n]"
96452 [Forwarding findElement on session c5bf1d259c068ae76f99adfff79e8f20 to remote] DEBUG org.apache.http.wire  - http-outgoing-78 >> "Connection: Keep-Alive[\r][\n]"
96452 [Forwarding findElement on session c5bf1d259c068ae76f99adfff79e8f20 to remote] DEBUG org.apache.http.wire  - http-outgoing-78 >> "Connection: Keep-Alive[\r][\n]"
96452 [Forwarding findElement on session c5bf1d259c068ae76f99adfff79e8f20 to remote] DEBUG org.apache.http.wire  - http-outgoing-78 >> "User-Agent: Apache-HttpClient/4.5.2 (Java/1.8.0_91)[\r][\n]"
96452 [Forwarding findElement on session c5bf1d259c068ae76f99adfff79e8f20 to remote] DEBUG org.apache.http.wire  - http-outgoing-78 >> "User-Agent: Apache-HttpClient/4.5.2 (Java/1.8.0_91)[\r][\n]"
96452 [Forwarding findElement on session c5bf1d259c068ae76f99adfff79e8f20 to remote] DEBUG org.apache.http.wire  - http-outgoing-78 >> "User-Agent: Apache-HttpClient/4.5.2 (Java/1.8.0_91)[\r][\n]"
96452 [Forwarding findElement on session c5bf1d259c068ae76f99adfff79e8f20 to remote] DEBUG org.apache.http.wire  - http-outgoing-78 >> "Accept-Encoding: gzip,deflate[\r][\n]"
96452 [Forwarding findElement on session c5bf1d259c068ae76f99adfff79e8f20 to remote] DEBUG org.apache.http.wire  - http-outgoing-78 >> "Accept-Encoding: gzip,deflate[\r][\n]"
96452 [Forwarding findElement on session c5bf1d259c068ae76f99adfff79e8f20 to remote] DEBUG org.apache.http.wire  - http-outgoing-78 >> "Accept-Encoding: gzip,deflate[\r][\n]"
96452 [Forwarding findElement on session c5bf1d259c068ae76f99adfff79e8f20 to remote] DEBUG org.apache.http.wire  - http-outgoing-78 >> "[\r][\n]"
96452 [Forwarding findElement on session c5bf1d259c068ae76f99adfff79e8f20 to remote] DEBUG org.apache.http.wire  - http-outgoing-78 >> "[\r][\n]"
96452 [Forwarding findElement on session c5bf1d259c068ae76f99adfff79e8f20 to remote] DEBUG org.apache.http.wire  - http-outgoing-78 >> "[\r][\n]"
96452 [Forwarding findElement on session c5bf1d259c068ae76f99adfff79e8f20 to remote] DEBUG org.apache.http.wire  - http-outgoing-78 >> "{"using":"css selector","value":"#answersSearch"}"
96452 [Forwarding findElement on session c5bf1d259c068ae76f99adfff79e8f20 to remote] DEBUG org.apache.http.wire  - http-outgoing-78 >> "{"using":"css selector","value":"#answersSearch"}"
96452 [Forwarding findElement on session c5bf1d259c068ae76f99adfff79e8f20 to remote] DEBUG org.apache.http.wire  - http-outgoing-78 >> "{"using":"css selector","value":"#answersSearch"}"
96472 [Forwarding findElement on session c5bf1d259c068ae76f99adfff79e8f20 to remote] DEBUG org.apache.http.wire  - http-outgoing-78 << "HTTP/1.1 200 OK[\r][\n]"
96472 [Forwarding findElement on session c5bf1d259c068ae76f99adfff79e8f20 to remote] DEBUG org.apache.http.wire  - http-outgoing-78 << "HTTP/1.1 200 OK[\r][\n]"
96472 [Forwarding findElement on session c5bf1d259c068ae76f99adfff79e8f20 to remote] DEBUG org.apache.http.wire  - http-outgoing-78 << "HTTP/1.1 200 OK[\r][\n]"
96472 [Forwarding findElement on session c5bf1d259c068ae76f99adfff79e8f20 to remote] DEBUG org.apache.http.wire  - http-outgoing-78 << "Content-Length:103[\r][\n]"
96472 [Forwarding findElement on session c5bf1d259c068ae76f99adfff79e8f20 to remote] DEBUG org.apache.http.wire  - http-outgoing-78 << "Content-Length:103[\r][\n]"
96472 [Forwarding findElement on session c5bf1d259c068ae76f99adfff79e8f20 to remote] DEBUG org.apache.http.wire  - http-outgoing-78 << "Content-Length:103[\r][\n]"
96472 [Forwarding findElement on session c5bf1d259c068ae76f99adfff79e8f20 to remote] DEBUG org.apache.http.wire  - http-outgoing-78 << "Content-Type:application/json; charset=utf-8[\r][\n]"
96472 [Forwarding findElement on session c5bf1d259c068ae76f99adfff79e8f20 to remote] DEBUG org.apache.http.wire  - http-outgoing-78 << "Content-Type:application/json; charset=utf-8[\r][\n]"
96472 [Forwarding findElement on session c5bf1d259c068ae76f99adfff79e8f20 to remote] DEBUG org.apache.http.wire  - http-outgoing-78 << "Content-Type:application/json; charset=utf-8[\r][\n]"
96472 [Forwarding findElement on session c5bf1d259c068ae76f99adfff79e8f20 to remote] DEBUG org.apache.http.wire  - http-outgoing-78 << "Connection:close[\r][\n]"
96472 [Forwarding findElement on session c5bf1d259c068ae76f99adfff79e8f20 to remote] DEBUG org.apache.http.wire  - http-outgoing-78 << "Connection:close[\r][\n]"
96472 [Forwarding findElement on session c5bf1d259c068ae76f99adfff79e8f20 to remote] DEBUG org.apache.http.wire  - http-outgoing-78 << "Connection:close[\r][\n]"
96472 [Forwarding findElement on session c5bf1d259c068ae76f99adfff79e8f20 to remote] DEBUG org.apache.http.wire  - http-outgoing-78 << "[\r][\n]"
96472 [Forwarding findElement on session c5bf1d259c068ae76f99adfff79e8f20 to remote] DEBUG org.apache.http.wire  - http-outgoing-78 << "[\r][\n]"
96472 [Forwarding findElement on session c5bf1d259c068ae76f99adfff79e8f20 to remote] DEBUG org.apache.http.wire  - http-outgoing-78 << "[\r][\n]"
96472 [Forwarding findElement on session c5bf1d259c068ae76f99adfff79e8f20 to remote] DEBUG org.apache.http.wire  - http-outgoing-78 << "{"sessionId":"c5bf1d259c068ae76f99adfff79e8f20","status":0,"value":{"ELEMENT":"0.24393492496996494-1"}}"
96472 [Forwarding findElement on session c5bf1d259c068ae76f99adfff79e8f20 to remote] DEBUG org.apache.http.wire  - http-outgoing-78 << "{"sessionId":"c5bf1d259c068ae76f99adfff79e8f20","status":0,"value":{"ELEMENT":"0.24393492496996494-1"}}"
96472 [Forwarding findElement on session c5bf1d259c068ae76f99adfff79e8f20 to remote] DEBUG org.apache.http.wire  - http-outgoing-78 << "{"sessionId":"c5bf1d259c068ae76f99adfff79e8f20","status":0,"value":{"ELEMENT":"0.24393492496996494-1"}}"
96472 [Forwarding findElement on session c5bf1d259c068ae76f99adfff79e8f20 to remote] DEBUG org.apache.http.headers  - http-outgoing-78 << HTTP/1.1 200 OK
96472 [Forwarding findElement on session c5bf1d259c068ae76f99adfff79e8f20 to remote] DEBUG org.apache.http.headers  - http-outgoing-78 << HTTP/1.1 200 OK
96472 [Forwarding findElement on session c5bf1d259c068ae76f99adfff79e8f20 to remote] DEBUG org.apache.http.headers  - http-outgoing-78 << HTTP/1.1 200 OK
96472 [Forwarding findElement on session c5bf1d259c068ae76f99adfff79e8f20 to remote] DEBUG org.apache.http.headers  - http-outgoing-78 << Content-Length:103
96472 [Forwarding findElement on session c5bf1d259c068ae76f99adfff79e8f20 to remote] DEBUG org.apache.http.headers  - http-outgoing-78 << Content-Length:103
96472 [Forwarding findElement on session c5bf1d259c068ae76f99adfff79e8f20 to remote] DEBUG org.apache.http.headers  - http-outgoing-78 << Content-Length:103
96472 [Forwarding findElement on session c5bf1d259c068ae76f99adfff79e8f20 to remote] DEBUG org.apache.http.headers  - http-outgoing-78 << Content-Type:application/json; charset=utf-8
96472 [Forwarding findElement on session c5bf1d259c068ae76f99adfff79e8f20 to remote] DEBUG org.apache.http.headers  - http-outgoing-78 << Content-Type:application/json; charset=utf-8
96472 [Forwarding findElement on session c5bf1d259c068ae76f99adfff79e8f20 to remote] DEBUG org.apache.http.headers  - http-outgoing-78 << Content-Type:application/json; charset=utf-8
96472 [Forwarding findElement on session c5bf1d259c068ae76f99adfff79e8f20 to remote] DEBUG org.apache.http.headers  - http-outgoing-78 << Connection:close
96472 [Forwarding findElement on session c5bf1d259c068ae76f99adfff79e8f20 to remote] DEBUG org.apache.http.headers  - http-outgoing-78 << Connection:close
96472 [Forwarding findElement on session c5bf1d259c068ae76f99adfff79e8f20 to remote] DEBUG org.apache.http.headers  - http-outgoing-78 << Connection:close
96473 [Forwarding findElement on session c5bf1d259c068ae76f99adfff79e8f20 to remote] DEBUG org.apache.http.impl.conn.DefaultManagedHttpClientConnection  - http-outgoing-78: Close connection
96473 [Forwarding findElement on session c5bf1d259c068ae76f99adfff79e8f20 to remote] DEBUG org.apache.http.impl.conn.DefaultManagedHttpClientConnection  - http-outgoing-78: Close connection
96473 [Forwarding findElement on session c5bf1d259c068ae76f99adfff79e8f20 to remote] DEBUG org.apache.http.impl.conn.DefaultManagedHttpClientConnection  - http-outgoing-78: Close connection
96473 [Forwarding findElement on session c5bf1d259c068ae76f99adfff79e8f20 to remote] DEBUG org.apache.http.impl.execchain.MainClientExec  - Connection discarded
96473 [Forwarding findElement on session c5bf1d259c068ae76f99adfff79e8f20 to remote] DEBUG org.apache.http.impl.execchain.MainClientExec  - Connection discarded
96473 [Forwarding findElement on session c5bf1d259c068ae76f99adfff79e8f20 to remote] DEBUG org.apache.http.impl.execchain.MainClientExec  - Connection discarded
96473 [Forwarding findElement on session c5bf1d259c068ae76f99adfff79e8f20 to remote] DEBUG org.apache.http.impl.conn.PoolingHttpClientConnectionManager  - Connection released: [id: 78][route: {}->http://localhost:7219][total kept alive: 0; route allocated: 0 of 2000; total allocated: 0 of 2000]
96473 [Forwarding findElement on session c5bf1d259c068ae76f99adfff79e8f20 to remote] DEBUG org.apache.http.impl.conn.PoolingHttpClientConnectionManager  - Connection released: [id: 78][route: {}->http://localhost:7219][total kept alive: 0; route allocated: 0 of 2000; total allocated: 0 of 2000]
96473 [Forwarding findElement on session c5bf1d259c068ae76f99adfff79e8f20 to remote] DEBUG org.apache.http.impl.conn.PoolingHttpClientConnectionManager  - Connection released: [id: 78][route: {}->http://localhost:7219][total kept alive: 0; route allocated: 0 of 2000; total allocated: 0 of 2000]
96474 [Forwarding sendKeysToElement on session c5bf1d259c068ae76f99adfff79e8f20 to remote] DEBUG org.apache.http.client.protocol.RequestAddCookies  - CookieSpec selected: default
96474 [Forwarding sendKeysToElement on session c5bf1d259c068ae76f99adfff79e8f20 to remote] DEBUG org.apache.http.client.protocol.RequestAddCookies  - CookieSpec selected: default
96474 [Forwarding sendKeysToElement on session c5bf1d259c068ae76f99adfff79e8f20 to remote] DEBUG org.apache.http.client.protocol.RequestAddCookies  - CookieSpec selected: default
96474 [Forwarding sendKeysToElement on session c5bf1d259c068ae76f99adfff79e8f20 to remote] DEBUG org.apache.http.client.protocol.RequestAuthCache  - Auth cache not set in the context
96474 [Forwarding sendKeysToElement on session c5bf1d259c068ae76f99adfff79e8f20 to remote] DEBUG org.apache.http.client.protocol.RequestAuthCache  - Auth cache not set in the context
96474 [Forwarding sendKeysToElement on session c5bf1d259c068ae76f99adfff79e8f20 to remote] DEBUG org.apache.http.client.protocol.RequestAuthCache  - Auth cache not set in the context
96474 [Forwarding sendKeysToElement on session c5bf1d259c068ae76f99adfff79e8f20 to remote] DEBUG org.apache.http.impl.conn.PoolingHttpClientConnectionManager  - Connection request: [route: {}->http://localhost:7219][total kept alive: 0; route allocated: 0 of 2000; total allocated: 0 of 2000]
96474 [Forwarding sendKeysToElement on session c5bf1d259c068ae76f99adfff79e8f20 to remote] DEBUG org.apache.http.impl.conn.PoolingHttpClientConnectionManager  - Connection request: [route: {}->http://localhost:7219][total kept alive: 0; route allocated: 0 of 2000; total allocated: 0 of 2000]
96474 [Forwarding sendKeysToElement on session c5bf1d259c068ae76f99adfff79e8f20 to remote] DEBUG org.apache.http.impl.conn.PoolingHttpClientConnectionManager  - Connection request: [route: {}->http://localhost:7219][total kept alive: 0; route allocated: 0 of 2000; total allocated: 0 of 2000]
96474 [Forwarding sendKeysToElement on session c5bf1d259c068ae76f99adfff79e8f20 to remote] DEBUG org.apache.http.impl.conn.PoolingHttpClientConnectionManager  - Connection leased: [id: 79][route: {}->http://localhost:7219][total kept alive: 0; route allocated: 1 of 2000; total allocated: 1 of 2000]
96474 [Forwarding sendKeysToElement on session c5bf1d259c068ae76f99adfff79e8f20 to remote] DEBUG org.apache.http.impl.conn.PoolingHttpClientConnectionManager  - Connection leased: [id: 79][route: {}->http://localhost:7219][total kept alive: 0; route allocated: 1 of 2000; total allocated: 1 of 2000]
96474 [Forwarding sendKeysToElement on session c5bf1d259c068ae76f99adfff79e8f20 to remote] DEBUG org.apache.http.impl.conn.PoolingHttpClientConnectionManager  - Connection leased: [id: 79][route: {}->http://localhost:7219][total kept alive: 0; route allocated: 1 of 2000; total allocated: 1 of 2000]
96474 [Forwarding sendKeysToElement on session c5bf1d259c068ae76f99adfff79e8f20 to remote] DEBUG org.apache.http.impl.execchain.MainClientExec  - Opening connection {}->http://localhost:7219
96474 [Forwarding sendKeysToElement on session c5bf1d259c068ae76f99adfff79e8f20 to remote] DEBUG org.apache.http.impl.execchain.MainClientExec  - Opening connection {}->http://localhost:7219
96474 [Forwarding sendKeysToElement on session c5bf1d259c068ae76f99adfff79e8f20 to remote] DEBUG org.apache.http.impl.execchain.MainClientExec  - Opening connection {}->http://localhost:7219
96474 [Forwarding sendKeysToElement on session c5bf1d259c068ae76f99adfff79e8f20 to remote] DEBUG org.apache.http.impl.conn.DefaultHttpClientConnectionOperator  - Connecting to localhost/127.0.0.1:7219
96474 [Forwarding sendKeysToElement on session c5bf1d259c068ae76f99adfff79e8f20 to remote] DEBUG org.apache.http.impl.conn.DefaultHttpClientConnectionOperator  - Connecting to localhost/127.0.0.1:7219
96474 [Forwarding sendKeysToElement on session c5bf1d259c068ae76f99adfff79e8f20 to remote] DEBUG org.apache.http.impl.conn.DefaultHttpClientConnectionOperator  - Connecting to localhost/127.0.0.1:7219
96475 [Forwarding sendKeysToElement on session c5bf1d259c068ae76f99adfff79e8f20 to remote] DEBUG org.apache.http.impl.conn.DefaultHttpClientConnectionOperator  - Connection established 127.0.0.1:52977<->127.0.0.1:7219
96475 [Forwarding sendKeysToElement on session c5bf1d259c068ae76f99adfff79e8f20 to remote] DEBUG org.apache.http.impl.conn.DefaultHttpClientConnectionOperator  - Connection established 127.0.0.1:52977<->127.0.0.1:7219
96475 [Forwarding sendKeysToElement on session c5bf1d259c068ae76f99adfff79e8f20 to remote] DEBUG org.apache.http.impl.conn.DefaultHttpClientConnectionOperator  - Connection established 127.0.0.1:52977<->127.0.0.1:7219
96475 [Forwarding sendKeysToElement on session c5bf1d259c068ae76f99adfff79e8f20 to remote] DEBUG org.apache.http.impl.conn.DefaultManagedHttpClientConnection  - http-outgoing-79: set socket timeout to 10800000
96475 [Forwarding sendKeysToElement on session c5bf1d259c068ae76f99adfff79e8f20 to remote] DEBUG org.apache.http.impl.conn.DefaultManagedHttpClientConnection  - http-outgoing-79: set socket timeout to 10800000
96475 [Forwarding sendKeysToElement on session c5bf1d259c068ae76f99adfff79e8f20 to remote] DEBUG org.apache.http.impl.conn.DefaultManagedHttpClientConnection  - http-outgoing-79: set socket timeout to 10800000
96475 [Forwarding sendKeysToElement on session c5bf1d259c068ae76f99adfff79e8f20 to remote] DEBUG org.apache.http.impl.execchain.MainClientExec  - Executing request POST /session/c5bf1d259c068ae76f99adfff79e8f20/element/0.24393492496996494-1/value HTTP/1.1
96475 [Forwarding sendKeysToElement on session c5bf1d259c068ae76f99adfff79e8f20 to remote] DEBUG org.apache.http.impl.execchain.MainClientExec  - Executing request POST /session/c5bf1d259c068ae76f99adfff79e8f20/element/0.24393492496996494-1/value HTTP/1.1
96475 [Forwarding sendKeysToElement on session c5bf1d259c068ae76f99adfff79e8f20 to remote] DEBUG org.apache.http.impl.execchain.MainClientExec  - Executing request POST /session/c5bf1d259c068ae76f99adfff79e8f20/element/0.24393492496996494-1/value HTTP/1.1
96475 [Forwarding sendKeysToElement on session c5bf1d259c068ae76f99adfff79e8f20 to remote] DEBUG org.apache.http.impl.execchain.MainClientExec  - Target auth state: UNCHALLENGED
96475 [Forwarding sendKeysToElement on session c5bf1d259c068ae76f99adfff79e8f20 to remote] DEBUG org.apache.http.impl.execchain.MainClientExec  - Target auth state: UNCHALLENGED
96475 [Forwarding sendKeysToElement on session c5bf1d259c068ae76f99adfff79e8f20 to remote] DEBUG org.apache.http.impl.execchain.MainClientExec  - Target auth state: UNCHALLENGED
96475 [Forwarding sendKeysToElement on session c5bf1d259c068ae76f99adfff79e8f20 to remote] DEBUG org.apache.http.impl.execchain.MainClientExec  - Proxy auth state: UNCHALLENGED
96475 [Forwarding sendKeysToElement on session c5bf1d259c068ae76f99adfff79e8f20 to remote] DEBUG org.apache.http.impl.execchain.MainClientExec  - Proxy auth state: UNCHALLENGED
96475 [Forwarding sendKeysToElement on session c5bf1d259c068ae76f99adfff79e8f20 to remote] DEBUG org.apache.http.impl.execchain.MainClientExec  - Proxy auth state: UNCHALLENGED
96475 [Forwarding sendKeysToElement on session c5bf1d259c068ae76f99adfff79e8f20 to remote] DEBUG org.apache.http.headers  - http-outgoing-79 >> POST /session/c5bf1d259c068ae76f99adfff79e8f20/element/0.24393492496996494-1/value HTTP/1.1
96475 [Forwarding sendKeysToElement on session c5bf1d259c068ae76f99adfff79e8f20 to remote] DEBUG org.apache.http.headers  - http-outgoing-79 >> POST /session/c5bf1d259c068ae76f99adfff79e8f20/element/0.24393492496996494-1/value HTTP/1.1
96475 [Forwarding sendKeysToElement on session c5bf1d259c068ae76f99adfff79e8f20 to remote] DEBUG org.apache.http.headers  - http-outgoing-79 >> POST /session/c5bf1d259c068ae76f99adfff79e8f20/element/0.24393492496996494-1/value HTTP/1.1
96475 [Forwarding sendKeysToElement on session c5bf1d259c068ae76f99adfff79e8f20 to remote] DEBUG org.apache.http.headers  - http-outgoing-79 >> Content-Type: application/json; charset=utf-8
96475 [Forwarding sendKeysToElement on session c5bf1d259c068ae76f99adfff79e8f20 to remote] DEBUG org.apache.http.headers  - http-outgoing-79 >> Content-Type: application/json; charset=utf-8
96475 [Forwarding sendKeysToElement on session c5bf1d259c068ae76f99adfff79e8f20 to remote] DEBUG org.apache.http.headers  - http-outgoing-79 >> Content-Type: application/json; charset=utf-8
96475 [Forwarding sendKeysToElement on session c5bf1d259c068ae76f99adfff79e8f20 to remote] DEBUG org.apache.http.headers  - http-outgoing-79 >> Content-Length: 100
96475 [Forwarding sendKeysToElement on session c5bf1d259c068ae76f99adfff79e8f20 to remote] DEBUG org.apache.http.headers  - http-outgoing-79 >> Content-Length: 100
96475 [Forwarding sendKeysToElement on session c5bf1d259c068ae76f99adfff79e8f20 to remote] DEBUG org.apache.http.headers  - http-outgoing-79 >> Content-Length: 100
96475 [Forwarding sendKeysToElement on session c5bf1d259c068ae76f99adfff79e8f20 to remote] DEBUG org.apache.http.headers  - http-outgoing-79 >> Host: localhost:7219
96475 [Forwarding sendKeysToElement on session c5bf1d259c068ae76f99adfff79e8f20 to remote] DEBUG org.apache.http.headers  - http-outgoing-79 >> Host: localhost:7219
96475 [Forwarding sendKeysToElement on session c5bf1d259c068ae76f99adfff79e8f20 to remote] DEBUG org.apache.http.headers  - http-outgoing-79 >> Host: localhost:7219
96475 [Forwarding sendKeysToElement on session c5bf1d259c068ae76f99adfff79e8f20 to remote] DEBUG org.apache.http.headers  - http-outgoing-79 >> Connection: Keep-Alive
96475 [Forwarding sendKeysToElement on session c5bf1d259c068ae76f99adfff79e8f20 to remote] DEBUG org.apache.http.headers  - http-outgoing-79 >> Connection: Keep-Alive
96475 [Forwarding sendKeysToElement on session c5bf1d259c068ae76f99adfff79e8f20 to remote] DEBUG org.apache.http.headers  - http-outgoing-79 >> Connection: Keep-Alive
96475 [Forwarding sendKeysToElement on session c5bf1d259c068ae76f99adfff79e8f20 to remote] DEBUG org.apache.http.headers  - http-outgoing-79 >> User-Agent: Apache-HttpClient/4.5.2 (Java/1.8.0_91)
96475 [Forwarding sendKeysToElement on session c5bf1d259c068ae76f99adfff79e8f20 to remote] DEBUG org.apache.http.headers  - http-outgoing-79 >> User-Agent: Apache-HttpClient/4.5.2 (Java/1.8.0_91)
96475 [Forwarding sendKeysToElement on session c5bf1d259c068ae76f99adfff79e8f20 to remote] DEBUG org.apache.http.headers  - http-outgoing-79 >> User-Agent: Apache-HttpClient/4.5.2 (Java/1.8.0_91)
96475 [Forwarding sendKeysToElement on session c5bf1d259c068ae76f99adfff79e8f20 to remote] DEBUG org.apache.http.headers  - http-outgoing-79 >> Accept-Encoding: gzip,deflate
96475 [Forwarding sendKeysToElement on session c5bf1d259c068ae76f99adfff79e8f20 to remote] DEBUG org.apache.http.headers  - http-outgoing-79 >> Accept-Encoding: gzip,deflate
96475 [Forwarding sendKeysToElement on session c5bf1d259c068ae76f99adfff79e8f20 to remote] DEBUG org.apache.http.headers  - http-outgoing-79 >> Accept-Encoding: gzip,deflate
96476 [Forwarding sendKeysToElement on session c5bf1d259c068ae76f99adfff79e8f20 to remote] DEBUG org.apache.http.wire  - http-outgoing-79 >> "POST /session/c5bf1d259c068ae76f99adfff79e8f20/element/0.24393492496996494-1/value HTTP/1.1[\r][\n]"
96476 [Forwarding sendKeysToElement on session c5bf1d259c068ae76f99adfff79e8f20 to remote] DEBUG org.apache.http.wire  - http-outgoing-79 >> "POST /session/c5bf1d259c068ae76f99adfff79e8f20/element/0.24393492496996494-1/value HTTP/1.1[\r][\n]"
96476 [Forwarding sendKeysToElement on session c5bf1d259c068ae76f99adfff79e8f20 to remote] DEBUG org.apache.http.wire  - http-outgoing-79 >> "POST /session/c5bf1d259c068ae76f99adfff79e8f20/element/0.24393492496996494-1/value HTTP/1.1[\r][\n]"
96476 [Forwarding sendKeysToElement on session c5bf1d259c068ae76f99adfff79e8f20 to remote] DEBUG org.apache.http.wire  - http-outgoing-79 >> "Content-Type: application/json; charset=utf-8[\r][\n]"
96476 [Forwarding sendKeysToElement on session c5bf1d259c068ae76f99adfff79e8f20 to remote] DEBUG org.apache.http.wire  - http-outgoing-79 >> "Content-Type: application/json; charset=utf-8[\r][\n]"
96476 [Forwarding sendKeysToElement on session c5bf1d259c068ae76f99adfff79e8f20 to remote] DEBUG org.apache.http.wire  - http-outgoing-79 >> "Content-Type: application/json; charset=utf-8[\r][\n]"
96476 [Forwarding sendKeysToElement on session c5bf1d259c068ae76f99adfff79e8f20 to remote] DEBUG org.apache.http.wire  - http-outgoing-79 >> "Content-Length: 100[\r][\n]"
96476 [Forwarding sendKeysToElement on session c5bf1d259c068ae76f99adfff79e8f20 to remote] DEBUG org.apache.http.wire  - http-outgoing-79 >> "Content-Length: 100[\r][\n]"
96476 [Forwarding sendKeysToElement on session c5bf1d259c068ae76f99adfff79e8f20 to remote] DEBUG org.apache.http.wire  - http-outgoing-79 >> "Content-Length: 100[\r][\n]"
96476 [Forwarding sendKeysToElement on session c5bf1d259c068ae76f99adfff79e8f20 to remote] DEBUG org.apache.http.wire  - http-outgoing-79 >> "Host: localhost:7219[\r][\n]"
96476 [Forwarding sendKeysToElement on session c5bf1d259c068ae76f99adfff79e8f20 to remote] DEBUG org.apache.http.wire  - http-outgoing-79 >> "Host: localhost:7219[\r][\n]"
96476 [Forwarding sendKeysToElement on session c5bf1d259c068ae76f99adfff79e8f20 to remote] DEBUG org.apache.http.wire  - http-outgoing-79 >> "Host: localhost:7219[\r][\n]"
96476 [Forwarding sendKeysToElement on session c5bf1d259c068ae76f99adfff79e8f20 to remote] DEBUG org.apache.http.wire  - http-outgoing-79 >> "Connection: Keep-Alive[\r][\n]"
96476 [Forwarding sendKeysToElement on session c5bf1d259c068ae76f99adfff79e8f20 to remote] DEBUG org.apache.http.wire  - http-outgoing-79 >> "Connection: Keep-Alive[\r][\n]"
96476 [Forwarding sendKeysToElement on session c5bf1d259c068ae76f99adfff79e8f20 to remote] DEBUG org.apache.http.wire  - http-outgoing-79 >> "Connection: Keep-Alive[\r][\n]"
96476 [Forwarding sendKeysToElement on session c5bf1d259c068ae76f99adfff79e8f20 to remote] DEBUG org.apache.http.wire  - http-outgoing-79 >> "User-Agent: Apache-HttpClient/4.5.2 (Java/1.8.0_91)[\r][\n]"
96476 [Forwarding sendKeysToElement on session c5bf1d259c068ae76f99adfff79e8f20 to remote] DEBUG org.apache.http.wire  - http-outgoing-79 >> "User-Agent: Apache-HttpClient/4.5.2 (Java/1.8.0_91)[\r][\n]"
96476 [Forwarding sendKeysToElement on session c5bf1d259c068ae76f99adfff79e8f20 to remote] DEBUG org.apache.http.wire  - http-outgoing-79 >> "User-Agent: Apache-HttpClient/4.5.2 (Java/1.8.0_91)[\r][\n]"
96476 [Forwarding sendKeysToElement on session c5bf1d259c068ae76f99adfff79e8f20 to remote] DEBUG org.apache.http.wire  - http-outgoing-79 >> "Accept-Encoding: gzip,deflate[\r][\n]"
96476 [Forwarding sendKeysToElement on session c5bf1d259c068ae76f99adfff79e8f20 to remote] DEBUG org.apache.http.wire  - http-outgoing-79 >> "Accept-Encoding: gzip,deflate[\r][\n]"
96476 [Forwarding sendKeysToElement on session c5bf1d259c068ae76f99adfff79e8f20 to remote] DEBUG org.apache.http.wire  - http-outgoing-79 >> "Accept-Encoding: gzip,deflate[\r][\n]"
96476 [Forwarding sendKeysToElement on session c5bf1d259c068ae76f99adfff79e8f20 to remote] DEBUG org.apache.http.wire  - http-outgoing-79 >> "[\r][\n]"
96476 [Forwarding sendKeysToElement on session c5bf1d259c068ae76f99adfff79e8f20 to remote] DEBUG org.apache.http.wire  - http-outgoing-79 >> "[\r][\n]"
96476 [Forwarding sendKeysToElement on session c5bf1d259c068ae76f99adfff79e8f20 to remote] DEBUG org.apache.http.wire  - http-outgoing-79 >> "[\r][\n]"
96476 [Forwarding sendKeysToElement on session c5bf1d259c068ae76f99adfff79e8f20 to remote] DEBUG org.apache.http.wire  - http-outgoing-79 >> "{"id":"0.24393492496996494-1","value":["Battery replacement procedure for current lenovo modelsaa"]}"
96476 [Forwarding sendKeysToElement on session c5bf1d259c068ae76f99adfff79e8f20 to remote] DEBUG org.apache.http.wire  - http-outgoing-79 >> "{"id":"0.24393492496996494-1","value":["Battery replacement procedure for current lenovo modelsaa"]}"
96476 [Forwarding sendKeysToElement on session c5bf1d259c068ae76f99adfff79e8f20 to remote] DEBUG org.apache.http.wire  - http-outgoing-79 >> "{"id":"0.24393492496996494-1","value":["Battery replacement procedure for current lenovo modelsaa"]}"
96646 [Forwarding sendKeysToElement on session c5bf1d259c068ae76f99adfff79e8f20 to remote] DEBUG org.apache.http.wire  - http-outgoing-79 << "HTTP/1.1 200 OK[\r][\n]"
96646 [Forwarding sendKeysToElement on session c5bf1d259c068ae76f99adfff79e8f20 to remote] DEBUG org.apache.http.wire  - http-outgoing-79 << "HTTP/1.1 200 OK[\r][\n]"
96646 [Forwarding sendKeysToElement on session c5bf1d259c068ae76f99adfff79e8f20 to remote] DEBUG org.apache.http.wire  - http-outgoing-79 << "HTTP/1.1 200 OK[\r][\n]"
96646 [Forwarding sendKeysToElement on session c5bf1d259c068ae76f99adfff79e8f20 to remote] DEBUG org.apache.http.wire  - http-outgoing-79 << "Content-Length:72[\r][\n]"
96646 [Forwarding sendKeysToElement on session c5bf1d259c068ae76f99adfff79e8f20 to remote] DEBUG org.apache.http.wire  - http-outgoing-79 << "Content-Length:72[\r][\n]"
96646 [Forwarding sendKeysToElement on session c5bf1d259c068ae76f99adfff79e8f20 to remote] DEBUG org.apache.http.wire  - http-outgoing-79 << "Content-Length:72[\r][\n]"
96646 [Forwarding sendKeysToElement on session c5bf1d259c068ae76f99adfff79e8f20 to remote] DEBUG org.apache.http.wire  - http-outgoing-79 << "Content-Type:application/json; charset=utf-8[\r][\n]"
96646 [Forwarding sendKeysToElement on session c5bf1d259c068ae76f99adfff79e8f20 to remote] DEBUG org.apache.http.wire  - http-outgoing-79 << "Content-Type:application/json; charset=utf-8[\r][\n]"
96646 [Forwarding sendKeysToElement on session c5bf1d259c068ae76f99adfff79e8f20 to remote] DEBUG org.apache.http.wire  - http-outgoing-79 << "Content-Type:application/json; charset=utf-8[\r][\n]"
96646 [Forwarding sendKeysToElement on session c5bf1d259c068ae76f99adfff79e8f20 to remote] DEBUG org.apache.http.wire  - http-outgoing-79 << "Connection:close[\r][\n]"
96646 [Forwarding sendKeysToElement on session c5bf1d259c068ae76f99adfff79e8f20 to remote] DEBUG org.apache.http.wire  - http-outgoing-79 << "Connection:close[\r][\n]"
96646 [Forwarding sendKeysToElement on session c5bf1d259c068ae76f99adfff79e8f20 to remote] DEBUG org.apache.http.wire  - http-outgoing-79 << "Connection:close[\r][\n]"
96646 [Forwarding sendKeysToElement on session c5bf1d259c068ae76f99adfff79e8f20 to remote] DEBUG org.apache.http.wire  - http-outgoing-79 << "[\r][\n]"
96646 [Forwarding sendKeysToElement on session c5bf1d259c068ae76f99adfff79e8f20 to remote] DEBUG org.apache.http.wire  - http-outgoing-79 << "[\r][\n]"
96646 [Forwarding sendKeysToElement on session c5bf1d259c068ae76f99adfff79e8f20 to remote] DEBUG org.apache.http.wire  - http-outgoing-79 << "[\r][\n]"
96646 [Forwarding sendKeysToElement on session c5bf1d259c068ae76f99adfff79e8f20 to remote] DEBUG org.apache.http.wire  - http-outgoing-79 << "{"sessionId":"c5bf1d259c068ae76f99adfff79e8f20","status":0,"value":null}"
96646 [Forwarding sendKeysToElement on session c5bf1d259c068ae76f99adfff79e8f20 to remote] DEBUG org.apache.http.wire  - http-outgoing-79 << "{"sessionId":"c5bf1d259c068ae76f99adfff79e8f20","status":0,"value":null}"
96646 [Forwarding sendKeysToElement on session c5bf1d259c068ae76f99adfff79e8f20 to remote] DEBUG org.apache.http.wire  - http-outgoing-79 << "{"sessionId":"c5bf1d259c068ae76f99adfff79e8f20","status":0,"value":null}"
96646 [Forwarding sendKeysToElement on session c5bf1d259c068ae76f99adfff79e8f20 to remote] DEBUG org.apache.http.headers  - http-outgoing-79 << HTTP/1.1 200 OK
96646 [Forwarding sendKeysToElement on session c5bf1d259c068ae76f99adfff79e8f20 to remote] DEBUG org.apache.http.headers  - http-outgoing-79 << HTTP/1.1 200 OK
96646 [Forwarding sendKeysToElement on session c5bf1d259c068ae76f99adfff79e8f20 to remote] DEBUG org.apache.http.headers  - http-outgoing-79 << HTTP/1.1 200 OK
96646 [Forwarding sendKeysToElement on session c5bf1d259c068ae76f99adfff79e8f20 to remote] DEBUG org.apache.http.headers  - http-outgoing-79 << Content-Length:72
96646 [Forwarding sendKeysToElement on session c5bf1d259c068ae76f99adfff79e8f20 to remote] DEBUG org.apache.http.headers  - http-outgoing-79 << Content-Length:72
96646 [Forwarding sendKeysToElement on session c5bf1d259c068ae76f99adfff79e8f20 to remote] DEBUG org.apache.http.headers  - http-outgoing-79 << Content-Length:72
96646 [Forwarding sendKeysToElement on session c5bf1d259c068ae76f99adfff79e8f20 to remote] DEBUG org.apache.http.headers  - http-outgoing-79 << Content-Type:application/json; charset=utf-8
96646 [Forwarding sendKeysToElement on session c5bf1d259c068ae76f99adfff79e8f20 to remote] DEBUG org.apache.http.headers  - http-outgoing-79 << Content-Type:application/json; charset=utf-8
96646 [Forwarding sendKeysToElement on session c5bf1d259c068ae76f99adfff79e8f20 to remote] DEBUG org.apache.http.headers  - http-outgoing-79 << Content-Type:application/json; charset=utf-8
96646 [Forwarding sendKeysToElement on session c5bf1d259c068ae76f99adfff79e8f20 to remote] DEBUG org.apache.http.headers  - http-outgoing-79 << Connection:close
96646 [Forwarding sendKeysToElement on session c5bf1d259c068ae76f99adfff79e8f20 to remote] DEBUG org.apache.http.headers  - http-outgoing-79 << Connection:close
96646 [Forwarding sendKeysToElement on session c5bf1d259c068ae76f99adfff79e8f20 to remote] DEBUG org.apache.http.headers  - http-outgoing-79 << Connection:close
96647 [Forwarding sendKeysToElement on session c5bf1d259c068ae76f99adfff79e8f20 to remote] DEBUG org.apache.http.impl.conn.DefaultManagedHttpClientConnection  - http-outgoing-79: Close connection
96647 [Forwarding sendKeysToElement on session c5bf1d259c068ae76f99adfff79e8f20 to remote] DEBUG org.apache.http.impl.conn.DefaultManagedHttpClientConnection  - http-outgoing-79: Close connection
96647 [Forwarding sendKeysToElement on session c5bf1d259c068ae76f99adfff79e8f20 to remote] DEBUG org.apache.http.impl.conn.DefaultManagedHttpClientConnection  - http-outgoing-79: Close connection
96647 [Forwarding sendKeysToElement on session c5bf1d259c068ae76f99adfff79e8f20 to remote] DEBUG org.apache.http.impl.execchain.MainClientExec  - Connection discarded
96647 [Forwarding sendKeysToElement on session c5bf1d259c068ae76f99adfff79e8f20 to remote] DEBUG org.apache.http.impl.execchain.MainClientExec  - Connection discarded
96647 [Forwarding sendKeysToElement on session c5bf1d259c068ae76f99adfff79e8f20 to remote] DEBUG org.apache.http.impl.execchain.MainClientExec  - Connection discarded
96647 [Forwarding sendKeysToElement on session c5bf1d259c068ae76f99adfff79e8f20 to remote] DEBUG org.apache.http.impl.conn.PoolingHttpClientConnectionManager  - Connection released: [id: 79][route: {}->http://localhost:7219][total kept alive: 0; route allocated: 0 of 2000; total allocated: 0 of 2000]
96647 [Forwarding sendKeysToElement on session c5bf1d259c068ae76f99adfff79e8f20 to remote] DEBUG org.apache.http.impl.conn.PoolingHttpClientConnectionManager  - Connection released: [id: 79][route: {}->http://localhost:7219][total kept alive: 0; route allocated: 0 of 2000; total allocated: 0 of 2000]
96647 [Forwarding sendKeysToElement on session c5bf1d259c068ae76f99adfff79e8f20 to remote] DEBUG org.apache.http.impl.conn.PoolingHttpClientConnectionManager  - Connection released: [id: 79][route: {}->http://localhost:7219][total kept alive: 0; route allocated: 0 of 2000; total allocated: 0 of 2000]
96648 [Forwarding findElement on session c5bf1d259c068ae76f99adfff79e8f20 to remote] DEBUG org.apache.http.client.protocol.RequestAddCookies  - CookieSpec selected: default
96648 [Forwarding findElement on session c5bf1d259c068ae76f99adfff79e8f20 to remote] DEBUG org.apache.http.client.protocol.RequestAddCookies  - CookieSpec selected: default
96648 [Forwarding findElement on session c5bf1d259c068ae76f99adfff79e8f20 to remote] DEBUG org.apache.http.client.protocol.RequestAddCookies  - CookieSpec selected: default
96648 [Forwarding findElement on session c5bf1d259c068ae76f99adfff79e8f20 to remote] DEBUG org.apache.http.client.protocol.RequestAuthCache  - Auth cache not set in the context
96648 [Forwarding findElement on session c5bf1d259c068ae76f99adfff79e8f20 to remote] DEBUG org.apache.http.client.protocol.RequestAuthCache  - Auth cache not set in the context
96648 [Forwarding findElement on session c5bf1d259c068ae76f99adfff79e8f20 to remote] DEBUG org.apache.http.client.protocol.RequestAuthCache  - Auth cache not set in the context
96648 [Forwarding findElement on session c5bf1d259c068ae76f99adfff79e8f20 to remote] DEBUG org.apache.http.impl.conn.PoolingHttpClientConnectionManager  - Connection request: [route: {}->http://localhost:7219][total kept alive: 0; route allocated: 0 of 2000; total allocated: 0 of 2000]
96648 [Forwarding findElement on session c5bf1d259c068ae76f99adfff79e8f20 to remote] DEBUG org.apache.http.impl.conn.PoolingHttpClientConnectionManager  - Connection request: [route: {}->http://localhost:7219][total kept alive: 0; route allocated: 0 of 2000; total allocated: 0 of 2000]
96648 [Forwarding findElement on session c5bf1d259c068ae76f99adfff79e8f20 to remote] DEBUG org.apache.http.impl.conn.PoolingHttpClientConnectionManager  - Connection request: [route: {}->http://localhost:7219][total kept alive: 0; route allocated: 0 of 2000; total allocated: 0 of 2000]
96648 [Forwarding findElement on session c5bf1d259c068ae76f99adfff79e8f20 to remote] DEBUG org.apache.http.impl.conn.PoolingHttpClientConnectionManager  - Connection leased: [id: 80][route: {}->http://localhost:7219][total kept alive: 0; route allocated: 1 of 2000; total allocated: 1 of 2000]
96648 [Forwarding findElement on session c5bf1d259c068ae76f99adfff79e8f20 to remote] DEBUG org.apache.http.impl.conn.PoolingHttpClientConnectionManager  - Connection leased: [id: 80][route: {}->http://localhost:7219][total kept alive: 0; route allocated: 1 of 2000; total allocated: 1 of 2000]
96648 [Forwarding findElement on session c5bf1d259c068ae76f99adfff79e8f20 to remote] DEBUG org.apache.http.impl.conn.PoolingHttpClientConnectionManager  - Connection leased: [id: 80][route: {}->http://localhost:7219][total kept alive: 0; route allocated: 1 of 2000; total allocated: 1 of 2000]
96648 [Forwarding findElement on session c5bf1d259c068ae76f99adfff79e8f20 to remote] DEBUG org.apache.http.impl.execchain.MainClientExec  - Opening connection {}->http://localhost:7219
96648 [Forwarding findElement on session c5bf1d259c068ae76f99adfff79e8f20 to remote] DEBUG org.apache.http.impl.execchain.MainClientExec  - Opening connection {}->http://localhost:7219
96648 [Forwarding findElement on session c5bf1d259c068ae76f99adfff79e8f20 to remote] DEBUG org.apache.http.impl.execchain.MainClientExec  - Opening connection {}->http://localhost:7219
96648 [Forwarding findElement on session c5bf1d259c068ae76f99adfff79e8f20 to remote] DEBUG org.apache.http.impl.conn.DefaultHttpClientConnectionOperator  - Connecting to localhost/127.0.0.1:7219
96648 [Forwarding findElement on session c5bf1d259c068ae76f99adfff79e8f20 to remote] DEBUG org.apache.http.impl.conn.DefaultHttpClientConnectionOperator  - Connecting to localhost/127.0.0.1:7219
96648 [Forwarding findElement on session c5bf1d259c068ae76f99adfff79e8f20 to remote] DEBUG org.apache.http.impl.conn.DefaultHttpClientConnectionOperator  - Connecting to localhost/127.0.0.1:7219
96649 [Forwarding findElement on session c5bf1d259c068ae76f99adfff79e8f20 to remote] DEBUG org.apache.http.impl.conn.DefaultHttpClientConnectionOperator  - Connection established 127.0.0.1:52978<->127.0.0.1:7219
96649 [Forwarding findElement on session c5bf1d259c068ae76f99adfff79e8f20 to remote] DEBUG org.apache.http.impl.conn.DefaultHttpClientConnectionOperator  - Connection established 127.0.0.1:52978<->127.0.0.1:7219
96649 [Forwarding findElement on session c5bf1d259c068ae76f99adfff79e8f20 to remote] DEBUG org.apache.http.impl.conn.DefaultHttpClientConnectionOperator  - Connection established 127.0.0.1:52978<->127.0.0.1:7219
96649 [Forwarding findElement on session c5bf1d259c068ae76f99adfff79e8f20 to remote] DEBUG org.apache.http.impl.conn.DefaultManagedHttpClientConnection  - http-outgoing-80: set socket timeout to 10800000
96649 [Forwarding findElement on session c5bf1d259c068ae76f99adfff79e8f20 to remote] DEBUG org.apache.http.impl.conn.DefaultManagedHttpClientConnection  - http-outgoing-80: set socket timeout to 10800000
96649 [Forwarding findElement on session c5bf1d259c068ae76f99adfff79e8f20 to remote] DEBUG org.apache.http.impl.conn.DefaultManagedHttpClientConnection  - http-outgoing-80: set socket timeout to 10800000
96649 [Forwarding findElement on session c5bf1d259c068ae76f99adfff79e8f20 to remote] DEBUG org.apache.http.impl.execchain.MainClientExec  - Executing request POST /session/c5bf1d259c068ae76f99adfff79e8f20/element HTTP/1.1
96649 [Forwarding findElement on session c5bf1d259c068ae76f99adfff79e8f20 to remote] DEBUG org.apache.http.impl.execchain.MainClientExec  - Executing request POST /session/c5bf1d259c068ae76f99adfff79e8f20/element HTTP/1.1
96649 [Forwarding findElement on session c5bf1d259c068ae76f99adfff79e8f20 to remote] DEBUG org.apache.http.impl.execchain.MainClientExec  - Executing request POST /session/c5bf1d259c068ae76f99adfff79e8f20/element HTTP/1.1
96649 [Forwarding findElement on session c5bf1d259c068ae76f99adfff79e8f20 to remote] DEBUG org.apache.http.impl.execchain.MainClientExec  - Target auth state: UNCHALLENGED
96649 [Forwarding findElement on session c5bf1d259c068ae76f99adfff79e8f20 to remote] DEBUG org.apache.http.impl.execchain.MainClientExec  - Target auth state: UNCHALLENGED
96649 [Forwarding findElement on session c5bf1d259c068ae76f99adfff79e8f20 to remote] DEBUG org.apache.http.impl.execchain.MainClientExec  - Target auth state: UNCHALLENGED
96649 [Forwarding findElement on session c5bf1d259c068ae76f99adfff79e8f20 to remote] DEBUG org.apache.http.impl.execchain.MainClientExec  - Proxy auth state: UNCHALLENGED
96649 [Forwarding findElement on session c5bf1d259c068ae76f99adfff79e8f20 to remote] DEBUG org.apache.http.impl.execchain.MainClientExec  - Proxy auth state: UNCHALLENGED
96649 [Forwarding findElement on session c5bf1d259c068ae76f99adfff79e8f20 to remote] DEBUG org.apache.http.impl.execchain.MainClientExec  - Proxy auth state: UNCHALLENGED
96649 [Forwarding findElement on session c5bf1d259c068ae76f99adfff79e8f20 to remote] DEBUG org.apache.http.headers  - http-outgoing-80 >> POST /session/c5bf1d259c068ae76f99adfff79e8f20/element HTTP/1.1
96649 [Forwarding findElement on session c5bf1d259c068ae76f99adfff79e8f20 to remote] DEBUG org.apache.http.headers  - http-outgoing-80 >> POST /session/c5bf1d259c068ae76f99adfff79e8f20/element HTTP/1.1
96649 [Forwarding findElement on session c5bf1d259c068ae76f99adfff79e8f20 to remote] DEBUG org.apache.http.headers  - http-outgoing-80 >> POST /session/c5bf1d259c068ae76f99adfff79e8f20/element HTTP/1.1
96649 [Forwarding findElement on session c5bf1d259c068ae76f99adfff79e8f20 to remote] DEBUG org.apache.http.headers  - http-outgoing-80 >> Content-Type: application/json; charset=utf-8
96649 [Forwarding findElement on session c5bf1d259c068ae76f99adfff79e8f20 to remote] DEBUG org.apache.http.headers  - http-outgoing-80 >> Content-Type: application/json; charset=utf-8
96649 [Forwarding findElement on session c5bf1d259c068ae76f99adfff79e8f20 to remote] DEBUG org.apache.http.headers  - http-outgoing-80 >> Content-Type: application/json; charset=utf-8
96649 [Forwarding findElement on session c5bf1d259c068ae76f99adfff79e8f20 to remote] DEBUG org.apache.http.headers  - http-outgoing-80 >> Content-Length: 46
96649 [Forwarding findElement on session c5bf1d259c068ae76f99adfff79e8f20 to remote] DEBUG org.apache.http.headers  - http-outgoing-80 >> Content-Length: 46
96649 [Forwarding findElement on session c5bf1d259c068ae76f99adfff79e8f20 to remote] DEBUG org.apache.http.headers  - http-outgoing-80 >> Content-Length: 46
96649 [Forwarding findElement on session c5bf1d259c068ae76f99adfff79e8f20 to remote] DEBUG org.apache.http.headers  - http-outgoing-80 >> Host: localhost:7219
96649 [Forwarding findElement on session c5bf1d259c068ae76f99adfff79e8f20 to remote] DEBUG org.apache.http.headers  - http-outgoing-80 >> Host: localhost:7219
96649 [Forwarding findElement on session c5bf1d259c068ae76f99adfff79e8f20 to remote] DEBUG org.apache.http.headers  - http-outgoing-80 >> Host: localhost:7219
96649 [Forwarding findElement on session c5bf1d259c068ae76f99adfff79e8f20 to remote] DEBUG org.apache.http.headers  - http-outgoing-80 >> Connection: Keep-Alive
96649 [Forwarding findElement on session c5bf1d259c068ae76f99adfff79e8f20 to remote] DEBUG org.apache.http.headers  - http-outgoing-80 >> Connection: Keep-Alive
96649 [Forwarding findElement on session c5bf1d259c068ae76f99adfff79e8f20 to remote] DEBUG org.apache.http.headers  - http-outgoing-80 >> Connection: Keep-Alive
96649 [Forwarding findElement on session c5bf1d259c068ae76f99adfff79e8f20 to remote] DEBUG org.apache.http.headers  - http-outgoing-80 >> User-Agent: Apache-HttpClient/4.5.2 (Java/1.8.0_91)
96649 [Forwarding findElement on session c5bf1d259c068ae76f99adfff79e8f20 to remote] DEBUG org.apache.http.headers  - http-outgoing-80 >> User-Agent: Apache-HttpClient/4.5.2 (Java/1.8.0_91)
96649 [Forwarding findElement on session c5bf1d259c068ae76f99adfff79e8f20 to remote] DEBUG org.apache.http.headers  - http-outgoing-80 >> User-Agent: Apache-HttpClient/4.5.2 (Java/1.8.0_91)
96649 [Forwarding findElement on session c5bf1d259c068ae76f99adfff79e8f20 to remote] DEBUG org.apache.http.headers  - http-outgoing-80 >> Accept-Encoding: gzip,deflate
96649 [Forwarding findElement on session c5bf1d259c068ae76f99adfff79e8f20 to remote] DEBUG org.apache.http.headers  - http-outgoing-80 >> Accept-Encoding: gzip,deflate
96649 [Forwarding findElement on session c5bf1d259c068ae76f99adfff79e8f20 to remote] DEBUG org.apache.http.headers  - http-outgoing-80 >> Accept-Encoding: gzip,deflate
96649 [Forwarding findElement on session c5bf1d259c068ae76f99adfff79e8f20 to remote] DEBUG org.apache.http.wire  - http-outgoing-80 >> "POST /session/c5bf1d259c068ae76f99adfff79e8f20/element HTTP/1.1[\r][\n]"
96649 [Forwarding findElement on session c5bf1d259c068ae76f99adfff79e8f20 to remote] DEBUG org.apache.http.wire  - http-outgoing-80 >> "POST /session/c5bf1d259c068ae76f99adfff79e8f20/element HTTP/1.1[\r][\n]"
96649 [Forwarding findElement on session c5bf1d259c068ae76f99adfff79e8f20 to remote] DEBUG org.apache.http.wire  - http-outgoing-80 >> "POST /session/c5bf1d259c068ae76f99adfff79e8f20/element HTTP/1.1[\r][\n]"
96649 [Forwarding findElement on session c5bf1d259c068ae76f99adfff79e8f20 to remote] DEBUG org.apache.http.wire  - http-outgoing-80 >> "Content-Type: application/json; charset=utf-8[\r][\n]"
96649 [Forwarding findElement on session c5bf1d259c068ae76f99adfff79e8f20 to remote] DEBUG org.apache.http.wire  - http-outgoing-80 >> "Content-Type: application/json; charset=utf-8[\r][\n]"
96649 [Forwarding findElement on session c5bf1d259c068ae76f99adfff79e8f20 to remote] DEBUG org.apache.http.wire  - http-outgoing-80 >> "Content-Type: application/json; charset=utf-8[\r][\n]"
96649 [Forwarding findElement on session c5bf1d259c068ae76f99adfff79e8f20 to remote] DEBUG org.apache.http.wire  - http-outgoing-80 >> "Content-Length: 46[\r][\n]"
96649 [Forwarding findElement on session c5bf1d259c068ae76f99adfff79e8f20 to remote] DEBUG org.apache.http.wire  - http-outgoing-80 >> "Content-Length: 46[\r][\n]"
96649 [Forwarding findElement on session c5bf1d259c068ae76f99adfff79e8f20 to remote] DEBUG org.apache.http.wire  - http-outgoing-80 >> "Content-Length: 46[\r][\n]"
96649 [Forwarding findElement on session c5bf1d259c068ae76f99adfff79e8f20 to remote] DEBUG org.apache.http.wire  - http-outgoing-80 >> "Host: localhost:7219[\r][\n]"
96649 [Forwarding findElement on session c5bf1d259c068ae76f99adfff79e8f20 to remote] DEBUG org.apache.http.wire  - http-outgoing-80 >> "Host: localhost:7219[\r][\n]"
96649 [Forwarding findElement on session c5bf1d259c068ae76f99adfff79e8f20 to remote] DEBUG org.apache.http.wire  - http-outgoing-80 >> "Host: localhost:7219[\r][\n]"
96649 [Forwarding findElement on session c5bf1d259c068ae76f99adfff79e8f20 to remote] DEBUG org.apache.http.wire  - http-outgoing-80 >> "Connection: Keep-Alive[\r][\n]"
96649 [Forwarding findElement on session c5bf1d259c068ae76f99adfff79e8f20 to remote] DEBUG org.apache.http.wire  - http-outgoing-80 >> "Connection: Keep-Alive[\r][\n]"
96649 [Forwarding findElement on session c5bf1d259c068ae76f99adfff79e8f20 to remote] DEBUG org.apache.http.wire  - http-outgoing-80 >> "Connection: Keep-Alive[\r][\n]"
96649 [Forwarding findElement on session c5bf1d259c068ae76f99adfff79e8f20 to remote] DEBUG org.apache.http.wire  - http-outgoing-80 >> "User-Agent: Apache-HttpClient/4.5.2 (Java/1.8.0_91)[\r][\n]"
96649 [Forwarding findElement on session c5bf1d259c068ae76f99adfff79e8f20 to remote] DEBUG org.apache.http.wire  - http-outgoing-80 >> "User-Agent: Apache-HttpClient/4.5.2 (Java/1.8.0_91)[\r][\n]"
96649 [Forwarding findElement on session c5bf1d259c068ae76f99adfff79e8f20 to remote] DEBUG org.apache.http.wire  - http-outgoing-80 >> "User-Agent: Apache-HttpClient/4.5.2 (Java/1.8.0_91)[\r][\n]"
96649 [Forwarding findElement on session c5bf1d259c068ae76f99adfff79e8f20 to remote] DEBUG org.apache.http.wire  - http-outgoing-80 >> "Accept-Encoding: gzip,deflate[\r][\n]"
96649 [Forwarding findElement on session c5bf1d259c068ae76f99adfff79e8f20 to remote] DEBUG org.apache.http.wire  - http-outgoing-80 >> "Accept-Encoding: gzip,deflate[\r][\n]"
96649 [Forwarding findElement on session c5bf1d259c068ae76f99adfff79e8f20 to remote] DEBUG org.apache.http.wire  - http-outgoing-80 >> "Accept-Encoding: gzip,deflate[\r][\n]"
96649 [Forwarding findElement on session c5bf1d259c068ae76f99adfff79e8f20 to remote] DEBUG org.apache.http.wire  - http-outgoing-80 >> "[\r][\n]"
96649 [Forwarding findElement on session c5bf1d259c068ae76f99adfff79e8f20 to remote] DEBUG org.apache.http.wire  - http-outgoing-80 >> "[\r][\n]"
96649 [Forwarding findElement on session c5bf1d259c068ae76f99adfff79e8f20 to remote] DEBUG org.apache.http.wire  - http-outgoing-80 >> "[\r][\n]"
96649 [Forwarding findElement on session c5bf1d259c068ae76f99adfff79e8f20 to remote] DEBUG org.apache.http.wire  - http-outgoing-80 >> "{"using":"css selector","value":"#searchIcon"}"
96649 [Forwarding findElement on session c5bf1d259c068ae76f99adfff79e8f20 to remote] DEBUG org.apache.http.wire  - http-outgoing-80 >> "{"using":"css selector","value":"#searchIcon"}"
96649 [Forwarding findElement on session c5bf1d259c068ae76f99adfff79e8f20 to remote] DEBUG org.apache.http.wire  - http-outgoing-80 >> "{"using":"css selector","value":"#searchIcon"}"
96678 [Forwarding findElement on session c5bf1d259c068ae76f99adfff79e8f20 to remote] DEBUG org.apache.http.wire  - http-outgoing-80 << "HTTP/1.1 200 OK[\r][\n]"
96678 [Forwarding findElement on session c5bf1d259c068ae76f99adfff79e8f20 to remote] DEBUG org.apache.http.wire  - http-outgoing-80 << "HTTP/1.1 200 OK[\r][\n]"
96678 [Forwarding findElement on session c5bf1d259c068ae76f99adfff79e8f20 to remote] DEBUG org.apache.http.wire  - http-outgoing-80 << "HTTP/1.1 200 OK[\r][\n]"
96679 [Forwarding findElement on session c5bf1d259c068ae76f99adfff79e8f20 to remote] DEBUG org.apache.http.wire  - http-outgoing-80 << "Content-Length:103[\r][\n]"
96679 [Forwarding findElement on session c5bf1d259c068ae76f99adfff79e8f20 to remote] DEBUG org.apache.http.wire  - http-outgoing-80 << "Content-Length:103[\r][\n]"
96679 [Forwarding findElement on session c5bf1d259c068ae76f99adfff79e8f20 to remote] DEBUG org.apache.http.wire  - http-outgoing-80 << "Content-Length:103[\r][\n]"
96679 [Forwarding findElement on session c5bf1d259c068ae76f99adfff79e8f20 to remote] DEBUG org.apache.http.wire  - http-outgoing-80 << "Content-Type:application/json; charset=utf-8[\r][\n]"
96679 [Forwarding findElement on session c5bf1d259c068ae76f99adfff79e8f20 to remote] DEBUG org.apache.http.wire  - http-outgoing-80 << "Content-Type:application/json; charset=utf-8[\r][\n]"
96679 [Forwarding findElement on session c5bf1d259c068ae76f99adfff79e8f20 to remote] DEBUG org.apache.http.wire  - http-outgoing-80 << "Content-Type:application/json; charset=utf-8[\r][\n]"
96679 [Forwarding findElement on session c5bf1d259c068ae76f99adfff79e8f20 to remote] DEBUG org.apache.http.wire  - http-outgoing-80 << "Connection:close[\r][\n]"
96679 [Forwarding findElement on session c5bf1d259c068ae76f99adfff79e8f20 to remote] DEBUG org.apache.http.wire  - http-outgoing-80 << "Connection:close[\r][\n]"
96679 [Forwarding findElement on session c5bf1d259c068ae76f99adfff79e8f20 to remote] DEBUG org.apache.http.wire  - http-outgoing-80 << "Connection:close[\r][\n]"
96679 [Forwarding findElement on session c5bf1d259c068ae76f99adfff79e8f20 to remote] DEBUG org.apache.http.wire  - http-outgoing-80 << "[\r][\n]"
96679 [Forwarding findElement on session c5bf1d259c068ae76f99adfff79e8f20 to remote] DEBUG org.apache.http.wire  - http-outgoing-80 << "[\r][\n]"
96679 [Forwarding findElement on session c5bf1d259c068ae76f99adfff79e8f20 to remote] DEBUG org.apache.http.wire  - http-outgoing-80 << "[\r][\n]"
96679 [Forwarding findElement on session c5bf1d259c068ae76f99adfff79e8f20 to remote] DEBUG org.apache.http.wire  - http-outgoing-80 << "{"sessionId":"c5bf1d259c068ae76f99adfff79e8f20","status":0,"value":{"ELEMENT":"0.24393492496996494-2"}}"
96679 [Forwarding findElement on session c5bf1d259c068ae76f99adfff79e8f20 to remote] DEBUG org.apache.http.wire  - http-outgoing-80 << "{"sessionId":"c5bf1d259c068ae76f99adfff79e8f20","status":0,"value":{"ELEMENT":"0.24393492496996494-2"}}"
96679 [Forwarding findElement on session c5bf1d259c068ae76f99adfff79e8f20 to remote] DEBUG org.apache.http.wire  - http-outgoing-80 << "{"sessionId":"c5bf1d259c068ae76f99adfff79e8f20","status":0,"value":{"ELEMENT":"0.24393492496996494-2"}}"
96679 [Forwarding findElement on session c5bf1d259c068ae76f99adfff79e8f20 to remote] DEBUG org.apache.http.headers  - http-outgoing-80 << HTTP/1.1 200 OK
96679 [Forwarding findElement on session c5bf1d259c068ae76f99adfff79e8f20 to remote] DEBUG org.apache.http.headers  - http-outgoing-80 << HTTP/1.1 200 OK
96679 [Forwarding findElement on session c5bf1d259c068ae76f99adfff79e8f20 to remote] DEBUG org.apache.http.headers  - http-outgoing-80 << HTTP/1.1 200 OK
96679 [Forwarding findElement on session c5bf1d259c068ae76f99adfff79e8f20 to remote] DEBUG org.apache.http.headers  - http-outgoing-80 << Content-Length:103
96679 [Forwarding findElement on session c5bf1d259c068ae76f99adfff79e8f20 to remote] DEBUG org.apache.http.headers  - http-outgoing-80 << Content-Length:103
96679 [Forwarding findElement on session c5bf1d259c068ae76f99adfff79e8f20 to remote] DEBUG org.apache.http.headers  - http-outgoing-80 << Content-Length:103
96679 [Forwarding findElement on session c5bf1d259c068ae76f99adfff79e8f20 to remote] DEBUG org.apache.http.headers  - http-outgoing-80 << Content-Type:application/json; charset=utf-8
96679 [Forwarding findElement on session c5bf1d259c068ae76f99adfff79e8f20 to remote] DEBUG org.apache.http.headers  - http-outgoing-80 << Content-Type:application/json; charset=utf-8
96679 [Forwarding findElement on session c5bf1d259c068ae76f99adfff79e8f20 to remote] DEBUG org.apache.http.headers  - http-outgoing-80 << Content-Type:application/json; charset=utf-8
96679 [Forwarding findElement on session c5bf1d259c068ae76f99adfff79e8f20 to remote] DEBUG org.apache.http.headers  - http-outgoing-80 << Connection:close
96679 [Forwarding findElement on session c5bf1d259c068ae76f99adfff79e8f20 to remote] DEBUG org.apache.http.headers  - http-outgoing-80 << Connection:close
96679 [Forwarding findElement on session c5bf1d259c068ae76f99adfff79e8f20 to remote] DEBUG org.apache.http.headers  - http-outgoing-80 << Connection:close
96679 [Forwarding findElement on session c5bf1d259c068ae76f99adfff79e8f20 to remote] DEBUG org.apache.http.impl.conn.DefaultManagedHttpClientConnection  - http-outgoing-80: Close connection
96679 [Forwarding findElement on session c5bf1d259c068ae76f99adfff79e8f20 to remote] DEBUG org.apache.http.impl.conn.DefaultManagedHttpClientConnection  - http-outgoing-80: Close connection
96679 [Forwarding findElement on session c5bf1d259c068ae76f99adfff79e8f20 to remote] DEBUG org.apache.http.impl.conn.DefaultManagedHttpClientConnection  - http-outgoing-80: Close connection
96679 [Forwarding findElement on session c5bf1d259c068ae76f99adfff79e8f20 to remote] DEBUG org.apache.http.impl.execchain.MainClientExec  - Connection discarded
96679 [Forwarding findElement on session c5bf1d259c068ae76f99adfff79e8f20 to remote] DEBUG org.apache.http.impl.execchain.MainClientExec  - Connection discarded
96679 [Forwarding findElement on session c5bf1d259c068ae76f99adfff79e8f20 to remote] DEBUG org.apache.http.impl.execchain.MainClientExec  - Connection discarded
96680 [Forwarding findElement on session c5bf1d259c068ae76f99adfff79e8f20 to remote] DEBUG org.apache.http.impl.conn.PoolingHttpClientConnectionManager  - Connection released: [id: 80][route: {}->http://localhost:7219][total kept alive: 0; route allocated: 0 of 2000; total allocated: 0 of 2000]
96680 [Forwarding findElement on session c5bf1d259c068ae76f99adfff79e8f20 to remote] DEBUG org.apache.http.impl.conn.PoolingHttpClientConnectionManager  - Connection released: [id: 80][route: {}->http://localhost:7219][total kept alive: 0; route allocated: 0 of 2000; total allocated: 0 of 2000]
96680 [Forwarding findElement on session c5bf1d259c068ae76f99adfff79e8f20 to remote] DEBUG org.apache.http.impl.conn.PoolingHttpClientConnectionManager  - Connection released: [id: 80][route: {}->http://localhost:7219][total kept alive: 0; route allocated: 0 of 2000; total allocated: 0 of 2000]
96681 [Forwarding clickElement on session c5bf1d259c068ae76f99adfff79e8f20 to remote] DEBUG org.apache.http.client.protocol.RequestAddCookies  - CookieSpec selected: default
96681 [Forwarding clickElement on session c5bf1d259c068ae76f99adfff79e8f20 to remote] DEBUG org.apache.http.client.protocol.RequestAddCookies  - CookieSpec selected: default
96681 [Forwarding clickElement on session c5bf1d259c068ae76f99adfff79e8f20 to remote] DEBUG org.apache.http.client.protocol.RequestAddCookies  - CookieSpec selected: default
96681 [Forwarding clickElement on session c5bf1d259c068ae76f99adfff79e8f20 to remote] DEBUG org.apache.http.client.protocol.RequestAuthCache  - Auth cache not set in the context
96681 [Forwarding clickElement on session c5bf1d259c068ae76f99adfff79e8f20 to remote] DEBUG org.apache.http.client.protocol.RequestAuthCache  - Auth cache not set in the context
96681 [Forwarding clickElement on session c5bf1d259c068ae76f99adfff79e8f20 to remote] DEBUG org.apache.http.client.protocol.RequestAuthCache  - Auth cache not set in the context
96681 [Forwarding clickElement on session c5bf1d259c068ae76f99adfff79e8f20 to remote] DEBUG org.apache.http.impl.conn.PoolingHttpClientConnectionManager  - Connection request: [route: {}->http://localhost:7219][total kept alive: 0; route allocated: 0 of 2000; total allocated: 0 of 2000]
96681 [Forwarding clickElement on session c5bf1d259c068ae76f99adfff79e8f20 to remote] DEBUG org.apache.http.impl.conn.PoolingHttpClientConnectionManager  - Connection request: [route: {}->http://localhost:7219][total kept alive: 0; route allocated: 0 of 2000; total allocated: 0 of 2000]
96681 [Forwarding clickElement on session c5bf1d259c068ae76f99adfff79e8f20 to remote] DEBUG org.apache.http.impl.conn.PoolingHttpClientConnectionManager  - Connection request: [route: {}->http://localhost:7219][total kept alive: 0; route allocated: 0 of 2000; total allocated: 0 of 2000]
96681 [Forwarding clickElement on session c5bf1d259c068ae76f99adfff79e8f20 to remote] DEBUG org.apache.http.impl.conn.PoolingHttpClientConnectionManager  - Connection leased: [id: 81][route: {}->http://localhost:7219][total kept alive: 0; route allocated: 1 of 2000; total allocated: 1 of 2000]
96681 [Forwarding clickElement on session c5bf1d259c068ae76f99adfff79e8f20 to remote] DEBUG org.apache.http.impl.conn.PoolingHttpClientConnectionManager  - Connection leased: [id: 81][route: {}->http://localhost:7219][total kept alive: 0; route allocated: 1 of 2000; total allocated: 1 of 2000]
96681 [Forwarding clickElement on session c5bf1d259c068ae76f99adfff79e8f20 to remote] DEBUG org.apache.http.impl.conn.PoolingHttpClientConnectionManager  - Connection leased: [id: 81][route: {}->http://localhost:7219][total kept alive: 0; route allocated: 1 of 2000; total allocated: 1 of 2000]
96681 [Forwarding clickElement on session c5bf1d259c068ae76f99adfff79e8f20 to remote] DEBUG org.apache.http.impl.execchain.MainClientExec  - Opening connection {}->http://localhost:7219
96681 [Forwarding clickElement on session c5bf1d259c068ae76f99adfff79e8f20 to remote] DEBUG org.apache.http.impl.execchain.MainClientExec  - Opening connection {}->http://localhost:7219
96681 [Forwarding clickElement on session c5bf1d259c068ae76f99adfff79e8f20 to remote] DEBUG org.apache.http.impl.execchain.MainClientExec  - Opening connection {}->http://localhost:7219
96681 [Forwarding clickElement on session c5bf1d259c068ae76f99adfff79e8f20 to remote] DEBUG org.apache.http.impl.conn.DefaultHttpClientConnectionOperator  - Connecting to localhost/127.0.0.1:7219
96681 [Forwarding clickElement on session c5bf1d259c068ae76f99adfff79e8f20 to remote] DEBUG org.apache.http.impl.conn.DefaultHttpClientConnectionOperator  - Connecting to localhost/127.0.0.1:7219
96681 [Forwarding clickElement on session c5bf1d259c068ae76f99adfff79e8f20 to remote] DEBUG org.apache.http.impl.conn.DefaultHttpClientConnectionOperator  - Connecting to localhost/127.0.0.1:7219
96681 [Forwarding clickElement on session c5bf1d259c068ae76f99adfff79e8f20 to remote] DEBUG org.apache.http.impl.conn.DefaultHttpClientConnectionOperator  - Connection established 127.0.0.1:52979<->127.0.0.1:7219
96681 [Forwarding clickElement on session c5bf1d259c068ae76f99adfff79e8f20 to remote] DEBUG org.apache.http.impl.conn.DefaultHttpClientConnectionOperator  - Connection established 127.0.0.1:52979<->127.0.0.1:7219
96681 [Forwarding clickElement on session c5bf1d259c068ae76f99adfff79e8f20 to remote] DEBUG org.apache.http.impl.conn.DefaultHttpClientConnectionOperator  - Connection established 127.0.0.1:52979<->127.0.0.1:7219
96681 [Forwarding clickElement on session c5bf1d259c068ae76f99adfff79e8f20 to remote] DEBUG org.apache.http.impl.conn.DefaultManagedHttpClientConnection  - http-outgoing-81: set socket timeout to 10800000
96681 [Forwarding clickElement on session c5bf1d259c068ae76f99adfff79e8f20 to remote] DEBUG org.apache.http.impl.conn.DefaultManagedHttpClientConnection  - http-outgoing-81: set socket timeout to 10800000
96681 [Forwarding clickElement on session c5bf1d259c068ae76f99adfff79e8f20 to remote] DEBUG org.apache.http.impl.conn.DefaultManagedHttpClientConnection  - http-outgoing-81: set socket timeout to 10800000
96682 [Forwarding clickElement on session c5bf1d259c068ae76f99adfff79e8f20 to remote] DEBUG org.apache.http.impl.execchain.MainClientExec  - Executing request POST /session/c5bf1d259c068ae76f99adfff79e8f20/element/0.24393492496996494-2/click HTTP/1.1
96682 [Forwarding clickElement on session c5bf1d259c068ae76f99adfff79e8f20 to remote] DEBUG org.apache.http.impl.execchain.MainClientExec  - Executing request POST /session/c5bf1d259c068ae76f99adfff79e8f20/element/0.24393492496996494-2/click HTTP/1.1
96682 [Forwarding clickElement on session c5bf1d259c068ae76f99adfff79e8f20 to remote] DEBUG org.apache.http.impl.execchain.MainClientExec  - Executing request POST /session/c5bf1d259c068ae76f99adfff79e8f20/element/0.24393492496996494-2/click HTTP/1.1
96682 [Forwarding clickElement on session c5bf1d259c068ae76f99adfff79e8f20 to remote] DEBUG org.apache.http.impl.execchain.MainClientExec  - Target auth state: UNCHALLENGED
96682 [Forwarding clickElement on session c5bf1d259c068ae76f99adfff79e8f20 to remote] DEBUG org.apache.http.impl.execchain.MainClientExec  - Target auth state: UNCHALLENGED
96682 [Forwarding clickElement on session c5bf1d259c068ae76f99adfff79e8f20 to remote] DEBUG org.apache.http.impl.execchain.MainClientExec  - Target auth state: UNCHALLENGED
96682 [Forwarding clickElement on session c5bf1d259c068ae76f99adfff79e8f20 to remote] DEBUG org.apache.http.impl.execchain.MainClientExec  - Proxy auth state: UNCHALLENGED
96682 [Forwarding clickElement on session c5bf1d259c068ae76f99adfff79e8f20 to remote] DEBUG org.apache.http.impl.execchain.MainClientExec  - Proxy auth state: UNCHALLENGED
96682 [Forwarding clickElement on session c5bf1d259c068ae76f99adfff79e8f20 to remote] DEBUG org.apache.http.impl.execchain.MainClientExec  - Proxy auth state: UNCHALLENGED
96682 [Forwarding clickElement on session c5bf1d259c068ae76f99adfff79e8f20 to remote] DEBUG org.apache.http.headers  - http-outgoing-81 >> POST /session/c5bf1d259c068ae76f99adfff79e8f20/element/0.24393492496996494-2/click HTTP/1.1
96682 [Forwarding clickElement on session c5bf1d259c068ae76f99adfff79e8f20 to remote] DEBUG org.apache.http.headers  - http-outgoing-81 >> POST /session/c5bf1d259c068ae76f99adfff79e8f20/element/0.24393492496996494-2/click HTTP/1.1
96682 [Forwarding clickElement on session c5bf1d259c068ae76f99adfff79e8f20 to remote] DEBUG org.apache.http.headers  - http-outgoing-81 >> POST /session/c5bf1d259c068ae76f99adfff79e8f20/element/0.24393492496996494-2/click HTTP/1.1
96682 [Forwarding clickElement on session c5bf1d259c068ae76f99adfff79e8f20 to remote] DEBUG org.apache.http.headers  - http-outgoing-81 >> Content-Type: application/json; charset=utf-8
96682 [Forwarding clickElement on session c5bf1d259c068ae76f99adfff79e8f20 to remote] DEBUG org.apache.http.headers  - http-outgoing-81 >> Content-Type: application/json; charset=utf-8
96682 [Forwarding clickElement on session c5bf1d259c068ae76f99adfff79e8f20 to remote] DEBUG org.apache.http.headers  - http-outgoing-81 >> Content-Type: application/json; charset=utf-8
96682 [Forwarding clickElement on session c5bf1d259c068ae76f99adfff79e8f20 to remote] DEBUG org.apache.http.headers  - http-outgoing-81 >> Content-Length: 30
96682 [Forwarding clickElement on session c5bf1d259c068ae76f99adfff79e8f20 to remote] DEBUG org.apache.http.headers  - http-outgoing-81 >> Content-Length: 30
96682 [Forwarding clickElement on session c5bf1d259c068ae76f99adfff79e8f20 to remote] DEBUG org.apache.http.headers  - http-outgoing-81 >> Content-Length: 30
96682 [Forwarding clickElement on session c5bf1d259c068ae76f99adfff79e8f20 to remote] DEBUG org.apache.http.headers  - http-outgoing-81 >> Host: localhost:7219
96682 [Forwarding clickElement on session c5bf1d259c068ae76f99adfff79e8f20 to remote] DEBUG org.apache.http.headers  - http-outgoing-81 >> Host: localhost:7219
96682 [Forwarding clickElement on session c5bf1d259c068ae76f99adfff79e8f20 to remote] DEBUG org.apache.http.headers  - http-outgoing-81 >> Host: localhost:7219
96682 [Forwarding clickElement on session c5bf1d259c068ae76f99adfff79e8f20 to remote] DEBUG org.apache.http.headers  - http-outgoing-81 >> Connection: Keep-Alive
96682 [Forwarding clickElement on session c5bf1d259c068ae76f99adfff79e8f20 to remote] DEBUG org.apache.http.headers  - http-outgoing-81 >> Connection: Keep-Alive
96682 [Forwarding clickElement on session c5bf1d259c068ae76f99adfff79e8f20 to remote] DEBUG org.apache.http.headers  - http-outgoing-81 >> Connection: Keep-Alive
96682 [Forwarding clickElement on session c5bf1d259c068ae76f99adfff79e8f20 to remote] DEBUG org.apache.http.headers  - http-outgoing-81 >> User-Agent: Apache-HttpClient/4.5.2 (Java/1.8.0_91)
96682 [Forwarding clickElement on session c5bf1d259c068ae76f99adfff79e8f20 to remote] DEBUG org.apache.http.headers  - http-outgoing-81 >> User-Agent: Apache-HttpClient/4.5.2 (Java/1.8.0_91)
96682 [Forwarding clickElement on session c5bf1d259c068ae76f99adfff79e8f20 to remote] DEBUG org.apache.http.headers  - http-outgoing-81 >> User-Agent: Apache-HttpClient/4.5.2 (Java/1.8.0_91)
96682 [Forwarding clickElement on session c5bf1d259c068ae76f99adfff79e8f20 to remote] DEBUG org.apache.http.headers  - http-outgoing-81 >> Accept-Encoding: gzip,deflate
96682 [Forwarding clickElement on session c5bf1d259c068ae76f99adfff79e8f20 to remote] DEBUG org.apache.http.headers  - http-outgoing-81 >> Accept-Encoding: gzip,deflate
96682 [Forwarding clickElement on session c5bf1d259c068ae76f99adfff79e8f20 to remote] DEBUG org.apache.http.headers  - http-outgoing-81 >> Accept-Encoding: gzip,deflate
96682 [Forwarding clickElement on session c5bf1d259c068ae76f99adfff79e8f20 to remote] DEBUG org.apache.http.wire  - http-outgoing-81 >> "POST /session/c5bf1d259c068ae76f99adfff79e8f20/element/0.24393492496996494-2/click HTTP/1.1[\r][\n]"
96682 [Forwarding clickElement on session c5bf1d259c068ae76f99adfff79e8f20 to remote] DEBUG org.apache.http.wire  - http-outgoing-81 >> "POST /session/c5bf1d259c068ae76f99adfff79e8f20/element/0.24393492496996494-2/click HTTP/1.1[\r][\n]"
96682 [Forwarding clickElement on session c5bf1d259c068ae76f99adfff79e8f20 to remote] DEBUG org.apache.http.wire  - http-outgoing-81 >> "POST /session/c5bf1d259c068ae76f99adfff79e8f20/element/0.24393492496996494-2/click HTTP/1.1[\r][\n]"
96682 [Forwarding clickElement on session c5bf1d259c068ae76f99adfff79e8f20 to remote] DEBUG org.apache.http.wire  - http-outgoing-81 >> "Content-Type: application/json; charset=utf-8[\r][\n]"
96682 [Forwarding clickElement on session c5bf1d259c068ae76f99adfff79e8f20 to remote] DEBUG org.apache.http.wire  - http-outgoing-81 >> "Content-Type: application/json; charset=utf-8[\r][\n]"
96682 [Forwarding clickElement on session c5bf1d259c068ae76f99adfff79e8f20 to remote] DEBUG org.apache.http.wire  - http-outgoing-81 >> "Content-Type: application/json; charset=utf-8[\r][\n]"
96682 [Forwarding clickElement on session c5bf1d259c068ae76f99adfff79e8f20 to remote] DEBUG org.apache.http.wire  - http-outgoing-81 >> "Content-Length: 30[\r][\n]"
96682 [Forwarding clickElement on session c5bf1d259c068ae76f99adfff79e8f20 to remote] DEBUG org.apache.http.wire  - http-outgoing-81 >> "Content-Length: 30[\r][\n]"
96682 [Forwarding clickElement on session c5bf1d259c068ae76f99adfff79e8f20 to remote] DEBUG org.apache.http.wire  - http-outgoing-81 >> "Content-Length: 30[\r][\n]"
96682 [Forwarding clickElement on session c5bf1d259c068ae76f99adfff79e8f20 to remote] DEBUG org.apache.http.wire  - http-outgoing-81 >> "Host: localhost:7219[\r][\n]"
96682 [Forwarding clickElement on session c5bf1d259c068ae76f99adfff79e8f20 to remote] DEBUG org.apache.http.wire  - http-outgoing-81 >> "Host: localhost:7219[\r][\n]"
96682 [Forwarding clickElement on session c5bf1d259c068ae76f99adfff79e8f20 to remote] DEBUG org.apache.http.wire  - http-outgoing-81 >> "Host: localhost:7219[\r][\n]"
96682 [Forwarding clickElement on session c5bf1d259c068ae76f99adfff79e8f20 to remote] DEBUG org.apache.http.wire  - http-outgoing-81 >> "Connection: Keep-Alive[\r][\n]"
96682 [Forwarding clickElement on session c5bf1d259c068ae76f99adfff79e8f20 to remote] DEBUG org.apache.http.wire  - http-outgoing-81 >> "Connection: Keep-Alive[\r][\n]"
96682 [Forwarding clickElement on session c5bf1d259c068ae76f99adfff79e8f20 to remote] DEBUG org.apache.http.wire  - http-outgoing-81 >> "Connection: Keep-Alive[\r][\n]"
96682 [Forwarding clickElement on session c5bf1d259c068ae76f99adfff79e8f20 to remote] DEBUG org.apache.http.wire  - http-outgoing-81 >> "User-Agent: Apache-HttpClient/4.5.2 (Java/1.8.0_91)[\r][\n]"
96682 [Forwarding clickElement on session c5bf1d259c068ae76f99adfff79e8f20 to remote] DEBUG org.apache.http.wire  - http-outgoing-81 >> "User-Agent: Apache-HttpClient/4.5.2 (Java/1.8.0_91)[\r][\n]"
96682 [Forwarding clickElement on session c5bf1d259c068ae76f99adfff79e8f20 to remote] DEBUG org.apache.http.wire  - http-outgoing-81 >> "User-Agent: Apache-HttpClient/4.5.2 (Java/1.8.0_91)[\r][\n]"
96682 [Forwarding clickElement on session c5bf1d259c068ae76f99adfff79e8f20 to remote] DEBUG org.apache.http.wire  - http-outgoing-81 >> "Accept-Encoding: gzip,deflate[\r][\n]"
96682 [Forwarding clickElement on session c5bf1d259c068ae76f99adfff79e8f20 to remote] DEBUG org.apache.http.wire  - http-outgoing-81 >> "Accept-Encoding: gzip,deflate[\r][\n]"
96682 [Forwarding clickElement on session c5bf1d259c068ae76f99adfff79e8f20 to remote] DEBUG org.apache.http.wire  - http-outgoing-81 >> "Accept-Encoding: gzip,deflate[\r][\n]"
96682 [Forwarding clickElement on session c5bf1d259c068ae76f99adfff79e8f20 to remote] DEBUG org.apache.http.wire  - http-outgoing-81 >> "[\r][\n]"
96682 [Forwarding clickElement on session c5bf1d259c068ae76f99adfff79e8f20 to remote] DEBUG org.apache.http.wire  - http-outgoing-81 >> "[\r][\n]"
96682 [Forwarding clickElement on session c5bf1d259c068ae76f99adfff79e8f20 to remote] DEBUG org.apache.http.wire  - http-outgoing-81 >> "[\r][\n]"
96682 [Forwarding clickElement on session c5bf1d259c068ae76f99adfff79e8f20 to remote] DEBUG org.apache.http.wire  - http-outgoing-81 >> "{"id":"0.24393492496996494-2"}"
96682 [Forwarding clickElement on session c5bf1d259c068ae76f99adfff79e8f20 to remote] DEBUG org.apache.http.wire  - http-outgoing-81 >> "{"id":"0.24393492496996494-2"}"
96682 [Forwarding clickElement on session c5bf1d259c068ae76f99adfff79e8f20 to remote] DEBUG org.apache.http.wire  - http-outgoing-81 >> "{"id":"0.24393492496996494-2"}"
97345 [Forwarding clickElement on session c5bf1d259c068ae76f99adfff79e8f20 to remote] DEBUG org.apache.http.wire  - http-outgoing-81 << "HTTP/1.1 200 OK[\r][\n]"
97345 [Forwarding clickElement on session c5bf1d259c068ae76f99adfff79e8f20 to remote] DEBUG org.apache.http.wire  - http-outgoing-81 << "HTTP/1.1 200 OK[\r][\n]"
97345 [Forwarding clickElement on session c5bf1d259c068ae76f99adfff79e8f20 to remote] DEBUG org.apache.http.wire  - http-outgoing-81 << "HTTP/1.1 200 OK[\r][\n]"
97345 [Forwarding clickElement on session c5bf1d259c068ae76f99adfff79e8f20 to remote] DEBUG org.apache.http.wire  - http-outgoing-81 << "Content-Length:72[\r][\n]"
97345 [Forwarding clickElement on session c5bf1d259c068ae76f99adfff79e8f20 to remote] DEBUG org.apache.http.wire  - http-outgoing-81 << "Content-Length:72[\r][\n]"
97345 [Forwarding clickElement on session c5bf1d259c068ae76f99adfff79e8f20 to remote] DEBUG org.apache.http.wire  - http-outgoing-81 << "Content-Length:72[\r][\n]"
97345 [Forwarding clickElement on session c5bf1d259c068ae76f99adfff79e8f20 to remote] DEBUG org.apache.http.wire  - http-outgoing-81 << "Content-Type:application/json; charset=utf-8[\r][\n]"
97345 [Forwarding clickElement on session c5bf1d259c068ae76f99adfff79e8f20 to remote] DEBUG org.apache.http.wire  - http-outgoing-81 << "Content-Type:application/json; charset=utf-8[\r][\n]"
97345 [Forwarding clickElement on session c5bf1d259c068ae76f99adfff79e8f20 to remote] DEBUG org.apache.http.wire  - http-outgoing-81 << "Content-Type:application/json; charset=utf-8[\r][\n]"
97345 [Forwarding clickElement on session c5bf1d259c068ae76f99adfff79e8f20 to remote] DEBUG org.apache.http.wire  - http-outgoing-81 << "Connection:close[\r][\n]"
97345 [Forwarding clickElement on session c5bf1d259c068ae76f99adfff79e8f20 to remote] DEBUG org.apache.http.wire  - http-outgoing-81 << "Connection:close[\r][\n]"
97345 [Forwarding clickElement on session c5bf1d259c068ae76f99adfff79e8f20 to remote] DEBUG org.apache.http.wire  - http-outgoing-81 << "Connection:close[\r][\n]"
97345 [Forwarding clickElement on session c5bf1d259c068ae76f99adfff79e8f20 to remote] DEBUG org.apache.http.wire  - http-outgoing-81 << "[\r][\n]"
97345 [Forwarding clickElement on session c5bf1d259c068ae76f99adfff79e8f20 to remote] DEBUG org.apache.http.wire  - http-outgoing-81 << "[\r][\n]"
97345 [Forwarding clickElement on session c5bf1d259c068ae76f99adfff79e8f20 to remote] DEBUG org.apache.http.wire  - http-outgoing-81 << "[\r][\n]"
97345 [Forwarding clickElement on session c5bf1d259c068ae76f99adfff79e8f20 to remote] DEBUG org.apache.http.wire  - http-outgoing-81 << "{"sessionId":"c5bf1d259c068ae76f99adfff79e8f20","status":0,"value":null}"
97345 [Forwarding clickElement on session c5bf1d259c068ae76f99adfff79e8f20 to remote] DEBUG org.apache.http.wire  - http-outgoing-81 << "{"sessionId":"c5bf1d259c068ae76f99adfff79e8f20","status":0,"value":null}"
97345 [Forwarding clickElement on session c5bf1d259c068ae76f99adfff79e8f20 to remote] DEBUG org.apache.http.wire  - http-outgoing-81 << "{"sessionId":"c5bf1d259c068ae76f99adfff79e8f20","status":0,"value":null}"
97345 [Forwarding clickElement on session c5bf1d259c068ae76f99adfff79e8f20 to remote] DEBUG org.apache.http.headers  - http-outgoing-81 << HTTP/1.1 200 OK
97345 [Forwarding clickElement on session c5bf1d259c068ae76f99adfff79e8f20 to remote] DEBUG org.apache.http.headers  - http-outgoing-81 << HTTP/1.1 200 OK
97345 [Forwarding clickElement on session c5bf1d259c068ae76f99adfff79e8f20 to remote] DEBUG org.apache.http.headers  - http-outgoing-81 << HTTP/1.1 200 OK
97345 [Forwarding clickElement on session c5bf1d259c068ae76f99adfff79e8f20 to remote] DEBUG org.apache.http.headers  - http-outgoing-81 << Content-Length:72
97345 [Forwarding clickElement on session c5bf1d259c068ae76f99adfff79e8f20 to remote] DEBUG org.apache.http.headers  - http-outgoing-81 << Content-Length:72
97345 [Forwarding clickElement on session c5bf1d259c068ae76f99adfff79e8f20 to remote] DEBUG org.apache.http.headers  - http-outgoing-81 << Content-Length:72
97345 [Forwarding clickElement on session c5bf1d259c068ae76f99adfff79e8f20 to remote] DEBUG org.apache.http.headers  - http-outgoing-81 << Content-Type:application/json; charset=utf-8
97345 [Forwarding clickElement on session c5bf1d259c068ae76f99adfff79e8f20 to remote] DEBUG org.apache.http.headers  - http-outgoing-81 << Content-Type:application/json; charset=utf-8
97345 [Forwarding clickElement on session c5bf1d259c068ae76f99adfff79e8f20 to remote] DEBUG org.apache.http.headers  - http-outgoing-81 << Content-Type:application/json; charset=utf-8
97345 [Forwarding clickElement on session c5bf1d259c068ae76f99adfff79e8f20 to remote] DEBUG org.apache.http.headers  - http-outgoing-81 << Connection:close
97345 [Forwarding clickElement on session c5bf1d259c068ae76f99adfff79e8f20 to remote] DEBUG org.apache.http.headers  - http-outgoing-81 << Connection:close
97345 [Forwarding clickElement on session c5bf1d259c068ae76f99adfff79e8f20 to remote] DEBUG org.apache.http.headers  - http-outgoing-81 << Connection:close
97345 [Forwarding clickElement on session c5bf1d259c068ae76f99adfff79e8f20 to remote] DEBUG org.apache.http.impl.conn.DefaultManagedHttpClientConnection  - http-outgoing-81: Close connection
97345 [Forwarding clickElement on session c5bf1d259c068ae76f99adfff79e8f20 to remote] DEBUG org.apache.http.impl.conn.DefaultManagedHttpClientConnection  - http-outgoing-81: Close connection
97345 [Forwarding clickElement on session c5bf1d259c068ae76f99adfff79e8f20 to remote] DEBUG org.apache.http.impl.conn.DefaultManagedHttpClientConnection  - http-outgoing-81: Close connection
97346 [Forwarding clickElement on session c5bf1d259c068ae76f99adfff79e8f20 to remote] DEBUG org.apache.http.impl.execchain.MainClientExec  - Connection discarded
97346 [Forwarding clickElement on session c5bf1d259c068ae76f99adfff79e8f20 to remote] DEBUG org.apache.http.impl.execchain.MainClientExec  - Connection discarded
97346 [Forwarding clickElement on session c5bf1d259c068ae76f99adfff79e8f20 to remote] DEBUG org.apache.http.impl.execchain.MainClientExec  - Connection discarded
97346 [Forwarding clickElement on session c5bf1d259c068ae76f99adfff79e8f20 to remote] DEBUG org.apache.http.impl.conn.PoolingHttpClientConnectionManager  - Connection released: [id: 81][route: {}->http://localhost:7219][total kept alive: 0; route allocated: 0 of 2000; total allocated: 0 of 2000]
97346 [Forwarding clickElement on session c5bf1d259c068ae76f99adfff79e8f20 to remote] DEBUG org.apache.http.impl.conn.PoolingHttpClientConnectionManager  - Connection released: [id: 81][route: {}->http://localhost:7219][total kept alive: 0; route allocated: 0 of 2000; total allocated: 0 of 2000]
97346 [Forwarding clickElement on session c5bf1d259c068ae76f99adfff79e8f20 to remote] DEBUG org.apache.http.impl.conn.PoolingHttpClientConnectionManager  - Connection released: [id: 81][route: {}->http://localhost:7219][total kept alive: 0; route allocated: 0 of 2000; total allocated: 0 of 2000]
100349 [Forwarding findElement on session c5bf1d259c068ae76f99adfff79e8f20 to remote] DEBUG org.apache.http.client.protocol.RequestAddCookies  - CookieSpec selected: default
100349 [Forwarding findElement on session c5bf1d259c068ae76f99adfff79e8f20 to remote] DEBUG org.apache.http.client.protocol.RequestAddCookies  - CookieSpec selected: default
100349 [Forwarding findElement on session c5bf1d259c068ae76f99adfff79e8f20 to remote] DEBUG org.apache.http.client.protocol.RequestAddCookies  - CookieSpec selected: default
100350 [Forwarding findElement on session c5bf1d259c068ae76f99adfff79e8f20 to remote] DEBUG org.apache.http.client.protocol.RequestAuthCache  - Auth cache not set in the context
100350 [Forwarding findElement on session c5bf1d259c068ae76f99adfff79e8f20 to remote] DEBUG org.apache.http.client.protocol.RequestAuthCache  - Auth cache not set in the context
100350 [Forwarding findElement on session c5bf1d259c068ae76f99adfff79e8f20 to remote] DEBUG org.apache.http.client.protocol.RequestAuthCache  - Auth cache not set in the context
100350 [Forwarding findElement on session c5bf1d259c068ae76f99adfff79e8f20 to remote] DEBUG org.apache.http.impl.conn.PoolingHttpClientConnectionManager  - Connection request: [route: {}->http://localhost:7219][total kept alive: 0; route allocated: 0 of 2000; total allocated: 0 of 2000]
100350 [Forwarding findElement on session c5bf1d259c068ae76f99adfff79e8f20 to remote] DEBUG org.apache.http.impl.conn.PoolingHttpClientConnectionManager  - Connection request: [route: {}->http://localhost:7219][total kept alive: 0; route allocated: 0 of 2000; total allocated: 0 of 2000]
100350 [Forwarding findElement on session c5bf1d259c068ae76f99adfff79e8f20 to remote] DEBUG org.apache.http.impl.conn.PoolingHttpClientConnectionManager  - Connection request: [route: {}->http://localhost:7219][total kept alive: 0; route allocated: 0 of 2000; total allocated: 0 of 2000]
100350 [Forwarding findElement on session c5bf1d259c068ae76f99adfff79e8f20 to remote] DEBUG org.apache.http.impl.conn.PoolingHttpClientConnectionManager  - Connection leased: [id: 82][route: {}->http://localhost:7219][total kept alive: 0; route allocated: 1 of 2000; total allocated: 1 of 2000]
100350 [Forwarding findElement on session c5bf1d259c068ae76f99adfff79e8f20 to remote] DEBUG org.apache.http.impl.conn.PoolingHttpClientConnectionManager  - Connection leased: [id: 82][route: {}->http://localhost:7219][total kept alive: 0; route allocated: 1 of 2000; total allocated: 1 of 2000]
100350 [Forwarding findElement on session c5bf1d259c068ae76f99adfff79e8f20 to remote] DEBUG org.apache.http.impl.conn.PoolingHttpClientConnectionManager  - Connection leased: [id: 82][route: {}->http://localhost:7219][total kept alive: 0; route allocated: 1 of 2000; total allocated: 1 of 2000]
100350 [Forwarding findElement on session c5bf1d259c068ae76f99adfff79e8f20 to remote] DEBUG org.apache.http.impl.execchain.MainClientExec  - Opening connection {}->http://localhost:7219
100350 [Forwarding findElement on session c5bf1d259c068ae76f99adfff79e8f20 to remote] DEBUG org.apache.http.impl.execchain.MainClientExec  - Opening connection {}->http://localhost:7219
100350 [Forwarding findElement on session c5bf1d259c068ae76f99adfff79e8f20 to remote] DEBUG org.apache.http.impl.execchain.MainClientExec  - Opening connection {}->http://localhost:7219
100350 [Forwarding findElement on session c5bf1d259c068ae76f99adfff79e8f20 to remote] DEBUG org.apache.http.impl.conn.DefaultHttpClientConnectionOperator  - Connecting to localhost/127.0.0.1:7219
100350 [Forwarding findElement on session c5bf1d259c068ae76f99adfff79e8f20 to remote] DEBUG org.apache.http.impl.conn.DefaultHttpClientConnectionOperator  - Connecting to localhost/127.0.0.1:7219
100350 [Forwarding findElement on session c5bf1d259c068ae76f99adfff79e8f20 to remote] DEBUG org.apache.http.impl.conn.DefaultHttpClientConnectionOperator  - Connecting to localhost/127.0.0.1:7219
100350 [Forwarding findElement on session c5bf1d259c068ae76f99adfff79e8f20 to remote] DEBUG org.apache.http.impl.conn.DefaultHttpClientConnectionOperator  - Connection established 127.0.0.1:52981<->127.0.0.1:7219
100350 [Forwarding findElement on session c5bf1d259c068ae76f99adfff79e8f20 to remote] DEBUG org.apache.http.impl.conn.DefaultHttpClientConnectionOperator  - Connection established 127.0.0.1:52981<->127.0.0.1:7219
100350 [Forwarding findElement on session c5bf1d259c068ae76f99adfff79e8f20 to remote] DEBUG org.apache.http.impl.conn.DefaultHttpClientConnectionOperator  - Connection established 127.0.0.1:52981<->127.0.0.1:7219
100350 [Forwarding findElement on session c5bf1d259c068ae76f99adfff79e8f20 to remote] DEBUG org.apache.http.impl.conn.DefaultManagedHttpClientConnection  - http-outgoing-82: set socket timeout to 10800000
100350 [Forwarding findElement on session c5bf1d259c068ae76f99adfff79e8f20 to remote] DEBUG org.apache.http.impl.conn.DefaultManagedHttpClientConnection  - http-outgoing-82: set socket timeout to 10800000
100350 [Forwarding findElement on session c5bf1d259c068ae76f99adfff79e8f20 to remote] DEBUG org.apache.http.impl.conn.DefaultManagedHttpClientConnection  - http-outgoing-82: set socket timeout to 10800000
100350 [Forwarding findElement on session c5bf1d259c068ae76f99adfff79e8f20 to remote] DEBUG org.apache.http.impl.execchain.MainClientExec  - Executing request POST /session/c5bf1d259c068ae76f99adfff79e8f20/element HTTP/1.1
100350 [Forwarding findElement on session c5bf1d259c068ae76f99adfff79e8f20 to remote] DEBUG org.apache.http.impl.execchain.MainClientExec  - Executing request POST /session/c5bf1d259c068ae76f99adfff79e8f20/element HTTP/1.1
100350 [Forwarding findElement on session c5bf1d259c068ae76f99adfff79e8f20 to remote] DEBUG org.apache.http.impl.execchain.MainClientExec  - Executing request POST /session/c5bf1d259c068ae76f99adfff79e8f20/element HTTP/1.1
100350 [Forwarding findElement on session c5bf1d259c068ae76f99adfff79e8f20 to remote] DEBUG org.apache.http.impl.execchain.MainClientExec  - Target auth state: UNCHALLENGED
100350 [Forwarding findElement on session c5bf1d259c068ae76f99adfff79e8f20 to remote] DEBUG org.apache.http.impl.execchain.MainClientExec  - Target auth state: UNCHALLENGED
100350 [Forwarding findElement on session c5bf1d259c068ae76f99adfff79e8f20 to remote] DEBUG org.apache.http.impl.execchain.MainClientExec  - Target auth state: UNCHALLENGED
100350 [Forwarding findElement on session c5bf1d259c068ae76f99adfff79e8f20 to remote] DEBUG org.apache.http.impl.execchain.MainClientExec  - Proxy auth state: UNCHALLENGED
100350 [Forwarding findElement on session c5bf1d259c068ae76f99adfff79e8f20 to remote] DEBUG org.apache.http.impl.execchain.MainClientExec  - Proxy auth state: UNCHALLENGED
100350 [Forwarding findElement on session c5bf1d259c068ae76f99adfff79e8f20 to remote] DEBUG org.apache.http.impl.execchain.MainClientExec  - Proxy auth state: UNCHALLENGED
100351 [Forwarding findElement on session c5bf1d259c068ae76f99adfff79e8f20 to remote] DEBUG org.apache.http.headers  - http-outgoing-82 >> POST /session/c5bf1d259c068ae76f99adfff79e8f20/element HTTP/1.1
100351 [Forwarding findElement on session c5bf1d259c068ae76f99adfff79e8f20 to remote] DEBUG org.apache.http.headers  - http-outgoing-82 >> POST /session/c5bf1d259c068ae76f99adfff79e8f20/element HTTP/1.1
100351 [Forwarding findElement on session c5bf1d259c068ae76f99adfff79e8f20 to remote] DEBUG org.apache.http.headers  - http-outgoing-82 >> POST /session/c5bf1d259c068ae76f99adfff79e8f20/element HTTP/1.1
100351 [Forwarding findElement on session c5bf1d259c068ae76f99adfff79e8f20 to remote] DEBUG org.apache.http.headers  - http-outgoing-82 >> Content-Type: application/json; charset=utf-8
100351 [Forwarding findElement on session c5bf1d259c068ae76f99adfff79e8f20 to remote] DEBUG org.apache.http.headers  - http-outgoing-82 >> Content-Type: application/json; charset=utf-8
100351 [Forwarding findElement on session c5bf1d259c068ae76f99adfff79e8f20 to remote] DEBUG org.apache.http.headers  - http-outgoing-82 >> Content-Type: application/json; charset=utf-8
100351 [Forwarding findElement on session c5bf1d259c068ae76f99adfff79e8f20 to remote] DEBUG org.apache.http.headers  - http-outgoing-82 >> Content-Length: 89
100351 [Forwarding findElement on session c5bf1d259c068ae76f99adfff79e8f20 to remote] DEBUG org.apache.http.headers  - http-outgoing-82 >> Content-Length: 89
100351 [Forwarding findElement on session c5bf1d259c068ae76f99adfff79e8f20 to remote] DEBUG org.apache.http.headers  - http-outgoing-82 >> Content-Length: 89
100351 [Forwarding findElement on session c5bf1d259c068ae76f99adfff79e8f20 to remote] DEBUG org.apache.http.headers  - http-outgoing-82 >> Host: localhost:7219
100351 [Forwarding findElement on session c5bf1d259c068ae76f99adfff79e8f20 to remote] DEBUG org.apache.http.headers  - http-outgoing-82 >> Host: localhost:7219
100351 [Forwarding findElement on session c5bf1d259c068ae76f99adfff79e8f20 to remote] DEBUG org.apache.http.headers  - http-outgoing-82 >> Host: localhost:7219
100351 [Forwarding findElement on session c5bf1d259c068ae76f99adfff79e8f20 to remote] DEBUG org.apache.http.headers  - http-outgoing-82 >> Connection: Keep-Alive
100351 [Forwarding findElement on session c5bf1d259c068ae76f99adfff79e8f20 to remote] DEBUG org.apache.http.headers  - http-outgoing-82 >> Connection: Keep-Alive
100351 [Forwarding findElement on session c5bf1d259c068ae76f99adfff79e8f20 to remote] DEBUG org.apache.http.headers  - http-outgoing-82 >> Connection: Keep-Alive
100351 [Forwarding findElement on session c5bf1d259c068ae76f99adfff79e8f20 to remote] DEBUG org.apache.http.headers  - http-outgoing-82 >> User-Agent: Apache-HttpClient/4.5.2 (Java/1.8.0_91)
100351 [Forwarding findElement on session c5bf1d259c068ae76f99adfff79e8f20 to remote] DEBUG org.apache.http.headers  - http-outgoing-82 >> User-Agent: Apache-HttpClient/4.5.2 (Java/1.8.0_91)
100351 [Forwarding findElement on session c5bf1d259c068ae76f99adfff79e8f20 to remote] DEBUG org.apache.http.headers  - http-outgoing-82 >> User-Agent: Apache-HttpClient/4.5.2 (Java/1.8.0_91)
100351 [Forwarding findElement on session c5bf1d259c068ae76f99adfff79e8f20 to remote] DEBUG org.apache.http.headers  - http-outgoing-82 >> Accept-Encoding: gzip,deflate
100351 [Forwarding findElement on session c5bf1d259c068ae76f99adfff79e8f20 to remote] DEBUG org.apache.http.headers  - http-outgoing-82 >> Accept-Encoding: gzip,deflate
100351 [Forwarding findElement on session c5bf1d259c068ae76f99adfff79e8f20 to remote] DEBUG org.apache.http.headers  - http-outgoing-82 >> Accept-Encoding: gzip,deflate
100351 [Forwarding findElement on session c5bf1d259c068ae76f99adfff79e8f20 to remote] DEBUG org.apache.http.wire  - http-outgoing-82 >> "POST /session/c5bf1d259c068ae76f99adfff79e8f20/element HTTP/1.1[\r][\n]"
100351 [Forwarding findElement on session c5bf1d259c068ae76f99adfff79e8f20 to remote] DEBUG org.apache.http.wire  - http-outgoing-82 >> "POST /session/c5bf1d259c068ae76f99adfff79e8f20/element HTTP/1.1[\r][\n]"
100351 [Forwarding findElement on session c5bf1d259c068ae76f99adfff79e8f20 to remote] DEBUG org.apache.http.wire  - http-outgoing-82 >> "POST /session/c5bf1d259c068ae76f99adfff79e8f20/element HTTP/1.1[\r][\n]"
100351 [Forwarding findElement on session c5bf1d259c068ae76f99adfff79e8f20 to remote] DEBUG org.apache.http.wire  - http-outgoing-82 >> "Content-Type: application/json; charset=utf-8[\r][\n]"
100351 [Forwarding findElement on session c5bf1d259c068ae76f99adfff79e8f20 to remote] DEBUG org.apache.http.wire  - http-outgoing-82 >> "Content-Type: application/json; charset=utf-8[\r][\n]"
100351 [Forwarding findElement on session c5bf1d259c068ae76f99adfff79e8f20 to remote] DEBUG org.apache.http.wire  - http-outgoing-82 >> "Content-Type: application/json; charset=utf-8[\r][\n]"
100351 [Forwarding findElement on session c5bf1d259c068ae76f99adfff79e8f20 to remote] DEBUG org.apache.http.wire  - http-outgoing-82 >> "Content-Length: 89[\r][\n]"
100351 [Forwarding findElement on session c5bf1d259c068ae76f99adfff79e8f20 to remote] DEBUG org.apache.http.wire  - http-outgoing-82 >> "Content-Length: 89[\r][\n]"
100351 [Forwarding findElement on session c5bf1d259c068ae76f99adfff79e8f20 to remote] DEBUG org.apache.http.wire  - http-outgoing-82 >> "Content-Length: 89[\r][\n]"
100351 [Forwarding findElement on session c5bf1d259c068ae76f99adfff79e8f20 to remote] DEBUG org.apache.http.wire  - http-outgoing-82 >> "Host: localhost:7219[\r][\n]"
100351 [Forwarding findElement on session c5bf1d259c068ae76f99adfff79e8f20 to remote] DEBUG org.apache.http.wire  - http-outgoing-82 >> "Host: localhost:7219[\r][\n]"
100351 [Forwarding findElement on session c5bf1d259c068ae76f99adfff79e8f20 to remote] DEBUG org.apache.http.wire  - http-outgoing-82 >> "Host: localhost:7219[\r][\n]"
100351 [Forwarding findElement on session c5bf1d259c068ae76f99adfff79e8f20 to remote] DEBUG org.apache.http.wire  - http-outgoing-82 >> "Connection: Keep-Alive[\r][\n]"
100351 [Forwarding findElement on session c5bf1d259c068ae76f99adfff79e8f20 to remote] DEBUG org.apache.http.wire  - http-outgoing-82 >> "Connection: Keep-Alive[\r][\n]"
100351 [Forwarding findElement on session c5bf1d259c068ae76f99adfff79e8f20 to remote] DEBUG org.apache.http.wire  - http-outgoing-82 >> "Connection: Keep-Alive[\r][\n]"
100351 [Forwarding findElement on session c5bf1d259c068ae76f99adfff79e8f20 to remote] DEBUG org.apache.http.wire  - http-outgoing-82 >> "User-Agent: Apache-HttpClient/4.5.2 (Java/1.8.0_91)[\r][\n]"
100351 [Forwarding findElement on session c5bf1d259c068ae76f99adfff79e8f20 to remote] DEBUG org.apache.http.wire  - http-outgoing-82 >> "User-Agent: Apache-HttpClient/4.5.2 (Java/1.8.0_91)[\r][\n]"
100351 [Forwarding findElement on session c5bf1d259c068ae76f99adfff79e8f20 to remote] DEBUG org.apache.http.wire  - http-outgoing-82 >> "User-Agent: Apache-HttpClient/4.5.2 (Java/1.8.0_91)[\r][\n]"
100351 [Forwarding findElement on session c5bf1d259c068ae76f99adfff79e8f20 to remote] DEBUG org.apache.http.wire  - http-outgoing-82 >> "Accept-Encoding: gzip,deflate[\r][\n]"
100351 [Forwarding findElement on session c5bf1d259c068ae76f99adfff79e8f20 to remote] DEBUG org.apache.http.wire  - http-outgoing-82 >> "Accept-Encoding: gzip,deflate[\r][\n]"
100351 [Forwarding findElement on session c5bf1d259c068ae76f99adfff79e8f20 to remote] DEBUG org.apache.http.wire  - http-outgoing-82 >> "Accept-Encoding: gzip,deflate[\r][\n]"
100351 [Forwarding findElement on session c5bf1d259c068ae76f99adfff79e8f20 to remote] DEBUG org.apache.http.wire  - http-outgoing-82 >> "[\r][\n]"
100351 [Forwarding findElement on session c5bf1d259c068ae76f99adfff79e8f20 to remote] DEBUG org.apache.http.wire  - http-outgoing-82 >> "[\r][\n]"
100351 [Forwarding findElement on session c5bf1d259c068ae76f99adfff79e8f20 to remote] DEBUG org.apache.http.wire  - http-outgoing-82 >> "[\r][\n]"
100351 [Forwarding findElement on session c5bf1d259c068ae76f99adfff79e8f20 to remote] DEBUG org.apache.http.wire  - http-outgoing-82 >> "{"using":"link text","value":"Battery replacement procedure for current lenovo modelsaa"}"
100351 [Forwarding findElement on session c5bf1d259c068ae76f99adfff79e8f20 to remote] DEBUG org.apache.http.wire  - http-outgoing-82 >> "{"using":"link text","value":"Battery replacement procedure for current lenovo modelsaa"}"
100351 [Forwarding findElement on session c5bf1d259c068ae76f99adfff79e8f20 to remote] DEBUG org.apache.http.wire  - http-outgoing-82 >> "{"using":"link text","value":"Battery replacement procedure for current lenovo modelsaa"}"
100407 [Forwarding findElement on session c5bf1d259c068ae76f99adfff79e8f20 to remote] DEBUG org.apache.http.wire  - http-outgoing-82 << "HTTP/1.1 200 OK[\r][\n]"
100407 [Forwarding findElement on session c5bf1d259c068ae76f99adfff79e8f20 to remote] DEBUG org.apache.http.wire  - http-outgoing-82 << "HTTP/1.1 200 OK[\r][\n]"
100407 [Forwarding findElement on session c5bf1d259c068ae76f99adfff79e8f20 to remote] DEBUG org.apache.http.wire  - http-outgoing-82 << "HTTP/1.1 200 OK[\r][\n]"
100407 [Forwarding findElement on session c5bf1d259c068ae76f99adfff79e8f20 to remote] DEBUG org.apache.http.wire  - http-outgoing-82 << "Content-Length:102[\r][\n]"
100407 [Forwarding findElement on session c5bf1d259c068ae76f99adfff79e8f20 to remote] DEBUG org.apache.http.wire  - http-outgoing-82 << "Content-Length:102[\r][\n]"
100407 [Forwarding findElement on session c5bf1d259c068ae76f99adfff79e8f20 to remote] DEBUG org.apache.http.wire  - http-outgoing-82 << "Content-Length:102[\r][\n]"
100407 [Forwarding findElement on session c5bf1d259c068ae76f99adfff79e8f20 to remote] DEBUG org.apache.http.wire  - http-outgoing-82 << "Content-Type:application/json; charset=utf-8[\r][\n]"
100407 [Forwarding findElement on session c5bf1d259c068ae76f99adfff79e8f20 to remote] DEBUG org.apache.http.wire  - http-outgoing-82 << "Content-Type:application/json; charset=utf-8[\r][\n]"
100407 [Forwarding findElement on session c5bf1d259c068ae76f99adfff79e8f20 to remote] DEBUG org.apache.http.wire  - http-outgoing-82 << "Content-Type:application/json; charset=utf-8[\r][\n]"
100407 [Forwarding findElement on session c5bf1d259c068ae76f99adfff79e8f20 to remote] DEBUG org.apache.http.wire  - http-outgoing-82 << "Connection:close[\r][\n]"
100407 [Forwarding findElement on session c5bf1d259c068ae76f99adfff79e8f20 to remote] DEBUG org.apache.http.wire  - http-outgoing-82 << "Connection:close[\r][\n]"
100407 [Forwarding findElement on session c5bf1d259c068ae76f99adfff79e8f20 to remote] DEBUG org.apache.http.wire  - http-outgoing-82 << "Connection:close[\r][\n]"
100407 [Forwarding findElement on session c5bf1d259c068ae76f99adfff79e8f20 to remote] DEBUG org.apache.http.wire  - http-outgoing-82 << "[\r][\n]"
100407 [Forwarding findElement on session c5bf1d259c068ae76f99adfff79e8f20 to remote] DEBUG org.apache.http.wire  - http-outgoing-82 << "[\r][\n]"
100407 [Forwarding findElement on session c5bf1d259c068ae76f99adfff79e8f20 to remote] DEBUG org.apache.http.wire  - http-outgoing-82 << "[\r][\n]"
100407 [Forwarding findElement on session c5bf1d259c068ae76f99adfff79e8f20 to remote] DEBUG org.apache.http.wire  - http-outgoing-82 << "{"sessionId":"c5bf1d259c068ae76f99adfff79e8f20","status":0,"value":{"ELEMENT":"0.9862506013159285-1"}}"
100407 [Forwarding findElement on session c5bf1d259c068ae76f99adfff79e8f20 to remote] DEBUG org.apache.http.wire  - http-outgoing-82 << "{"sessionId":"c5bf1d259c068ae76f99adfff79e8f20","status":0,"value":{"ELEMENT":"0.9862506013159285-1"}}"
100407 [Forwarding findElement on session c5bf1d259c068ae76f99adfff79e8f20 to remote] DEBUG org.apache.http.wire  - http-outgoing-82 << "{"sessionId":"c5bf1d259c068ae76f99adfff79e8f20","status":0,"value":{"ELEMENT":"0.9862506013159285-1"}}"
100407 [Forwarding findElement on session c5bf1d259c068ae76f99adfff79e8f20 to remote] DEBUG org.apache.http.headers  - http-outgoing-82 << HTTP/1.1 200 OK
100407 [Forwarding findElement on session c5bf1d259c068ae76f99adfff79e8f20 to remote] DEBUG org.apache.http.headers  - http-outgoing-82 << HTTP/1.1 200 OK
100407 [Forwarding findElement on session c5bf1d259c068ae76f99adfff79e8f20 to remote] DEBUG org.apache.http.headers  - http-outgoing-82 << HTTP/1.1 200 OK
100407 [Forwarding findElement on session c5bf1d259c068ae76f99adfff79e8f20 to remote] DEBUG org.apache.http.headers  - http-outgoing-82 << Content-Length:102
100407 [Forwarding findElement on session c5bf1d259c068ae76f99adfff79e8f20 to remote] DEBUG org.apache.http.headers  - http-outgoing-82 << Content-Length:102
100407 [Forwarding findElement on session c5bf1d259c068ae76f99adfff79e8f20 to remote] DEBUG org.apache.http.headers  - http-outgoing-82 << Content-Length:102
100407 [Forwarding findElement on session c5bf1d259c068ae76f99adfff79e8f20 to remote] DEBUG org.apache.http.headers  - http-outgoing-82 << Content-Type:application/json; charset=utf-8
100407 [Forwarding findElement on session c5bf1d259c068ae76f99adfff79e8f20 to remote] DEBUG org.apache.http.headers  - http-outgoing-82 << Content-Type:application/json; charset=utf-8
100407 [Forwarding findElement on session c5bf1d259c068ae76f99adfff79e8f20 to remote] DEBUG org.apache.http.headers  - http-outgoing-82 << Content-Type:application/json; charset=utf-8
100407 [Forwarding findElement on session c5bf1d259c068ae76f99adfff79e8f20 to remote] DEBUG org.apache.http.headers  - http-outgoing-82 << Connection:close
100407 [Forwarding findElement on session c5bf1d259c068ae76f99adfff79e8f20 to remote] DEBUG org.apache.http.headers  - http-outgoing-82 << Connection:close
100407 [Forwarding findElement on session c5bf1d259c068ae76f99adfff79e8f20 to remote] DEBUG org.apache.http.headers  - http-outgoing-82 << Connection:close
100408 [Forwarding findElement on session c5bf1d259c068ae76f99adfff79e8f20 to remote] DEBUG org.apache.http.impl.conn.DefaultManagedHttpClientConnection  - http-outgoing-82: Close connection
100408 [Forwarding findElement on session c5bf1d259c068ae76f99adfff79e8f20 to remote] DEBUG org.apache.http.impl.conn.DefaultManagedHttpClientConnection  - http-outgoing-82: Close connection
100408 [Forwarding findElement on session c5bf1d259c068ae76f99adfff79e8f20 to remote] DEBUG org.apache.http.impl.conn.DefaultManagedHttpClientConnection  - http-outgoing-82: Close connection
100408 [Forwarding findElement on session c5bf1d259c068ae76f99adfff79e8f20 to remote] DEBUG org.apache.http.impl.execchain.MainClientExec  - Connection discarded
100408 [Forwarding findElement on session c5bf1d259c068ae76f99adfff79e8f20 to remote] DEBUG org.apache.http.impl.execchain.MainClientExec  - Connection discarded
100408 [Forwarding findElement on session c5bf1d259c068ae76f99adfff79e8f20 to remote] DEBUG org.apache.http.impl.execchain.MainClientExec  - Connection discarded
100408 [Forwarding findElement on session c5bf1d259c068ae76f99adfff79e8f20 to remote] DEBUG org.apache.http.impl.conn.PoolingHttpClientConnectionManager  - Connection released: [id: 82][route: {}->http://localhost:7219][total kept alive: 0; route allocated: 0 of 2000; total allocated: 0 of 2000]
100408 [Forwarding findElement on session c5bf1d259c068ae76f99adfff79e8f20 to remote] DEBUG org.apache.http.impl.conn.PoolingHttpClientConnectionManager  - Connection released: [id: 82][route: {}->http://localhost:7219][total kept alive: 0; route allocated: 0 of 2000; total allocated: 0 of 2000]
100408 [Forwarding findElement on session c5bf1d259c068ae76f99adfff79e8f20 to remote] DEBUG org.apache.http.impl.conn.PoolingHttpClientConnectionManager  - Connection released: [id: 82][route: {}->http://localhost:7219][total kept alive: 0; route allocated: 0 of 2000; total allocated: 0 of 2000]
100409 [Forwarding clickElement on session c5bf1d259c068ae76f99adfff79e8f20 to remote] DEBUG org.apache.http.client.protocol.RequestAddCookies  - CookieSpec selected: default
100409 [Forwarding clickElement on session c5bf1d259c068ae76f99adfff79e8f20 to remote] DEBUG org.apache.http.client.protocol.RequestAddCookies  - CookieSpec selected: default
100409 [Forwarding clickElement on session c5bf1d259c068ae76f99adfff79e8f20 to remote] DEBUG org.apache.http.client.protocol.RequestAddCookies  - CookieSpec selected: default
100409 [Forwarding clickElement on session c5bf1d259c068ae76f99adfff79e8f20 to remote] DEBUG org.apache.http.client.protocol.RequestAuthCache  - Auth cache not set in the context
100409 [Forwarding clickElement on session c5bf1d259c068ae76f99adfff79e8f20 to remote] DEBUG org.apache.http.client.protocol.RequestAuthCache  - Auth cache not set in the context
100409 [Forwarding clickElement on session c5bf1d259c068ae76f99adfff79e8f20 to remote] DEBUG org.apache.http.client.protocol.RequestAuthCache  - Auth cache not set in the context
100409 [Forwarding clickElement on session c5bf1d259c068ae76f99adfff79e8f20 to remote] DEBUG org.apache.http.impl.conn.PoolingHttpClientConnectionManager  - Connection request: [route: {}->http://localhost:7219][total kept alive: 0; route allocated: 0 of 2000; total allocated: 0 of 2000]
100409 [Forwarding clickElement on session c5bf1d259c068ae76f99adfff79e8f20 to remote] DEBUG org.apache.http.impl.conn.PoolingHttpClientConnectionManager  - Connection request: [route: {}->http://localhost:7219][total kept alive: 0; route allocated: 0 of 2000; total allocated: 0 of 2000]
100409 [Forwarding clickElement on session c5bf1d259c068ae76f99adfff79e8f20 to remote] DEBUG org.apache.http.impl.conn.PoolingHttpClientConnectionManager  - Connection request: [route: {}->http://localhost:7219][total kept alive: 0; route allocated: 0 of 2000; total allocated: 0 of 2000]
100409 [Forwarding clickElement on session c5bf1d259c068ae76f99adfff79e8f20 to remote] DEBUG org.apache.http.impl.conn.PoolingHttpClientConnectionManager  - Connection leased: [id: 83][route: {}->http://localhost:7219][total kept alive: 0; route allocated: 1 of 2000; total allocated: 1 of 2000]
100409 [Forwarding clickElement on session c5bf1d259c068ae76f99adfff79e8f20 to remote] DEBUG org.apache.http.impl.conn.PoolingHttpClientConnectionManager  - Connection leased: [id: 83][route: {}->http://localhost:7219][total kept alive: 0; route allocated: 1 of 2000; total allocated: 1 of 2000]
100409 [Forwarding clickElement on session c5bf1d259c068ae76f99adfff79e8f20 to remote] DEBUG org.apache.http.impl.conn.PoolingHttpClientConnectionManager  - Connection leased: [id: 83][route: {}->http://localhost:7219][total kept alive: 0; route allocated: 1 of 2000; total allocated: 1 of 2000]
100409 [Forwarding clickElement on session c5bf1d259c068ae76f99adfff79e8f20 to remote] DEBUG org.apache.http.impl.execchain.MainClientExec  - Opening connection {}->http://localhost:7219
100409 [Forwarding clickElement on session c5bf1d259c068ae76f99adfff79e8f20 to remote] DEBUG org.apache.http.impl.execchain.MainClientExec  - Opening connection {}->http://localhost:7219
100409 [Forwarding clickElement on session c5bf1d259c068ae76f99adfff79e8f20 to remote] DEBUG org.apache.http.impl.execchain.MainClientExec  - Opening connection {}->http://localhost:7219
100409 [Forwarding clickElement on session c5bf1d259c068ae76f99adfff79e8f20 to remote] DEBUG org.apache.http.impl.conn.DefaultHttpClientConnectionOperator  - Connecting to localhost/127.0.0.1:7219
100409 [Forwarding clickElement on session c5bf1d259c068ae76f99adfff79e8f20 to remote] DEBUG org.apache.http.impl.conn.DefaultHttpClientConnectionOperator  - Connecting to localhost/127.0.0.1:7219
100409 [Forwarding clickElement on session c5bf1d259c068ae76f99adfff79e8f20 to remote] DEBUG org.apache.http.impl.conn.DefaultHttpClientConnectionOperator  - Connecting to localhost/127.0.0.1:7219
100417 [Forwarding clickElement on session c5bf1d259c068ae76f99adfff79e8f20 to remote] DEBUG org.apache.http.impl.conn.DefaultHttpClientConnectionOperator  - Connection established 127.0.0.1:52982<->127.0.0.1:7219
100417 [Forwarding clickElement on session c5bf1d259c068ae76f99adfff79e8f20 to remote] DEBUG org.apache.http.impl.conn.DefaultHttpClientConnectionOperator  - Connection established 127.0.0.1:52982<->127.0.0.1:7219
100417 [Forwarding clickElement on session c5bf1d259c068ae76f99adfff79e8f20 to remote] DEBUG org.apache.http.impl.conn.DefaultHttpClientConnectionOperator  - Connection established 127.0.0.1:52982<->127.0.0.1:7219
100418 [Forwarding clickElement on session c5bf1d259c068ae76f99adfff79e8f20 to remote] DEBUG org.apache.http.impl.conn.DefaultManagedHttpClientConnection  - http-outgoing-83: set socket timeout to 10800000
100418 [Forwarding clickElement on session c5bf1d259c068ae76f99adfff79e8f20 to remote] DEBUG org.apache.http.impl.conn.DefaultManagedHttpClientConnection  - http-outgoing-83: set socket timeout to 10800000
100418 [Forwarding clickElement on session c5bf1d259c068ae76f99adfff79e8f20 to remote] DEBUG org.apache.http.impl.conn.DefaultManagedHttpClientConnection  - http-outgoing-83: set socket timeout to 10800000
100418 [Forwarding clickElement on session c5bf1d259c068ae76f99adfff79e8f20 to remote] DEBUG org.apache.http.impl.execchain.MainClientExec  - Executing request POST /session/c5bf1d259c068ae76f99adfff79e8f20/element/0.9862506013159285-1/click HTTP/1.1
100418 [Forwarding clickElement on session c5bf1d259c068ae76f99adfff79e8f20 to remote] DEBUG org.apache.http.impl.execchain.MainClientExec  - Executing request POST /session/c5bf1d259c068ae76f99adfff79e8f20/element/0.9862506013159285-1/click HTTP/1.1
100418 [Forwarding clickElement on session c5bf1d259c068ae76f99adfff79e8f20 to remote] DEBUG org.apache.http.impl.execchain.MainClientExec  - Executing request POST /session/c5bf1d259c068ae76f99adfff79e8f20/element/0.9862506013159285-1/click HTTP/1.1
100418 [Forwarding clickElement on session c5bf1d259c068ae76f99adfff79e8f20 to remote] DEBUG org.apache.http.impl.execchain.MainClientExec  - Target auth state: UNCHALLENGED
100418 [Forwarding clickElement on session c5bf1d259c068ae76f99adfff79e8f20 to remote] DEBUG org.apache.http.impl.execchain.MainClientExec  - Target auth state: UNCHALLENGED
100418 [Forwarding clickElement on session c5bf1d259c068ae76f99adfff79e8f20 to remote] DEBUG org.apache.http.impl.execchain.MainClientExec  - Target auth state: UNCHALLENGED
100418 [Forwarding clickElement on session c5bf1d259c068ae76f99adfff79e8f20 to remote] DEBUG org.apache.http.impl.execchain.MainClientExec  - Proxy auth state: UNCHALLENGED
100418 [Forwarding clickElement on session c5bf1d259c068ae76f99adfff79e8f20 to remote] DEBUG org.apache.http.impl.execchain.MainClientExec  - Proxy auth state: UNCHALLENGED
100418 [Forwarding clickElement on session c5bf1d259c068ae76f99adfff79e8f20 to remote] DEBUG org.apache.http.impl.execchain.MainClientExec  - Proxy auth state: UNCHALLENGED
100418 [Forwarding clickElement on session c5bf1d259c068ae76f99adfff79e8f20 to remote] DEBUG org.apache.http.headers  - http-outgoing-83 >> POST /session/c5bf1d259c068ae76f99adfff79e8f20/element/0.9862506013159285-1/click HTTP/1.1
100418 [Forwarding clickElement on session c5bf1d259c068ae76f99adfff79e8f20 to remote] DEBUG org.apache.http.headers  - http-outgoing-83 >> POST /session/c5bf1d259c068ae76f99adfff79e8f20/element/0.9862506013159285-1/click HTTP/1.1
100418 [Forwarding clickElement on session c5bf1d259c068ae76f99adfff79e8f20 to remote] DEBUG org.apache.http.headers  - http-outgoing-83 >> POST /session/c5bf1d259c068ae76f99adfff79e8f20/element/0.9862506013159285-1/click HTTP/1.1
100418 [Forwarding clickElement on session c5bf1d259c068ae76f99adfff79e8f20 to remote] DEBUG org.apache.http.headers  - http-outgoing-83 >> Content-Type: application/json; charset=utf-8
100418 [Forwarding clickElement on session c5bf1d259c068ae76f99adfff79e8f20 to remote] DEBUG org.apache.http.headers  - http-outgoing-83 >> Content-Type: application/json; charset=utf-8
100418 [Forwarding clickElement on session c5bf1d259c068ae76f99adfff79e8f20 to remote] DEBUG org.apache.http.headers  - http-outgoing-83 >> Content-Type: application/json; charset=utf-8
100418 [Forwarding clickElement on session c5bf1d259c068ae76f99adfff79e8f20 to remote] DEBUG org.apache.http.headers  - http-outgoing-83 >> Content-Length: 29
100418 [Forwarding clickElement on session c5bf1d259c068ae76f99adfff79e8f20 to remote] DEBUG org.apache.http.headers  - http-outgoing-83 >> Content-Length: 29
100418 [Forwarding clickElement on session c5bf1d259c068ae76f99adfff79e8f20 to remote] DEBUG org.apache.http.headers  - http-outgoing-83 >> Content-Length: 29
100418 [Forwarding clickElement on session c5bf1d259c068ae76f99adfff79e8f20 to remote] DEBUG org.apache.http.headers  - http-outgoing-83 >> Host: localhost:7219
100418 [Forwarding clickElement on session c5bf1d259c068ae76f99adfff79e8f20 to remote] DEBUG org.apache.http.headers  - http-outgoing-83 >> Host: localhost:7219
100418 [Forwarding clickElement on session c5bf1d259c068ae76f99adfff79e8f20 to remote] DEBUG org.apache.http.headers  - http-outgoing-83 >> Host: localhost:7219
100418 [Forwarding clickElement on session c5bf1d259c068ae76f99adfff79e8f20 to remote] DEBUG org.apache.http.headers  - http-outgoing-83 >> Connection: Keep-Alive
100418 [Forwarding clickElement on session c5bf1d259c068ae76f99adfff79e8f20 to remote] DEBUG org.apache.http.headers  - http-outgoing-83 >> Connection: Keep-Alive
100418 [Forwarding clickElement on session c5bf1d259c068ae76f99adfff79e8f20 to remote] DEBUG org.apache.http.headers  - http-outgoing-83 >> Connection: Keep-Alive
100418 [Forwarding clickElement on session c5bf1d259c068ae76f99adfff79e8f20 to remote] DEBUG org.apache.http.headers  - http-outgoing-83 >> User-Agent: Apache-HttpClient/4.5.2 (Java/1.8.0_91)
100418 [Forwarding clickElement on session c5bf1d259c068ae76f99adfff79e8f20 to remote] DEBUG org.apache.http.headers  - http-outgoing-83 >> User-Agent: Apache-HttpClient/4.5.2 (Java/1.8.0_91)
100418 [Forwarding clickElement on session c5bf1d259c068ae76f99adfff79e8f20 to remote] DEBUG org.apache.http.headers  - http-outgoing-83 >> User-Agent: Apache-HttpClient/4.5.2 (Java/1.8.0_91)
100418 [Forwarding clickElement on session c5bf1d259c068ae76f99adfff79e8f20 to remote] DEBUG org.apache.http.headers  - http-outgoing-83 >> Accept-Encoding: gzip,deflate
100418 [Forwarding clickElement on session c5bf1d259c068ae76f99adfff79e8f20 to remote] DEBUG org.apache.http.headers  - http-outgoing-83 >> Accept-Encoding: gzip,deflate
100418 [Forwarding clickElement on session c5bf1d259c068ae76f99adfff79e8f20 to remote] DEBUG org.apache.http.headers  - http-outgoing-83 >> Accept-Encoding: gzip,deflate
100418 [Forwarding clickElement on session c5bf1d259c068ae76f99adfff79e8f20 to remote] DEBUG org.apache.http.wire  - http-outgoing-83 >> "POST /session/c5bf1d259c068ae76f99adfff79e8f20/element/0.9862506013159285-1/click HTTP/1.1[\r][\n]"
100418 [Forwarding clickElement on session c5bf1d259c068ae76f99adfff79e8f20 to remote] DEBUG org.apache.http.wire  - http-outgoing-83 >> "POST /session/c5bf1d259c068ae76f99adfff79e8f20/element/0.9862506013159285-1/click HTTP/1.1[\r][\n]"
100418 [Forwarding clickElement on session c5bf1d259c068ae76f99adfff79e8f20 to remote] DEBUG org.apache.http.wire  - http-outgoing-83 >> "POST /session/c5bf1d259c068ae76f99adfff79e8f20/element/0.9862506013159285-1/click HTTP/1.1[\r][\n]"
100418 [Forwarding clickElement on session c5bf1d259c068ae76f99adfff79e8f20 to remote] DEBUG org.apache.http.wire  - http-outgoing-83 >> "Content-Type: application/json; charset=utf-8[\r][\n]"
100418 [Forwarding clickElement on session c5bf1d259c068ae76f99adfff79e8f20 to remote] DEBUG org.apache.http.wire  - http-outgoing-83 >> "Content-Type: application/json; charset=utf-8[\r][\n]"
100418 [Forwarding clickElement on session c5bf1d259c068ae76f99adfff79e8f20 to remote] DEBUG org.apache.http.wire  - http-outgoing-83 >> "Content-Type: application/json; charset=utf-8[\r][\n]"
100418 [Forwarding clickElement on session c5bf1d259c068ae76f99adfff79e8f20 to remote] DEBUG org.apache.http.wire  - http-outgoing-83 >> "Content-Length: 29[\r][\n]"
100418 [Forwarding clickElement on session c5bf1d259c068ae76f99adfff79e8f20 to remote] DEBUG org.apache.http.wire  - http-outgoing-83 >> "Content-Length: 29[\r][\n]"
100418 [Forwarding clickElement on session c5bf1d259c068ae76f99adfff79e8f20 to remote] DEBUG org.apache.http.wire  - http-outgoing-83 >> "Content-Length: 29[\r][\n]"
100418 [Forwarding clickElement on session c5bf1d259c068ae76f99adfff79e8f20 to remote] DEBUG org.apache.http.wire  - http-outgoing-83 >> "Host: localhost:7219[\r][\n]"
100418 [Forwarding clickElement on session c5bf1d259c068ae76f99adfff79e8f20 to remote] DEBUG org.apache.http.wire  - http-outgoing-83 >> "Host: localhost:7219[\r][\n]"
100418 [Forwarding clickElement on session c5bf1d259c068ae76f99adfff79e8f20 to remote] DEBUG org.apache.http.wire  - http-outgoing-83 >> "Host: localhost:7219[\r][\n]"
100418 [Forwarding clickElement on session c5bf1d259c068ae76f99adfff79e8f20 to remote] DEBUG org.apache.http.wire  - http-outgoing-83 >> "Connection: Keep-Alive[\r][\n]"
100418 [Forwarding clickElement on session c5bf1d259c068ae76f99adfff79e8f20 to remote] DEBUG org.apache.http.wire  - http-outgoing-83 >> "Connection: Keep-Alive[\r][\n]"
100418 [Forwarding clickElement on session c5bf1d259c068ae76f99adfff79e8f20 to remote] DEBUG org.apache.http.wire  - http-outgoing-83 >> "Connection: Keep-Alive[\r][\n]"
100418 [Forwarding clickElement on session c5bf1d259c068ae76f99adfff79e8f20 to remote] DEBUG org.apache.http.wire  - http-outgoing-83 >> "User-Agent: Apache-HttpClient/4.5.2 (Java/1.8.0_91)[\r][\n]"
100418 [Forwarding clickElement on session c5bf1d259c068ae76f99adfff79e8f20 to remote] DEBUG org.apache.http.wire  - http-outgoing-83 >> "User-Agent: Apache-HttpClient/4.5.2 (Java/1.8.0_91)[\r][\n]"
100418 [Forwarding clickElement on session c5bf1d259c068ae76f99adfff79e8f20 to remote] DEBUG org.apache.http.wire  - http-outgoing-83 >> "User-Agent: Apache-HttpClient/4.5.2 (Java/1.8.0_91)[\r][\n]"
100418 [Forwarding clickElement on session c5bf1d259c068ae76f99adfff79e8f20 to remote] DEBUG org.apache.http.wire  - http-outgoing-83 >> "Accept-Encoding: gzip,deflate[\r][\n]"
100418 [Forwarding clickElement on session c5bf1d259c068ae76f99adfff79e8f20 to remote] DEBUG org.apache.http.wire  - http-outgoing-83 >> "Accept-Encoding: gzip,deflate[\r][\n]"
100418 [Forwarding clickElement on session c5bf1d259c068ae76f99adfff79e8f20 to remote] DEBUG org.apache.http.wire  - http-outgoing-83 >> "Accept-Encoding: gzip,deflate[\r][\n]"
100418 [Forwarding clickElement on session c5bf1d259c068ae76f99adfff79e8f20 to remote] DEBUG org.apache.http.wire  - http-outgoing-83 >> "[\r][\n]"
100418 [Forwarding clickElement on session c5bf1d259c068ae76f99adfff79e8f20 to remote] DEBUG org.apache.http.wire  - http-outgoing-83 >> "[\r][\n]"
100418 [Forwarding clickElement on session c5bf1d259c068ae76f99adfff79e8f20 to remote] DEBUG org.apache.http.wire  - http-outgoing-83 >> "[\r][\n]"
100418 [Forwarding clickElement on session c5bf1d259c068ae76f99adfff79e8f20 to remote] DEBUG org.apache.http.wire  - http-outgoing-83 >> "{"id":"0.9862506013159285-1"}"
100418 [Forwarding clickElement on session c5bf1d259c068ae76f99adfff79e8f20 to remote] DEBUG org.apache.http.wire  - http-outgoing-83 >> "{"id":"0.9862506013159285-1"}"
100418 [Forwarding clickElement on session c5bf1d259c068ae76f99adfff79e8f20 to remote] DEBUG org.apache.http.wire  - http-outgoing-83 >> "{"id":"0.9862506013159285-1"}"
101167 [Forwarding clickElement on session c5bf1d259c068ae76f99adfff79e8f20 to remote] DEBUG org.apache.http.wire  - http-outgoing-83 << "HTTP/1.1 200 OK[\r][\n]"
101167 [Forwarding clickElement on session c5bf1d259c068ae76f99adfff79e8f20 to remote] DEBUG org.apache.http.wire  - http-outgoing-83 << "HTTP/1.1 200 OK[\r][\n]"
101167 [Forwarding clickElement on session c5bf1d259c068ae76f99adfff79e8f20 to remote] DEBUG org.apache.http.wire  - http-outgoing-83 << "HTTP/1.1 200 OK[\r][\n]"
101167 [Forwarding clickElement on session c5bf1d259c068ae76f99adfff79e8f20 to remote] DEBUG org.apache.http.wire  - http-outgoing-83 << "Content-Length:72[\r][\n]"
101167 [Forwarding clickElement on session c5bf1d259c068ae76f99adfff79e8f20 to remote] DEBUG org.apache.http.wire  - http-outgoing-83 << "Content-Length:72[\r][\n]"
101167 [Forwarding clickElement on session c5bf1d259c068ae76f99adfff79e8f20 to remote] DEBUG org.apache.http.wire  - http-outgoing-83 << "Content-Length:72[\r][\n]"
101167 [Forwarding clickElement on session c5bf1d259c068ae76f99adfff79e8f20 to remote] DEBUG org.apache.http.wire  - http-outgoing-83 << "Content-Type:application/json; charset=utf-8[\r][\n]"
101167 [Forwarding clickElement on session c5bf1d259c068ae76f99adfff79e8f20 to remote] DEBUG org.apache.http.wire  - http-outgoing-83 << "Content-Type:application/json; charset=utf-8[\r][\n]"
101167 [Forwarding clickElement on session c5bf1d259c068ae76f99adfff79e8f20 to remote] DEBUG org.apache.http.wire  - http-outgoing-83 << "Content-Type:application/json; charset=utf-8[\r][\n]"
101167 [Forwarding clickElement on session c5bf1d259c068ae76f99adfff79e8f20 to remote] DEBUG org.apache.http.wire  - http-outgoing-83 << "Connection:close[\r][\n]"
101167 [Forwarding clickElement on session c5bf1d259c068ae76f99adfff79e8f20 to remote] DEBUG org.apache.http.wire  - http-outgoing-83 << "Connection:close[\r][\n]"
101167 [Forwarding clickElement on session c5bf1d259c068ae76f99adfff79e8f20 to remote] DEBUG org.apache.http.wire  - http-outgoing-83 << "Connection:close[\r][\n]"
101167 [Forwarding clickElement on session c5bf1d259c068ae76f99adfff79e8f20 to remote] DEBUG org.apache.http.wire  - http-outgoing-83 << "[\r][\n]"
101167 [Forwarding clickElement on session c5bf1d259c068ae76f99adfff79e8f20 to remote] DEBUG org.apache.http.wire  - http-outgoing-83 << "[\r][\n]"
101167 [Forwarding clickElement on session c5bf1d259c068ae76f99adfff79e8f20 to remote] DEBUG org.apache.http.wire  - http-outgoing-83 << "[\r][\n]"
101167 [Forwarding clickElement on session c5bf1d259c068ae76f99adfff79e8f20 to remote] DEBUG org.apache.http.wire  - http-outgoing-83 << "{"sessionId":"c5bf1d259c068ae76f99adfff79e8f20","status":0,"value":null}"
101167 [Forwarding clickElement on session c5bf1d259c068ae76f99adfff79e8f20 to remote] DEBUG org.apache.http.wire  - http-outgoing-83 << "{"sessionId":"c5bf1d259c068ae76f99adfff79e8f20","status":0,"value":null}"
101167 [Forwarding clickElement on session c5bf1d259c068ae76f99adfff79e8f20 to remote] DEBUG org.apache.http.wire  - http-outgoing-83 << "{"sessionId":"c5bf1d259c068ae76f99adfff79e8f20","status":0,"value":null}"
101167 [Forwarding clickElement on session c5bf1d259c068ae76f99adfff79e8f20 to remote] DEBUG org.apache.http.headers  - http-outgoing-83 << HTTP/1.1 200 OK
101167 [Forwarding clickElement on session c5bf1d259c068ae76f99adfff79e8f20 to remote] DEBUG org.apache.http.headers  - http-outgoing-83 << HTTP/1.1 200 OK
101167 [Forwarding clickElement on session c5bf1d259c068ae76f99adfff79e8f20 to remote] DEBUG org.apache.http.headers  - http-outgoing-83 << HTTP/1.1 200 OK
101167 [Forwarding clickElement on session c5bf1d259c068ae76f99adfff79e8f20 to remote] DEBUG org.apache.http.headers  - http-outgoing-83 << Content-Length:72
101167 [Forwarding clickElement on session c5bf1d259c068ae76f99adfff79e8f20 to remote] DEBUG org.apache.http.headers  - http-outgoing-83 << Content-Length:72
101167 [Forwarding clickElement on session c5bf1d259c068ae76f99adfff79e8f20 to remote] DEBUG org.apache.http.headers  - http-outgoing-83 << Content-Length:72
101167 [Forwarding clickElement on session c5bf1d259c068ae76f99adfff79e8f20 to remote] DEBUG org.apache.http.headers  - http-outgoing-83 << Content-Type:application/json; charset=utf-8
101167 [Forwarding clickElement on session c5bf1d259c068ae76f99adfff79e8f20 to remote] DEBUG org.apache.http.headers  - http-outgoing-83 << Content-Type:application/json; charset=utf-8
101167 [Forwarding clickElement on session c5bf1d259c068ae76f99adfff79e8f20 to remote] DEBUG org.apache.http.headers  - http-outgoing-83 << Content-Type:application/json; charset=utf-8
101167 [Forwarding clickElement on session c5bf1d259c068ae76f99adfff79e8f20 to remote] DEBUG org.apache.http.headers  - http-outgoing-83 << Connection:close
101167 [Forwarding clickElement on session c5bf1d259c068ae76f99adfff79e8f20 to remote] DEBUG org.apache.http.headers  - http-outgoing-83 << Connection:close
101167 [Forwarding clickElement on session c5bf1d259c068ae76f99adfff79e8f20 to remote] DEBUG org.apache.http.headers  - http-outgoing-83 << Connection:close
101168 [Forwarding clickElement on session c5bf1d259c068ae76f99adfff79e8f20 to remote] DEBUG org.apache.http.impl.conn.DefaultManagedHttpClientConnection  - http-outgoing-83: Close connection
101168 [Forwarding clickElement on session c5bf1d259c068ae76f99adfff79e8f20 to remote] DEBUG org.apache.http.impl.conn.DefaultManagedHttpClientConnection  - http-outgoing-83: Close connection
101168 [Forwarding clickElement on session c5bf1d259c068ae76f99adfff79e8f20 to remote] DEBUG org.apache.http.impl.conn.DefaultManagedHttpClientConnection  - http-outgoing-83: Close connection
101168 [Forwarding clickElement on session c5bf1d259c068ae76f99adfff79e8f20 to remote] DEBUG org.apache.http.impl.execchain.MainClientExec  - Connection discarded
101168 [Forwarding clickElement on session c5bf1d259c068ae76f99adfff79e8f20 to remote] DEBUG org.apache.http.impl.execchain.MainClientExec  - Connection discarded
101168 [Forwarding clickElement on session c5bf1d259c068ae76f99adfff79e8f20 to remote] DEBUG org.apache.http.impl.execchain.MainClientExec  - Connection discarded
101168 [Forwarding clickElement on session c5bf1d259c068ae76f99adfff79e8f20 to remote] DEBUG org.apache.http.impl.conn.PoolingHttpClientConnectionManager  - Connection released: [id: 83][route: {}->http://localhost:7219][total kept alive: 0; route allocated: 0 of 2000; total allocated: 0 of 2000]
101168 [Forwarding clickElement on session c5bf1d259c068ae76f99adfff79e8f20 to remote] DEBUG org.apache.http.impl.conn.PoolingHttpClientConnectionManager  - Connection released: [id: 83][route: {}->http://localhost:7219][total kept alive: 0; route allocated: 0 of 2000; total allocated: 0 of 2000]
101168 [Forwarding clickElement on session c5bf1d259c068ae76f99adfff79e8f20 to remote] DEBUG org.apache.http.impl.conn.PoolingHttpClientConnectionManager  - Connection released: [id: 83][route: {}->http://localhost:7219][total kept alive: 0; route allocated: 0 of 2000; total allocated: 0 of 2000]
101170 [Forwarding findElement on session c5bf1d259c068ae76f99adfff79e8f20 to remote] DEBUG org.apache.http.client.protocol.RequestAddCookies  - CookieSpec selected: default
101170 [Forwarding findElement on session c5bf1d259c068ae76f99adfff79e8f20 to remote] DEBUG org.apache.http.client.protocol.RequestAddCookies  - CookieSpec selected: default
101170 [Forwarding findElement on session c5bf1d259c068ae76f99adfff79e8f20 to remote] DEBUG org.apache.http.client.protocol.RequestAddCookies  - CookieSpec selected: default
101170 [Forwarding findElement on session c5bf1d259c068ae76f99adfff79e8f20 to remote] DEBUG org.apache.http.client.protocol.RequestAuthCache  - Auth cache not set in the context
101170 [Forwarding findElement on session c5bf1d259c068ae76f99adfff79e8f20 to remote] DEBUG org.apache.http.client.protocol.RequestAuthCache  - Auth cache not set in the context
101170 [Forwarding findElement on session c5bf1d259c068ae76f99adfff79e8f20 to remote] DEBUG org.apache.http.client.protocol.RequestAuthCache  - Auth cache not set in the context
101170 [Forwarding findElement on session c5bf1d259c068ae76f99adfff79e8f20 to remote] DEBUG org.apache.http.impl.conn.PoolingHttpClientConnectionManager  - Connection request: [route: {}->http://localhost:7219][total kept alive: 0; route allocated: 0 of 2000; total allocated: 0 of 2000]
101170 [Forwarding findElement on session c5bf1d259c068ae76f99adfff79e8f20 to remote] DEBUG org.apache.http.impl.conn.PoolingHttpClientConnectionManager  - Connection request: [route: {}->http://localhost:7219][total kept alive: 0; route allocated: 0 of 2000; total allocated: 0 of 2000]
101170 [Forwarding findElement on session c5bf1d259c068ae76f99adfff79e8f20 to remote] DEBUG org.apache.http.impl.conn.PoolingHttpClientConnectionManager  - Connection request: [route: {}->http://localhost:7219][total kept alive: 0; route allocated: 0 of 2000; total allocated: 0 of 2000]
101170 [Forwarding findElement on session c5bf1d259c068ae76f99adfff79e8f20 to remote] DEBUG org.apache.http.impl.conn.PoolingHttpClientConnectionManager  - Connection leased: [id: 84][route: {}->http://localhost:7219][total kept alive: 0; route allocated: 1 of 2000; total allocated: 1 of 2000]
101170 [Forwarding findElement on session c5bf1d259c068ae76f99adfff79e8f20 to remote] DEBUG org.apache.http.impl.conn.PoolingHttpClientConnectionManager  - Connection leased: [id: 84][route: {}->http://localhost:7219][total kept alive: 0; route allocated: 1 of 2000; total allocated: 1 of 2000]
101170 [Forwarding findElement on session c5bf1d259c068ae76f99adfff79e8f20 to remote] DEBUG org.apache.http.impl.conn.PoolingHttpClientConnectionManager  - Connection leased: [id: 84][route: {}->http://localhost:7219][total kept alive: 0; route allocated: 1 of 2000; total allocated: 1 of 2000]
101170 [Forwarding findElement on session c5bf1d259c068ae76f99adfff79e8f20 to remote] DEBUG org.apache.http.impl.execchain.MainClientExec  - Opening connection {}->http://localhost:7219
101170 [Forwarding findElement on session c5bf1d259c068ae76f99adfff79e8f20 to remote] DEBUG org.apache.http.impl.execchain.MainClientExec  - Opening connection {}->http://localhost:7219
101170 [Forwarding findElement on session c5bf1d259c068ae76f99adfff79e8f20 to remote] DEBUG org.apache.http.impl.execchain.MainClientExec  - Opening connection {}->http://localhost:7219
101170 [Forwarding findElement on session c5bf1d259c068ae76f99adfff79e8f20 to remote] DEBUG org.apache.http.impl.conn.DefaultHttpClientConnectionOperator  - Connecting to localhost/127.0.0.1:7219
101170 [Forwarding findElement on session c5bf1d259c068ae76f99adfff79e8f20 to remote] DEBUG org.apache.http.impl.conn.DefaultHttpClientConnectionOperator  - Connecting to localhost/127.0.0.1:7219
101170 [Forwarding findElement on session c5bf1d259c068ae76f99adfff79e8f20 to remote] DEBUG org.apache.http.impl.conn.DefaultHttpClientConnectionOperator  - Connecting to localhost/127.0.0.1:7219
101171 [Forwarding findElement on session c5bf1d259c068ae76f99adfff79e8f20 to remote] DEBUG org.apache.http.impl.conn.DefaultHttpClientConnectionOperator  - Connection established 127.0.0.1:52984<->127.0.0.1:7219
101171 [Forwarding findElement on session c5bf1d259c068ae76f99adfff79e8f20 to remote] DEBUG org.apache.http.impl.conn.DefaultHttpClientConnectionOperator  - Connection established 127.0.0.1:52984<->127.0.0.1:7219
101171 [Forwarding findElement on session c5bf1d259c068ae76f99adfff79e8f20 to remote] DEBUG org.apache.http.impl.conn.DefaultHttpClientConnectionOperator  - Connection established 127.0.0.1:52984<->127.0.0.1:7219
101171 [Forwarding findElement on session c5bf1d259c068ae76f99adfff79e8f20 to remote] DEBUG org.apache.http.impl.conn.DefaultManagedHttpClientConnection  - http-outgoing-84: set socket timeout to 10800000
101171 [Forwarding findElement on session c5bf1d259c068ae76f99adfff79e8f20 to remote] DEBUG org.apache.http.impl.conn.DefaultManagedHttpClientConnection  - http-outgoing-84: set socket timeout to 10800000
101171 [Forwarding findElement on session c5bf1d259c068ae76f99adfff79e8f20 to remote] DEBUG org.apache.http.impl.conn.DefaultManagedHttpClientConnection  - http-outgoing-84: set socket timeout to 10800000
101171 [Forwarding findElement on session c5bf1d259c068ae76f99adfff79e8f20 to remote] DEBUG org.apache.http.impl.execchain.MainClientExec  - Executing request POST /session/c5bf1d259c068ae76f99adfff79e8f20/element HTTP/1.1
101171 [Forwarding findElement on session c5bf1d259c068ae76f99adfff79e8f20 to remote] DEBUG org.apache.http.impl.execchain.MainClientExec  - Executing request POST /session/c5bf1d259c068ae76f99adfff79e8f20/element HTTP/1.1
101171 [Forwarding findElement on session c5bf1d259c068ae76f99adfff79e8f20 to remote] DEBUG org.apache.http.impl.execchain.MainClientExec  - Executing request POST /session/c5bf1d259c068ae76f99adfff79e8f20/element HTTP/1.1
101171 [Forwarding findElement on session c5bf1d259c068ae76f99adfff79e8f20 to remote] DEBUG org.apache.http.impl.execchain.MainClientExec  - Target auth state: UNCHALLENGED
101171 [Forwarding findElement on session c5bf1d259c068ae76f99adfff79e8f20 to remote] DEBUG org.apache.http.impl.execchain.MainClientExec  - Target auth state: UNCHALLENGED
101171 [Forwarding findElement on session c5bf1d259c068ae76f99adfff79e8f20 to remote] DEBUG org.apache.http.impl.execchain.MainClientExec  - Target auth state: UNCHALLENGED
101171 [Forwarding findElement on session c5bf1d259c068ae76f99adfff79e8f20 to remote] DEBUG org.apache.http.impl.execchain.MainClientExec  - Proxy auth state: UNCHALLENGED
101171 [Forwarding findElement on session c5bf1d259c068ae76f99adfff79e8f20 to remote] DEBUG org.apache.http.impl.execchain.MainClientExec  - Proxy auth state: UNCHALLENGED
101171 [Forwarding findElement on session c5bf1d259c068ae76f99adfff79e8f20 to remote] DEBUG org.apache.http.impl.execchain.MainClientExec  - Proxy auth state: UNCHALLENGED
101171 [Forwarding findElement on session c5bf1d259c068ae76f99adfff79e8f20 to remote] DEBUG org.apache.http.headers  - http-outgoing-84 >> POST /session/c5bf1d259c068ae76f99adfff79e8f20/element HTTP/1.1
101171 [Forwarding findElement on session c5bf1d259c068ae76f99adfff79e8f20 to remote] DEBUG org.apache.http.headers  - http-outgoing-84 >> POST /session/c5bf1d259c068ae76f99adfff79e8f20/element HTTP/1.1
101171 [Forwarding findElement on session c5bf1d259c068ae76f99adfff79e8f20 to remote] DEBUG org.apache.http.headers  - http-outgoing-84 >> POST /session/c5bf1d259c068ae76f99adfff79e8f20/element HTTP/1.1
101171 [Forwarding findElement on session c5bf1d259c068ae76f99adfff79e8f20 to remote] DEBUG org.apache.http.headers  - http-outgoing-84 >> Content-Type: application/json; charset=utf-8
101171 [Forwarding findElement on session c5bf1d259c068ae76f99adfff79e8f20 to remote] DEBUG org.apache.http.headers  - http-outgoing-84 >> Content-Type: application/json; charset=utf-8
101171 [Forwarding findElement on session c5bf1d259c068ae76f99adfff79e8f20 to remote] DEBUG org.apache.http.headers  - http-outgoing-84 >> Content-Type: application/json; charset=utf-8
101171 [Forwarding findElement on session c5bf1d259c068ae76f99adfff79e8f20 to remote] DEBUG org.apache.http.headers  - http-outgoing-84 >> Content-Length: 81
101171 [Forwarding findElement on session c5bf1d259c068ae76f99adfff79e8f20 to remote] DEBUG org.apache.http.headers  - http-outgoing-84 >> Content-Length: 81
101171 [Forwarding findElement on session c5bf1d259c068ae76f99adfff79e8f20 to remote] DEBUG org.apache.http.headers  - http-outgoing-84 >> Content-Length: 81
101172 [Forwarding findElement on session c5bf1d259c068ae76f99adfff79e8f20 to remote] DEBUG org.apache.http.headers  - http-outgoing-84 >> Host: localhost:7219
101172 [Forwarding findElement on session c5bf1d259c068ae76f99adfff79e8f20 to remote] DEBUG org.apache.http.headers  - http-outgoing-84 >> Host: localhost:7219
101172 [Forwarding findElement on session c5bf1d259c068ae76f99adfff79e8f20 to remote] DEBUG org.apache.http.headers  - http-outgoing-84 >> Host: localhost:7219
101172 [Forwarding findElement on session c5bf1d259c068ae76f99adfff79e8f20 to remote] DEBUG org.apache.http.headers  - http-outgoing-84 >> Connection: Keep-Alive
101172 [Forwarding findElement on session c5bf1d259c068ae76f99adfff79e8f20 to remote] DEBUG org.apache.http.headers  - http-outgoing-84 >> Connection: Keep-Alive
101172 [Forwarding findElement on session c5bf1d259c068ae76f99adfff79e8f20 to remote] DEBUG org.apache.http.headers  - http-outgoing-84 >> Connection: Keep-Alive
101172 [Forwarding findElement on session c5bf1d259c068ae76f99adfff79e8f20 to remote] DEBUG org.apache.http.headers  - http-outgoing-84 >> User-Agent: Apache-HttpClient/4.5.2 (Java/1.8.0_91)
101172 [Forwarding findElement on session c5bf1d259c068ae76f99adfff79e8f20 to remote] DEBUG org.apache.http.headers  - http-outgoing-84 >> User-Agent: Apache-HttpClient/4.5.2 (Java/1.8.0_91)
101172 [Forwarding findElement on session c5bf1d259c068ae76f99adfff79e8f20 to remote] DEBUG org.apache.http.headers  - http-outgoing-84 >> User-Agent: Apache-HttpClient/4.5.2 (Java/1.8.0_91)
101172 [Forwarding findElement on session c5bf1d259c068ae76f99adfff79e8f20 to remote] DEBUG org.apache.http.headers  - http-outgoing-84 >> Accept-Encoding: gzip,deflate
101172 [Forwarding findElement on session c5bf1d259c068ae76f99adfff79e8f20 to remote] DEBUG org.apache.http.headers  - http-outgoing-84 >> Accept-Encoding: gzip,deflate
101172 [Forwarding findElement on session c5bf1d259c068ae76f99adfff79e8f20 to remote] DEBUG org.apache.http.headers  - http-outgoing-84 >> Accept-Encoding: gzip,deflate
101172 [Forwarding findElement on session c5bf1d259c068ae76f99adfff79e8f20 to remote] DEBUG org.apache.http.wire  - http-outgoing-84 >> "POST /session/c5bf1d259c068ae76f99adfff79e8f20/element HTTP/1.1[\r][\n]"
101172 [Forwarding findElement on session c5bf1d259c068ae76f99adfff79e8f20 to remote] DEBUG org.apache.http.wire  - http-outgoing-84 >> "POST /session/c5bf1d259c068ae76f99adfff79e8f20/element HTTP/1.1[\r][\n]"
101172 [Forwarding findElement on session c5bf1d259c068ae76f99adfff79e8f20 to remote] DEBUG org.apache.http.wire  - http-outgoing-84 >> "POST /session/c5bf1d259c068ae76f99adfff79e8f20/element HTTP/1.1[\r][\n]"
101172 [Forwarding findElement on session c5bf1d259c068ae76f99adfff79e8f20 to remote] DEBUG org.apache.http.wire  - http-outgoing-84 >> "Content-Type: application/json; charset=utf-8[\r][\n]"
101172 [Forwarding findElement on session c5bf1d259c068ae76f99adfff79e8f20 to remote] DEBUG org.apache.http.wire  - http-outgoing-84 >> "Content-Type: application/json; charset=utf-8[\r][\n]"
101172 [Forwarding findElement on session c5bf1d259c068ae76f99adfff79e8f20 to remote] DEBUG org.apache.http.wire  - http-outgoing-84 >> "Content-Type: application/json; charset=utf-8[\r][\n]"
101172 [Forwarding findElement on session c5bf1d259c068ae76f99adfff79e8f20 to remote] DEBUG org.apache.http.wire  - http-outgoing-84 >> "Content-Length: 81[\r][\n]"
101172 [Forwarding findElement on session c5bf1d259c068ae76f99adfff79e8f20 to remote] DEBUG org.apache.http.wire  - http-outgoing-84 >> "Content-Length: 81[\r][\n]"
101172 [Forwarding findElement on session c5bf1d259c068ae76f99adfff79e8f20 to remote] DEBUG org.apache.http.wire  - http-outgoing-84 >> "Content-Length: 81[\r][\n]"
101172 [Forwarding findElement on session c5bf1d259c068ae76f99adfff79e8f20 to remote] DEBUG org.apache.http.wire  - http-outgoing-84 >> "Host: localhost:7219[\r][\n]"
101172 [Forwarding findElement on session c5bf1d259c068ae76f99adfff79e8f20 to remote] DEBUG org.apache.http.wire  - http-outgoing-84 >> "Host: localhost:7219[\r][\n]"
101172 [Forwarding findElement on session c5bf1d259c068ae76f99adfff79e8f20 to remote] DEBUG org.apache.http.wire  - http-outgoing-84 >> "Host: localhost:7219[\r][\n]"
101172 [Forwarding findElement on session c5bf1d259c068ae76f99adfff79e8f20 to remote] DEBUG org.apache.http.wire  - http-outgoing-84 >> "Connection: Keep-Alive[\r][\n]"
101172 [Forwarding findElement on session c5bf1d259c068ae76f99adfff79e8f20 to remote] DEBUG org.apache.http.wire  - http-outgoing-84 >> "Connection: Keep-Alive[\r][\n]"
101172 [Forwarding findElement on session c5bf1d259c068ae76f99adfff79e8f20 to remote] DEBUG org.apache.http.wire  - http-outgoing-84 >> "Connection: Keep-Alive[\r][\n]"
101172 [Forwarding findElement on session c5bf1d259c068ae76f99adfff79e8f20 to remote] DEBUG org.apache.http.wire  - http-outgoing-84 >> "User-Agent: Apache-HttpClient/4.5.2 (Java/1.8.0_91)[\r][\n]"
101172 [Forwarding findElement on session c5bf1d259c068ae76f99adfff79e8f20 to remote] DEBUG org.apache.http.wire  - http-outgoing-84 >> "User-Agent: Apache-HttpClient/4.5.2 (Java/1.8.0_91)[\r][\n]"
101172 [Forwarding findElement on session c5bf1d259c068ae76f99adfff79e8f20 to remote] DEBUG org.apache.http.wire  - http-outgoing-84 >> "User-Agent: Apache-HttpClient/4.5.2 (Java/1.8.0_91)[\r][\n]"
101172 [Forwarding findElement on session c5bf1d259c068ae76f99adfff79e8f20 to remote] DEBUG org.apache.http.wire  - http-outgoing-84 >> "Accept-Encoding: gzip,deflate[\r][\n]"
101172 [Forwarding findElement on session c5bf1d259c068ae76f99adfff79e8f20 to remote] DEBUG org.apache.http.wire  - http-outgoing-84 >> "Accept-Encoding: gzip,deflate[\r][\n]"
101172 [Forwarding findElement on session c5bf1d259c068ae76f99adfff79e8f20 to remote] DEBUG org.apache.http.wire  - http-outgoing-84 >> "Accept-Encoding: gzip,deflate[\r][\n]"
101172 [Forwarding findElement on session c5bf1d259c068ae76f99adfff79e8f20 to remote] DEBUG org.apache.http.wire  - http-outgoing-84 >> "[\r][\n]"
101172 [Forwarding findElement on session c5bf1d259c068ae76f99adfff79e8f20 to remote] DEBUG org.apache.http.wire  - http-outgoing-84 >> "[\r][\n]"
101172 [Forwarding findElement on session c5bf1d259c068ae76f99adfff79e8f20 to remote] DEBUG org.apache.http.wire  - http-outgoing-84 >> "[\r][\n]"
101172 [Forwarding findElement on session c5bf1d259c068ae76f99adfff79e8f20 to remote] DEBUG org.apache.http.wire  - http-outgoing-84 >> "{"using":"css selector","value":".button.button-action-solid.js-answer-question"}"
101172 [Forwarding findElement on session c5bf1d259c068ae76f99adfff79e8f20 to remote] DEBUG org.apache.http.wire  - http-outgoing-84 >> "{"using":"css selector","value":".button.button-action-solid.js-answer-question"}"
101172 [Forwarding findElement on session c5bf1d259c068ae76f99adfff79e8f20 to remote] DEBUG org.apache.http.wire  - http-outgoing-84 >> "{"using":"css selector","value":".button.button-action-solid.js-answer-question"}"
101199 [Forwarding findElement on session c5bf1d259c068ae76f99adfff79e8f20 to remote] DEBUG org.apache.http.wire  - http-outgoing-84 << "HTTP/1.1 200 OK[\r][\n]"
101199 [Forwarding findElement on session c5bf1d259c068ae76f99adfff79e8f20 to remote] DEBUG org.apache.http.wire  - http-outgoing-84 << "HTTP/1.1 200 OK[\r][\n]"
101199 [Forwarding findElement on session c5bf1d259c068ae76f99adfff79e8f20 to remote] DEBUG org.apache.http.wire  - http-outgoing-84 << "HTTP/1.1 200 OK[\r][\n]"
101199 [Forwarding findElement on session c5bf1d259c068ae76f99adfff79e8f20 to remote] DEBUG org.apache.http.wire  - http-outgoing-84 << "Content-Length:102[\r][\n]"
101199 [Forwarding findElement on session c5bf1d259c068ae76f99adfff79e8f20 to remote] DEBUG org.apache.http.wire  - http-outgoing-84 << "Content-Length:102[\r][\n]"
101199 [Forwarding findElement on session c5bf1d259c068ae76f99adfff79e8f20 to remote] DEBUG org.apache.http.wire  - http-outgoing-84 << "Content-Length:102[\r][\n]"
101199 [Forwarding findElement on session c5bf1d259c068ae76f99adfff79e8f20 to remote] DEBUG org.apache.http.wire  - http-outgoing-84 << "Content-Type:application/json; charset=utf-8[\r][\n]"
101199 [Forwarding findElement on session c5bf1d259c068ae76f99adfff79e8f20 to remote] DEBUG org.apache.http.wire  - http-outgoing-84 << "Content-Type:application/json; charset=utf-8[\r][\n]"
101199 [Forwarding findElement on session c5bf1d259c068ae76f99adfff79e8f20 to remote] DEBUG org.apache.http.wire  - http-outgoing-84 << "Content-Type:application/json; charset=utf-8[\r][\n]"
101199 [Forwarding findElement on session c5bf1d259c068ae76f99adfff79e8f20 to remote] DEBUG org.apache.http.wire  - http-outgoing-84 << "Connection:close[\r][\n]"
101199 [Forwarding findElement on session c5bf1d259c068ae76f99adfff79e8f20 to remote] DEBUG org.apache.http.wire  - http-outgoing-84 << "Connection:close[\r][\n]"
101199 [Forwarding findElement on session c5bf1d259c068ae76f99adfff79e8f20 to remote] DEBUG org.apache.http.wire  - http-outgoing-84 << "Connection:close[\r][\n]"
101199 [Forwarding findElement on session c5bf1d259c068ae76f99adfff79e8f20 to remote] DEBUG org.apache.http.wire  - http-outgoing-84 << "[\r][\n]"
101199 [Forwarding findElement on session c5bf1d259c068ae76f99adfff79e8f20 to remote] DEBUG org.apache.http.wire  - http-outgoing-84 << "[\r][\n]"
101199 [Forwarding findElement on session c5bf1d259c068ae76f99adfff79e8f20 to remote] DEBUG org.apache.http.wire  - http-outgoing-84 << "[\r][\n]"
101199 [Forwarding findElement on session c5bf1d259c068ae76f99adfff79e8f20 to remote] DEBUG org.apache.http.wire  - http-outgoing-84 << "{"sessionId":"c5bf1d259c068ae76f99adfff79e8f20","status":0,"value":{"ELEMENT":"0.6258486912706411-1"}}"
101199 [Forwarding findElement on session c5bf1d259c068ae76f99adfff79e8f20 to remote] DEBUG org.apache.http.wire  - http-outgoing-84 << "{"sessionId":"c5bf1d259c068ae76f99adfff79e8f20","status":0,"value":{"ELEMENT":"0.6258486912706411-1"}}"
101199 [Forwarding findElement on session c5bf1d259c068ae76f99adfff79e8f20 to remote] DEBUG org.apache.http.wire  - http-outgoing-84 << "{"sessionId":"c5bf1d259c068ae76f99adfff79e8f20","status":0,"value":{"ELEMENT":"0.6258486912706411-1"}}"
101199 [Forwarding findElement on session c5bf1d259c068ae76f99adfff79e8f20 to remote] DEBUG org.apache.http.headers  - http-outgoing-84 << HTTP/1.1 200 OK
101199 [Forwarding findElement on session c5bf1d259c068ae76f99adfff79e8f20 to remote] DEBUG org.apache.http.headers  - http-outgoing-84 << HTTP/1.1 200 OK
101199 [Forwarding findElement on session c5bf1d259c068ae76f99adfff79e8f20 to remote] DEBUG org.apache.http.headers  - http-outgoing-84 << HTTP/1.1 200 OK
101199 [Forwarding findElement on session c5bf1d259c068ae76f99adfff79e8f20 to remote] DEBUG org.apache.http.headers  - http-outgoing-84 << Content-Length:102
101199 [Forwarding findElement on session c5bf1d259c068ae76f99adfff79e8f20 to remote] DEBUG org.apache.http.headers  - http-outgoing-84 << Content-Length:102
101199 [Forwarding findElement on session c5bf1d259c068ae76f99adfff79e8f20 to remote] DEBUG org.apache.http.headers  - http-outgoing-84 << Content-Length:102
101199 [Forwarding findElement on session c5bf1d259c068ae76f99adfff79e8f20 to remote] DEBUG org.apache.http.headers  - http-outgoing-84 << Content-Type:application/json; charset=utf-8
101199 [Forwarding findElement on session c5bf1d259c068ae76f99adfff79e8f20 to remote] DEBUG org.apache.http.headers  - http-outgoing-84 << Content-Type:application/json; charset=utf-8
101199 [Forwarding findElement on session c5bf1d259c068ae76f99adfff79e8f20 to remote] DEBUG org.apache.http.headers  - http-outgoing-84 << Content-Type:application/json; charset=utf-8
101199 [Forwarding findElement on session c5bf1d259c068ae76f99adfff79e8f20 to remote] DEBUG org.apache.http.headers  - http-outgoing-84 << Connection:close
101199 [Forwarding findElement on session c5bf1d259c068ae76f99adfff79e8f20 to remote] DEBUG org.apache.http.headers  - http-outgoing-84 << Connection:close
101199 [Forwarding findElement on session c5bf1d259c068ae76f99adfff79e8f20 to remote] DEBUG org.apache.http.headers  - http-outgoing-84 << Connection:close
101200 [Forwarding findElement on session c5bf1d259c068ae76f99adfff79e8f20 to remote] DEBUG org.apache.http.impl.conn.DefaultManagedHttpClientConnection  - http-outgoing-84: Close connection
101200 [Forwarding findElement on session c5bf1d259c068ae76f99adfff79e8f20 to remote] DEBUG org.apache.http.impl.conn.DefaultManagedHttpClientConnection  - http-outgoing-84: Close connection
101200 [Forwarding findElement on session c5bf1d259c068ae76f99adfff79e8f20 to remote] DEBUG org.apache.http.impl.conn.DefaultManagedHttpClientConnection  - http-outgoing-84: Close connection
101200 [Forwarding findElement on session c5bf1d259c068ae76f99adfff79e8f20 to remote] DEBUG org.apache.http.impl.execchain.MainClientExec  - Connection discarded
101200 [Forwarding findElement on session c5bf1d259c068ae76f99adfff79e8f20 to remote] DEBUG org.apache.http.impl.execchain.MainClientExec  - Connection discarded
101200 [Forwarding findElement on session c5bf1d259c068ae76f99adfff79e8f20 to remote] DEBUG org.apache.http.impl.execchain.MainClientExec  - Connection discarded
101200 [Forwarding findElement on session c5bf1d259c068ae76f99adfff79e8f20 to remote] DEBUG org.apache.http.impl.conn.PoolingHttpClientConnectionManager  - Connection released: [id: 84][route: {}->http://localhost:7219][total kept alive: 0; route allocated: 0 of 2000; total allocated: 0 of 2000]
101200 [Forwarding findElement on session c5bf1d259c068ae76f99adfff79e8f20 to remote] DEBUG org.apache.http.impl.conn.PoolingHttpClientConnectionManager  - Connection released: [id: 84][route: {}->http://localhost:7219][total kept alive: 0; route allocated: 0 of 2000; total allocated: 0 of 2000]
101200 [Forwarding findElement on session c5bf1d259c068ae76f99adfff79e8f20 to remote] DEBUG org.apache.http.impl.conn.PoolingHttpClientConnectionManager  - Connection released: [id: 84][route: {}->http://localhost:7219][total kept alive: 0; route allocated: 0 of 2000; total allocated: 0 of 2000]
101201 [Forwarding clickElement on session c5bf1d259c068ae76f99adfff79e8f20 to remote] DEBUG org.apache.http.client.protocol.RequestAddCookies  - CookieSpec selected: default
101201 [Forwarding clickElement on session c5bf1d259c068ae76f99adfff79e8f20 to remote] DEBUG org.apache.http.client.protocol.RequestAddCookies  - CookieSpec selected: default
101201 [Forwarding clickElement on session c5bf1d259c068ae76f99adfff79e8f20 to remote] DEBUG org.apache.http.client.protocol.RequestAddCookies  - CookieSpec selected: default
101201 [Forwarding clickElement on session c5bf1d259c068ae76f99adfff79e8f20 to remote] DEBUG org.apache.http.client.protocol.RequestAuthCache  - Auth cache not set in the context
101201 [Forwarding clickElement on session c5bf1d259c068ae76f99adfff79e8f20 to remote] DEBUG org.apache.http.client.protocol.RequestAuthCache  - Auth cache not set in the context
101201 [Forwarding clickElement on session c5bf1d259c068ae76f99adfff79e8f20 to remote] DEBUG org.apache.http.client.protocol.RequestAuthCache  - Auth cache not set in the context
101202 [Forwarding clickElement on session c5bf1d259c068ae76f99adfff79e8f20 to remote] DEBUG org.apache.http.impl.conn.PoolingHttpClientConnectionManager  - Connection request: [route: {}->http://localhost:7219][total kept alive: 0; route allocated: 0 of 2000; total allocated: 0 of 2000]
101202 [Forwarding clickElement on session c5bf1d259c068ae76f99adfff79e8f20 to remote] DEBUG org.apache.http.impl.conn.PoolingHttpClientConnectionManager  - Connection request: [route: {}->http://localhost:7219][total kept alive: 0; route allocated: 0 of 2000; total allocated: 0 of 2000]
101202 [Forwarding clickElement on session c5bf1d259c068ae76f99adfff79e8f20 to remote] DEBUG org.apache.http.impl.conn.PoolingHttpClientConnectionManager  - Connection request: [route: {}->http://localhost:7219][total kept alive: 0; route allocated: 0 of 2000; total allocated: 0 of 2000]
101202 [Forwarding clickElement on session c5bf1d259c068ae76f99adfff79e8f20 to remote] DEBUG org.apache.http.impl.conn.PoolingHttpClientConnectionManager  - Connection leased: [id: 85][route: {}->http://localhost:7219][total kept alive: 0; route allocated: 1 of 2000; total allocated: 1 of 2000]
101202 [Forwarding clickElement on session c5bf1d259c068ae76f99adfff79e8f20 to remote] DEBUG org.apache.http.impl.conn.PoolingHttpClientConnectionManager  - Connection leased: [id: 85][route: {}->http://localhost:7219][total kept alive: 0; route allocated: 1 of 2000; total allocated: 1 of 2000]
101202 [Forwarding clickElement on session c5bf1d259c068ae76f99adfff79e8f20 to remote] DEBUG org.apache.http.impl.conn.PoolingHttpClientConnectionManager  - Connection leased: [id: 85][route: {}->http://localhost:7219][total kept alive: 0; route allocated: 1 of 2000; total allocated: 1 of 2000]
101202 [Forwarding clickElement on session c5bf1d259c068ae76f99adfff79e8f20 to remote] DEBUG org.apache.http.impl.execchain.MainClientExec  - Opening connection {}->http://localhost:7219
101202 [Forwarding clickElement on session c5bf1d259c068ae76f99adfff79e8f20 to remote] DEBUG org.apache.http.impl.execchain.MainClientExec  - Opening connection {}->http://localhost:7219
101202 [Forwarding clickElement on session c5bf1d259c068ae76f99adfff79e8f20 to remote] DEBUG org.apache.http.impl.execchain.MainClientExec  - Opening connection {}->http://localhost:7219
101202 [Forwarding clickElement on session c5bf1d259c068ae76f99adfff79e8f20 to remote] DEBUG org.apache.http.impl.conn.DefaultHttpClientConnectionOperator  - Connecting to localhost/127.0.0.1:7219
101202 [Forwarding clickElement on session c5bf1d259c068ae76f99adfff79e8f20 to remote] DEBUG org.apache.http.impl.conn.DefaultHttpClientConnectionOperator  - Connecting to localhost/127.0.0.1:7219
101202 [Forwarding clickElement on session c5bf1d259c068ae76f99adfff79e8f20 to remote] DEBUG org.apache.http.impl.conn.DefaultHttpClientConnectionOperator  - Connecting to localhost/127.0.0.1:7219
101203 [Forwarding clickElement on session c5bf1d259c068ae76f99adfff79e8f20 to remote] DEBUG org.apache.http.impl.conn.DefaultHttpClientConnectionOperator  - Connection established 127.0.0.1:52985<->127.0.0.1:7219
101203 [Forwarding clickElement on session c5bf1d259c068ae76f99adfff79e8f20 to remote] DEBUG org.apache.http.impl.conn.DefaultHttpClientConnectionOperator  - Connection established 127.0.0.1:52985<->127.0.0.1:7219
101203 [Forwarding clickElement on session c5bf1d259c068ae76f99adfff79e8f20 to remote] DEBUG org.apache.http.impl.conn.DefaultHttpClientConnectionOperator  - Connection established 127.0.0.1:52985<->127.0.0.1:7219
101203 [Forwarding clickElement on session c5bf1d259c068ae76f99adfff79e8f20 to remote] DEBUG org.apache.http.impl.conn.DefaultManagedHttpClientConnection  - http-outgoing-85: set socket timeout to 10800000
101203 [Forwarding clickElement on session c5bf1d259c068ae76f99adfff79e8f20 to remote] DEBUG org.apache.http.impl.conn.DefaultManagedHttpClientConnection  - http-outgoing-85: set socket timeout to 10800000
101203 [Forwarding clickElement on session c5bf1d259c068ae76f99adfff79e8f20 to remote] DEBUG org.apache.http.impl.conn.DefaultManagedHttpClientConnection  - http-outgoing-85: set socket timeout to 10800000
101203 [Forwarding clickElement on session c5bf1d259c068ae76f99adfff79e8f20 to remote] DEBUG org.apache.http.impl.execchain.MainClientExec  - Executing request POST /session/c5bf1d259c068ae76f99adfff79e8f20/element/0.6258486912706411-1/click HTTP/1.1
101203 [Forwarding clickElement on session c5bf1d259c068ae76f99adfff79e8f20 to remote] DEBUG org.apache.http.impl.execchain.MainClientExec  - Executing request POST /session/c5bf1d259c068ae76f99adfff79e8f20/element/0.6258486912706411-1/click HTTP/1.1
101203 [Forwarding clickElement on session c5bf1d259c068ae76f99adfff79e8f20 to remote] DEBUG org.apache.http.impl.execchain.MainClientExec  - Executing request POST /session/c5bf1d259c068ae76f99adfff79e8f20/element/0.6258486912706411-1/click HTTP/1.1
101203 [Forwarding clickElement on session c5bf1d259c068ae76f99adfff79e8f20 to remote] DEBUG org.apache.http.impl.execchain.MainClientExec  - Target auth state: UNCHALLENGED
101203 [Forwarding clickElement on session c5bf1d259c068ae76f99adfff79e8f20 to remote] DEBUG org.apache.http.impl.execchain.MainClientExec  - Target auth state: UNCHALLENGED
101203 [Forwarding clickElement on session c5bf1d259c068ae76f99adfff79e8f20 to remote] DEBUG org.apache.http.impl.execchain.MainClientExec  - Target auth state: UNCHALLENGED
101203 [Forwarding clickElement on session c5bf1d259c068ae76f99adfff79e8f20 to remote] DEBUG org.apache.http.impl.execchain.MainClientExec  - Proxy auth state: UNCHALLENGED
101203 [Forwarding clickElement on session c5bf1d259c068ae76f99adfff79e8f20 to remote] DEBUG org.apache.http.impl.execchain.MainClientExec  - Proxy auth state: UNCHALLENGED
101203 [Forwarding clickElement on session c5bf1d259c068ae76f99adfff79e8f20 to remote] DEBUG org.apache.http.impl.execchain.MainClientExec  - Proxy auth state: UNCHALLENGED
101203 [Forwarding clickElement on session c5bf1d259c068ae76f99adfff79e8f20 to remote] DEBUG org.apache.http.headers  - http-outgoing-85 >> POST /session/c5bf1d259c068ae76f99adfff79e8f20/element/0.6258486912706411-1/click HTTP/1.1
101203 [Forwarding clickElement on session c5bf1d259c068ae76f99adfff79e8f20 to remote] DEBUG org.apache.http.headers  - http-outgoing-85 >> POST /session/c5bf1d259c068ae76f99adfff79e8f20/element/0.6258486912706411-1/click HTTP/1.1
101203 [Forwarding clickElement on session c5bf1d259c068ae76f99adfff79e8f20 to remote] DEBUG org.apache.http.headers  - http-outgoing-85 >> POST /session/c5bf1d259c068ae76f99adfff79e8f20/element/0.6258486912706411-1/click HTTP/1.1
101203 [Forwarding clickElement on session c5bf1d259c068ae76f99adfff79e8f20 to remote] DEBUG org.apache.http.headers  - http-outgoing-85 >> Content-Type: application/json; charset=utf-8
101203 [Forwarding clickElement on session c5bf1d259c068ae76f99adfff79e8f20 to remote] DEBUG org.apache.http.headers  - http-outgoing-85 >> Content-Type: application/json; charset=utf-8
101203 [Forwarding clickElement on session c5bf1d259c068ae76f99adfff79e8f20 to remote] DEBUG org.apache.http.headers  - http-outgoing-85 >> Content-Type: application/json; charset=utf-8
101203 [Forwarding clickElement on session c5bf1d259c068ae76f99adfff79e8f20 to remote] DEBUG org.apache.http.headers  - http-outgoing-85 >> Content-Length: 29
101203 [Forwarding clickElement on session c5bf1d259c068ae76f99adfff79e8f20 to remote] DEBUG org.apache.http.headers  - http-outgoing-85 >> Content-Length: 29
101203 [Forwarding clickElement on session c5bf1d259c068ae76f99adfff79e8f20 to remote] DEBUG org.apache.http.headers  - http-outgoing-85 >> Content-Length: 29
101203 [Forwarding clickElement on session c5bf1d259c068ae76f99adfff79e8f20 to remote] DEBUG org.apache.http.headers  - http-outgoing-85 >> Host: localhost:7219
101203 [Forwarding clickElement on session c5bf1d259c068ae76f99adfff79e8f20 to remote] DEBUG org.apache.http.headers  - http-outgoing-85 >> Host: localhost:7219
101203 [Forwarding clickElement on session c5bf1d259c068ae76f99adfff79e8f20 to remote] DEBUG org.apache.http.headers  - http-outgoing-85 >> Host: localhost:7219
101203 [Forwarding clickElement on session c5bf1d259c068ae76f99adfff79e8f20 to remote] DEBUG org.apache.http.headers  - http-outgoing-85 >> Connection: Keep-Alive
101203 [Forwarding clickElement on session c5bf1d259c068ae76f99adfff79e8f20 to remote] DEBUG org.apache.http.headers  - http-outgoing-85 >> Connection: Keep-Alive
101203 [Forwarding clickElement on session c5bf1d259c068ae76f99adfff79e8f20 to remote] DEBUG org.apache.http.headers  - http-outgoing-85 >> Connection: Keep-Alive
101203 [Forwarding clickElement on session c5bf1d259c068ae76f99adfff79e8f20 to remote] DEBUG org.apache.http.headers  - http-outgoing-85 >> User-Agent: Apache-HttpClient/4.5.2 (Java/1.8.0_91)
101203 [Forwarding clickElement on session c5bf1d259c068ae76f99adfff79e8f20 to remote] DEBUG org.apache.http.headers  - http-outgoing-85 >> User-Agent: Apache-HttpClient/4.5.2 (Java/1.8.0_91)
101203 [Forwarding clickElement on session c5bf1d259c068ae76f99adfff79e8f20 to remote] DEBUG org.apache.http.headers  - http-outgoing-85 >> User-Agent: Apache-HttpClient/4.5.2 (Java/1.8.0_91)
101203 [Forwarding clickElement on session c5bf1d259c068ae76f99adfff79e8f20 to remote] DEBUG org.apache.http.headers  - http-outgoing-85 >> Accept-Encoding: gzip,deflate
101203 [Forwarding clickElement on session c5bf1d259c068ae76f99adfff79e8f20 to remote] DEBUG org.apache.http.headers  - http-outgoing-85 >> Accept-Encoding: gzip,deflate
101203 [Forwarding clickElement on session c5bf1d259c068ae76f99adfff79e8f20 to remote] DEBUG org.apache.http.headers  - http-outgoing-85 >> Accept-Encoding: gzip,deflate
101203 [Forwarding clickElement on session c5bf1d259c068ae76f99adfff79e8f20 to remote] DEBUG org.apache.http.wire  - http-outgoing-85 >> "POST /session/c5bf1d259c068ae76f99adfff79e8f20/element/0.6258486912706411-1/click HTTP/1.1[\r][\n]"
101203 [Forwarding clickElement on session c5bf1d259c068ae76f99adfff79e8f20 to remote] DEBUG org.apache.http.wire  - http-outgoing-85 >> "POST /session/c5bf1d259c068ae76f99adfff79e8f20/element/0.6258486912706411-1/click HTTP/1.1[\r][\n]"
101203 [Forwarding clickElement on session c5bf1d259c068ae76f99adfff79e8f20 to remote] DEBUG org.apache.http.wire  - http-outgoing-85 >> "POST /session/c5bf1d259c068ae76f99adfff79e8f20/element/0.6258486912706411-1/click HTTP/1.1[\r][\n]"
101203 [Forwarding clickElement on session c5bf1d259c068ae76f99adfff79e8f20 to remote] DEBUG org.apache.http.wire  - http-outgoing-85 >> "Content-Type: application/json; charset=utf-8[\r][\n]"
101203 [Forwarding clickElement on session c5bf1d259c068ae76f99adfff79e8f20 to remote] DEBUG org.apache.http.wire  - http-outgoing-85 >> "Content-Type: application/json; charset=utf-8[\r][\n]"
101203 [Forwarding clickElement on session c5bf1d259c068ae76f99adfff79e8f20 to remote] DEBUG org.apache.http.wire  - http-outgoing-85 >> "Content-Type: application/json; charset=utf-8[\r][\n]"
101203 [Forwarding clickElement on session c5bf1d259c068ae76f99adfff79e8f20 to remote] DEBUG org.apache.http.wire  - http-outgoing-85 >> "Content-Length: 29[\r][\n]"
101203 [Forwarding clickElement on session c5bf1d259c068ae76f99adfff79e8f20 to remote] DEBUG org.apache.http.wire  - http-outgoing-85 >> "Content-Length: 29[\r][\n]"
101203 [Forwarding clickElement on session c5bf1d259c068ae76f99adfff79e8f20 to remote] DEBUG org.apache.http.wire  - http-outgoing-85 >> "Content-Length: 29[\r][\n]"
101203 [Forwarding clickElement on session c5bf1d259c068ae76f99adfff79e8f20 to remote] DEBUG org.apache.http.wire  - http-outgoing-85 >> "Host: localhost:7219[\r][\n]"
101203 [Forwarding clickElement on session c5bf1d259c068ae76f99adfff79e8f20 to remote] DEBUG org.apache.http.wire  - http-outgoing-85 >> "Host: localhost:7219[\r][\n]"
101203 [Forwarding clickElement on session c5bf1d259c068ae76f99adfff79e8f20 to remote] DEBUG org.apache.http.wire  - http-outgoing-85 >> "Host: localhost:7219[\r][\n]"
101203 [Forwarding clickElement on session c5bf1d259c068ae76f99adfff79e8f20 to remote] DEBUG org.apache.http.wire  - http-outgoing-85 >> "Connection: Keep-Alive[\r][\n]"
101203 [Forwarding clickElement on session c5bf1d259c068ae76f99adfff79e8f20 to remote] DEBUG org.apache.http.wire  - http-outgoing-85 >> "Connection: Keep-Alive[\r][\n]"
101203 [Forwarding clickElement on session c5bf1d259c068ae76f99adfff79e8f20 to remote] DEBUG org.apache.http.wire  - http-outgoing-85 >> "Connection: Keep-Alive[\r][\n]"
101203 [Forwarding clickElement on session c5bf1d259c068ae76f99adfff79e8f20 to remote] DEBUG org.apache.http.wire  - http-outgoing-85 >> "User-Agent: Apache-HttpClient/4.5.2 (Java/1.8.0_91)[\r][\n]"
101203 [Forwarding clickElement on session c5bf1d259c068ae76f99adfff79e8f20 to remote] DEBUG org.apache.http.wire  - http-outgoing-85 >> "User-Agent: Apache-HttpClient/4.5.2 (Java/1.8.0_91)[\r][\n]"
101203 [Forwarding clickElement on session c5bf1d259c068ae76f99adfff79e8f20 to remote] DEBUG org.apache.http.wire  - http-outgoing-85 >> "User-Agent: Apache-HttpClient/4.5.2 (Java/1.8.0_91)[\r][\n]"
101203 [Forwarding clickElement on session c5bf1d259c068ae76f99adfff79e8f20 to remote] DEBUG org.apache.http.wire  - http-outgoing-85 >> "Accept-Encoding: gzip,deflate[\r][\n]"
101203 [Forwarding clickElement on session c5bf1d259c068ae76f99adfff79e8f20 to remote] DEBUG org.apache.http.wire  - http-outgoing-85 >> "Accept-Encoding: gzip,deflate[\r][\n]"
101203 [Forwarding clickElement on session c5bf1d259c068ae76f99adfff79e8f20 to remote] DEBUG org.apache.http.wire  - http-outgoing-85 >> "Accept-Encoding: gzip,deflate[\r][\n]"
101203 [Forwarding clickElement on session c5bf1d259c068ae76f99adfff79e8f20 to remote] DEBUG org.apache.http.wire  - http-outgoing-85 >> "[\r][\n]"
101203 [Forwarding clickElement on session c5bf1d259c068ae76f99adfff79e8f20 to remote] DEBUG org.apache.http.wire  - http-outgoing-85 >> "[\r][\n]"
101203 [Forwarding clickElement on session c5bf1d259c068ae76f99adfff79e8f20 to remote] DEBUG org.apache.http.wire  - http-outgoing-85 >> "[\r][\n]"
101203 [Forwarding clickElement on session c5bf1d259c068ae76f99adfff79e8f20 to remote] DEBUG org.apache.http.wire  - http-outgoing-85 >> "{"id":"0.6258486912706411-1"}"
101203 [Forwarding clickElement on session c5bf1d259c068ae76f99adfff79e8f20 to remote] DEBUG org.apache.http.wire  - http-outgoing-85 >> "{"id":"0.6258486912706411-1"}"
101203 [Forwarding clickElement on session c5bf1d259c068ae76f99adfff79e8f20 to remote] DEBUG org.apache.http.wire  - http-outgoing-85 >> "{"id":"0.6258486912706411-1"}"
101273 [Forwarding clickElement on session c5bf1d259c068ae76f99adfff79e8f20 to remote] DEBUG org.apache.http.wire  - http-outgoing-85 << "HTTP/1.1 200 OK[\r][\n]"
101273 [Forwarding clickElement on session c5bf1d259c068ae76f99adfff79e8f20 to remote] DEBUG org.apache.http.wire  - http-outgoing-85 << "HTTP/1.1 200 OK[\r][\n]"
101273 [Forwarding clickElement on session c5bf1d259c068ae76f99adfff79e8f20 to remote] DEBUG org.apache.http.wire  - http-outgoing-85 << "HTTP/1.1 200 OK[\r][\n]"
101273 [Forwarding clickElement on session c5bf1d259c068ae76f99adfff79e8f20 to remote] DEBUG org.apache.http.wire  - http-outgoing-85 << "Content-Length:72[\r][\n]"
101273 [Forwarding clickElement on session c5bf1d259c068ae76f99adfff79e8f20 to remote] DEBUG org.apache.http.wire  - http-outgoing-85 << "Content-Length:72[\r][\n]"
101273 [Forwarding clickElement on session c5bf1d259c068ae76f99adfff79e8f20 to remote] DEBUG org.apache.http.wire  - http-outgoing-85 << "Content-Length:72[\r][\n]"
101273 [Forwarding clickElement on session c5bf1d259c068ae76f99adfff79e8f20 to remote] DEBUG org.apache.http.wire  - http-outgoing-85 << "Content-Type:application/json; charset=utf-8[\r][\n]"
101273 [Forwarding clickElement on session c5bf1d259c068ae76f99adfff79e8f20 to remote] DEBUG org.apache.http.wire  - http-outgoing-85 << "Content-Type:application/json; charset=utf-8[\r][\n]"
101273 [Forwarding clickElement on session c5bf1d259c068ae76f99adfff79e8f20 to remote] DEBUG org.apache.http.wire  - http-outgoing-85 << "Content-Type:application/json; charset=utf-8[\r][\n]"
101273 [Forwarding clickElement on session c5bf1d259c068ae76f99adfff79e8f20 to remote] DEBUG org.apache.http.wire  - http-outgoing-85 << "Connection:close[\r][\n]"
101273 [Forwarding clickElement on session c5bf1d259c068ae76f99adfff79e8f20 to remote] DEBUG org.apache.http.wire  - http-outgoing-85 << "Connection:close[\r][\n]"
101273 [Forwarding clickElement on session c5bf1d259c068ae76f99adfff79e8f20 to remote] DEBUG org.apache.http.wire  - http-outgoing-85 << "Connection:close[\r][\n]"
101273 [Forwarding clickElement on session c5bf1d259c068ae76f99adfff79e8f20 to remote] DEBUG org.apache.http.wire  - http-outgoing-85 << "[\r][\n]"
101273 [Forwarding clickElement on session c5bf1d259c068ae76f99adfff79e8f20 to remote] DEBUG org.apache.http.wire  - http-outgoing-85 << "[\r][\n]"
101273 [Forwarding clickElement on session c5bf1d259c068ae76f99adfff79e8f20 to remote] DEBUG org.apache.http.wire  - http-outgoing-85 << "[\r][\n]"
101273 [Forwarding clickElement on session c5bf1d259c068ae76f99adfff79e8f20 to remote] DEBUG org.apache.http.wire  - http-outgoing-85 << "{"sessionId":"c5bf1d259c068ae76f99adfff79e8f20","status":0,"value":null}"
101273 [Forwarding clickElement on session c5bf1d259c068ae76f99adfff79e8f20 to remote] DEBUG org.apache.http.wire  - http-outgoing-85 << "{"sessionId":"c5bf1d259c068ae76f99adfff79e8f20","status":0,"value":null}"
101273 [Forwarding clickElement on session c5bf1d259c068ae76f99adfff79e8f20 to remote] DEBUG org.apache.http.wire  - http-outgoing-85 << "{"sessionId":"c5bf1d259c068ae76f99adfff79e8f20","status":0,"value":null}"
101273 [Forwarding clickElement on session c5bf1d259c068ae76f99adfff79e8f20 to remote] DEBUG org.apache.http.headers  - http-outgoing-85 << HTTP/1.1 200 OK
101273 [Forwarding clickElement on session c5bf1d259c068ae76f99adfff79e8f20 to remote] DEBUG org.apache.http.headers  - http-outgoing-85 << HTTP/1.1 200 OK
101273 [Forwarding clickElement on session c5bf1d259c068ae76f99adfff79e8f20 to remote] DEBUG org.apache.http.headers  - http-outgoing-85 << HTTP/1.1 200 OK
101273 [Forwarding clickElement on session c5bf1d259c068ae76f99adfff79e8f20 to remote] DEBUG org.apache.http.headers  - http-outgoing-85 << Content-Length:72
101273 [Forwarding clickElement on session c5bf1d259c068ae76f99adfff79e8f20 to remote] DEBUG org.apache.http.headers  - http-outgoing-85 << Content-Length:72
101273 [Forwarding clickElement on session c5bf1d259c068ae76f99adfff79e8f20 to remote] DEBUG org.apache.http.headers  - http-outgoing-85 << Content-Length:72
101273 [Forwarding clickElement on session c5bf1d259c068ae76f99adfff79e8f20 to remote] DEBUG org.apache.http.headers  - http-outgoing-85 << Content-Type:application/json; charset=utf-8
101273 [Forwarding clickElement on session c5bf1d259c068ae76f99adfff79e8f20 to remote] DEBUG org.apache.http.headers  - http-outgoing-85 << Content-Type:application/json; charset=utf-8
101273 [Forwarding clickElement on session c5bf1d259c068ae76f99adfff79e8f20 to remote] DEBUG org.apache.http.headers  - http-outgoing-85 << Content-Type:application/json; charset=utf-8
101273 [Forwarding clickElement on session c5bf1d259c068ae76f99adfff79e8f20 to remote] DEBUG org.apache.http.headers  - http-outgoing-85 << Connection:close
101273 [Forwarding clickElement on session c5bf1d259c068ae76f99adfff79e8f20 to remote] DEBUG org.apache.http.headers  - http-outgoing-85 << Connection:close
101273 [Forwarding clickElement on session c5bf1d259c068ae76f99adfff79e8f20 to remote] DEBUG org.apache.http.headers  - http-outgoing-85 << Connection:close
101274 [Forwarding clickElement on session c5bf1d259c068ae76f99adfff79e8f20 to remote] DEBUG org.apache.http.impl.conn.DefaultManagedHttpClientConnection  - http-outgoing-85: Close connection
101274 [Forwarding clickElement on session c5bf1d259c068ae76f99adfff79e8f20 to remote] DEBUG org.apache.http.impl.conn.DefaultManagedHttpClientConnection  - http-outgoing-85: Close connection
101274 [Forwarding clickElement on session c5bf1d259c068ae76f99adfff79e8f20 to remote] DEBUG org.apache.http.impl.conn.DefaultManagedHttpClientConnection  - http-outgoing-85: Close connection
101274 [Forwarding clickElement on session c5bf1d259c068ae76f99adfff79e8f20 to remote] DEBUG org.apache.http.impl.execchain.MainClientExec  - Connection discarded
101274 [Forwarding clickElement on session c5bf1d259c068ae76f99adfff79e8f20 to remote] DEBUG org.apache.http.impl.execchain.MainClientExec  - Connection discarded
101274 [Forwarding clickElement on session c5bf1d259c068ae76f99adfff79e8f20 to remote] DEBUG org.apache.http.impl.execchain.MainClientExec  - Connection discarded
101274 [Forwarding clickElement on session c5bf1d259c068ae76f99adfff79e8f20 to remote] DEBUG org.apache.http.impl.conn.PoolingHttpClientConnectionManager  - Connection released: [id: 85][route: {}->http://localhost:7219][total kept alive: 0; route allocated: 0 of 2000; total allocated: 0 of 2000]
101274 [Forwarding clickElement on session c5bf1d259c068ae76f99adfff79e8f20 to remote] DEBUG org.apache.http.impl.conn.PoolingHttpClientConnectionManager  - Connection released: [id: 85][route: {}->http://localhost:7219][total kept alive: 0; route allocated: 0 of 2000; total allocated: 0 of 2000]
101274 [Forwarding clickElement on session c5bf1d259c068ae76f99adfff79e8f20 to remote] DEBUG org.apache.http.impl.conn.PoolingHttpClientConnectionManager  - Connection released: [id: 85][route: {}->http://localhost:7219][total kept alive: 0; route allocated: 0 of 2000; total allocated: 0 of 2000]
102275 [Forwarding findElement on session c5bf1d259c068ae76f99adfff79e8f20 to remote] DEBUG org.apache.http.client.protocol.RequestAddCookies  - CookieSpec selected: default
102275 [Forwarding findElement on session c5bf1d259c068ae76f99adfff79e8f20 to remote] DEBUG org.apache.http.client.protocol.RequestAddCookies  - CookieSpec selected: default
102275 [Forwarding findElement on session c5bf1d259c068ae76f99adfff79e8f20 to remote] DEBUG org.apache.http.client.protocol.RequestAddCookies  - CookieSpec selected: default
102275 [Forwarding findElement on session c5bf1d259c068ae76f99adfff79e8f20 to remote] DEBUG org.apache.http.client.protocol.RequestAuthCache  - Auth cache not set in the context
102275 [Forwarding findElement on session c5bf1d259c068ae76f99adfff79e8f20 to remote] DEBUG org.apache.http.client.protocol.RequestAuthCache  - Auth cache not set in the context
102275 [Forwarding findElement on session c5bf1d259c068ae76f99adfff79e8f20 to remote] DEBUG org.apache.http.client.protocol.RequestAuthCache  - Auth cache not set in the context
102275 [Forwarding findElement on session c5bf1d259c068ae76f99adfff79e8f20 to remote] DEBUG org.apache.http.impl.conn.PoolingHttpClientConnectionManager  - Connection request: [route: {}->http://localhost:7219][total kept alive: 0; route allocated: 0 of 2000; total allocated: 0 of 2000]
102275 [Forwarding findElement on session c5bf1d259c068ae76f99adfff79e8f20 to remote] DEBUG org.apache.http.impl.conn.PoolingHttpClientConnectionManager  - Connection request: [route: {}->http://localhost:7219][total kept alive: 0; route allocated: 0 of 2000; total allocated: 0 of 2000]
102275 [Forwarding findElement on session c5bf1d259c068ae76f99adfff79e8f20 to remote] DEBUG org.apache.http.impl.conn.PoolingHttpClientConnectionManager  - Connection request: [route: {}->http://localhost:7219][total kept alive: 0; route allocated: 0 of 2000; total allocated: 0 of 2000]
102276 [Forwarding findElement on session c5bf1d259c068ae76f99adfff79e8f20 to remote] DEBUG org.apache.http.impl.conn.PoolingHttpClientConnectionManager  - Connection leased: [id: 86][route: {}->http://localhost:7219][total kept alive: 0; route allocated: 1 of 2000; total allocated: 1 of 2000]
102276 [Forwarding findElement on session c5bf1d259c068ae76f99adfff79e8f20 to remote] DEBUG org.apache.http.impl.conn.PoolingHttpClientConnectionManager  - Connection leased: [id: 86][route: {}->http://localhost:7219][total kept alive: 0; route allocated: 1 of 2000; total allocated: 1 of 2000]
102276 [Forwarding findElement on session c5bf1d259c068ae76f99adfff79e8f20 to remote] DEBUG org.apache.http.impl.conn.PoolingHttpClientConnectionManager  - Connection leased: [id: 86][route: {}->http://localhost:7219][total kept alive: 0; route allocated: 1 of 2000; total allocated: 1 of 2000]
102276 [Forwarding findElement on session c5bf1d259c068ae76f99adfff79e8f20 to remote] DEBUG org.apache.http.impl.execchain.MainClientExec  - Opening connection {}->http://localhost:7219
102276 [Forwarding findElement on session c5bf1d259c068ae76f99adfff79e8f20 to remote] DEBUG org.apache.http.impl.execchain.MainClientExec  - Opening connection {}->http://localhost:7219
102276 [Forwarding findElement on session c5bf1d259c068ae76f99adfff79e8f20 to remote] DEBUG org.apache.http.impl.execchain.MainClientExec  - Opening connection {}->http://localhost:7219
102276 [Forwarding findElement on session c5bf1d259c068ae76f99adfff79e8f20 to remote] DEBUG org.apache.http.impl.conn.DefaultHttpClientConnectionOperator  - Connecting to localhost/127.0.0.1:7219
102276 [Forwarding findElement on session c5bf1d259c068ae76f99adfff79e8f20 to remote] DEBUG org.apache.http.impl.conn.DefaultHttpClientConnectionOperator  - Connecting to localhost/127.0.0.1:7219
102276 [Forwarding findElement on session c5bf1d259c068ae76f99adfff79e8f20 to remote] DEBUG org.apache.http.impl.conn.DefaultHttpClientConnectionOperator  - Connecting to localhost/127.0.0.1:7219
102277 [Forwarding findElement on session c5bf1d259c068ae76f99adfff79e8f20 to remote] DEBUG org.apache.http.impl.conn.DefaultHttpClientConnectionOperator  - Connection established 127.0.0.1:52987<->127.0.0.1:7219
102277 [Forwarding findElement on session c5bf1d259c068ae76f99adfff79e8f20 to remote] DEBUG org.apache.http.impl.conn.DefaultHttpClientConnectionOperator  - Connection established 127.0.0.1:52987<->127.0.0.1:7219
102277 [Forwarding findElement on session c5bf1d259c068ae76f99adfff79e8f20 to remote] DEBUG org.apache.http.impl.conn.DefaultHttpClientConnectionOperator  - Connection established 127.0.0.1:52987<->127.0.0.1:7219
102277 [Forwarding findElement on session c5bf1d259c068ae76f99adfff79e8f20 to remote] DEBUG org.apache.http.impl.conn.DefaultManagedHttpClientConnection  - http-outgoing-86: set socket timeout to 10800000
102277 [Forwarding findElement on session c5bf1d259c068ae76f99adfff79e8f20 to remote] DEBUG org.apache.http.impl.conn.DefaultManagedHttpClientConnection  - http-outgoing-86: set socket timeout to 10800000
102277 [Forwarding findElement on session c5bf1d259c068ae76f99adfff79e8f20 to remote] DEBUG org.apache.http.impl.conn.DefaultManagedHttpClientConnection  - http-outgoing-86: set socket timeout to 10800000
102277 [Forwarding findElement on session c5bf1d259c068ae76f99adfff79e8f20 to remote] DEBUG org.apache.http.impl.execchain.MainClientExec  - Executing request POST /session/c5bf1d259c068ae76f99adfff79e8f20/element HTTP/1.1
102277 [Forwarding findElement on session c5bf1d259c068ae76f99adfff79e8f20 to remote] DEBUG org.apache.http.impl.execchain.MainClientExec  - Executing request POST /session/c5bf1d259c068ae76f99adfff79e8f20/element HTTP/1.1
102277 [Forwarding findElement on session c5bf1d259c068ae76f99adfff79e8f20 to remote] DEBUG org.apache.http.impl.execchain.MainClientExec  - Executing request POST /session/c5bf1d259c068ae76f99adfff79e8f20/element HTTP/1.1
102277 [Forwarding findElement on session c5bf1d259c068ae76f99adfff79e8f20 to remote] DEBUG org.apache.http.impl.execchain.MainClientExec  - Target auth state: UNCHALLENGED
102277 [Forwarding findElement on session c5bf1d259c068ae76f99adfff79e8f20 to remote] DEBUG org.apache.http.impl.execchain.MainClientExec  - Target auth state: UNCHALLENGED
102277 [Forwarding findElement on session c5bf1d259c068ae76f99adfff79e8f20 to remote] DEBUG org.apache.http.impl.execchain.MainClientExec  - Target auth state: UNCHALLENGED
102277 [Forwarding findElement on session c5bf1d259c068ae76f99adfff79e8f20 to remote] DEBUG org.apache.http.impl.execchain.MainClientExec  - Proxy auth state: UNCHALLENGED
102277 [Forwarding findElement on session c5bf1d259c068ae76f99adfff79e8f20 to remote] DEBUG org.apache.http.impl.execchain.MainClientExec  - Proxy auth state: UNCHALLENGED
102277 [Forwarding findElement on session c5bf1d259c068ae76f99adfff79e8f20 to remote] DEBUG org.apache.http.impl.execchain.MainClientExec  - Proxy auth state: UNCHALLENGED
102277 [Forwarding findElement on session c5bf1d259c068ae76f99adfff79e8f20 to remote] DEBUG org.apache.http.headers  - http-outgoing-86 >> POST /session/c5bf1d259c068ae76f99adfff79e8f20/element HTTP/1.1
102277 [Forwarding findElement on session c5bf1d259c068ae76f99adfff79e8f20 to remote] DEBUG org.apache.http.headers  - http-outgoing-86 >> POST /session/c5bf1d259c068ae76f99adfff79e8f20/element HTTP/1.1
102277 [Forwarding findElement on session c5bf1d259c068ae76f99adfff79e8f20 to remote] DEBUG org.apache.http.headers  - http-outgoing-86 >> POST /session/c5bf1d259c068ae76f99adfff79e8f20/element HTTP/1.1
102277 [Forwarding findElement on session c5bf1d259c068ae76f99adfff79e8f20 to remote] DEBUG org.apache.http.headers  - http-outgoing-86 >> Content-Type: application/json; charset=utf-8
102277 [Forwarding findElement on session c5bf1d259c068ae76f99adfff79e8f20 to remote] DEBUG org.apache.http.headers  - http-outgoing-86 >> Content-Type: application/json; charset=utf-8
102277 [Forwarding findElement on session c5bf1d259c068ae76f99adfff79e8f20 to remote] DEBUG org.apache.http.headers  - http-outgoing-86 >> Content-Type: application/json; charset=utf-8
102277 [Forwarding findElement on session c5bf1d259c068ae76f99adfff79e8f20 to remote] DEBUG org.apache.http.headers  - http-outgoing-86 >> Content-Length: 46
102277 [Forwarding findElement on session c5bf1d259c068ae76f99adfff79e8f20 to remote] DEBUG org.apache.http.headers  - http-outgoing-86 >> Content-Length: 46
102277 [Forwarding findElement on session c5bf1d259c068ae76f99adfff79e8f20 to remote] DEBUG org.apache.http.headers  - http-outgoing-86 >> Content-Length: 46
102277 [Forwarding findElement on session c5bf1d259c068ae76f99adfff79e8f20 to remote] DEBUG org.apache.http.headers  - http-outgoing-86 >> Host: localhost:7219
102277 [Forwarding findElement on session c5bf1d259c068ae76f99adfff79e8f20 to remote] DEBUG org.apache.http.headers  - http-outgoing-86 >> Host: localhost:7219
102277 [Forwarding findElement on session c5bf1d259c068ae76f99adfff79e8f20 to remote] DEBUG org.apache.http.headers  - http-outgoing-86 >> Host: localhost:7219
102277 [Forwarding findElement on session c5bf1d259c068ae76f99adfff79e8f20 to remote] DEBUG org.apache.http.headers  - http-outgoing-86 >> Connection: Keep-Alive
102277 [Forwarding findElement on session c5bf1d259c068ae76f99adfff79e8f20 to remote] DEBUG org.apache.http.headers  - http-outgoing-86 >> Connection: Keep-Alive
102277 [Forwarding findElement on session c5bf1d259c068ae76f99adfff79e8f20 to remote] DEBUG org.apache.http.headers  - http-outgoing-86 >> Connection: Keep-Alive
102277 [Forwarding findElement on session c5bf1d259c068ae76f99adfff79e8f20 to remote] DEBUG org.apache.http.headers  - http-outgoing-86 >> User-Agent: Apache-HttpClient/4.5.2 (Java/1.8.0_91)
102277 [Forwarding findElement on session c5bf1d259c068ae76f99adfff79e8f20 to remote] DEBUG org.apache.http.headers  - http-outgoing-86 >> User-Agent: Apache-HttpClient/4.5.2 (Java/1.8.0_91)
102277 [Forwarding findElement on session c5bf1d259c068ae76f99adfff79e8f20 to remote] DEBUG org.apache.http.headers  - http-outgoing-86 >> User-Agent: Apache-HttpClient/4.5.2 (Java/1.8.0_91)
102277 [Forwarding findElement on session c5bf1d259c068ae76f99adfff79e8f20 to remote] DEBUG org.apache.http.headers  - http-outgoing-86 >> Accept-Encoding: gzip,deflate
102277 [Forwarding findElement on session c5bf1d259c068ae76f99adfff79e8f20 to remote] DEBUG org.apache.http.headers  - http-outgoing-86 >> Accept-Encoding: gzip,deflate
102277 [Forwarding findElement on session c5bf1d259c068ae76f99adfff79e8f20 to remote] DEBUG org.apache.http.headers  - http-outgoing-86 >> Accept-Encoding: gzip,deflate
102278 [Forwarding findElement on session c5bf1d259c068ae76f99adfff79e8f20 to remote] DEBUG org.apache.http.wire  - http-outgoing-86 >> "POST /session/c5bf1d259c068ae76f99adfff79e8f20/element HTTP/1.1[\r][\n]"
102278 [Forwarding findElement on session c5bf1d259c068ae76f99adfff79e8f20 to remote] DEBUG org.apache.http.wire  - http-outgoing-86 >> "POST /session/c5bf1d259c068ae76f99adfff79e8f20/element HTTP/1.1[\r][\n]"
102278 [Forwarding findElement on session c5bf1d259c068ae76f99adfff79e8f20 to remote] DEBUG org.apache.http.wire  - http-outgoing-86 >> "POST /session/c5bf1d259c068ae76f99adfff79e8f20/element HTTP/1.1[\r][\n]"
102278 [Forwarding findElement on session c5bf1d259c068ae76f99adfff79e8f20 to remote] DEBUG org.apache.http.wire  - http-outgoing-86 >> "Content-Type: application/json; charset=utf-8[\r][\n]"
102278 [Forwarding findElement on session c5bf1d259c068ae76f99adfff79e8f20 to remote] DEBUG org.apache.http.wire  - http-outgoing-86 >> "Content-Type: application/json; charset=utf-8[\r][\n]"
102278 [Forwarding findElement on session c5bf1d259c068ae76f99adfff79e8f20 to remote] DEBUG org.apache.http.wire  - http-outgoing-86 >> "Content-Type: application/json; charset=utf-8[\r][\n]"
102278 [Forwarding findElement on session c5bf1d259c068ae76f99adfff79e8f20 to remote] DEBUG org.apache.http.wire  - http-outgoing-86 >> "Content-Length: 46[\r][\n]"
102278 [Forwarding findElement on session c5bf1d259c068ae76f99adfff79e8f20 to remote] DEBUG org.apache.http.wire  - http-outgoing-86 >> "Content-Length: 46[\r][\n]"
102278 [Forwarding findElement on session c5bf1d259c068ae76f99adfff79e8f20 to remote] DEBUG org.apache.http.wire  - http-outgoing-86 >> "Content-Length: 46[\r][\n]"
102278 [Forwarding findElement on session c5bf1d259c068ae76f99adfff79e8f20 to remote] DEBUG org.apache.http.wire  - http-outgoing-86 >> "Host: localhost:7219[\r][\n]"
102278 [Forwarding findElement on session c5bf1d259c068ae76f99adfff79e8f20 to remote] DEBUG org.apache.http.wire  - http-outgoing-86 >> "Host: localhost:7219[\r][\n]"
102278 [Forwarding findElement on session c5bf1d259c068ae76f99adfff79e8f20 to remote] DEBUG org.apache.http.wire  - http-outgoing-86 >> "Host: localhost:7219[\r][\n]"
102278 [Forwarding findElement on session c5bf1d259c068ae76f99adfff79e8f20 to remote] DEBUG org.apache.http.wire  - http-outgoing-86 >> "Connection: Keep-Alive[\r][\n]"
102278 [Forwarding findElement on session c5bf1d259c068ae76f99adfff79e8f20 to remote] DEBUG org.apache.http.wire  - http-outgoing-86 >> "Connection: Keep-Alive[\r][\n]"
102278 [Forwarding findElement on session c5bf1d259c068ae76f99adfff79e8f20 to remote] DEBUG org.apache.http.wire  - http-outgoing-86 >> "Connection: Keep-Alive[\r][\n]"
102278 [Forwarding findElement on session c5bf1d259c068ae76f99adfff79e8f20 to remote] DEBUG org.apache.http.wire  - http-outgoing-86 >> "User-Agent: Apache-HttpClient/4.5.2 (Java/1.8.0_91)[\r][\n]"
102278 [Forwarding findElement on session c5bf1d259c068ae76f99adfff79e8f20 to remote] DEBUG org.apache.http.wire  - http-outgoing-86 >> "User-Agent: Apache-HttpClient/4.5.2 (Java/1.8.0_91)[\r][\n]"
102278 [Forwarding findElement on session c5bf1d259c068ae76f99adfff79e8f20 to remote] DEBUG org.apache.http.wire  - http-outgoing-86 >> "User-Agent: Apache-HttpClient/4.5.2 (Java/1.8.0_91)[\r][\n]"
102278 [Forwarding findElement on session c5bf1d259c068ae76f99adfff79e8f20 to remote] DEBUG org.apache.http.wire  - http-outgoing-86 >> "Accept-Encoding: gzip,deflate[\r][\n]"
102278 [Forwarding findElement on session c5bf1d259c068ae76f99adfff79e8f20 to remote] DEBUG org.apache.http.wire  - http-outgoing-86 >> "Accept-Encoding: gzip,deflate[\r][\n]"
102278 [Forwarding findElement on session c5bf1d259c068ae76f99adfff79e8f20 to remote] DEBUG org.apache.http.wire  - http-outgoing-86 >> "Accept-Encoding: gzip,deflate[\r][\n]"
102278 [Forwarding findElement on session c5bf1d259c068ae76f99adfff79e8f20 to remote] DEBUG org.apache.http.wire  - http-outgoing-86 >> "[\r][\n]"
102278 [Forwarding findElement on session c5bf1d259c068ae76f99adfff79e8f20 to remote] DEBUG org.apache.http.wire  - http-outgoing-86 >> "[\r][\n]"
102278 [Forwarding findElement on session c5bf1d259c068ae76f99adfff79e8f20 to remote] DEBUG org.apache.http.wire  - http-outgoing-86 >> "[\r][\n]"
102278 [Forwarding findElement on session c5bf1d259c068ae76f99adfff79e8f20 to remote] DEBUG org.apache.http.wire  - http-outgoing-86 >> "{"using":"css selector","value":"#answerText"}"
102278 [Forwarding findElement on session c5bf1d259c068ae76f99adfff79e8f20 to remote] DEBUG org.apache.http.wire  - http-outgoing-86 >> "{"using":"css selector","value":"#answerText"}"
102278 [Forwarding findElement on session c5bf1d259c068ae76f99adfff79e8f20 to remote] DEBUG org.apache.http.wire  - http-outgoing-86 >> "{"using":"css selector","value":"#answerText"}"
102304 [Forwarding findElement on session c5bf1d259c068ae76f99adfff79e8f20 to remote] DEBUG org.apache.http.wire  - http-outgoing-86 << "HTTP/1.1 200 OK[\r][\n]"
102304 [Forwarding findElement on session c5bf1d259c068ae76f99adfff79e8f20 to remote] DEBUG org.apache.http.wire  - http-outgoing-86 << "HTTP/1.1 200 OK[\r][\n]"
102304 [Forwarding findElement on session c5bf1d259c068ae76f99adfff79e8f20 to remote] DEBUG org.apache.http.wire  - http-outgoing-86 << "HTTP/1.1 200 OK[\r][\n]"
102304 [Forwarding findElement on session c5bf1d259c068ae76f99adfff79e8f20 to remote] DEBUG org.apache.http.wire  - http-outgoing-86 << "Content-Length:102[\r][\n]"
102304 [Forwarding findElement on session c5bf1d259c068ae76f99adfff79e8f20 to remote] DEBUG org.apache.http.wire  - http-outgoing-86 << "Content-Length:102[\r][\n]"
102304 [Forwarding findElement on session c5bf1d259c068ae76f99adfff79e8f20 to remote] DEBUG org.apache.http.wire  - http-outgoing-86 << "Content-Length:102[\r][\n]"
102304 [Forwarding findElement on session c5bf1d259c068ae76f99adfff79e8f20 to remote] DEBUG org.apache.http.wire  - http-outgoing-86 << "Content-Type:application/json; charset=utf-8[\r][\n]"
102304 [Forwarding findElement on session c5bf1d259c068ae76f99adfff79e8f20 to remote] DEBUG org.apache.http.wire  - http-outgoing-86 << "Content-Type:application/json; charset=utf-8[\r][\n]"
102304 [Forwarding findElement on session c5bf1d259c068ae76f99adfff79e8f20 to remote] DEBUG org.apache.http.wire  - http-outgoing-86 << "Content-Type:application/json; charset=utf-8[\r][\n]"
102304 [Forwarding findElement on session c5bf1d259c068ae76f99adfff79e8f20 to remote] DEBUG org.apache.http.wire  - http-outgoing-86 << "Connection:close[\r][\n]"
102304 [Forwarding findElement on session c5bf1d259c068ae76f99adfff79e8f20 to remote] DEBUG org.apache.http.wire  - http-outgoing-86 << "Connection:close[\r][\n]"
102304 [Forwarding findElement on session c5bf1d259c068ae76f99adfff79e8f20 to remote] DEBUG org.apache.http.wire  - http-outgoing-86 << "Connection:close[\r][\n]"
102304 [Forwarding findElement on session c5bf1d259c068ae76f99adfff79e8f20 to remote] DEBUG org.apache.http.wire  - http-outgoing-86 << "[\r][\n]"
102304 [Forwarding findElement on session c5bf1d259c068ae76f99adfff79e8f20 to remote] DEBUG org.apache.http.wire  - http-outgoing-86 << "[\r][\n]"
102304 [Forwarding findElement on session c5bf1d259c068ae76f99adfff79e8f20 to remote] DEBUG org.apache.http.wire  - http-outgoing-86 << "[\r][\n]"
102304 [Forwarding findElement on session c5bf1d259c068ae76f99adfff79e8f20 to remote] DEBUG org.apache.http.wire  - http-outgoing-86 << "{"sessionId":"c5bf1d259c068ae76f99adfff79e8f20","status":0,"value":{"ELEMENT":"0.6258486912706411-2"}}"
102304 [Forwarding findElement on session c5bf1d259c068ae76f99adfff79e8f20 to remote] DEBUG org.apache.http.wire  - http-outgoing-86 << "{"sessionId":"c5bf1d259c068ae76f99adfff79e8f20","status":0,"value":{"ELEMENT":"0.6258486912706411-2"}}"
102304 [Forwarding findElement on session c5bf1d259c068ae76f99adfff79e8f20 to remote] DEBUG org.apache.http.wire  - http-outgoing-86 << "{"sessionId":"c5bf1d259c068ae76f99adfff79e8f20","status":0,"value":{"ELEMENT":"0.6258486912706411-2"}}"
102304 [Forwarding findElement on session c5bf1d259c068ae76f99adfff79e8f20 to remote] DEBUG org.apache.http.headers  - http-outgoing-86 << HTTP/1.1 200 OK
102304 [Forwarding findElement on session c5bf1d259c068ae76f99adfff79e8f20 to remote] DEBUG org.apache.http.headers  - http-outgoing-86 << HTTP/1.1 200 OK
102304 [Forwarding findElement on session c5bf1d259c068ae76f99adfff79e8f20 to remote] DEBUG org.apache.http.headers  - http-outgoing-86 << HTTP/1.1 200 OK
102304 [Forwarding findElement on session c5bf1d259c068ae76f99adfff79e8f20 to remote] DEBUG org.apache.http.headers  - http-outgoing-86 << Content-Length:102
102304 [Forwarding findElement on session c5bf1d259c068ae76f99adfff79e8f20 to remote] DEBUG org.apache.http.headers  - http-outgoing-86 << Content-Length:102
102304 [Forwarding findElement on session c5bf1d259c068ae76f99adfff79e8f20 to remote] DEBUG org.apache.http.headers  - http-outgoing-86 << Content-Length:102
102304 [Forwarding findElement on session c5bf1d259c068ae76f99adfff79e8f20 to remote] DEBUG org.apache.http.headers  - http-outgoing-86 << Content-Type:application/json; charset=utf-8
102304 [Forwarding findElement on session c5bf1d259c068ae76f99adfff79e8f20 to remote] DEBUG org.apache.http.headers  - http-outgoing-86 << Content-Type:application/json; charset=utf-8
102304 [Forwarding findElement on session c5bf1d259c068ae76f99adfff79e8f20 to remote] DEBUG org.apache.http.headers  - http-outgoing-86 << Content-Type:application/json; charset=utf-8
102304 [Forwarding findElement on session c5bf1d259c068ae76f99adfff79e8f20 to remote] DEBUG org.apache.http.headers  - http-outgoing-86 << Connection:close
102304 [Forwarding findElement on session c5bf1d259c068ae76f99adfff79e8f20 to remote] DEBUG org.apache.http.headers  - http-outgoing-86 << Connection:close
102304 [Forwarding findElement on session c5bf1d259c068ae76f99adfff79e8f20 to remote] DEBUG org.apache.http.headers  - http-outgoing-86 << Connection:close
102304 [Forwarding findElement on session c5bf1d259c068ae76f99adfff79e8f20 to remote] DEBUG org.apache.http.impl.conn.DefaultManagedHttpClientConnection  - http-outgoing-86: Close connection
102304 [Forwarding findElement on session c5bf1d259c068ae76f99adfff79e8f20 to remote] DEBUG org.apache.http.impl.conn.DefaultManagedHttpClientConnection  - http-outgoing-86: Close connection
102304 [Forwarding findElement on session c5bf1d259c068ae76f99adfff79e8f20 to remote] DEBUG org.apache.http.impl.conn.DefaultManagedHttpClientConnection  - http-outgoing-86: Close connection
102304 [Forwarding findElement on session c5bf1d259c068ae76f99adfff79e8f20 to remote] DEBUG org.apache.http.impl.execchain.MainClientExec  - Connection discarded
102304 [Forwarding findElement on session c5bf1d259c068ae76f99adfff79e8f20 to remote] DEBUG org.apache.http.impl.execchain.MainClientExec  - Connection discarded
102304 [Forwarding findElement on session c5bf1d259c068ae76f99adfff79e8f20 to remote] DEBUG org.apache.http.impl.execchain.MainClientExec  - Connection discarded
102305 [Forwarding findElement on session c5bf1d259c068ae76f99adfff79e8f20 to remote] DEBUG org.apache.http.impl.conn.PoolingHttpClientConnectionManager  - Connection released: [id: 86][route: {}->http://localhost:7219][total kept alive: 0; route allocated: 0 of 2000; total allocated: 0 of 2000]
102305 [Forwarding findElement on session c5bf1d259c068ae76f99adfff79e8f20 to remote] DEBUG org.apache.http.impl.conn.PoolingHttpClientConnectionManager  - Connection released: [id: 86][route: {}->http://localhost:7219][total kept alive: 0; route allocated: 0 of 2000; total allocated: 0 of 2000]
102305 [Forwarding findElement on session c5bf1d259c068ae76f99adfff79e8f20 to remote] DEBUG org.apache.http.impl.conn.PoolingHttpClientConnectionManager  - Connection released: [id: 86][route: {}->http://localhost:7219][total kept alive: 0; route allocated: 0 of 2000; total allocated: 0 of 2000]
102306 [Forwarding sendKeysToElement on session c5bf1d259c068ae76f99adfff79e8f20 to remote] DEBUG org.apache.http.client.protocol.RequestAddCookies  - CookieSpec selected: default
102306 [Forwarding sendKeysToElement on session c5bf1d259c068ae76f99adfff79e8f20 to remote] DEBUG org.apache.http.client.protocol.RequestAddCookies  - CookieSpec selected: default
102306 [Forwarding sendKeysToElement on session c5bf1d259c068ae76f99adfff79e8f20 to remote] DEBUG org.apache.http.client.protocol.RequestAddCookies  - CookieSpec selected: default
102306 [Forwarding sendKeysToElement on session c5bf1d259c068ae76f99adfff79e8f20 to remote] DEBUG org.apache.http.client.protocol.RequestAuthCache  - Auth cache not set in the context
102306 [Forwarding sendKeysToElement on session c5bf1d259c068ae76f99adfff79e8f20 to remote] DEBUG org.apache.http.client.protocol.RequestAuthCache  - Auth cache not set in the context
102306 [Forwarding sendKeysToElement on session c5bf1d259c068ae76f99adfff79e8f20 to remote] DEBUG org.apache.http.client.protocol.RequestAuthCache  - Auth cache not set in the context
102306 [Forwarding sendKeysToElement on session c5bf1d259c068ae76f99adfff79e8f20 to remote] DEBUG org.apache.http.impl.conn.PoolingHttpClientConnectionManager  - Connection request: [route: {}->http://localhost:7219][total kept alive: 0; route allocated: 0 of 2000; total allocated: 0 of 2000]
102306 [Forwarding sendKeysToElement on session c5bf1d259c068ae76f99adfff79e8f20 to remote] DEBUG org.apache.http.impl.conn.PoolingHttpClientConnectionManager  - Connection request: [route: {}->http://localhost:7219][total kept alive: 0; route allocated: 0 of 2000; total allocated: 0 of 2000]
102306 [Forwarding sendKeysToElement on session c5bf1d259c068ae76f99adfff79e8f20 to remote] DEBUG org.apache.http.impl.conn.PoolingHttpClientConnectionManager  - Connection request: [route: {}->http://localhost:7219][total kept alive: 0; route allocated: 0 of 2000; total allocated: 0 of 2000]
102306 [Forwarding sendKeysToElement on session c5bf1d259c068ae76f99adfff79e8f20 to remote] DEBUG org.apache.http.impl.conn.PoolingHttpClientConnectionManager  - Connection leased: [id: 87][route: {}->http://localhost:7219][total kept alive: 0; route allocated: 1 of 2000; total allocated: 1 of 2000]
102306 [Forwarding sendKeysToElement on session c5bf1d259c068ae76f99adfff79e8f20 to remote] DEBUG org.apache.http.impl.conn.PoolingHttpClientConnectionManager  - Connection leased: [id: 87][route: {}->http://localhost:7219][total kept alive: 0; route allocated: 1 of 2000; total allocated: 1 of 2000]
102306 [Forwarding sendKeysToElement on session c5bf1d259c068ae76f99adfff79e8f20 to remote] DEBUG org.apache.http.impl.conn.PoolingHttpClientConnectionManager  - Connection leased: [id: 87][route: {}->http://localhost:7219][total kept alive: 0; route allocated: 1 of 2000; total allocated: 1 of 2000]
102306 [Forwarding sendKeysToElement on session c5bf1d259c068ae76f99adfff79e8f20 to remote] DEBUG org.apache.http.impl.execchain.MainClientExec  - Opening connection {}->http://localhost:7219
102306 [Forwarding sendKeysToElement on session c5bf1d259c068ae76f99adfff79e8f20 to remote] DEBUG org.apache.http.impl.execchain.MainClientExec  - Opening connection {}->http://localhost:7219
102306 [Forwarding sendKeysToElement on session c5bf1d259c068ae76f99adfff79e8f20 to remote] DEBUG org.apache.http.impl.execchain.MainClientExec  - Opening connection {}->http://localhost:7219
102306 [Forwarding sendKeysToElement on session c5bf1d259c068ae76f99adfff79e8f20 to remote] DEBUG org.apache.http.impl.conn.DefaultHttpClientConnectionOperator  - Connecting to localhost/127.0.0.1:7219
102306 [Forwarding sendKeysToElement on session c5bf1d259c068ae76f99adfff79e8f20 to remote] DEBUG org.apache.http.impl.conn.DefaultHttpClientConnectionOperator  - Connecting to localhost/127.0.0.1:7219
102306 [Forwarding sendKeysToElement on session c5bf1d259c068ae76f99adfff79e8f20 to remote] DEBUG org.apache.http.impl.conn.DefaultHttpClientConnectionOperator  - Connecting to localhost/127.0.0.1:7219
102307 [Forwarding sendKeysToElement on session c5bf1d259c068ae76f99adfff79e8f20 to remote] DEBUG org.apache.http.impl.conn.DefaultHttpClientConnectionOperator  - Connection established 127.0.0.1:52988<->127.0.0.1:7219
102307 [Forwarding sendKeysToElement on session c5bf1d259c068ae76f99adfff79e8f20 to remote] DEBUG org.apache.http.impl.conn.DefaultHttpClientConnectionOperator  - Connection established 127.0.0.1:52988<->127.0.0.1:7219
102307 [Forwarding sendKeysToElement on session c5bf1d259c068ae76f99adfff79e8f20 to remote] DEBUG org.apache.http.impl.conn.DefaultHttpClientConnectionOperator  - Connection established 127.0.0.1:52988<->127.0.0.1:7219
102307 [Forwarding sendKeysToElement on session c5bf1d259c068ae76f99adfff79e8f20 to remote] DEBUG org.apache.http.impl.conn.DefaultManagedHttpClientConnection  - http-outgoing-87: set socket timeout to 10800000
102307 [Forwarding sendKeysToElement on session c5bf1d259c068ae76f99adfff79e8f20 to remote] DEBUG org.apache.http.impl.conn.DefaultManagedHttpClientConnection  - http-outgoing-87: set socket timeout to 10800000
102307 [Forwarding sendKeysToElement on session c5bf1d259c068ae76f99adfff79e8f20 to remote] DEBUG org.apache.http.impl.conn.DefaultManagedHttpClientConnection  - http-outgoing-87: set socket timeout to 10800000
102307 [Forwarding sendKeysToElement on session c5bf1d259c068ae76f99adfff79e8f20 to remote] DEBUG org.apache.http.impl.execchain.MainClientExec  - Executing request POST /session/c5bf1d259c068ae76f99adfff79e8f20/element/0.6258486912706411-2/value HTTP/1.1
102307 [Forwarding sendKeysToElement on session c5bf1d259c068ae76f99adfff79e8f20 to remote] DEBUG org.apache.http.impl.execchain.MainClientExec  - Executing request POST /session/c5bf1d259c068ae76f99adfff79e8f20/element/0.6258486912706411-2/value HTTP/1.1
102307 [Forwarding sendKeysToElement on session c5bf1d259c068ae76f99adfff79e8f20 to remote] DEBUG org.apache.http.impl.execchain.MainClientExec  - Executing request POST /session/c5bf1d259c068ae76f99adfff79e8f20/element/0.6258486912706411-2/value HTTP/1.1
102307 [Forwarding sendKeysToElement on session c5bf1d259c068ae76f99adfff79e8f20 to remote] DEBUG org.apache.http.impl.execchain.MainClientExec  - Target auth state: UNCHALLENGED
102307 [Forwarding sendKeysToElement on session c5bf1d259c068ae76f99adfff79e8f20 to remote] DEBUG org.apache.http.impl.execchain.MainClientExec  - Target auth state: UNCHALLENGED
102307 [Forwarding sendKeysToElement on session c5bf1d259c068ae76f99adfff79e8f20 to remote] DEBUG org.apache.http.impl.execchain.MainClientExec  - Target auth state: UNCHALLENGED
102307 [Forwarding sendKeysToElement on session c5bf1d259c068ae76f99adfff79e8f20 to remote] DEBUG org.apache.http.impl.execchain.MainClientExec  - Proxy auth state: UNCHALLENGED
102307 [Forwarding sendKeysToElement on session c5bf1d259c068ae76f99adfff79e8f20 to remote] DEBUG org.apache.http.impl.execchain.MainClientExec  - Proxy auth state: UNCHALLENGED
102307 [Forwarding sendKeysToElement on session c5bf1d259c068ae76f99adfff79e8f20 to remote] DEBUG org.apache.http.impl.execchain.MainClientExec  - Proxy auth state: UNCHALLENGED
102307 [Forwarding sendKeysToElement on session c5bf1d259c068ae76f99adfff79e8f20 to remote] DEBUG org.apache.http.headers  - http-outgoing-87 >> POST /session/c5bf1d259c068ae76f99adfff79e8f20/element/0.6258486912706411-2/value HTTP/1.1
102307 [Forwarding sendKeysToElement on session c5bf1d259c068ae76f99adfff79e8f20 to remote] DEBUG org.apache.http.headers  - http-outgoing-87 >> POST /session/c5bf1d259c068ae76f99adfff79e8f20/element/0.6258486912706411-2/value HTTP/1.1
102307 [Forwarding sendKeysToElement on session c5bf1d259c068ae76f99adfff79e8f20 to remote] DEBUG org.apache.http.headers  - http-outgoing-87 >> POST /session/c5bf1d259c068ae76f99adfff79e8f20/element/0.6258486912706411-2/value HTTP/1.1
102307 [Forwarding sendKeysToElement on session c5bf1d259c068ae76f99adfff79e8f20 to remote] DEBUG org.apache.http.headers  - http-outgoing-87 >> Content-Type: application/json; charset=utf-8
102307 [Forwarding sendKeysToElement on session c5bf1d259c068ae76f99adfff79e8f20 to remote] DEBUG org.apache.http.headers  - http-outgoing-87 >> Content-Type: application/json; charset=utf-8
102307 [Forwarding sendKeysToElement on session c5bf1d259c068ae76f99adfff79e8f20 to remote] DEBUG org.apache.http.headers  - http-outgoing-87 >> Content-Type: application/json; charset=utf-8
102307 [Forwarding sendKeysToElement on session c5bf1d259c068ae76f99adfff79e8f20 to remote] DEBUG org.apache.http.headers  - http-outgoing-87 >> Content-Length: 63
102307 [Forwarding sendKeysToElement on session c5bf1d259c068ae76f99adfff79e8f20 to remote] DEBUG org.apache.http.headers  - http-outgoing-87 >> Content-Length: 63
102307 [Forwarding sendKeysToElement on session c5bf1d259c068ae76f99adfff79e8f20 to remote] DEBUG org.apache.http.headers  - http-outgoing-87 >> Content-Length: 63
102307 [Forwarding sendKeysToElement on session c5bf1d259c068ae76f99adfff79e8f20 to remote] DEBUG org.apache.http.headers  - http-outgoing-87 >> Host: localhost:7219
102307 [Forwarding sendKeysToElement on session c5bf1d259c068ae76f99adfff79e8f20 to remote] DEBUG org.apache.http.headers  - http-outgoing-87 >> Host: localhost:7219
102307 [Forwarding sendKeysToElement on session c5bf1d259c068ae76f99adfff79e8f20 to remote] DEBUG org.apache.http.headers  - http-outgoing-87 >> Host: localhost:7219
102307 [Forwarding sendKeysToElement on session c5bf1d259c068ae76f99adfff79e8f20 to remote] DEBUG org.apache.http.headers  - http-outgoing-87 >> Connection: Keep-Alive
102307 [Forwarding sendKeysToElement on session c5bf1d259c068ae76f99adfff79e8f20 to remote] DEBUG org.apache.http.headers  - http-outgoing-87 >> Connection: Keep-Alive
102307 [Forwarding sendKeysToElement on session c5bf1d259c068ae76f99adfff79e8f20 to remote] DEBUG org.apache.http.headers  - http-outgoing-87 >> Connection: Keep-Alive
102307 [Forwarding sendKeysToElement on session c5bf1d259c068ae76f99adfff79e8f20 to remote] DEBUG org.apache.http.headers  - http-outgoing-87 >> User-Agent: Apache-HttpClient/4.5.2 (Java/1.8.0_91)
102307 [Forwarding sendKeysToElement on session c5bf1d259c068ae76f99adfff79e8f20 to remote] DEBUG org.apache.http.headers  - http-outgoing-87 >> User-Agent: Apache-HttpClient/4.5.2 (Java/1.8.0_91)
102307 [Forwarding sendKeysToElement on session c5bf1d259c068ae76f99adfff79e8f20 to remote] DEBUG org.apache.http.headers  - http-outgoing-87 >> User-Agent: Apache-HttpClient/4.5.2 (Java/1.8.0_91)
102307 [Forwarding sendKeysToElement on session c5bf1d259c068ae76f99adfff79e8f20 to remote] DEBUG org.apache.http.headers  - http-outgoing-87 >> Accept-Encoding: gzip,deflate
102307 [Forwarding sendKeysToElement on session c5bf1d259c068ae76f99adfff79e8f20 to remote] DEBUG org.apache.http.headers  - http-outgoing-87 >> Accept-Encoding: gzip,deflate
102307 [Forwarding sendKeysToElement on session c5bf1d259c068ae76f99adfff79e8f20 to remote] DEBUG org.apache.http.headers  - http-outgoing-87 >> Accept-Encoding: gzip,deflate
102307 [Forwarding sendKeysToElement on session c5bf1d259c068ae76f99adfff79e8f20 to remote] DEBUG org.apache.http.wire  - http-outgoing-87 >> "POST /session/c5bf1d259c068ae76f99adfff79e8f20/element/0.6258486912706411-2/value HTTP/1.1[\r][\n]"
102307 [Forwarding sendKeysToElement on session c5bf1d259c068ae76f99adfff79e8f20 to remote] DEBUG org.apache.http.wire  - http-outgoing-87 >> "POST /session/c5bf1d259c068ae76f99adfff79e8f20/element/0.6258486912706411-2/value HTTP/1.1[\r][\n]"
102307 [Forwarding sendKeysToElement on session c5bf1d259c068ae76f99adfff79e8f20 to remote] DEBUG org.apache.http.wire  - http-outgoing-87 >> "POST /session/c5bf1d259c068ae76f99adfff79e8f20/element/0.6258486912706411-2/value HTTP/1.1[\r][\n]"
102307 [Forwarding sendKeysToElement on session c5bf1d259c068ae76f99adfff79e8f20 to remote] DEBUG org.apache.http.wire  - http-outgoing-87 >> "Content-Type: application/json; charset=utf-8[\r][\n]"
102307 [Forwarding sendKeysToElement on session c5bf1d259c068ae76f99adfff79e8f20 to remote] DEBUG org.apache.http.wire  - http-outgoing-87 >> "Content-Type: application/json; charset=utf-8[\r][\n]"
102307 [Forwarding sendKeysToElement on session c5bf1d259c068ae76f99adfff79e8f20 to remote] DEBUG org.apache.http.wire  - http-outgoing-87 >> "Content-Type: application/json; charset=utf-8[\r][\n]"
102307 [Forwarding sendKeysToElement on session c5bf1d259c068ae76f99adfff79e8f20 to remote] DEBUG org.apache.http.wire  - http-outgoing-87 >> "Content-Length: 63[\r][\n]"
102307 [Forwarding sendKeysToElement on session c5bf1d259c068ae76f99adfff79e8f20 to remote] DEBUG org.apache.http.wire  - http-outgoing-87 >> "Content-Length: 63[\r][\n]"
102307 [Forwarding sendKeysToElement on session c5bf1d259c068ae76f99adfff79e8f20 to remote] DEBUG org.apache.http.wire  - http-outgoing-87 >> "Content-Length: 63[\r][\n]"
102307 [Forwarding sendKeysToElement on session c5bf1d259c068ae76f99adfff79e8f20 to remote] DEBUG org.apache.http.wire  - http-outgoing-87 >> "Host: localhost:7219[\r][\n]"
102307 [Forwarding sendKeysToElement on session c5bf1d259c068ae76f99adfff79e8f20 to remote] DEBUG org.apache.http.wire  - http-outgoing-87 >> "Host: localhost:7219[\r][\n]"
102307 [Forwarding sendKeysToElement on session c5bf1d259c068ae76f99adfff79e8f20 to remote] DEBUG org.apache.http.wire  - http-outgoing-87 >> "Host: localhost:7219[\r][\n]"
102307 [Forwarding sendKeysToElement on session c5bf1d259c068ae76f99adfff79e8f20 to remote] DEBUG org.apache.http.wire  - http-outgoing-87 >> "Connection: Keep-Alive[\r][\n]"
102307 [Forwarding sendKeysToElement on session c5bf1d259c068ae76f99adfff79e8f20 to remote] DEBUG org.apache.http.wire  - http-outgoing-87 >> "Connection: Keep-Alive[\r][\n]"
102307 [Forwarding sendKeysToElement on session c5bf1d259c068ae76f99adfff79e8f20 to remote] DEBUG org.apache.http.wire  - http-outgoing-87 >> "Connection: Keep-Alive[\r][\n]"
102307 [Forwarding sendKeysToElement on session c5bf1d259c068ae76f99adfff79e8f20 to remote] DEBUG org.apache.http.wire  - http-outgoing-87 >> "User-Agent: Apache-HttpClient/4.5.2 (Java/1.8.0_91)[\r][\n]"
102307 [Forwarding sendKeysToElement on session c5bf1d259c068ae76f99adfff79e8f20 to remote] DEBUG org.apache.http.wire  - http-outgoing-87 >> "User-Agent: Apache-HttpClient/4.5.2 (Java/1.8.0_91)[\r][\n]"
102307 [Forwarding sendKeysToElement on session c5bf1d259c068ae76f99adfff79e8f20 to remote] DEBUG org.apache.http.wire  - http-outgoing-87 >> "User-Agent: Apache-HttpClient/4.5.2 (Java/1.8.0_91)[\r][\n]"
102307 [Forwarding sendKeysToElement on session c5bf1d259c068ae76f99adfff79e8f20 to remote] DEBUG org.apache.http.wire  - http-outgoing-87 >> "Accept-Encoding: gzip,deflate[\r][\n]"
102307 [Forwarding sendKeysToElement on session c5bf1d259c068ae76f99adfff79e8f20 to remote] DEBUG org.apache.http.wire  - http-outgoing-87 >> "Accept-Encoding: gzip,deflate[\r][\n]"
102307 [Forwarding sendKeysToElement on session c5bf1d259c068ae76f99adfff79e8f20 to remote] DEBUG org.apache.http.wire  - http-outgoing-87 >> "Accept-Encoding: gzip,deflate[\r][\n]"
102307 [Forwarding sendKeysToElement on session c5bf1d259c068ae76f99adfff79e8f20 to remote] DEBUG org.apache.http.wire  - http-outgoing-87 >> "[\r][\n]"
102307 [Forwarding sendKeysToElement on session c5bf1d259c068ae76f99adfff79e8f20 to remote] DEBUG org.apache.http.wire  - http-outgoing-87 >> "[\r][\n]"
102307 [Forwarding sendKeysToElement on session c5bf1d259c068ae76f99adfff79e8f20 to remote] DEBUG org.apache.http.wire  - http-outgoing-87 >> "[\r][\n]"
102307 [Forwarding sendKeysToElement on session c5bf1d259c068ae76f99adfff79e8f20 to remote] DEBUG org.apache.http.wire  - http-outgoing-87 >> "{"id":"0.6258486912706411-2","value":["Open it up, ya dummy!"]}"
102307 [Forwarding sendKeysToElement on session c5bf1d259c068ae76f99adfff79e8f20 to remote] DEBUG org.apache.http.wire  - http-outgoing-87 >> "{"id":"0.6258486912706411-2","value":["Open it up, ya dummy!"]}"
102307 [Forwarding sendKeysToElement on session c5bf1d259c068ae76f99adfff79e8f20 to remote] DEBUG org.apache.http.wire  - http-outgoing-87 >> "{"id":"0.6258486912706411-2","value":["Open it up, ya dummy!"]}"
102406 [Forwarding sendKeysToElement on session c5bf1d259c068ae76f99adfff79e8f20 to remote] DEBUG org.apache.http.wire  - http-outgoing-87 << "HTTP/1.1 200 OK[\r][\n]"
102406 [Forwarding sendKeysToElement on session c5bf1d259c068ae76f99adfff79e8f20 to remote] DEBUG org.apache.http.wire  - http-outgoing-87 << "HTTP/1.1 200 OK[\r][\n]"
102406 [Forwarding sendKeysToElement on session c5bf1d259c068ae76f99adfff79e8f20 to remote] DEBUG org.apache.http.wire  - http-outgoing-87 << "HTTP/1.1 200 OK[\r][\n]"
102406 [Forwarding sendKeysToElement on session c5bf1d259c068ae76f99adfff79e8f20 to remote] DEBUG org.apache.http.wire  - http-outgoing-87 << "Content-Length:72[\r][\n]"
102406 [Forwarding sendKeysToElement on session c5bf1d259c068ae76f99adfff79e8f20 to remote] DEBUG org.apache.http.wire  - http-outgoing-87 << "Content-Length:72[\r][\n]"
102406 [Forwarding sendKeysToElement on session c5bf1d259c068ae76f99adfff79e8f20 to remote] DEBUG org.apache.http.wire  - http-outgoing-87 << "Content-Length:72[\r][\n]"
102406 [Forwarding sendKeysToElement on session c5bf1d259c068ae76f99adfff79e8f20 to remote] DEBUG org.apache.http.wire  - http-outgoing-87 << "Content-Type:application/json; charset=utf-8[\r][\n]"
102406 [Forwarding sendKeysToElement on session c5bf1d259c068ae76f99adfff79e8f20 to remote] DEBUG org.apache.http.wire  - http-outgoing-87 << "Content-Type:application/json; charset=utf-8[\r][\n]"
102406 [Forwarding sendKeysToElement on session c5bf1d259c068ae76f99adfff79e8f20 to remote] DEBUG org.apache.http.wire  - http-outgoing-87 << "Content-Type:application/json; charset=utf-8[\r][\n]"
102406 [Forwarding sendKeysToElement on session c5bf1d259c068ae76f99adfff79e8f20 to remote] DEBUG org.apache.http.wire  - http-outgoing-87 << "Connection:close[\r][\n]"
102406 [Forwarding sendKeysToElement on session c5bf1d259c068ae76f99adfff79e8f20 to remote] DEBUG org.apache.http.wire  - http-outgoing-87 << "Connection:close[\r][\n]"
102406 [Forwarding sendKeysToElement on session c5bf1d259c068ae76f99adfff79e8f20 to remote] DEBUG org.apache.http.wire  - http-outgoing-87 << "Connection:close[\r][\n]"
102406 [Forwarding sendKeysToElement on session c5bf1d259c068ae76f99adfff79e8f20 to remote] DEBUG org.apache.http.wire  - http-outgoing-87 << "[\r][\n]"
102406 [Forwarding sendKeysToElement on session c5bf1d259c068ae76f99adfff79e8f20 to remote] DEBUG org.apache.http.wire  - http-outgoing-87 << "[\r][\n]"
102406 [Forwarding sendKeysToElement on session c5bf1d259c068ae76f99adfff79e8f20 to remote] DEBUG org.apache.http.wire  - http-outgoing-87 << "[\r][\n]"
102406 [Forwarding sendKeysToElement on session c5bf1d259c068ae76f99adfff79e8f20 to remote] DEBUG org.apache.http.wire  - http-outgoing-87 << "{"sessionId":"c5bf1d259c068ae76f99adfff79e8f20","status":0,"value":null}"
102406 [Forwarding sendKeysToElement on session c5bf1d259c068ae76f99adfff79e8f20 to remote] DEBUG org.apache.http.wire  - http-outgoing-87 << "{"sessionId":"c5bf1d259c068ae76f99adfff79e8f20","status":0,"value":null}"
102406 [Forwarding sendKeysToElement on session c5bf1d259c068ae76f99adfff79e8f20 to remote] DEBUG org.apache.http.wire  - http-outgoing-87 << "{"sessionId":"c5bf1d259c068ae76f99adfff79e8f20","status":0,"value":null}"
102406 [Forwarding sendKeysToElement on session c5bf1d259c068ae76f99adfff79e8f20 to remote] DEBUG org.apache.http.headers  - http-outgoing-87 << HTTP/1.1 200 OK
102406 [Forwarding sendKeysToElement on session c5bf1d259c068ae76f99adfff79e8f20 to remote] DEBUG org.apache.http.headers  - http-outgoing-87 << HTTP/1.1 200 OK
102406 [Forwarding sendKeysToElement on session c5bf1d259c068ae76f99adfff79e8f20 to remote] DEBUG org.apache.http.headers  - http-outgoing-87 << HTTP/1.1 200 OK
102406 [Forwarding sendKeysToElement on session c5bf1d259c068ae76f99adfff79e8f20 to remote] DEBUG org.apache.http.headers  - http-outgoing-87 << Content-Length:72
102406 [Forwarding sendKeysToElement on session c5bf1d259c068ae76f99adfff79e8f20 to remote] DEBUG org.apache.http.headers  - http-outgoing-87 << Content-Length:72
102406 [Forwarding sendKeysToElement on session c5bf1d259c068ae76f99adfff79e8f20 to remote] DEBUG org.apache.http.headers  - http-outgoing-87 << Content-Length:72
102406 [Forwarding sendKeysToElement on session c5bf1d259c068ae76f99adfff79e8f20 to remote] DEBUG org.apache.http.headers  - http-outgoing-87 << Content-Type:application/json; charset=utf-8
102406 [Forwarding sendKeysToElement on session c5bf1d259c068ae76f99adfff79e8f20 to remote] DEBUG org.apache.http.headers  - http-outgoing-87 << Content-Type:application/json; charset=utf-8
102406 [Forwarding sendKeysToElement on session c5bf1d259c068ae76f99adfff79e8f20 to remote] DEBUG org.apache.http.headers  - http-outgoing-87 << Content-Type:application/json; charset=utf-8
102406 [Forwarding sendKeysToElement on session c5bf1d259c068ae76f99adfff79e8f20 to remote] DEBUG org.apache.http.headers  - http-outgoing-87 << Connection:close
102406 [Forwarding sendKeysToElement on session c5bf1d259c068ae76f99adfff79e8f20 to remote] DEBUG org.apache.http.headers  - http-outgoing-87 << Connection:close
102406 [Forwarding sendKeysToElement on session c5bf1d259c068ae76f99adfff79e8f20 to remote] DEBUG org.apache.http.headers  - http-outgoing-87 << Connection:close
102406 [Forwarding sendKeysToElement on session c5bf1d259c068ae76f99adfff79e8f20 to remote] DEBUG org.apache.http.impl.conn.DefaultManagedHttpClientConnection  - http-outgoing-87: Close connection
102406 [Forwarding sendKeysToElement on session c5bf1d259c068ae76f99adfff79e8f20 to remote] DEBUG org.apache.http.impl.conn.DefaultManagedHttpClientConnection  - http-outgoing-87: Close connection
102406 [Forwarding sendKeysToElement on session c5bf1d259c068ae76f99adfff79e8f20 to remote] DEBUG org.apache.http.impl.conn.DefaultManagedHttpClientConnection  - http-outgoing-87: Close connection
102406 [Forwarding sendKeysToElement on session c5bf1d259c068ae76f99adfff79e8f20 to remote] DEBUG org.apache.http.impl.execchain.MainClientExec  - Connection discarded
102406 [Forwarding sendKeysToElement on session c5bf1d259c068ae76f99adfff79e8f20 to remote] DEBUG org.apache.http.impl.execchain.MainClientExec  - Connection discarded
102406 [Forwarding sendKeysToElement on session c5bf1d259c068ae76f99adfff79e8f20 to remote] DEBUG org.apache.http.impl.execchain.MainClientExec  - Connection discarded
102406 [Forwarding sendKeysToElement on session c5bf1d259c068ae76f99adfff79e8f20 to remote] DEBUG org.apache.http.impl.conn.PoolingHttpClientConnectionManager  - Connection released: [id: 87][route: {}->http://localhost:7219][total kept alive: 0; route allocated: 0 of 2000; total allocated: 0 of 2000]
102406 [Forwarding sendKeysToElement on session c5bf1d259c068ae76f99adfff79e8f20 to remote] DEBUG org.apache.http.impl.conn.PoolingHttpClientConnectionManager  - Connection released: [id: 87][route: {}->http://localhost:7219][total kept alive: 0; route allocated: 0 of 2000; total allocated: 0 of 2000]
102406 [Forwarding sendKeysToElement on session c5bf1d259c068ae76f99adfff79e8f20 to remote] DEBUG org.apache.http.impl.conn.PoolingHttpClientConnectionManager  - Connection released: [id: 87][route: {}->http://localhost:7219][total kept alive: 0; route allocated: 0 of 2000; total allocated: 0 of 2000]
105407 [Forwarding findElement on session c5bf1d259c068ae76f99adfff79e8f20 to remote] DEBUG org.apache.http.client.protocol.RequestAddCookies  - CookieSpec selected: default
105407 [Forwarding findElement on session c5bf1d259c068ae76f99adfff79e8f20 to remote] DEBUG org.apache.http.client.protocol.RequestAddCookies  - CookieSpec selected: default
105407 [Forwarding findElement on session c5bf1d259c068ae76f99adfff79e8f20 to remote] DEBUG org.apache.http.client.protocol.RequestAddCookies  - CookieSpec selected: default
105407 [Forwarding findElement on session c5bf1d259c068ae76f99adfff79e8f20 to remote] DEBUG org.apache.http.client.protocol.RequestAuthCache  - Auth cache not set in the context
105407 [Forwarding findElement on session c5bf1d259c068ae76f99adfff79e8f20 to remote] DEBUG org.apache.http.client.protocol.RequestAuthCache  - Auth cache not set in the context
105407 [Forwarding findElement on session c5bf1d259c068ae76f99adfff79e8f20 to remote] DEBUG org.apache.http.client.protocol.RequestAuthCache  - Auth cache not set in the context
105407 [Forwarding findElement on session c5bf1d259c068ae76f99adfff79e8f20 to remote] DEBUG org.apache.http.impl.conn.PoolingHttpClientConnectionManager  - Connection request: [route: {}->http://localhost:7219][total kept alive: 0; route allocated: 0 of 2000; total allocated: 0 of 2000]
105407 [Forwarding findElement on session c5bf1d259c068ae76f99adfff79e8f20 to remote] DEBUG org.apache.http.impl.conn.PoolingHttpClientConnectionManager  - Connection request: [route: {}->http://localhost:7219][total kept alive: 0; route allocated: 0 of 2000; total allocated: 0 of 2000]
105407 [Forwarding findElement on session c5bf1d259c068ae76f99adfff79e8f20 to remote] DEBUG org.apache.http.impl.conn.PoolingHttpClientConnectionManager  - Connection request: [route: {}->http://localhost:7219][total kept alive: 0; route allocated: 0 of 2000; total allocated: 0 of 2000]
105407 [Forwarding findElement on session c5bf1d259c068ae76f99adfff79e8f20 to remote] DEBUG org.apache.http.impl.conn.PoolingHttpClientConnectionManager  - Connection leased: [id: 88][route: {}->http://localhost:7219][total kept alive: 0; route allocated: 1 of 2000; total allocated: 1 of 2000]
105407 [Forwarding findElement on session c5bf1d259c068ae76f99adfff79e8f20 to remote] DEBUG org.apache.http.impl.conn.PoolingHttpClientConnectionManager  - Connection leased: [id: 88][route: {}->http://localhost:7219][total kept alive: 0; route allocated: 1 of 2000; total allocated: 1 of 2000]
105407 [Forwarding findElement on session c5bf1d259c068ae76f99adfff79e8f20 to remote] DEBUG org.apache.http.impl.conn.PoolingHttpClientConnectionManager  - Connection leased: [id: 88][route: {}->http://localhost:7219][total kept alive: 0; route allocated: 1 of 2000; total allocated: 1 of 2000]
105407 [Forwarding findElement on session c5bf1d259c068ae76f99adfff79e8f20 to remote] DEBUG org.apache.http.impl.execchain.MainClientExec  - Opening connection {}->http://localhost:7219
105407 [Forwarding findElement on session c5bf1d259c068ae76f99adfff79e8f20 to remote] DEBUG org.apache.http.impl.execchain.MainClientExec  - Opening connection {}->http://localhost:7219
105407 [Forwarding findElement on session c5bf1d259c068ae76f99adfff79e8f20 to remote] DEBUG org.apache.http.impl.execchain.MainClientExec  - Opening connection {}->http://localhost:7219
105407 [Forwarding findElement on session c5bf1d259c068ae76f99adfff79e8f20 to remote] DEBUG org.apache.http.impl.conn.DefaultHttpClientConnectionOperator  - Connecting to localhost/127.0.0.1:7219
105407 [Forwarding findElement on session c5bf1d259c068ae76f99adfff79e8f20 to remote] DEBUG org.apache.http.impl.conn.DefaultHttpClientConnectionOperator  - Connecting to localhost/127.0.0.1:7219
105407 [Forwarding findElement on session c5bf1d259c068ae76f99adfff79e8f20 to remote] DEBUG org.apache.http.impl.conn.DefaultHttpClientConnectionOperator  - Connecting to localhost/127.0.0.1:7219
105408 [Forwarding findElement on session c5bf1d259c068ae76f99adfff79e8f20 to remote] DEBUG org.apache.http.impl.conn.DefaultHttpClientConnectionOperator  - Connection established 127.0.0.1:52989<->127.0.0.1:7219
105408 [Forwarding findElement on session c5bf1d259c068ae76f99adfff79e8f20 to remote] DEBUG org.apache.http.impl.conn.DefaultHttpClientConnectionOperator  - Connection established 127.0.0.1:52989<->127.0.0.1:7219
105408 [Forwarding findElement on session c5bf1d259c068ae76f99adfff79e8f20 to remote] DEBUG org.apache.http.impl.conn.DefaultHttpClientConnectionOperator  - Connection established 127.0.0.1:52989<->127.0.0.1:7219
105408 [Forwarding findElement on session c5bf1d259c068ae76f99adfff79e8f20 to remote] DEBUG org.apache.http.impl.conn.DefaultManagedHttpClientConnection  - http-outgoing-88: set socket timeout to 10800000
105408 [Forwarding findElement on session c5bf1d259c068ae76f99adfff79e8f20 to remote] DEBUG org.apache.http.impl.conn.DefaultManagedHttpClientConnection  - http-outgoing-88: set socket timeout to 10800000
105408 [Forwarding findElement on session c5bf1d259c068ae76f99adfff79e8f20 to remote] DEBUG org.apache.http.impl.conn.DefaultManagedHttpClientConnection  - http-outgoing-88: set socket timeout to 10800000
105408 [Forwarding findElement on session c5bf1d259c068ae76f99adfff79e8f20 to remote] DEBUG org.apache.http.impl.execchain.MainClientExec  - Executing request POST /session/c5bf1d259c068ae76f99adfff79e8f20/element HTTP/1.1
105408 [Forwarding findElement on session c5bf1d259c068ae76f99adfff79e8f20 to remote] DEBUG org.apache.http.impl.execchain.MainClientExec  - Executing request POST /session/c5bf1d259c068ae76f99adfff79e8f20/element HTTP/1.1
105408 [Forwarding findElement on session c5bf1d259c068ae76f99adfff79e8f20 to remote] DEBUG org.apache.http.impl.execchain.MainClientExec  - Executing request POST /session/c5bf1d259c068ae76f99adfff79e8f20/element HTTP/1.1
105408 [Forwarding findElement on session c5bf1d259c068ae76f99adfff79e8f20 to remote] DEBUG org.apache.http.impl.execchain.MainClientExec  - Target auth state: UNCHALLENGED
105408 [Forwarding findElement on session c5bf1d259c068ae76f99adfff79e8f20 to remote] DEBUG org.apache.http.impl.execchain.MainClientExec  - Target auth state: UNCHALLENGED
105408 [Forwarding findElement on session c5bf1d259c068ae76f99adfff79e8f20 to remote] DEBUG org.apache.http.impl.execchain.MainClientExec  - Target auth state: UNCHALLENGED
105408 [Forwarding findElement on session c5bf1d259c068ae76f99adfff79e8f20 to remote] DEBUG org.apache.http.impl.execchain.MainClientExec  - Proxy auth state: UNCHALLENGED
105408 [Forwarding findElement on session c5bf1d259c068ae76f99adfff79e8f20 to remote] DEBUG org.apache.http.impl.execchain.MainClientExec  - Proxy auth state: UNCHALLENGED
105408 [Forwarding findElement on session c5bf1d259c068ae76f99adfff79e8f20 to remote] DEBUG org.apache.http.impl.execchain.MainClientExec  - Proxy auth state: UNCHALLENGED
105408 [Forwarding findElement on session c5bf1d259c068ae76f99adfff79e8f20 to remote] DEBUG org.apache.http.headers  - http-outgoing-88 >> POST /session/c5bf1d259c068ae76f99adfff79e8f20/element HTTP/1.1
105408 [Forwarding findElement on session c5bf1d259c068ae76f99adfff79e8f20 to remote] DEBUG org.apache.http.headers  - http-outgoing-88 >> POST /session/c5bf1d259c068ae76f99adfff79e8f20/element HTTP/1.1
105408 [Forwarding findElement on session c5bf1d259c068ae76f99adfff79e8f20 to remote] DEBUG org.apache.http.headers  - http-outgoing-88 >> POST /session/c5bf1d259c068ae76f99adfff79e8f20/element HTTP/1.1
105408 [Forwarding findElement on session c5bf1d259c068ae76f99adfff79e8f20 to remote] DEBUG org.apache.http.headers  - http-outgoing-88 >> Content-Type: application/json; charset=utf-8
105408 [Forwarding findElement on session c5bf1d259c068ae76f99adfff79e8f20 to remote] DEBUG org.apache.http.headers  - http-outgoing-88 >> Content-Type: application/json; charset=utf-8
105408 [Forwarding findElement on session c5bf1d259c068ae76f99adfff79e8f20 to remote] DEBUG org.apache.http.headers  - http-outgoing-88 >> Content-Type: application/json; charset=utf-8
105408 [Forwarding findElement on session c5bf1d259c068ae76f99adfff79e8f20 to remote] DEBUG org.apache.http.headers  - http-outgoing-88 >> Content-Length: 60
105408 [Forwarding findElement on session c5bf1d259c068ae76f99adfff79e8f20 to remote] DEBUG org.apache.http.headers  - http-outgoing-88 >> Content-Length: 60
105408 [Forwarding findElement on session c5bf1d259c068ae76f99adfff79e8f20 to remote] DEBUG org.apache.http.headers  - http-outgoing-88 >> Content-Length: 60
105408 [Forwarding findElement on session c5bf1d259c068ae76f99adfff79e8f20 to remote] DEBUG org.apache.http.headers  - http-outgoing-88 >> Host: localhost:7219
105408 [Forwarding findElement on session c5bf1d259c068ae76f99adfff79e8f20 to remote] DEBUG org.apache.http.headers  - http-outgoing-88 >> Host: localhost:7219
105408 [Forwarding findElement on session c5bf1d259c068ae76f99adfff79e8f20 to remote] DEBUG org.apache.http.headers  - http-outgoing-88 >> Host: localhost:7219
105408 [Forwarding findElement on session c5bf1d259c068ae76f99adfff79e8f20 to remote] DEBUG org.apache.http.headers  - http-outgoing-88 >> Connection: Keep-Alive
105408 [Forwarding findElement on session c5bf1d259c068ae76f99adfff79e8f20 to remote] DEBUG org.apache.http.headers  - http-outgoing-88 >> Connection: Keep-Alive
105408 [Forwarding findElement on session c5bf1d259c068ae76f99adfff79e8f20 to remote] DEBUG org.apache.http.headers  - http-outgoing-88 >> Connection: Keep-Alive
105408 [Forwarding findElement on session c5bf1d259c068ae76f99adfff79e8f20 to remote] DEBUG org.apache.http.headers  - http-outgoing-88 >> User-Agent: Apache-HttpClient/4.5.2 (Java/1.8.0_91)
105408 [Forwarding findElement on session c5bf1d259c068ae76f99adfff79e8f20 to remote] DEBUG org.apache.http.headers  - http-outgoing-88 >> User-Agent: Apache-HttpClient/4.5.2 (Java/1.8.0_91)
105408 [Forwarding findElement on session c5bf1d259c068ae76f99adfff79e8f20 to remote] DEBUG org.apache.http.headers  - http-outgoing-88 >> User-Agent: Apache-HttpClient/4.5.2 (Java/1.8.0_91)
105408 [Forwarding findElement on session c5bf1d259c068ae76f99adfff79e8f20 to remote] DEBUG org.apache.http.headers  - http-outgoing-88 >> Accept-Encoding: gzip,deflate
105408 [Forwarding findElement on session c5bf1d259c068ae76f99adfff79e8f20 to remote] DEBUG org.apache.http.headers  - http-outgoing-88 >> Accept-Encoding: gzip,deflate
105408 [Forwarding findElement on session c5bf1d259c068ae76f99adfff79e8f20 to remote] DEBUG org.apache.http.headers  - http-outgoing-88 >> Accept-Encoding: gzip,deflate
105408 [Forwarding findElement on session c5bf1d259c068ae76f99adfff79e8f20 to remote] DEBUG org.apache.http.wire  - http-outgoing-88 >> "POST /session/c5bf1d259c068ae76f99adfff79e8f20/element HTTP/1.1[\r][\n]"
105408 [Forwarding findElement on session c5bf1d259c068ae76f99adfff79e8f20 to remote] DEBUG org.apache.http.wire  - http-outgoing-88 >> "POST /session/c5bf1d259c068ae76f99adfff79e8f20/element HTTP/1.1[\r][\n]"
105408 [Forwarding findElement on session c5bf1d259c068ae76f99adfff79e8f20 to remote] DEBUG org.apache.http.wire  - http-outgoing-88 >> "POST /session/c5bf1d259c068ae76f99adfff79e8f20/element HTTP/1.1[\r][\n]"
105408 [Forwarding findElement on session c5bf1d259c068ae76f99adfff79e8f20 to remote] DEBUG org.apache.http.wire  - http-outgoing-88 >> "Content-Type: application/json; charset=utf-8[\r][\n]"
105408 [Forwarding findElement on session c5bf1d259c068ae76f99adfff79e8f20 to remote] DEBUG org.apache.http.wire  - http-outgoing-88 >> "Content-Type: application/json; charset=utf-8[\r][\n]"
105408 [Forwarding findElement on session c5bf1d259c068ae76f99adfff79e8f20 to remote] DEBUG org.apache.http.wire  - http-outgoing-88 >> "Content-Type: application/json; charset=utf-8[\r][\n]"
105408 [Forwarding findElement on session c5bf1d259c068ae76f99adfff79e8f20 to remote] DEBUG org.apache.http.wire  - http-outgoing-88 >> "Content-Length: 60[\r][\n]"
105408 [Forwarding findElement on session c5bf1d259c068ae76f99adfff79e8f20 to remote] DEBUG org.apache.http.wire  - http-outgoing-88 >> "Content-Length: 60[\r][\n]"
105408 [Forwarding findElement on session c5bf1d259c068ae76f99adfff79e8f20 to remote] DEBUG org.apache.http.wire  - http-outgoing-88 >> "Content-Length: 60[\r][\n]"
105408 [Forwarding findElement on session c5bf1d259c068ae76f99adfff79e8f20 to remote] DEBUG org.apache.http.wire  - http-outgoing-88 >> "Host: localhost:7219[\r][\n]"
105408 [Forwarding findElement on session c5bf1d259c068ae76f99adfff79e8f20 to remote] DEBUG org.apache.http.wire  - http-outgoing-88 >> "Host: localhost:7219[\r][\n]"
105408 [Forwarding findElement on session c5bf1d259c068ae76f99adfff79e8f20 to remote] DEBUG org.apache.http.wire  - http-outgoing-88 >> "Host: localhost:7219[\r][\n]"
105408 [Forwarding findElement on session c5bf1d259c068ae76f99adfff79e8f20 to remote] DEBUG org.apache.http.wire  - http-outgoing-88 >> "Connection: Keep-Alive[\r][\n]"
105408 [Forwarding findElement on session c5bf1d259c068ae76f99adfff79e8f20 to remote] DEBUG org.apache.http.wire  - http-outgoing-88 >> "Connection: Keep-Alive[\r][\n]"
105408 [Forwarding findElement on session c5bf1d259c068ae76f99adfff79e8f20 to remote] DEBUG org.apache.http.wire  - http-outgoing-88 >> "Connection: Keep-Alive[\r][\n]"
105409 [Forwarding findElement on session c5bf1d259c068ae76f99adfff79e8f20 to remote] DEBUG org.apache.http.wire  - http-outgoing-88 >> "User-Agent: Apache-HttpClient/4.5.2 (Java/1.8.0_91)[\r][\n]"
105409 [Forwarding findElement on session c5bf1d259c068ae76f99adfff79e8f20 to remote] DEBUG org.apache.http.wire  - http-outgoing-88 >> "User-Agent: Apache-HttpClient/4.5.2 (Java/1.8.0_91)[\r][\n]"
105409 [Forwarding findElement on session c5bf1d259c068ae76f99adfff79e8f20 to remote] DEBUG org.apache.http.wire  - http-outgoing-88 >> "User-Agent: Apache-HttpClient/4.5.2 (Java/1.8.0_91)[\r][\n]"
105409 [Forwarding findElement on session c5bf1d259c068ae76f99adfff79e8f20 to remote] DEBUG org.apache.http.wire  - http-outgoing-88 >> "Accept-Encoding: gzip,deflate[\r][\n]"
105409 [Forwarding findElement on session c5bf1d259c068ae76f99adfff79e8f20 to remote] DEBUG org.apache.http.wire  - http-outgoing-88 >> "Accept-Encoding: gzip,deflate[\r][\n]"
105409 [Forwarding findElement on session c5bf1d259c068ae76f99adfff79e8f20 to remote] DEBUG org.apache.http.wire  - http-outgoing-88 >> "Accept-Encoding: gzip,deflate[\r][\n]"
105409 [Forwarding findElement on session c5bf1d259c068ae76f99adfff79e8f20 to remote] DEBUG org.apache.http.wire  - http-outgoing-88 >> "[\r][\n]"
105409 [Forwarding findElement on session c5bf1d259c068ae76f99adfff79e8f20 to remote] DEBUG org.apache.http.wire  - http-outgoing-88 >> "[\r][\n]"
105409 [Forwarding findElement on session c5bf1d259c068ae76f99adfff79e8f20 to remote] DEBUG org.apache.http.wire  - http-outgoing-88 >> "[\r][\n]"
105409 [Forwarding findElement on session c5bf1d259c068ae76f99adfff79e8f20 to remote] DEBUG org.apache.http.wire  - http-outgoing-88 >> "{"using":"css selector","value":".button.js-preview-answer"}"
105409 [Forwarding findElement on session c5bf1d259c068ae76f99adfff79e8f20 to remote] DEBUG org.apache.http.wire  - http-outgoing-88 >> "{"using":"css selector","value":".button.js-preview-answer"}"
105409 [Forwarding findElement on session c5bf1d259c068ae76f99adfff79e8f20 to remote] DEBUG org.apache.http.wire  - http-outgoing-88 >> "{"using":"css selector","value":".button.js-preview-answer"}"
105427 [Forwarding findElement on session c5bf1d259c068ae76f99adfff79e8f20 to remote] DEBUG org.apache.http.wire  - http-outgoing-88 << "HTTP/1.1 200 OK[\r][\n]"
105427 [Forwarding findElement on session c5bf1d259c068ae76f99adfff79e8f20 to remote] DEBUG org.apache.http.wire  - http-outgoing-88 << "HTTP/1.1 200 OK[\r][\n]"
105427 [Forwarding findElement on session c5bf1d259c068ae76f99adfff79e8f20 to remote] DEBUG org.apache.http.wire  - http-outgoing-88 << "HTTP/1.1 200 OK[\r][\n]"
105427 [Forwarding findElement on session c5bf1d259c068ae76f99adfff79e8f20 to remote] DEBUG org.apache.http.wire  - http-outgoing-88 << "Content-Length:102[\r][\n]"
105427 [Forwarding findElement on session c5bf1d259c068ae76f99adfff79e8f20 to remote] DEBUG org.apache.http.wire  - http-outgoing-88 << "Content-Length:102[\r][\n]"
105427 [Forwarding findElement on session c5bf1d259c068ae76f99adfff79e8f20 to remote] DEBUG org.apache.http.wire  - http-outgoing-88 << "Content-Length:102[\r][\n]"
105427 [Forwarding findElement on session c5bf1d259c068ae76f99adfff79e8f20 to remote] DEBUG org.apache.http.wire  - http-outgoing-88 << "Content-Type:application/json; charset=utf-8[\r][\n]"
105427 [Forwarding findElement on session c5bf1d259c068ae76f99adfff79e8f20 to remote] DEBUG org.apache.http.wire  - http-outgoing-88 << "Content-Type:application/json; charset=utf-8[\r][\n]"
105427 [Forwarding findElement on session c5bf1d259c068ae76f99adfff79e8f20 to remote] DEBUG org.apache.http.wire  - http-outgoing-88 << "Content-Type:application/json; charset=utf-8[\r][\n]"
105427 [Forwarding findElement on session c5bf1d259c068ae76f99adfff79e8f20 to remote] DEBUG org.apache.http.wire  - http-outgoing-88 << "Connection:close[\r][\n]"
105427 [Forwarding findElement on session c5bf1d259c068ae76f99adfff79e8f20 to remote] DEBUG org.apache.http.wire  - http-outgoing-88 << "Connection:close[\r][\n]"
105427 [Forwarding findElement on session c5bf1d259c068ae76f99adfff79e8f20 to remote] DEBUG org.apache.http.wire  - http-outgoing-88 << "Connection:close[\r][\n]"
105427 [Forwarding findElement on session c5bf1d259c068ae76f99adfff79e8f20 to remote] DEBUG org.apache.http.wire  - http-outgoing-88 << "[\r][\n]"
105427 [Forwarding findElement on session c5bf1d259c068ae76f99adfff79e8f20 to remote] DEBUG org.apache.http.wire  - http-outgoing-88 << "[\r][\n]"
105427 [Forwarding findElement on session c5bf1d259c068ae76f99adfff79e8f20 to remote] DEBUG org.apache.http.wire  - http-outgoing-88 << "[\r][\n]"
105427 [Forwarding findElement on session c5bf1d259c068ae76f99adfff79e8f20 to remote] DEBUG org.apache.http.wire  - http-outgoing-88 << "{"sessionId":"c5bf1d259c068ae76f99adfff79e8f20","status":0,"value":{"ELEMENT":"0.6258486912706411-3"}}"
105427 [Forwarding findElement on session c5bf1d259c068ae76f99adfff79e8f20 to remote] DEBUG org.apache.http.wire  - http-outgoing-88 << "{"sessionId":"c5bf1d259c068ae76f99adfff79e8f20","status":0,"value":{"ELEMENT":"0.6258486912706411-3"}}"
105427 [Forwarding findElement on session c5bf1d259c068ae76f99adfff79e8f20 to remote] DEBUG org.apache.http.wire  - http-outgoing-88 << "{"sessionId":"c5bf1d259c068ae76f99adfff79e8f20","status":0,"value":{"ELEMENT":"0.6258486912706411-3"}}"
105427 [Forwarding findElement on session c5bf1d259c068ae76f99adfff79e8f20 to remote] DEBUG org.apache.http.headers  - http-outgoing-88 << HTTP/1.1 200 OK
105427 [Forwarding findElement on session c5bf1d259c068ae76f99adfff79e8f20 to remote] DEBUG org.apache.http.headers  - http-outgoing-88 << HTTP/1.1 200 OK
105427 [Forwarding findElement on session c5bf1d259c068ae76f99adfff79e8f20 to remote] DEBUG org.apache.http.headers  - http-outgoing-88 << HTTP/1.1 200 OK
105427 [Forwarding findElement on session c5bf1d259c068ae76f99adfff79e8f20 to remote] DEBUG org.apache.http.headers  - http-outgoing-88 << Content-Length:102
105427 [Forwarding findElement on session c5bf1d259c068ae76f99adfff79e8f20 to remote] DEBUG org.apache.http.headers  - http-outgoing-88 << Content-Length:102
105427 [Forwarding findElement on session c5bf1d259c068ae76f99adfff79e8f20 to remote] DEBUG org.apache.http.headers  - http-outgoing-88 << Content-Length:102
105428 [Forwarding findElement on session c5bf1d259c068ae76f99adfff79e8f20 to remote] DEBUG org.apache.http.headers  - http-outgoing-88 << Content-Type:application/json; charset=utf-8
105428 [Forwarding findElement on session c5bf1d259c068ae76f99adfff79e8f20 to remote] DEBUG org.apache.http.headers  - http-outgoing-88 << Content-Type:application/json; charset=utf-8
105428 [Forwarding findElement on session c5bf1d259c068ae76f99adfff79e8f20 to remote] DEBUG org.apache.http.headers  - http-outgoing-88 << Content-Type:application/json; charset=utf-8
105428 [Forwarding findElement on session c5bf1d259c068ae76f99adfff79e8f20 to remote] DEBUG org.apache.http.headers  - http-outgoing-88 << Connection:close
105428 [Forwarding findElement on session c5bf1d259c068ae76f99adfff79e8f20 to remote] DEBUG org.apache.http.headers  - http-outgoing-88 << Connection:close
105428 [Forwarding findElement on session c5bf1d259c068ae76f99adfff79e8f20 to remote] DEBUG org.apache.http.headers  - http-outgoing-88 << Connection:close
105428 [Forwarding findElement on session c5bf1d259c068ae76f99adfff79e8f20 to remote] DEBUG org.apache.http.impl.conn.DefaultManagedHttpClientConnection  - http-outgoing-88: Close connection
105428 [Forwarding findElement on session c5bf1d259c068ae76f99adfff79e8f20 to remote] DEBUG org.apache.http.impl.conn.DefaultManagedHttpClientConnection  - http-outgoing-88: Close connection
105428 [Forwarding findElement on session c5bf1d259c068ae76f99adfff79e8f20 to remote] DEBUG org.apache.http.impl.conn.DefaultManagedHttpClientConnection  - http-outgoing-88: Close connection
105428 [Forwarding findElement on session c5bf1d259c068ae76f99adfff79e8f20 to remote] DEBUG org.apache.http.impl.execchain.MainClientExec  - Connection discarded
105428 [Forwarding findElement on session c5bf1d259c068ae76f99adfff79e8f20 to remote] DEBUG org.apache.http.impl.execchain.MainClientExec  - Connection discarded
105428 [Forwarding findElement on session c5bf1d259c068ae76f99adfff79e8f20 to remote] DEBUG org.apache.http.impl.execchain.MainClientExec  - Connection discarded
105428 [Forwarding findElement on session c5bf1d259c068ae76f99adfff79e8f20 to remote] DEBUG org.apache.http.impl.conn.PoolingHttpClientConnectionManager  - Connection released: [id: 88][route: {}->http://localhost:7219][total kept alive: 0; route allocated: 0 of 2000; total allocated: 0 of 2000]
105428 [Forwarding findElement on session c5bf1d259c068ae76f99adfff79e8f20 to remote] DEBUG org.apache.http.impl.conn.PoolingHttpClientConnectionManager  - Connection released: [id: 88][route: {}->http://localhost:7219][total kept alive: 0; route allocated: 0 of 2000; total allocated: 0 of 2000]
105428 [Forwarding findElement on session c5bf1d259c068ae76f99adfff79e8f20 to remote] DEBUG org.apache.http.impl.conn.PoolingHttpClientConnectionManager  - Connection released: [id: 88][route: {}->http://localhost:7219][total kept alive: 0; route allocated: 0 of 2000; total allocated: 0 of 2000]
105429 [Forwarding clickElement on session c5bf1d259c068ae76f99adfff79e8f20 to remote] DEBUG org.apache.http.client.protocol.RequestAddCookies  - CookieSpec selected: default
105429 [Forwarding clickElement on session c5bf1d259c068ae76f99adfff79e8f20 to remote] DEBUG org.apache.http.client.protocol.RequestAddCookies  - CookieSpec selected: default
105429 [Forwarding clickElement on session c5bf1d259c068ae76f99adfff79e8f20 to remote] DEBUG org.apache.http.client.protocol.RequestAddCookies  - CookieSpec selected: default
105429 [Forwarding clickElement on session c5bf1d259c068ae76f99adfff79e8f20 to remote] DEBUG org.apache.http.client.protocol.RequestAuthCache  - Auth cache not set in the context
105429 [Forwarding clickElement on session c5bf1d259c068ae76f99adfff79e8f20 to remote] DEBUG org.apache.http.client.protocol.RequestAuthCache  - Auth cache not set in the context
105429 [Forwarding clickElement on session c5bf1d259c068ae76f99adfff79e8f20 to remote] DEBUG org.apache.http.client.protocol.RequestAuthCache  - Auth cache not set in the context
105429 [Forwarding clickElement on session c5bf1d259c068ae76f99adfff79e8f20 to remote] DEBUG org.apache.http.impl.conn.PoolingHttpClientConnectionManager  - Connection request: [route: {}->http://localhost:7219][total kept alive: 0; route allocated: 0 of 2000; total allocated: 0 of 2000]
105429 [Forwarding clickElement on session c5bf1d259c068ae76f99adfff79e8f20 to remote] DEBUG org.apache.http.impl.conn.PoolingHttpClientConnectionManager  - Connection request: [route: {}->http://localhost:7219][total kept alive: 0; route allocated: 0 of 2000; total allocated: 0 of 2000]
105429 [Forwarding clickElement on session c5bf1d259c068ae76f99adfff79e8f20 to remote] DEBUG org.apache.http.impl.conn.PoolingHttpClientConnectionManager  - Connection request: [route: {}->http://localhost:7219][total kept alive: 0; route allocated: 0 of 2000; total allocated: 0 of 2000]
105429 [Forwarding clickElement on session c5bf1d259c068ae76f99adfff79e8f20 to remote] DEBUG org.apache.http.impl.conn.PoolingHttpClientConnectionManager  - Connection leased: [id: 89][route: {}->http://localhost:7219][total kept alive: 0; route allocated: 1 of 2000; total allocated: 1 of 2000]
105429 [Forwarding clickElement on session c5bf1d259c068ae76f99adfff79e8f20 to remote] DEBUG org.apache.http.impl.conn.PoolingHttpClientConnectionManager  - Connection leased: [id: 89][route: {}->http://localhost:7219][total kept alive: 0; route allocated: 1 of 2000; total allocated: 1 of 2000]
105429 [Forwarding clickElement on session c5bf1d259c068ae76f99adfff79e8f20 to remote] DEBUG org.apache.http.impl.conn.PoolingHttpClientConnectionManager  - Connection leased: [id: 89][route: {}->http://localhost:7219][total kept alive: 0; route allocated: 1 of 2000; total allocated: 1 of 2000]
105429 [Forwarding clickElement on session c5bf1d259c068ae76f99adfff79e8f20 to remote] DEBUG org.apache.http.impl.execchain.MainClientExec  - Opening connection {}->http://localhost:7219
105429 [Forwarding clickElement on session c5bf1d259c068ae76f99adfff79e8f20 to remote] DEBUG org.apache.http.impl.execchain.MainClientExec  - Opening connection {}->http://localhost:7219
105429 [Forwarding clickElement on session c5bf1d259c068ae76f99adfff79e8f20 to remote] DEBUG org.apache.http.impl.execchain.MainClientExec  - Opening connection {}->http://localhost:7219
105430 [Forwarding clickElement on session c5bf1d259c068ae76f99adfff79e8f20 to remote] DEBUG org.apache.http.impl.conn.DefaultHttpClientConnectionOperator  - Connecting to localhost/127.0.0.1:7219
105430 [Forwarding clickElement on session c5bf1d259c068ae76f99adfff79e8f20 to remote] DEBUG org.apache.http.impl.conn.DefaultHttpClientConnectionOperator  - Connecting to localhost/127.0.0.1:7219
105430 [Forwarding clickElement on session c5bf1d259c068ae76f99adfff79e8f20 to remote] DEBUG org.apache.http.impl.conn.DefaultHttpClientConnectionOperator  - Connecting to localhost/127.0.0.1:7219
105430 [Forwarding clickElement on session c5bf1d259c068ae76f99adfff79e8f20 to remote] DEBUG org.apache.http.impl.conn.DefaultHttpClientConnectionOperator  - Connection established 127.0.0.1:52990<->127.0.0.1:7219
105430 [Forwarding clickElement on session c5bf1d259c068ae76f99adfff79e8f20 to remote] DEBUG org.apache.http.impl.conn.DefaultHttpClientConnectionOperator  - Connection established 127.0.0.1:52990<->127.0.0.1:7219
105430 [Forwarding clickElement on session c5bf1d259c068ae76f99adfff79e8f20 to remote] DEBUG org.apache.http.impl.conn.DefaultHttpClientConnectionOperator  - Connection established 127.0.0.1:52990<->127.0.0.1:7219
105430 [Forwarding clickElement on session c5bf1d259c068ae76f99adfff79e8f20 to remote] DEBUG org.apache.http.impl.conn.DefaultManagedHttpClientConnection  - http-outgoing-89: set socket timeout to 10800000
105430 [Forwarding clickElement on session c5bf1d259c068ae76f99adfff79e8f20 to remote] DEBUG org.apache.http.impl.conn.DefaultManagedHttpClientConnection  - http-outgoing-89: set socket timeout to 10800000
105430 [Forwarding clickElement on session c5bf1d259c068ae76f99adfff79e8f20 to remote] DEBUG org.apache.http.impl.conn.DefaultManagedHttpClientConnection  - http-outgoing-89: set socket timeout to 10800000
105430 [Forwarding clickElement on session c5bf1d259c068ae76f99adfff79e8f20 to remote] DEBUG org.apache.http.impl.execchain.MainClientExec  - Executing request POST /session/c5bf1d259c068ae76f99adfff79e8f20/element/0.6258486912706411-3/click HTTP/1.1
105430 [Forwarding clickElement on session c5bf1d259c068ae76f99adfff79e8f20 to remote] DEBUG org.apache.http.impl.execchain.MainClientExec  - Executing request POST /session/c5bf1d259c068ae76f99adfff79e8f20/element/0.6258486912706411-3/click HTTP/1.1
105430 [Forwarding clickElement on session c5bf1d259c068ae76f99adfff79e8f20 to remote] DEBUG org.apache.http.impl.execchain.MainClientExec  - Executing request POST /session/c5bf1d259c068ae76f99adfff79e8f20/element/0.6258486912706411-3/click HTTP/1.1
105430 [Forwarding clickElement on session c5bf1d259c068ae76f99adfff79e8f20 to remote] DEBUG org.apache.http.impl.execchain.MainClientExec  - Target auth state: UNCHALLENGED
105430 [Forwarding clickElement on session c5bf1d259c068ae76f99adfff79e8f20 to remote] DEBUG org.apache.http.impl.execchain.MainClientExec  - Target auth state: UNCHALLENGED
105430 [Forwarding clickElement on session c5bf1d259c068ae76f99adfff79e8f20 to remote] DEBUG org.apache.http.impl.execchain.MainClientExec  - Target auth state: UNCHALLENGED
105430 [Forwarding clickElement on session c5bf1d259c068ae76f99adfff79e8f20 to remote] DEBUG org.apache.http.impl.execchain.MainClientExec  - Proxy auth state: UNCHALLENGED
105430 [Forwarding clickElement on session c5bf1d259c068ae76f99adfff79e8f20 to remote] DEBUG org.apache.http.impl.execchain.MainClientExec  - Proxy auth state: UNCHALLENGED
105430 [Forwarding clickElement on session c5bf1d259c068ae76f99adfff79e8f20 to remote] DEBUG org.apache.http.impl.execchain.MainClientExec  - Proxy auth state: UNCHALLENGED
105430 [Forwarding clickElement on session c5bf1d259c068ae76f99adfff79e8f20 to remote] DEBUG org.apache.http.headers  - http-outgoing-89 >> POST /session/c5bf1d259c068ae76f99adfff79e8f20/element/0.6258486912706411-3/click HTTP/1.1
105430 [Forwarding clickElement on session c5bf1d259c068ae76f99adfff79e8f20 to remote] DEBUG org.apache.http.headers  - http-outgoing-89 >> POST /session/c5bf1d259c068ae76f99adfff79e8f20/element/0.6258486912706411-3/click HTTP/1.1
105430 [Forwarding clickElement on session c5bf1d259c068ae76f99adfff79e8f20 to remote] DEBUG org.apache.http.headers  - http-outgoing-89 >> POST /session/c5bf1d259c068ae76f99adfff79e8f20/element/0.6258486912706411-3/click HTTP/1.1
105430 [Forwarding clickElement on session c5bf1d259c068ae76f99adfff79e8f20 to remote] DEBUG org.apache.http.headers  - http-outgoing-89 >> Content-Type: application/json; charset=utf-8
105430 [Forwarding clickElement on session c5bf1d259c068ae76f99adfff79e8f20 to remote] DEBUG org.apache.http.headers  - http-outgoing-89 >> Content-Type: application/json; charset=utf-8
105430 [Forwarding clickElement on session c5bf1d259c068ae76f99adfff79e8f20 to remote] DEBUG org.apache.http.headers  - http-outgoing-89 >> Content-Type: application/json; charset=utf-8
105430 [Forwarding clickElement on session c5bf1d259c068ae76f99adfff79e8f20 to remote] DEBUG org.apache.http.headers  - http-outgoing-89 >> Content-Length: 29
105430 [Forwarding clickElement on session c5bf1d259c068ae76f99adfff79e8f20 to remote] DEBUG org.apache.http.headers  - http-outgoing-89 >> Content-Length: 29
105430 [Forwarding clickElement on session c5bf1d259c068ae76f99adfff79e8f20 to remote] DEBUG org.apache.http.headers  - http-outgoing-89 >> Content-Length: 29
105430 [Forwarding clickElement on session c5bf1d259c068ae76f99adfff79e8f20 to remote] DEBUG org.apache.http.headers  - http-outgoing-89 >> Host: localhost:7219
105430 [Forwarding clickElement on session c5bf1d259c068ae76f99adfff79e8f20 to remote] DEBUG org.apache.http.headers  - http-outgoing-89 >> Host: localhost:7219
105430 [Forwarding clickElement on session c5bf1d259c068ae76f99adfff79e8f20 to remote] DEBUG org.apache.http.headers  - http-outgoing-89 >> Host: localhost:7219
105430 [Forwarding clickElement on session c5bf1d259c068ae76f99adfff79e8f20 to remote] DEBUG org.apache.http.headers  - http-outgoing-89 >> Connection: Keep-Alive
105430 [Forwarding clickElement on session c5bf1d259c068ae76f99adfff79e8f20 to remote] DEBUG org.apache.http.headers  - http-outgoing-89 >> Connection: Keep-Alive
105430 [Forwarding clickElement on session c5bf1d259c068ae76f99adfff79e8f20 to remote] DEBUG org.apache.http.headers  - http-outgoing-89 >> Connection: Keep-Alive
105430 [Forwarding clickElement on session c5bf1d259c068ae76f99adfff79e8f20 to remote] DEBUG org.apache.http.headers  - http-outgoing-89 >> User-Agent: Apache-HttpClient/4.5.2 (Java/1.8.0_91)
105430 [Forwarding clickElement on session c5bf1d259c068ae76f99adfff79e8f20 to remote] DEBUG org.apache.http.headers  - http-outgoing-89 >> User-Agent: Apache-HttpClient/4.5.2 (Java/1.8.0_91)
105430 [Forwarding clickElement on session c5bf1d259c068ae76f99adfff79e8f20 to remote] DEBUG org.apache.http.headers  - http-outgoing-89 >> User-Agent: Apache-HttpClient/4.5.2 (Java/1.8.0_91)
105430 [Forwarding clickElement on session c5bf1d259c068ae76f99adfff79e8f20 to remote] DEBUG org.apache.http.headers  - http-outgoing-89 >> Accept-Encoding: gzip,deflate
105430 [Forwarding clickElement on session c5bf1d259c068ae76f99adfff79e8f20 to remote] DEBUG org.apache.http.headers  - http-outgoing-89 >> Accept-Encoding: gzip,deflate
105430 [Forwarding clickElement on session c5bf1d259c068ae76f99adfff79e8f20 to remote] DEBUG org.apache.http.headers  - http-outgoing-89 >> Accept-Encoding: gzip,deflate
105430 [Forwarding clickElement on session c5bf1d259c068ae76f99adfff79e8f20 to remote] DEBUG org.apache.http.wire  - http-outgoing-89 >> "POST /session/c5bf1d259c068ae76f99adfff79e8f20/element/0.6258486912706411-3/click HTTP/1.1[\r][\n]"
105430 [Forwarding clickElement on session c5bf1d259c068ae76f99adfff79e8f20 to remote] DEBUG org.apache.http.wire  - http-outgoing-89 >> "POST /session/c5bf1d259c068ae76f99adfff79e8f20/element/0.6258486912706411-3/click HTTP/1.1[\r][\n]"
105430 [Forwarding clickElement on session c5bf1d259c068ae76f99adfff79e8f20 to remote] DEBUG org.apache.http.wire  - http-outgoing-89 >> "POST /session/c5bf1d259c068ae76f99adfff79e8f20/element/0.6258486912706411-3/click HTTP/1.1[\r][\n]"
105430 [Forwarding clickElement on session c5bf1d259c068ae76f99adfff79e8f20 to remote] DEBUG org.apache.http.wire  - http-outgoing-89 >> "Content-Type: application/json; charset=utf-8[\r][\n]"
105430 [Forwarding clickElement on session c5bf1d259c068ae76f99adfff79e8f20 to remote] DEBUG org.apache.http.wire  - http-outgoing-89 >> "Content-Type: application/json; charset=utf-8[\r][\n]"
105430 [Forwarding clickElement on session c5bf1d259c068ae76f99adfff79e8f20 to remote] DEBUG org.apache.http.wire  - http-outgoing-89 >> "Content-Type: application/json; charset=utf-8[\r][\n]"
105430 [Forwarding clickElement on session c5bf1d259c068ae76f99adfff79e8f20 to remote] DEBUG org.apache.http.wire  - http-outgoing-89 >> "Content-Length: 29[\r][\n]"
105430 [Forwarding clickElement on session c5bf1d259c068ae76f99adfff79e8f20 to remote] DEBUG org.apache.http.wire  - http-outgoing-89 >> "Content-Length: 29[\r][\n]"
105430 [Forwarding clickElement on session c5bf1d259c068ae76f99adfff79e8f20 to remote] DEBUG org.apache.http.wire  - http-outgoing-89 >> "Content-Length: 29[\r][\n]"
105431 [Forwarding clickElement on session c5bf1d259c068ae76f99adfff79e8f20 to remote] DEBUG org.apache.http.wire  - http-outgoing-89 >> "Host: localhost:7219[\r][\n]"
105431 [Forwarding clickElement on session c5bf1d259c068ae76f99adfff79e8f20 to remote] DEBUG org.apache.http.wire  - http-outgoing-89 >> "Host: localhost:7219[\r][\n]"
105431 [Forwarding clickElement on session c5bf1d259c068ae76f99adfff79e8f20 to remote] DEBUG org.apache.http.wire  - http-outgoing-89 >> "Host: localhost:7219[\r][\n]"
105431 [Forwarding clickElement on session c5bf1d259c068ae76f99adfff79e8f20 to remote] DEBUG org.apache.http.wire  - http-outgoing-89 >> "Connection: Keep-Alive[\r][\n]"
105431 [Forwarding clickElement on session c5bf1d259c068ae76f99adfff79e8f20 to remote] DEBUG org.apache.http.wire  - http-outgoing-89 >> "Connection: Keep-Alive[\r][\n]"
105431 [Forwarding clickElement on session c5bf1d259c068ae76f99adfff79e8f20 to remote] DEBUG org.apache.http.wire  - http-outgoing-89 >> "Connection: Keep-Alive[\r][\n]"
105431 [Forwarding clickElement on session c5bf1d259c068ae76f99adfff79e8f20 to remote] DEBUG org.apache.http.wire  - http-outgoing-89 >> "User-Agent: Apache-HttpClient/4.5.2 (Java/1.8.0_91)[\r][\n]"
105431 [Forwarding clickElement on session c5bf1d259c068ae76f99adfff79e8f20 to remote] DEBUG org.apache.http.wire  - http-outgoing-89 >> "User-Agent: Apache-HttpClient/4.5.2 (Java/1.8.0_91)[\r][\n]"
105431 [Forwarding clickElement on session c5bf1d259c068ae76f99adfff79e8f20 to remote] DEBUG org.apache.http.wire  - http-outgoing-89 >> "User-Agent: Apache-HttpClient/4.5.2 (Java/1.8.0_91)[\r][\n]"
105431 [Forwarding clickElement on session c5bf1d259c068ae76f99adfff79e8f20 to remote] DEBUG org.apache.http.wire  - http-outgoing-89 >> "Accept-Encoding: gzip,deflate[\r][\n]"
105431 [Forwarding clickElement on session c5bf1d259c068ae76f99adfff79e8f20 to remote] DEBUG org.apache.http.wire  - http-outgoing-89 >> "Accept-Encoding: gzip,deflate[\r][\n]"
105431 [Forwarding clickElement on session c5bf1d259c068ae76f99adfff79e8f20 to remote] DEBUG org.apache.http.wire  - http-outgoing-89 >> "Accept-Encoding: gzip,deflate[\r][\n]"
105431 [Forwarding clickElement on session c5bf1d259c068ae76f99adfff79e8f20 to remote] DEBUG org.apache.http.wire  - http-outgoing-89 >> "[\r][\n]"
105431 [Forwarding clickElement on session c5bf1d259c068ae76f99adfff79e8f20 to remote] DEBUG org.apache.http.wire  - http-outgoing-89 >> "[\r][\n]"
105431 [Forwarding clickElement on session c5bf1d259c068ae76f99adfff79e8f20 to remote] DEBUG org.apache.http.wire  - http-outgoing-89 >> "[\r][\n]"
105431 [Forwarding clickElement on session c5bf1d259c068ae76f99adfff79e8f20 to remote] DEBUG org.apache.http.wire  - http-outgoing-89 >> "{"id":"0.6258486912706411-3"}"
105431 [Forwarding clickElement on session c5bf1d259c068ae76f99adfff79e8f20 to remote] DEBUG org.apache.http.wire  - http-outgoing-89 >> "{"id":"0.6258486912706411-3"}"
105431 [Forwarding clickElement on session c5bf1d259c068ae76f99adfff79e8f20 to remote] DEBUG org.apache.http.wire  - http-outgoing-89 >> "{"id":"0.6258486912706411-3"}"
105472 [Forwarding clickElement on session c5bf1d259c068ae76f99adfff79e8f20 to remote] DEBUG org.apache.http.wire  - http-outgoing-89 << "HTTP/1.1 200 OK[\r][\n]"
105472 [Forwarding clickElement on session c5bf1d259c068ae76f99adfff79e8f20 to remote] DEBUG org.apache.http.wire  - http-outgoing-89 << "HTTP/1.1 200 OK[\r][\n]"
105472 [Forwarding clickElement on session c5bf1d259c068ae76f99adfff79e8f20 to remote] DEBUG org.apache.http.wire  - http-outgoing-89 << "HTTP/1.1 200 OK[\r][\n]"
105472 [Forwarding clickElement on session c5bf1d259c068ae76f99adfff79e8f20 to remote] DEBUG org.apache.http.wire  - http-outgoing-89 << "Content-Length:72[\r][\n]"
105472 [Forwarding clickElement on session c5bf1d259c068ae76f99adfff79e8f20 to remote] DEBUG org.apache.http.wire  - http-outgoing-89 << "Content-Length:72[\r][\n]"
105472 [Forwarding clickElement on session c5bf1d259c068ae76f99adfff79e8f20 to remote] DEBUG org.apache.http.wire  - http-outgoing-89 << "Content-Length:72[\r][\n]"
105472 [Forwarding clickElement on session c5bf1d259c068ae76f99adfff79e8f20 to remote] DEBUG org.apache.http.wire  - http-outgoing-89 << "Content-Type:application/json; charset=utf-8[\r][\n]"
105472 [Forwarding clickElement on session c5bf1d259c068ae76f99adfff79e8f20 to remote] DEBUG org.apache.http.wire  - http-outgoing-89 << "Content-Type:application/json; charset=utf-8[\r][\n]"
105472 [Forwarding clickElement on session c5bf1d259c068ae76f99adfff79e8f20 to remote] DEBUG org.apache.http.wire  - http-outgoing-89 << "Content-Type:application/json; charset=utf-8[\r][\n]"
105472 [Forwarding clickElement on session c5bf1d259c068ae76f99adfff79e8f20 to remote] DEBUG org.apache.http.wire  - http-outgoing-89 << "Connection:close[\r][\n]"
105472 [Forwarding clickElement on session c5bf1d259c068ae76f99adfff79e8f20 to remote] DEBUG org.apache.http.wire  - http-outgoing-89 << "Connection:close[\r][\n]"
105472 [Forwarding clickElement on session c5bf1d259c068ae76f99adfff79e8f20 to remote] DEBUG org.apache.http.wire  - http-outgoing-89 << "Connection:close[\r][\n]"
105472 [Forwarding clickElement on session c5bf1d259c068ae76f99adfff79e8f20 to remote] DEBUG org.apache.http.wire  - http-outgoing-89 << "[\r][\n]"
105472 [Forwarding clickElement on session c5bf1d259c068ae76f99adfff79e8f20 to remote] DEBUG org.apache.http.wire  - http-outgoing-89 << "[\r][\n]"
105472 [Forwarding clickElement on session c5bf1d259c068ae76f99adfff79e8f20 to remote] DEBUG org.apache.http.wire  - http-outgoing-89 << "[\r][\n]"
105472 [Forwarding clickElement on session c5bf1d259c068ae76f99adfff79e8f20 to remote] DEBUG org.apache.http.wire  - http-outgoing-89 << "{"sessionId":"c5bf1d259c068ae76f99adfff79e8f20","status":0,"value":null}"
105472 [Forwarding clickElement on session c5bf1d259c068ae76f99adfff79e8f20 to remote] DEBUG org.apache.http.wire  - http-outgoing-89 << "{"sessionId":"c5bf1d259c068ae76f99adfff79e8f20","status":0,"value":null}"
105472 [Forwarding clickElement on session c5bf1d259c068ae76f99adfff79e8f20 to remote] DEBUG org.apache.http.wire  - http-outgoing-89 << "{"sessionId":"c5bf1d259c068ae76f99adfff79e8f20","status":0,"value":null}"
105472 [Forwarding clickElement on session c5bf1d259c068ae76f99adfff79e8f20 to remote] DEBUG org.apache.http.headers  - http-outgoing-89 << HTTP/1.1 200 OK
105472 [Forwarding clickElement on session c5bf1d259c068ae76f99adfff79e8f20 to remote] DEBUG org.apache.http.headers  - http-outgoing-89 << HTTP/1.1 200 OK
105472 [Forwarding clickElement on session c5bf1d259c068ae76f99adfff79e8f20 to remote] DEBUG org.apache.http.headers  - http-outgoing-89 << HTTP/1.1 200 OK
105472 [Forwarding clickElement on session c5bf1d259c068ae76f99adfff79e8f20 to remote] DEBUG org.apache.http.headers  - http-outgoing-89 << Content-Length:72
105472 [Forwarding clickElement on session c5bf1d259c068ae76f99adfff79e8f20 to remote] DEBUG org.apache.http.headers  - http-outgoing-89 << Content-Length:72
105472 [Forwarding clickElement on session c5bf1d259c068ae76f99adfff79e8f20 to remote] DEBUG org.apache.http.headers  - http-outgoing-89 << Content-Length:72
105472 [Forwarding clickElement on session c5bf1d259c068ae76f99adfff79e8f20 to remote] DEBUG org.apache.http.headers  - http-outgoing-89 << Content-Type:application/json; charset=utf-8
105472 [Forwarding clickElement on session c5bf1d259c068ae76f99adfff79e8f20 to remote] DEBUG org.apache.http.headers  - http-outgoing-89 << Content-Type:application/json; charset=utf-8
105472 [Forwarding clickElement on session c5bf1d259c068ae76f99adfff79e8f20 to remote] DEBUG org.apache.http.headers  - http-outgoing-89 << Content-Type:application/json; charset=utf-8
105472 [Forwarding clickElement on session c5bf1d259c068ae76f99adfff79e8f20 to remote] DEBUG org.apache.http.headers  - http-outgoing-89 << Connection:close
105472 [Forwarding clickElement on session c5bf1d259c068ae76f99adfff79e8f20 to remote] DEBUG org.apache.http.headers  - http-outgoing-89 << Connection:close
105472 [Forwarding clickElement on session c5bf1d259c068ae76f99adfff79e8f20 to remote] DEBUG org.apache.http.headers  - http-outgoing-89 << Connection:close
105472 [Forwarding clickElement on session c5bf1d259c068ae76f99adfff79e8f20 to remote] DEBUG org.apache.http.impl.conn.DefaultManagedHttpClientConnection  - http-outgoing-89: Close connection
105472 [Forwarding clickElement on session c5bf1d259c068ae76f99adfff79e8f20 to remote] DEBUG org.apache.http.impl.conn.DefaultManagedHttpClientConnection  - http-outgoing-89: Close connection
105472 [Forwarding clickElement on session c5bf1d259c068ae76f99adfff79e8f20 to remote] DEBUG org.apache.http.impl.conn.DefaultManagedHttpClientConnection  - http-outgoing-89: Close connection
105472 [Forwarding clickElement on session c5bf1d259c068ae76f99adfff79e8f20 to remote] DEBUG org.apache.http.impl.execchain.MainClientExec  - Connection discarded
105472 [Forwarding clickElement on session c5bf1d259c068ae76f99adfff79e8f20 to remote] DEBUG org.apache.http.impl.execchain.MainClientExec  - Connection discarded
105472 [Forwarding clickElement on session c5bf1d259c068ae76f99adfff79e8f20 to remote] DEBUG org.apache.http.impl.execchain.MainClientExec  - Connection discarded
105472 [Forwarding clickElement on session c5bf1d259c068ae76f99adfff79e8f20 to remote] DEBUG org.apache.http.impl.conn.PoolingHttpClientConnectionManager  - Connection released: [id: 89][route: {}->http://localhost:7219][total kept alive: 0; route allocated: 0 of 2000; total allocated: 0 of 2000]
105472 [Forwarding clickElement on session c5bf1d259c068ae76f99adfff79e8f20 to remote] DEBUG org.apache.http.impl.conn.PoolingHttpClientConnectionManager  - Connection released: [id: 89][route: {}->http://localhost:7219][total kept alive: 0; route allocated: 0 of 2000; total allocated: 0 of 2000]
105472 [Forwarding clickElement on session c5bf1d259c068ae76f99adfff79e8f20 to remote] DEBUG org.apache.http.impl.conn.PoolingHttpClientConnectionManager  - Connection released: [id: 89][route: {}->http://localhost:7219][total kept alive: 0; route allocated: 0 of 2000; total allocated: 0 of 2000]
107474 [Forwarding findElement on session c5bf1d259c068ae76f99adfff79e8f20 to remote] DEBUG org.apache.http.client.protocol.RequestAddCookies  - CookieSpec selected: default
107474 [Forwarding findElement on session c5bf1d259c068ae76f99adfff79e8f20 to remote] DEBUG org.apache.http.client.protocol.RequestAddCookies  - CookieSpec selected: default
107474 [Forwarding findElement on session c5bf1d259c068ae76f99adfff79e8f20 to remote] DEBUG org.apache.http.client.protocol.RequestAddCookies  - CookieSpec selected: default
107474 [Forwarding findElement on session c5bf1d259c068ae76f99adfff79e8f20 to remote] DEBUG org.apache.http.client.protocol.RequestAuthCache  - Auth cache not set in the context
107474 [Forwarding findElement on session c5bf1d259c068ae76f99adfff79e8f20 to remote] DEBUG org.apache.http.client.protocol.RequestAuthCache  - Auth cache not set in the context
107474 [Forwarding findElement on session c5bf1d259c068ae76f99adfff79e8f20 to remote] DEBUG org.apache.http.client.protocol.RequestAuthCache  - Auth cache not set in the context
107474 [Forwarding findElement on session c5bf1d259c068ae76f99adfff79e8f20 to remote] DEBUG org.apache.http.impl.conn.PoolingHttpClientConnectionManager  - Connection request: [route: {}->http://localhost:7219][total kept alive: 0; route allocated: 0 of 2000; total allocated: 0 of 2000]
107474 [Forwarding findElement on session c5bf1d259c068ae76f99adfff79e8f20 to remote] DEBUG org.apache.http.impl.conn.PoolingHttpClientConnectionManager  - Connection request: [route: {}->http://localhost:7219][total kept alive: 0; route allocated: 0 of 2000; total allocated: 0 of 2000]
107474 [Forwarding findElement on session c5bf1d259c068ae76f99adfff79e8f20 to remote] DEBUG org.apache.http.impl.conn.PoolingHttpClientConnectionManager  - Connection request: [route: {}->http://localhost:7219][total kept alive: 0; route allocated: 0 of 2000; total allocated: 0 of 2000]
107474 [Forwarding findElement on session c5bf1d259c068ae76f99adfff79e8f20 to remote] DEBUG org.apache.http.impl.conn.PoolingHttpClientConnectionManager  - Connection leased: [id: 90][route: {}->http://localhost:7219][total kept alive: 0; route allocated: 1 of 2000; total allocated: 1 of 2000]
107474 [Forwarding findElement on session c5bf1d259c068ae76f99adfff79e8f20 to remote] DEBUG org.apache.http.impl.conn.PoolingHttpClientConnectionManager  - Connection leased: [id: 90][route: {}->http://localhost:7219][total kept alive: 0; route allocated: 1 of 2000; total allocated: 1 of 2000]
107474 [Forwarding findElement on session c5bf1d259c068ae76f99adfff79e8f20 to remote] DEBUG org.apache.http.impl.conn.PoolingHttpClientConnectionManager  - Connection leased: [id: 90][route: {}->http://localhost:7219][total kept alive: 0; route allocated: 1 of 2000; total allocated: 1 of 2000]
107474 [Forwarding findElement on session c5bf1d259c068ae76f99adfff79e8f20 to remote] DEBUG org.apache.http.impl.execchain.MainClientExec  - Opening connection {}->http://localhost:7219
107474 [Forwarding findElement on session c5bf1d259c068ae76f99adfff79e8f20 to remote] DEBUG org.apache.http.impl.execchain.MainClientExec  - Opening connection {}->http://localhost:7219
107474 [Forwarding findElement on session c5bf1d259c068ae76f99adfff79e8f20 to remote] DEBUG org.apache.http.impl.execchain.MainClientExec  - Opening connection {}->http://localhost:7219
107474 [Forwarding findElement on session c5bf1d259c068ae76f99adfff79e8f20 to remote] DEBUG org.apache.http.impl.conn.DefaultHttpClientConnectionOperator  - Connecting to localhost/127.0.0.1:7219
107474 [Forwarding findElement on session c5bf1d259c068ae76f99adfff79e8f20 to remote] DEBUG org.apache.http.impl.conn.DefaultHttpClientConnectionOperator  - Connecting to localhost/127.0.0.1:7219
107474 [Forwarding findElement on session c5bf1d259c068ae76f99adfff79e8f20 to remote] DEBUG org.apache.http.impl.conn.DefaultHttpClientConnectionOperator  - Connecting to localhost/127.0.0.1:7219
107475 [Forwarding findElement on session c5bf1d259c068ae76f99adfff79e8f20 to remote] DEBUG org.apache.http.impl.conn.DefaultHttpClientConnectionOperator  - Connection established 127.0.0.1:52993<->127.0.0.1:7219
107475 [Forwarding findElement on session c5bf1d259c068ae76f99adfff79e8f20 to remote] DEBUG org.apache.http.impl.conn.DefaultHttpClientConnectionOperator  - Connection established 127.0.0.1:52993<->127.0.0.1:7219
107475 [Forwarding findElement on session c5bf1d259c068ae76f99adfff79e8f20 to remote] DEBUG org.apache.http.impl.conn.DefaultHttpClientConnectionOperator  - Connection established 127.0.0.1:52993<->127.0.0.1:7219
107475 [Forwarding findElement on session c5bf1d259c068ae76f99adfff79e8f20 to remote] DEBUG org.apache.http.impl.conn.DefaultManagedHttpClientConnection  - http-outgoing-90: set socket timeout to 10800000
107475 [Forwarding findElement on session c5bf1d259c068ae76f99adfff79e8f20 to remote] DEBUG org.apache.http.impl.conn.DefaultManagedHttpClientConnection  - http-outgoing-90: set socket timeout to 10800000
107475 [Forwarding findElement on session c5bf1d259c068ae76f99adfff79e8f20 to remote] DEBUG org.apache.http.impl.conn.DefaultManagedHttpClientConnection  - http-outgoing-90: set socket timeout to 10800000
107475 [Forwarding findElement on session c5bf1d259c068ae76f99adfff79e8f20 to remote] DEBUG org.apache.http.impl.execchain.MainClientExec  - Executing request POST /session/c5bf1d259c068ae76f99adfff79e8f20/element HTTP/1.1
107475 [Forwarding findElement on session c5bf1d259c068ae76f99adfff79e8f20 to remote] DEBUG org.apache.http.impl.execchain.MainClientExec  - Executing request POST /session/c5bf1d259c068ae76f99adfff79e8f20/element HTTP/1.1
107475 [Forwarding findElement on session c5bf1d259c068ae76f99adfff79e8f20 to remote] DEBUG org.apache.http.impl.execchain.MainClientExec  - Executing request POST /session/c5bf1d259c068ae76f99adfff79e8f20/element HTTP/1.1
107475 [Forwarding findElement on session c5bf1d259c068ae76f99adfff79e8f20 to remote] DEBUG org.apache.http.impl.execchain.MainClientExec  - Target auth state: UNCHALLENGED
107475 [Forwarding findElement on session c5bf1d259c068ae76f99adfff79e8f20 to remote] DEBUG org.apache.http.impl.execchain.MainClientExec  - Target auth state: UNCHALLENGED
107475 [Forwarding findElement on session c5bf1d259c068ae76f99adfff79e8f20 to remote] DEBUG org.apache.http.impl.execchain.MainClientExec  - Target auth state: UNCHALLENGED
107475 [Forwarding findElement on session c5bf1d259c068ae76f99adfff79e8f20 to remote] DEBUG org.apache.http.impl.execchain.MainClientExec  - Proxy auth state: UNCHALLENGED
107475 [Forwarding findElement on session c5bf1d259c068ae76f99adfff79e8f20 to remote] DEBUG org.apache.http.impl.execchain.MainClientExec  - Proxy auth state: UNCHALLENGED
107475 [Forwarding findElement on session c5bf1d259c068ae76f99adfff79e8f20 to remote] DEBUG org.apache.http.impl.execchain.MainClientExec  - Proxy auth state: UNCHALLENGED
107475 [Forwarding findElement on session c5bf1d259c068ae76f99adfff79e8f20 to remote] DEBUG org.apache.http.headers  - http-outgoing-90 >> POST /session/c5bf1d259c068ae76f99adfff79e8f20/element HTTP/1.1
107475 [Forwarding findElement on session c5bf1d259c068ae76f99adfff79e8f20 to remote] DEBUG org.apache.http.headers  - http-outgoing-90 >> POST /session/c5bf1d259c068ae76f99adfff79e8f20/element HTTP/1.1
107475 [Forwarding findElement on session c5bf1d259c068ae76f99adfff79e8f20 to remote] DEBUG org.apache.http.headers  - http-outgoing-90 >> POST /session/c5bf1d259c068ae76f99adfff79e8f20/element HTTP/1.1
107475 [Forwarding findElement on session c5bf1d259c068ae76f99adfff79e8f20 to remote] DEBUG org.apache.http.headers  - http-outgoing-90 >> Content-Type: application/json; charset=utf-8
107475 [Forwarding findElement on session c5bf1d259c068ae76f99adfff79e8f20 to remote] DEBUG org.apache.http.headers  - http-outgoing-90 >> Content-Type: application/json; charset=utf-8
107475 [Forwarding findElement on session c5bf1d259c068ae76f99adfff79e8f20 to remote] DEBUG org.apache.http.headers  - http-outgoing-90 >> Content-Type: application/json; charset=utf-8
107475 [Forwarding findElement on session c5bf1d259c068ae76f99adfff79e8f20 to remote] DEBUG org.apache.http.headers  - http-outgoing-90 >> Content-Length: 46
107475 [Forwarding findElement on session c5bf1d259c068ae76f99adfff79e8f20 to remote] DEBUG org.apache.http.headers  - http-outgoing-90 >> Content-Length: 46
107475 [Forwarding findElement on session c5bf1d259c068ae76f99adfff79e8f20 to remote] DEBUG org.apache.http.headers  - http-outgoing-90 >> Content-Length: 46
107475 [Forwarding findElement on session c5bf1d259c068ae76f99adfff79e8f20 to remote] DEBUG org.apache.http.headers  - http-outgoing-90 >> Host: localhost:7219
107475 [Forwarding findElement on session c5bf1d259c068ae76f99adfff79e8f20 to remote] DEBUG org.apache.http.headers  - http-outgoing-90 >> Host: localhost:7219
107475 [Forwarding findElement on session c5bf1d259c068ae76f99adfff79e8f20 to remote] DEBUG org.apache.http.headers  - http-outgoing-90 >> Host: localhost:7219
107475 [Forwarding findElement on session c5bf1d259c068ae76f99adfff79e8f20 to remote] DEBUG org.apache.http.headers  - http-outgoing-90 >> Connection: Keep-Alive
107475 [Forwarding findElement on session c5bf1d259c068ae76f99adfff79e8f20 to remote] DEBUG org.apache.http.headers  - http-outgoing-90 >> Connection: Keep-Alive
107475 [Forwarding findElement on session c5bf1d259c068ae76f99adfff79e8f20 to remote] DEBUG org.apache.http.headers  - http-outgoing-90 >> Connection: Keep-Alive
107475 [Forwarding findElement on session c5bf1d259c068ae76f99adfff79e8f20 to remote] DEBUG org.apache.http.headers  - http-outgoing-90 >> User-Agent: Apache-HttpClient/4.5.2 (Java/1.8.0_91)
107475 [Forwarding findElement on session c5bf1d259c068ae76f99adfff79e8f20 to remote] DEBUG org.apache.http.headers  - http-outgoing-90 >> User-Agent: Apache-HttpClient/4.5.2 (Java/1.8.0_91)
107475 [Forwarding findElement on session c5bf1d259c068ae76f99adfff79e8f20 to remote] DEBUG org.apache.http.headers  - http-outgoing-90 >> User-Agent: Apache-HttpClient/4.5.2 (Java/1.8.0_91)
107475 [Forwarding findElement on session c5bf1d259c068ae76f99adfff79e8f20 to remote] DEBUG org.apache.http.headers  - http-outgoing-90 >> Accept-Encoding: gzip,deflate
107475 [Forwarding findElement on session c5bf1d259c068ae76f99adfff79e8f20 to remote] DEBUG org.apache.http.headers  - http-outgoing-90 >> Accept-Encoding: gzip,deflate
107475 [Forwarding findElement on session c5bf1d259c068ae76f99adfff79e8f20 to remote] DEBUG org.apache.http.headers  - http-outgoing-90 >> Accept-Encoding: gzip,deflate
107475 [Forwarding findElement on session c5bf1d259c068ae76f99adfff79e8f20 to remote] DEBUG org.apache.http.wire  - http-outgoing-90 >> "POST /session/c5bf1d259c068ae76f99adfff79e8f20/element HTTP/1.1[\r][\n]"
107475 [Forwarding findElement on session c5bf1d259c068ae76f99adfff79e8f20 to remote] DEBUG org.apache.http.wire  - http-outgoing-90 >> "POST /session/c5bf1d259c068ae76f99adfff79e8f20/element HTTP/1.1[\r][\n]"
107475 [Forwarding findElement on session c5bf1d259c068ae76f99adfff79e8f20 to remote] DEBUG org.apache.http.wire  - http-outgoing-90 >> "POST /session/c5bf1d259c068ae76f99adfff79e8f20/element HTTP/1.1[\r][\n]"
107475 [Forwarding findElement on session c5bf1d259c068ae76f99adfff79e8f20 to remote] DEBUG org.apache.http.wire  - http-outgoing-90 >> "Content-Type: application/json; charset=utf-8[\r][\n]"
107475 [Forwarding findElement on session c5bf1d259c068ae76f99adfff79e8f20 to remote] DEBUG org.apache.http.wire  - http-outgoing-90 >> "Content-Type: application/json; charset=utf-8[\r][\n]"
107475 [Forwarding findElement on session c5bf1d259c068ae76f99adfff79e8f20 to remote] DEBUG org.apache.http.wire  - http-outgoing-90 >> "Content-Type: application/json; charset=utf-8[\r][\n]"
107475 [Forwarding findElement on session c5bf1d259c068ae76f99adfff79e8f20 to remote] DEBUG org.apache.http.wire  - http-outgoing-90 >> "Content-Length: 46[\r][\n]"
107475 [Forwarding findElement on session c5bf1d259c068ae76f99adfff79e8f20 to remote] DEBUG org.apache.http.wire  - http-outgoing-90 >> "Content-Length: 46[\r][\n]"
107475 [Forwarding findElement on session c5bf1d259c068ae76f99adfff79e8f20 to remote] DEBUG org.apache.http.wire  - http-outgoing-90 >> "Content-Length: 46[\r][\n]"
107475 [Forwarding findElement on session c5bf1d259c068ae76f99adfff79e8f20 to remote] DEBUG org.apache.http.wire  - http-outgoing-90 >> "Host: localhost:7219[\r][\n]"
107475 [Forwarding findElement on session c5bf1d259c068ae76f99adfff79e8f20 to remote] DEBUG org.apache.http.wire  - http-outgoing-90 >> "Host: localhost:7219[\r][\n]"
107475 [Forwarding findElement on session c5bf1d259c068ae76f99adfff79e8f20 to remote] DEBUG org.apache.http.wire  - http-outgoing-90 >> "Host: localhost:7219[\r][\n]"
107475 [Forwarding findElement on session c5bf1d259c068ae76f99adfff79e8f20 to remote] DEBUG org.apache.http.wire  - http-outgoing-90 >> "Connection: Keep-Alive[\r][\n]"
107475 [Forwarding findElement on session c5bf1d259c068ae76f99adfff79e8f20 to remote] DEBUG org.apache.http.wire  - http-outgoing-90 >> "Connection: Keep-Alive[\r][\n]"
107475 [Forwarding findElement on session c5bf1d259c068ae76f99adfff79e8f20 to remote] DEBUG org.apache.http.wire  - http-outgoing-90 >> "Connection: Keep-Alive[\r][\n]"
107475 [Forwarding findElement on session c5bf1d259c068ae76f99adfff79e8f20 to remote] DEBUG org.apache.http.wire  - http-outgoing-90 >> "User-Agent: Apache-HttpClient/4.5.2 (Java/1.8.0_91)[\r][\n]"
107475 [Forwarding findElement on session c5bf1d259c068ae76f99adfff79e8f20 to remote] DEBUG org.apache.http.wire  - http-outgoing-90 >> "User-Agent: Apache-HttpClient/4.5.2 (Java/1.8.0_91)[\r][\n]"
107475 [Forwarding findElement on session c5bf1d259c068ae76f99adfff79e8f20 to remote] DEBUG org.apache.http.wire  - http-outgoing-90 >> "User-Agent: Apache-HttpClient/4.5.2 (Java/1.8.0_91)[\r][\n]"
107475 [Forwarding findElement on session c5bf1d259c068ae76f99adfff79e8f20 to remote] DEBUG org.apache.http.wire  - http-outgoing-90 >> "Accept-Encoding: gzip,deflate[\r][\n]"
107475 [Forwarding findElement on session c5bf1d259c068ae76f99adfff79e8f20 to remote] DEBUG org.apache.http.wire  - http-outgoing-90 >> "Accept-Encoding: gzip,deflate[\r][\n]"
107475 [Forwarding findElement on session c5bf1d259c068ae76f99adfff79e8f20 to remote] DEBUG org.apache.http.wire  - http-outgoing-90 >> "Accept-Encoding: gzip,deflate[\r][\n]"
107475 [Forwarding findElement on session c5bf1d259c068ae76f99adfff79e8f20 to remote] DEBUG org.apache.http.wire  - http-outgoing-90 >> "[\r][\n]"
107475 [Forwarding findElement on session c5bf1d259c068ae76f99adfff79e8f20 to remote] DEBUG org.apache.http.wire  - http-outgoing-90 >> "[\r][\n]"
107475 [Forwarding findElement on session c5bf1d259c068ae76f99adfff79e8f20 to remote] DEBUG org.apache.http.wire  - http-outgoing-90 >> "[\r][\n]"
107475 [Forwarding findElement on session c5bf1d259c068ae76f99adfff79e8f20 to remote] DEBUG org.apache.http.wire  - http-outgoing-90 >> "{"using":"css selector","value":"#postAnswer"}"
107475 [Forwarding findElement on session c5bf1d259c068ae76f99adfff79e8f20 to remote] DEBUG org.apache.http.wire  - http-outgoing-90 >> "{"using":"css selector","value":"#postAnswer"}"
107475 [Forwarding findElement on session c5bf1d259c068ae76f99adfff79e8f20 to remote] DEBUG org.apache.http.wire  - http-outgoing-90 >> "{"using":"css selector","value":"#postAnswer"}"
107493 [Forwarding findElement on session c5bf1d259c068ae76f99adfff79e8f20 to remote] DEBUG org.apache.http.wire  - http-outgoing-90 << "HTTP/1.1 200 OK[\r][\n]"
107493 [Forwarding findElement on session c5bf1d259c068ae76f99adfff79e8f20 to remote] DEBUG org.apache.http.wire  - http-outgoing-90 << "HTTP/1.1 200 OK[\r][\n]"
107493 [Forwarding findElement on session c5bf1d259c068ae76f99adfff79e8f20 to remote] DEBUG org.apache.http.wire  - http-outgoing-90 << "HTTP/1.1 200 OK[\r][\n]"
107493 [Forwarding findElement on session c5bf1d259c068ae76f99adfff79e8f20 to remote] DEBUG org.apache.http.wire  - http-outgoing-90 << "Content-Length:102[\r][\n]"
107493 [Forwarding findElement on session c5bf1d259c068ae76f99adfff79e8f20 to remote] DEBUG org.apache.http.wire  - http-outgoing-90 << "Content-Length:102[\r][\n]"
107493 [Forwarding findElement on session c5bf1d259c068ae76f99adfff79e8f20 to remote] DEBUG org.apache.http.wire  - http-outgoing-90 << "Content-Length:102[\r][\n]"
107493 [Forwarding findElement on session c5bf1d259c068ae76f99adfff79e8f20 to remote] DEBUG org.apache.http.wire  - http-outgoing-90 << "Content-Type:application/json; charset=utf-8[\r][\n]"
107493 [Forwarding findElement on session c5bf1d259c068ae76f99adfff79e8f20 to remote] DEBUG org.apache.http.wire  - http-outgoing-90 << "Content-Type:application/json; charset=utf-8[\r][\n]"
107493 [Forwarding findElement on session c5bf1d259c068ae76f99adfff79e8f20 to remote] DEBUG org.apache.http.wire  - http-outgoing-90 << "Content-Type:application/json; charset=utf-8[\r][\n]"
107493 [Forwarding findElement on session c5bf1d259c068ae76f99adfff79e8f20 to remote] DEBUG org.apache.http.wire  - http-outgoing-90 << "Connection:close[\r][\n]"
107493 [Forwarding findElement on session c5bf1d259c068ae76f99adfff79e8f20 to remote] DEBUG org.apache.http.wire  - http-outgoing-90 << "Connection:close[\r][\n]"
107493 [Forwarding findElement on session c5bf1d259c068ae76f99adfff79e8f20 to remote] DEBUG org.apache.http.wire  - http-outgoing-90 << "Connection:close[\r][\n]"
107493 [Forwarding findElement on session c5bf1d259c068ae76f99adfff79e8f20 to remote] DEBUG org.apache.http.wire  - http-outgoing-90 << "[\r][\n]"
107493 [Forwarding findElement on session c5bf1d259c068ae76f99adfff79e8f20 to remote] DEBUG org.apache.http.wire  - http-outgoing-90 << "[\r][\n]"
107493 [Forwarding findElement on session c5bf1d259c068ae76f99adfff79e8f20 to remote] DEBUG org.apache.http.wire  - http-outgoing-90 << "[\r][\n]"
107493 [Forwarding findElement on session c5bf1d259c068ae76f99adfff79e8f20 to remote] DEBUG org.apache.http.wire  - http-outgoing-90 << "{"sessionId":"c5bf1d259c068ae76f99adfff79e8f20","status":0,"value":{"ELEMENT":"0.6258486912706411-4"}}"
107493 [Forwarding findElement on session c5bf1d259c068ae76f99adfff79e8f20 to remote] DEBUG org.apache.http.wire  - http-outgoing-90 << "{"sessionId":"c5bf1d259c068ae76f99adfff79e8f20","status":0,"value":{"ELEMENT":"0.6258486912706411-4"}}"
107493 [Forwarding findElement on session c5bf1d259c068ae76f99adfff79e8f20 to remote] DEBUG org.apache.http.wire  - http-outgoing-90 << "{"sessionId":"c5bf1d259c068ae76f99adfff79e8f20","status":0,"value":{"ELEMENT":"0.6258486912706411-4"}}"
107493 [Forwarding findElement on session c5bf1d259c068ae76f99adfff79e8f20 to remote] DEBUG org.apache.http.headers  - http-outgoing-90 << HTTP/1.1 200 OK
107493 [Forwarding findElement on session c5bf1d259c068ae76f99adfff79e8f20 to remote] DEBUG org.apache.http.headers  - http-outgoing-90 << HTTP/1.1 200 OK
107493 [Forwarding findElement on session c5bf1d259c068ae76f99adfff79e8f20 to remote] DEBUG org.apache.http.headers  - http-outgoing-90 << HTTP/1.1 200 OK
107493 [Forwarding findElement on session c5bf1d259c068ae76f99adfff79e8f20 to remote] DEBUG org.apache.http.headers  - http-outgoing-90 << Content-Length:102
107493 [Forwarding findElement on session c5bf1d259c068ae76f99adfff79e8f20 to remote] DEBUG org.apache.http.headers  - http-outgoing-90 << Content-Length:102
107493 [Forwarding findElement on session c5bf1d259c068ae76f99adfff79e8f20 to remote] DEBUG org.apache.http.headers  - http-outgoing-90 << Content-Length:102
107493 [Forwarding findElement on session c5bf1d259c068ae76f99adfff79e8f20 to remote] DEBUG org.apache.http.headers  - http-outgoing-90 << Content-Type:application/json; charset=utf-8
107493 [Forwarding findElement on session c5bf1d259c068ae76f99adfff79e8f20 to remote] DEBUG org.apache.http.headers  - http-outgoing-90 << Content-Type:application/json; charset=utf-8
107493 [Forwarding findElement on session c5bf1d259c068ae76f99adfff79e8f20 to remote] DEBUG org.apache.http.headers  - http-outgoing-90 << Content-Type:application/json; charset=utf-8
107493 [Forwarding findElement on session c5bf1d259c068ae76f99adfff79e8f20 to remote] DEBUG org.apache.http.headers  - http-outgoing-90 << Connection:close
107493 [Forwarding findElement on session c5bf1d259c068ae76f99adfff79e8f20 to remote] DEBUG org.apache.http.headers  - http-outgoing-90 << Connection:close
107493 [Forwarding findElement on session c5bf1d259c068ae76f99adfff79e8f20 to remote] DEBUG org.apache.http.headers  - http-outgoing-90 << Connection:close
107493 [Forwarding findElement on session c5bf1d259c068ae76f99adfff79e8f20 to remote] DEBUG org.apache.http.impl.conn.DefaultManagedHttpClientConnection  - http-outgoing-90: Close connection
107493 [Forwarding findElement on session c5bf1d259c068ae76f99adfff79e8f20 to remote] DEBUG org.apache.http.impl.conn.DefaultManagedHttpClientConnection  - http-outgoing-90: Close connection
107493 [Forwarding findElement on session c5bf1d259c068ae76f99adfff79e8f20 to remote] DEBUG org.apache.http.impl.conn.DefaultManagedHttpClientConnection  - http-outgoing-90: Close connection
107493 [Forwarding findElement on session c5bf1d259c068ae76f99adfff79e8f20 to remote] DEBUG org.apache.http.impl.execchain.MainClientExec  - Connection discarded
107493 [Forwarding findElement on session c5bf1d259c068ae76f99adfff79e8f20 to remote] DEBUG org.apache.http.impl.execchain.MainClientExec  - Connection discarded
107493 [Forwarding findElement on session c5bf1d259c068ae76f99adfff79e8f20 to remote] DEBUG org.apache.http.impl.execchain.MainClientExec  - Connection discarded
107493 [Forwarding findElement on session c5bf1d259c068ae76f99adfff79e8f20 to remote] DEBUG org.apache.http.impl.conn.PoolingHttpClientConnectionManager  - Connection released: [id: 90][route: {}->http://localhost:7219][total kept alive: 0; route allocated: 0 of 2000; total allocated: 0 of 2000]
107493 [Forwarding findElement on session c5bf1d259c068ae76f99adfff79e8f20 to remote] DEBUG org.apache.http.impl.conn.PoolingHttpClientConnectionManager  - Connection released: [id: 90][route: {}->http://localhost:7219][total kept alive: 0; route allocated: 0 of 2000; total allocated: 0 of 2000]
107493 [Forwarding findElement on session c5bf1d259c068ae76f99adfff79e8f20 to remote] DEBUG org.apache.http.impl.conn.PoolingHttpClientConnectionManager  - Connection released: [id: 90][route: {}->http://localhost:7219][total kept alive: 0; route allocated: 0 of 2000; total allocated: 0 of 2000]
107495 [Forwarding clickElement on session c5bf1d259c068ae76f99adfff79e8f20 to remote] DEBUG org.apache.http.client.protocol.RequestAddCookies  - CookieSpec selected: default
107495 [Forwarding clickElement on session c5bf1d259c068ae76f99adfff79e8f20 to remote] DEBUG org.apache.http.client.protocol.RequestAddCookies  - CookieSpec selected: default
107495 [Forwarding clickElement on session c5bf1d259c068ae76f99adfff79e8f20 to remote] DEBUG org.apache.http.client.protocol.RequestAddCookies  - CookieSpec selected: default
107495 [Forwarding clickElement on session c5bf1d259c068ae76f99adfff79e8f20 to remote] DEBUG org.apache.http.client.protocol.RequestAuthCache  - Auth cache not set in the context
107495 [Forwarding clickElement on session c5bf1d259c068ae76f99adfff79e8f20 to remote] DEBUG org.apache.http.client.protocol.RequestAuthCache  - Auth cache not set in the context
107495 [Forwarding clickElement on session c5bf1d259c068ae76f99adfff79e8f20 to remote] DEBUG org.apache.http.client.protocol.RequestAuthCache  - Auth cache not set in the context
107495 [Forwarding clickElement on session c5bf1d259c068ae76f99adfff79e8f20 to remote] DEBUG org.apache.http.impl.conn.PoolingHttpClientConnectionManager  - Connection request: [route: {}->http://localhost:7219][total kept alive: 0; route allocated: 0 of 2000; total allocated: 0 of 2000]
107495 [Forwarding clickElement on session c5bf1d259c068ae76f99adfff79e8f20 to remote] DEBUG org.apache.http.impl.conn.PoolingHttpClientConnectionManager  - Connection request: [route: {}->http://localhost:7219][total kept alive: 0; route allocated: 0 of 2000; total allocated: 0 of 2000]
107495 [Forwarding clickElement on session c5bf1d259c068ae76f99adfff79e8f20 to remote] DEBUG org.apache.http.impl.conn.PoolingHttpClientConnectionManager  - Connection request: [route: {}->http://localhost:7219][total kept alive: 0; route allocated: 0 of 2000; total allocated: 0 of 2000]
107495 [Forwarding clickElement on session c5bf1d259c068ae76f99adfff79e8f20 to remote] DEBUG org.apache.http.impl.conn.PoolingHttpClientConnectionManager  - Connection leased: [id: 91][route: {}->http://localhost:7219][total kept alive: 0; route allocated: 1 of 2000; total allocated: 1 of 2000]
107495 [Forwarding clickElement on session c5bf1d259c068ae76f99adfff79e8f20 to remote] DEBUG org.apache.http.impl.conn.PoolingHttpClientConnectionManager  - Connection leased: [id: 91][route: {}->http://localhost:7219][total kept alive: 0; route allocated: 1 of 2000; total allocated: 1 of 2000]
107495 [Forwarding clickElement on session c5bf1d259c068ae76f99adfff79e8f20 to remote] DEBUG org.apache.http.impl.conn.PoolingHttpClientConnectionManager  - Connection leased: [id: 91][route: {}->http://localhost:7219][total kept alive: 0; route allocated: 1 of 2000; total allocated: 1 of 2000]
107495 [Forwarding clickElement on session c5bf1d259c068ae76f99adfff79e8f20 to remote] DEBUG org.apache.http.impl.execchain.MainClientExec  - Opening connection {}->http://localhost:7219
107495 [Forwarding clickElement on session c5bf1d259c068ae76f99adfff79e8f20 to remote] DEBUG org.apache.http.impl.execchain.MainClientExec  - Opening connection {}->http://localhost:7219
107495 [Forwarding clickElement on session c5bf1d259c068ae76f99adfff79e8f20 to remote] DEBUG org.apache.http.impl.execchain.MainClientExec  - Opening connection {}->http://localhost:7219
107495 [Forwarding clickElement on session c5bf1d259c068ae76f99adfff79e8f20 to remote] DEBUG org.apache.http.impl.conn.DefaultHttpClientConnectionOperator  - Connecting to localhost/127.0.0.1:7219
107495 [Forwarding clickElement on session c5bf1d259c068ae76f99adfff79e8f20 to remote] DEBUG org.apache.http.impl.conn.DefaultHttpClientConnectionOperator  - Connecting to localhost/127.0.0.1:7219
107495 [Forwarding clickElement on session c5bf1d259c068ae76f99adfff79e8f20 to remote] DEBUG org.apache.http.impl.conn.DefaultHttpClientConnectionOperator  - Connecting to localhost/127.0.0.1:7219
107496 [Forwarding clickElement on session c5bf1d259c068ae76f99adfff79e8f20 to remote] DEBUG org.apache.http.impl.conn.DefaultHttpClientConnectionOperator  - Connection established 127.0.0.1:52994<->127.0.0.1:7219
107496 [Forwarding clickElement on session c5bf1d259c068ae76f99adfff79e8f20 to remote] DEBUG org.apache.http.impl.conn.DefaultHttpClientConnectionOperator  - Connection established 127.0.0.1:52994<->127.0.0.1:7219
107496 [Forwarding clickElement on session c5bf1d259c068ae76f99adfff79e8f20 to remote] DEBUG org.apache.http.impl.conn.DefaultHttpClientConnectionOperator  - Connection established 127.0.0.1:52994<->127.0.0.1:7219
107496 [Forwarding clickElement on session c5bf1d259c068ae76f99adfff79e8f20 to remote] DEBUG org.apache.http.impl.conn.DefaultManagedHttpClientConnection  - http-outgoing-91: set socket timeout to 10800000
107496 [Forwarding clickElement on session c5bf1d259c068ae76f99adfff79e8f20 to remote] DEBUG org.apache.http.impl.conn.DefaultManagedHttpClientConnection  - http-outgoing-91: set socket timeout to 10800000
107496 [Forwarding clickElement on session c5bf1d259c068ae76f99adfff79e8f20 to remote] DEBUG org.apache.http.impl.conn.DefaultManagedHttpClientConnection  - http-outgoing-91: set socket timeout to 10800000
107496 [Forwarding clickElement on session c5bf1d259c068ae76f99adfff79e8f20 to remote] DEBUG org.apache.http.impl.execchain.MainClientExec  - Executing request POST /session/c5bf1d259c068ae76f99adfff79e8f20/element/0.6258486912706411-4/click HTTP/1.1
107496 [Forwarding clickElement on session c5bf1d259c068ae76f99adfff79e8f20 to remote] DEBUG org.apache.http.impl.execchain.MainClientExec  - Executing request POST /session/c5bf1d259c068ae76f99adfff79e8f20/element/0.6258486912706411-4/click HTTP/1.1
107496 [Forwarding clickElement on session c5bf1d259c068ae76f99adfff79e8f20 to remote] DEBUG org.apache.http.impl.execchain.MainClientExec  - Executing request POST /session/c5bf1d259c068ae76f99adfff79e8f20/element/0.6258486912706411-4/click HTTP/1.1
107496 [Forwarding clickElement on session c5bf1d259c068ae76f99adfff79e8f20 to remote] DEBUG org.apache.http.impl.execchain.MainClientExec  - Target auth state: UNCHALLENGED
107496 [Forwarding clickElement on session c5bf1d259c068ae76f99adfff79e8f20 to remote] DEBUG org.apache.http.impl.execchain.MainClientExec  - Target auth state: UNCHALLENGED
107496 [Forwarding clickElement on session c5bf1d259c068ae76f99adfff79e8f20 to remote] DEBUG org.apache.http.impl.execchain.MainClientExec  - Target auth state: UNCHALLENGED
107496 [Forwarding clickElement on session c5bf1d259c068ae76f99adfff79e8f20 to remote] DEBUG org.apache.http.impl.execchain.MainClientExec  - Proxy auth state: UNCHALLENGED
107496 [Forwarding clickElement on session c5bf1d259c068ae76f99adfff79e8f20 to remote] DEBUG org.apache.http.impl.execchain.MainClientExec  - Proxy auth state: UNCHALLENGED
107496 [Forwarding clickElement on session c5bf1d259c068ae76f99adfff79e8f20 to remote] DEBUG org.apache.http.impl.execchain.MainClientExec  - Proxy auth state: UNCHALLENGED
107496 [Forwarding clickElement on session c5bf1d259c068ae76f99adfff79e8f20 to remote] DEBUG org.apache.http.headers  - http-outgoing-91 >> POST /session/c5bf1d259c068ae76f99adfff79e8f20/element/0.6258486912706411-4/click HTTP/1.1
107496 [Forwarding clickElement on session c5bf1d259c068ae76f99adfff79e8f20 to remote] DEBUG org.apache.http.headers  - http-outgoing-91 >> POST /session/c5bf1d259c068ae76f99adfff79e8f20/element/0.6258486912706411-4/click HTTP/1.1
107496 [Forwarding clickElement on session c5bf1d259c068ae76f99adfff79e8f20 to remote] DEBUG org.apache.http.headers  - http-outgoing-91 >> POST /session/c5bf1d259c068ae76f99adfff79e8f20/element/0.6258486912706411-4/click HTTP/1.1
107496 [Forwarding clickElement on session c5bf1d259c068ae76f99adfff79e8f20 to remote] DEBUG org.apache.http.headers  - http-outgoing-91 >> Content-Type: application/json; charset=utf-8
107496 [Forwarding clickElement on session c5bf1d259c068ae76f99adfff79e8f20 to remote] DEBUG org.apache.http.headers  - http-outgoing-91 >> Content-Type: application/json; charset=utf-8
107496 [Forwarding clickElement on session c5bf1d259c068ae76f99adfff79e8f20 to remote] DEBUG org.apache.http.headers  - http-outgoing-91 >> Content-Type: application/json; charset=utf-8
107496 [Forwarding clickElement on session c5bf1d259c068ae76f99adfff79e8f20 to remote] DEBUG org.apache.http.headers  - http-outgoing-91 >> Content-Length: 29
107496 [Forwarding clickElement on session c5bf1d259c068ae76f99adfff79e8f20 to remote] DEBUG org.apache.http.headers  - http-outgoing-91 >> Content-Length: 29
107496 [Forwarding clickElement on session c5bf1d259c068ae76f99adfff79e8f20 to remote] DEBUG org.apache.http.headers  - http-outgoing-91 >> Content-Length: 29
107496 [Forwarding clickElement on session c5bf1d259c068ae76f99adfff79e8f20 to remote] DEBUG org.apache.http.headers  - http-outgoing-91 >> Host: localhost:7219
107496 [Forwarding clickElement on session c5bf1d259c068ae76f99adfff79e8f20 to remote] DEBUG org.apache.http.headers  - http-outgoing-91 >> Host: localhost:7219
107496 [Forwarding clickElement on session c5bf1d259c068ae76f99adfff79e8f20 to remote] DEBUG org.apache.http.headers  - http-outgoing-91 >> Host: localhost:7219
107496 [Forwarding clickElement on session c5bf1d259c068ae76f99adfff79e8f20 to remote] DEBUG org.apache.http.headers  - http-outgoing-91 >> Connection: Keep-Alive
107496 [Forwarding clickElement on session c5bf1d259c068ae76f99adfff79e8f20 to remote] DEBUG org.apache.http.headers  - http-outgoing-91 >> Connection: Keep-Alive
107496 [Forwarding clickElement on session c5bf1d259c068ae76f99adfff79e8f20 to remote] DEBUG org.apache.http.headers  - http-outgoing-91 >> Connection: Keep-Alive
107496 [Forwarding clickElement on session c5bf1d259c068ae76f99adfff79e8f20 to remote] DEBUG org.apache.http.headers  - http-outgoing-91 >> User-Agent: Apache-HttpClient/4.5.2 (Java/1.8.0_91)
107496 [Forwarding clickElement on session c5bf1d259c068ae76f99adfff79e8f20 to remote] DEBUG org.apache.http.headers  - http-outgoing-91 >> User-Agent: Apache-HttpClient/4.5.2 (Java/1.8.0_91)
107496 [Forwarding clickElement on session c5bf1d259c068ae76f99adfff79e8f20 to remote] DEBUG org.apache.http.headers  - http-outgoing-91 >> User-Agent: Apache-HttpClient/4.5.2 (Java/1.8.0_91)
107496 [Forwarding clickElement on session c5bf1d259c068ae76f99adfff79e8f20 to remote] DEBUG org.apache.http.headers  - http-outgoing-91 >> Accept-Encoding: gzip,deflate
107496 [Forwarding clickElement on session c5bf1d259c068ae76f99adfff79e8f20 to remote] DEBUG org.apache.http.headers  - http-outgoing-91 >> Accept-Encoding: gzip,deflate
107496 [Forwarding clickElement on session c5bf1d259c068ae76f99adfff79e8f20 to remote] DEBUG org.apache.http.headers  - http-outgoing-91 >> Accept-Encoding: gzip,deflate
107496 [Forwarding clickElement on session c5bf1d259c068ae76f99adfff79e8f20 to remote] DEBUG org.apache.http.wire  - http-outgoing-91 >> "POST /session/c5bf1d259c068ae76f99adfff79e8f20/element/0.6258486912706411-4/click HTTP/1.1[\r][\n]"
107496 [Forwarding clickElement on session c5bf1d259c068ae76f99adfff79e8f20 to remote] DEBUG org.apache.http.wire  - http-outgoing-91 >> "POST /session/c5bf1d259c068ae76f99adfff79e8f20/element/0.6258486912706411-4/click HTTP/1.1[\r][\n]"
107496 [Forwarding clickElement on session c5bf1d259c068ae76f99adfff79e8f20 to remote] DEBUG org.apache.http.wire  - http-outgoing-91 >> "POST /session/c5bf1d259c068ae76f99adfff79e8f20/element/0.6258486912706411-4/click HTTP/1.1[\r][\n]"
107496 [Forwarding clickElement on session c5bf1d259c068ae76f99adfff79e8f20 to remote] DEBUG org.apache.http.wire  - http-outgoing-91 >> "Content-Type: application/json; charset=utf-8[\r][\n]"
107496 [Forwarding clickElement on session c5bf1d259c068ae76f99adfff79e8f20 to remote] DEBUG org.apache.http.wire  - http-outgoing-91 >> "Content-Type: application/json; charset=utf-8[\r][\n]"
107496 [Forwarding clickElement on session c5bf1d259c068ae76f99adfff79e8f20 to remote] DEBUG org.apache.http.wire  - http-outgoing-91 >> "Content-Type: application/json; charset=utf-8[\r][\n]"
107496 [Forwarding clickElement on session c5bf1d259c068ae76f99adfff79e8f20 to remote] DEBUG org.apache.http.wire  - http-outgoing-91 >> "Content-Length: 29[\r][\n]"
107496 [Forwarding clickElement on session c5bf1d259c068ae76f99adfff79e8f20 to remote] DEBUG org.apache.http.wire  - http-outgoing-91 >> "Content-Length: 29[\r][\n]"
107496 [Forwarding clickElement on session c5bf1d259c068ae76f99adfff79e8f20 to remote] DEBUG org.apache.http.wire  - http-outgoing-91 >> "Content-Length: 29[\r][\n]"
107497 [Forwarding clickElement on session c5bf1d259c068ae76f99adfff79e8f20 to remote] DEBUG org.apache.http.wire  - http-outgoing-91 >> "Host: localhost:7219[\r][\n]"
107497 [Forwarding clickElement on session c5bf1d259c068ae76f99adfff79e8f20 to remote] DEBUG org.apache.http.wire  - http-outgoing-91 >> "Host: localhost:7219[\r][\n]"
107497 [Forwarding clickElement on session c5bf1d259c068ae76f99adfff79e8f20 to remote] DEBUG org.apache.http.wire  - http-outgoing-91 >> "Host: localhost:7219[\r][\n]"
107497 [Forwarding clickElement on session c5bf1d259c068ae76f99adfff79e8f20 to remote] DEBUG org.apache.http.wire  - http-outgoing-91 >> "Connection: Keep-Alive[\r][\n]"
107497 [Forwarding clickElement on session c5bf1d259c068ae76f99adfff79e8f20 to remote] DEBUG org.apache.http.wire  - http-outgoing-91 >> "Connection: Keep-Alive[\r][\n]"
107497 [Forwarding clickElement on session c5bf1d259c068ae76f99adfff79e8f20 to remote] DEBUG org.apache.http.wire  - http-outgoing-91 >> "Connection: Keep-Alive[\r][\n]"
107497 [Forwarding clickElement on session c5bf1d259c068ae76f99adfff79e8f20 to remote] DEBUG org.apache.http.wire  - http-outgoing-91 >> "User-Agent: Apache-HttpClient/4.5.2 (Java/1.8.0_91)[\r][\n]"
107497 [Forwarding clickElement on session c5bf1d259c068ae76f99adfff79e8f20 to remote] DEBUG org.apache.http.wire  - http-outgoing-91 >> "User-Agent: Apache-HttpClient/4.5.2 (Java/1.8.0_91)[\r][\n]"
107497 [Forwarding clickElement on session c5bf1d259c068ae76f99adfff79e8f20 to remote] DEBUG org.apache.http.wire  - http-outgoing-91 >> "User-Agent: Apache-HttpClient/4.5.2 (Java/1.8.0_91)[\r][\n]"
107497 [Forwarding clickElement on session c5bf1d259c068ae76f99adfff79e8f20 to remote] DEBUG org.apache.http.wire  - http-outgoing-91 >> "Accept-Encoding: gzip,deflate[\r][\n]"
107497 [Forwarding clickElement on session c5bf1d259c068ae76f99adfff79e8f20 to remote] DEBUG org.apache.http.wire  - http-outgoing-91 >> "Accept-Encoding: gzip,deflate[\r][\n]"
107497 [Forwarding clickElement on session c5bf1d259c068ae76f99adfff79e8f20 to remote] DEBUG org.apache.http.wire  - http-outgoing-91 >> "Accept-Encoding: gzip,deflate[\r][\n]"
107497 [Forwarding clickElement on session c5bf1d259c068ae76f99adfff79e8f20 to remote] DEBUG org.apache.http.wire  - http-outgoing-91 >> "[\r][\n]"
107497 [Forwarding clickElement on session c5bf1d259c068ae76f99adfff79e8f20 to remote] DEBUG org.apache.http.wire  - http-outgoing-91 >> "[\r][\n]"
107497 [Forwarding clickElement on session c5bf1d259c068ae76f99adfff79e8f20 to remote] DEBUG org.apache.http.wire  - http-outgoing-91 >> "[\r][\n]"
107497 [Forwarding clickElement on session c5bf1d259c068ae76f99adfff79e8f20 to remote] DEBUG org.apache.http.wire  - http-outgoing-91 >> "{"id":"0.6258486912706411-4"}"
107497 [Forwarding clickElement on session c5bf1d259c068ae76f99adfff79e8f20 to remote] DEBUG org.apache.http.wire  - http-outgoing-91 >> "{"id":"0.6258486912706411-4"}"
107497 [Forwarding clickElement on session c5bf1d259c068ae76f99adfff79e8f20 to remote] DEBUG org.apache.http.wire  - http-outgoing-91 >> "{"id":"0.6258486912706411-4"}"
107552 [Forwarding clickElement on session c5bf1d259c068ae76f99adfff79e8f20 to remote] DEBUG org.apache.http.wire  - http-outgoing-91 << "HTTP/1.1 200 OK[\r][\n]"
107552 [Forwarding clickElement on session c5bf1d259c068ae76f99adfff79e8f20 to remote] DEBUG org.apache.http.wire  - http-outgoing-91 << "HTTP/1.1 200 OK[\r][\n]"
107552 [Forwarding clickElement on session c5bf1d259c068ae76f99adfff79e8f20 to remote] DEBUG org.apache.http.wire  - http-outgoing-91 << "HTTP/1.1 200 OK[\r][\n]"
107552 [Forwarding clickElement on session c5bf1d259c068ae76f99adfff79e8f20 to remote] DEBUG org.apache.http.wire  - http-outgoing-91 << "Content-Length:72[\r][\n]"
107552 [Forwarding clickElement on session c5bf1d259c068ae76f99adfff79e8f20 to remote] DEBUG org.apache.http.wire  - http-outgoing-91 << "Content-Length:72[\r][\n]"
107552 [Forwarding clickElement on session c5bf1d259c068ae76f99adfff79e8f20 to remote] DEBUG org.apache.http.wire  - http-outgoing-91 << "Content-Length:72[\r][\n]"
107552 [Forwarding clickElement on session c5bf1d259c068ae76f99adfff79e8f20 to remote] DEBUG org.apache.http.wire  - http-outgoing-91 << "Content-Type:application/json; charset=utf-8[\r][\n]"
107552 [Forwarding clickElement on session c5bf1d259c068ae76f99adfff79e8f20 to remote] DEBUG org.apache.http.wire  - http-outgoing-91 << "Content-Type:application/json; charset=utf-8[\r][\n]"
107552 [Forwarding clickElement on session c5bf1d259c068ae76f99adfff79e8f20 to remote] DEBUG org.apache.http.wire  - http-outgoing-91 << "Content-Type:application/json; charset=utf-8[\r][\n]"
107552 [Forwarding clickElement on session c5bf1d259c068ae76f99adfff79e8f20 to remote] DEBUG org.apache.http.wire  - http-outgoing-91 << "Connection:close[\r][\n]"
107552 [Forwarding clickElement on session c5bf1d259c068ae76f99adfff79e8f20 to remote] DEBUG org.apache.http.wire  - http-outgoing-91 << "Connection:close[\r][\n]"
107552 [Forwarding clickElement on session c5bf1d259c068ae76f99adfff79e8f20 to remote] DEBUG org.apache.http.wire  - http-outgoing-91 << "Connection:close[\r][\n]"
107552 [Forwarding clickElement on session c5bf1d259c068ae76f99adfff79e8f20 to remote] DEBUG org.apache.http.wire  - http-outgoing-91 << "[\r][\n]"
107552 [Forwarding clickElement on session c5bf1d259c068ae76f99adfff79e8f20 to remote] DEBUG org.apache.http.wire  - http-outgoing-91 << "[\r][\n]"
107552 [Forwarding clickElement on session c5bf1d259c068ae76f99adfff79e8f20 to remote] DEBUG org.apache.http.wire  - http-outgoing-91 << "[\r][\n]"
107552 [Forwarding clickElement on session c5bf1d259c068ae76f99adfff79e8f20 to remote] DEBUG org.apache.http.wire  - http-outgoing-91 << "{"sessionId":"c5bf1d259c068ae76f99adfff79e8f20","status":0,"value":null}"
107552 [Forwarding clickElement on session c5bf1d259c068ae76f99adfff79e8f20 to remote] DEBUG org.apache.http.wire  - http-outgoing-91 << "{"sessionId":"c5bf1d259c068ae76f99adfff79e8f20","status":0,"value":null}"
107552 [Forwarding clickElement on session c5bf1d259c068ae76f99adfff79e8f20 to remote] DEBUG org.apache.http.wire  - http-outgoing-91 << "{"sessionId":"c5bf1d259c068ae76f99adfff79e8f20","status":0,"value":null}"
107553 [Forwarding clickElement on session c5bf1d259c068ae76f99adfff79e8f20 to remote] DEBUG org.apache.http.headers  - http-outgoing-91 << HTTP/1.1 200 OK
107553 [Forwarding clickElement on session c5bf1d259c068ae76f99adfff79e8f20 to remote] DEBUG org.apache.http.headers  - http-outgoing-91 << HTTP/1.1 200 OK
107553 [Forwarding clickElement on session c5bf1d259c068ae76f99adfff79e8f20 to remote] DEBUG org.apache.http.headers  - http-outgoing-91 << HTTP/1.1 200 OK
107553 [Forwarding clickElement on session c5bf1d259c068ae76f99adfff79e8f20 to remote] DEBUG org.apache.http.headers  - http-outgoing-91 << Content-Length:72
107553 [Forwarding clickElement on session c5bf1d259c068ae76f99adfff79e8f20 to remote] DEBUG org.apache.http.headers  - http-outgoing-91 << Content-Length:72
107553 [Forwarding clickElement on session c5bf1d259c068ae76f99adfff79e8f20 to remote] DEBUG org.apache.http.headers  - http-outgoing-91 << Content-Length:72
107553 [Forwarding clickElement on session c5bf1d259c068ae76f99adfff79e8f20 to remote] DEBUG org.apache.http.headers  - http-outgoing-91 << Content-Type:application/json; charset=utf-8
107553 [Forwarding clickElement on session c5bf1d259c068ae76f99adfff79e8f20 to remote] DEBUG org.apache.http.headers  - http-outgoing-91 << Content-Type:application/json; charset=utf-8
107553 [Forwarding clickElement on session c5bf1d259c068ae76f99adfff79e8f20 to remote] DEBUG org.apache.http.headers  - http-outgoing-91 << Content-Type:application/json; charset=utf-8
107553 [Forwarding clickElement on session c5bf1d259c068ae76f99adfff79e8f20 to remote] DEBUG org.apache.http.headers  - http-outgoing-91 << Connection:close
107553 [Forwarding clickElement on session c5bf1d259c068ae76f99adfff79e8f20 to remote] DEBUG org.apache.http.headers  - http-outgoing-91 << Connection:close
107553 [Forwarding clickElement on session c5bf1d259c068ae76f99adfff79e8f20 to remote] DEBUG org.apache.http.headers  - http-outgoing-91 << Connection:close
107553 [Forwarding clickElement on session c5bf1d259c068ae76f99adfff79e8f20 to remote] DEBUG org.apache.http.impl.conn.DefaultManagedHttpClientConnection  - http-outgoing-91: Close connection
107553 [Forwarding clickElement on session c5bf1d259c068ae76f99adfff79e8f20 to remote] DEBUG org.apache.http.impl.conn.DefaultManagedHttpClientConnection  - http-outgoing-91: Close connection
107553 [Forwarding clickElement on session c5bf1d259c068ae76f99adfff79e8f20 to remote] DEBUG org.apache.http.impl.conn.DefaultManagedHttpClientConnection  - http-outgoing-91: Close connection
107553 [Forwarding clickElement on session c5bf1d259c068ae76f99adfff79e8f20 to remote] DEBUG org.apache.http.impl.execchain.MainClientExec  - Connection discarded
107553 [Forwarding clickElement on session c5bf1d259c068ae76f99adfff79e8f20 to remote] DEBUG org.apache.http.impl.execchain.MainClientExec  - Connection discarded
107553 [Forwarding clickElement on session c5bf1d259c068ae76f99adfff79e8f20 to remote] DEBUG org.apache.http.impl.execchain.MainClientExec  - Connection discarded
107553 [Forwarding clickElement on session c5bf1d259c068ae76f99adfff79e8f20 to remote] DEBUG org.apache.http.impl.conn.PoolingHttpClientConnectionManager  - Connection released: [id: 91][route: {}->http://localhost:7219][total kept alive: 0; route allocated: 0 of 2000; total allocated: 0 of 2000]
107553 [Forwarding clickElement on session c5bf1d259c068ae76f99adfff79e8f20 to remote] DEBUG org.apache.http.impl.conn.PoolingHttpClientConnectionManager  - Connection released: [id: 91][route: {}->http://localhost:7219][total kept alive: 0; route allocated: 0 of 2000; total allocated: 0 of 2000]
107553 [Forwarding clickElement on session c5bf1d259c068ae76f99adfff79e8f20 to remote] DEBUG org.apache.http.impl.conn.PoolingHttpClientConnectionManager  - Connection released: [id: 91][route: {}->http://localhost:7219][total kept alive: 0; route allocated: 0 of 2000; total allocated: 0 of 2000]
110556 [Forwarding findElement on session c5bf1d259c068ae76f99adfff79e8f20 to remote] DEBUG org.apache.http.client.protocol.RequestAddCookies  - CookieSpec selected: default
110556 [Forwarding findElement on session c5bf1d259c068ae76f99adfff79e8f20 to remote] DEBUG org.apache.http.client.protocol.RequestAddCookies  - CookieSpec selected: default
110556 [Forwarding findElement on session c5bf1d259c068ae76f99adfff79e8f20 to remote] DEBUG org.apache.http.client.protocol.RequestAddCookies  - CookieSpec selected: default
110556 [Forwarding findElement on session c5bf1d259c068ae76f99adfff79e8f20 to remote] DEBUG org.apache.http.client.protocol.RequestAuthCache  - Auth cache not set in the context
110556 [Forwarding findElement on session c5bf1d259c068ae76f99adfff79e8f20 to remote] DEBUG org.apache.http.client.protocol.RequestAuthCache  - Auth cache not set in the context
110556 [Forwarding findElement on session c5bf1d259c068ae76f99adfff79e8f20 to remote] DEBUG org.apache.http.client.protocol.RequestAuthCache  - Auth cache not set in the context
110556 [Forwarding findElement on session c5bf1d259c068ae76f99adfff79e8f20 to remote] DEBUG org.apache.http.impl.conn.PoolingHttpClientConnectionManager  - Connection request: [route: {}->http://localhost:7219][total kept alive: 0; route allocated: 0 of 2000; total allocated: 0 of 2000]
110556 [Forwarding findElement on session c5bf1d259c068ae76f99adfff79e8f20 to remote] DEBUG org.apache.http.impl.conn.PoolingHttpClientConnectionManager  - Connection request: [route: {}->http://localhost:7219][total kept alive: 0; route allocated: 0 of 2000; total allocated: 0 of 2000]
110556 [Forwarding findElement on session c5bf1d259c068ae76f99adfff79e8f20 to remote] DEBUG org.apache.http.impl.conn.PoolingHttpClientConnectionManager  - Connection request: [route: {}->http://localhost:7219][total kept alive: 0; route allocated: 0 of 2000; total allocated: 0 of 2000]
110557 [Forwarding findElement on session c5bf1d259c068ae76f99adfff79e8f20 to remote] DEBUG org.apache.http.impl.conn.PoolingHttpClientConnectionManager  - Connection leased: [id: 92][route: {}->http://localhost:7219][total kept alive: 0; route allocated: 1 of 2000; total allocated: 1 of 2000]
110557 [Forwarding findElement on session c5bf1d259c068ae76f99adfff79e8f20 to remote] DEBUG org.apache.http.impl.conn.PoolingHttpClientConnectionManager  - Connection leased: [id: 92][route: {}->http://localhost:7219][total kept alive: 0; route allocated: 1 of 2000; total allocated: 1 of 2000]
110557 [Forwarding findElement on session c5bf1d259c068ae76f99adfff79e8f20 to remote] DEBUG org.apache.http.impl.conn.PoolingHttpClientConnectionManager  - Connection leased: [id: 92][route: {}->http://localhost:7219][total kept alive: 0; route allocated: 1 of 2000; total allocated: 1 of 2000]
110557 [Forwarding findElement on session c5bf1d259c068ae76f99adfff79e8f20 to remote] DEBUG org.apache.http.impl.execchain.MainClientExec  - Opening connection {}->http://localhost:7219
110557 [Forwarding findElement on session c5bf1d259c068ae76f99adfff79e8f20 to remote] DEBUG org.apache.http.impl.execchain.MainClientExec  - Opening connection {}->http://localhost:7219
110557 [Forwarding findElement on session c5bf1d259c068ae76f99adfff79e8f20 to remote] DEBUG org.apache.http.impl.execchain.MainClientExec  - Opening connection {}->http://localhost:7219
110562 [Forwarding findElement on session c5bf1d259c068ae76f99adfff79e8f20 to remote] DEBUG org.apache.http.impl.conn.DefaultHttpClientConnectionOperator  - Connecting to localhost/127.0.0.1:7219
110562 [Forwarding findElement on session c5bf1d259c068ae76f99adfff79e8f20 to remote] DEBUG org.apache.http.impl.conn.DefaultHttpClientConnectionOperator  - Connecting to localhost/127.0.0.1:7219
110562 [Forwarding findElement on session c5bf1d259c068ae76f99adfff79e8f20 to remote] DEBUG org.apache.http.impl.conn.DefaultHttpClientConnectionOperator  - Connecting to localhost/127.0.0.1:7219
110564 [Forwarding findElement on session c5bf1d259c068ae76f99adfff79e8f20 to remote] DEBUG org.apache.http.impl.conn.DefaultHttpClientConnectionOperator  - Connection established 127.0.0.1:52997<->127.0.0.1:7219
110564 [Forwarding findElement on session c5bf1d259c068ae76f99adfff79e8f20 to remote] DEBUG org.apache.http.impl.conn.DefaultHttpClientConnectionOperator  - Connection established 127.0.0.1:52997<->127.0.0.1:7219
110564 [Forwarding findElement on session c5bf1d259c068ae76f99adfff79e8f20 to remote] DEBUG org.apache.http.impl.conn.DefaultHttpClientConnectionOperator  - Connection established 127.0.0.1:52997<->127.0.0.1:7219
110564 [Forwarding findElement on session c5bf1d259c068ae76f99adfff79e8f20 to remote] DEBUG org.apache.http.impl.conn.DefaultManagedHttpClientConnection  - http-outgoing-92: set socket timeout to 10800000
110564 [Forwarding findElement on session c5bf1d259c068ae76f99adfff79e8f20 to remote] DEBUG org.apache.http.impl.conn.DefaultManagedHttpClientConnection  - http-outgoing-92: set socket timeout to 10800000
110564 [Forwarding findElement on session c5bf1d259c068ae76f99adfff79e8f20 to remote] DEBUG org.apache.http.impl.conn.DefaultManagedHttpClientConnection  - http-outgoing-92: set socket timeout to 10800000
110564 [Forwarding findElement on session c5bf1d259c068ae76f99adfff79e8f20 to remote] DEBUG org.apache.http.impl.execchain.MainClientExec  - Executing request POST /session/c5bf1d259c068ae76f99adfff79e8f20/element HTTP/1.1
110564 [Forwarding findElement on session c5bf1d259c068ae76f99adfff79e8f20 to remote] DEBUG org.apache.http.impl.execchain.MainClientExec  - Executing request POST /session/c5bf1d259c068ae76f99adfff79e8f20/element HTTP/1.1
110564 [Forwarding findElement on session c5bf1d259c068ae76f99adfff79e8f20 to remote] DEBUG org.apache.http.impl.execchain.MainClientExec  - Executing request POST /session/c5bf1d259c068ae76f99adfff79e8f20/element HTTP/1.1
110564 [Forwarding findElement on session c5bf1d259c068ae76f99adfff79e8f20 to remote] DEBUG org.apache.http.impl.execchain.MainClientExec  - Target auth state: UNCHALLENGED
110564 [Forwarding findElement on session c5bf1d259c068ae76f99adfff79e8f20 to remote] DEBUG org.apache.http.impl.execchain.MainClientExec  - Target auth state: UNCHALLENGED
110564 [Forwarding findElement on session c5bf1d259c068ae76f99adfff79e8f20 to remote] DEBUG org.apache.http.impl.execchain.MainClientExec  - Target auth state: UNCHALLENGED
110564 [Forwarding findElement on session c5bf1d259c068ae76f99adfff79e8f20 to remote] DEBUG org.apache.http.impl.execchain.MainClientExec  - Proxy auth state: UNCHALLENGED
110564 [Forwarding findElement on session c5bf1d259c068ae76f99adfff79e8f20 to remote] DEBUG org.apache.http.impl.execchain.MainClientExec  - Proxy auth state: UNCHALLENGED
110564 [Forwarding findElement on session c5bf1d259c068ae76f99adfff79e8f20 to remote] DEBUG org.apache.http.impl.execchain.MainClientExec  - Proxy auth state: UNCHALLENGED
110564 [Forwarding findElement on session c5bf1d259c068ae76f99adfff79e8f20 to remote] DEBUG org.apache.http.headers  - http-outgoing-92 >> POST /session/c5bf1d259c068ae76f99adfff79e8f20/element HTTP/1.1
110564 [Forwarding findElement on session c5bf1d259c068ae76f99adfff79e8f20 to remote] DEBUG org.apache.http.headers  - http-outgoing-92 >> POST /session/c5bf1d259c068ae76f99adfff79e8f20/element HTTP/1.1
110564 [Forwarding findElement on session c5bf1d259c068ae76f99adfff79e8f20 to remote] DEBUG org.apache.http.headers  - http-outgoing-92 >> POST /session/c5bf1d259c068ae76f99adfff79e8f20/element HTTP/1.1
110564 [Forwarding findElement on session c5bf1d259c068ae76f99adfff79e8f20 to remote] DEBUG org.apache.http.headers  - http-outgoing-92 >> Content-Type: application/json; charset=utf-8
110564 [Forwarding findElement on session c5bf1d259c068ae76f99adfff79e8f20 to remote] DEBUG org.apache.http.headers  - http-outgoing-92 >> Content-Type: application/json; charset=utf-8
110564 [Forwarding findElement on session c5bf1d259c068ae76f99adfff79e8f20 to remote] DEBUG org.apache.http.headers  - http-outgoing-92 >> Content-Type: application/json; charset=utf-8
110564 [Forwarding findElement on session c5bf1d259c068ae76f99adfff79e8f20 to remote] DEBUG org.apache.http.headers  - http-outgoing-92 >> Content-Length: 54
110564 [Forwarding findElement on session c5bf1d259c068ae76f99adfff79e8f20 to remote] DEBUG org.apache.http.headers  - http-outgoing-92 >> Content-Length: 54
110564 [Forwarding findElement on session c5bf1d259c068ae76f99adfff79e8f20 to remote] DEBUG org.apache.http.headers  - http-outgoing-92 >> Content-Length: 54
110564 [Forwarding findElement on session c5bf1d259c068ae76f99adfff79e8f20 to remote] DEBUG org.apache.http.headers  - http-outgoing-92 >> Host: localhost:7219
110564 [Forwarding findElement on session c5bf1d259c068ae76f99adfff79e8f20 to remote] DEBUG org.apache.http.headers  - http-outgoing-92 >> Host: localhost:7219
110564 [Forwarding findElement on session c5bf1d259c068ae76f99adfff79e8f20 to remote] DEBUG org.apache.http.headers  - http-outgoing-92 >> Host: localhost:7219
110564 [Forwarding findElement on session c5bf1d259c068ae76f99adfff79e8f20 to remote] DEBUG org.apache.http.headers  - http-outgoing-92 >> Connection: Keep-Alive
110564 [Forwarding findElement on session c5bf1d259c068ae76f99adfff79e8f20 to remote] DEBUG org.apache.http.headers  - http-outgoing-92 >> Connection: Keep-Alive
110564 [Forwarding findElement on session c5bf1d259c068ae76f99adfff79e8f20 to remote] DEBUG org.apache.http.headers  - http-outgoing-92 >> Connection: Keep-Alive
110564 [Forwarding findElement on session c5bf1d259c068ae76f99adfff79e8f20 to remote] DEBUG org.apache.http.headers  - http-outgoing-92 >> User-Agent: Apache-HttpClient/4.5.2 (Java/1.8.0_91)
110564 [Forwarding findElement on session c5bf1d259c068ae76f99adfff79e8f20 to remote] DEBUG org.apache.http.headers  - http-outgoing-92 >> User-Agent: Apache-HttpClient/4.5.2 (Java/1.8.0_91)
110564 [Forwarding findElement on session c5bf1d259c068ae76f99adfff79e8f20 to remote] DEBUG org.apache.http.headers  - http-outgoing-92 >> User-Agent: Apache-HttpClient/4.5.2 (Java/1.8.0_91)
110564 [Forwarding findElement on session c5bf1d259c068ae76f99adfff79e8f20 to remote] DEBUG org.apache.http.headers  - http-outgoing-92 >> Accept-Encoding: gzip,deflate
110564 [Forwarding findElement on session c5bf1d259c068ae76f99adfff79e8f20 to remote] DEBUG org.apache.http.headers  - http-outgoing-92 >> Accept-Encoding: gzip,deflate
110564 [Forwarding findElement on session c5bf1d259c068ae76f99adfff79e8f20 to remote] DEBUG org.apache.http.headers  - http-outgoing-92 >> Accept-Encoding: gzip,deflate
110564 [Forwarding findElement on session c5bf1d259c068ae76f99adfff79e8f20 to remote] DEBUG org.apache.http.wire  - http-outgoing-92 >> "POST /session/c5bf1d259c068ae76f99adfff79e8f20/element HTTP/1.1[\r][\n]"
110564 [Forwarding findElement on session c5bf1d259c068ae76f99adfff79e8f20 to remote] DEBUG org.apache.http.wire  - http-outgoing-92 >> "POST /session/c5bf1d259c068ae76f99adfff79e8f20/element HTTP/1.1[\r][\n]"
110564 [Forwarding findElement on session c5bf1d259c068ae76f99adfff79e8f20 to remote] DEBUG org.apache.http.wire  - http-outgoing-92 >> "POST /session/c5bf1d259c068ae76f99adfff79e8f20/element HTTP/1.1[\r][\n]"
110564 [Forwarding findElement on session c5bf1d259c068ae76f99adfff79e8f20 to remote] DEBUG org.apache.http.wire  - http-outgoing-92 >> "Content-Type: application/json; charset=utf-8[\r][\n]"
110564 [Forwarding findElement on session c5bf1d259c068ae76f99adfff79e8f20 to remote] DEBUG org.apache.http.wire  - http-outgoing-92 >> "Content-Type: application/json; charset=utf-8[\r][\n]"
110564 [Forwarding findElement on session c5bf1d259c068ae76f99adfff79e8f20 to remote] DEBUG org.apache.http.wire  - http-outgoing-92 >> "Content-Type: application/json; charset=utf-8[\r][\n]"
110564 [Forwarding findElement on session c5bf1d259c068ae76f99adfff79e8f20 to remote] DEBUG org.apache.http.wire  - http-outgoing-92 >> "Content-Length: 54[\r][\n]"
110564 [Forwarding findElement on session c5bf1d259c068ae76f99adfff79e8f20 to remote] DEBUG org.apache.http.wire  - http-outgoing-92 >> "Content-Length: 54[\r][\n]"
110564 [Forwarding findElement on session c5bf1d259c068ae76f99adfff79e8f20 to remote] DEBUG org.apache.http.wire  - http-outgoing-92 >> "Content-Length: 54[\r][\n]"
110564 [Forwarding findElement on session c5bf1d259c068ae76f99adfff79e8f20 to remote] DEBUG org.apache.http.wire  - http-outgoing-92 >> "Host: localhost:7219[\r][\n]"
110564 [Forwarding findElement on session c5bf1d259c068ae76f99adfff79e8f20 to remote] DEBUG org.apache.http.wire  - http-outgoing-92 >> "Host: localhost:7219[\r][\n]"
110564 [Forwarding findElement on session c5bf1d259c068ae76f99adfff79e8f20 to remote] DEBUG org.apache.http.wire  - http-outgoing-92 >> "Host: localhost:7219[\r][\n]"
110565 [Forwarding findElement on session c5bf1d259c068ae76f99adfff79e8f20 to remote] DEBUG org.apache.http.wire  - http-outgoing-92 >> "Connection: Keep-Alive[\r][\n]"
110565 [Forwarding findElement on session c5bf1d259c068ae76f99adfff79e8f20 to remote] DEBUG org.apache.http.wire  - http-outgoing-92 >> "Connection: Keep-Alive[\r][\n]"
110565 [Forwarding findElement on session c5bf1d259c068ae76f99adfff79e8f20 to remote] DEBUG org.apache.http.wire  - http-outgoing-92 >> "Connection: Keep-Alive[\r][\n]"
110565 [Forwarding findElement on session c5bf1d259c068ae76f99adfff79e8f20 to remote] DEBUG org.apache.http.wire  - http-outgoing-92 >> "User-Agent: Apache-HttpClient/4.5.2 (Java/1.8.0_91)[\r][\n]"
110565 [Forwarding findElement on session c5bf1d259c068ae76f99adfff79e8f20 to remote] DEBUG org.apache.http.wire  - http-outgoing-92 >> "User-Agent: Apache-HttpClient/4.5.2 (Java/1.8.0_91)[\r][\n]"
110565 [Forwarding findElement on session c5bf1d259c068ae76f99adfff79e8f20 to remote] DEBUG org.apache.http.wire  - http-outgoing-92 >> "User-Agent: Apache-HttpClient/4.5.2 (Java/1.8.0_91)[\r][\n]"
110565 [Forwarding findElement on session c5bf1d259c068ae76f99adfff79e8f20 to remote] DEBUG org.apache.http.wire  - http-outgoing-92 >> "Accept-Encoding: gzip,deflate[\r][\n]"
110565 [Forwarding findElement on session c5bf1d259c068ae76f99adfff79e8f20 to remote] DEBUG org.apache.http.wire  - http-outgoing-92 >> "Accept-Encoding: gzip,deflate[\r][\n]"
110565 [Forwarding findElement on session c5bf1d259c068ae76f99adfff79e8f20 to remote] DEBUG org.apache.http.wire  - http-outgoing-92 >> "Accept-Encoding: gzip,deflate[\r][\n]"
110565 [Forwarding findElement on session c5bf1d259c068ae76f99adfff79e8f20 to remote] DEBUG org.apache.http.wire  - http-outgoing-92 >> "[\r][\n]"
110565 [Forwarding findElement on session c5bf1d259c068ae76f99adfff79e8f20 to remote] DEBUG org.apache.http.wire  - http-outgoing-92 >> "[\r][\n]"
110565 [Forwarding findElement on session c5bf1d259c068ae76f99adfff79e8f20 to remote] DEBUG org.apache.http.wire  - http-outgoing-92 >> "[\r][\n]"
110565 [Forwarding findElement on session c5bf1d259c068ae76f99adfff79e8f20 to remote] DEBUG org.apache.http.wire  - http-outgoing-92 >> "{"using":"css selector","value":"#buttonAnsweranyway"}"
110565 [Forwarding findElement on session c5bf1d259c068ae76f99adfff79e8f20 to remote] DEBUG org.apache.http.wire  - http-outgoing-92 >> "{"using":"css selector","value":"#buttonAnsweranyway"}"
110565 [Forwarding findElement on session c5bf1d259c068ae76f99adfff79e8f20 to remote] DEBUG org.apache.http.wire  - http-outgoing-92 >> "{"using":"css selector","value":"#buttonAnsweranyway"}"
130581 [Forwarding findElement on session c5bf1d259c068ae76f99adfff79e8f20 to remote] DEBUG org.apache.http.wire  - http-outgoing-92 << "HTTP/1.1 200 OK[\r][\n]"
130581 [Forwarding findElement on session c5bf1d259c068ae76f99adfff79e8f20 to remote] DEBUG org.apache.http.wire  - http-outgoing-92 << "HTTP/1.1 200 OK[\r][\n]"
130581 [Forwarding findElement on session c5bf1d259c068ae76f99adfff79e8f20 to remote] DEBUG org.apache.http.wire  - http-outgoing-92 << "HTTP/1.1 200 OK[\r][\n]"
130581 [Forwarding findElement on session c5bf1d259c068ae76f99adfff79e8f20 to remote] DEBUG org.apache.http.wire  - http-outgoing-92 << "Content-Length:355[\r][\n]"
130581 [Forwarding findElement on session c5bf1d259c068ae76f99adfff79e8f20 to remote] DEBUG org.apache.http.wire  - http-outgoing-92 << "Content-Length:355[\r][\n]"
130581 [Forwarding findElement on session c5bf1d259c068ae76f99adfff79e8f20 to remote] DEBUG org.apache.http.wire  - http-outgoing-92 << "Content-Length:355[\r][\n]"
130581 [Forwarding findElement on session c5bf1d259c068ae76f99adfff79e8f20 to remote] DEBUG org.apache.http.wire  - http-outgoing-92 << "Content-Type:application/json; charset=utf-8[\r][\n]"
130581 [Forwarding findElement on session c5bf1d259c068ae76f99adfff79e8f20 to remote] DEBUG org.apache.http.wire  - http-outgoing-92 << "Content-Type:application/json; charset=utf-8[\r][\n]"
130581 [Forwarding findElement on session c5bf1d259c068ae76f99adfff79e8f20 to remote] DEBUG org.apache.http.wire  - http-outgoing-92 << "Content-Type:application/json; charset=utf-8[\r][\n]"
130581 [Forwarding findElement on session c5bf1d259c068ae76f99adfff79e8f20 to remote] DEBUG org.apache.http.wire  - http-outgoing-92 << "Connection:close[\r][\n]"
130581 [Forwarding findElement on session c5bf1d259c068ae76f99adfff79e8f20 to remote] DEBUG org.apache.http.wire  - http-outgoing-92 << "Connection:close[\r][\n]"
130581 [Forwarding findElement on session c5bf1d259c068ae76f99adfff79e8f20 to remote] DEBUG org.apache.http.wire  - http-outgoing-92 << "Connection:close[\r][\n]"
130581 [Forwarding findElement on session c5bf1d259c068ae76f99adfff79e8f20 to remote] DEBUG org.apache.http.wire  - http-outgoing-92 << "[\r][\n]"
130581 [Forwarding findElement on session c5bf1d259c068ae76f99adfff79e8f20 to remote] DEBUG org.apache.http.wire  - http-outgoing-92 << "[\r][\n]"
130581 [Forwarding findElement on session c5bf1d259c068ae76f99adfff79e8f20 to remote] DEBUG org.apache.http.wire  - http-outgoing-92 << "[\r][\n]"
130581 [Forwarding findElement on session c5bf1d259c068ae76f99adfff79e8f20 to remote] DEBUG org.apache.http.wire  - http-outgoing-92 << "{"sessionId":"c5bf1d259c068ae76f99adfff79e8f20","status":7,"value":{"message":"no such element: Unable to locate element: {\"method\":\"css selector\",\"selector\":\"#buttonAnsweranyway\"}\n  (Session info: chrome=53.0.2785.101)\n  (Driver info: chromedriver=2.23.409699 (49b0fa931cda1caad0ae15b7d1b68004acd05129),platform=Windows NT 10.0.10586 x86_64)"}}"
130581 [Forwarding findElement on session c5bf1d259c068ae76f99adfff79e8f20 to remote] DEBUG org.apache.http.wire  - http-outgoing-92 << "{"sessionId":"c5bf1d259c068ae76f99adfff79e8f20","status":7,"value":{"message":"no such element: Unable to locate element: {\"method\":\"css selector\",\"selector\":\"#buttonAnsweranyway\"}\n  (Session info: chrome=53.0.2785.101)\n  (Driver info: chromedriver=2.23.409699 (49b0fa931cda1caad0ae15b7d1b68004acd05129),platform=Windows NT 10.0.10586 x86_64)"}}"
130581 [Forwarding findElement on session c5bf1d259c068ae76f99adfff79e8f20 to remote] DEBUG org.apache.http.wire  - http-outgoing-92 << "{"sessionId":"c5bf1d259c068ae76f99adfff79e8f20","status":7,"value":{"message":"no such element: Unable to locate element: {\"method\":\"css selector\",\"selector\":\"#buttonAnsweranyway\"}\n  (Session info: chrome=53.0.2785.101)\n  (Driver info: chromedriver=2.23.409699 (49b0fa931cda1caad0ae15b7d1b68004acd05129),platform=Windows NT 10.0.10586 x86_64)"}}"
130581 [Forwarding findElement on session c5bf1d259c068ae76f99adfff79e8f20 to remote] DEBUG org.apache.http.headers  - http-outgoing-92 << HTTP/1.1 200 OK
130581 [Forwarding findElement on session c5bf1d259c068ae76f99adfff79e8f20 to remote] DEBUG org.apache.http.headers  - http-outgoing-92 << HTTP/1.1 200 OK
130581 [Forwarding findElement on session c5bf1d259c068ae76f99adfff79e8f20 to remote] DEBUG org.apache.http.headers  - http-outgoing-92 << HTTP/1.1 200 OK
130581 [Forwarding findElement on session c5bf1d259c068ae76f99adfff79e8f20 to remote] DEBUG org.apache.http.headers  - http-outgoing-92 << Content-Length:355
130581 [Forwarding findElement on session c5bf1d259c068ae76f99adfff79e8f20 to remote] DEBUG org.apache.http.headers  - http-outgoing-92 << Content-Length:355
130581 [Forwarding findElement on session c5bf1d259c068ae76f99adfff79e8f20 to remote] DEBUG org.apache.http.headers  - http-outgoing-92 << Content-Length:355
130581 [Forwarding findElement on session c5bf1d259c068ae76f99adfff79e8f20 to remote] DEBUG org.apache.http.headers  - http-outgoing-92 << Content-Type:application/json; charset=utf-8
130581 [Forwarding findElement on session c5bf1d259c068ae76f99adfff79e8f20 to remote] DEBUG org.apache.http.headers  - http-outgoing-92 << Content-Type:application/json; charset=utf-8
130581 [Forwarding findElement on session c5bf1d259c068ae76f99adfff79e8f20 to remote] DEBUG org.apache.http.headers  - http-outgoing-92 << Content-Type:application/json; charset=utf-8
130581 [Forwarding findElement on session c5bf1d259c068ae76f99adfff79e8f20 to remote] DEBUG org.apache.http.headers  - http-outgoing-92 << Connection:close
130581 [Forwarding findElement on session c5bf1d259c068ae76f99adfff79e8f20 to remote] DEBUG org.apache.http.headers  - http-outgoing-92 << Connection:close
130581 [Forwarding findElement on session c5bf1d259c068ae76f99adfff79e8f20 to remote] DEBUG org.apache.http.headers  - http-outgoing-92 << Connection:close
130582 [Forwarding findElement on session c5bf1d259c068ae76f99adfff79e8f20 to remote] DEBUG org.apache.http.impl.conn.DefaultManagedHttpClientConnection  - http-outgoing-92: Close connection
130582 [Forwarding findElement on session c5bf1d259c068ae76f99adfff79e8f20 to remote] DEBUG org.apache.http.impl.conn.DefaultManagedHttpClientConnection  - http-outgoing-92: Close connection
130582 [Forwarding findElement on session c5bf1d259c068ae76f99adfff79e8f20 to remote] DEBUG org.apache.http.impl.conn.DefaultManagedHttpClientConnection  - http-outgoing-92: Close connection
130583 [Forwarding findElement on session c5bf1d259c068ae76f99adfff79e8f20 to remote] DEBUG org.apache.http.impl.execchain.MainClientExec  - Connection discarded
130583 [Forwarding findElement on session c5bf1d259c068ae76f99adfff79e8f20 to remote] DEBUG org.apache.http.impl.execchain.MainClientExec  - Connection discarded
130583 [Forwarding findElement on session c5bf1d259c068ae76f99adfff79e8f20 to remote] DEBUG org.apache.http.impl.execchain.MainClientExec  - Connection discarded
130583 [Forwarding findElement on session c5bf1d259c068ae76f99adfff79e8f20 to remote] DEBUG org.apache.http.impl.conn.PoolingHttpClientConnectionManager  - Connection released: [id: 92][route: {}->http://localhost:7219][total kept alive: 0; route allocated: 0 of 2000; total allocated: 0 of 2000]
130583 [Forwarding findElement on session c5bf1d259c068ae76f99adfff79e8f20 to remote] DEBUG org.apache.http.impl.conn.PoolingHttpClientConnectionManager  - Connection released: [id: 92][route: {}->http://localhost:7219][total kept alive: 0; route allocated: 0 of 2000; total allocated: 0 of 2000]
130583 [Forwarding findElement on session c5bf1d259c068ae76f99adfff79e8f20 to remote] DEBUG org.apache.http.impl.conn.PoolingHttpClientConnectionManager  - Connection released: [id: 92][route: {}->http://localhost:7219][total kept alive: 0; route allocated: 0 of 2000; total allocated: 0 of 2000]
]]></system-out>
    <system-err><![CDATA[Starting ChromeDriver 2.23.409699 (49b0fa931cda1caad0ae15b7d1b68004acd05129) on port 7219
Only local connections are allowed.
]]></system-err>
  </testcase>
  <testcase name="TestDeletePost" classname="maintenance.LoginTests" time="33.73">
    <failure message="no such element: Unable to locate element: {&quot;method&quot;:&quot;css selector&quot;,&quot;selector&quot;:&quot; .post-action.post-action-delete.js-action-delete&quot;}&#10;  (Session info: chrome=53.0.2785.101)&#10;  (Driver info: chromedriver=2.23.409699 (49b0fa931cda1caad0ae15b7d1b68004acd05129),platform=Windows NT 10.0.10586 x86_64) (WARNING: The server did not provide any stacktrace information)&#10;Command duration or timeout: 20.04 seconds&#10;For documentation on this error, please visit: http://seleniumhq.org/exceptions/no_such_element.html&#10;Build info: version: &apos;unknown&apos;, revision: &apos;31c43c8&apos;, time: &apos;2016-08-02 21:57:56 -0700&apos;&#10;System info: host: &apos;valhalla&apos;, ip: &apos;192.168.121.1&apos;, os.name: &apos;Windows 10&apos;, os.arch: &apos;amd64&apos;, os.version: &apos;10.0&apos;, java.version: &apos;1.8.0_91&apos;&#10;Driver info: org.openqa.selenium.chrome.ChromeDriver&#10;Capabilities [{applicationCacheEnabled=false, rotatable=false, mobileEmulationEnabled=false, networkConnectionEnabled=false, chrome={chromedriverVersion=2.23.409699 (49b0fa931cda1caad0ae15b7d1b68004acd05129), userDataDir=C:\Users\soren\AppData\Local\Temp\scoped_dir7344_22940}, takesHeapSnapshot=true, databaseEnabled=false, handlesAlerts=true, hasTouchScreen=false, version=53.0.2785.101, platform=XP, browserConnectionEnabled=false, nativeEvents=true, acceptSslCerts=true, locationContextEnabled=true, webStorageEnabled=true, browserName=chrome, takesScreenshot=true, javascriptEnabled=true, cssSelectorsEnabled=true}]&#10;Session ID: 26e90cf751a94491357d237ee8548956&#10;*** Element info: {Using=css selector, value= .post-action.post-action-delete.js-action-delete}" type="org.openqa.selenium.NoSuchElementException">org.openqa.selenium.NoSuchElementException: 
no such element: Unable to locate element: {"method":"css selector","selector":" .post-action.post-action-delete.js-action-delete"}
  (Session info: chrome=53.0.2785.101)
  (Driver info: chromedriver=2.23.409699 (49b0fa931cda1caad0ae15b7d1b68004acd05129),platform=Windows NT 10.0.10586 x86_64) (WARNING: The server did not provide any stacktrace information)
Command duration or timeout: 20.04 seconds
For documentation on this error, please visit: http://seleniumhq.org/exceptions/no_such_element.html
Build info: version: 'unknown', revision: '31c43c8', time: '2016-08-02 21:57:56 -0700'
System info: host: 'valhalla', ip: '192.168.121.1', os.name: 'Windows 10', os.arch: 'amd64', os.version: '10.0', java.version: '1.8.0_91'
Driver info: org.openqa.selenium.chrome.ChromeDriver
Capabilities [{applicationCacheEnabled=false, rotatable=false, mobileEmulationEnabled=false, networkConnectionEnabled=false, chrome={chromedriverVersion=2.23.409699 (49b0fa931cda1caad0ae15b7d1b68004acd05129), userDataDir=C:\Users\soren\AppData\Local\Temp\scoped_dir7344_22940}, takesHeapSnapshot=true, databaseEnabled=false, handlesAlerts=true, hasTouchScreen=false, version=53.0.2785.101, platform=XP, browserConnectionEnabled=false, nativeEvents=true, acceptSslCerts=true, locationContextEnabled=true, webStorageEnabled=true, browserName=chrome, takesScreenshot=true, javascriptEnabled=true, cssSelectorsEnabled=true}]
Session ID: 26e90cf751a94491357d237ee8548956
*** Element info: {Using=css selector, value= .post-action.post-action-delete.js-action-delete}
	at maintenance.LoginTests.TestDeletePost(LoginTests.java:96)
</failure>
    <system-out><![CDATA[130590 [Forwarding close on session c5bf1d259c068ae76f99adfff79e8f20 to remote] DEBUG org.apache.http.client.protocol.RequestAddCookies  - CookieSpec selected: default
130590 [Forwarding close on session c5bf1d259c068ae76f99adfff79e8f20 to remote] DEBUG org.apache.http.client.protocol.RequestAddCookies  - CookieSpec selected: default
130590 [Forwarding close on session c5bf1d259c068ae76f99adfff79e8f20 to remote] DEBUG org.apache.http.client.protocol.RequestAddCookies  - CookieSpec selected: default
130590 [Forwarding close on session c5bf1d259c068ae76f99adfff79e8f20 to remote] DEBUG org.apache.http.client.protocol.RequestAuthCache  - Auth cache not set in the context
130590 [Forwarding close on session c5bf1d259c068ae76f99adfff79e8f20 to remote] DEBUG org.apache.http.client.protocol.RequestAuthCache  - Auth cache not set in the context
130590 [Forwarding close on session c5bf1d259c068ae76f99adfff79e8f20 to remote] DEBUG org.apache.http.client.protocol.RequestAuthCache  - Auth cache not set in the context
130592 [Forwarding close on session c5bf1d259c068ae76f99adfff79e8f20 to remote] DEBUG org.apache.http.impl.conn.PoolingHttpClientConnectionManager  - Connection request: [route: {}->http://localhost:7219][total kept alive: 0; route allocated: 0 of 2000; total allocated: 0 of 2000]
130592 [Forwarding close on session c5bf1d259c068ae76f99adfff79e8f20 to remote] DEBUG org.apache.http.impl.conn.PoolingHttpClientConnectionManager  - Connection request: [route: {}->http://localhost:7219][total kept alive: 0; route allocated: 0 of 2000; total allocated: 0 of 2000]
130592 [Forwarding close on session c5bf1d259c068ae76f99adfff79e8f20 to remote] DEBUG org.apache.http.impl.conn.PoolingHttpClientConnectionManager  - Connection request: [route: {}->http://localhost:7219][total kept alive: 0; route allocated: 0 of 2000; total allocated: 0 of 2000]
130593 [Forwarding close on session c5bf1d259c068ae76f99adfff79e8f20 to remote] DEBUG org.apache.http.impl.conn.PoolingHttpClientConnectionManager  - Connection leased: [id: 93][route: {}->http://localhost:7219][total kept alive: 0; route allocated: 1 of 2000; total allocated: 1 of 2000]
130593 [Forwarding close on session c5bf1d259c068ae76f99adfff79e8f20 to remote] DEBUG org.apache.http.impl.conn.PoolingHttpClientConnectionManager  - Connection leased: [id: 93][route: {}->http://localhost:7219][total kept alive: 0; route allocated: 1 of 2000; total allocated: 1 of 2000]
130593 [Forwarding close on session c5bf1d259c068ae76f99adfff79e8f20 to remote] DEBUG org.apache.http.impl.conn.PoolingHttpClientConnectionManager  - Connection leased: [id: 93][route: {}->http://localhost:7219][total kept alive: 0; route allocated: 1 of 2000; total allocated: 1 of 2000]
130593 [Forwarding close on session c5bf1d259c068ae76f99adfff79e8f20 to remote] DEBUG org.apache.http.impl.execchain.MainClientExec  - Opening connection {}->http://localhost:7219
130593 [Forwarding close on session c5bf1d259c068ae76f99adfff79e8f20 to remote] DEBUG org.apache.http.impl.execchain.MainClientExec  - Opening connection {}->http://localhost:7219
130593 [Forwarding close on session c5bf1d259c068ae76f99adfff79e8f20 to remote] DEBUG org.apache.http.impl.execchain.MainClientExec  - Opening connection {}->http://localhost:7219
130593 [Forwarding close on session c5bf1d259c068ae76f99adfff79e8f20 to remote] DEBUG org.apache.http.impl.conn.DefaultHttpClientConnectionOperator  - Connecting to localhost/127.0.0.1:7219
130593 [Forwarding close on session c5bf1d259c068ae76f99adfff79e8f20 to remote] DEBUG org.apache.http.impl.conn.DefaultHttpClientConnectionOperator  - Connecting to localhost/127.0.0.1:7219
130593 [Forwarding close on session c5bf1d259c068ae76f99adfff79e8f20 to remote] DEBUG org.apache.http.impl.conn.DefaultHttpClientConnectionOperator  - Connecting to localhost/127.0.0.1:7219
130594 [Forwarding close on session c5bf1d259c068ae76f99adfff79e8f20 to remote] DEBUG org.apache.http.impl.conn.DefaultHttpClientConnectionOperator  - Connection established 127.0.0.1:53004<->127.0.0.1:7219
130594 [Forwarding close on session c5bf1d259c068ae76f99adfff79e8f20 to remote] DEBUG org.apache.http.impl.conn.DefaultHttpClientConnectionOperator  - Connection established 127.0.0.1:53004<->127.0.0.1:7219
130594 [Forwarding close on session c5bf1d259c068ae76f99adfff79e8f20 to remote] DEBUG org.apache.http.impl.conn.DefaultHttpClientConnectionOperator  - Connection established 127.0.0.1:53004<->127.0.0.1:7219
130594 [Forwarding close on session c5bf1d259c068ae76f99adfff79e8f20 to remote] DEBUG org.apache.http.impl.conn.DefaultManagedHttpClientConnection  - http-outgoing-93: set socket timeout to 10800000
130594 [Forwarding close on session c5bf1d259c068ae76f99adfff79e8f20 to remote] DEBUG org.apache.http.impl.conn.DefaultManagedHttpClientConnection  - http-outgoing-93: set socket timeout to 10800000
130594 [Forwarding close on session c5bf1d259c068ae76f99adfff79e8f20 to remote] DEBUG org.apache.http.impl.conn.DefaultManagedHttpClientConnection  - http-outgoing-93: set socket timeout to 10800000
130594 [Forwarding close on session c5bf1d259c068ae76f99adfff79e8f20 to remote] DEBUG org.apache.http.impl.execchain.MainClientExec  - Executing request DELETE /session/c5bf1d259c068ae76f99adfff79e8f20/window HTTP/1.1
130594 [Forwarding close on session c5bf1d259c068ae76f99adfff79e8f20 to remote] DEBUG org.apache.http.impl.execchain.MainClientExec  - Executing request DELETE /session/c5bf1d259c068ae76f99adfff79e8f20/window HTTP/1.1
130594 [Forwarding close on session c5bf1d259c068ae76f99adfff79e8f20 to remote] DEBUG org.apache.http.impl.execchain.MainClientExec  - Executing request DELETE /session/c5bf1d259c068ae76f99adfff79e8f20/window HTTP/1.1
130594 [Forwarding close on session c5bf1d259c068ae76f99adfff79e8f20 to remote] DEBUG org.apache.http.impl.execchain.MainClientExec  - Target auth state: UNCHALLENGED
130594 [Forwarding close on session c5bf1d259c068ae76f99adfff79e8f20 to remote] DEBUG org.apache.http.impl.execchain.MainClientExec  - Target auth state: UNCHALLENGED
130594 [Forwarding close on session c5bf1d259c068ae76f99adfff79e8f20 to remote] DEBUG org.apache.http.impl.execchain.MainClientExec  - Target auth state: UNCHALLENGED
130594 [Forwarding close on session c5bf1d259c068ae76f99adfff79e8f20 to remote] DEBUG org.apache.http.impl.execchain.MainClientExec  - Proxy auth state: UNCHALLENGED
130594 [Forwarding close on session c5bf1d259c068ae76f99adfff79e8f20 to remote] DEBUG org.apache.http.impl.execchain.MainClientExec  - Proxy auth state: UNCHALLENGED
130594 [Forwarding close on session c5bf1d259c068ae76f99adfff79e8f20 to remote] DEBUG org.apache.http.impl.execchain.MainClientExec  - Proxy auth state: UNCHALLENGED
130594 [Forwarding close on session c5bf1d259c068ae76f99adfff79e8f20 to remote] DEBUG org.apache.http.headers  - http-outgoing-93 >> DELETE /session/c5bf1d259c068ae76f99adfff79e8f20/window HTTP/1.1
130594 [Forwarding close on session c5bf1d259c068ae76f99adfff79e8f20 to remote] DEBUG org.apache.http.headers  - http-outgoing-93 >> DELETE /session/c5bf1d259c068ae76f99adfff79e8f20/window HTTP/1.1
130594 [Forwarding close on session c5bf1d259c068ae76f99adfff79e8f20 to remote] DEBUG org.apache.http.headers  - http-outgoing-93 >> DELETE /session/c5bf1d259c068ae76f99adfff79e8f20/window HTTP/1.1
130594 [Forwarding close on session c5bf1d259c068ae76f99adfff79e8f20 to remote] DEBUG org.apache.http.headers  - http-outgoing-93 >> Host: localhost:7219
130594 [Forwarding close on session c5bf1d259c068ae76f99adfff79e8f20 to remote] DEBUG org.apache.http.headers  - http-outgoing-93 >> Host: localhost:7219
130594 [Forwarding close on session c5bf1d259c068ae76f99adfff79e8f20 to remote] DEBUG org.apache.http.headers  - http-outgoing-93 >> Host: localhost:7219
130594 [Forwarding close on session c5bf1d259c068ae76f99adfff79e8f20 to remote] DEBUG org.apache.http.headers  - http-outgoing-93 >> Connection: Keep-Alive
130594 [Forwarding close on session c5bf1d259c068ae76f99adfff79e8f20 to remote] DEBUG org.apache.http.headers  - http-outgoing-93 >> Connection: Keep-Alive
130594 [Forwarding close on session c5bf1d259c068ae76f99adfff79e8f20 to remote] DEBUG org.apache.http.headers  - http-outgoing-93 >> Connection: Keep-Alive
130594 [Forwarding close on session c5bf1d259c068ae76f99adfff79e8f20 to remote] DEBUG org.apache.http.headers  - http-outgoing-93 >> User-Agent: Apache-HttpClient/4.5.2 (Java/1.8.0_91)
130594 [Forwarding close on session c5bf1d259c068ae76f99adfff79e8f20 to remote] DEBUG org.apache.http.headers  - http-outgoing-93 >> User-Agent: Apache-HttpClient/4.5.2 (Java/1.8.0_91)
130594 [Forwarding close on session c5bf1d259c068ae76f99adfff79e8f20 to remote] DEBUG org.apache.http.headers  - http-outgoing-93 >> User-Agent: Apache-HttpClient/4.5.2 (Java/1.8.0_91)
130594 [Forwarding close on session c5bf1d259c068ae76f99adfff79e8f20 to remote] DEBUG org.apache.http.headers  - http-outgoing-93 >> Accept-Encoding: gzip,deflate
130594 [Forwarding close on session c5bf1d259c068ae76f99adfff79e8f20 to remote] DEBUG org.apache.http.headers  - http-outgoing-93 >> Accept-Encoding: gzip,deflate
130594 [Forwarding close on session c5bf1d259c068ae76f99adfff79e8f20 to remote] DEBUG org.apache.http.headers  - http-outgoing-93 >> Accept-Encoding: gzip,deflate
130594 [Forwarding close on session c5bf1d259c068ae76f99adfff79e8f20 to remote] DEBUG org.apache.http.wire  - http-outgoing-93 >> "DELETE /session/c5bf1d259c068ae76f99adfff79e8f20/window HTTP/1.1[\r][\n]"
130594 [Forwarding close on session c5bf1d259c068ae76f99adfff79e8f20 to remote] DEBUG org.apache.http.wire  - http-outgoing-93 >> "DELETE /session/c5bf1d259c068ae76f99adfff79e8f20/window HTTP/1.1[\r][\n]"
130594 [Forwarding close on session c5bf1d259c068ae76f99adfff79e8f20 to remote] DEBUG org.apache.http.wire  - http-outgoing-93 >> "DELETE /session/c5bf1d259c068ae76f99adfff79e8f20/window HTTP/1.1[\r][\n]"
130594 [Forwarding close on session c5bf1d259c068ae76f99adfff79e8f20 to remote] DEBUG org.apache.http.wire  - http-outgoing-93 >> "Host: localhost:7219[\r][\n]"
130594 [Forwarding close on session c5bf1d259c068ae76f99adfff79e8f20 to remote] DEBUG org.apache.http.wire  - http-outgoing-93 >> "Host: localhost:7219[\r][\n]"
130594 [Forwarding close on session c5bf1d259c068ae76f99adfff79e8f20 to remote] DEBUG org.apache.http.wire  - http-outgoing-93 >> "Host: localhost:7219[\r][\n]"
130594 [Forwarding close on session c5bf1d259c068ae76f99adfff79e8f20 to remote] DEBUG org.apache.http.wire  - http-outgoing-93 >> "Connection: Keep-Alive[\r][\n]"
130594 [Forwarding close on session c5bf1d259c068ae76f99adfff79e8f20 to remote] DEBUG org.apache.http.wire  - http-outgoing-93 >> "Connection: Keep-Alive[\r][\n]"
130594 [Forwarding close on session c5bf1d259c068ae76f99adfff79e8f20 to remote] DEBUG org.apache.http.wire  - http-outgoing-93 >> "Connection: Keep-Alive[\r][\n]"
130594 [Forwarding close on session c5bf1d259c068ae76f99adfff79e8f20 to remote] DEBUG org.apache.http.wire  - http-outgoing-93 >> "User-Agent: Apache-HttpClient/4.5.2 (Java/1.8.0_91)[\r][\n]"
130594 [Forwarding close on session c5bf1d259c068ae76f99adfff79e8f20 to remote] DEBUG org.apache.http.wire  - http-outgoing-93 >> "User-Agent: Apache-HttpClient/4.5.2 (Java/1.8.0_91)[\r][\n]"
130594 [Forwarding close on session c5bf1d259c068ae76f99adfff79e8f20 to remote] DEBUG org.apache.http.wire  - http-outgoing-93 >> "User-Agent: Apache-HttpClient/4.5.2 (Java/1.8.0_91)[\r][\n]"
130594 [Forwarding close on session c5bf1d259c068ae76f99adfff79e8f20 to remote] DEBUG org.apache.http.wire  - http-outgoing-93 >> "Accept-Encoding: gzip,deflate[\r][\n]"
130594 [Forwarding close on session c5bf1d259c068ae76f99adfff79e8f20 to remote] DEBUG org.apache.http.wire  - http-outgoing-93 >> "Accept-Encoding: gzip,deflate[\r][\n]"
130594 [Forwarding close on session c5bf1d259c068ae76f99adfff79e8f20 to remote] DEBUG org.apache.http.wire  - http-outgoing-93 >> "Accept-Encoding: gzip,deflate[\r][\n]"
130594 [Forwarding close on session c5bf1d259c068ae76f99adfff79e8f20 to remote] DEBUG org.apache.http.wire  - http-outgoing-93 >> "[\r][\n]"
130594 [Forwarding close on session c5bf1d259c068ae76f99adfff79e8f20 to remote] DEBUG org.apache.http.wire  - http-outgoing-93 >> "[\r][\n]"
130594 [Forwarding close on session c5bf1d259c068ae76f99adfff79e8f20 to remote] DEBUG org.apache.http.wire  - http-outgoing-93 >> "[\r][\n]"
132938 [Forwarding close on session c5bf1d259c068ae76f99adfff79e8f20 to remote] DEBUG org.apache.http.wire  - http-outgoing-93 << "HTTP/1.1 200 OK[\r][\n]"
132938 [Forwarding close on session c5bf1d259c068ae76f99adfff79e8f20 to remote] DEBUG org.apache.http.wire  - http-outgoing-93 << "HTTP/1.1 200 OK[\r][\n]"
132938 [Forwarding close on session c5bf1d259c068ae76f99adfff79e8f20 to remote] DEBUG org.apache.http.wire  - http-outgoing-93 << "HTTP/1.1 200 OK[\r][\n]"
132939 [Forwarding close on session c5bf1d259c068ae76f99adfff79e8f20 to remote] DEBUG org.apache.http.wire  - http-outgoing-93 << "Content-Length:72[\r][\n]"
132939 [Forwarding close on session c5bf1d259c068ae76f99adfff79e8f20 to remote] DEBUG org.apache.http.wire  - http-outgoing-93 << "Content-Length:72[\r][\n]"
132939 [Forwarding close on session c5bf1d259c068ae76f99adfff79e8f20 to remote] DEBUG org.apache.http.wire  - http-outgoing-93 << "Content-Length:72[\r][\n]"
132939 [Forwarding close on session c5bf1d259c068ae76f99adfff79e8f20 to remote] DEBUG org.apache.http.wire  - http-outgoing-93 << "Content-Type:application/json; charset=utf-8[\r][\n]"
132939 [Forwarding close on session c5bf1d259c068ae76f99adfff79e8f20 to remote] DEBUG org.apache.http.wire  - http-outgoing-93 << "Content-Type:application/json; charset=utf-8[\r][\n]"
132939 [Forwarding close on session c5bf1d259c068ae76f99adfff79e8f20 to remote] DEBUG org.apache.http.wire  - http-outgoing-93 << "Content-Type:application/json; charset=utf-8[\r][\n]"
132939 [Forwarding close on session c5bf1d259c068ae76f99adfff79e8f20 to remote] DEBUG org.apache.http.wire  - http-outgoing-93 << "Connection:close[\r][\n]"
132939 [Forwarding close on session c5bf1d259c068ae76f99adfff79e8f20 to remote] DEBUG org.apache.http.wire  - http-outgoing-93 << "Connection:close[\r][\n]"
132939 [Forwarding close on session c5bf1d259c068ae76f99adfff79e8f20 to remote] DEBUG org.apache.http.wire  - http-outgoing-93 << "Connection:close[\r][\n]"
132939 [Forwarding close on session c5bf1d259c068ae76f99adfff79e8f20 to remote] DEBUG org.apache.http.wire  - http-outgoing-93 << "[\r][\n]"
132939 [Forwarding close on session c5bf1d259c068ae76f99adfff79e8f20 to remote] DEBUG org.apache.http.wire  - http-outgoing-93 << "[\r][\n]"
132939 [Forwarding close on session c5bf1d259c068ae76f99adfff79e8f20 to remote] DEBUG org.apache.http.wire  - http-outgoing-93 << "[\r][\n]"
132939 [Forwarding close on session c5bf1d259c068ae76f99adfff79e8f20 to remote] DEBUG org.apache.http.wire  - http-outgoing-93 << "{"sessionId":"c5bf1d259c068ae76f99adfff79e8f20","status":0,"value":null}"
132939 [Forwarding close on session c5bf1d259c068ae76f99adfff79e8f20 to remote] DEBUG org.apache.http.wire  - http-outgoing-93 << "{"sessionId":"c5bf1d259c068ae76f99adfff79e8f20","status":0,"value":null}"
132939 [Forwarding close on session c5bf1d259c068ae76f99adfff79e8f20 to remote] DEBUG org.apache.http.wire  - http-outgoing-93 << "{"sessionId":"c5bf1d259c068ae76f99adfff79e8f20","status":0,"value":null}"
132939 [Forwarding close on session c5bf1d259c068ae76f99adfff79e8f20 to remote] DEBUG org.apache.http.headers  - http-outgoing-93 << HTTP/1.1 200 OK
132939 [Forwarding close on session c5bf1d259c068ae76f99adfff79e8f20 to remote] DEBUG org.apache.http.headers  - http-outgoing-93 << HTTP/1.1 200 OK
132939 [Forwarding close on session c5bf1d259c068ae76f99adfff79e8f20 to remote] DEBUG org.apache.http.headers  - http-outgoing-93 << HTTP/1.1 200 OK
132939 [Forwarding close on session c5bf1d259c068ae76f99adfff79e8f20 to remote] DEBUG org.apache.http.headers  - http-outgoing-93 << Content-Length:72
132939 [Forwarding close on session c5bf1d259c068ae76f99adfff79e8f20 to remote] DEBUG org.apache.http.headers  - http-outgoing-93 << Content-Length:72
132939 [Forwarding close on session c5bf1d259c068ae76f99adfff79e8f20 to remote] DEBUG org.apache.http.headers  - http-outgoing-93 << Content-Length:72
132939 [Forwarding close on session c5bf1d259c068ae76f99adfff79e8f20 to remote] DEBUG org.apache.http.headers  - http-outgoing-93 << Content-Type:application/json; charset=utf-8
132939 [Forwarding close on session c5bf1d259c068ae76f99adfff79e8f20 to remote] DEBUG org.apache.http.headers  - http-outgoing-93 << Content-Type:application/json; charset=utf-8
132939 [Forwarding close on session c5bf1d259c068ae76f99adfff79e8f20 to remote] DEBUG org.apache.http.headers  - http-outgoing-93 << Content-Type:application/json; charset=utf-8
132939 [Forwarding close on session c5bf1d259c068ae76f99adfff79e8f20 to remote] DEBUG org.apache.http.headers  - http-outgoing-93 << Connection:close
132939 [Forwarding close on session c5bf1d259c068ae76f99adfff79e8f20 to remote] DEBUG org.apache.http.headers  - http-outgoing-93 << Connection:close
132939 [Forwarding close on session c5bf1d259c068ae76f99adfff79e8f20 to remote] DEBUG org.apache.http.headers  - http-outgoing-93 << Connection:close
132939 [Forwarding close on session c5bf1d259c068ae76f99adfff79e8f20 to remote] DEBUG org.apache.http.impl.conn.DefaultManagedHttpClientConnection  - http-outgoing-93: Close connection
132939 [Forwarding close on session c5bf1d259c068ae76f99adfff79e8f20 to remote] DEBUG org.apache.http.impl.conn.DefaultManagedHttpClientConnection  - http-outgoing-93: Close connection
132939 [Forwarding close on session c5bf1d259c068ae76f99adfff79e8f20 to remote] DEBUG org.apache.http.impl.conn.DefaultManagedHttpClientConnection  - http-outgoing-93: Close connection
132939 [Forwarding close on session c5bf1d259c068ae76f99adfff79e8f20 to remote] DEBUG org.apache.http.impl.execchain.MainClientExec  - Connection discarded
132939 [Forwarding close on session c5bf1d259c068ae76f99adfff79e8f20 to remote] DEBUG org.apache.http.impl.execchain.MainClientExec  - Connection discarded
132939 [Forwarding close on session c5bf1d259c068ae76f99adfff79e8f20 to remote] DEBUG org.apache.http.impl.execchain.MainClientExec  - Connection discarded
132940 [Forwarding close on session c5bf1d259c068ae76f99adfff79e8f20 to remote] DEBUG org.apache.http.impl.conn.PoolingHttpClientConnectionManager  - Connection released: [id: 93][route: {}->http://localhost:7219][total kept alive: 0; route allocated: 0 of 2000; total allocated: 0 of 2000]
132940 [Forwarding close on session c5bf1d259c068ae76f99adfff79e8f20 to remote] DEBUG org.apache.http.impl.conn.PoolingHttpClientConnectionManager  - Connection released: [id: 93][route: {}->http://localhost:7219][total kept alive: 0; route allocated: 0 of 2000; total allocated: 0 of 2000]
132940 [Forwarding close on session c5bf1d259c068ae76f99adfff79e8f20 to remote] DEBUG org.apache.http.impl.conn.PoolingHttpClientConnectionManager  - Connection released: [id: 93][route: {}->http://localhost:7219][total kept alive: 0; route allocated: 0 of 2000; total allocated: 0 of 2000]
133461 [Forwarding newSession on session null to remote] DEBUG org.apache.http.client.protocol.RequestAddCookies  - CookieSpec selected: default
133461 [Forwarding newSession on session null to remote] DEBUG org.apache.http.client.protocol.RequestAddCookies  - CookieSpec selected: default
133461 [Forwarding newSession on session null to remote] DEBUG org.apache.http.client.protocol.RequestAddCookies  - CookieSpec selected: default
133461 [Forwarding newSession on session null to remote] DEBUG org.apache.http.client.protocol.RequestAddCookies  - CookieSpec selected: default
133461 [Forwarding newSession on session null to remote] DEBUG org.apache.http.client.protocol.RequestAuthCache  - Auth cache not set in the context
133461 [Forwarding newSession on session null to remote] DEBUG org.apache.http.client.protocol.RequestAuthCache  - Auth cache not set in the context
133461 [Forwarding newSession on session null to remote] DEBUG org.apache.http.client.protocol.RequestAuthCache  - Auth cache not set in the context
133461 [Forwarding newSession on session null to remote] DEBUG org.apache.http.client.protocol.RequestAuthCache  - Auth cache not set in the context
133461 [Forwarding newSession on session null to remote] DEBUG org.apache.http.impl.conn.PoolingHttpClientConnectionManager  - Connection request: [route: {}->http://localhost:39717][total kept alive: 0; route allocated: 0 of 2000; total allocated: 0 of 2000]
133461 [Forwarding newSession on session null to remote] DEBUG org.apache.http.impl.conn.PoolingHttpClientConnectionManager  - Connection request: [route: {}->http://localhost:39717][total kept alive: 0; route allocated: 0 of 2000; total allocated: 0 of 2000]
133461 [Forwarding newSession on session null to remote] DEBUG org.apache.http.impl.conn.PoolingHttpClientConnectionManager  - Connection request: [route: {}->http://localhost:39717][total kept alive: 0; route allocated: 0 of 2000; total allocated: 0 of 2000]
133461 [Forwarding newSession on session null to remote] DEBUG org.apache.http.impl.conn.PoolingHttpClientConnectionManager  - Connection request: [route: {}->http://localhost:39717][total kept alive: 0; route allocated: 0 of 2000; total allocated: 0 of 2000]
133461 [Forwarding newSession on session null to remote] DEBUG org.apache.http.impl.conn.PoolingHttpClientConnectionManager  - Connection leased: [id: 94][route: {}->http://localhost:39717][total kept alive: 0; route allocated: 1 of 2000; total allocated: 1 of 2000]
133461 [Forwarding newSession on session null to remote] DEBUG org.apache.http.impl.conn.PoolingHttpClientConnectionManager  - Connection leased: [id: 94][route: {}->http://localhost:39717][total kept alive: 0; route allocated: 1 of 2000; total allocated: 1 of 2000]
133461 [Forwarding newSession on session null to remote] DEBUG org.apache.http.impl.conn.PoolingHttpClientConnectionManager  - Connection leased: [id: 94][route: {}->http://localhost:39717][total kept alive: 0; route allocated: 1 of 2000; total allocated: 1 of 2000]
133461 [Forwarding newSession on session null to remote] DEBUG org.apache.http.impl.conn.PoolingHttpClientConnectionManager  - Connection leased: [id: 94][route: {}->http://localhost:39717][total kept alive: 0; route allocated: 1 of 2000; total allocated: 1 of 2000]
133461 [Forwarding newSession on session null to remote] DEBUG org.apache.http.impl.execchain.MainClientExec  - Opening connection {}->http://localhost:39717
133461 [Forwarding newSession on session null to remote] DEBUG org.apache.http.impl.execchain.MainClientExec  - Opening connection {}->http://localhost:39717
133461 [Forwarding newSession on session null to remote] DEBUG org.apache.http.impl.execchain.MainClientExec  - Opening connection {}->http://localhost:39717
133461 [Forwarding newSession on session null to remote] DEBUG org.apache.http.impl.execchain.MainClientExec  - Opening connection {}->http://localhost:39717
133461 [Forwarding newSession on session null to remote] DEBUG org.apache.http.impl.conn.DefaultHttpClientConnectionOperator  - Connecting to localhost/127.0.0.1:39717
133461 [Forwarding newSession on session null to remote] DEBUG org.apache.http.impl.conn.DefaultHttpClientConnectionOperator  - Connecting to localhost/127.0.0.1:39717
133461 [Forwarding newSession on session null to remote] DEBUG org.apache.http.impl.conn.DefaultHttpClientConnectionOperator  - Connecting to localhost/127.0.0.1:39717
133461 [Forwarding newSession on session null to remote] DEBUG org.apache.http.impl.conn.DefaultHttpClientConnectionOperator  - Connecting to localhost/127.0.0.1:39717
133462 [Forwarding newSession on session null to remote] DEBUG org.apache.http.impl.conn.DefaultHttpClientConnectionOperator  - Connection established 127.0.0.1:53017<->127.0.0.1:39717
133462 [Forwarding newSession on session null to remote] DEBUG org.apache.http.impl.conn.DefaultHttpClientConnectionOperator  - Connection established 127.0.0.1:53017<->127.0.0.1:39717
133462 [Forwarding newSession on session null to remote] DEBUG org.apache.http.impl.conn.DefaultHttpClientConnectionOperator  - Connection established 127.0.0.1:53017<->127.0.0.1:39717
133462 [Forwarding newSession on session null to remote] DEBUG org.apache.http.impl.conn.DefaultHttpClientConnectionOperator  - Connection established 127.0.0.1:53017<->127.0.0.1:39717
133462 [Forwarding newSession on session null to remote] DEBUG org.apache.http.impl.conn.DefaultManagedHttpClientConnection  - http-outgoing-94: set socket timeout to 10800000
133462 [Forwarding newSession on session null to remote] DEBUG org.apache.http.impl.conn.DefaultManagedHttpClientConnection  - http-outgoing-94: set socket timeout to 10800000
133462 [Forwarding newSession on session null to remote] DEBUG org.apache.http.impl.conn.DefaultManagedHttpClientConnection  - http-outgoing-94: set socket timeout to 10800000
133462 [Forwarding newSession on session null to remote] DEBUG org.apache.http.impl.conn.DefaultManagedHttpClientConnection  - http-outgoing-94: set socket timeout to 10800000
133462 [Forwarding newSession on session null to remote] DEBUG org.apache.http.impl.execchain.MainClientExec  - Executing request POST /session HTTP/1.1
133462 [Forwarding newSession on session null to remote] DEBUG org.apache.http.impl.execchain.MainClientExec  - Executing request POST /session HTTP/1.1
133462 [Forwarding newSession on session null to remote] DEBUG org.apache.http.impl.execchain.MainClientExec  - Executing request POST /session HTTP/1.1
133462 [Forwarding newSession on session null to remote] DEBUG org.apache.http.impl.execchain.MainClientExec  - Executing request POST /session HTTP/1.1
133462 [Forwarding newSession on session null to remote] DEBUG org.apache.http.impl.execchain.MainClientExec  - Target auth state: UNCHALLENGED
133462 [Forwarding newSession on session null to remote] DEBUG org.apache.http.impl.execchain.MainClientExec  - Target auth state: UNCHALLENGED
133462 [Forwarding newSession on session null to remote] DEBUG org.apache.http.impl.execchain.MainClientExec  - Target auth state: UNCHALLENGED
133462 [Forwarding newSession on session null to remote] DEBUG org.apache.http.impl.execchain.MainClientExec  - Target auth state: UNCHALLENGED
133462 [Forwarding newSession on session null to remote] DEBUG org.apache.http.impl.execchain.MainClientExec  - Proxy auth state: UNCHALLENGED
133462 [Forwarding newSession on session null to remote] DEBUG org.apache.http.impl.execchain.MainClientExec  - Proxy auth state: UNCHALLENGED
133462 [Forwarding newSession on session null to remote] DEBUG org.apache.http.impl.execchain.MainClientExec  - Proxy auth state: UNCHALLENGED
133462 [Forwarding newSession on session null to remote] DEBUG org.apache.http.impl.execchain.MainClientExec  - Proxy auth state: UNCHALLENGED
133462 [Forwarding newSession on session null to remote] DEBUG org.apache.http.headers  - http-outgoing-94 >> POST /session HTTP/1.1
133462 [Forwarding newSession on session null to remote] DEBUG org.apache.http.headers  - http-outgoing-94 >> POST /session HTTP/1.1
133462 [Forwarding newSession on session null to remote] DEBUG org.apache.http.headers  - http-outgoing-94 >> POST /session HTTP/1.1
133462 [Forwarding newSession on session null to remote] DEBUG org.apache.http.headers  - http-outgoing-94 >> POST /session HTTP/1.1
133462 [Forwarding newSession on session null to remote] DEBUG org.apache.http.headers  - http-outgoing-94 >> Content-Type: application/json; charset=utf-8
133462 [Forwarding newSession on session null to remote] DEBUG org.apache.http.headers  - http-outgoing-94 >> Content-Type: application/json; charset=utf-8
133462 [Forwarding newSession on session null to remote] DEBUG org.apache.http.headers  - http-outgoing-94 >> Content-Type: application/json; charset=utf-8
133462 [Forwarding newSession on session null to remote] DEBUG org.apache.http.headers  - http-outgoing-94 >> Content-Type: application/json; charset=utf-8
133462 [Forwarding newSession on session null to remote] DEBUG org.apache.http.headers  - http-outgoing-94 >> Content-Length: 122
133462 [Forwarding newSession on session null to remote] DEBUG org.apache.http.headers  - http-outgoing-94 >> Content-Length: 122
133462 [Forwarding newSession on session null to remote] DEBUG org.apache.http.headers  - http-outgoing-94 >> Content-Length: 122
133462 [Forwarding newSession on session null to remote] DEBUG org.apache.http.headers  - http-outgoing-94 >> Content-Length: 122
133462 [Forwarding newSession on session null to remote] DEBUG org.apache.http.headers  - http-outgoing-94 >> Host: localhost:39717
133462 [Forwarding newSession on session null to remote] DEBUG org.apache.http.headers  - http-outgoing-94 >> Host: localhost:39717
133462 [Forwarding newSession on session null to remote] DEBUG org.apache.http.headers  - http-outgoing-94 >> Host: localhost:39717
133462 [Forwarding newSession on session null to remote] DEBUG org.apache.http.headers  - http-outgoing-94 >> Host: localhost:39717
133462 [Forwarding newSession on session null to remote] DEBUG org.apache.http.headers  - http-outgoing-94 >> Connection: Keep-Alive
133462 [Forwarding newSession on session null to remote] DEBUG org.apache.http.headers  - http-outgoing-94 >> Connection: Keep-Alive
133462 [Forwarding newSession on session null to remote] DEBUG org.apache.http.headers  - http-outgoing-94 >> Connection: Keep-Alive
133462 [Forwarding newSession on session null to remote] DEBUG org.apache.http.headers  - http-outgoing-94 >> Connection: Keep-Alive
133462 [Forwarding newSession on session null to remote] DEBUG org.apache.http.headers  - http-outgoing-94 >> User-Agent: Apache-HttpClient/4.5.2 (Java/1.8.0_91)
133462 [Forwarding newSession on session null to remote] DEBUG org.apache.http.headers  - http-outgoing-94 >> User-Agent: Apache-HttpClient/4.5.2 (Java/1.8.0_91)
133462 [Forwarding newSession on session null to remote] DEBUG org.apache.http.headers  - http-outgoing-94 >> User-Agent: Apache-HttpClient/4.5.2 (Java/1.8.0_91)
133462 [Forwarding newSession on session null to remote] DEBUG org.apache.http.headers  - http-outgoing-94 >> User-Agent: Apache-HttpClient/4.5.2 (Java/1.8.0_91)
133462 [Forwarding newSession on session null to remote] DEBUG org.apache.http.headers  - http-outgoing-94 >> Accept-Encoding: gzip,deflate
133462 [Forwarding newSession on session null to remote] DEBUG org.apache.http.headers  - http-outgoing-94 >> Accept-Encoding: gzip,deflate
133462 [Forwarding newSession on session null to remote] DEBUG org.apache.http.headers  - http-outgoing-94 >> Accept-Encoding: gzip,deflate
133462 [Forwarding newSession on session null to remote] DEBUG org.apache.http.headers  - http-outgoing-94 >> Accept-Encoding: gzip,deflate
133462 [Forwarding newSession on session null to remote] DEBUG org.apache.http.wire  - http-outgoing-94 >> "POST /session HTTP/1.1[\r][\n]"
133462 [Forwarding newSession on session null to remote] DEBUG org.apache.http.wire  - http-outgoing-94 >> "POST /session HTTP/1.1[\r][\n]"
133462 [Forwarding newSession on session null to remote] DEBUG org.apache.http.wire  - http-outgoing-94 >> "POST /session HTTP/1.1[\r][\n]"
133462 [Forwarding newSession on session null to remote] DEBUG org.apache.http.wire  - http-outgoing-94 >> "POST /session HTTP/1.1[\r][\n]"
133462 [Forwarding newSession on session null to remote] DEBUG org.apache.http.wire  - http-outgoing-94 >> "Content-Type: application/json; charset=utf-8[\r][\n]"
133462 [Forwarding newSession on session null to remote] DEBUG org.apache.http.wire  - http-outgoing-94 >> "Content-Type: application/json; charset=utf-8[\r][\n]"
133462 [Forwarding newSession on session null to remote] DEBUG org.apache.http.wire  - http-outgoing-94 >> "Content-Type: application/json; charset=utf-8[\r][\n]"
133462 [Forwarding newSession on session null to remote] DEBUG org.apache.http.wire  - http-outgoing-94 >> "Content-Type: application/json; charset=utf-8[\r][\n]"
133462 [Forwarding newSession on session null to remote] DEBUG org.apache.http.wire  - http-outgoing-94 >> "Content-Length: 122[\r][\n]"
133462 [Forwarding newSession on session null to remote] DEBUG org.apache.http.wire  - http-outgoing-94 >> "Content-Length: 122[\r][\n]"
133462 [Forwarding newSession on session null to remote] DEBUG org.apache.http.wire  - http-outgoing-94 >> "Content-Length: 122[\r][\n]"
133462 [Forwarding newSession on session null to remote] DEBUG org.apache.http.wire  - http-outgoing-94 >> "Content-Length: 122[\r][\n]"
133462 [Forwarding newSession on session null to remote] DEBUG org.apache.http.wire  - http-outgoing-94 >> "Host: localhost:39717[\r][\n]"
133462 [Forwarding newSession on session null to remote] DEBUG org.apache.http.wire  - http-outgoing-94 >> "Host: localhost:39717[\r][\n]"
133462 [Forwarding newSession on session null to remote] DEBUG org.apache.http.wire  - http-outgoing-94 >> "Host: localhost:39717[\r][\n]"
133462 [Forwarding newSession on session null to remote] DEBUG org.apache.http.wire  - http-outgoing-94 >> "Host: localhost:39717[\r][\n]"
133462 [Forwarding newSession on session null to remote] DEBUG org.apache.http.wire  - http-outgoing-94 >> "Connection: Keep-Alive[\r][\n]"
133462 [Forwarding newSession on session null to remote] DEBUG org.apache.http.wire  - http-outgoing-94 >> "Connection: Keep-Alive[\r][\n]"
133462 [Forwarding newSession on session null to remote] DEBUG org.apache.http.wire  - http-outgoing-94 >> "Connection: Keep-Alive[\r][\n]"
133462 [Forwarding newSession on session null to remote] DEBUG org.apache.http.wire  - http-outgoing-94 >> "Connection: Keep-Alive[\r][\n]"
133463 [Forwarding newSession on session null to remote] DEBUG org.apache.http.wire  - http-outgoing-94 >> "User-Agent: Apache-HttpClient/4.5.2 (Java/1.8.0_91)[\r][\n]"
133463 [Forwarding newSession on session null to remote] DEBUG org.apache.http.wire  - http-outgoing-94 >> "User-Agent: Apache-HttpClient/4.5.2 (Java/1.8.0_91)[\r][\n]"
133463 [Forwarding newSession on session null to remote] DEBUG org.apache.http.wire  - http-outgoing-94 >> "User-Agent: Apache-HttpClient/4.5.2 (Java/1.8.0_91)[\r][\n]"
133463 [Forwarding newSession on session null to remote] DEBUG org.apache.http.wire  - http-outgoing-94 >> "User-Agent: Apache-HttpClient/4.5.2 (Java/1.8.0_91)[\r][\n]"
133463 [Forwarding newSession on session null to remote] DEBUG org.apache.http.wire  - http-outgoing-94 >> "Accept-Encoding: gzip,deflate[\r][\n]"
133463 [Forwarding newSession on session null to remote] DEBUG org.apache.http.wire  - http-outgoing-94 >> "Accept-Encoding: gzip,deflate[\r][\n]"
133463 [Forwarding newSession on session null to remote] DEBUG org.apache.http.wire  - http-outgoing-94 >> "Accept-Encoding: gzip,deflate[\r][\n]"
133463 [Forwarding newSession on session null to remote] DEBUG org.apache.http.wire  - http-outgoing-94 >> "Accept-Encoding: gzip,deflate[\r][\n]"
133463 [Forwarding newSession on session null to remote] DEBUG org.apache.http.wire  - http-outgoing-94 >> "[\r][\n]"
133463 [Forwarding newSession on session null to remote] DEBUG org.apache.http.wire  - http-outgoing-94 >> "[\r][\n]"
133463 [Forwarding newSession on session null to remote] DEBUG org.apache.http.wire  - http-outgoing-94 >> "[\r][\n]"
133463 [Forwarding newSession on session null to remote] DEBUG org.apache.http.wire  - http-outgoing-94 >> "[\r][\n]"
133463 [Forwarding newSession on session null to remote] DEBUG org.apache.http.wire  - http-outgoing-94 >> "{"desiredCapabilities":{"browserName":"chrome","chromeOptions":{"args":[],"extensions":[]},"version":"","platform":"ANY"}}"
133463 [Forwarding newSession on session null to remote] DEBUG org.apache.http.wire  - http-outgoing-94 >> "{"desiredCapabilities":{"browserName":"chrome","chromeOptions":{"args":[],"extensions":[]},"version":"","platform":"ANY"}}"
133463 [Forwarding newSession on session null to remote] DEBUG org.apache.http.wire  - http-outgoing-94 >> "{"desiredCapabilities":{"browserName":"chrome","chromeOptions":{"args":[],"extensions":[]},"version":"","platform":"ANY"}}"
133463 [Forwarding newSession on session null to remote] DEBUG org.apache.http.wire  - http-outgoing-94 >> "{"desiredCapabilities":{"browserName":"chrome","chromeOptions":{"args":[],"extensions":[]},"version":"","platform":"ANY"}}"
135170 [Forwarding newSession on session null to remote] DEBUG org.apache.http.wire  - http-outgoing-94 << "HTTP/1.1 200 OK[\r][\n]"
135170 [Forwarding newSession on session null to remote] DEBUG org.apache.http.wire  - http-outgoing-94 << "HTTP/1.1 200 OK[\r][\n]"
135170 [Forwarding newSession on session null to remote] DEBUG org.apache.http.wire  - http-outgoing-94 << "HTTP/1.1 200 OK[\r][\n]"
135170 [Forwarding newSession on session null to remote] DEBUG org.apache.http.wire  - http-outgoing-94 << "HTTP/1.1 200 OK[\r][\n]"
135170 [Forwarding newSession on session null to remote] DEBUG org.apache.http.wire  - http-outgoing-94 << "Content-Length:721[\r][\n]"
135170 [Forwarding newSession on session null to remote] DEBUG org.apache.http.wire  - http-outgoing-94 << "Content-Length:721[\r][\n]"
135170 [Forwarding newSession on session null to remote] DEBUG org.apache.http.wire  - http-outgoing-94 << "Content-Length:721[\r][\n]"
135170 [Forwarding newSession on session null to remote] DEBUG org.apache.http.wire  - http-outgoing-94 << "Content-Length:721[\r][\n]"
135170 [Forwarding newSession on session null to remote] DEBUG org.apache.http.wire  - http-outgoing-94 << "Content-Type:application/json; charset=utf-8[\r][\n]"
135170 [Forwarding newSession on session null to remote] DEBUG org.apache.http.wire  - http-outgoing-94 << "Content-Type:application/json; charset=utf-8[\r][\n]"
135170 [Forwarding newSession on session null to remote] DEBUG org.apache.http.wire  - http-outgoing-94 << "Content-Type:application/json; charset=utf-8[\r][\n]"
135170 [Forwarding newSession on session null to remote] DEBUG org.apache.http.wire  - http-outgoing-94 << "Content-Type:application/json; charset=utf-8[\r][\n]"
135170 [Forwarding newSession on session null to remote] DEBUG org.apache.http.wire  - http-outgoing-94 << "Connection:close[\r][\n]"
135170 [Forwarding newSession on session null to remote] DEBUG org.apache.http.wire  - http-outgoing-94 << "Connection:close[\r][\n]"
135170 [Forwarding newSession on session null to remote] DEBUG org.apache.http.wire  - http-outgoing-94 << "Connection:close[\r][\n]"
135170 [Forwarding newSession on session null to remote] DEBUG org.apache.http.wire  - http-outgoing-94 << "Connection:close[\r][\n]"
135170 [Forwarding newSession on session null to remote] DEBUG org.apache.http.wire  - http-outgoing-94 << "[\r][\n]"
135170 [Forwarding newSession on session null to remote] DEBUG org.apache.http.wire  - http-outgoing-94 << "[\r][\n]"
135170 [Forwarding newSession on session null to remote] DEBUG org.apache.http.wire  - http-outgoing-94 << "[\r][\n]"
135170 [Forwarding newSession on session null to remote] DEBUG org.apache.http.wire  - http-outgoing-94 << "[\r][\n]"
135170 [Forwarding newSession on session null to remote] DEBUG org.apache.http.wire  - http-outgoing-94 << "{"sessionId":"26e90cf751a94491357d237ee8548956","status":0,"value":{"acceptSslCerts":true,"applicationCacheEnabled":false,"browserConnectionEnabled":false,"browserName":"chrome","chrome":{"chromedriverVersion":"2.23.409699 (49b0fa931cda1caad0ae15b7d1b68004acd05129)","userDataDir":"C:\\Users\\soren\\AppData\\Local\\Temp\\scoped_dir7344_22940"},"cssSelectorsEnabled":true,"databaseEnabled":false,"handlesAlerts":true,"hasTouchScreen":false,"javascriptEnabled":true,"locationContextEnabled":true,"mobileEmulationEnabled":false,"nativeEvents":true,"networkConnectionEnabled":false,"platform":"Windows NT","rotatable":false,"takesHeapSnapshot":true,"takesScreenshot":true,"version":"53.0.2785.101","webStorageEnabled":true}}"
135170 [Forwarding newSession on session null to remote] DEBUG org.apache.http.wire  - http-outgoing-94 << "{"sessionId":"26e90cf751a94491357d237ee8548956","status":0,"value":{"acceptSslCerts":true,"applicationCacheEnabled":false,"browserConnectionEnabled":false,"browserName":"chrome","chrome":{"chromedriverVersion":"2.23.409699 (49b0fa931cda1caad0ae15b7d1b68004acd05129)","userDataDir":"C:\\Users\\soren\\AppData\\Local\\Temp\\scoped_dir7344_22940"},"cssSelectorsEnabled":true,"databaseEnabled":false,"handlesAlerts":true,"hasTouchScreen":false,"javascriptEnabled":true,"locationContextEnabled":true,"mobileEmulationEnabled":false,"nativeEvents":true,"networkConnectionEnabled":false,"platform":"Windows NT","rotatable":false,"takesHeapSnapshot":true,"takesScreenshot":true,"version":"53.0.2785.101","webStorageEnabled":true}}"
135170 [Forwarding newSession on session null to remote] DEBUG org.apache.http.wire  - http-outgoing-94 << "{"sessionId":"26e90cf751a94491357d237ee8548956","status":0,"value":{"acceptSslCerts":true,"applicationCacheEnabled":false,"browserConnectionEnabled":false,"browserName":"chrome","chrome":{"chromedriverVersion":"2.23.409699 (49b0fa931cda1caad0ae15b7d1b68004acd05129)","userDataDir":"C:\\Users\\soren\\AppData\\Local\\Temp\\scoped_dir7344_22940"},"cssSelectorsEnabled":true,"databaseEnabled":false,"handlesAlerts":true,"hasTouchScreen":false,"javascriptEnabled":true,"locationContextEnabled":true,"mobileEmulationEnabled":false,"nativeEvents":true,"networkConnectionEnabled":false,"platform":"Windows NT","rotatable":false,"takesHeapSnapshot":true,"takesScreenshot":true,"version":"53.0.2785.101","webStorageEnabled":true}}"
135170 [Forwarding newSession on session null to remote] DEBUG org.apache.http.wire  - http-outgoing-94 << "{"sessionId":"26e90cf751a94491357d237ee8548956","status":0,"value":{"acceptSslCerts":true,"applicationCacheEnabled":false,"browserConnectionEnabled":false,"browserName":"chrome","chrome":{"chromedriverVersion":"2.23.409699 (49b0fa931cda1caad0ae15b7d1b68004acd05129)","userDataDir":"C:\\Users\\soren\\AppData\\Local\\Temp\\scoped_dir7344_22940"},"cssSelectorsEnabled":true,"databaseEnabled":false,"handlesAlerts":true,"hasTouchScreen":false,"javascriptEnabled":true,"locationContextEnabled":true,"mobileEmulationEnabled":false,"nativeEvents":true,"networkConnectionEnabled":false,"platform":"Windows NT","rotatable":false,"takesHeapSnapshot":true,"takesScreenshot":true,"version":"53.0.2785.101","webStorageEnabled":true}}"
135170 [Forwarding newSession on session null to remote] DEBUG org.apache.http.headers  - http-outgoing-94 << HTTP/1.1 200 OK
135170 [Forwarding newSession on session null to remote] DEBUG org.apache.http.headers  - http-outgoing-94 << HTTP/1.1 200 OK
135170 [Forwarding newSession on session null to remote] DEBUG org.apache.http.headers  - http-outgoing-94 << HTTP/1.1 200 OK
135170 [Forwarding newSession on session null to remote] DEBUG org.apache.http.headers  - http-outgoing-94 << HTTP/1.1 200 OK
135170 [Forwarding newSession on session null to remote] DEBUG org.apache.http.headers  - http-outgoing-94 << Content-Length:721
135170 [Forwarding newSession on session null to remote] DEBUG org.apache.http.headers  - http-outgoing-94 << Content-Length:721
135170 [Forwarding newSession on session null to remote] DEBUG org.apache.http.headers  - http-outgoing-94 << Content-Length:721
135170 [Forwarding newSession on session null to remote] DEBUG org.apache.http.headers  - http-outgoing-94 << Content-Length:721
135170 [Forwarding newSession on session null to remote] DEBUG org.apache.http.headers  - http-outgoing-94 << Content-Type:application/json; charset=utf-8
135170 [Forwarding newSession on session null to remote] DEBUG org.apache.http.headers  - http-outgoing-94 << Content-Type:application/json; charset=utf-8
135170 [Forwarding newSession on session null to remote] DEBUG org.apache.http.headers  - http-outgoing-94 << Content-Type:application/json; charset=utf-8
135170 [Forwarding newSession on session null to remote] DEBUG org.apache.http.headers  - http-outgoing-94 << Content-Type:application/json; charset=utf-8
135170 [Forwarding newSession on session null to remote] DEBUG org.apache.http.headers  - http-outgoing-94 << Connection:close
135170 [Forwarding newSession on session null to remote] DEBUG org.apache.http.headers  - http-outgoing-94 << Connection:close
135170 [Forwarding newSession on session null to remote] DEBUG org.apache.http.headers  - http-outgoing-94 << Connection:close
135170 [Forwarding newSession on session null to remote] DEBUG org.apache.http.headers  - http-outgoing-94 << Connection:close
135170 [Forwarding newSession on session null to remote] DEBUG org.apache.http.impl.conn.DefaultManagedHttpClientConnection  - http-outgoing-94: Close connection
135170 [Forwarding newSession on session null to remote] DEBUG org.apache.http.impl.conn.DefaultManagedHttpClientConnection  - http-outgoing-94: Close connection
135170 [Forwarding newSession on session null to remote] DEBUG org.apache.http.impl.conn.DefaultManagedHttpClientConnection  - http-outgoing-94: Close connection
135170 [Forwarding newSession on session null to remote] DEBUG org.apache.http.impl.conn.DefaultManagedHttpClientConnection  - http-outgoing-94: Close connection
135170 [Forwarding newSession on session null to remote] DEBUG org.apache.http.impl.execchain.MainClientExec  - Connection discarded
135170 [Forwarding newSession on session null to remote] DEBUG org.apache.http.impl.execchain.MainClientExec  - Connection discarded
135170 [Forwarding newSession on session null to remote] DEBUG org.apache.http.impl.execchain.MainClientExec  - Connection discarded
135170 [Forwarding newSession on session null to remote] DEBUG org.apache.http.impl.execchain.MainClientExec  - Connection discarded
135171 [Forwarding newSession on session null to remote] DEBUG org.apache.http.impl.conn.PoolingHttpClientConnectionManager  - Connection released: [id: 94][route: {}->http://localhost:39717][total kept alive: 0; route allocated: 0 of 2000; total allocated: 0 of 2000]
135171 [Forwarding newSession on session null to remote] DEBUG org.apache.http.impl.conn.PoolingHttpClientConnectionManager  - Connection released: [id: 94][route: {}->http://localhost:39717][total kept alive: 0; route allocated: 0 of 2000; total allocated: 0 of 2000]
135171 [Forwarding newSession on session null to remote] DEBUG org.apache.http.impl.conn.PoolingHttpClientConnectionManager  - Connection released: [id: 94][route: {}->http://localhost:39717][total kept alive: 0; route allocated: 0 of 2000; total allocated: 0 of 2000]
135171 [Forwarding newSession on session null to remote] DEBUG org.apache.http.impl.conn.PoolingHttpClientConnectionManager  - Connection released: [id: 94][route: {}->http://localhost:39717][total kept alive: 0; route allocated: 0 of 2000; total allocated: 0 of 2000]
135172 [Forwarding setTimeout on session 26e90cf751a94491357d237ee8548956 to remote] DEBUG org.apache.http.client.protocol.RequestAddCookies  - CookieSpec selected: default
135172 [Forwarding setTimeout on session 26e90cf751a94491357d237ee8548956 to remote] DEBUG org.apache.http.client.protocol.RequestAddCookies  - CookieSpec selected: default
135172 [Forwarding setTimeout on session 26e90cf751a94491357d237ee8548956 to remote] DEBUG org.apache.http.client.protocol.RequestAddCookies  - CookieSpec selected: default
135172 [Forwarding setTimeout on session 26e90cf751a94491357d237ee8548956 to remote] DEBUG org.apache.http.client.protocol.RequestAddCookies  - CookieSpec selected: default
135172 [Forwarding setTimeout on session 26e90cf751a94491357d237ee8548956 to remote] DEBUG org.apache.http.client.protocol.RequestAuthCache  - Auth cache not set in the context
135172 [Forwarding setTimeout on session 26e90cf751a94491357d237ee8548956 to remote] DEBUG org.apache.http.client.protocol.RequestAuthCache  - Auth cache not set in the context
135172 [Forwarding setTimeout on session 26e90cf751a94491357d237ee8548956 to remote] DEBUG org.apache.http.client.protocol.RequestAuthCache  - Auth cache not set in the context
135172 [Forwarding setTimeout on session 26e90cf751a94491357d237ee8548956 to remote] DEBUG org.apache.http.client.protocol.RequestAuthCache  - Auth cache not set in the context
135172 [Forwarding setTimeout on session 26e90cf751a94491357d237ee8548956 to remote] DEBUG org.apache.http.impl.conn.PoolingHttpClientConnectionManager  - Connection request: [route: {}->http://localhost:39717][total kept alive: 0; route allocated: 0 of 2000; total allocated: 0 of 2000]
135172 [Forwarding setTimeout on session 26e90cf751a94491357d237ee8548956 to remote] DEBUG org.apache.http.impl.conn.PoolingHttpClientConnectionManager  - Connection request: [route: {}->http://localhost:39717][total kept alive: 0; route allocated: 0 of 2000; total allocated: 0 of 2000]
135172 [Forwarding setTimeout on session 26e90cf751a94491357d237ee8548956 to remote] DEBUG org.apache.http.impl.conn.PoolingHttpClientConnectionManager  - Connection request: [route: {}->http://localhost:39717][total kept alive: 0; route allocated: 0 of 2000; total allocated: 0 of 2000]
135172 [Forwarding setTimeout on session 26e90cf751a94491357d237ee8548956 to remote] DEBUG org.apache.http.impl.conn.PoolingHttpClientConnectionManager  - Connection request: [route: {}->http://localhost:39717][total kept alive: 0; route allocated: 0 of 2000; total allocated: 0 of 2000]
135173 [Forwarding setTimeout on session 26e90cf751a94491357d237ee8548956 to remote] DEBUG org.apache.http.impl.conn.PoolingHttpClientConnectionManager  - Connection leased: [id: 95][route: {}->http://localhost:39717][total kept alive: 0; route allocated: 1 of 2000; total allocated: 1 of 2000]
135173 [Forwarding setTimeout on session 26e90cf751a94491357d237ee8548956 to remote] DEBUG org.apache.http.impl.conn.PoolingHttpClientConnectionManager  - Connection leased: [id: 95][route: {}->http://localhost:39717][total kept alive: 0; route allocated: 1 of 2000; total allocated: 1 of 2000]
135173 [Forwarding setTimeout on session 26e90cf751a94491357d237ee8548956 to remote] DEBUG org.apache.http.impl.conn.PoolingHttpClientConnectionManager  - Connection leased: [id: 95][route: {}->http://localhost:39717][total kept alive: 0; route allocated: 1 of 2000; total allocated: 1 of 2000]
135173 [Forwarding setTimeout on session 26e90cf751a94491357d237ee8548956 to remote] DEBUG org.apache.http.impl.conn.PoolingHttpClientConnectionManager  - Connection leased: [id: 95][route: {}->http://localhost:39717][total kept alive: 0; route allocated: 1 of 2000; total allocated: 1 of 2000]
135173 [Forwarding setTimeout on session 26e90cf751a94491357d237ee8548956 to remote] DEBUG org.apache.http.impl.execchain.MainClientExec  - Opening connection {}->http://localhost:39717
135173 [Forwarding setTimeout on session 26e90cf751a94491357d237ee8548956 to remote] DEBUG org.apache.http.impl.execchain.MainClientExec  - Opening connection {}->http://localhost:39717
135173 [Forwarding setTimeout on session 26e90cf751a94491357d237ee8548956 to remote] DEBUG org.apache.http.impl.execchain.MainClientExec  - Opening connection {}->http://localhost:39717
135173 [Forwarding setTimeout on session 26e90cf751a94491357d237ee8548956 to remote] DEBUG org.apache.http.impl.execchain.MainClientExec  - Opening connection {}->http://localhost:39717
135173 [Forwarding setTimeout on session 26e90cf751a94491357d237ee8548956 to remote] DEBUG org.apache.http.impl.conn.DefaultHttpClientConnectionOperator  - Connecting to localhost/127.0.0.1:39717
135173 [Forwarding setTimeout on session 26e90cf751a94491357d237ee8548956 to remote] DEBUG org.apache.http.impl.conn.DefaultHttpClientConnectionOperator  - Connecting to localhost/127.0.0.1:39717
135173 [Forwarding setTimeout on session 26e90cf751a94491357d237ee8548956 to remote] DEBUG org.apache.http.impl.conn.DefaultHttpClientConnectionOperator  - Connecting to localhost/127.0.0.1:39717
135173 [Forwarding setTimeout on session 26e90cf751a94491357d237ee8548956 to remote] DEBUG org.apache.http.impl.conn.DefaultHttpClientConnectionOperator  - Connecting to localhost/127.0.0.1:39717
135173 [Forwarding setTimeout on session 26e90cf751a94491357d237ee8548956 to remote] DEBUG org.apache.http.impl.conn.DefaultHttpClientConnectionOperator  - Connection established 127.0.0.1:53026<->127.0.0.1:39717
135173 [Forwarding setTimeout on session 26e90cf751a94491357d237ee8548956 to remote] DEBUG org.apache.http.impl.conn.DefaultHttpClientConnectionOperator  - Connection established 127.0.0.1:53026<->127.0.0.1:39717
135173 [Forwarding setTimeout on session 26e90cf751a94491357d237ee8548956 to remote] DEBUG org.apache.http.impl.conn.DefaultHttpClientConnectionOperator  - Connection established 127.0.0.1:53026<->127.0.0.1:39717
135173 [Forwarding setTimeout on session 26e90cf751a94491357d237ee8548956 to remote] DEBUG org.apache.http.impl.conn.DefaultHttpClientConnectionOperator  - Connection established 127.0.0.1:53026<->127.0.0.1:39717
135174 [Forwarding setTimeout on session 26e90cf751a94491357d237ee8548956 to remote] DEBUG org.apache.http.impl.conn.DefaultManagedHttpClientConnection  - http-outgoing-95: set socket timeout to 10800000
135174 [Forwarding setTimeout on session 26e90cf751a94491357d237ee8548956 to remote] DEBUG org.apache.http.impl.conn.DefaultManagedHttpClientConnection  - http-outgoing-95: set socket timeout to 10800000
135174 [Forwarding setTimeout on session 26e90cf751a94491357d237ee8548956 to remote] DEBUG org.apache.http.impl.conn.DefaultManagedHttpClientConnection  - http-outgoing-95: set socket timeout to 10800000
135174 [Forwarding setTimeout on session 26e90cf751a94491357d237ee8548956 to remote] DEBUG org.apache.http.impl.conn.DefaultManagedHttpClientConnection  - http-outgoing-95: set socket timeout to 10800000
135174 [Forwarding setTimeout on session 26e90cf751a94491357d237ee8548956 to remote] DEBUG org.apache.http.impl.execchain.MainClientExec  - Executing request POST /session/26e90cf751a94491357d237ee8548956/timeouts HTTP/1.1
135174 [Forwarding setTimeout on session 26e90cf751a94491357d237ee8548956 to remote] DEBUG org.apache.http.impl.execchain.MainClientExec  - Executing request POST /session/26e90cf751a94491357d237ee8548956/timeouts HTTP/1.1
135174 [Forwarding setTimeout on session 26e90cf751a94491357d237ee8548956 to remote] DEBUG org.apache.http.impl.execchain.MainClientExec  - Executing request POST /session/26e90cf751a94491357d237ee8548956/timeouts HTTP/1.1
135174 [Forwarding setTimeout on session 26e90cf751a94491357d237ee8548956 to remote] DEBUG org.apache.http.impl.execchain.MainClientExec  - Executing request POST /session/26e90cf751a94491357d237ee8548956/timeouts HTTP/1.1
135174 [Forwarding setTimeout on session 26e90cf751a94491357d237ee8548956 to remote] DEBUG org.apache.http.impl.execchain.MainClientExec  - Target auth state: UNCHALLENGED
135174 [Forwarding setTimeout on session 26e90cf751a94491357d237ee8548956 to remote] DEBUG org.apache.http.impl.execchain.MainClientExec  - Target auth state: UNCHALLENGED
135174 [Forwarding setTimeout on session 26e90cf751a94491357d237ee8548956 to remote] DEBUG org.apache.http.impl.execchain.MainClientExec  - Target auth state: UNCHALLENGED
135174 [Forwarding setTimeout on session 26e90cf751a94491357d237ee8548956 to remote] DEBUG org.apache.http.impl.execchain.MainClientExec  - Target auth state: UNCHALLENGED
135174 [Forwarding setTimeout on session 26e90cf751a94491357d237ee8548956 to remote] DEBUG org.apache.http.impl.execchain.MainClientExec  - Proxy auth state: UNCHALLENGED
135174 [Forwarding setTimeout on session 26e90cf751a94491357d237ee8548956 to remote] DEBUG org.apache.http.impl.execchain.MainClientExec  - Proxy auth state: UNCHALLENGED
135174 [Forwarding setTimeout on session 26e90cf751a94491357d237ee8548956 to remote] DEBUG org.apache.http.impl.execchain.MainClientExec  - Proxy auth state: UNCHALLENGED
135174 [Forwarding setTimeout on session 26e90cf751a94491357d237ee8548956 to remote] DEBUG org.apache.http.impl.execchain.MainClientExec  - Proxy auth state: UNCHALLENGED
135174 [Forwarding setTimeout on session 26e90cf751a94491357d237ee8548956 to remote] DEBUG org.apache.http.headers  - http-outgoing-95 >> POST /session/26e90cf751a94491357d237ee8548956/timeouts HTTP/1.1
135174 [Forwarding setTimeout on session 26e90cf751a94491357d237ee8548956 to remote] DEBUG org.apache.http.headers  - http-outgoing-95 >> POST /session/26e90cf751a94491357d237ee8548956/timeouts HTTP/1.1
135174 [Forwarding setTimeout on session 26e90cf751a94491357d237ee8548956 to remote] DEBUG org.apache.http.headers  - http-outgoing-95 >> POST /session/26e90cf751a94491357d237ee8548956/timeouts HTTP/1.1
135174 [Forwarding setTimeout on session 26e90cf751a94491357d237ee8548956 to remote] DEBUG org.apache.http.headers  - http-outgoing-95 >> POST /session/26e90cf751a94491357d237ee8548956/timeouts HTTP/1.1
135174 [Forwarding setTimeout on session 26e90cf751a94491357d237ee8548956 to remote] DEBUG org.apache.http.headers  - http-outgoing-95 >> Content-Type: application/json; charset=utf-8
135174 [Forwarding setTimeout on session 26e90cf751a94491357d237ee8548956 to remote] DEBUG org.apache.http.headers  - http-outgoing-95 >> Content-Type: application/json; charset=utf-8
135174 [Forwarding setTimeout on session 26e90cf751a94491357d237ee8548956 to remote] DEBUG org.apache.http.headers  - http-outgoing-95 >> Content-Type: application/json; charset=utf-8
135174 [Forwarding setTimeout on session 26e90cf751a94491357d237ee8548956 to remote] DEBUG org.apache.http.headers  - http-outgoing-95 >> Content-Type: application/json; charset=utf-8
135174 [Forwarding setTimeout on session 26e90cf751a94491357d237ee8548956 to remote] DEBUG org.apache.http.headers  - http-outgoing-95 >> Content-Length: 30
135174 [Forwarding setTimeout on session 26e90cf751a94491357d237ee8548956 to remote] DEBUG org.apache.http.headers  - http-outgoing-95 >> Content-Length: 30
135174 [Forwarding setTimeout on session 26e90cf751a94491357d237ee8548956 to remote] DEBUG org.apache.http.headers  - http-outgoing-95 >> Content-Length: 30
135174 [Forwarding setTimeout on session 26e90cf751a94491357d237ee8548956 to remote] DEBUG org.apache.http.headers  - http-outgoing-95 >> Content-Length: 30
135174 [Forwarding setTimeout on session 26e90cf751a94491357d237ee8548956 to remote] DEBUG org.apache.http.headers  - http-outgoing-95 >> Host: localhost:39717
135174 [Forwarding setTimeout on session 26e90cf751a94491357d237ee8548956 to remote] DEBUG org.apache.http.headers  - http-outgoing-95 >> Host: localhost:39717
135174 [Forwarding setTimeout on session 26e90cf751a94491357d237ee8548956 to remote] DEBUG org.apache.http.headers  - http-outgoing-95 >> Host: localhost:39717
135174 [Forwarding setTimeout on session 26e90cf751a94491357d237ee8548956 to remote] DEBUG org.apache.http.headers  - http-outgoing-95 >> Host: localhost:39717
135174 [Forwarding setTimeout on session 26e90cf751a94491357d237ee8548956 to remote] DEBUG org.apache.http.headers  - http-outgoing-95 >> Connection: Keep-Alive
135174 [Forwarding setTimeout on session 26e90cf751a94491357d237ee8548956 to remote] DEBUG org.apache.http.headers  - http-outgoing-95 >> Connection: Keep-Alive
135174 [Forwarding setTimeout on session 26e90cf751a94491357d237ee8548956 to remote] DEBUG org.apache.http.headers  - http-outgoing-95 >> Connection: Keep-Alive
135174 [Forwarding setTimeout on session 26e90cf751a94491357d237ee8548956 to remote] DEBUG org.apache.http.headers  - http-outgoing-95 >> Connection: Keep-Alive
135174 [Forwarding setTimeout on session 26e90cf751a94491357d237ee8548956 to remote] DEBUG org.apache.http.headers  - http-outgoing-95 >> User-Agent: Apache-HttpClient/4.5.2 (Java/1.8.0_91)
135174 [Forwarding setTimeout on session 26e90cf751a94491357d237ee8548956 to remote] DEBUG org.apache.http.headers  - http-outgoing-95 >> User-Agent: Apache-HttpClient/4.5.2 (Java/1.8.0_91)
135174 [Forwarding setTimeout on session 26e90cf751a94491357d237ee8548956 to remote] DEBUG org.apache.http.headers  - http-outgoing-95 >> User-Agent: Apache-HttpClient/4.5.2 (Java/1.8.0_91)
135174 [Forwarding setTimeout on session 26e90cf751a94491357d237ee8548956 to remote] DEBUG org.apache.http.headers  - http-outgoing-95 >> User-Agent: Apache-HttpClient/4.5.2 (Java/1.8.0_91)
135174 [Forwarding setTimeout on session 26e90cf751a94491357d237ee8548956 to remote] DEBUG org.apache.http.headers  - http-outgoing-95 >> Accept-Encoding: gzip,deflate
135174 [Forwarding setTimeout on session 26e90cf751a94491357d237ee8548956 to remote] DEBUG org.apache.http.headers  - http-outgoing-95 >> Accept-Encoding: gzip,deflate
135174 [Forwarding setTimeout on session 26e90cf751a94491357d237ee8548956 to remote] DEBUG org.apache.http.headers  - http-outgoing-95 >> Accept-Encoding: gzip,deflate
135174 [Forwarding setTimeout on session 26e90cf751a94491357d237ee8548956 to remote] DEBUG org.apache.http.headers  - http-outgoing-95 >> Accept-Encoding: gzip,deflate
135174 [Forwarding setTimeout on session 26e90cf751a94491357d237ee8548956 to remote] DEBUG org.apache.http.wire  - http-outgoing-95 >> "POST /session/26e90cf751a94491357d237ee8548956/timeouts HTTP/1.1[\r][\n]"
135174 [Forwarding setTimeout on session 26e90cf751a94491357d237ee8548956 to remote] DEBUG org.apache.http.wire  - http-outgoing-95 >> "POST /session/26e90cf751a94491357d237ee8548956/timeouts HTTP/1.1[\r][\n]"
135174 [Forwarding setTimeout on session 26e90cf751a94491357d237ee8548956 to remote] DEBUG org.apache.http.wire  - http-outgoing-95 >> "POST /session/26e90cf751a94491357d237ee8548956/timeouts HTTP/1.1[\r][\n]"
135174 [Forwarding setTimeout on session 26e90cf751a94491357d237ee8548956 to remote] DEBUG org.apache.http.wire  - http-outgoing-95 >> "POST /session/26e90cf751a94491357d237ee8548956/timeouts HTTP/1.1[\r][\n]"
135174 [Forwarding setTimeout on session 26e90cf751a94491357d237ee8548956 to remote] DEBUG org.apache.http.wire  - http-outgoing-95 >> "Content-Type: application/json; charset=utf-8[\r][\n]"
135174 [Forwarding setTimeout on session 26e90cf751a94491357d237ee8548956 to remote] DEBUG org.apache.http.wire  - http-outgoing-95 >> "Content-Type: application/json; charset=utf-8[\r][\n]"
135174 [Forwarding setTimeout on session 26e90cf751a94491357d237ee8548956 to remote] DEBUG org.apache.http.wire  - http-outgoing-95 >> "Content-Type: application/json; charset=utf-8[\r][\n]"
135174 [Forwarding setTimeout on session 26e90cf751a94491357d237ee8548956 to remote] DEBUG org.apache.http.wire  - http-outgoing-95 >> "Content-Type: application/json; charset=utf-8[\r][\n]"
135174 [Forwarding setTimeout on session 26e90cf751a94491357d237ee8548956 to remote] DEBUG org.apache.http.wire  - http-outgoing-95 >> "Content-Length: 30[\r][\n]"
135174 [Forwarding setTimeout on session 26e90cf751a94491357d237ee8548956 to remote] DEBUG org.apache.http.wire  - http-outgoing-95 >> "Content-Length: 30[\r][\n]"
135174 [Forwarding setTimeout on session 26e90cf751a94491357d237ee8548956 to remote] DEBUG org.apache.http.wire  - http-outgoing-95 >> "Content-Length: 30[\r][\n]"
135174 [Forwarding setTimeout on session 26e90cf751a94491357d237ee8548956 to remote] DEBUG org.apache.http.wire  - http-outgoing-95 >> "Content-Length: 30[\r][\n]"
135174 [Forwarding setTimeout on session 26e90cf751a94491357d237ee8548956 to remote] DEBUG org.apache.http.wire  - http-outgoing-95 >> "Host: localhost:39717[\r][\n]"
135174 [Forwarding setTimeout on session 26e90cf751a94491357d237ee8548956 to remote] DEBUG org.apache.http.wire  - http-outgoing-95 >> "Host: localhost:39717[\r][\n]"
135174 [Forwarding setTimeout on session 26e90cf751a94491357d237ee8548956 to remote] DEBUG org.apache.http.wire  - http-outgoing-95 >> "Host: localhost:39717[\r][\n]"
135174 [Forwarding setTimeout on session 26e90cf751a94491357d237ee8548956 to remote] DEBUG org.apache.http.wire  - http-outgoing-95 >> "Host: localhost:39717[\r][\n]"
135174 [Forwarding setTimeout on session 26e90cf751a94491357d237ee8548956 to remote] DEBUG org.apache.http.wire  - http-outgoing-95 >> "Connection: Keep-Alive[\r][\n]"
135174 [Forwarding setTimeout on session 26e90cf751a94491357d237ee8548956 to remote] DEBUG org.apache.http.wire  - http-outgoing-95 >> "Connection: Keep-Alive[\r][\n]"
135174 [Forwarding setTimeout on session 26e90cf751a94491357d237ee8548956 to remote] DEBUG org.apache.http.wire  - http-outgoing-95 >> "Connection: Keep-Alive[\r][\n]"
135174 [Forwarding setTimeout on session 26e90cf751a94491357d237ee8548956 to remote] DEBUG org.apache.http.wire  - http-outgoing-95 >> "Connection: Keep-Alive[\r][\n]"
135174 [Forwarding setTimeout on session 26e90cf751a94491357d237ee8548956 to remote] DEBUG org.apache.http.wire  - http-outgoing-95 >> "User-Agent: Apache-HttpClient/4.5.2 (Java/1.8.0_91)[\r][\n]"
135174 [Forwarding setTimeout on session 26e90cf751a94491357d237ee8548956 to remote] DEBUG org.apache.http.wire  - http-outgoing-95 >> "User-Agent: Apache-HttpClient/4.5.2 (Java/1.8.0_91)[\r][\n]"
135174 [Forwarding setTimeout on session 26e90cf751a94491357d237ee8548956 to remote] DEBUG org.apache.http.wire  - http-outgoing-95 >> "User-Agent: Apache-HttpClient/4.5.2 (Java/1.8.0_91)[\r][\n]"
135174 [Forwarding setTimeout on session 26e90cf751a94491357d237ee8548956 to remote] DEBUG org.apache.http.wire  - http-outgoing-95 >> "User-Agent: Apache-HttpClient/4.5.2 (Java/1.8.0_91)[\r][\n]"
135175 [Forwarding setTimeout on session 26e90cf751a94491357d237ee8548956 to remote] DEBUG org.apache.http.wire  - http-outgoing-95 >> "Accept-Encoding: gzip,deflate[\r][\n]"
135175 [Forwarding setTimeout on session 26e90cf751a94491357d237ee8548956 to remote] DEBUG org.apache.http.wire  - http-outgoing-95 >> "Accept-Encoding: gzip,deflate[\r][\n]"
135175 [Forwarding setTimeout on session 26e90cf751a94491357d237ee8548956 to remote] DEBUG org.apache.http.wire  - http-outgoing-95 >> "Accept-Encoding: gzip,deflate[\r][\n]"
135175 [Forwarding setTimeout on session 26e90cf751a94491357d237ee8548956 to remote] DEBUG org.apache.http.wire  - http-outgoing-95 >> "Accept-Encoding: gzip,deflate[\r][\n]"
135175 [Forwarding setTimeout on session 26e90cf751a94491357d237ee8548956 to remote] DEBUG org.apache.http.wire  - http-outgoing-95 >> "[\r][\n]"
135175 [Forwarding setTimeout on session 26e90cf751a94491357d237ee8548956 to remote] DEBUG org.apache.http.wire  - http-outgoing-95 >> "[\r][\n]"
135175 [Forwarding setTimeout on session 26e90cf751a94491357d237ee8548956 to remote] DEBUG org.apache.http.wire  - http-outgoing-95 >> "[\r][\n]"
135175 [Forwarding setTimeout on session 26e90cf751a94491357d237ee8548956 to remote] DEBUG org.apache.http.wire  - http-outgoing-95 >> "[\r][\n]"
135175 [Forwarding setTimeout on session 26e90cf751a94491357d237ee8548956 to remote] DEBUG org.apache.http.wire  - http-outgoing-95 >> "{"type":"implicit","ms":20000}"
135175 [Forwarding setTimeout on session 26e90cf751a94491357d237ee8548956 to remote] DEBUG org.apache.http.wire  - http-outgoing-95 >> "{"type":"implicit","ms":20000}"
135175 [Forwarding setTimeout on session 26e90cf751a94491357d237ee8548956 to remote] DEBUG org.apache.http.wire  - http-outgoing-95 >> "{"type":"implicit","ms":20000}"
135175 [Forwarding setTimeout on session 26e90cf751a94491357d237ee8548956 to remote] DEBUG org.apache.http.wire  - http-outgoing-95 >> "{"type":"implicit","ms":20000}"
135176 [Forwarding setTimeout on session 26e90cf751a94491357d237ee8548956 to remote] DEBUG org.apache.http.wire  - http-outgoing-95 << "HTTP/1.1 200 OK[\r][\n]"
135176 [Forwarding setTimeout on session 26e90cf751a94491357d237ee8548956 to remote] DEBUG org.apache.http.wire  - http-outgoing-95 << "HTTP/1.1 200 OK[\r][\n]"
135176 [Forwarding setTimeout on session 26e90cf751a94491357d237ee8548956 to remote] DEBUG org.apache.http.wire  - http-outgoing-95 << "HTTP/1.1 200 OK[\r][\n]"
135176 [Forwarding setTimeout on session 26e90cf751a94491357d237ee8548956 to remote] DEBUG org.apache.http.wire  - http-outgoing-95 << "HTTP/1.1 200 OK[\r][\n]"
135176 [Forwarding setTimeout on session 26e90cf751a94491357d237ee8548956 to remote] DEBUG org.apache.http.wire  - http-outgoing-95 << "Content-Length:72[\r][\n]"
135176 [Forwarding setTimeout on session 26e90cf751a94491357d237ee8548956 to remote] DEBUG org.apache.http.wire  - http-outgoing-95 << "Content-Length:72[\r][\n]"
135176 [Forwarding setTimeout on session 26e90cf751a94491357d237ee8548956 to remote] DEBUG org.apache.http.wire  - http-outgoing-95 << "Content-Length:72[\r][\n]"
135176 [Forwarding setTimeout on session 26e90cf751a94491357d237ee8548956 to remote] DEBUG org.apache.http.wire  - http-outgoing-95 << "Content-Length:72[\r][\n]"
135176 [Forwarding setTimeout on session 26e90cf751a94491357d237ee8548956 to remote] DEBUG org.apache.http.wire  - http-outgoing-95 << "Content-Type:application/json; charset=utf-8[\r][\n]"
135176 [Forwarding setTimeout on session 26e90cf751a94491357d237ee8548956 to remote] DEBUG org.apache.http.wire  - http-outgoing-95 << "Content-Type:application/json; charset=utf-8[\r][\n]"
135176 [Forwarding setTimeout on session 26e90cf751a94491357d237ee8548956 to remote] DEBUG org.apache.http.wire  - http-outgoing-95 << "Content-Type:application/json; charset=utf-8[\r][\n]"
135176 [Forwarding setTimeout on session 26e90cf751a94491357d237ee8548956 to remote] DEBUG org.apache.http.wire  - http-outgoing-95 << "Content-Type:application/json; charset=utf-8[\r][\n]"
135176 [Forwarding setTimeout on session 26e90cf751a94491357d237ee8548956 to remote] DEBUG org.apache.http.wire  - http-outgoing-95 << "Connection:close[\r][\n]"
135176 [Forwarding setTimeout on session 26e90cf751a94491357d237ee8548956 to remote] DEBUG org.apache.http.wire  - http-outgoing-95 << "Connection:close[\r][\n]"
135176 [Forwarding setTimeout on session 26e90cf751a94491357d237ee8548956 to remote] DEBUG org.apache.http.wire  - http-outgoing-95 << "Connection:close[\r][\n]"
135176 [Forwarding setTimeout on session 26e90cf751a94491357d237ee8548956 to remote] DEBUG org.apache.http.wire  - http-outgoing-95 << "Connection:close[\r][\n]"
135176 [Forwarding setTimeout on session 26e90cf751a94491357d237ee8548956 to remote] DEBUG org.apache.http.wire  - http-outgoing-95 << "[\r][\n]"
135176 [Forwarding setTimeout on session 26e90cf751a94491357d237ee8548956 to remote] DEBUG org.apache.http.wire  - http-outgoing-95 << "[\r][\n]"
135176 [Forwarding setTimeout on session 26e90cf751a94491357d237ee8548956 to remote] DEBUG org.apache.http.wire  - http-outgoing-95 << "[\r][\n]"
135176 [Forwarding setTimeout on session 26e90cf751a94491357d237ee8548956 to remote] DEBUG org.apache.http.wire  - http-outgoing-95 << "[\r][\n]"
135176 [Forwarding setTimeout on session 26e90cf751a94491357d237ee8548956 to remote] DEBUG org.apache.http.wire  - http-outgoing-95 << "{"sessionId":"26e90cf751a94491357d237ee8548956","status":0,"value":null}"
135176 [Forwarding setTimeout on session 26e90cf751a94491357d237ee8548956 to remote] DEBUG org.apache.http.wire  - http-outgoing-95 << "{"sessionId":"26e90cf751a94491357d237ee8548956","status":0,"value":null}"
135176 [Forwarding setTimeout on session 26e90cf751a94491357d237ee8548956 to remote] DEBUG org.apache.http.wire  - http-outgoing-95 << "{"sessionId":"26e90cf751a94491357d237ee8548956","status":0,"value":null}"
135176 [Forwarding setTimeout on session 26e90cf751a94491357d237ee8548956 to remote] DEBUG org.apache.http.wire  - http-outgoing-95 << "{"sessionId":"26e90cf751a94491357d237ee8548956","status":0,"value":null}"
135176 [Forwarding setTimeout on session 26e90cf751a94491357d237ee8548956 to remote] DEBUG org.apache.http.headers  - http-outgoing-95 << HTTP/1.1 200 OK
135176 [Forwarding setTimeout on session 26e90cf751a94491357d237ee8548956 to remote] DEBUG org.apache.http.headers  - http-outgoing-95 << HTTP/1.1 200 OK
135176 [Forwarding setTimeout on session 26e90cf751a94491357d237ee8548956 to remote] DEBUG org.apache.http.headers  - http-outgoing-95 << HTTP/1.1 200 OK
135176 [Forwarding setTimeout on session 26e90cf751a94491357d237ee8548956 to remote] DEBUG org.apache.http.headers  - http-outgoing-95 << HTTP/1.1 200 OK
135176 [Forwarding setTimeout on session 26e90cf751a94491357d237ee8548956 to remote] DEBUG org.apache.http.headers  - http-outgoing-95 << Content-Length:72
135176 [Forwarding setTimeout on session 26e90cf751a94491357d237ee8548956 to remote] DEBUG org.apache.http.headers  - http-outgoing-95 << Content-Length:72
135176 [Forwarding setTimeout on session 26e90cf751a94491357d237ee8548956 to remote] DEBUG org.apache.http.headers  - http-outgoing-95 << Content-Length:72
135176 [Forwarding setTimeout on session 26e90cf751a94491357d237ee8548956 to remote] DEBUG org.apache.http.headers  - http-outgoing-95 << Content-Length:72
135176 [Forwarding setTimeout on session 26e90cf751a94491357d237ee8548956 to remote] DEBUG org.apache.http.headers  - http-outgoing-95 << Content-Type:application/json; charset=utf-8
135176 [Forwarding setTimeout on session 26e90cf751a94491357d237ee8548956 to remote] DEBUG org.apache.http.headers  - http-outgoing-95 << Content-Type:application/json; charset=utf-8
135176 [Forwarding setTimeout on session 26e90cf751a94491357d237ee8548956 to remote] DEBUG org.apache.http.headers  - http-outgoing-95 << Content-Type:application/json; charset=utf-8
135176 [Forwarding setTimeout on session 26e90cf751a94491357d237ee8548956 to remote] DEBUG org.apache.http.headers  - http-outgoing-95 << Content-Type:application/json; charset=utf-8
135176 [Forwarding setTimeout on session 26e90cf751a94491357d237ee8548956 to remote] DEBUG org.apache.http.headers  - http-outgoing-95 << Connection:close
135176 [Forwarding setTimeout on session 26e90cf751a94491357d237ee8548956 to remote] DEBUG org.apache.http.headers  - http-outgoing-95 << Connection:close
135176 [Forwarding setTimeout on session 26e90cf751a94491357d237ee8548956 to remote] DEBUG org.apache.http.headers  - http-outgoing-95 << Connection:close
135176 [Forwarding setTimeout on session 26e90cf751a94491357d237ee8548956 to remote] DEBUG org.apache.http.headers  - http-outgoing-95 << Connection:close
135176 [Forwarding setTimeout on session 26e90cf751a94491357d237ee8548956 to remote] DEBUG org.apache.http.impl.conn.DefaultManagedHttpClientConnection  - http-outgoing-95: Close connection
135176 [Forwarding setTimeout on session 26e90cf751a94491357d237ee8548956 to remote] DEBUG org.apache.http.impl.conn.DefaultManagedHttpClientConnection  - http-outgoing-95: Close connection
135176 [Forwarding setTimeout on session 26e90cf751a94491357d237ee8548956 to remote] DEBUG org.apache.http.impl.conn.DefaultManagedHttpClientConnection  - http-outgoing-95: Close connection
135176 [Forwarding setTimeout on session 26e90cf751a94491357d237ee8548956 to remote] DEBUG org.apache.http.impl.conn.DefaultManagedHttpClientConnection  - http-outgoing-95: Close connection
135177 [Forwarding setTimeout on session 26e90cf751a94491357d237ee8548956 to remote] DEBUG org.apache.http.impl.execchain.MainClientExec  - Connection discarded
135177 [Forwarding setTimeout on session 26e90cf751a94491357d237ee8548956 to remote] DEBUG org.apache.http.impl.execchain.MainClientExec  - Connection discarded
135177 [Forwarding setTimeout on session 26e90cf751a94491357d237ee8548956 to remote] DEBUG org.apache.http.impl.execchain.MainClientExec  - Connection discarded
135177 [Forwarding setTimeout on session 26e90cf751a94491357d237ee8548956 to remote] DEBUG org.apache.http.impl.execchain.MainClientExec  - Connection discarded
135177 [Forwarding setTimeout on session 26e90cf751a94491357d237ee8548956 to remote] DEBUG org.apache.http.impl.conn.PoolingHttpClientConnectionManager  - Connection released: [id: 95][route: {}->http://localhost:39717][total kept alive: 0; route allocated: 0 of 2000; total allocated: 0 of 2000]
135177 [Forwarding setTimeout on session 26e90cf751a94491357d237ee8548956 to remote] DEBUG org.apache.http.impl.conn.PoolingHttpClientConnectionManager  - Connection released: [id: 95][route: {}->http://localhost:39717][total kept alive: 0; route allocated: 0 of 2000; total allocated: 0 of 2000]
135177 [Forwarding setTimeout on session 26e90cf751a94491357d237ee8548956 to remote] DEBUG org.apache.http.impl.conn.PoolingHttpClientConnectionManager  - Connection released: [id: 95][route: {}->http://localhost:39717][total kept alive: 0; route allocated: 0 of 2000; total allocated: 0 of 2000]
135177 [Forwarding setTimeout on session 26e90cf751a94491357d237ee8548956 to remote] DEBUG org.apache.http.impl.conn.PoolingHttpClientConnectionManager  - Connection released: [id: 95][route: {}->http://localhost:39717][total kept alive: 0; route allocated: 0 of 2000; total allocated: 0 of 2000]
135178 [Forwarding get on session 26e90cf751a94491357d237ee8548956 to remote] DEBUG org.apache.http.client.protocol.RequestAddCookies  - CookieSpec selected: default
135178 [Forwarding get on session 26e90cf751a94491357d237ee8548956 to remote] DEBUG org.apache.http.client.protocol.RequestAddCookies  - CookieSpec selected: default
135178 [Forwarding get on session 26e90cf751a94491357d237ee8548956 to remote] DEBUG org.apache.http.client.protocol.RequestAddCookies  - CookieSpec selected: default
135178 [Forwarding get on session 26e90cf751a94491357d237ee8548956 to remote] DEBUG org.apache.http.client.protocol.RequestAddCookies  - CookieSpec selected: default
135178 [Forwarding get on session 26e90cf751a94491357d237ee8548956 to remote] DEBUG org.apache.http.client.protocol.RequestAuthCache  - Auth cache not set in the context
135178 [Forwarding get on session 26e90cf751a94491357d237ee8548956 to remote] DEBUG org.apache.http.client.protocol.RequestAuthCache  - Auth cache not set in the context
135178 [Forwarding get on session 26e90cf751a94491357d237ee8548956 to remote] DEBUG org.apache.http.client.protocol.RequestAuthCache  - Auth cache not set in the context
135178 [Forwarding get on session 26e90cf751a94491357d237ee8548956 to remote] DEBUG org.apache.http.client.protocol.RequestAuthCache  - Auth cache not set in the context
135178 [Forwarding get on session 26e90cf751a94491357d237ee8548956 to remote] DEBUG org.apache.http.impl.conn.PoolingHttpClientConnectionManager  - Connection request: [route: {}->http://localhost:39717][total kept alive: 0; route allocated: 0 of 2000; total allocated: 0 of 2000]
135178 [Forwarding get on session 26e90cf751a94491357d237ee8548956 to remote] DEBUG org.apache.http.impl.conn.PoolingHttpClientConnectionManager  - Connection request: [route: {}->http://localhost:39717][total kept alive: 0; route allocated: 0 of 2000; total allocated: 0 of 2000]
135178 [Forwarding get on session 26e90cf751a94491357d237ee8548956 to remote] DEBUG org.apache.http.impl.conn.PoolingHttpClientConnectionManager  - Connection request: [route: {}->http://localhost:39717][total kept alive: 0; route allocated: 0 of 2000; total allocated: 0 of 2000]
135178 [Forwarding get on session 26e90cf751a94491357d237ee8548956 to remote] DEBUG org.apache.http.impl.conn.PoolingHttpClientConnectionManager  - Connection request: [route: {}->http://localhost:39717][total kept alive: 0; route allocated: 0 of 2000; total allocated: 0 of 2000]
135178 [Forwarding get on session 26e90cf751a94491357d237ee8548956 to remote] DEBUG org.apache.http.impl.conn.PoolingHttpClientConnectionManager  - Connection leased: [id: 96][route: {}->http://localhost:39717][total kept alive: 0; route allocated: 1 of 2000; total allocated: 1 of 2000]
135178 [Forwarding get on session 26e90cf751a94491357d237ee8548956 to remote] DEBUG org.apache.http.impl.conn.PoolingHttpClientConnectionManager  - Connection leased: [id: 96][route: {}->http://localhost:39717][total kept alive: 0; route allocated: 1 of 2000; total allocated: 1 of 2000]
135178 [Forwarding get on session 26e90cf751a94491357d237ee8548956 to remote] DEBUG org.apache.http.impl.conn.PoolingHttpClientConnectionManager  - Connection leased: [id: 96][route: {}->http://localhost:39717][total kept alive: 0; route allocated: 1 of 2000; total allocated: 1 of 2000]
135178 [Forwarding get on session 26e90cf751a94491357d237ee8548956 to remote] DEBUG org.apache.http.impl.conn.PoolingHttpClientConnectionManager  - Connection leased: [id: 96][route: {}->http://localhost:39717][total kept alive: 0; route allocated: 1 of 2000; total allocated: 1 of 2000]
135178 [Forwarding get on session 26e90cf751a94491357d237ee8548956 to remote] DEBUG org.apache.http.impl.execchain.MainClientExec  - Opening connection {}->http://localhost:39717
135178 [Forwarding get on session 26e90cf751a94491357d237ee8548956 to remote] DEBUG org.apache.http.impl.execchain.MainClientExec  - Opening connection {}->http://localhost:39717
135178 [Forwarding get on session 26e90cf751a94491357d237ee8548956 to remote] DEBUG org.apache.http.impl.execchain.MainClientExec  - Opening connection {}->http://localhost:39717
135178 [Forwarding get on session 26e90cf751a94491357d237ee8548956 to remote] DEBUG org.apache.http.impl.execchain.MainClientExec  - Opening connection {}->http://localhost:39717
135178 [Forwarding get on session 26e90cf751a94491357d237ee8548956 to remote] DEBUG org.apache.http.impl.conn.DefaultHttpClientConnectionOperator  - Connecting to localhost/127.0.0.1:39717
135178 [Forwarding get on session 26e90cf751a94491357d237ee8548956 to remote] DEBUG org.apache.http.impl.conn.DefaultHttpClientConnectionOperator  - Connecting to localhost/127.0.0.1:39717
135178 [Forwarding get on session 26e90cf751a94491357d237ee8548956 to remote] DEBUG org.apache.http.impl.conn.DefaultHttpClientConnectionOperator  - Connecting to localhost/127.0.0.1:39717
135178 [Forwarding get on session 26e90cf751a94491357d237ee8548956 to remote] DEBUG org.apache.http.impl.conn.DefaultHttpClientConnectionOperator  - Connecting to localhost/127.0.0.1:39717
135179 [Forwarding get on session 26e90cf751a94491357d237ee8548956 to remote] DEBUG org.apache.http.impl.conn.DefaultHttpClientConnectionOperator  - Connection established 127.0.0.1:53027<->127.0.0.1:39717
135179 [Forwarding get on session 26e90cf751a94491357d237ee8548956 to remote] DEBUG org.apache.http.impl.conn.DefaultHttpClientConnectionOperator  - Connection established 127.0.0.1:53027<->127.0.0.1:39717
135179 [Forwarding get on session 26e90cf751a94491357d237ee8548956 to remote] DEBUG org.apache.http.impl.conn.DefaultHttpClientConnectionOperator  - Connection established 127.0.0.1:53027<->127.0.0.1:39717
135179 [Forwarding get on session 26e90cf751a94491357d237ee8548956 to remote] DEBUG org.apache.http.impl.conn.DefaultHttpClientConnectionOperator  - Connection established 127.0.0.1:53027<->127.0.0.1:39717
135179 [Forwarding get on session 26e90cf751a94491357d237ee8548956 to remote] DEBUG org.apache.http.impl.conn.DefaultManagedHttpClientConnection  - http-outgoing-96: set socket timeout to 10800000
135179 [Forwarding get on session 26e90cf751a94491357d237ee8548956 to remote] DEBUG org.apache.http.impl.conn.DefaultManagedHttpClientConnection  - http-outgoing-96: set socket timeout to 10800000
135179 [Forwarding get on session 26e90cf751a94491357d237ee8548956 to remote] DEBUG org.apache.http.impl.conn.DefaultManagedHttpClientConnection  - http-outgoing-96: set socket timeout to 10800000
135179 [Forwarding get on session 26e90cf751a94491357d237ee8548956 to remote] DEBUG org.apache.http.impl.conn.DefaultManagedHttpClientConnection  - http-outgoing-96: set socket timeout to 10800000
135179 [Forwarding get on session 26e90cf751a94491357d237ee8548956 to remote] DEBUG org.apache.http.impl.execchain.MainClientExec  - Executing request POST /session/26e90cf751a94491357d237ee8548956/url HTTP/1.1
135179 [Forwarding get on session 26e90cf751a94491357d237ee8548956 to remote] DEBUG org.apache.http.impl.execchain.MainClientExec  - Executing request POST /session/26e90cf751a94491357d237ee8548956/url HTTP/1.1
135179 [Forwarding get on session 26e90cf751a94491357d237ee8548956 to remote] DEBUG org.apache.http.impl.execchain.MainClientExec  - Executing request POST /session/26e90cf751a94491357d237ee8548956/url HTTP/1.1
135179 [Forwarding get on session 26e90cf751a94491357d237ee8548956 to remote] DEBUG org.apache.http.impl.execchain.MainClientExec  - Executing request POST /session/26e90cf751a94491357d237ee8548956/url HTTP/1.1
135179 [Forwarding get on session 26e90cf751a94491357d237ee8548956 to remote] DEBUG org.apache.http.impl.execchain.MainClientExec  - Target auth state: UNCHALLENGED
135179 [Forwarding get on session 26e90cf751a94491357d237ee8548956 to remote] DEBUG org.apache.http.impl.execchain.MainClientExec  - Target auth state: UNCHALLENGED
135179 [Forwarding get on session 26e90cf751a94491357d237ee8548956 to remote] DEBUG org.apache.http.impl.execchain.MainClientExec  - Target auth state: UNCHALLENGED
135179 [Forwarding get on session 26e90cf751a94491357d237ee8548956 to remote] DEBUG org.apache.http.impl.execchain.MainClientExec  - Target auth state: UNCHALLENGED
135179 [Forwarding get on session 26e90cf751a94491357d237ee8548956 to remote] DEBUG org.apache.http.impl.execchain.MainClientExec  - Proxy auth state: UNCHALLENGED
135179 [Forwarding get on session 26e90cf751a94491357d237ee8548956 to remote] DEBUG org.apache.http.impl.execchain.MainClientExec  - Proxy auth state: UNCHALLENGED
135179 [Forwarding get on session 26e90cf751a94491357d237ee8548956 to remote] DEBUG org.apache.http.impl.execchain.MainClientExec  - Proxy auth state: UNCHALLENGED
135179 [Forwarding get on session 26e90cf751a94491357d237ee8548956 to remote] DEBUG org.apache.http.impl.execchain.MainClientExec  - Proxy auth state: UNCHALLENGED
135179 [Forwarding get on session 26e90cf751a94491357d237ee8548956 to remote] DEBUG org.apache.http.headers  - http-outgoing-96 >> POST /session/26e90cf751a94491357d237ee8548956/url HTTP/1.1
135179 [Forwarding get on session 26e90cf751a94491357d237ee8548956 to remote] DEBUG org.apache.http.headers  - http-outgoing-96 >> POST /session/26e90cf751a94491357d237ee8548956/url HTTP/1.1
135179 [Forwarding get on session 26e90cf751a94491357d237ee8548956 to remote] DEBUG org.apache.http.headers  - http-outgoing-96 >> POST /session/26e90cf751a94491357d237ee8548956/url HTTP/1.1
135179 [Forwarding get on session 26e90cf751a94491357d237ee8548956 to remote] DEBUG org.apache.http.headers  - http-outgoing-96 >> POST /session/26e90cf751a94491357d237ee8548956/url HTTP/1.1
135179 [Forwarding get on session 26e90cf751a94491357d237ee8548956 to remote] DEBUG org.apache.http.headers  - http-outgoing-96 >> Content-Type: application/json; charset=utf-8
135179 [Forwarding get on session 26e90cf751a94491357d237ee8548956 to remote] DEBUG org.apache.http.headers  - http-outgoing-96 >> Content-Type: application/json; charset=utf-8
135179 [Forwarding get on session 26e90cf751a94491357d237ee8548956 to remote] DEBUG org.apache.http.headers  - http-outgoing-96 >> Content-Type: application/json; charset=utf-8
135179 [Forwarding get on session 26e90cf751a94491357d237ee8548956 to remote] DEBUG org.apache.http.headers  - http-outgoing-96 >> Content-Type: application/json; charset=utf-8
135179 [Forwarding get on session 26e90cf751a94491357d237ee8548956 to remote] DEBUG org.apache.http.headers  - http-outgoing-96 >> Content-Length: 31
135179 [Forwarding get on session 26e90cf751a94491357d237ee8548956 to remote] DEBUG org.apache.http.headers  - http-outgoing-96 >> Content-Length: 31
135179 [Forwarding get on session 26e90cf751a94491357d237ee8548956 to remote] DEBUG org.apache.http.headers  - http-outgoing-96 >> Content-Length: 31
135179 [Forwarding get on session 26e90cf751a94491357d237ee8548956 to remote] DEBUG org.apache.http.headers  - http-outgoing-96 >> Content-Length: 31
135179 [Forwarding get on session 26e90cf751a94491357d237ee8548956 to remote] DEBUG org.apache.http.headers  - http-outgoing-96 >> Host: localhost:39717
135179 [Forwarding get on session 26e90cf751a94491357d237ee8548956 to remote] DEBUG org.apache.http.headers  - http-outgoing-96 >> Host: localhost:39717
135179 [Forwarding get on session 26e90cf751a94491357d237ee8548956 to remote] DEBUG org.apache.http.headers  - http-outgoing-96 >> Host: localhost:39717
135179 [Forwarding get on session 26e90cf751a94491357d237ee8548956 to remote] DEBUG org.apache.http.headers  - http-outgoing-96 >> Host: localhost:39717
135179 [Forwarding get on session 26e90cf751a94491357d237ee8548956 to remote] DEBUG org.apache.http.headers  - http-outgoing-96 >> Connection: Keep-Alive
135179 [Forwarding get on session 26e90cf751a94491357d237ee8548956 to remote] DEBUG org.apache.http.headers  - http-outgoing-96 >> Connection: Keep-Alive
135179 [Forwarding get on session 26e90cf751a94491357d237ee8548956 to remote] DEBUG org.apache.http.headers  - http-outgoing-96 >> Connection: Keep-Alive
135179 [Forwarding get on session 26e90cf751a94491357d237ee8548956 to remote] DEBUG org.apache.http.headers  - http-outgoing-96 >> Connection: Keep-Alive
135179 [Forwarding get on session 26e90cf751a94491357d237ee8548956 to remote] DEBUG org.apache.http.headers  - http-outgoing-96 >> User-Agent: Apache-HttpClient/4.5.2 (Java/1.8.0_91)
135179 [Forwarding get on session 26e90cf751a94491357d237ee8548956 to remote] DEBUG org.apache.http.headers  - http-outgoing-96 >> User-Agent: Apache-HttpClient/4.5.2 (Java/1.8.0_91)
135179 [Forwarding get on session 26e90cf751a94491357d237ee8548956 to remote] DEBUG org.apache.http.headers  - http-outgoing-96 >> User-Agent: Apache-HttpClient/4.5.2 (Java/1.8.0_91)
135179 [Forwarding get on session 26e90cf751a94491357d237ee8548956 to remote] DEBUG org.apache.http.headers  - http-outgoing-96 >> User-Agent: Apache-HttpClient/4.5.2 (Java/1.8.0_91)
135179 [Forwarding get on session 26e90cf751a94491357d237ee8548956 to remote] DEBUG org.apache.http.headers  - http-outgoing-96 >> Accept-Encoding: gzip,deflate
135179 [Forwarding get on session 26e90cf751a94491357d237ee8548956 to remote] DEBUG org.apache.http.headers  - http-outgoing-96 >> Accept-Encoding: gzip,deflate
135179 [Forwarding get on session 26e90cf751a94491357d237ee8548956 to remote] DEBUG org.apache.http.headers  - http-outgoing-96 >> Accept-Encoding: gzip,deflate
135179 [Forwarding get on session 26e90cf751a94491357d237ee8548956 to remote] DEBUG org.apache.http.headers  - http-outgoing-96 >> Accept-Encoding: gzip,deflate
135180 [Forwarding get on session 26e90cf751a94491357d237ee8548956 to remote] DEBUG org.apache.http.wire  - http-outgoing-96 >> "POST /session/26e90cf751a94491357d237ee8548956/url HTTP/1.1[\r][\n]"
135180 [Forwarding get on session 26e90cf751a94491357d237ee8548956 to remote] DEBUG org.apache.http.wire  - http-outgoing-96 >> "POST /session/26e90cf751a94491357d237ee8548956/url HTTP/1.1[\r][\n]"
135180 [Forwarding get on session 26e90cf751a94491357d237ee8548956 to remote] DEBUG org.apache.http.wire  - http-outgoing-96 >> "POST /session/26e90cf751a94491357d237ee8548956/url HTTP/1.1[\r][\n]"
135180 [Forwarding get on session 26e90cf751a94491357d237ee8548956 to remote] DEBUG org.apache.http.wire  - http-outgoing-96 >> "POST /session/26e90cf751a94491357d237ee8548956/url HTTP/1.1[\r][\n]"
135180 [Forwarding get on session 26e90cf751a94491357d237ee8548956 to remote] DEBUG org.apache.http.wire  - http-outgoing-96 >> "Content-Type: application/json; charset=utf-8[\r][\n]"
135180 [Forwarding get on session 26e90cf751a94491357d237ee8548956 to remote] DEBUG org.apache.http.wire  - http-outgoing-96 >> "Content-Type: application/json; charset=utf-8[\r][\n]"
135180 [Forwarding get on session 26e90cf751a94491357d237ee8548956 to remote] DEBUG org.apache.http.wire  - http-outgoing-96 >> "Content-Type: application/json; charset=utf-8[\r][\n]"
135180 [Forwarding get on session 26e90cf751a94491357d237ee8548956 to remote] DEBUG org.apache.http.wire  - http-outgoing-96 >> "Content-Type: application/json; charset=utf-8[\r][\n]"
135180 [Forwarding get on session 26e90cf751a94491357d237ee8548956 to remote] DEBUG org.apache.http.wire  - http-outgoing-96 >> "Content-Length: 31[\r][\n]"
135180 [Forwarding get on session 26e90cf751a94491357d237ee8548956 to remote] DEBUG org.apache.http.wire  - http-outgoing-96 >> "Content-Length: 31[\r][\n]"
135180 [Forwarding get on session 26e90cf751a94491357d237ee8548956 to remote] DEBUG org.apache.http.wire  - http-outgoing-96 >> "Content-Length: 31[\r][\n]"
135180 [Forwarding get on session 26e90cf751a94491357d237ee8548956 to remote] DEBUG org.apache.http.wire  - http-outgoing-96 >> "Content-Length: 31[\r][\n]"
135180 [Forwarding get on session 26e90cf751a94491357d237ee8548956 to remote] DEBUG org.apache.http.wire  - http-outgoing-96 >> "Host: localhost:39717[\r][\n]"
135180 [Forwarding get on session 26e90cf751a94491357d237ee8548956 to remote] DEBUG org.apache.http.wire  - http-outgoing-96 >> "Host: localhost:39717[\r][\n]"
135180 [Forwarding get on session 26e90cf751a94491357d237ee8548956 to remote] DEBUG org.apache.http.wire  - http-outgoing-96 >> "Host: localhost:39717[\r][\n]"
135180 [Forwarding get on session 26e90cf751a94491357d237ee8548956 to remote] DEBUG org.apache.http.wire  - http-outgoing-96 >> "Host: localhost:39717[\r][\n]"
135180 [Forwarding get on session 26e90cf751a94491357d237ee8548956 to remote] DEBUG org.apache.http.wire  - http-outgoing-96 >> "Connection: Keep-Alive[\r][\n]"
135180 [Forwarding get on session 26e90cf751a94491357d237ee8548956 to remote] DEBUG org.apache.http.wire  - http-outgoing-96 >> "Connection: Keep-Alive[\r][\n]"
135180 [Forwarding get on session 26e90cf751a94491357d237ee8548956 to remote] DEBUG org.apache.http.wire  - http-outgoing-96 >> "Connection: Keep-Alive[\r][\n]"
135180 [Forwarding get on session 26e90cf751a94491357d237ee8548956 to remote] DEBUG org.apache.http.wire  - http-outgoing-96 >> "Connection: Keep-Alive[\r][\n]"
135180 [Forwarding get on session 26e90cf751a94491357d237ee8548956 to remote] DEBUG org.apache.http.wire  - http-outgoing-96 >> "User-Agent: Apache-HttpClient/4.5.2 (Java/1.8.0_91)[\r][\n]"
135180 [Forwarding get on session 26e90cf751a94491357d237ee8548956 to remote] DEBUG org.apache.http.wire  - http-outgoing-96 >> "User-Agent: Apache-HttpClient/4.5.2 (Java/1.8.0_91)[\r][\n]"
135180 [Forwarding get on session 26e90cf751a94491357d237ee8548956 to remote] DEBUG org.apache.http.wire  - http-outgoing-96 >> "User-Agent: Apache-HttpClient/4.5.2 (Java/1.8.0_91)[\r][\n]"
135180 [Forwarding get on session 26e90cf751a94491357d237ee8548956 to remote] DEBUG org.apache.http.wire  - http-outgoing-96 >> "User-Agent: Apache-HttpClient/4.5.2 (Java/1.8.0_91)[\r][\n]"
135180 [Forwarding get on session 26e90cf751a94491357d237ee8548956 to remote] DEBUG org.apache.http.wire  - http-outgoing-96 >> "Accept-Encoding: gzip,deflate[\r][\n]"
135180 [Forwarding get on session 26e90cf751a94491357d237ee8548956 to remote] DEBUG org.apache.http.wire  - http-outgoing-96 >> "Accept-Encoding: gzip,deflate[\r][\n]"
135180 [Forwarding get on session 26e90cf751a94491357d237ee8548956 to remote] DEBUG org.apache.http.wire  - http-outgoing-96 >> "Accept-Encoding: gzip,deflate[\r][\n]"
135180 [Forwarding get on session 26e90cf751a94491357d237ee8548956 to remote] DEBUG org.apache.http.wire  - http-outgoing-96 >> "Accept-Encoding: gzip,deflate[\r][\n]"
135180 [Forwarding get on session 26e90cf751a94491357d237ee8548956 to remote] DEBUG org.apache.http.wire  - http-outgoing-96 >> "[\r][\n]"
135180 [Forwarding get on session 26e90cf751a94491357d237ee8548956 to remote] DEBUG org.apache.http.wire  - http-outgoing-96 >> "[\r][\n]"
135180 [Forwarding get on session 26e90cf751a94491357d237ee8548956 to remote] DEBUG org.apache.http.wire  - http-outgoing-96 >> "[\r][\n]"
135180 [Forwarding get on session 26e90cf751a94491357d237ee8548956 to remote] DEBUG org.apache.http.wire  - http-outgoing-96 >> "[\r][\n]"
135180 [Forwarding get on session 26e90cf751a94491357d237ee8548956 to remote] DEBUG org.apache.http.wire  - http-outgoing-96 >> "{"url":"http://www.ifixit.com"}"
135180 [Forwarding get on session 26e90cf751a94491357d237ee8548956 to remote] DEBUG org.apache.http.wire  - http-outgoing-96 >> "{"url":"http://www.ifixit.com"}"
135180 [Forwarding get on session 26e90cf751a94491357d237ee8548956 to remote] DEBUG org.apache.http.wire  - http-outgoing-96 >> "{"url":"http://www.ifixit.com"}"
135180 [Forwarding get on session 26e90cf751a94491357d237ee8548956 to remote] DEBUG org.apache.http.wire  - http-outgoing-96 >> "{"url":"http://www.ifixit.com"}"
138177 [Forwarding get on session 26e90cf751a94491357d237ee8548956 to remote] DEBUG org.apache.http.wire  - http-outgoing-96 << "HTTP/1.1 200 OK[\r][\n]"
138177 [Forwarding get on session 26e90cf751a94491357d237ee8548956 to remote] DEBUG org.apache.http.wire  - http-outgoing-96 << "HTTP/1.1 200 OK[\r][\n]"
138177 [Forwarding get on session 26e90cf751a94491357d237ee8548956 to remote] DEBUG org.apache.http.wire  - http-outgoing-96 << "HTTP/1.1 200 OK[\r][\n]"
138177 [Forwarding get on session 26e90cf751a94491357d237ee8548956 to remote] DEBUG org.apache.http.wire  - http-outgoing-96 << "HTTP/1.1 200 OK[\r][\n]"
138177 [Forwarding get on session 26e90cf751a94491357d237ee8548956 to remote] DEBUG org.apache.http.wire  - http-outgoing-96 << "Content-Length:72[\r][\n]"
138177 [Forwarding get on session 26e90cf751a94491357d237ee8548956 to remote] DEBUG org.apache.http.wire  - http-outgoing-96 << "Content-Length:72[\r][\n]"
138177 [Forwarding get on session 26e90cf751a94491357d237ee8548956 to remote] DEBUG org.apache.http.wire  - http-outgoing-96 << "Content-Length:72[\r][\n]"
138177 [Forwarding get on session 26e90cf751a94491357d237ee8548956 to remote] DEBUG org.apache.http.wire  - http-outgoing-96 << "Content-Length:72[\r][\n]"
138177 [Forwarding get on session 26e90cf751a94491357d237ee8548956 to remote] DEBUG org.apache.http.wire  - http-outgoing-96 << "Content-Type:application/json; charset=utf-8[\r][\n]"
138177 [Forwarding get on session 26e90cf751a94491357d237ee8548956 to remote] DEBUG org.apache.http.wire  - http-outgoing-96 << "Content-Type:application/json; charset=utf-8[\r][\n]"
138177 [Forwarding get on session 26e90cf751a94491357d237ee8548956 to remote] DEBUG org.apache.http.wire  - http-outgoing-96 << "Content-Type:application/json; charset=utf-8[\r][\n]"
138177 [Forwarding get on session 26e90cf751a94491357d237ee8548956 to remote] DEBUG org.apache.http.wire  - http-outgoing-96 << "Content-Type:application/json; charset=utf-8[\r][\n]"
138177 [Forwarding get on session 26e90cf751a94491357d237ee8548956 to remote] DEBUG org.apache.http.wire  - http-outgoing-96 << "Connection:close[\r][\n]"
138177 [Forwarding get on session 26e90cf751a94491357d237ee8548956 to remote] DEBUG org.apache.http.wire  - http-outgoing-96 << "Connection:close[\r][\n]"
138177 [Forwarding get on session 26e90cf751a94491357d237ee8548956 to remote] DEBUG org.apache.http.wire  - http-outgoing-96 << "Connection:close[\r][\n]"
138177 [Forwarding get on session 26e90cf751a94491357d237ee8548956 to remote] DEBUG org.apache.http.wire  - http-outgoing-96 << "Connection:close[\r][\n]"
138177 [Forwarding get on session 26e90cf751a94491357d237ee8548956 to remote] DEBUG org.apache.http.wire  - http-outgoing-96 << "[\r][\n]"
138177 [Forwarding get on session 26e90cf751a94491357d237ee8548956 to remote] DEBUG org.apache.http.wire  - http-outgoing-96 << "[\r][\n]"
138177 [Forwarding get on session 26e90cf751a94491357d237ee8548956 to remote] DEBUG org.apache.http.wire  - http-outgoing-96 << "[\r][\n]"
138177 [Forwarding get on session 26e90cf751a94491357d237ee8548956 to remote] DEBUG org.apache.http.wire  - http-outgoing-96 << "[\r][\n]"
138177 [Forwarding get on session 26e90cf751a94491357d237ee8548956 to remote] DEBUG org.apache.http.wire  - http-outgoing-96 << "{"sessionId":"26e90cf751a94491357d237ee8548956","status":0,"value":null}"
138177 [Forwarding get on session 26e90cf751a94491357d237ee8548956 to remote] DEBUG org.apache.http.wire  - http-outgoing-96 << "{"sessionId":"26e90cf751a94491357d237ee8548956","status":0,"value":null}"
138177 [Forwarding get on session 26e90cf751a94491357d237ee8548956 to remote] DEBUG org.apache.http.wire  - http-outgoing-96 << "{"sessionId":"26e90cf751a94491357d237ee8548956","status":0,"value":null}"
138177 [Forwarding get on session 26e90cf751a94491357d237ee8548956 to remote] DEBUG org.apache.http.wire  - http-outgoing-96 << "{"sessionId":"26e90cf751a94491357d237ee8548956","status":0,"value":null}"
138177 [Forwarding get on session 26e90cf751a94491357d237ee8548956 to remote] DEBUG org.apache.http.headers  - http-outgoing-96 << HTTP/1.1 200 OK
138177 [Forwarding get on session 26e90cf751a94491357d237ee8548956 to remote] DEBUG org.apache.http.headers  - http-outgoing-96 << HTTP/1.1 200 OK
138177 [Forwarding get on session 26e90cf751a94491357d237ee8548956 to remote] DEBUG org.apache.http.headers  - http-outgoing-96 << HTTP/1.1 200 OK
138177 [Forwarding get on session 26e90cf751a94491357d237ee8548956 to remote] DEBUG org.apache.http.headers  - http-outgoing-96 << HTTP/1.1 200 OK
138177 [Forwarding get on session 26e90cf751a94491357d237ee8548956 to remote] DEBUG org.apache.http.headers  - http-outgoing-96 << Content-Length:72
138177 [Forwarding get on session 26e90cf751a94491357d237ee8548956 to remote] DEBUG org.apache.http.headers  - http-outgoing-96 << Content-Length:72
138177 [Forwarding get on session 26e90cf751a94491357d237ee8548956 to remote] DEBUG org.apache.http.headers  - http-outgoing-96 << Content-Length:72
138177 [Forwarding get on session 26e90cf751a94491357d237ee8548956 to remote] DEBUG org.apache.http.headers  - http-outgoing-96 << Content-Length:72
138177 [Forwarding get on session 26e90cf751a94491357d237ee8548956 to remote] DEBUG org.apache.http.headers  - http-outgoing-96 << Content-Type:application/json; charset=utf-8
138177 [Forwarding get on session 26e90cf751a94491357d237ee8548956 to remote] DEBUG org.apache.http.headers  - http-outgoing-96 << Content-Type:application/json; charset=utf-8
138177 [Forwarding get on session 26e90cf751a94491357d237ee8548956 to remote] DEBUG org.apache.http.headers  - http-outgoing-96 << Content-Type:application/json; charset=utf-8
138177 [Forwarding get on session 26e90cf751a94491357d237ee8548956 to remote] DEBUG org.apache.http.headers  - http-outgoing-96 << Content-Type:application/json; charset=utf-8
138177 [Forwarding get on session 26e90cf751a94491357d237ee8548956 to remote] DEBUG org.apache.http.headers  - http-outgoing-96 << Connection:close
138177 [Forwarding get on session 26e90cf751a94491357d237ee8548956 to remote] DEBUG org.apache.http.headers  - http-outgoing-96 << Connection:close
138177 [Forwarding get on session 26e90cf751a94491357d237ee8548956 to remote] DEBUG org.apache.http.headers  - http-outgoing-96 << Connection:close
138177 [Forwarding get on session 26e90cf751a94491357d237ee8548956 to remote] DEBUG org.apache.http.headers  - http-outgoing-96 << Connection:close
138177 [Forwarding get on session 26e90cf751a94491357d237ee8548956 to remote] DEBUG org.apache.http.impl.conn.DefaultManagedHttpClientConnection  - http-outgoing-96: Close connection
138177 [Forwarding get on session 26e90cf751a94491357d237ee8548956 to remote] DEBUG org.apache.http.impl.conn.DefaultManagedHttpClientConnection  - http-outgoing-96: Close connection
138177 [Forwarding get on session 26e90cf751a94491357d237ee8548956 to remote] DEBUG org.apache.http.impl.conn.DefaultManagedHttpClientConnection  - http-outgoing-96: Close connection
138177 [Forwarding get on session 26e90cf751a94491357d237ee8548956 to remote] DEBUG org.apache.http.impl.conn.DefaultManagedHttpClientConnection  - http-outgoing-96: Close connection
138178 [Forwarding get on session 26e90cf751a94491357d237ee8548956 to remote] DEBUG org.apache.http.impl.execchain.MainClientExec  - Connection discarded
138178 [Forwarding get on session 26e90cf751a94491357d237ee8548956 to remote] DEBUG org.apache.http.impl.execchain.MainClientExec  - Connection discarded
138178 [Forwarding get on session 26e90cf751a94491357d237ee8548956 to remote] DEBUG org.apache.http.impl.execchain.MainClientExec  - Connection discarded
138178 [Forwarding get on session 26e90cf751a94491357d237ee8548956 to remote] DEBUG org.apache.http.impl.execchain.MainClientExec  - Connection discarded
138178 [Forwarding get on session 26e90cf751a94491357d237ee8548956 to remote] DEBUG org.apache.http.impl.conn.PoolingHttpClientConnectionManager  - Connection released: [id: 96][route: {}->http://localhost:39717][total kept alive: 0; route allocated: 0 of 2000; total allocated: 0 of 2000]
138178 [Forwarding get on session 26e90cf751a94491357d237ee8548956 to remote] DEBUG org.apache.http.impl.conn.PoolingHttpClientConnectionManager  - Connection released: [id: 96][route: {}->http://localhost:39717][total kept alive: 0; route allocated: 0 of 2000; total allocated: 0 of 2000]
138178 [Forwarding get on session 26e90cf751a94491357d237ee8548956 to remote] DEBUG org.apache.http.impl.conn.PoolingHttpClientConnectionManager  - Connection released: [id: 96][route: {}->http://localhost:39717][total kept alive: 0; route allocated: 0 of 2000; total allocated: 0 of 2000]
138178 [Forwarding get on session 26e90cf751a94491357d237ee8548956 to remote] DEBUG org.apache.http.impl.conn.PoolingHttpClientConnectionManager  - Connection released: [id: 96][route: {}->http://localhost:39717][total kept alive: 0; route allocated: 0 of 2000; total allocated: 0 of 2000]
138181 [Forwarding maximizeWindow on session 26e90cf751a94491357d237ee8548956 to remote] DEBUG org.apache.http.client.protocol.RequestAddCookies  - CookieSpec selected: default
138181 [Forwarding maximizeWindow on session 26e90cf751a94491357d237ee8548956 to remote] DEBUG org.apache.http.client.protocol.RequestAddCookies  - CookieSpec selected: default
138181 [Forwarding maximizeWindow on session 26e90cf751a94491357d237ee8548956 to remote] DEBUG org.apache.http.client.protocol.RequestAddCookies  - CookieSpec selected: default
138181 [Forwarding maximizeWindow on session 26e90cf751a94491357d237ee8548956 to remote] DEBUG org.apache.http.client.protocol.RequestAddCookies  - CookieSpec selected: default
138181 [Forwarding maximizeWindow on session 26e90cf751a94491357d237ee8548956 to remote] DEBUG org.apache.http.client.protocol.RequestAuthCache  - Auth cache not set in the context
138181 [Forwarding maximizeWindow on session 26e90cf751a94491357d237ee8548956 to remote] DEBUG org.apache.http.client.protocol.RequestAuthCache  - Auth cache not set in the context
138181 [Forwarding maximizeWindow on session 26e90cf751a94491357d237ee8548956 to remote] DEBUG org.apache.http.client.protocol.RequestAuthCache  - Auth cache not set in the context
138181 [Forwarding maximizeWindow on session 26e90cf751a94491357d237ee8548956 to remote] DEBUG org.apache.http.client.protocol.RequestAuthCache  - Auth cache not set in the context
138181 [Forwarding maximizeWindow on session 26e90cf751a94491357d237ee8548956 to remote] DEBUG org.apache.http.impl.conn.PoolingHttpClientConnectionManager  - Connection request: [route: {}->http://localhost:39717][total kept alive: 0; route allocated: 0 of 2000; total allocated: 0 of 2000]
138181 [Forwarding maximizeWindow on session 26e90cf751a94491357d237ee8548956 to remote] DEBUG org.apache.http.impl.conn.PoolingHttpClientConnectionManager  - Connection request: [route: {}->http://localhost:39717][total kept alive: 0; route allocated: 0 of 2000; total allocated: 0 of 2000]
138181 [Forwarding maximizeWindow on session 26e90cf751a94491357d237ee8548956 to remote] DEBUG org.apache.http.impl.conn.PoolingHttpClientConnectionManager  - Connection request: [route: {}->http://localhost:39717][total kept alive: 0; route allocated: 0 of 2000; total allocated: 0 of 2000]
138181 [Forwarding maximizeWindow on session 26e90cf751a94491357d237ee8548956 to remote] DEBUG org.apache.http.impl.conn.PoolingHttpClientConnectionManager  - Connection request: [route: {}->http://localhost:39717][total kept alive: 0; route allocated: 0 of 2000; total allocated: 0 of 2000]
138181 [Forwarding maximizeWindow on session 26e90cf751a94491357d237ee8548956 to remote] DEBUG org.apache.http.impl.conn.PoolingHttpClientConnectionManager  - Connection leased: [id: 97][route: {}->http://localhost:39717][total kept alive: 0; route allocated: 1 of 2000; total allocated: 1 of 2000]
138181 [Forwarding maximizeWindow on session 26e90cf751a94491357d237ee8548956 to remote] DEBUG org.apache.http.impl.conn.PoolingHttpClientConnectionManager  - Connection leased: [id: 97][route: {}->http://localhost:39717][total kept alive: 0; route allocated: 1 of 2000; total allocated: 1 of 2000]
138181 [Forwarding maximizeWindow on session 26e90cf751a94491357d237ee8548956 to remote] DEBUG org.apache.http.impl.conn.PoolingHttpClientConnectionManager  - Connection leased: [id: 97][route: {}->http://localhost:39717][total kept alive: 0; route allocated: 1 of 2000; total allocated: 1 of 2000]
138181 [Forwarding maximizeWindow on session 26e90cf751a94491357d237ee8548956 to remote] DEBUG org.apache.http.impl.conn.PoolingHttpClientConnectionManager  - Connection leased: [id: 97][route: {}->http://localhost:39717][total kept alive: 0; route allocated: 1 of 2000; total allocated: 1 of 2000]
138191 [Forwarding maximizeWindow on session 26e90cf751a94491357d237ee8548956 to remote] DEBUG org.apache.http.impl.execchain.MainClientExec  - Opening connection {}->http://localhost:39717
138191 [Forwarding maximizeWindow on session 26e90cf751a94491357d237ee8548956 to remote] DEBUG org.apache.http.impl.execchain.MainClientExec  - Opening connection {}->http://localhost:39717
138191 [Forwarding maximizeWindow on session 26e90cf751a94491357d237ee8548956 to remote] DEBUG org.apache.http.impl.execchain.MainClientExec  - Opening connection {}->http://localhost:39717
138191 [Forwarding maximizeWindow on session 26e90cf751a94491357d237ee8548956 to remote] DEBUG org.apache.http.impl.execchain.MainClientExec  - Opening connection {}->http://localhost:39717
138192 [Forwarding maximizeWindow on session 26e90cf751a94491357d237ee8548956 to remote] DEBUG org.apache.http.impl.conn.DefaultHttpClientConnectionOperator  - Connecting to localhost/127.0.0.1:39717
138192 [Forwarding maximizeWindow on session 26e90cf751a94491357d237ee8548956 to remote] DEBUG org.apache.http.impl.conn.DefaultHttpClientConnectionOperator  - Connecting to localhost/127.0.0.1:39717
138192 [Forwarding maximizeWindow on session 26e90cf751a94491357d237ee8548956 to remote] DEBUG org.apache.http.impl.conn.DefaultHttpClientConnectionOperator  - Connecting to localhost/127.0.0.1:39717
138192 [Forwarding maximizeWindow on session 26e90cf751a94491357d237ee8548956 to remote] DEBUG org.apache.http.impl.conn.DefaultHttpClientConnectionOperator  - Connecting to localhost/127.0.0.1:39717
138192 [Forwarding maximizeWindow on session 26e90cf751a94491357d237ee8548956 to remote] DEBUG org.apache.http.impl.conn.DefaultHttpClientConnectionOperator  - Connection established 127.0.0.1:53058<->127.0.0.1:39717
138192 [Forwarding maximizeWindow on session 26e90cf751a94491357d237ee8548956 to remote] DEBUG org.apache.http.impl.conn.DefaultHttpClientConnectionOperator  - Connection established 127.0.0.1:53058<->127.0.0.1:39717
138192 [Forwarding maximizeWindow on session 26e90cf751a94491357d237ee8548956 to remote] DEBUG org.apache.http.impl.conn.DefaultHttpClientConnectionOperator  - Connection established 127.0.0.1:53058<->127.0.0.1:39717
138192 [Forwarding maximizeWindow on session 26e90cf751a94491357d237ee8548956 to remote] DEBUG org.apache.http.impl.conn.DefaultHttpClientConnectionOperator  - Connection established 127.0.0.1:53058<->127.0.0.1:39717
138192 [Forwarding maximizeWindow on session 26e90cf751a94491357d237ee8548956 to remote] DEBUG org.apache.http.impl.conn.DefaultManagedHttpClientConnection  - http-outgoing-97: set socket timeout to 10800000
138192 [Forwarding maximizeWindow on session 26e90cf751a94491357d237ee8548956 to remote] DEBUG org.apache.http.impl.conn.DefaultManagedHttpClientConnection  - http-outgoing-97: set socket timeout to 10800000
138192 [Forwarding maximizeWindow on session 26e90cf751a94491357d237ee8548956 to remote] DEBUG org.apache.http.impl.conn.DefaultManagedHttpClientConnection  - http-outgoing-97: set socket timeout to 10800000
138192 [Forwarding maximizeWindow on session 26e90cf751a94491357d237ee8548956 to remote] DEBUG org.apache.http.impl.conn.DefaultManagedHttpClientConnection  - http-outgoing-97: set socket timeout to 10800000
138192 [Forwarding maximizeWindow on session 26e90cf751a94491357d237ee8548956 to remote] DEBUG org.apache.http.impl.execchain.MainClientExec  - Executing request POST /session/26e90cf751a94491357d237ee8548956/window/current/maximize HTTP/1.1
138192 [Forwarding maximizeWindow on session 26e90cf751a94491357d237ee8548956 to remote] DEBUG org.apache.http.impl.execchain.MainClientExec  - Executing request POST /session/26e90cf751a94491357d237ee8548956/window/current/maximize HTTP/1.1
138192 [Forwarding maximizeWindow on session 26e90cf751a94491357d237ee8548956 to remote] DEBUG org.apache.http.impl.execchain.MainClientExec  - Executing request POST /session/26e90cf751a94491357d237ee8548956/window/current/maximize HTTP/1.1
138192 [Forwarding maximizeWindow on session 26e90cf751a94491357d237ee8548956 to remote] DEBUG org.apache.http.impl.execchain.MainClientExec  - Executing request POST /session/26e90cf751a94491357d237ee8548956/window/current/maximize HTTP/1.1
138192 [Forwarding maximizeWindow on session 26e90cf751a94491357d237ee8548956 to remote] DEBUG org.apache.http.impl.execchain.MainClientExec  - Target auth state: UNCHALLENGED
138192 [Forwarding maximizeWindow on session 26e90cf751a94491357d237ee8548956 to remote] DEBUG org.apache.http.impl.execchain.MainClientExec  - Target auth state: UNCHALLENGED
138192 [Forwarding maximizeWindow on session 26e90cf751a94491357d237ee8548956 to remote] DEBUG org.apache.http.impl.execchain.MainClientExec  - Target auth state: UNCHALLENGED
138192 [Forwarding maximizeWindow on session 26e90cf751a94491357d237ee8548956 to remote] DEBUG org.apache.http.impl.execchain.MainClientExec  - Target auth state: UNCHALLENGED
138192 [Forwarding maximizeWindow on session 26e90cf751a94491357d237ee8548956 to remote] DEBUG org.apache.http.impl.execchain.MainClientExec  - Proxy auth state: UNCHALLENGED
138192 [Forwarding maximizeWindow on session 26e90cf751a94491357d237ee8548956 to remote] DEBUG org.apache.http.impl.execchain.MainClientExec  - Proxy auth state: UNCHALLENGED
138192 [Forwarding maximizeWindow on session 26e90cf751a94491357d237ee8548956 to remote] DEBUG org.apache.http.impl.execchain.MainClientExec  - Proxy auth state: UNCHALLENGED
138192 [Forwarding maximizeWindow on session 26e90cf751a94491357d237ee8548956 to remote] DEBUG org.apache.http.impl.execchain.MainClientExec  - Proxy auth state: UNCHALLENGED
138192 [Forwarding maximizeWindow on session 26e90cf751a94491357d237ee8548956 to remote] DEBUG org.apache.http.headers  - http-outgoing-97 >> POST /session/26e90cf751a94491357d237ee8548956/window/current/maximize HTTP/1.1
138192 [Forwarding maximizeWindow on session 26e90cf751a94491357d237ee8548956 to remote] DEBUG org.apache.http.headers  - http-outgoing-97 >> POST /session/26e90cf751a94491357d237ee8548956/window/current/maximize HTTP/1.1
138192 [Forwarding maximizeWindow on session 26e90cf751a94491357d237ee8548956 to remote] DEBUG org.apache.http.headers  - http-outgoing-97 >> POST /session/26e90cf751a94491357d237ee8548956/window/current/maximize HTTP/1.1
138192 [Forwarding maximizeWindow on session 26e90cf751a94491357d237ee8548956 to remote] DEBUG org.apache.http.headers  - http-outgoing-97 >> POST /session/26e90cf751a94491357d237ee8548956/window/current/maximize HTTP/1.1
138193 [Forwarding maximizeWindow on session 26e90cf751a94491357d237ee8548956 to remote] DEBUG org.apache.http.headers  - http-outgoing-97 >> Content-Type: application/json; charset=utf-8
138193 [Forwarding maximizeWindow on session 26e90cf751a94491357d237ee8548956 to remote] DEBUG org.apache.http.headers  - http-outgoing-97 >> Content-Type: application/json; charset=utf-8
138193 [Forwarding maximizeWindow on session 26e90cf751a94491357d237ee8548956 to remote] DEBUG org.apache.http.headers  - http-outgoing-97 >> Content-Type: application/json; charset=utf-8
138193 [Forwarding maximizeWindow on session 26e90cf751a94491357d237ee8548956 to remote] DEBUG org.apache.http.headers  - http-outgoing-97 >> Content-Type: application/json; charset=utf-8
138193 [Forwarding maximizeWindow on session 26e90cf751a94491357d237ee8548956 to remote] DEBUG org.apache.http.headers  - http-outgoing-97 >> Content-Length: 26
138193 [Forwarding maximizeWindow on session 26e90cf751a94491357d237ee8548956 to remote] DEBUG org.apache.http.headers  - http-outgoing-97 >> Content-Length: 26
138193 [Forwarding maximizeWindow on session 26e90cf751a94491357d237ee8548956 to remote] DEBUG org.apache.http.headers  - http-outgoing-97 >> Content-Length: 26
138193 [Forwarding maximizeWindow on session 26e90cf751a94491357d237ee8548956 to remote] DEBUG org.apache.http.headers  - http-outgoing-97 >> Content-Length: 26
138193 [Forwarding maximizeWindow on session 26e90cf751a94491357d237ee8548956 to remote] DEBUG org.apache.http.headers  - http-outgoing-97 >> Host: localhost:39717
138193 [Forwarding maximizeWindow on session 26e90cf751a94491357d237ee8548956 to remote] DEBUG org.apache.http.headers  - http-outgoing-97 >> Host: localhost:39717
138193 [Forwarding maximizeWindow on session 26e90cf751a94491357d237ee8548956 to remote] DEBUG org.apache.http.headers  - http-outgoing-97 >> Host: localhost:39717
138193 [Forwarding maximizeWindow on session 26e90cf751a94491357d237ee8548956 to remote] DEBUG org.apache.http.headers  - http-outgoing-97 >> Host: localhost:39717
138193 [Forwarding maximizeWindow on session 26e90cf751a94491357d237ee8548956 to remote] DEBUG org.apache.http.headers  - http-outgoing-97 >> Connection: Keep-Alive
138193 [Forwarding maximizeWindow on session 26e90cf751a94491357d237ee8548956 to remote] DEBUG org.apache.http.headers  - http-outgoing-97 >> Connection: Keep-Alive
138193 [Forwarding maximizeWindow on session 26e90cf751a94491357d237ee8548956 to remote] DEBUG org.apache.http.headers  - http-outgoing-97 >> Connection: Keep-Alive
138193 [Forwarding maximizeWindow on session 26e90cf751a94491357d237ee8548956 to remote] DEBUG org.apache.http.headers  - http-outgoing-97 >> Connection: Keep-Alive
138193 [Forwarding maximizeWindow on session 26e90cf751a94491357d237ee8548956 to remote] DEBUG org.apache.http.headers  - http-outgoing-97 >> User-Agent: Apache-HttpClient/4.5.2 (Java/1.8.0_91)
138193 [Forwarding maximizeWindow on session 26e90cf751a94491357d237ee8548956 to remote] DEBUG org.apache.http.headers  - http-outgoing-97 >> User-Agent: Apache-HttpClient/4.5.2 (Java/1.8.0_91)
138193 [Forwarding maximizeWindow on session 26e90cf751a94491357d237ee8548956 to remote] DEBUG org.apache.http.headers  - http-outgoing-97 >> User-Agent: Apache-HttpClient/4.5.2 (Java/1.8.0_91)
138193 [Forwarding maximizeWindow on session 26e90cf751a94491357d237ee8548956 to remote] DEBUG org.apache.http.headers  - http-outgoing-97 >> User-Agent: Apache-HttpClient/4.5.2 (Java/1.8.0_91)
138193 [Forwarding maximizeWindow on session 26e90cf751a94491357d237ee8548956 to remote] DEBUG org.apache.http.headers  - http-outgoing-97 >> Accept-Encoding: gzip,deflate
138193 [Forwarding maximizeWindow on session 26e90cf751a94491357d237ee8548956 to remote] DEBUG org.apache.http.headers  - http-outgoing-97 >> Accept-Encoding: gzip,deflate
138193 [Forwarding maximizeWindow on session 26e90cf751a94491357d237ee8548956 to remote] DEBUG org.apache.http.headers  - http-outgoing-97 >> Accept-Encoding: gzip,deflate
138193 [Forwarding maximizeWindow on session 26e90cf751a94491357d237ee8548956 to remote] DEBUG org.apache.http.headers  - http-outgoing-97 >> Accept-Encoding: gzip,deflate
138193 [Forwarding maximizeWindow on session 26e90cf751a94491357d237ee8548956 to remote] DEBUG org.apache.http.wire  - http-outgoing-97 >> "POST /session/26e90cf751a94491357d237ee8548956/window/current/maximize HTTP/1.1[\r][\n]"
138193 [Forwarding maximizeWindow on session 26e90cf751a94491357d237ee8548956 to remote] DEBUG org.apache.http.wire  - http-outgoing-97 >> "POST /session/26e90cf751a94491357d237ee8548956/window/current/maximize HTTP/1.1[\r][\n]"
138193 [Forwarding maximizeWindow on session 26e90cf751a94491357d237ee8548956 to remote] DEBUG org.apache.http.wire  - http-outgoing-97 >> "POST /session/26e90cf751a94491357d237ee8548956/window/current/maximize HTTP/1.1[\r][\n]"
138193 [Forwarding maximizeWindow on session 26e90cf751a94491357d237ee8548956 to remote] DEBUG org.apache.http.wire  - http-outgoing-97 >> "POST /session/26e90cf751a94491357d237ee8548956/window/current/maximize HTTP/1.1[\r][\n]"
138193 [Forwarding maximizeWindow on session 26e90cf751a94491357d237ee8548956 to remote] DEBUG org.apache.http.wire  - http-outgoing-97 >> "Content-Type: application/json; charset=utf-8[\r][\n]"
138193 [Forwarding maximizeWindow on session 26e90cf751a94491357d237ee8548956 to remote] DEBUG org.apache.http.wire  - http-outgoing-97 >> "Content-Type: application/json; charset=utf-8[\r][\n]"
138193 [Forwarding maximizeWindow on session 26e90cf751a94491357d237ee8548956 to remote] DEBUG org.apache.http.wire  - http-outgoing-97 >> "Content-Type: application/json; charset=utf-8[\r][\n]"
138193 [Forwarding maximizeWindow on session 26e90cf751a94491357d237ee8548956 to remote] DEBUG org.apache.http.wire  - http-outgoing-97 >> "Content-Type: application/json; charset=utf-8[\r][\n]"
138193 [Forwarding maximizeWindow on session 26e90cf751a94491357d237ee8548956 to remote] DEBUG org.apache.http.wire  - http-outgoing-97 >> "Content-Length: 26[\r][\n]"
138193 [Forwarding maximizeWindow on session 26e90cf751a94491357d237ee8548956 to remote] DEBUG org.apache.http.wire  - http-outgoing-97 >> "Content-Length: 26[\r][\n]"
138193 [Forwarding maximizeWindow on session 26e90cf751a94491357d237ee8548956 to remote] DEBUG org.apache.http.wire  - http-outgoing-97 >> "Content-Length: 26[\r][\n]"
138193 [Forwarding maximizeWindow on session 26e90cf751a94491357d237ee8548956 to remote] DEBUG org.apache.http.wire  - http-outgoing-97 >> "Content-Length: 26[\r][\n]"
138193 [Forwarding maximizeWindow on session 26e90cf751a94491357d237ee8548956 to remote] DEBUG org.apache.http.wire  - http-outgoing-97 >> "Host: localhost:39717[\r][\n]"
138193 [Forwarding maximizeWindow on session 26e90cf751a94491357d237ee8548956 to remote] DEBUG org.apache.http.wire  - http-outgoing-97 >> "Host: localhost:39717[\r][\n]"
138193 [Forwarding maximizeWindow on session 26e90cf751a94491357d237ee8548956 to remote] DEBUG org.apache.http.wire  - http-outgoing-97 >> "Host: localhost:39717[\r][\n]"
138193 [Forwarding maximizeWindow on session 26e90cf751a94491357d237ee8548956 to remote] DEBUG org.apache.http.wire  - http-outgoing-97 >> "Host: localhost:39717[\r][\n]"
138193 [Forwarding maximizeWindow on session 26e90cf751a94491357d237ee8548956 to remote] DEBUG org.apache.http.wire  - http-outgoing-97 >> "Connection: Keep-Alive[\r][\n]"
138193 [Forwarding maximizeWindow on session 26e90cf751a94491357d237ee8548956 to remote] DEBUG org.apache.http.wire  - http-outgoing-97 >> "Connection: Keep-Alive[\r][\n]"
138193 [Forwarding maximizeWindow on session 26e90cf751a94491357d237ee8548956 to remote] DEBUG org.apache.http.wire  - http-outgoing-97 >> "Connection: Keep-Alive[\r][\n]"
138193 [Forwarding maximizeWindow on session 26e90cf751a94491357d237ee8548956 to remote] DEBUG org.apache.http.wire  - http-outgoing-97 >> "Connection: Keep-Alive[\r][\n]"
138193 [Forwarding maximizeWindow on session 26e90cf751a94491357d237ee8548956 to remote] DEBUG org.apache.http.wire  - http-outgoing-97 >> "User-Agent: Apache-HttpClient/4.5.2 (Java/1.8.0_91)[\r][\n]"
138193 [Forwarding maximizeWindow on session 26e90cf751a94491357d237ee8548956 to remote] DEBUG org.apache.http.wire  - http-outgoing-97 >> "User-Agent: Apache-HttpClient/4.5.2 (Java/1.8.0_91)[\r][\n]"
138193 [Forwarding maximizeWindow on session 26e90cf751a94491357d237ee8548956 to remote] DEBUG org.apache.http.wire  - http-outgoing-97 >> "User-Agent: Apache-HttpClient/4.5.2 (Java/1.8.0_91)[\r][\n]"
138193 [Forwarding maximizeWindow on session 26e90cf751a94491357d237ee8548956 to remote] DEBUG org.apache.http.wire  - http-outgoing-97 >> "User-Agent: Apache-HttpClient/4.5.2 (Java/1.8.0_91)[\r][\n]"
138193 [Forwarding maximizeWindow on session 26e90cf751a94491357d237ee8548956 to remote] DEBUG org.apache.http.wire  - http-outgoing-97 >> "Accept-Encoding: gzip,deflate[\r][\n]"
138193 [Forwarding maximizeWindow on session 26e90cf751a94491357d237ee8548956 to remote] DEBUG org.apache.http.wire  - http-outgoing-97 >> "Accept-Encoding: gzip,deflate[\r][\n]"
138193 [Forwarding maximizeWindow on session 26e90cf751a94491357d237ee8548956 to remote] DEBUG org.apache.http.wire  - http-outgoing-97 >> "Accept-Encoding: gzip,deflate[\r][\n]"
138193 [Forwarding maximizeWindow on session 26e90cf751a94491357d237ee8548956 to remote] DEBUG org.apache.http.wire  - http-outgoing-97 >> "Accept-Encoding: gzip,deflate[\r][\n]"
138193 [Forwarding maximizeWindow on session 26e90cf751a94491357d237ee8548956 to remote] DEBUG org.apache.http.wire  - http-outgoing-97 >> "[\r][\n]"
138193 [Forwarding maximizeWindow on session 26e90cf751a94491357d237ee8548956 to remote] DEBUG org.apache.http.wire  - http-outgoing-97 >> "[\r][\n]"
138193 [Forwarding maximizeWindow on session 26e90cf751a94491357d237ee8548956 to remote] DEBUG org.apache.http.wire  - http-outgoing-97 >> "[\r][\n]"
138193 [Forwarding maximizeWindow on session 26e90cf751a94491357d237ee8548956 to remote] DEBUG org.apache.http.wire  - http-outgoing-97 >> "[\r][\n]"
138193 [Forwarding maximizeWindow on session 26e90cf751a94491357d237ee8548956 to remote] DEBUG org.apache.http.wire  - http-outgoing-97 >> "{"windowHandle":"current"}"
138193 [Forwarding maximizeWindow on session 26e90cf751a94491357d237ee8548956 to remote] DEBUG org.apache.http.wire  - http-outgoing-97 >> "{"windowHandle":"current"}"
138193 [Forwarding maximizeWindow on session 26e90cf751a94491357d237ee8548956 to remote] DEBUG org.apache.http.wire  - http-outgoing-97 >> "{"windowHandle":"current"}"
138193 [Forwarding maximizeWindow on session 26e90cf751a94491357d237ee8548956 to remote] DEBUG org.apache.http.wire  - http-outgoing-97 >> "{"windowHandle":"current"}"
139330 [Forwarding maximizeWindow on session 26e90cf751a94491357d237ee8548956 to remote] DEBUG org.apache.http.wire  - http-outgoing-97 << "HTTP/1.1 200 OK[\r][\n]"
139330 [Forwarding maximizeWindow on session 26e90cf751a94491357d237ee8548956 to remote] DEBUG org.apache.http.wire  - http-outgoing-97 << "HTTP/1.1 200 OK[\r][\n]"
139330 [Forwarding maximizeWindow on session 26e90cf751a94491357d237ee8548956 to remote] DEBUG org.apache.http.wire  - http-outgoing-97 << "HTTP/1.1 200 OK[\r][\n]"
139330 [Forwarding maximizeWindow on session 26e90cf751a94491357d237ee8548956 to remote] DEBUG org.apache.http.wire  - http-outgoing-97 << "HTTP/1.1 200 OK[\r][\n]"
139330 [Forwarding maximizeWindow on session 26e90cf751a94491357d237ee8548956 to remote] DEBUG org.apache.http.wire  - http-outgoing-97 << "Content-Length:72[\r][\n]"
139330 [Forwarding maximizeWindow on session 26e90cf751a94491357d237ee8548956 to remote] DEBUG org.apache.http.wire  - http-outgoing-97 << "Content-Length:72[\r][\n]"
139330 [Forwarding maximizeWindow on session 26e90cf751a94491357d237ee8548956 to remote] DEBUG org.apache.http.wire  - http-outgoing-97 << "Content-Length:72[\r][\n]"
139330 [Forwarding maximizeWindow on session 26e90cf751a94491357d237ee8548956 to remote] DEBUG org.apache.http.wire  - http-outgoing-97 << "Content-Length:72[\r][\n]"
139330 [Forwarding maximizeWindow on session 26e90cf751a94491357d237ee8548956 to remote] DEBUG org.apache.http.wire  - http-outgoing-97 << "Content-Type:application/json; charset=utf-8[\r][\n]"
139330 [Forwarding maximizeWindow on session 26e90cf751a94491357d237ee8548956 to remote] DEBUG org.apache.http.wire  - http-outgoing-97 << "Content-Type:application/json; charset=utf-8[\r][\n]"
139330 [Forwarding maximizeWindow on session 26e90cf751a94491357d237ee8548956 to remote] DEBUG org.apache.http.wire  - http-outgoing-97 << "Content-Type:application/json; charset=utf-8[\r][\n]"
139330 [Forwarding maximizeWindow on session 26e90cf751a94491357d237ee8548956 to remote] DEBUG org.apache.http.wire  - http-outgoing-97 << "Content-Type:application/json; charset=utf-8[\r][\n]"
139330 [Forwarding maximizeWindow on session 26e90cf751a94491357d237ee8548956 to remote] DEBUG org.apache.http.wire  - http-outgoing-97 << "Connection:close[\r][\n]"
139330 [Forwarding maximizeWindow on session 26e90cf751a94491357d237ee8548956 to remote] DEBUG org.apache.http.wire  - http-outgoing-97 << "Connection:close[\r][\n]"
139330 [Forwarding maximizeWindow on session 26e90cf751a94491357d237ee8548956 to remote] DEBUG org.apache.http.wire  - http-outgoing-97 << "Connection:close[\r][\n]"
139330 [Forwarding maximizeWindow on session 26e90cf751a94491357d237ee8548956 to remote] DEBUG org.apache.http.wire  - http-outgoing-97 << "Connection:close[\r][\n]"
139330 [Forwarding maximizeWindow on session 26e90cf751a94491357d237ee8548956 to remote] DEBUG org.apache.http.wire  - http-outgoing-97 << "[\r][\n]"
139330 [Forwarding maximizeWindow on session 26e90cf751a94491357d237ee8548956 to remote] DEBUG org.apache.http.wire  - http-outgoing-97 << "[\r][\n]"
139330 [Forwarding maximizeWindow on session 26e90cf751a94491357d237ee8548956 to remote] DEBUG org.apache.http.wire  - http-outgoing-97 << "[\r][\n]"
139330 [Forwarding maximizeWindow on session 26e90cf751a94491357d237ee8548956 to remote] DEBUG org.apache.http.wire  - http-outgoing-97 << "[\r][\n]"
139330 [Forwarding maximizeWindow on session 26e90cf751a94491357d237ee8548956 to remote] DEBUG org.apache.http.wire  - http-outgoing-97 << "{"sessionId":"26e90cf751a94491357d237ee8548956","status":0,"value":null}"
139330 [Forwarding maximizeWindow on session 26e90cf751a94491357d237ee8548956 to remote] DEBUG org.apache.http.wire  - http-outgoing-97 << "{"sessionId":"26e90cf751a94491357d237ee8548956","status":0,"value":null}"
139330 [Forwarding maximizeWindow on session 26e90cf751a94491357d237ee8548956 to remote] DEBUG org.apache.http.wire  - http-outgoing-97 << "{"sessionId":"26e90cf751a94491357d237ee8548956","status":0,"value":null}"
139330 [Forwarding maximizeWindow on session 26e90cf751a94491357d237ee8548956 to remote] DEBUG org.apache.http.wire  - http-outgoing-97 << "{"sessionId":"26e90cf751a94491357d237ee8548956","status":0,"value":null}"
139331 [Forwarding maximizeWindow on session 26e90cf751a94491357d237ee8548956 to remote] DEBUG org.apache.http.headers  - http-outgoing-97 << HTTP/1.1 200 OK
139331 [Forwarding maximizeWindow on session 26e90cf751a94491357d237ee8548956 to remote] DEBUG org.apache.http.headers  - http-outgoing-97 << HTTP/1.1 200 OK
139331 [Forwarding maximizeWindow on session 26e90cf751a94491357d237ee8548956 to remote] DEBUG org.apache.http.headers  - http-outgoing-97 << HTTP/1.1 200 OK
139331 [Forwarding maximizeWindow on session 26e90cf751a94491357d237ee8548956 to remote] DEBUG org.apache.http.headers  - http-outgoing-97 << HTTP/1.1 200 OK
139331 [Forwarding maximizeWindow on session 26e90cf751a94491357d237ee8548956 to remote] DEBUG org.apache.http.headers  - http-outgoing-97 << Content-Length:72
139331 [Forwarding maximizeWindow on session 26e90cf751a94491357d237ee8548956 to remote] DEBUG org.apache.http.headers  - http-outgoing-97 << Content-Length:72
139331 [Forwarding maximizeWindow on session 26e90cf751a94491357d237ee8548956 to remote] DEBUG org.apache.http.headers  - http-outgoing-97 << Content-Length:72
139331 [Forwarding maximizeWindow on session 26e90cf751a94491357d237ee8548956 to remote] DEBUG org.apache.http.headers  - http-outgoing-97 << Content-Length:72
139331 [Forwarding maximizeWindow on session 26e90cf751a94491357d237ee8548956 to remote] DEBUG org.apache.http.headers  - http-outgoing-97 << Content-Type:application/json; charset=utf-8
139331 [Forwarding maximizeWindow on session 26e90cf751a94491357d237ee8548956 to remote] DEBUG org.apache.http.headers  - http-outgoing-97 << Content-Type:application/json; charset=utf-8
139331 [Forwarding maximizeWindow on session 26e90cf751a94491357d237ee8548956 to remote] DEBUG org.apache.http.headers  - http-outgoing-97 << Content-Type:application/json; charset=utf-8
139331 [Forwarding maximizeWindow on session 26e90cf751a94491357d237ee8548956 to remote] DEBUG org.apache.http.headers  - http-outgoing-97 << Content-Type:application/json; charset=utf-8
139331 [Forwarding maximizeWindow on session 26e90cf751a94491357d237ee8548956 to remote] DEBUG org.apache.http.headers  - http-outgoing-97 << Connection:close
139331 [Forwarding maximizeWindow on session 26e90cf751a94491357d237ee8548956 to remote] DEBUG org.apache.http.headers  - http-outgoing-97 << Connection:close
139331 [Forwarding maximizeWindow on session 26e90cf751a94491357d237ee8548956 to remote] DEBUG org.apache.http.headers  - http-outgoing-97 << Connection:close
139331 [Forwarding maximizeWindow on session 26e90cf751a94491357d237ee8548956 to remote] DEBUG org.apache.http.headers  - http-outgoing-97 << Connection:close
139332 [Forwarding maximizeWindow on session 26e90cf751a94491357d237ee8548956 to remote] DEBUG org.apache.http.impl.conn.DefaultManagedHttpClientConnection  - http-outgoing-97: Close connection
139332 [Forwarding maximizeWindow on session 26e90cf751a94491357d237ee8548956 to remote] DEBUG org.apache.http.impl.conn.DefaultManagedHttpClientConnection  - http-outgoing-97: Close connection
139332 [Forwarding maximizeWindow on session 26e90cf751a94491357d237ee8548956 to remote] DEBUG org.apache.http.impl.conn.DefaultManagedHttpClientConnection  - http-outgoing-97: Close connection
139332 [Forwarding maximizeWindow on session 26e90cf751a94491357d237ee8548956 to remote] DEBUG org.apache.http.impl.conn.DefaultManagedHttpClientConnection  - http-outgoing-97: Close connection
139333 [Forwarding maximizeWindow on session 26e90cf751a94491357d237ee8548956 to remote] DEBUG org.apache.http.impl.execchain.MainClientExec  - Connection discarded
139333 [Forwarding maximizeWindow on session 26e90cf751a94491357d237ee8548956 to remote] DEBUG org.apache.http.impl.execchain.MainClientExec  - Connection discarded
139333 [Forwarding maximizeWindow on session 26e90cf751a94491357d237ee8548956 to remote] DEBUG org.apache.http.impl.execchain.MainClientExec  - Connection discarded
139333 [Forwarding maximizeWindow on session 26e90cf751a94491357d237ee8548956 to remote] DEBUG org.apache.http.impl.execchain.MainClientExec  - Connection discarded
139333 [Forwarding maximizeWindow on session 26e90cf751a94491357d237ee8548956 to remote] DEBUG org.apache.http.impl.conn.PoolingHttpClientConnectionManager  - Connection released: [id: 97][route: {}->http://localhost:39717][total kept alive: 0; route allocated: 0 of 2000; total allocated: 0 of 2000]
139333 [Forwarding maximizeWindow on session 26e90cf751a94491357d237ee8548956 to remote] DEBUG org.apache.http.impl.conn.PoolingHttpClientConnectionManager  - Connection released: [id: 97][route: {}->http://localhost:39717][total kept alive: 0; route allocated: 0 of 2000; total allocated: 0 of 2000]
139333 [Forwarding maximizeWindow on session 26e90cf751a94491357d237ee8548956 to remote] DEBUG org.apache.http.impl.conn.PoolingHttpClientConnectionManager  - Connection released: [id: 97][route: {}->http://localhost:39717][total kept alive: 0; route allocated: 0 of 2000; total allocated: 0 of 2000]
139333 [Forwarding maximizeWindow on session 26e90cf751a94491357d237ee8548956 to remote] DEBUG org.apache.http.impl.conn.PoolingHttpClientConnectionManager  - Connection released: [id: 97][route: {}->http://localhost:39717][total kept alive: 0; route allocated: 0 of 2000; total allocated: 0 of 2000]
139340 [Forwarding findElement on session 26e90cf751a94491357d237ee8548956 to remote] DEBUG org.apache.http.client.protocol.RequestAddCookies  - CookieSpec selected: default
139340 [Forwarding findElement on session 26e90cf751a94491357d237ee8548956 to remote] DEBUG org.apache.http.client.protocol.RequestAddCookies  - CookieSpec selected: default
139340 [Forwarding findElement on session 26e90cf751a94491357d237ee8548956 to remote] DEBUG org.apache.http.client.protocol.RequestAddCookies  - CookieSpec selected: default
139340 [Forwarding findElement on session 26e90cf751a94491357d237ee8548956 to remote] DEBUG org.apache.http.client.protocol.RequestAddCookies  - CookieSpec selected: default
139340 [Forwarding findElement on session 26e90cf751a94491357d237ee8548956 to remote] DEBUG org.apache.http.client.protocol.RequestAuthCache  - Auth cache not set in the context
139340 [Forwarding findElement on session 26e90cf751a94491357d237ee8548956 to remote] DEBUG org.apache.http.client.protocol.RequestAuthCache  - Auth cache not set in the context
139340 [Forwarding findElement on session 26e90cf751a94491357d237ee8548956 to remote] DEBUG org.apache.http.client.protocol.RequestAuthCache  - Auth cache not set in the context
139340 [Forwarding findElement on session 26e90cf751a94491357d237ee8548956 to remote] DEBUG org.apache.http.client.protocol.RequestAuthCache  - Auth cache not set in the context
139340 [Forwarding findElement on session 26e90cf751a94491357d237ee8548956 to remote] DEBUG org.apache.http.impl.conn.PoolingHttpClientConnectionManager  - Connection request: [route: {}->http://localhost:39717][total kept alive: 0; route allocated: 0 of 2000; total allocated: 0 of 2000]
139340 [Forwarding findElement on session 26e90cf751a94491357d237ee8548956 to remote] DEBUG org.apache.http.impl.conn.PoolingHttpClientConnectionManager  - Connection request: [route: {}->http://localhost:39717][total kept alive: 0; route allocated: 0 of 2000; total allocated: 0 of 2000]
139340 [Forwarding findElement on session 26e90cf751a94491357d237ee8548956 to remote] DEBUG org.apache.http.impl.conn.PoolingHttpClientConnectionManager  - Connection request: [route: {}->http://localhost:39717][total kept alive: 0; route allocated: 0 of 2000; total allocated: 0 of 2000]
139340 [Forwarding findElement on session 26e90cf751a94491357d237ee8548956 to remote] DEBUG org.apache.http.impl.conn.PoolingHttpClientConnectionManager  - Connection request: [route: {}->http://localhost:39717][total kept alive: 0; route allocated: 0 of 2000; total allocated: 0 of 2000]
139340 [Forwarding findElement on session 26e90cf751a94491357d237ee8548956 to remote] DEBUG org.apache.http.impl.conn.PoolingHttpClientConnectionManager  - Connection leased: [id: 98][route: {}->http://localhost:39717][total kept alive: 0; route allocated: 1 of 2000; total allocated: 1 of 2000]
139340 [Forwarding findElement on session 26e90cf751a94491357d237ee8548956 to remote] DEBUG org.apache.http.impl.conn.PoolingHttpClientConnectionManager  - Connection leased: [id: 98][route: {}->http://localhost:39717][total kept alive: 0; route allocated: 1 of 2000; total allocated: 1 of 2000]
139340 [Forwarding findElement on session 26e90cf751a94491357d237ee8548956 to remote] DEBUG org.apache.http.impl.conn.PoolingHttpClientConnectionManager  - Connection leased: [id: 98][route: {}->http://localhost:39717][total kept alive: 0; route allocated: 1 of 2000; total allocated: 1 of 2000]
139340 [Forwarding findElement on session 26e90cf751a94491357d237ee8548956 to remote] DEBUG org.apache.http.impl.conn.PoolingHttpClientConnectionManager  - Connection leased: [id: 98][route: {}->http://localhost:39717][total kept alive: 0; route allocated: 1 of 2000; total allocated: 1 of 2000]
139340 [Forwarding findElement on session 26e90cf751a94491357d237ee8548956 to remote] DEBUG org.apache.http.impl.execchain.MainClientExec  - Opening connection {}->http://localhost:39717
139340 [Forwarding findElement on session 26e90cf751a94491357d237ee8548956 to remote] DEBUG org.apache.http.impl.execchain.MainClientExec  - Opening connection {}->http://localhost:39717
139340 [Forwarding findElement on session 26e90cf751a94491357d237ee8548956 to remote] DEBUG org.apache.http.impl.execchain.MainClientExec  - Opening connection {}->http://localhost:39717
139340 [Forwarding findElement on session 26e90cf751a94491357d237ee8548956 to remote] DEBUG org.apache.http.impl.execchain.MainClientExec  - Opening connection {}->http://localhost:39717
139340 [Forwarding findElement on session 26e90cf751a94491357d237ee8548956 to remote] DEBUG org.apache.http.impl.conn.DefaultHttpClientConnectionOperator  - Connecting to localhost/127.0.0.1:39717
139340 [Forwarding findElement on session 26e90cf751a94491357d237ee8548956 to remote] DEBUG org.apache.http.impl.conn.DefaultHttpClientConnectionOperator  - Connecting to localhost/127.0.0.1:39717
139340 [Forwarding findElement on session 26e90cf751a94491357d237ee8548956 to remote] DEBUG org.apache.http.impl.conn.DefaultHttpClientConnectionOperator  - Connecting to localhost/127.0.0.1:39717
139340 [Forwarding findElement on session 26e90cf751a94491357d237ee8548956 to remote] DEBUG org.apache.http.impl.conn.DefaultHttpClientConnectionOperator  - Connecting to localhost/127.0.0.1:39717
139341 [Forwarding findElement on session 26e90cf751a94491357d237ee8548956 to remote] DEBUG org.apache.http.impl.conn.DefaultHttpClientConnectionOperator  - Connection established 127.0.0.1:53061<->127.0.0.1:39717
139341 [Forwarding findElement on session 26e90cf751a94491357d237ee8548956 to remote] DEBUG org.apache.http.impl.conn.DefaultHttpClientConnectionOperator  - Connection established 127.0.0.1:53061<->127.0.0.1:39717
139341 [Forwarding findElement on session 26e90cf751a94491357d237ee8548956 to remote] DEBUG org.apache.http.impl.conn.DefaultHttpClientConnectionOperator  - Connection established 127.0.0.1:53061<->127.0.0.1:39717
139341 [Forwarding findElement on session 26e90cf751a94491357d237ee8548956 to remote] DEBUG org.apache.http.impl.conn.DefaultHttpClientConnectionOperator  - Connection established 127.0.0.1:53061<->127.0.0.1:39717
139341 [Forwarding findElement on session 26e90cf751a94491357d237ee8548956 to remote] DEBUG org.apache.http.impl.conn.DefaultManagedHttpClientConnection  - http-outgoing-98: set socket timeout to 10800000
139341 [Forwarding findElement on session 26e90cf751a94491357d237ee8548956 to remote] DEBUG org.apache.http.impl.conn.DefaultManagedHttpClientConnection  - http-outgoing-98: set socket timeout to 10800000
139341 [Forwarding findElement on session 26e90cf751a94491357d237ee8548956 to remote] DEBUG org.apache.http.impl.conn.DefaultManagedHttpClientConnection  - http-outgoing-98: set socket timeout to 10800000
139341 [Forwarding findElement on session 26e90cf751a94491357d237ee8548956 to remote] DEBUG org.apache.http.impl.conn.DefaultManagedHttpClientConnection  - http-outgoing-98: set socket timeout to 10800000
139341 [Forwarding findElement on session 26e90cf751a94491357d237ee8548956 to remote] DEBUG org.apache.http.impl.execchain.MainClientExec  - Executing request POST /session/26e90cf751a94491357d237ee8548956/element HTTP/1.1
139341 [Forwarding findElement on session 26e90cf751a94491357d237ee8548956 to remote] DEBUG org.apache.http.impl.execchain.MainClientExec  - Executing request POST /session/26e90cf751a94491357d237ee8548956/element HTTP/1.1
139341 [Forwarding findElement on session 26e90cf751a94491357d237ee8548956 to remote] DEBUG org.apache.http.impl.execchain.MainClientExec  - Executing request POST /session/26e90cf751a94491357d237ee8548956/element HTTP/1.1
139341 [Forwarding findElement on session 26e90cf751a94491357d237ee8548956 to remote] DEBUG org.apache.http.impl.execchain.MainClientExec  - Executing request POST /session/26e90cf751a94491357d237ee8548956/element HTTP/1.1
139341 [Forwarding findElement on session 26e90cf751a94491357d237ee8548956 to remote] DEBUG org.apache.http.impl.execchain.MainClientExec  - Target auth state: UNCHALLENGED
139341 [Forwarding findElement on session 26e90cf751a94491357d237ee8548956 to remote] DEBUG org.apache.http.impl.execchain.MainClientExec  - Target auth state: UNCHALLENGED
139341 [Forwarding findElement on session 26e90cf751a94491357d237ee8548956 to remote] DEBUG org.apache.http.impl.execchain.MainClientExec  - Target auth state: UNCHALLENGED
139341 [Forwarding findElement on session 26e90cf751a94491357d237ee8548956 to remote] DEBUG org.apache.http.impl.execchain.MainClientExec  - Target auth state: UNCHALLENGED
139342 [Forwarding findElement on session 26e90cf751a94491357d237ee8548956 to remote] DEBUG org.apache.http.impl.execchain.MainClientExec  - Proxy auth state: UNCHALLENGED
139342 [Forwarding findElement on session 26e90cf751a94491357d237ee8548956 to remote] DEBUG org.apache.http.impl.execchain.MainClientExec  - Proxy auth state: UNCHALLENGED
139342 [Forwarding findElement on session 26e90cf751a94491357d237ee8548956 to remote] DEBUG org.apache.http.impl.execchain.MainClientExec  - Proxy auth state: UNCHALLENGED
139342 [Forwarding findElement on session 26e90cf751a94491357d237ee8548956 to remote] DEBUG org.apache.http.impl.execchain.MainClientExec  - Proxy auth state: UNCHALLENGED
139342 [Forwarding findElement on session 26e90cf751a94491357d237ee8548956 to remote] DEBUG org.apache.http.headers  - http-outgoing-98 >> POST /session/26e90cf751a94491357d237ee8548956/element HTTP/1.1
139342 [Forwarding findElement on session 26e90cf751a94491357d237ee8548956 to remote] DEBUG org.apache.http.headers  - http-outgoing-98 >> POST /session/26e90cf751a94491357d237ee8548956/element HTTP/1.1
139342 [Forwarding findElement on session 26e90cf751a94491357d237ee8548956 to remote] DEBUG org.apache.http.headers  - http-outgoing-98 >> POST /session/26e90cf751a94491357d237ee8548956/element HTTP/1.1
139342 [Forwarding findElement on session 26e90cf751a94491357d237ee8548956 to remote] DEBUG org.apache.http.headers  - http-outgoing-98 >> POST /session/26e90cf751a94491357d237ee8548956/element HTTP/1.1
139342 [Forwarding findElement on session 26e90cf751a94491357d237ee8548956 to remote] DEBUG org.apache.http.headers  - http-outgoing-98 >> Content-Type: application/json; charset=utf-8
139342 [Forwarding findElement on session 26e90cf751a94491357d237ee8548956 to remote] DEBUG org.apache.http.headers  - http-outgoing-98 >> Content-Type: application/json; charset=utf-8
139342 [Forwarding findElement on session 26e90cf751a94491357d237ee8548956 to remote] DEBUG org.apache.http.headers  - http-outgoing-98 >> Content-Type: application/json; charset=utf-8
139342 [Forwarding findElement on session 26e90cf751a94491357d237ee8548956 to remote] DEBUG org.apache.http.headers  - http-outgoing-98 >> Content-Type: application/json; charset=utf-8
139342 [Forwarding findElement on session 26e90cf751a94491357d237ee8548956 to remote] DEBUG org.apache.http.headers  - http-outgoing-98 >> Content-Length: 38
139342 [Forwarding findElement on session 26e90cf751a94491357d237ee8548956 to remote] DEBUG org.apache.http.headers  - http-outgoing-98 >> Content-Length: 38
139342 [Forwarding findElement on session 26e90cf751a94491357d237ee8548956 to remote] DEBUG org.apache.http.headers  - http-outgoing-98 >> Content-Length: 38
139342 [Forwarding findElement on session 26e90cf751a94491357d237ee8548956 to remote] DEBUG org.apache.http.headers  - http-outgoing-98 >> Content-Length: 38
139342 [Forwarding findElement on session 26e90cf751a94491357d237ee8548956 to remote] DEBUG org.apache.http.headers  - http-outgoing-98 >> Host: localhost:39717
139342 [Forwarding findElement on session 26e90cf751a94491357d237ee8548956 to remote] DEBUG org.apache.http.headers  - http-outgoing-98 >> Host: localhost:39717
139342 [Forwarding findElement on session 26e90cf751a94491357d237ee8548956 to remote] DEBUG org.apache.http.headers  - http-outgoing-98 >> Host: localhost:39717
139342 [Forwarding findElement on session 26e90cf751a94491357d237ee8548956 to remote] DEBUG org.apache.http.headers  - http-outgoing-98 >> Host: localhost:39717
139342 [Forwarding findElement on session 26e90cf751a94491357d237ee8548956 to remote] DEBUG org.apache.http.headers  - http-outgoing-98 >> Connection: Keep-Alive
139342 [Forwarding findElement on session 26e90cf751a94491357d237ee8548956 to remote] DEBUG org.apache.http.headers  - http-outgoing-98 >> Connection: Keep-Alive
139342 [Forwarding findElement on session 26e90cf751a94491357d237ee8548956 to remote] DEBUG org.apache.http.headers  - http-outgoing-98 >> Connection: Keep-Alive
139342 [Forwarding findElement on session 26e90cf751a94491357d237ee8548956 to remote] DEBUG org.apache.http.headers  - http-outgoing-98 >> Connection: Keep-Alive
139342 [Forwarding findElement on session 26e90cf751a94491357d237ee8548956 to remote] DEBUG org.apache.http.headers  - http-outgoing-98 >> User-Agent: Apache-HttpClient/4.5.2 (Java/1.8.0_91)
139342 [Forwarding findElement on session 26e90cf751a94491357d237ee8548956 to remote] DEBUG org.apache.http.headers  - http-outgoing-98 >> User-Agent: Apache-HttpClient/4.5.2 (Java/1.8.0_91)
139342 [Forwarding findElement on session 26e90cf751a94491357d237ee8548956 to remote] DEBUG org.apache.http.headers  - http-outgoing-98 >> User-Agent: Apache-HttpClient/4.5.2 (Java/1.8.0_91)
139342 [Forwarding findElement on session 26e90cf751a94491357d237ee8548956 to remote] DEBUG org.apache.http.headers  - http-outgoing-98 >> User-Agent: Apache-HttpClient/4.5.2 (Java/1.8.0_91)
139342 [Forwarding findElement on session 26e90cf751a94491357d237ee8548956 to remote] DEBUG org.apache.http.headers  - http-outgoing-98 >> Accept-Encoding: gzip,deflate
139342 [Forwarding findElement on session 26e90cf751a94491357d237ee8548956 to remote] DEBUG org.apache.http.headers  - http-outgoing-98 >> Accept-Encoding: gzip,deflate
139342 [Forwarding findElement on session 26e90cf751a94491357d237ee8548956 to remote] DEBUG org.apache.http.headers  - http-outgoing-98 >> Accept-Encoding: gzip,deflate
139342 [Forwarding findElement on session 26e90cf751a94491357d237ee8548956 to remote] DEBUG org.apache.http.headers  - http-outgoing-98 >> Accept-Encoding: gzip,deflate
139342 [Forwarding findElement on session 26e90cf751a94491357d237ee8548956 to remote] DEBUG org.apache.http.wire  - http-outgoing-98 >> "POST /session/26e90cf751a94491357d237ee8548956/element HTTP/1.1[\r][\n]"
139342 [Forwarding findElement on session 26e90cf751a94491357d237ee8548956 to remote] DEBUG org.apache.http.wire  - http-outgoing-98 >> "POST /session/26e90cf751a94491357d237ee8548956/element HTTP/1.1[\r][\n]"
139342 [Forwarding findElement on session 26e90cf751a94491357d237ee8548956 to remote] DEBUG org.apache.http.wire  - http-outgoing-98 >> "POST /session/26e90cf751a94491357d237ee8548956/element HTTP/1.1[\r][\n]"
139342 [Forwarding findElement on session 26e90cf751a94491357d237ee8548956 to remote] DEBUG org.apache.http.wire  - http-outgoing-98 >> "POST /session/26e90cf751a94491357d237ee8548956/element HTTP/1.1[\r][\n]"
139342 [Forwarding findElement on session 26e90cf751a94491357d237ee8548956 to remote] DEBUG org.apache.http.wire  - http-outgoing-98 >> "Content-Type: application/json; charset=utf-8[\r][\n]"
139342 [Forwarding findElement on session 26e90cf751a94491357d237ee8548956 to remote] DEBUG org.apache.http.wire  - http-outgoing-98 >> "Content-Type: application/json; charset=utf-8[\r][\n]"
139342 [Forwarding findElement on session 26e90cf751a94491357d237ee8548956 to remote] DEBUG org.apache.http.wire  - http-outgoing-98 >> "Content-Type: application/json; charset=utf-8[\r][\n]"
139342 [Forwarding findElement on session 26e90cf751a94491357d237ee8548956 to remote] DEBUG org.apache.http.wire  - http-outgoing-98 >> "Content-Type: application/json; charset=utf-8[\r][\n]"
139342 [Forwarding findElement on session 26e90cf751a94491357d237ee8548956 to remote] DEBUG org.apache.http.wire  - http-outgoing-98 >> "Content-Length: 38[\r][\n]"
139342 [Forwarding findElement on session 26e90cf751a94491357d237ee8548956 to remote] DEBUG org.apache.http.wire  - http-outgoing-98 >> "Content-Length: 38[\r][\n]"
139342 [Forwarding findElement on session 26e90cf751a94491357d237ee8548956 to remote] DEBUG org.apache.http.wire  - http-outgoing-98 >> "Content-Length: 38[\r][\n]"
139342 [Forwarding findElement on session 26e90cf751a94491357d237ee8548956 to remote] DEBUG org.apache.http.wire  - http-outgoing-98 >> "Content-Length: 38[\r][\n]"
139343 [Forwarding findElement on session 26e90cf751a94491357d237ee8548956 to remote] DEBUG org.apache.http.wire  - http-outgoing-98 >> "Host: localhost:39717[\r][\n]"
139343 [Forwarding findElement on session 26e90cf751a94491357d237ee8548956 to remote] DEBUG org.apache.http.wire  - http-outgoing-98 >> "Host: localhost:39717[\r][\n]"
139343 [Forwarding findElement on session 26e90cf751a94491357d237ee8548956 to remote] DEBUG org.apache.http.wire  - http-outgoing-98 >> "Host: localhost:39717[\r][\n]"
139343 [Forwarding findElement on session 26e90cf751a94491357d237ee8548956 to remote] DEBUG org.apache.http.wire  - http-outgoing-98 >> "Host: localhost:39717[\r][\n]"
139343 [Forwarding findElement on session 26e90cf751a94491357d237ee8548956 to remote] DEBUG org.apache.http.wire  - http-outgoing-98 >> "Connection: Keep-Alive[\r][\n]"
139343 [Forwarding findElement on session 26e90cf751a94491357d237ee8548956 to remote] DEBUG org.apache.http.wire  - http-outgoing-98 >> "Connection: Keep-Alive[\r][\n]"
139343 [Forwarding findElement on session 26e90cf751a94491357d237ee8548956 to remote] DEBUG org.apache.http.wire  - http-outgoing-98 >> "Connection: Keep-Alive[\r][\n]"
139343 [Forwarding findElement on session 26e90cf751a94491357d237ee8548956 to remote] DEBUG org.apache.http.wire  - http-outgoing-98 >> "Connection: Keep-Alive[\r][\n]"
139344 [Forwarding findElement on session 26e90cf751a94491357d237ee8548956 to remote] DEBUG org.apache.http.wire  - http-outgoing-98 >> "User-Agent: Apache-HttpClient/4.5.2 (Java/1.8.0_91)[\r][\n]"
139344 [Forwarding findElement on session 26e90cf751a94491357d237ee8548956 to remote] DEBUG org.apache.http.wire  - http-outgoing-98 >> "User-Agent: Apache-HttpClient/4.5.2 (Java/1.8.0_91)[\r][\n]"
139344 [Forwarding findElement on session 26e90cf751a94491357d237ee8548956 to remote] DEBUG org.apache.http.wire  - http-outgoing-98 >> "User-Agent: Apache-HttpClient/4.5.2 (Java/1.8.0_91)[\r][\n]"
139344 [Forwarding findElement on session 26e90cf751a94491357d237ee8548956 to remote] DEBUG org.apache.http.wire  - http-outgoing-98 >> "User-Agent: Apache-HttpClient/4.5.2 (Java/1.8.0_91)[\r][\n]"
139344 [Forwarding findElement on session 26e90cf751a94491357d237ee8548956 to remote] DEBUG org.apache.http.wire  - http-outgoing-98 >> "Accept-Encoding: gzip,deflate[\r][\n]"
139344 [Forwarding findElement on session 26e90cf751a94491357d237ee8548956 to remote] DEBUG org.apache.http.wire  - http-outgoing-98 >> "Accept-Encoding: gzip,deflate[\r][\n]"
139344 [Forwarding findElement on session 26e90cf751a94491357d237ee8548956 to remote] DEBUG org.apache.http.wire  - http-outgoing-98 >> "Accept-Encoding: gzip,deflate[\r][\n]"
139344 [Forwarding findElement on session 26e90cf751a94491357d237ee8548956 to remote] DEBUG org.apache.http.wire  - http-outgoing-98 >> "Accept-Encoding: gzip,deflate[\r][\n]"
139345 [Forwarding findElement on session 26e90cf751a94491357d237ee8548956 to remote] DEBUG org.apache.http.wire  - http-outgoing-98 >> "[\r][\n]"
139345 [Forwarding findElement on session 26e90cf751a94491357d237ee8548956 to remote] DEBUG org.apache.http.wire  - http-outgoing-98 >> "[\r][\n]"
139345 [Forwarding findElement on session 26e90cf751a94491357d237ee8548956 to remote] DEBUG org.apache.http.wire  - http-outgoing-98 >> "[\r][\n]"
139345 [Forwarding findElement on session 26e90cf751a94491357d237ee8548956 to remote] DEBUG org.apache.http.wire  - http-outgoing-98 >> "[\r][\n]"
139345 [Forwarding findElement on session 26e90cf751a94491357d237ee8548956 to remote] DEBUG org.apache.http.wire  - http-outgoing-98 >> "{"using":"link text","value":"Log In"}"
139345 [Forwarding findElement on session 26e90cf751a94491357d237ee8548956 to remote] DEBUG org.apache.http.wire  - http-outgoing-98 >> "{"using":"link text","value":"Log In"}"
139345 [Forwarding findElement on session 26e90cf751a94491357d237ee8548956 to remote] DEBUG org.apache.http.wire  - http-outgoing-98 >> "{"using":"link text","value":"Log In"}"
139345 [Forwarding findElement on session 26e90cf751a94491357d237ee8548956 to remote] DEBUG org.apache.http.wire  - http-outgoing-98 >> "{"using":"link text","value":"Log In"}"
139679 [Forwarding findElement on session 26e90cf751a94491357d237ee8548956 to remote] DEBUG org.apache.http.wire  - http-outgoing-98 << "HTTP/1.1 200 OK[\r][\n]"
139679 [Forwarding findElement on session 26e90cf751a94491357d237ee8548956 to remote] DEBUG org.apache.http.wire  - http-outgoing-98 << "HTTP/1.1 200 OK[\r][\n]"
139679 [Forwarding findElement on session 26e90cf751a94491357d237ee8548956 to remote] DEBUG org.apache.http.wire  - http-outgoing-98 << "HTTP/1.1 200 OK[\r][\n]"
139679 [Forwarding findElement on session 26e90cf751a94491357d237ee8548956 to remote] DEBUG org.apache.http.wire  - http-outgoing-98 << "HTTP/1.1 200 OK[\r][\n]"
139679 [Forwarding findElement on session 26e90cf751a94491357d237ee8548956 to remote] DEBUG org.apache.http.wire  - http-outgoing-98 << "Content-Length:101[\r][\n]"
139679 [Forwarding findElement on session 26e90cf751a94491357d237ee8548956 to remote] DEBUG org.apache.http.wire  - http-outgoing-98 << "Content-Length:101[\r][\n]"
139679 [Forwarding findElement on session 26e90cf751a94491357d237ee8548956 to remote] DEBUG org.apache.http.wire  - http-outgoing-98 << "Content-Length:101[\r][\n]"
139679 [Forwarding findElement on session 26e90cf751a94491357d237ee8548956 to remote] DEBUG org.apache.http.wire  - http-outgoing-98 << "Content-Length:101[\r][\n]"
139679 [Forwarding findElement on session 26e90cf751a94491357d237ee8548956 to remote] DEBUG org.apache.http.wire  - http-outgoing-98 << "Content-Type:application/json; charset=utf-8[\r][\n]"
139679 [Forwarding findElement on session 26e90cf751a94491357d237ee8548956 to remote] DEBUG org.apache.http.wire  - http-outgoing-98 << "Content-Type:application/json; charset=utf-8[\r][\n]"
139679 [Forwarding findElement on session 26e90cf751a94491357d237ee8548956 to remote] DEBUG org.apache.http.wire  - http-outgoing-98 << "Content-Type:application/json; charset=utf-8[\r][\n]"
139679 [Forwarding findElement on session 26e90cf751a94491357d237ee8548956 to remote] DEBUG org.apache.http.wire  - http-outgoing-98 << "Content-Type:application/json; charset=utf-8[\r][\n]"
139679 [Forwarding findElement on session 26e90cf751a94491357d237ee8548956 to remote] DEBUG org.apache.http.wire  - http-outgoing-98 << "Connection:close[\r][\n]"
139679 [Forwarding findElement on session 26e90cf751a94491357d237ee8548956 to remote] DEBUG org.apache.http.wire  - http-outgoing-98 << "Connection:close[\r][\n]"
139679 [Forwarding findElement on session 26e90cf751a94491357d237ee8548956 to remote] DEBUG org.apache.http.wire  - http-outgoing-98 << "Connection:close[\r][\n]"
139679 [Forwarding findElement on session 26e90cf751a94491357d237ee8548956 to remote] DEBUG org.apache.http.wire  - http-outgoing-98 << "Connection:close[\r][\n]"
139679 [Forwarding findElement on session 26e90cf751a94491357d237ee8548956 to remote] DEBUG org.apache.http.wire  - http-outgoing-98 << "[\r][\n]"
139679 [Forwarding findElement on session 26e90cf751a94491357d237ee8548956 to remote] DEBUG org.apache.http.wire  - http-outgoing-98 << "[\r][\n]"
139679 [Forwarding findElement on session 26e90cf751a94491357d237ee8548956 to remote] DEBUG org.apache.http.wire  - http-outgoing-98 << "[\r][\n]"
139679 [Forwarding findElement on session 26e90cf751a94491357d237ee8548956 to remote] DEBUG org.apache.http.wire  - http-outgoing-98 << "[\r][\n]"
139679 [Forwarding findElement on session 26e90cf751a94491357d237ee8548956 to remote] DEBUG org.apache.http.wire  - http-outgoing-98 << "{"sessionId":"26e90cf751a94491357d237ee8548956","status":0,"value":{"ELEMENT":"0.431924141198198-1"}}"
139679 [Forwarding findElement on session 26e90cf751a94491357d237ee8548956 to remote] DEBUG org.apache.http.wire  - http-outgoing-98 << "{"sessionId":"26e90cf751a94491357d237ee8548956","status":0,"value":{"ELEMENT":"0.431924141198198-1"}}"
139679 [Forwarding findElement on session 26e90cf751a94491357d237ee8548956 to remote] DEBUG org.apache.http.wire  - http-outgoing-98 << "{"sessionId":"26e90cf751a94491357d237ee8548956","status":0,"value":{"ELEMENT":"0.431924141198198-1"}}"
139679 [Forwarding findElement on session 26e90cf751a94491357d237ee8548956 to remote] DEBUG org.apache.http.wire  - http-outgoing-98 << "{"sessionId":"26e90cf751a94491357d237ee8548956","status":0,"value":{"ELEMENT":"0.431924141198198-1"}}"
139679 [Forwarding findElement on session 26e90cf751a94491357d237ee8548956 to remote] DEBUG org.apache.http.headers  - http-outgoing-98 << HTTP/1.1 200 OK
139679 [Forwarding findElement on session 26e90cf751a94491357d237ee8548956 to remote] DEBUG org.apache.http.headers  - http-outgoing-98 << HTTP/1.1 200 OK
139679 [Forwarding findElement on session 26e90cf751a94491357d237ee8548956 to remote] DEBUG org.apache.http.headers  - http-outgoing-98 << HTTP/1.1 200 OK
139679 [Forwarding findElement on session 26e90cf751a94491357d237ee8548956 to remote] DEBUG org.apache.http.headers  - http-outgoing-98 << HTTP/1.1 200 OK
139679 [Forwarding findElement on session 26e90cf751a94491357d237ee8548956 to remote] DEBUG org.apache.http.headers  - http-outgoing-98 << Content-Length:101
139679 [Forwarding findElement on session 26e90cf751a94491357d237ee8548956 to remote] DEBUG org.apache.http.headers  - http-outgoing-98 << Content-Length:101
139679 [Forwarding findElement on session 26e90cf751a94491357d237ee8548956 to remote] DEBUG org.apache.http.headers  - http-outgoing-98 << Content-Length:101
139679 [Forwarding findElement on session 26e90cf751a94491357d237ee8548956 to remote] DEBUG org.apache.http.headers  - http-outgoing-98 << Content-Length:101
139679 [Forwarding findElement on session 26e90cf751a94491357d237ee8548956 to remote] DEBUG org.apache.http.headers  - http-outgoing-98 << Content-Type:application/json; charset=utf-8
139679 [Forwarding findElement on session 26e90cf751a94491357d237ee8548956 to remote] DEBUG org.apache.http.headers  - http-outgoing-98 << Content-Type:application/json; charset=utf-8
139679 [Forwarding findElement on session 26e90cf751a94491357d237ee8548956 to remote] DEBUG org.apache.http.headers  - http-outgoing-98 << Content-Type:application/json; charset=utf-8
139679 [Forwarding findElement on session 26e90cf751a94491357d237ee8548956 to remote] DEBUG org.apache.http.headers  - http-outgoing-98 << Content-Type:application/json; charset=utf-8
139679 [Forwarding findElement on session 26e90cf751a94491357d237ee8548956 to remote] DEBUG org.apache.http.headers  - http-outgoing-98 << Connection:close
139679 [Forwarding findElement on session 26e90cf751a94491357d237ee8548956 to remote] DEBUG org.apache.http.headers  - http-outgoing-98 << Connection:close
139679 [Forwarding findElement on session 26e90cf751a94491357d237ee8548956 to remote] DEBUG org.apache.http.headers  - http-outgoing-98 << Connection:close
139679 [Forwarding findElement on session 26e90cf751a94491357d237ee8548956 to remote] DEBUG org.apache.http.headers  - http-outgoing-98 << Connection:close
139680 [Forwarding findElement on session 26e90cf751a94491357d237ee8548956 to remote] DEBUG org.apache.http.impl.conn.DefaultManagedHttpClientConnection  - http-outgoing-98: Close connection
139680 [Forwarding findElement on session 26e90cf751a94491357d237ee8548956 to remote] DEBUG org.apache.http.impl.conn.DefaultManagedHttpClientConnection  - http-outgoing-98: Close connection
139680 [Forwarding findElement on session 26e90cf751a94491357d237ee8548956 to remote] DEBUG org.apache.http.impl.conn.DefaultManagedHttpClientConnection  - http-outgoing-98: Close connection
139680 [Forwarding findElement on session 26e90cf751a94491357d237ee8548956 to remote] DEBUG org.apache.http.impl.conn.DefaultManagedHttpClientConnection  - http-outgoing-98: Close connection
139680 [Forwarding findElement on session 26e90cf751a94491357d237ee8548956 to remote] DEBUG org.apache.http.impl.execchain.MainClientExec  - Connection discarded
139680 [Forwarding findElement on session 26e90cf751a94491357d237ee8548956 to remote] DEBUG org.apache.http.impl.execchain.MainClientExec  - Connection discarded
139680 [Forwarding findElement on session 26e90cf751a94491357d237ee8548956 to remote] DEBUG org.apache.http.impl.execchain.MainClientExec  - Connection discarded
139680 [Forwarding findElement on session 26e90cf751a94491357d237ee8548956 to remote] DEBUG org.apache.http.impl.execchain.MainClientExec  - Connection discarded
139680 [Forwarding findElement on session 26e90cf751a94491357d237ee8548956 to remote] DEBUG org.apache.http.impl.conn.PoolingHttpClientConnectionManager  - Connection released: [id: 98][route: {}->http://localhost:39717][total kept alive: 0; route allocated: 0 of 2000; total allocated: 0 of 2000]
139680 [Forwarding findElement on session 26e90cf751a94491357d237ee8548956 to remote] DEBUG org.apache.http.impl.conn.PoolingHttpClientConnectionManager  - Connection released: [id: 98][route: {}->http://localhost:39717][total kept alive: 0; route allocated: 0 of 2000; total allocated: 0 of 2000]
139680 [Forwarding findElement on session 26e90cf751a94491357d237ee8548956 to remote] DEBUG org.apache.http.impl.conn.PoolingHttpClientConnectionManager  - Connection released: [id: 98][route: {}->http://localhost:39717][total kept alive: 0; route allocated: 0 of 2000; total allocated: 0 of 2000]
139680 [Forwarding findElement on session 26e90cf751a94491357d237ee8548956 to remote] DEBUG org.apache.http.impl.conn.PoolingHttpClientConnectionManager  - Connection released: [id: 98][route: {}->http://localhost:39717][total kept alive: 0; route allocated: 0 of 2000; total allocated: 0 of 2000]
139681 [Forwarding clickElement on session 26e90cf751a94491357d237ee8548956 to remote] DEBUG org.apache.http.client.protocol.RequestAddCookies  - CookieSpec selected: default
139681 [Forwarding clickElement on session 26e90cf751a94491357d237ee8548956 to remote] DEBUG org.apache.http.client.protocol.RequestAddCookies  - CookieSpec selected: default
139681 [Forwarding clickElement on session 26e90cf751a94491357d237ee8548956 to remote] DEBUG org.apache.http.client.protocol.RequestAddCookies  - CookieSpec selected: default
139681 [Forwarding clickElement on session 26e90cf751a94491357d237ee8548956 to remote] DEBUG org.apache.http.client.protocol.RequestAddCookies  - CookieSpec selected: default
139682 [Forwarding clickElement on session 26e90cf751a94491357d237ee8548956 to remote] DEBUG org.apache.http.client.protocol.RequestAuthCache  - Auth cache not set in the context
139682 [Forwarding clickElement on session 26e90cf751a94491357d237ee8548956 to remote] DEBUG org.apache.http.client.protocol.RequestAuthCache  - Auth cache not set in the context
139682 [Forwarding clickElement on session 26e90cf751a94491357d237ee8548956 to remote] DEBUG org.apache.http.client.protocol.RequestAuthCache  - Auth cache not set in the context
139682 [Forwarding clickElement on session 26e90cf751a94491357d237ee8548956 to remote] DEBUG org.apache.http.client.protocol.RequestAuthCache  - Auth cache not set in the context
139682 [Forwarding clickElement on session 26e90cf751a94491357d237ee8548956 to remote] DEBUG org.apache.http.impl.conn.PoolingHttpClientConnectionManager  - Connection request: [route: {}->http://localhost:39717][total kept alive: 0; route allocated: 0 of 2000; total allocated: 0 of 2000]
139682 [Forwarding clickElement on session 26e90cf751a94491357d237ee8548956 to remote] DEBUG org.apache.http.impl.conn.PoolingHttpClientConnectionManager  - Connection request: [route: {}->http://localhost:39717][total kept alive: 0; route allocated: 0 of 2000; total allocated: 0 of 2000]
139682 [Forwarding clickElement on session 26e90cf751a94491357d237ee8548956 to remote] DEBUG org.apache.http.impl.conn.PoolingHttpClientConnectionManager  - Connection request: [route: {}->http://localhost:39717][total kept alive: 0; route allocated: 0 of 2000; total allocated: 0 of 2000]
139682 [Forwarding clickElement on session 26e90cf751a94491357d237ee8548956 to remote] DEBUG org.apache.http.impl.conn.PoolingHttpClientConnectionManager  - Connection request: [route: {}->http://localhost:39717][total kept alive: 0; route allocated: 0 of 2000; total allocated: 0 of 2000]
139682 [Forwarding clickElement on session 26e90cf751a94491357d237ee8548956 to remote] DEBUG org.apache.http.impl.conn.PoolingHttpClientConnectionManager  - Connection leased: [id: 99][route: {}->http://localhost:39717][total kept alive: 0; route allocated: 1 of 2000; total allocated: 1 of 2000]
139682 [Forwarding clickElement on session 26e90cf751a94491357d237ee8548956 to remote] DEBUG org.apache.http.impl.conn.PoolingHttpClientConnectionManager  - Connection leased: [id: 99][route: {}->http://localhost:39717][total kept alive: 0; route allocated: 1 of 2000; total allocated: 1 of 2000]
139682 [Forwarding clickElement on session 26e90cf751a94491357d237ee8548956 to remote] DEBUG org.apache.http.impl.conn.PoolingHttpClientConnectionManager  - Connection leased: [id: 99][route: {}->http://localhost:39717][total kept alive: 0; route allocated: 1 of 2000; total allocated: 1 of 2000]
139682 [Forwarding clickElement on session 26e90cf751a94491357d237ee8548956 to remote] DEBUG org.apache.http.impl.conn.PoolingHttpClientConnectionManager  - Connection leased: [id: 99][route: {}->http://localhost:39717][total kept alive: 0; route allocated: 1 of 2000; total allocated: 1 of 2000]
139682 [Forwarding clickElement on session 26e90cf751a94491357d237ee8548956 to remote] DEBUG org.apache.http.impl.execchain.MainClientExec  - Opening connection {}->http://localhost:39717
139682 [Forwarding clickElement on session 26e90cf751a94491357d237ee8548956 to remote] DEBUG org.apache.http.impl.execchain.MainClientExec  - Opening connection {}->http://localhost:39717
139682 [Forwarding clickElement on session 26e90cf751a94491357d237ee8548956 to remote] DEBUG org.apache.http.impl.execchain.MainClientExec  - Opening connection {}->http://localhost:39717
139682 [Forwarding clickElement on session 26e90cf751a94491357d237ee8548956 to remote] DEBUG org.apache.http.impl.execchain.MainClientExec  - Opening connection {}->http://localhost:39717
139682 [Forwarding clickElement on session 26e90cf751a94491357d237ee8548956 to remote] DEBUG org.apache.http.impl.conn.DefaultHttpClientConnectionOperator  - Connecting to localhost/127.0.0.1:39717
139682 [Forwarding clickElement on session 26e90cf751a94491357d237ee8548956 to remote] DEBUG org.apache.http.impl.conn.DefaultHttpClientConnectionOperator  - Connecting to localhost/127.0.0.1:39717
139682 [Forwarding clickElement on session 26e90cf751a94491357d237ee8548956 to remote] DEBUG org.apache.http.impl.conn.DefaultHttpClientConnectionOperator  - Connecting to localhost/127.0.0.1:39717
139682 [Forwarding clickElement on session 26e90cf751a94491357d237ee8548956 to remote] DEBUG org.apache.http.impl.conn.DefaultHttpClientConnectionOperator  - Connecting to localhost/127.0.0.1:39717
139683 [Forwarding clickElement on session 26e90cf751a94491357d237ee8548956 to remote] DEBUG org.apache.http.impl.conn.DefaultHttpClientConnectionOperator  - Connection established 127.0.0.1:53062<->127.0.0.1:39717
139683 [Forwarding clickElement on session 26e90cf751a94491357d237ee8548956 to remote] DEBUG org.apache.http.impl.conn.DefaultHttpClientConnectionOperator  - Connection established 127.0.0.1:53062<->127.0.0.1:39717
139683 [Forwarding clickElement on session 26e90cf751a94491357d237ee8548956 to remote] DEBUG org.apache.http.impl.conn.DefaultHttpClientConnectionOperator  - Connection established 127.0.0.1:53062<->127.0.0.1:39717
139683 [Forwarding clickElement on session 26e90cf751a94491357d237ee8548956 to remote] DEBUG org.apache.http.impl.conn.DefaultHttpClientConnectionOperator  - Connection established 127.0.0.1:53062<->127.0.0.1:39717
139683 [Forwarding clickElement on session 26e90cf751a94491357d237ee8548956 to remote] DEBUG org.apache.http.impl.conn.DefaultManagedHttpClientConnection  - http-outgoing-99: set socket timeout to 10800000
139683 [Forwarding clickElement on session 26e90cf751a94491357d237ee8548956 to remote] DEBUG org.apache.http.impl.conn.DefaultManagedHttpClientConnection  - http-outgoing-99: set socket timeout to 10800000
139683 [Forwarding clickElement on session 26e90cf751a94491357d237ee8548956 to remote] DEBUG org.apache.http.impl.conn.DefaultManagedHttpClientConnection  - http-outgoing-99: set socket timeout to 10800000
139683 [Forwarding clickElement on session 26e90cf751a94491357d237ee8548956 to remote] DEBUG org.apache.http.impl.conn.DefaultManagedHttpClientConnection  - http-outgoing-99: set socket timeout to 10800000
139683 [Forwarding clickElement on session 26e90cf751a94491357d237ee8548956 to remote] DEBUG org.apache.http.impl.execchain.MainClientExec  - Executing request POST /session/26e90cf751a94491357d237ee8548956/element/0.431924141198198-1/click HTTP/1.1
139683 [Forwarding clickElement on session 26e90cf751a94491357d237ee8548956 to remote] DEBUG org.apache.http.impl.execchain.MainClientExec  - Executing request POST /session/26e90cf751a94491357d237ee8548956/element/0.431924141198198-1/click HTTP/1.1
139683 [Forwarding clickElement on session 26e90cf751a94491357d237ee8548956 to remote] DEBUG org.apache.http.impl.execchain.MainClientExec  - Executing request POST /session/26e90cf751a94491357d237ee8548956/element/0.431924141198198-1/click HTTP/1.1
139683 [Forwarding clickElement on session 26e90cf751a94491357d237ee8548956 to remote] DEBUG org.apache.http.impl.execchain.MainClientExec  - Executing request POST /session/26e90cf751a94491357d237ee8548956/element/0.431924141198198-1/click HTTP/1.1
139683 [Forwarding clickElement on session 26e90cf751a94491357d237ee8548956 to remote] DEBUG org.apache.http.impl.execchain.MainClientExec  - Target auth state: UNCHALLENGED
139683 [Forwarding clickElement on session 26e90cf751a94491357d237ee8548956 to remote] DEBUG org.apache.http.impl.execchain.MainClientExec  - Target auth state: UNCHALLENGED
139683 [Forwarding clickElement on session 26e90cf751a94491357d237ee8548956 to remote] DEBUG org.apache.http.impl.execchain.MainClientExec  - Target auth state: UNCHALLENGED
139683 [Forwarding clickElement on session 26e90cf751a94491357d237ee8548956 to remote] DEBUG org.apache.http.impl.execchain.MainClientExec  - Target auth state: UNCHALLENGED
139683 [Forwarding clickElement on session 26e90cf751a94491357d237ee8548956 to remote] DEBUG org.apache.http.impl.execchain.MainClientExec  - Proxy auth state: UNCHALLENGED
139683 [Forwarding clickElement on session 26e90cf751a94491357d237ee8548956 to remote] DEBUG org.apache.http.impl.execchain.MainClientExec  - Proxy auth state: UNCHALLENGED
139683 [Forwarding clickElement on session 26e90cf751a94491357d237ee8548956 to remote] DEBUG org.apache.http.impl.execchain.MainClientExec  - Proxy auth state: UNCHALLENGED
139683 [Forwarding clickElement on session 26e90cf751a94491357d237ee8548956 to remote] DEBUG org.apache.http.impl.execchain.MainClientExec  - Proxy auth state: UNCHALLENGED
139683 [Forwarding clickElement on session 26e90cf751a94491357d237ee8548956 to remote] DEBUG org.apache.http.headers  - http-outgoing-99 >> POST /session/26e90cf751a94491357d237ee8548956/element/0.431924141198198-1/click HTTP/1.1
139683 [Forwarding clickElement on session 26e90cf751a94491357d237ee8548956 to remote] DEBUG org.apache.http.headers  - http-outgoing-99 >> POST /session/26e90cf751a94491357d237ee8548956/element/0.431924141198198-1/click HTTP/1.1
139683 [Forwarding clickElement on session 26e90cf751a94491357d237ee8548956 to remote] DEBUG org.apache.http.headers  - http-outgoing-99 >> POST /session/26e90cf751a94491357d237ee8548956/element/0.431924141198198-1/click HTTP/1.1
139683 [Forwarding clickElement on session 26e90cf751a94491357d237ee8548956 to remote] DEBUG org.apache.http.headers  - http-outgoing-99 >> POST /session/26e90cf751a94491357d237ee8548956/element/0.431924141198198-1/click HTTP/1.1
139683 [Forwarding clickElement on session 26e90cf751a94491357d237ee8548956 to remote] DEBUG org.apache.http.headers  - http-outgoing-99 >> Content-Type: application/json; charset=utf-8
139683 [Forwarding clickElement on session 26e90cf751a94491357d237ee8548956 to remote] DEBUG org.apache.http.headers  - http-outgoing-99 >> Content-Type: application/json; charset=utf-8
139683 [Forwarding clickElement on session 26e90cf751a94491357d237ee8548956 to remote] DEBUG org.apache.http.headers  - http-outgoing-99 >> Content-Type: application/json; charset=utf-8
139683 [Forwarding clickElement on session 26e90cf751a94491357d237ee8548956 to remote] DEBUG org.apache.http.headers  - http-outgoing-99 >> Content-Type: application/json; charset=utf-8
139683 [Forwarding clickElement on session 26e90cf751a94491357d237ee8548956 to remote] DEBUG org.apache.http.headers  - http-outgoing-99 >> Content-Length: 28
139683 [Forwarding clickElement on session 26e90cf751a94491357d237ee8548956 to remote] DEBUG org.apache.http.headers  - http-outgoing-99 >> Content-Length: 28
139683 [Forwarding clickElement on session 26e90cf751a94491357d237ee8548956 to remote] DEBUG org.apache.http.headers  - http-outgoing-99 >> Content-Length: 28
139683 [Forwarding clickElement on session 26e90cf751a94491357d237ee8548956 to remote] DEBUG org.apache.http.headers  - http-outgoing-99 >> Content-Length: 28
139683 [Forwarding clickElement on session 26e90cf751a94491357d237ee8548956 to remote] DEBUG org.apache.http.headers  - http-outgoing-99 >> Host: localhost:39717
139683 [Forwarding clickElement on session 26e90cf751a94491357d237ee8548956 to remote] DEBUG org.apache.http.headers  - http-outgoing-99 >> Host: localhost:39717
139683 [Forwarding clickElement on session 26e90cf751a94491357d237ee8548956 to remote] DEBUG org.apache.http.headers  - http-outgoing-99 >> Host: localhost:39717
139683 [Forwarding clickElement on session 26e90cf751a94491357d237ee8548956 to remote] DEBUG org.apache.http.headers  - http-outgoing-99 >> Host: localhost:39717
139683 [Forwarding clickElement on session 26e90cf751a94491357d237ee8548956 to remote] DEBUG org.apache.http.headers  - http-outgoing-99 >> Connection: Keep-Alive
139683 [Forwarding clickElement on session 26e90cf751a94491357d237ee8548956 to remote] DEBUG org.apache.http.headers  - http-outgoing-99 >> Connection: Keep-Alive
139683 [Forwarding clickElement on session 26e90cf751a94491357d237ee8548956 to remote] DEBUG org.apache.http.headers  - http-outgoing-99 >> Connection: Keep-Alive
139683 [Forwarding clickElement on session 26e90cf751a94491357d237ee8548956 to remote] DEBUG org.apache.http.headers  - http-outgoing-99 >> Connection: Keep-Alive
139683 [Forwarding clickElement on session 26e90cf751a94491357d237ee8548956 to remote] DEBUG org.apache.http.headers  - http-outgoing-99 >> User-Agent: Apache-HttpClient/4.5.2 (Java/1.8.0_91)
139683 [Forwarding clickElement on session 26e90cf751a94491357d237ee8548956 to remote] DEBUG org.apache.http.headers  - http-outgoing-99 >> User-Agent: Apache-HttpClient/4.5.2 (Java/1.8.0_91)
139683 [Forwarding clickElement on session 26e90cf751a94491357d237ee8548956 to remote] DEBUG org.apache.http.headers  - http-outgoing-99 >> User-Agent: Apache-HttpClient/4.5.2 (Java/1.8.0_91)
139683 [Forwarding clickElement on session 26e90cf751a94491357d237ee8548956 to remote] DEBUG org.apache.http.headers  - http-outgoing-99 >> User-Agent: Apache-HttpClient/4.5.2 (Java/1.8.0_91)
139683 [Forwarding clickElement on session 26e90cf751a94491357d237ee8548956 to remote] DEBUG org.apache.http.headers  - http-outgoing-99 >> Accept-Encoding: gzip,deflate
139683 [Forwarding clickElement on session 26e90cf751a94491357d237ee8548956 to remote] DEBUG org.apache.http.headers  - http-outgoing-99 >> Accept-Encoding: gzip,deflate
139683 [Forwarding clickElement on session 26e90cf751a94491357d237ee8548956 to remote] DEBUG org.apache.http.headers  - http-outgoing-99 >> Accept-Encoding: gzip,deflate
139683 [Forwarding clickElement on session 26e90cf751a94491357d237ee8548956 to remote] DEBUG org.apache.http.headers  - http-outgoing-99 >> Accept-Encoding: gzip,deflate
139683 [Forwarding clickElement on session 26e90cf751a94491357d237ee8548956 to remote] DEBUG org.apache.http.wire  - http-outgoing-99 >> "POST /session/26e90cf751a94491357d237ee8548956/element/0.431924141198198-1/click HTTP/1.1[\r][\n]"
139683 [Forwarding clickElement on session 26e90cf751a94491357d237ee8548956 to remote] DEBUG org.apache.http.wire  - http-outgoing-99 >> "POST /session/26e90cf751a94491357d237ee8548956/element/0.431924141198198-1/click HTTP/1.1[\r][\n]"
139683 [Forwarding clickElement on session 26e90cf751a94491357d237ee8548956 to remote] DEBUG org.apache.http.wire  - http-outgoing-99 >> "POST /session/26e90cf751a94491357d237ee8548956/element/0.431924141198198-1/click HTTP/1.1[\r][\n]"
139683 [Forwarding clickElement on session 26e90cf751a94491357d237ee8548956 to remote] DEBUG org.apache.http.wire  - http-outgoing-99 >> "POST /session/26e90cf751a94491357d237ee8548956/element/0.431924141198198-1/click HTTP/1.1[\r][\n]"
139683 [Forwarding clickElement on session 26e90cf751a94491357d237ee8548956 to remote] DEBUG org.apache.http.wire  - http-outgoing-99 >> "Content-Type: application/json; charset=utf-8[\r][\n]"
139683 [Forwarding clickElement on session 26e90cf751a94491357d237ee8548956 to remote] DEBUG org.apache.http.wire  - http-outgoing-99 >> "Content-Type: application/json; charset=utf-8[\r][\n]"
139683 [Forwarding clickElement on session 26e90cf751a94491357d237ee8548956 to remote] DEBUG org.apache.http.wire  - http-outgoing-99 >> "Content-Type: application/json; charset=utf-8[\r][\n]"
139683 [Forwarding clickElement on session 26e90cf751a94491357d237ee8548956 to remote] DEBUG org.apache.http.wire  - http-outgoing-99 >> "Content-Type: application/json; charset=utf-8[\r][\n]"
139683 [Forwarding clickElement on session 26e90cf751a94491357d237ee8548956 to remote] DEBUG org.apache.http.wire  - http-outgoing-99 >> "Content-Length: 28[\r][\n]"
139683 [Forwarding clickElement on session 26e90cf751a94491357d237ee8548956 to remote] DEBUG org.apache.http.wire  - http-outgoing-99 >> "Content-Length: 28[\r][\n]"
139683 [Forwarding clickElement on session 26e90cf751a94491357d237ee8548956 to remote] DEBUG org.apache.http.wire  - http-outgoing-99 >> "Content-Length: 28[\r][\n]"
139683 [Forwarding clickElement on session 26e90cf751a94491357d237ee8548956 to remote] DEBUG org.apache.http.wire  - http-outgoing-99 >> "Content-Length: 28[\r][\n]"
139683 [Forwarding clickElement on session 26e90cf751a94491357d237ee8548956 to remote] DEBUG org.apache.http.wire  - http-outgoing-99 >> "Host: localhost:39717[\r][\n]"
139683 [Forwarding clickElement on session 26e90cf751a94491357d237ee8548956 to remote] DEBUG org.apache.http.wire  - http-outgoing-99 >> "Host: localhost:39717[\r][\n]"
139683 [Forwarding clickElement on session 26e90cf751a94491357d237ee8548956 to remote] DEBUG org.apache.http.wire  - http-outgoing-99 >> "Host: localhost:39717[\r][\n]"
139683 [Forwarding clickElement on session 26e90cf751a94491357d237ee8548956 to remote] DEBUG org.apache.http.wire  - http-outgoing-99 >> "Host: localhost:39717[\r][\n]"
139683 [Forwarding clickElement on session 26e90cf751a94491357d237ee8548956 to remote] DEBUG org.apache.http.wire  - http-outgoing-99 >> "Connection: Keep-Alive[\r][\n]"
139683 [Forwarding clickElement on session 26e90cf751a94491357d237ee8548956 to remote] DEBUG org.apache.http.wire  - http-outgoing-99 >> "Connection: Keep-Alive[\r][\n]"
139683 [Forwarding clickElement on session 26e90cf751a94491357d237ee8548956 to remote] DEBUG org.apache.http.wire  - http-outgoing-99 >> "Connection: Keep-Alive[\r][\n]"
139683 [Forwarding clickElement on session 26e90cf751a94491357d237ee8548956 to remote] DEBUG org.apache.http.wire  - http-outgoing-99 >> "Connection: Keep-Alive[\r][\n]"
139683 [Forwarding clickElement on session 26e90cf751a94491357d237ee8548956 to remote] DEBUG org.apache.http.wire  - http-outgoing-99 >> "User-Agent: Apache-HttpClient/4.5.2 (Java/1.8.0_91)[\r][\n]"
139683 [Forwarding clickElement on session 26e90cf751a94491357d237ee8548956 to remote] DEBUG org.apache.http.wire  - http-outgoing-99 >> "User-Agent: Apache-HttpClient/4.5.2 (Java/1.8.0_91)[\r][\n]"
139683 [Forwarding clickElement on session 26e90cf751a94491357d237ee8548956 to remote] DEBUG org.apache.http.wire  - http-outgoing-99 >> "User-Agent: Apache-HttpClient/4.5.2 (Java/1.8.0_91)[\r][\n]"
139683 [Forwarding clickElement on session 26e90cf751a94491357d237ee8548956 to remote] DEBUG org.apache.http.wire  - http-outgoing-99 >> "User-Agent: Apache-HttpClient/4.5.2 (Java/1.8.0_91)[\r][\n]"
139683 [Forwarding clickElement on session 26e90cf751a94491357d237ee8548956 to remote] DEBUG org.apache.http.wire  - http-outgoing-99 >> "Accept-Encoding: gzip,deflate[\r][\n]"
139683 [Forwarding clickElement on session 26e90cf751a94491357d237ee8548956 to remote] DEBUG org.apache.http.wire  - http-outgoing-99 >> "Accept-Encoding: gzip,deflate[\r][\n]"
139683 [Forwarding clickElement on session 26e90cf751a94491357d237ee8548956 to remote] DEBUG org.apache.http.wire  - http-outgoing-99 >> "Accept-Encoding: gzip,deflate[\r][\n]"
139683 [Forwarding clickElement on session 26e90cf751a94491357d237ee8548956 to remote] DEBUG org.apache.http.wire  - http-outgoing-99 >> "Accept-Encoding: gzip,deflate[\r][\n]"
139684 [Forwarding clickElement on session 26e90cf751a94491357d237ee8548956 to remote] DEBUG org.apache.http.wire  - http-outgoing-99 >> "[\r][\n]"
139684 [Forwarding clickElement on session 26e90cf751a94491357d237ee8548956 to remote] DEBUG org.apache.http.wire  - http-outgoing-99 >> "[\r][\n]"
139684 [Forwarding clickElement on session 26e90cf751a94491357d237ee8548956 to remote] DEBUG org.apache.http.wire  - http-outgoing-99 >> "[\r][\n]"
139684 [Forwarding clickElement on session 26e90cf751a94491357d237ee8548956 to remote] DEBUG org.apache.http.wire  - http-outgoing-99 >> "[\r][\n]"
139684 [Forwarding clickElement on session 26e90cf751a94491357d237ee8548956 to remote] DEBUG org.apache.http.wire  - http-outgoing-99 >> "{"id":"0.431924141198198-1"}"
139684 [Forwarding clickElement on session 26e90cf751a94491357d237ee8548956 to remote] DEBUG org.apache.http.wire  - http-outgoing-99 >> "{"id":"0.431924141198198-1"}"
139684 [Forwarding clickElement on session 26e90cf751a94491357d237ee8548956 to remote] DEBUG org.apache.http.wire  - http-outgoing-99 >> "{"id":"0.431924141198198-1"}"
139684 [Forwarding clickElement on session 26e90cf751a94491357d237ee8548956 to remote] DEBUG org.apache.http.wire  - http-outgoing-99 >> "{"id":"0.431924141198198-1"}"
141371 [Forwarding clickElement on session 26e90cf751a94491357d237ee8548956 to remote] DEBUG org.apache.http.wire  - http-outgoing-99 << "HTTP/1.1 200 OK[\r][\n]"
141371 [Forwarding clickElement on session 26e90cf751a94491357d237ee8548956 to remote] DEBUG org.apache.http.wire  - http-outgoing-99 << "HTTP/1.1 200 OK[\r][\n]"
141371 [Forwarding clickElement on session 26e90cf751a94491357d237ee8548956 to remote] DEBUG org.apache.http.wire  - http-outgoing-99 << "HTTP/1.1 200 OK[\r][\n]"
141371 [Forwarding clickElement on session 26e90cf751a94491357d237ee8548956 to remote] DEBUG org.apache.http.wire  - http-outgoing-99 << "HTTP/1.1 200 OK[\r][\n]"
141371 [Forwarding clickElement on session 26e90cf751a94491357d237ee8548956 to remote] DEBUG org.apache.http.wire  - http-outgoing-99 << "Content-Length:72[\r][\n]"
141371 [Forwarding clickElement on session 26e90cf751a94491357d237ee8548956 to remote] DEBUG org.apache.http.wire  - http-outgoing-99 << "Content-Length:72[\r][\n]"
141371 [Forwarding clickElement on session 26e90cf751a94491357d237ee8548956 to remote] DEBUG org.apache.http.wire  - http-outgoing-99 << "Content-Length:72[\r][\n]"
141371 [Forwarding clickElement on session 26e90cf751a94491357d237ee8548956 to remote] DEBUG org.apache.http.wire  - http-outgoing-99 << "Content-Length:72[\r][\n]"
141371 [Forwarding clickElement on session 26e90cf751a94491357d237ee8548956 to remote] DEBUG org.apache.http.wire  - http-outgoing-99 << "Content-Type:application/json; charset=utf-8[\r][\n]"
141371 [Forwarding clickElement on session 26e90cf751a94491357d237ee8548956 to remote] DEBUG org.apache.http.wire  - http-outgoing-99 << "Content-Type:application/json; charset=utf-8[\r][\n]"
141371 [Forwarding clickElement on session 26e90cf751a94491357d237ee8548956 to remote] DEBUG org.apache.http.wire  - http-outgoing-99 << "Content-Type:application/json; charset=utf-8[\r][\n]"
141371 [Forwarding clickElement on session 26e90cf751a94491357d237ee8548956 to remote] DEBUG org.apache.http.wire  - http-outgoing-99 << "Content-Type:application/json; charset=utf-8[\r][\n]"
141371 [Forwarding clickElement on session 26e90cf751a94491357d237ee8548956 to remote] DEBUG org.apache.http.wire  - http-outgoing-99 << "Connection:close[\r][\n]"
141371 [Forwarding clickElement on session 26e90cf751a94491357d237ee8548956 to remote] DEBUG org.apache.http.wire  - http-outgoing-99 << "Connection:close[\r][\n]"
141371 [Forwarding clickElement on session 26e90cf751a94491357d237ee8548956 to remote] DEBUG org.apache.http.wire  - http-outgoing-99 << "Connection:close[\r][\n]"
141371 [Forwarding clickElement on session 26e90cf751a94491357d237ee8548956 to remote] DEBUG org.apache.http.wire  - http-outgoing-99 << "Connection:close[\r][\n]"
141371 [Forwarding clickElement on session 26e90cf751a94491357d237ee8548956 to remote] DEBUG org.apache.http.wire  - http-outgoing-99 << "[\r][\n]"
141371 [Forwarding clickElement on session 26e90cf751a94491357d237ee8548956 to remote] DEBUG org.apache.http.wire  - http-outgoing-99 << "[\r][\n]"
141371 [Forwarding clickElement on session 26e90cf751a94491357d237ee8548956 to remote] DEBUG org.apache.http.wire  - http-outgoing-99 << "[\r][\n]"
141371 [Forwarding clickElement on session 26e90cf751a94491357d237ee8548956 to remote] DEBUG org.apache.http.wire  - http-outgoing-99 << "[\r][\n]"
141372 [Forwarding clickElement on session 26e90cf751a94491357d237ee8548956 to remote] DEBUG org.apache.http.wire  - http-outgoing-99 << "{"sessionId":"26e90cf751a94491357d237ee8548956","status":0,"value":null}"
141372 [Forwarding clickElement on session 26e90cf751a94491357d237ee8548956 to remote] DEBUG org.apache.http.wire  - http-outgoing-99 << "{"sessionId":"26e90cf751a94491357d237ee8548956","status":0,"value":null}"
141372 [Forwarding clickElement on session 26e90cf751a94491357d237ee8548956 to remote] DEBUG org.apache.http.wire  - http-outgoing-99 << "{"sessionId":"26e90cf751a94491357d237ee8548956","status":0,"value":null}"
141372 [Forwarding clickElement on session 26e90cf751a94491357d237ee8548956 to remote] DEBUG org.apache.http.wire  - http-outgoing-99 << "{"sessionId":"26e90cf751a94491357d237ee8548956","status":0,"value":null}"
141372 [Forwarding clickElement on session 26e90cf751a94491357d237ee8548956 to remote] DEBUG org.apache.http.headers  - http-outgoing-99 << HTTP/1.1 200 OK
141372 [Forwarding clickElement on session 26e90cf751a94491357d237ee8548956 to remote] DEBUG org.apache.http.headers  - http-outgoing-99 << HTTP/1.1 200 OK
141372 [Forwarding clickElement on session 26e90cf751a94491357d237ee8548956 to remote] DEBUG org.apache.http.headers  - http-outgoing-99 << HTTP/1.1 200 OK
141372 [Forwarding clickElement on session 26e90cf751a94491357d237ee8548956 to remote] DEBUG org.apache.http.headers  - http-outgoing-99 << HTTP/1.1 200 OK
141372 [Forwarding clickElement on session 26e90cf751a94491357d237ee8548956 to remote] DEBUG org.apache.http.headers  - http-outgoing-99 << Content-Length:72
141372 [Forwarding clickElement on session 26e90cf751a94491357d237ee8548956 to remote] DEBUG org.apache.http.headers  - http-outgoing-99 << Content-Length:72
141372 [Forwarding clickElement on session 26e90cf751a94491357d237ee8548956 to remote] DEBUG org.apache.http.headers  - http-outgoing-99 << Content-Length:72
141372 [Forwarding clickElement on session 26e90cf751a94491357d237ee8548956 to remote] DEBUG org.apache.http.headers  - http-outgoing-99 << Content-Length:72
141373 [Forwarding clickElement on session 26e90cf751a94491357d237ee8548956 to remote] DEBUG org.apache.http.headers  - http-outgoing-99 << Content-Type:application/json; charset=utf-8
141373 [Forwarding clickElement on session 26e90cf751a94491357d237ee8548956 to remote] DEBUG org.apache.http.headers  - http-outgoing-99 << Content-Type:application/json; charset=utf-8
141373 [Forwarding clickElement on session 26e90cf751a94491357d237ee8548956 to remote] DEBUG org.apache.http.headers  - http-outgoing-99 << Content-Type:application/json; charset=utf-8
141373 [Forwarding clickElement on session 26e90cf751a94491357d237ee8548956 to remote] DEBUG org.apache.http.headers  - http-outgoing-99 << Content-Type:application/json; charset=utf-8
141373 [Forwarding clickElement on session 26e90cf751a94491357d237ee8548956 to remote] DEBUG org.apache.http.headers  - http-outgoing-99 << Connection:close
141373 [Forwarding clickElement on session 26e90cf751a94491357d237ee8548956 to remote] DEBUG org.apache.http.headers  - http-outgoing-99 << Connection:close
141373 [Forwarding clickElement on session 26e90cf751a94491357d237ee8548956 to remote] DEBUG org.apache.http.headers  - http-outgoing-99 << Connection:close
141373 [Forwarding clickElement on session 26e90cf751a94491357d237ee8548956 to remote] DEBUG org.apache.http.headers  - http-outgoing-99 << Connection:close
141374 [Forwarding clickElement on session 26e90cf751a94491357d237ee8548956 to remote] DEBUG org.apache.http.impl.conn.DefaultManagedHttpClientConnection  - http-outgoing-99: Close connection
141374 [Forwarding clickElement on session 26e90cf751a94491357d237ee8548956 to remote] DEBUG org.apache.http.impl.conn.DefaultManagedHttpClientConnection  - http-outgoing-99: Close connection
141374 [Forwarding clickElement on session 26e90cf751a94491357d237ee8548956 to remote] DEBUG org.apache.http.impl.conn.DefaultManagedHttpClientConnection  - http-outgoing-99: Close connection
141374 [Forwarding clickElement on session 26e90cf751a94491357d237ee8548956 to remote] DEBUG org.apache.http.impl.conn.DefaultManagedHttpClientConnection  - http-outgoing-99: Close connection
141375 [Forwarding clickElement on session 26e90cf751a94491357d237ee8548956 to remote] DEBUG org.apache.http.impl.execchain.MainClientExec  - Connection discarded
141375 [Forwarding clickElement on session 26e90cf751a94491357d237ee8548956 to remote] DEBUG org.apache.http.impl.execchain.MainClientExec  - Connection discarded
141375 [Forwarding clickElement on session 26e90cf751a94491357d237ee8548956 to remote] DEBUG org.apache.http.impl.execchain.MainClientExec  - Connection discarded
141375 [Forwarding clickElement on session 26e90cf751a94491357d237ee8548956 to remote] DEBUG org.apache.http.impl.execchain.MainClientExec  - Connection discarded
141375 [Forwarding clickElement on session 26e90cf751a94491357d237ee8548956 to remote] DEBUG org.apache.http.impl.conn.PoolingHttpClientConnectionManager  - Connection released: [id: 99][route: {}->http://localhost:39717][total kept alive: 0; route allocated: 0 of 2000; total allocated: 0 of 2000]
141375 [Forwarding clickElement on session 26e90cf751a94491357d237ee8548956 to remote] DEBUG org.apache.http.impl.conn.PoolingHttpClientConnectionManager  - Connection released: [id: 99][route: {}->http://localhost:39717][total kept alive: 0; route allocated: 0 of 2000; total allocated: 0 of 2000]
141375 [Forwarding clickElement on session 26e90cf751a94491357d237ee8548956 to remote] DEBUG org.apache.http.impl.conn.PoolingHttpClientConnectionManager  - Connection released: [id: 99][route: {}->http://localhost:39717][total kept alive: 0; route allocated: 0 of 2000; total allocated: 0 of 2000]
141375 [Forwarding clickElement on session 26e90cf751a94491357d237ee8548956 to remote] DEBUG org.apache.http.impl.conn.PoolingHttpClientConnectionManager  - Connection released: [id: 99][route: {}->http://localhost:39717][total kept alive: 0; route allocated: 0 of 2000; total allocated: 0 of 2000]
141377 [Forwarding findElement on session 26e90cf751a94491357d237ee8548956 to remote] DEBUG org.apache.http.client.protocol.RequestAddCookies  - CookieSpec selected: default
141377 [Forwarding findElement on session 26e90cf751a94491357d237ee8548956 to remote] DEBUG org.apache.http.client.protocol.RequestAddCookies  - CookieSpec selected: default
141377 [Forwarding findElement on session 26e90cf751a94491357d237ee8548956 to remote] DEBUG org.apache.http.client.protocol.RequestAddCookies  - CookieSpec selected: default
141377 [Forwarding findElement on session 26e90cf751a94491357d237ee8548956 to remote] DEBUG org.apache.http.client.protocol.RequestAddCookies  - CookieSpec selected: default
141377 [Forwarding findElement on session 26e90cf751a94491357d237ee8548956 to remote] DEBUG org.apache.http.client.protocol.RequestAuthCache  - Auth cache not set in the context
141377 [Forwarding findElement on session 26e90cf751a94491357d237ee8548956 to remote] DEBUG org.apache.http.client.protocol.RequestAuthCache  - Auth cache not set in the context
141377 [Forwarding findElement on session 26e90cf751a94491357d237ee8548956 to remote] DEBUG org.apache.http.client.protocol.RequestAuthCache  - Auth cache not set in the context
141377 [Forwarding findElement on session 26e90cf751a94491357d237ee8548956 to remote] DEBUG org.apache.http.client.protocol.RequestAuthCache  - Auth cache not set in the context
141377 [Forwarding findElement on session 26e90cf751a94491357d237ee8548956 to remote] DEBUG org.apache.http.impl.conn.PoolingHttpClientConnectionManager  - Connection request: [route: {}->http://localhost:39717][total kept alive: 0; route allocated: 0 of 2000; total allocated: 0 of 2000]
141377 [Forwarding findElement on session 26e90cf751a94491357d237ee8548956 to remote] DEBUG org.apache.http.impl.conn.PoolingHttpClientConnectionManager  - Connection request: [route: {}->http://localhost:39717][total kept alive: 0; route allocated: 0 of 2000; total allocated: 0 of 2000]
141377 [Forwarding findElement on session 26e90cf751a94491357d237ee8548956 to remote] DEBUG org.apache.http.impl.conn.PoolingHttpClientConnectionManager  - Connection request: [route: {}->http://localhost:39717][total kept alive: 0; route allocated: 0 of 2000; total allocated: 0 of 2000]
141377 [Forwarding findElement on session 26e90cf751a94491357d237ee8548956 to remote] DEBUG org.apache.http.impl.conn.PoolingHttpClientConnectionManager  - Connection request: [route: {}->http://localhost:39717][total kept alive: 0; route allocated: 0 of 2000; total allocated: 0 of 2000]
141377 [Forwarding findElement on session 26e90cf751a94491357d237ee8548956 to remote] DEBUG org.apache.http.impl.conn.PoolingHttpClientConnectionManager  - Connection leased: [id: 100][route: {}->http://localhost:39717][total kept alive: 0; route allocated: 1 of 2000; total allocated: 1 of 2000]
141377 [Forwarding findElement on session 26e90cf751a94491357d237ee8548956 to remote] DEBUG org.apache.http.impl.conn.PoolingHttpClientConnectionManager  - Connection leased: [id: 100][route: {}->http://localhost:39717][total kept alive: 0; route allocated: 1 of 2000; total allocated: 1 of 2000]
141377 [Forwarding findElement on session 26e90cf751a94491357d237ee8548956 to remote] DEBUG org.apache.http.impl.conn.PoolingHttpClientConnectionManager  - Connection leased: [id: 100][route: {}->http://localhost:39717][total kept alive: 0; route allocated: 1 of 2000; total allocated: 1 of 2000]
141377 [Forwarding findElement on session 26e90cf751a94491357d237ee8548956 to remote] DEBUG org.apache.http.impl.conn.PoolingHttpClientConnectionManager  - Connection leased: [id: 100][route: {}->http://localhost:39717][total kept alive: 0; route allocated: 1 of 2000; total allocated: 1 of 2000]
141377 [Forwarding findElement on session 26e90cf751a94491357d237ee8548956 to remote] DEBUG org.apache.http.impl.execchain.MainClientExec  - Opening connection {}->http://localhost:39717
141377 [Forwarding findElement on session 26e90cf751a94491357d237ee8548956 to remote] DEBUG org.apache.http.impl.execchain.MainClientExec  - Opening connection {}->http://localhost:39717
141377 [Forwarding findElement on session 26e90cf751a94491357d237ee8548956 to remote] DEBUG org.apache.http.impl.execchain.MainClientExec  - Opening connection {}->http://localhost:39717
141377 [Forwarding findElement on session 26e90cf751a94491357d237ee8548956 to remote] DEBUG org.apache.http.impl.execchain.MainClientExec  - Opening connection {}->http://localhost:39717
141379 [Forwarding findElement on session 26e90cf751a94491357d237ee8548956 to remote] DEBUG org.apache.http.impl.conn.DefaultHttpClientConnectionOperator  - Connecting to localhost/127.0.0.1:39717
141379 [Forwarding findElement on session 26e90cf751a94491357d237ee8548956 to remote] DEBUG org.apache.http.impl.conn.DefaultHttpClientConnectionOperator  - Connecting to localhost/127.0.0.1:39717
141379 [Forwarding findElement on session 26e90cf751a94491357d237ee8548956 to remote] DEBUG org.apache.http.impl.conn.DefaultHttpClientConnectionOperator  - Connecting to localhost/127.0.0.1:39717
141379 [Forwarding findElement on session 26e90cf751a94491357d237ee8548956 to remote] DEBUG org.apache.http.impl.conn.DefaultHttpClientConnectionOperator  - Connecting to localhost/127.0.0.1:39717
141380 [Forwarding findElement on session 26e90cf751a94491357d237ee8548956 to remote] DEBUG org.apache.http.impl.conn.DefaultHttpClientConnectionOperator  - Connection established 127.0.0.1:53070<->127.0.0.1:39717
141380 [Forwarding findElement on session 26e90cf751a94491357d237ee8548956 to remote] DEBUG org.apache.http.impl.conn.DefaultHttpClientConnectionOperator  - Connection established 127.0.0.1:53070<->127.0.0.1:39717
141380 [Forwarding findElement on session 26e90cf751a94491357d237ee8548956 to remote] DEBUG org.apache.http.impl.conn.DefaultHttpClientConnectionOperator  - Connection established 127.0.0.1:53070<->127.0.0.1:39717
141380 [Forwarding findElement on session 26e90cf751a94491357d237ee8548956 to remote] DEBUG org.apache.http.impl.conn.DefaultHttpClientConnectionOperator  - Connection established 127.0.0.1:53070<->127.0.0.1:39717
141380 [Forwarding findElement on session 26e90cf751a94491357d237ee8548956 to remote] DEBUG org.apache.http.impl.conn.DefaultManagedHttpClientConnection  - http-outgoing-100: set socket timeout to 10800000
141380 [Forwarding findElement on session 26e90cf751a94491357d237ee8548956 to remote] DEBUG org.apache.http.impl.conn.DefaultManagedHttpClientConnection  - http-outgoing-100: set socket timeout to 10800000
141380 [Forwarding findElement on session 26e90cf751a94491357d237ee8548956 to remote] DEBUG org.apache.http.impl.conn.DefaultManagedHttpClientConnection  - http-outgoing-100: set socket timeout to 10800000
141380 [Forwarding findElement on session 26e90cf751a94491357d237ee8548956 to remote] DEBUG org.apache.http.impl.conn.DefaultManagedHttpClientConnection  - http-outgoing-100: set socket timeout to 10800000
141380 [Forwarding findElement on session 26e90cf751a94491357d237ee8548956 to remote] DEBUG org.apache.http.impl.execchain.MainClientExec  - Executing request POST /session/26e90cf751a94491357d237ee8548956/element HTTP/1.1
141380 [Forwarding findElement on session 26e90cf751a94491357d237ee8548956 to remote] DEBUG org.apache.http.impl.execchain.MainClientExec  - Executing request POST /session/26e90cf751a94491357d237ee8548956/element HTTP/1.1
141380 [Forwarding findElement on session 26e90cf751a94491357d237ee8548956 to remote] DEBUG org.apache.http.impl.execchain.MainClientExec  - Executing request POST /session/26e90cf751a94491357d237ee8548956/element HTTP/1.1
141380 [Forwarding findElement on session 26e90cf751a94491357d237ee8548956 to remote] DEBUG org.apache.http.impl.execchain.MainClientExec  - Executing request POST /session/26e90cf751a94491357d237ee8548956/element HTTP/1.1
141380 [Forwarding findElement on session 26e90cf751a94491357d237ee8548956 to remote] DEBUG org.apache.http.impl.execchain.MainClientExec  - Target auth state: UNCHALLENGED
141380 [Forwarding findElement on session 26e90cf751a94491357d237ee8548956 to remote] DEBUG org.apache.http.impl.execchain.MainClientExec  - Target auth state: UNCHALLENGED
141380 [Forwarding findElement on session 26e90cf751a94491357d237ee8548956 to remote] DEBUG org.apache.http.impl.execchain.MainClientExec  - Target auth state: UNCHALLENGED
141380 [Forwarding findElement on session 26e90cf751a94491357d237ee8548956 to remote] DEBUG org.apache.http.impl.execchain.MainClientExec  - Target auth state: UNCHALLENGED
141380 [Forwarding findElement on session 26e90cf751a94491357d237ee8548956 to remote] DEBUG org.apache.http.impl.execchain.MainClientExec  - Proxy auth state: UNCHALLENGED
141380 [Forwarding findElement on session 26e90cf751a94491357d237ee8548956 to remote] DEBUG org.apache.http.impl.execchain.MainClientExec  - Proxy auth state: UNCHALLENGED
141380 [Forwarding findElement on session 26e90cf751a94491357d237ee8548956 to remote] DEBUG org.apache.http.impl.execchain.MainClientExec  - Proxy auth state: UNCHALLENGED
141380 [Forwarding findElement on session 26e90cf751a94491357d237ee8548956 to remote] DEBUG org.apache.http.impl.execchain.MainClientExec  - Proxy auth state: UNCHALLENGED
141380 [Forwarding findElement on session 26e90cf751a94491357d237ee8548956 to remote] DEBUG org.apache.http.headers  - http-outgoing-100 >> POST /session/26e90cf751a94491357d237ee8548956/element HTTP/1.1
141380 [Forwarding findElement on session 26e90cf751a94491357d237ee8548956 to remote] DEBUG org.apache.http.headers  - http-outgoing-100 >> POST /session/26e90cf751a94491357d237ee8548956/element HTTP/1.1
141380 [Forwarding findElement on session 26e90cf751a94491357d237ee8548956 to remote] DEBUG org.apache.http.headers  - http-outgoing-100 >> POST /session/26e90cf751a94491357d237ee8548956/element HTTP/1.1
141380 [Forwarding findElement on session 26e90cf751a94491357d237ee8548956 to remote] DEBUG org.apache.http.headers  - http-outgoing-100 >> POST /session/26e90cf751a94491357d237ee8548956/element HTTP/1.1
141380 [Forwarding findElement on session 26e90cf751a94491357d237ee8548956 to remote] DEBUG org.apache.http.headers  - http-outgoing-100 >> Content-Type: application/json; charset=utf-8
141380 [Forwarding findElement on session 26e90cf751a94491357d237ee8548956 to remote] DEBUG org.apache.http.headers  - http-outgoing-100 >> Content-Type: application/json; charset=utf-8
141380 [Forwarding findElement on session 26e90cf751a94491357d237ee8548956 to remote] DEBUG org.apache.http.headers  - http-outgoing-100 >> Content-Type: application/json; charset=utf-8
141380 [Forwarding findElement on session 26e90cf751a94491357d237ee8548956 to remote] DEBUG org.apache.http.headers  - http-outgoing-100 >> Content-Type: application/json; charset=utf-8
141380 [Forwarding findElement on session 26e90cf751a94491357d237ee8548956 to remote] DEBUG org.apache.http.headers  - http-outgoing-100 >> Content-Length: 41
141380 [Forwarding findElement on session 26e90cf751a94491357d237ee8548956 to remote] DEBUG org.apache.http.headers  - http-outgoing-100 >> Content-Length: 41
141380 [Forwarding findElement on session 26e90cf751a94491357d237ee8548956 to remote] DEBUG org.apache.http.headers  - http-outgoing-100 >> Content-Length: 41
141380 [Forwarding findElement on session 26e90cf751a94491357d237ee8548956 to remote] DEBUG org.apache.http.headers  - http-outgoing-100 >> Content-Length: 41
141380 [Forwarding findElement on session 26e90cf751a94491357d237ee8548956 to remote] DEBUG org.apache.http.headers  - http-outgoing-100 >> Host: localhost:39717
141380 [Forwarding findElement on session 26e90cf751a94491357d237ee8548956 to remote] DEBUG org.apache.http.headers  - http-outgoing-100 >> Host: localhost:39717
141380 [Forwarding findElement on session 26e90cf751a94491357d237ee8548956 to remote] DEBUG org.apache.http.headers  - http-outgoing-100 >> Host: localhost:39717
141380 [Forwarding findElement on session 26e90cf751a94491357d237ee8548956 to remote] DEBUG org.apache.http.headers  - http-outgoing-100 >> Host: localhost:39717
141380 [Forwarding findElement on session 26e90cf751a94491357d237ee8548956 to remote] DEBUG org.apache.http.headers  - http-outgoing-100 >> Connection: Keep-Alive
141380 [Forwarding findElement on session 26e90cf751a94491357d237ee8548956 to remote] DEBUG org.apache.http.headers  - http-outgoing-100 >> Connection: Keep-Alive
141380 [Forwarding findElement on session 26e90cf751a94491357d237ee8548956 to remote] DEBUG org.apache.http.headers  - http-outgoing-100 >> Connection: Keep-Alive
141380 [Forwarding findElement on session 26e90cf751a94491357d237ee8548956 to remote] DEBUG org.apache.http.headers  - http-outgoing-100 >> Connection: Keep-Alive
141380 [Forwarding findElement on session 26e90cf751a94491357d237ee8548956 to remote] DEBUG org.apache.http.headers  - http-outgoing-100 >> User-Agent: Apache-HttpClient/4.5.2 (Java/1.8.0_91)
141380 [Forwarding findElement on session 26e90cf751a94491357d237ee8548956 to remote] DEBUG org.apache.http.headers  - http-outgoing-100 >> User-Agent: Apache-HttpClient/4.5.2 (Java/1.8.0_91)
141380 [Forwarding findElement on session 26e90cf751a94491357d237ee8548956 to remote] DEBUG org.apache.http.headers  - http-outgoing-100 >> User-Agent: Apache-HttpClient/4.5.2 (Java/1.8.0_91)
141380 [Forwarding findElement on session 26e90cf751a94491357d237ee8548956 to remote] DEBUG org.apache.http.headers  - http-outgoing-100 >> User-Agent: Apache-HttpClient/4.5.2 (Java/1.8.0_91)
141380 [Forwarding findElement on session 26e90cf751a94491357d237ee8548956 to remote] DEBUG org.apache.http.headers  - http-outgoing-100 >> Accept-Encoding: gzip,deflate
141380 [Forwarding findElement on session 26e90cf751a94491357d237ee8548956 to remote] DEBUG org.apache.http.headers  - http-outgoing-100 >> Accept-Encoding: gzip,deflate
141380 [Forwarding findElement on session 26e90cf751a94491357d237ee8548956 to remote] DEBUG org.apache.http.headers  - http-outgoing-100 >> Accept-Encoding: gzip,deflate
141380 [Forwarding findElement on session 26e90cf751a94491357d237ee8548956 to remote] DEBUG org.apache.http.headers  - http-outgoing-100 >> Accept-Encoding: gzip,deflate
141380 [Forwarding findElement on session 26e90cf751a94491357d237ee8548956 to remote] DEBUG org.apache.http.wire  - http-outgoing-100 >> "POST /session/26e90cf751a94491357d237ee8548956/element HTTP/1.1[\r][\n]"
141380 [Forwarding findElement on session 26e90cf751a94491357d237ee8548956 to remote] DEBUG org.apache.http.wire  - http-outgoing-100 >> "POST /session/26e90cf751a94491357d237ee8548956/element HTTP/1.1[\r][\n]"
141380 [Forwarding findElement on session 26e90cf751a94491357d237ee8548956 to remote] DEBUG org.apache.http.wire  - http-outgoing-100 >> "POST /session/26e90cf751a94491357d237ee8548956/element HTTP/1.1[\r][\n]"
141380 [Forwarding findElement on session 26e90cf751a94491357d237ee8548956 to remote] DEBUG org.apache.http.wire  - http-outgoing-100 >> "POST /session/26e90cf751a94491357d237ee8548956/element HTTP/1.1[\r][\n]"
141380 [Forwarding findElement on session 26e90cf751a94491357d237ee8548956 to remote] DEBUG org.apache.http.wire  - http-outgoing-100 >> "Content-Type: application/json; charset=utf-8[\r][\n]"
141380 [Forwarding findElement on session 26e90cf751a94491357d237ee8548956 to remote] DEBUG org.apache.http.wire  - http-outgoing-100 >> "Content-Type: application/json; charset=utf-8[\r][\n]"
141380 [Forwarding findElement on session 26e90cf751a94491357d237ee8548956 to remote] DEBUG org.apache.http.wire  - http-outgoing-100 >> "Content-Type: application/json; charset=utf-8[\r][\n]"
141380 [Forwarding findElement on session 26e90cf751a94491357d237ee8548956 to remote] DEBUG org.apache.http.wire  - http-outgoing-100 >> "Content-Type: application/json; charset=utf-8[\r][\n]"
141380 [Forwarding findElement on session 26e90cf751a94491357d237ee8548956 to remote] DEBUG org.apache.http.wire  - http-outgoing-100 >> "Content-Length: 41[\r][\n]"
141380 [Forwarding findElement on session 26e90cf751a94491357d237ee8548956 to remote] DEBUG org.apache.http.wire  - http-outgoing-100 >> "Content-Length: 41[\r][\n]"
141380 [Forwarding findElement on session 26e90cf751a94491357d237ee8548956 to remote] DEBUG org.apache.http.wire  - http-outgoing-100 >> "Content-Length: 41[\r][\n]"
141380 [Forwarding findElement on session 26e90cf751a94491357d237ee8548956 to remote] DEBUG org.apache.http.wire  - http-outgoing-100 >> "Content-Length: 41[\r][\n]"
141380 [Forwarding findElement on session 26e90cf751a94491357d237ee8548956 to remote] DEBUG org.apache.http.wire  - http-outgoing-100 >> "Host: localhost:39717[\r][\n]"
141380 [Forwarding findElement on session 26e90cf751a94491357d237ee8548956 to remote] DEBUG org.apache.http.wire  - http-outgoing-100 >> "Host: localhost:39717[\r][\n]"
141380 [Forwarding findElement on session 26e90cf751a94491357d237ee8548956 to remote] DEBUG org.apache.http.wire  - http-outgoing-100 >> "Host: localhost:39717[\r][\n]"
141380 [Forwarding findElement on session 26e90cf751a94491357d237ee8548956 to remote] DEBUG org.apache.http.wire  - http-outgoing-100 >> "Host: localhost:39717[\r][\n]"
141380 [Forwarding findElement on session 26e90cf751a94491357d237ee8548956 to remote] DEBUG org.apache.http.wire  - http-outgoing-100 >> "Connection: Keep-Alive[\r][\n]"
141380 [Forwarding findElement on session 26e90cf751a94491357d237ee8548956 to remote] DEBUG org.apache.http.wire  - http-outgoing-100 >> "Connection: Keep-Alive[\r][\n]"
141380 [Forwarding findElement on session 26e90cf751a94491357d237ee8548956 to remote] DEBUG org.apache.http.wire  - http-outgoing-100 >> "Connection: Keep-Alive[\r][\n]"
141380 [Forwarding findElement on session 26e90cf751a94491357d237ee8548956 to remote] DEBUG org.apache.http.wire  - http-outgoing-100 >> "Connection: Keep-Alive[\r][\n]"
141386 [Forwarding findElement on session 26e90cf751a94491357d237ee8548956 to remote] DEBUG org.apache.http.wire  - http-outgoing-100 >> "User-Agent: Apache-HttpClient/4.5.2 (Java/1.8.0_91)[\r][\n]"
141386 [Forwarding findElement on session 26e90cf751a94491357d237ee8548956 to remote] DEBUG org.apache.http.wire  - http-outgoing-100 >> "User-Agent: Apache-HttpClient/4.5.2 (Java/1.8.0_91)[\r][\n]"
141386 [Forwarding findElement on session 26e90cf751a94491357d237ee8548956 to remote] DEBUG org.apache.http.wire  - http-outgoing-100 >> "User-Agent: Apache-HttpClient/4.5.2 (Java/1.8.0_91)[\r][\n]"
141386 [Forwarding findElement on session 26e90cf751a94491357d237ee8548956 to remote] DEBUG org.apache.http.wire  - http-outgoing-100 >> "User-Agent: Apache-HttpClient/4.5.2 (Java/1.8.0_91)[\r][\n]"
141386 [Forwarding findElement on session 26e90cf751a94491357d237ee8548956 to remote] DEBUG org.apache.http.wire  - http-outgoing-100 >> "Accept-Encoding: gzip,deflate[\r][\n]"
141386 [Forwarding findElement on session 26e90cf751a94491357d237ee8548956 to remote] DEBUG org.apache.http.wire  - http-outgoing-100 >> "Accept-Encoding: gzip,deflate[\r][\n]"
141386 [Forwarding findElement on session 26e90cf751a94491357d237ee8548956 to remote] DEBUG org.apache.http.wire  - http-outgoing-100 >> "Accept-Encoding: gzip,deflate[\r][\n]"
141386 [Forwarding findElement on session 26e90cf751a94491357d237ee8548956 to remote] DEBUG org.apache.http.wire  - http-outgoing-100 >> "Accept-Encoding: gzip,deflate[\r][\n]"
141387 [Forwarding findElement on session 26e90cf751a94491357d237ee8548956 to remote] DEBUG org.apache.http.wire  - http-outgoing-100 >> "[\r][\n]"
141387 [Forwarding findElement on session 26e90cf751a94491357d237ee8548956 to remote] DEBUG org.apache.http.wire  - http-outgoing-100 >> "[\r][\n]"
141387 [Forwarding findElement on session 26e90cf751a94491357d237ee8548956 to remote] DEBUG org.apache.http.wire  - http-outgoing-100 >> "[\r][\n]"
141387 [Forwarding findElement on session 26e90cf751a94491357d237ee8548956 to remote] DEBUG org.apache.http.wire  - http-outgoing-100 >> "[\r][\n]"
141387 [Forwarding findElement on session 26e90cf751a94491357d237ee8548956 to remote] DEBUG org.apache.http.wire  - http-outgoing-100 >> "{"using":"css selector","value":"#email"}"
141387 [Forwarding findElement on session 26e90cf751a94491357d237ee8548956 to remote] DEBUG org.apache.http.wire  - http-outgoing-100 >> "{"using":"css selector","value":"#email"}"
141387 [Forwarding findElement on session 26e90cf751a94491357d237ee8548956 to remote] DEBUG org.apache.http.wire  - http-outgoing-100 >> "{"using":"css selector","value":"#email"}"
141387 [Forwarding findElement on session 26e90cf751a94491357d237ee8548956 to remote] DEBUG org.apache.http.wire  - http-outgoing-100 >> "{"using":"css selector","value":"#email"}"
141435 [Forwarding findElement on session 26e90cf751a94491357d237ee8548956 to remote] DEBUG org.apache.http.wire  - http-outgoing-100 << "HTTP/1.1 200 OK[\r][\n]"
141435 [Forwarding findElement on session 26e90cf751a94491357d237ee8548956 to remote] DEBUG org.apache.http.wire  - http-outgoing-100 << "HTTP/1.1 200 OK[\r][\n]"
141435 [Forwarding findElement on session 26e90cf751a94491357d237ee8548956 to remote] DEBUG org.apache.http.wire  - http-outgoing-100 << "HTTP/1.1 200 OK[\r][\n]"
141435 [Forwarding findElement on session 26e90cf751a94491357d237ee8548956 to remote] DEBUG org.apache.http.wire  - http-outgoing-100 << "HTTP/1.1 200 OK[\r][\n]"
141435 [Forwarding findElement on session 26e90cf751a94491357d237ee8548956 to remote] DEBUG org.apache.http.wire  - http-outgoing-100 << "Content-Length:103[\r][\n]"
141435 [Forwarding findElement on session 26e90cf751a94491357d237ee8548956 to remote] DEBUG org.apache.http.wire  - http-outgoing-100 << "Content-Length:103[\r][\n]"
141435 [Forwarding findElement on session 26e90cf751a94491357d237ee8548956 to remote] DEBUG org.apache.http.wire  - http-outgoing-100 << "Content-Length:103[\r][\n]"
141435 [Forwarding findElement on session 26e90cf751a94491357d237ee8548956 to remote] DEBUG org.apache.http.wire  - http-outgoing-100 << "Content-Length:103[\r][\n]"
141435 [Forwarding findElement on session 26e90cf751a94491357d237ee8548956 to remote] DEBUG org.apache.http.wire  - http-outgoing-100 << "Content-Type:application/json; charset=utf-8[\r][\n]"
141435 [Forwarding findElement on session 26e90cf751a94491357d237ee8548956 to remote] DEBUG org.apache.http.wire  - http-outgoing-100 << "Content-Type:application/json; charset=utf-8[\r][\n]"
141435 [Forwarding findElement on session 26e90cf751a94491357d237ee8548956 to remote] DEBUG org.apache.http.wire  - http-outgoing-100 << "Content-Type:application/json; charset=utf-8[\r][\n]"
141435 [Forwarding findElement on session 26e90cf751a94491357d237ee8548956 to remote] DEBUG org.apache.http.wire  - http-outgoing-100 << "Content-Type:application/json; charset=utf-8[\r][\n]"
141435 [Forwarding findElement on session 26e90cf751a94491357d237ee8548956 to remote] DEBUG org.apache.http.wire  - http-outgoing-100 << "Connection:close[\r][\n]"
141435 [Forwarding findElement on session 26e90cf751a94491357d237ee8548956 to remote] DEBUG org.apache.http.wire  - http-outgoing-100 << "Connection:close[\r][\n]"
141435 [Forwarding findElement on session 26e90cf751a94491357d237ee8548956 to remote] DEBUG org.apache.http.wire  - http-outgoing-100 << "Connection:close[\r][\n]"
141435 [Forwarding findElement on session 26e90cf751a94491357d237ee8548956 to remote] DEBUG org.apache.http.wire  - http-outgoing-100 << "Connection:close[\r][\n]"
141435 [Forwarding findElement on session 26e90cf751a94491357d237ee8548956 to remote] DEBUG org.apache.http.wire  - http-outgoing-100 << "[\r][\n]"
141435 [Forwarding findElement on session 26e90cf751a94491357d237ee8548956 to remote] DEBUG org.apache.http.wire  - http-outgoing-100 << "[\r][\n]"
141435 [Forwarding findElement on session 26e90cf751a94491357d237ee8548956 to remote] DEBUG org.apache.http.wire  - http-outgoing-100 << "[\r][\n]"
141435 [Forwarding findElement on session 26e90cf751a94491357d237ee8548956 to remote] DEBUG org.apache.http.wire  - http-outgoing-100 << "[\r][\n]"
141435 [Forwarding findElement on session 26e90cf751a94491357d237ee8548956 to remote] DEBUG org.apache.http.wire  - http-outgoing-100 << "{"sessionId":"26e90cf751a94491357d237ee8548956","status":0,"value":{"ELEMENT":"0.18080964092899965-1"}}"
141435 [Forwarding findElement on session 26e90cf751a94491357d237ee8548956 to remote] DEBUG org.apache.http.wire  - http-outgoing-100 << "{"sessionId":"26e90cf751a94491357d237ee8548956","status":0,"value":{"ELEMENT":"0.18080964092899965-1"}}"
141435 [Forwarding findElement on session 26e90cf751a94491357d237ee8548956 to remote] DEBUG org.apache.http.wire  - http-outgoing-100 << "{"sessionId":"26e90cf751a94491357d237ee8548956","status":0,"value":{"ELEMENT":"0.18080964092899965-1"}}"
141435 [Forwarding findElement on session 26e90cf751a94491357d237ee8548956 to remote] DEBUG org.apache.http.wire  - http-outgoing-100 << "{"sessionId":"26e90cf751a94491357d237ee8548956","status":0,"value":{"ELEMENT":"0.18080964092899965-1"}}"
141435 [Forwarding findElement on session 26e90cf751a94491357d237ee8548956 to remote] DEBUG org.apache.http.headers  - http-outgoing-100 << HTTP/1.1 200 OK
141435 [Forwarding findElement on session 26e90cf751a94491357d237ee8548956 to remote] DEBUG org.apache.http.headers  - http-outgoing-100 << HTTP/1.1 200 OK
141435 [Forwarding findElement on session 26e90cf751a94491357d237ee8548956 to remote] DEBUG org.apache.http.headers  - http-outgoing-100 << HTTP/1.1 200 OK
141435 [Forwarding findElement on session 26e90cf751a94491357d237ee8548956 to remote] DEBUG org.apache.http.headers  - http-outgoing-100 << HTTP/1.1 200 OK
141435 [Forwarding findElement on session 26e90cf751a94491357d237ee8548956 to remote] DEBUG org.apache.http.headers  - http-outgoing-100 << Content-Length:103
141435 [Forwarding findElement on session 26e90cf751a94491357d237ee8548956 to remote] DEBUG org.apache.http.headers  - http-outgoing-100 << Content-Length:103
141435 [Forwarding findElement on session 26e90cf751a94491357d237ee8548956 to remote] DEBUG org.apache.http.headers  - http-outgoing-100 << Content-Length:103
141435 [Forwarding findElement on session 26e90cf751a94491357d237ee8548956 to remote] DEBUG org.apache.http.headers  - http-outgoing-100 << Content-Length:103
141435 [Forwarding findElement on session 26e90cf751a94491357d237ee8548956 to remote] DEBUG org.apache.http.headers  - http-outgoing-100 << Content-Type:application/json; charset=utf-8
141435 [Forwarding findElement on session 26e90cf751a94491357d237ee8548956 to remote] DEBUG org.apache.http.headers  - http-outgoing-100 << Content-Type:application/json; charset=utf-8
141435 [Forwarding findElement on session 26e90cf751a94491357d237ee8548956 to remote] DEBUG org.apache.http.headers  - http-outgoing-100 << Content-Type:application/json; charset=utf-8
141435 [Forwarding findElement on session 26e90cf751a94491357d237ee8548956 to remote] DEBUG org.apache.http.headers  - http-outgoing-100 << Content-Type:application/json; charset=utf-8
141435 [Forwarding findElement on session 26e90cf751a94491357d237ee8548956 to remote] DEBUG org.apache.http.headers  - http-outgoing-100 << Connection:close
141435 [Forwarding findElement on session 26e90cf751a94491357d237ee8548956 to remote] DEBUG org.apache.http.headers  - http-outgoing-100 << Connection:close
141435 [Forwarding findElement on session 26e90cf751a94491357d237ee8548956 to remote] DEBUG org.apache.http.headers  - http-outgoing-100 << Connection:close
141435 [Forwarding findElement on session 26e90cf751a94491357d237ee8548956 to remote] DEBUG org.apache.http.headers  - http-outgoing-100 << Connection:close
141436 [Forwarding findElement on session 26e90cf751a94491357d237ee8548956 to remote] DEBUG org.apache.http.impl.conn.DefaultManagedHttpClientConnection  - http-outgoing-100: Close connection
141436 [Forwarding findElement on session 26e90cf751a94491357d237ee8548956 to remote] DEBUG org.apache.http.impl.conn.DefaultManagedHttpClientConnection  - http-outgoing-100: Close connection
141436 [Forwarding findElement on session 26e90cf751a94491357d237ee8548956 to remote] DEBUG org.apache.http.impl.conn.DefaultManagedHttpClientConnection  - http-outgoing-100: Close connection
141436 [Forwarding findElement on session 26e90cf751a94491357d237ee8548956 to remote] DEBUG org.apache.http.impl.conn.DefaultManagedHttpClientConnection  - http-outgoing-100: Close connection
141436 [Forwarding findElement on session 26e90cf751a94491357d237ee8548956 to remote] DEBUG org.apache.http.impl.execchain.MainClientExec  - Connection discarded
141436 [Forwarding findElement on session 26e90cf751a94491357d237ee8548956 to remote] DEBUG org.apache.http.impl.execchain.MainClientExec  - Connection discarded
141436 [Forwarding findElement on session 26e90cf751a94491357d237ee8548956 to remote] DEBUG org.apache.http.impl.execchain.MainClientExec  - Connection discarded
141436 [Forwarding findElement on session 26e90cf751a94491357d237ee8548956 to remote] DEBUG org.apache.http.impl.execchain.MainClientExec  - Connection discarded
141436 [Forwarding findElement on session 26e90cf751a94491357d237ee8548956 to remote] DEBUG org.apache.http.impl.conn.PoolingHttpClientConnectionManager  - Connection released: [id: 100][route: {}->http://localhost:39717][total kept alive: 0; route allocated: 0 of 2000; total allocated: 0 of 2000]
141436 [Forwarding findElement on session 26e90cf751a94491357d237ee8548956 to remote] DEBUG org.apache.http.impl.conn.PoolingHttpClientConnectionManager  - Connection released: [id: 100][route: {}->http://localhost:39717][total kept alive: 0; route allocated: 0 of 2000; total allocated: 0 of 2000]
141436 [Forwarding findElement on session 26e90cf751a94491357d237ee8548956 to remote] DEBUG org.apache.http.impl.conn.PoolingHttpClientConnectionManager  - Connection released: [id: 100][route: {}->http://localhost:39717][total kept alive: 0; route allocated: 0 of 2000; total allocated: 0 of 2000]
141436 [Forwarding findElement on session 26e90cf751a94491357d237ee8548956 to remote] DEBUG org.apache.http.impl.conn.PoolingHttpClientConnectionManager  - Connection released: [id: 100][route: {}->http://localhost:39717][total kept alive: 0; route allocated: 0 of 2000; total allocated: 0 of 2000]
141437 [Forwarding sendKeysToElement on session 26e90cf751a94491357d237ee8548956 to remote] DEBUG org.apache.http.client.protocol.RequestAddCookies  - CookieSpec selected: default
141437 [Forwarding sendKeysToElement on session 26e90cf751a94491357d237ee8548956 to remote] DEBUG org.apache.http.client.protocol.RequestAddCookies  - CookieSpec selected: default
141437 [Forwarding sendKeysToElement on session 26e90cf751a94491357d237ee8548956 to remote] DEBUG org.apache.http.client.protocol.RequestAddCookies  - CookieSpec selected: default
141437 [Forwarding sendKeysToElement on session 26e90cf751a94491357d237ee8548956 to remote] DEBUG org.apache.http.client.protocol.RequestAddCookies  - CookieSpec selected: default
141437 [Forwarding sendKeysToElement on session 26e90cf751a94491357d237ee8548956 to remote] DEBUG org.apache.http.client.protocol.RequestAuthCache  - Auth cache not set in the context
141437 [Forwarding sendKeysToElement on session 26e90cf751a94491357d237ee8548956 to remote] DEBUG org.apache.http.client.protocol.RequestAuthCache  - Auth cache not set in the context
141437 [Forwarding sendKeysToElement on session 26e90cf751a94491357d237ee8548956 to remote] DEBUG org.apache.http.client.protocol.RequestAuthCache  - Auth cache not set in the context
141437 [Forwarding sendKeysToElement on session 26e90cf751a94491357d237ee8548956 to remote] DEBUG org.apache.http.client.protocol.RequestAuthCache  - Auth cache not set in the context
141437 [Forwarding sendKeysToElement on session 26e90cf751a94491357d237ee8548956 to remote] DEBUG org.apache.http.impl.conn.PoolingHttpClientConnectionManager  - Connection request: [route: {}->http://localhost:39717][total kept alive: 0; route allocated: 0 of 2000; total allocated: 0 of 2000]
141437 [Forwarding sendKeysToElement on session 26e90cf751a94491357d237ee8548956 to remote] DEBUG org.apache.http.impl.conn.PoolingHttpClientConnectionManager  - Connection request: [route: {}->http://localhost:39717][total kept alive: 0; route allocated: 0 of 2000; total allocated: 0 of 2000]
141437 [Forwarding sendKeysToElement on session 26e90cf751a94491357d237ee8548956 to remote] DEBUG org.apache.http.impl.conn.PoolingHttpClientConnectionManager  - Connection request: [route: {}->http://localhost:39717][total kept alive: 0; route allocated: 0 of 2000; total allocated: 0 of 2000]
141437 [Forwarding sendKeysToElement on session 26e90cf751a94491357d237ee8548956 to remote] DEBUG org.apache.http.impl.conn.PoolingHttpClientConnectionManager  - Connection request: [route: {}->http://localhost:39717][total kept alive: 0; route allocated: 0 of 2000; total allocated: 0 of 2000]
141437 [Forwarding sendKeysToElement on session 26e90cf751a94491357d237ee8548956 to remote] DEBUG org.apache.http.impl.conn.PoolingHttpClientConnectionManager  - Connection leased: [id: 101][route: {}->http://localhost:39717][total kept alive: 0; route allocated: 1 of 2000; total allocated: 1 of 2000]
141437 [Forwarding sendKeysToElement on session 26e90cf751a94491357d237ee8548956 to remote] DEBUG org.apache.http.impl.conn.PoolingHttpClientConnectionManager  - Connection leased: [id: 101][route: {}->http://localhost:39717][total kept alive: 0; route allocated: 1 of 2000; total allocated: 1 of 2000]
141437 [Forwarding sendKeysToElement on session 26e90cf751a94491357d237ee8548956 to remote] DEBUG org.apache.http.impl.conn.PoolingHttpClientConnectionManager  - Connection leased: [id: 101][route: {}->http://localhost:39717][total kept alive: 0; route allocated: 1 of 2000; total allocated: 1 of 2000]
141437 [Forwarding sendKeysToElement on session 26e90cf751a94491357d237ee8548956 to remote] DEBUG org.apache.http.impl.conn.PoolingHttpClientConnectionManager  - Connection leased: [id: 101][route: {}->http://localhost:39717][total kept alive: 0; route allocated: 1 of 2000; total allocated: 1 of 2000]
141437 [Forwarding sendKeysToElement on session 26e90cf751a94491357d237ee8548956 to remote] DEBUG org.apache.http.impl.execchain.MainClientExec  - Opening connection {}->http://localhost:39717
141437 [Forwarding sendKeysToElement on session 26e90cf751a94491357d237ee8548956 to remote] DEBUG org.apache.http.impl.execchain.MainClientExec  - Opening connection {}->http://localhost:39717
141437 [Forwarding sendKeysToElement on session 26e90cf751a94491357d237ee8548956 to remote] DEBUG org.apache.http.impl.execchain.MainClientExec  - Opening connection {}->http://localhost:39717
141437 [Forwarding sendKeysToElement on session 26e90cf751a94491357d237ee8548956 to remote] DEBUG org.apache.http.impl.execchain.MainClientExec  - Opening connection {}->http://localhost:39717
141437 [Forwarding sendKeysToElement on session 26e90cf751a94491357d237ee8548956 to remote] DEBUG org.apache.http.impl.conn.DefaultHttpClientConnectionOperator  - Connecting to localhost/127.0.0.1:39717
141437 [Forwarding sendKeysToElement on session 26e90cf751a94491357d237ee8548956 to remote] DEBUG org.apache.http.impl.conn.DefaultHttpClientConnectionOperator  - Connecting to localhost/127.0.0.1:39717
141437 [Forwarding sendKeysToElement on session 26e90cf751a94491357d237ee8548956 to remote] DEBUG org.apache.http.impl.conn.DefaultHttpClientConnectionOperator  - Connecting to localhost/127.0.0.1:39717
141437 [Forwarding sendKeysToElement on session 26e90cf751a94491357d237ee8548956 to remote] DEBUG org.apache.http.impl.conn.DefaultHttpClientConnectionOperator  - Connecting to localhost/127.0.0.1:39717
141438 [Forwarding sendKeysToElement on session 26e90cf751a94491357d237ee8548956 to remote] DEBUG org.apache.http.impl.conn.DefaultHttpClientConnectionOperator  - Connection established 127.0.0.1:53071<->127.0.0.1:39717
141438 [Forwarding sendKeysToElement on session 26e90cf751a94491357d237ee8548956 to remote] DEBUG org.apache.http.impl.conn.DefaultHttpClientConnectionOperator  - Connection established 127.0.0.1:53071<->127.0.0.1:39717
141438 [Forwarding sendKeysToElement on session 26e90cf751a94491357d237ee8548956 to remote] DEBUG org.apache.http.impl.conn.DefaultHttpClientConnectionOperator  - Connection established 127.0.0.1:53071<->127.0.0.1:39717
141438 [Forwarding sendKeysToElement on session 26e90cf751a94491357d237ee8548956 to remote] DEBUG org.apache.http.impl.conn.DefaultHttpClientConnectionOperator  - Connection established 127.0.0.1:53071<->127.0.0.1:39717
141438 [Forwarding sendKeysToElement on session 26e90cf751a94491357d237ee8548956 to remote] DEBUG org.apache.http.impl.conn.DefaultManagedHttpClientConnection  - http-outgoing-101: set socket timeout to 10800000
141438 [Forwarding sendKeysToElement on session 26e90cf751a94491357d237ee8548956 to remote] DEBUG org.apache.http.impl.conn.DefaultManagedHttpClientConnection  - http-outgoing-101: set socket timeout to 10800000
141438 [Forwarding sendKeysToElement on session 26e90cf751a94491357d237ee8548956 to remote] DEBUG org.apache.http.impl.conn.DefaultManagedHttpClientConnection  - http-outgoing-101: set socket timeout to 10800000
141438 [Forwarding sendKeysToElement on session 26e90cf751a94491357d237ee8548956 to remote] DEBUG org.apache.http.impl.conn.DefaultManagedHttpClientConnection  - http-outgoing-101: set socket timeout to 10800000
141438 [Forwarding sendKeysToElement on session 26e90cf751a94491357d237ee8548956 to remote] DEBUG org.apache.http.impl.execchain.MainClientExec  - Executing request POST /session/26e90cf751a94491357d237ee8548956/element/0.18080964092899965-1/value HTTP/1.1
141438 [Forwarding sendKeysToElement on session 26e90cf751a94491357d237ee8548956 to remote] DEBUG org.apache.http.impl.execchain.MainClientExec  - Executing request POST /session/26e90cf751a94491357d237ee8548956/element/0.18080964092899965-1/value HTTP/1.1
141438 [Forwarding sendKeysToElement on session 26e90cf751a94491357d237ee8548956 to remote] DEBUG org.apache.http.impl.execchain.MainClientExec  - Executing request POST /session/26e90cf751a94491357d237ee8548956/element/0.18080964092899965-1/value HTTP/1.1
141438 [Forwarding sendKeysToElement on session 26e90cf751a94491357d237ee8548956 to remote] DEBUG org.apache.http.impl.execchain.MainClientExec  - Executing request POST /session/26e90cf751a94491357d237ee8548956/element/0.18080964092899965-1/value HTTP/1.1
141438 [Forwarding sendKeysToElement on session 26e90cf751a94491357d237ee8548956 to remote] DEBUG org.apache.http.impl.execchain.MainClientExec  - Target auth state: UNCHALLENGED
141438 [Forwarding sendKeysToElement on session 26e90cf751a94491357d237ee8548956 to remote] DEBUG org.apache.http.impl.execchain.MainClientExec  - Target auth state: UNCHALLENGED
141438 [Forwarding sendKeysToElement on session 26e90cf751a94491357d237ee8548956 to remote] DEBUG org.apache.http.impl.execchain.MainClientExec  - Target auth state: UNCHALLENGED
141438 [Forwarding sendKeysToElement on session 26e90cf751a94491357d237ee8548956 to remote] DEBUG org.apache.http.impl.execchain.MainClientExec  - Target auth state: UNCHALLENGED
141438 [Forwarding sendKeysToElement on session 26e90cf751a94491357d237ee8548956 to remote] DEBUG org.apache.http.impl.execchain.MainClientExec  - Proxy auth state: UNCHALLENGED
141438 [Forwarding sendKeysToElement on session 26e90cf751a94491357d237ee8548956 to remote] DEBUG org.apache.http.impl.execchain.MainClientExec  - Proxy auth state: UNCHALLENGED
141438 [Forwarding sendKeysToElement on session 26e90cf751a94491357d237ee8548956 to remote] DEBUG org.apache.http.impl.execchain.MainClientExec  - Proxy auth state: UNCHALLENGED
141438 [Forwarding sendKeysToElement on session 26e90cf751a94491357d237ee8548956 to remote] DEBUG org.apache.http.impl.execchain.MainClientExec  - Proxy auth state: UNCHALLENGED
141438 [Forwarding sendKeysToElement on session 26e90cf751a94491357d237ee8548956 to remote] DEBUG org.apache.http.headers  - http-outgoing-101 >> POST /session/26e90cf751a94491357d237ee8548956/element/0.18080964092899965-1/value HTTP/1.1
141438 [Forwarding sendKeysToElement on session 26e90cf751a94491357d237ee8548956 to remote] DEBUG org.apache.http.headers  - http-outgoing-101 >> POST /session/26e90cf751a94491357d237ee8548956/element/0.18080964092899965-1/value HTTP/1.1
141438 [Forwarding sendKeysToElement on session 26e90cf751a94491357d237ee8548956 to remote] DEBUG org.apache.http.headers  - http-outgoing-101 >> POST /session/26e90cf751a94491357d237ee8548956/element/0.18080964092899965-1/value HTTP/1.1
141438 [Forwarding sendKeysToElement on session 26e90cf751a94491357d237ee8548956 to remote] DEBUG org.apache.http.headers  - http-outgoing-101 >> POST /session/26e90cf751a94491357d237ee8548956/element/0.18080964092899965-1/value HTTP/1.1
141438 [Forwarding sendKeysToElement on session 26e90cf751a94491357d237ee8548956 to remote] DEBUG org.apache.http.headers  - http-outgoing-101 >> Content-Type: application/json; charset=utf-8
141438 [Forwarding sendKeysToElement on session 26e90cf751a94491357d237ee8548956 to remote] DEBUG org.apache.http.headers  - http-outgoing-101 >> Content-Type: application/json; charset=utf-8
141438 [Forwarding sendKeysToElement on session 26e90cf751a94491357d237ee8548956 to remote] DEBUG org.apache.http.headers  - http-outgoing-101 >> Content-Type: application/json; charset=utf-8
141438 [Forwarding sendKeysToElement on session 26e90cf751a94491357d237ee8548956 to remote] DEBUG org.apache.http.headers  - http-outgoing-101 >> Content-Type: application/json; charset=utf-8
141439 [Forwarding sendKeysToElement on session 26e90cf751a94491357d237ee8548956 to remote] DEBUG org.apache.http.headers  - http-outgoing-101 >> Content-Length: 63
141439 [Forwarding sendKeysToElement on session 26e90cf751a94491357d237ee8548956 to remote] DEBUG org.apache.http.headers  - http-outgoing-101 >> Content-Length: 63
141439 [Forwarding sendKeysToElement on session 26e90cf751a94491357d237ee8548956 to remote] DEBUG org.apache.http.headers  - http-outgoing-101 >> Content-Length: 63
141439 [Forwarding sendKeysToElement on session 26e90cf751a94491357d237ee8548956 to remote] DEBUG org.apache.http.headers  - http-outgoing-101 >> Content-Length: 63
141439 [Forwarding sendKeysToElement on session 26e90cf751a94491357d237ee8548956 to remote] DEBUG org.apache.http.headers  - http-outgoing-101 >> Host: localhost:39717
141439 [Forwarding sendKeysToElement on session 26e90cf751a94491357d237ee8548956 to remote] DEBUG org.apache.http.headers  - http-outgoing-101 >> Host: localhost:39717
141439 [Forwarding sendKeysToElement on session 26e90cf751a94491357d237ee8548956 to remote] DEBUG org.apache.http.headers  - http-outgoing-101 >> Host: localhost:39717
141439 [Forwarding sendKeysToElement on session 26e90cf751a94491357d237ee8548956 to remote] DEBUG org.apache.http.headers  - http-outgoing-101 >> Host: localhost:39717
141439 [Forwarding sendKeysToElement on session 26e90cf751a94491357d237ee8548956 to remote] DEBUG org.apache.http.headers  - http-outgoing-101 >> Connection: Keep-Alive
141439 [Forwarding sendKeysToElement on session 26e90cf751a94491357d237ee8548956 to remote] DEBUG org.apache.http.headers  - http-outgoing-101 >> Connection: Keep-Alive
141439 [Forwarding sendKeysToElement on session 26e90cf751a94491357d237ee8548956 to remote] DEBUG org.apache.http.headers  - http-outgoing-101 >> Connection: Keep-Alive
141439 [Forwarding sendKeysToElement on session 26e90cf751a94491357d237ee8548956 to remote] DEBUG org.apache.http.headers  - http-outgoing-101 >> Connection: Keep-Alive
141440 [Forwarding sendKeysToElement on session 26e90cf751a94491357d237ee8548956 to remote] DEBUG org.apache.http.headers  - http-outgoing-101 >> User-Agent: Apache-HttpClient/4.5.2 (Java/1.8.0_91)
141440 [Forwarding sendKeysToElement on session 26e90cf751a94491357d237ee8548956 to remote] DEBUG org.apache.http.headers  - http-outgoing-101 >> User-Agent: Apache-HttpClient/4.5.2 (Java/1.8.0_91)
141440 [Forwarding sendKeysToElement on session 26e90cf751a94491357d237ee8548956 to remote] DEBUG org.apache.http.headers  - http-outgoing-101 >> User-Agent: Apache-HttpClient/4.5.2 (Java/1.8.0_91)
141440 [Forwarding sendKeysToElement on session 26e90cf751a94491357d237ee8548956 to remote] DEBUG org.apache.http.headers  - http-outgoing-101 >> User-Agent: Apache-HttpClient/4.5.2 (Java/1.8.0_91)
141440 [Forwarding sendKeysToElement on session 26e90cf751a94491357d237ee8548956 to remote] DEBUG org.apache.http.headers  - http-outgoing-101 >> Accept-Encoding: gzip,deflate
141440 [Forwarding sendKeysToElement on session 26e90cf751a94491357d237ee8548956 to remote] DEBUG org.apache.http.headers  - http-outgoing-101 >> Accept-Encoding: gzip,deflate
141440 [Forwarding sendKeysToElement on session 26e90cf751a94491357d237ee8548956 to remote] DEBUG org.apache.http.headers  - http-outgoing-101 >> Accept-Encoding: gzip,deflate
141440 [Forwarding sendKeysToElement on session 26e90cf751a94491357d237ee8548956 to remote] DEBUG org.apache.http.headers  - http-outgoing-101 >> Accept-Encoding: gzip,deflate
141440 [Forwarding sendKeysToElement on session 26e90cf751a94491357d237ee8548956 to remote] DEBUG org.apache.http.wire  - http-outgoing-101 >> "POST /session/26e90cf751a94491357d237ee8548956/element/0.18080964092899965-1/value HTTP/1.1[\r][\n]"
141440 [Forwarding sendKeysToElement on session 26e90cf751a94491357d237ee8548956 to remote] DEBUG org.apache.http.wire  - http-outgoing-101 >> "POST /session/26e90cf751a94491357d237ee8548956/element/0.18080964092899965-1/value HTTP/1.1[\r][\n]"
141440 [Forwarding sendKeysToElement on session 26e90cf751a94491357d237ee8548956 to remote] DEBUG org.apache.http.wire  - http-outgoing-101 >> "POST /session/26e90cf751a94491357d237ee8548956/element/0.18080964092899965-1/value HTTP/1.1[\r][\n]"
141440 [Forwarding sendKeysToElement on session 26e90cf751a94491357d237ee8548956 to remote] DEBUG org.apache.http.wire  - http-outgoing-101 >> "POST /session/26e90cf751a94491357d237ee8548956/element/0.18080964092899965-1/value HTTP/1.1[\r][\n]"
141440 [Forwarding sendKeysToElement on session 26e90cf751a94491357d237ee8548956 to remote] DEBUG org.apache.http.wire  - http-outgoing-101 >> "Content-Type: application/json; charset=utf-8[\r][\n]"
141440 [Forwarding sendKeysToElement on session 26e90cf751a94491357d237ee8548956 to remote] DEBUG org.apache.http.wire  - http-outgoing-101 >> "Content-Type: application/json; charset=utf-8[\r][\n]"
141440 [Forwarding sendKeysToElement on session 26e90cf751a94491357d237ee8548956 to remote] DEBUG org.apache.http.wire  - http-outgoing-101 >> "Content-Type: application/json; charset=utf-8[\r][\n]"
141440 [Forwarding sendKeysToElement on session 26e90cf751a94491357d237ee8548956 to remote] DEBUG org.apache.http.wire  - http-outgoing-101 >> "Content-Type: application/json; charset=utf-8[\r][\n]"
141440 [Forwarding sendKeysToElement on session 26e90cf751a94491357d237ee8548956 to remote] DEBUG org.apache.http.wire  - http-outgoing-101 >> "Content-Length: 63[\r][\n]"
141440 [Forwarding sendKeysToElement on session 26e90cf751a94491357d237ee8548956 to remote] DEBUG org.apache.http.wire  - http-outgoing-101 >> "Content-Length: 63[\r][\n]"
141440 [Forwarding sendKeysToElement on session 26e90cf751a94491357d237ee8548956 to remote] DEBUG org.apache.http.wire  - http-outgoing-101 >> "Content-Length: 63[\r][\n]"
141440 [Forwarding sendKeysToElement on session 26e90cf751a94491357d237ee8548956 to remote] DEBUG org.apache.http.wire  - http-outgoing-101 >> "Content-Length: 63[\r][\n]"
141440 [Forwarding sendKeysToElement on session 26e90cf751a94491357d237ee8548956 to remote] DEBUG org.apache.http.wire  - http-outgoing-101 >> "Host: localhost:39717[\r][\n]"
141440 [Forwarding sendKeysToElement on session 26e90cf751a94491357d237ee8548956 to remote] DEBUG org.apache.http.wire  - http-outgoing-101 >> "Host: localhost:39717[\r][\n]"
141440 [Forwarding sendKeysToElement on session 26e90cf751a94491357d237ee8548956 to remote] DEBUG org.apache.http.wire  - http-outgoing-101 >> "Host: localhost:39717[\r][\n]"
141440 [Forwarding sendKeysToElement on session 26e90cf751a94491357d237ee8548956 to remote] DEBUG org.apache.http.wire  - http-outgoing-101 >> "Host: localhost:39717[\r][\n]"
141440 [Forwarding sendKeysToElement on session 26e90cf751a94491357d237ee8548956 to remote] DEBUG org.apache.http.wire  - http-outgoing-101 >> "Connection: Keep-Alive[\r][\n]"
141440 [Forwarding sendKeysToElement on session 26e90cf751a94491357d237ee8548956 to remote] DEBUG org.apache.http.wire  - http-outgoing-101 >> "Connection: Keep-Alive[\r][\n]"
141440 [Forwarding sendKeysToElement on session 26e90cf751a94491357d237ee8548956 to remote] DEBUG org.apache.http.wire  - http-outgoing-101 >> "Connection: Keep-Alive[\r][\n]"
141440 [Forwarding sendKeysToElement on session 26e90cf751a94491357d237ee8548956 to remote] DEBUG org.apache.http.wire  - http-outgoing-101 >> "Connection: Keep-Alive[\r][\n]"
141440 [Forwarding sendKeysToElement on session 26e90cf751a94491357d237ee8548956 to remote] DEBUG org.apache.http.wire  - http-outgoing-101 >> "User-Agent: Apache-HttpClient/4.5.2 (Java/1.8.0_91)[\r][\n]"
141440 [Forwarding sendKeysToElement on session 26e90cf751a94491357d237ee8548956 to remote] DEBUG org.apache.http.wire  - http-outgoing-101 >> "User-Agent: Apache-HttpClient/4.5.2 (Java/1.8.0_91)[\r][\n]"
141440 [Forwarding sendKeysToElement on session 26e90cf751a94491357d237ee8548956 to remote] DEBUG org.apache.http.wire  - http-outgoing-101 >> "User-Agent: Apache-HttpClient/4.5.2 (Java/1.8.0_91)[\r][\n]"
141440 [Forwarding sendKeysToElement on session 26e90cf751a94491357d237ee8548956 to remote] DEBUG org.apache.http.wire  - http-outgoing-101 >> "User-Agent: Apache-HttpClient/4.5.2 (Java/1.8.0_91)[\r][\n]"
141441 [Forwarding sendKeysToElement on session 26e90cf751a94491357d237ee8548956 to remote] DEBUG org.apache.http.wire  - http-outgoing-101 >> "Accept-Encoding: gzip,deflate[\r][\n]"
141441 [Forwarding sendKeysToElement on session 26e90cf751a94491357d237ee8548956 to remote] DEBUG org.apache.http.wire  - http-outgoing-101 >> "Accept-Encoding: gzip,deflate[\r][\n]"
141441 [Forwarding sendKeysToElement on session 26e90cf751a94491357d237ee8548956 to remote] DEBUG org.apache.http.wire  - http-outgoing-101 >> "Accept-Encoding: gzip,deflate[\r][\n]"
141441 [Forwarding sendKeysToElement on session 26e90cf751a94491357d237ee8548956 to remote] DEBUG org.apache.http.wire  - http-outgoing-101 >> "Accept-Encoding: gzip,deflate[\r][\n]"
141441 [Forwarding sendKeysToElement on session 26e90cf751a94491357d237ee8548956 to remote] DEBUG org.apache.http.wire  - http-outgoing-101 >> "[\r][\n]"
141441 [Forwarding sendKeysToElement on session 26e90cf751a94491357d237ee8548956 to remote] DEBUG org.apache.http.wire  - http-outgoing-101 >> "[\r][\n]"
141441 [Forwarding sendKeysToElement on session 26e90cf751a94491357d237ee8548956 to remote] DEBUG org.apache.http.wire  - http-outgoing-101 >> "[\r][\n]"
141441 [Forwarding sendKeysToElement on session 26e90cf751a94491357d237ee8548956 to remote] DEBUG org.apache.http.wire  - http-outgoing-101 >> "[\r][\n]"
141441 [Forwarding sendKeysToElement on session 26e90cf751a94491357d237ee8548956 to remote] DEBUG org.apache.http.wire  - http-outgoing-101 >> "{"id":"0.18080964092899965-1","value":["shartbutts@gmail.com"]}"
141441 [Forwarding sendKeysToElement on session 26e90cf751a94491357d237ee8548956 to remote] DEBUG org.apache.http.wire  - http-outgoing-101 >> "{"id":"0.18080964092899965-1","value":["shartbutts@gmail.com"]}"
141441 [Forwarding sendKeysToElement on session 26e90cf751a94491357d237ee8548956 to remote] DEBUG org.apache.http.wire  - http-outgoing-101 >> "{"id":"0.18080964092899965-1","value":["shartbutts@gmail.com"]}"
141441 [Forwarding sendKeysToElement on session 26e90cf751a94491357d237ee8548956 to remote] DEBUG org.apache.http.wire  - http-outgoing-101 >> "{"id":"0.18080964092899965-1","value":["shartbutts@gmail.com"]}"
141508 [Forwarding sendKeysToElement on session 26e90cf751a94491357d237ee8548956 to remote] DEBUG org.apache.http.wire  - http-outgoing-101 << "HTTP/1.1 200 OK[\r][\n]"
141508 [Forwarding sendKeysToElement on session 26e90cf751a94491357d237ee8548956 to remote] DEBUG org.apache.http.wire  - http-outgoing-101 << "HTTP/1.1 200 OK[\r][\n]"
141508 [Forwarding sendKeysToElement on session 26e90cf751a94491357d237ee8548956 to remote] DEBUG org.apache.http.wire  - http-outgoing-101 << "HTTP/1.1 200 OK[\r][\n]"
141508 [Forwarding sendKeysToElement on session 26e90cf751a94491357d237ee8548956 to remote] DEBUG org.apache.http.wire  - http-outgoing-101 << "HTTP/1.1 200 OK[\r][\n]"
141509 [Forwarding sendKeysToElement on session 26e90cf751a94491357d237ee8548956 to remote] DEBUG org.apache.http.wire  - http-outgoing-101 << "Content-Length:72[\r][\n]"
141509 [Forwarding sendKeysToElement on session 26e90cf751a94491357d237ee8548956 to remote] DEBUG org.apache.http.wire  - http-outgoing-101 << "Content-Length:72[\r][\n]"
141509 [Forwarding sendKeysToElement on session 26e90cf751a94491357d237ee8548956 to remote] DEBUG org.apache.http.wire  - http-outgoing-101 << "Content-Length:72[\r][\n]"
141509 [Forwarding sendKeysToElement on session 26e90cf751a94491357d237ee8548956 to remote] DEBUG org.apache.http.wire  - http-outgoing-101 << "Content-Length:72[\r][\n]"
141509 [Forwarding sendKeysToElement on session 26e90cf751a94491357d237ee8548956 to remote] DEBUG org.apache.http.wire  - http-outgoing-101 << "Content-Type:application/json; charset=utf-8[\r][\n]"
141509 [Forwarding sendKeysToElement on session 26e90cf751a94491357d237ee8548956 to remote] DEBUG org.apache.http.wire  - http-outgoing-101 << "Content-Type:application/json; charset=utf-8[\r][\n]"
141509 [Forwarding sendKeysToElement on session 26e90cf751a94491357d237ee8548956 to remote] DEBUG org.apache.http.wire  - http-outgoing-101 << "Content-Type:application/json; charset=utf-8[\r][\n]"
141509 [Forwarding sendKeysToElement on session 26e90cf751a94491357d237ee8548956 to remote] DEBUG org.apache.http.wire  - http-outgoing-101 << "Content-Type:application/json; charset=utf-8[\r][\n]"
141509 [Forwarding sendKeysToElement on session 26e90cf751a94491357d237ee8548956 to remote] DEBUG org.apache.http.wire  - http-outgoing-101 << "Connection:close[\r][\n]"
141509 [Forwarding sendKeysToElement on session 26e90cf751a94491357d237ee8548956 to remote] DEBUG org.apache.http.wire  - http-outgoing-101 << "Connection:close[\r][\n]"
141509 [Forwarding sendKeysToElement on session 26e90cf751a94491357d237ee8548956 to remote] DEBUG org.apache.http.wire  - http-outgoing-101 << "Connection:close[\r][\n]"
141509 [Forwarding sendKeysToElement on session 26e90cf751a94491357d237ee8548956 to remote] DEBUG org.apache.http.wire  - http-outgoing-101 << "Connection:close[\r][\n]"
141509 [Forwarding sendKeysToElement on session 26e90cf751a94491357d237ee8548956 to remote] DEBUG org.apache.http.wire  - http-outgoing-101 << "[\r][\n]"
141509 [Forwarding sendKeysToElement on session 26e90cf751a94491357d237ee8548956 to remote] DEBUG org.apache.http.wire  - http-outgoing-101 << "[\r][\n]"
141509 [Forwarding sendKeysToElement on session 26e90cf751a94491357d237ee8548956 to remote] DEBUG org.apache.http.wire  - http-outgoing-101 << "[\r][\n]"
141509 [Forwarding sendKeysToElement on session 26e90cf751a94491357d237ee8548956 to remote] DEBUG org.apache.http.wire  - http-outgoing-101 << "[\r][\n]"
141509 [Forwarding sendKeysToElement on session 26e90cf751a94491357d237ee8548956 to remote] DEBUG org.apache.http.wire  - http-outgoing-101 << "{"sessionId":"26e90cf751a94491357d237ee8548956","status":0,"value":null}"
141509 [Forwarding sendKeysToElement on session 26e90cf751a94491357d237ee8548956 to remote] DEBUG org.apache.http.wire  - http-outgoing-101 << "{"sessionId":"26e90cf751a94491357d237ee8548956","status":0,"value":null}"
141509 [Forwarding sendKeysToElement on session 26e90cf751a94491357d237ee8548956 to remote] DEBUG org.apache.http.wire  - http-outgoing-101 << "{"sessionId":"26e90cf751a94491357d237ee8548956","status":0,"value":null}"
141509 [Forwarding sendKeysToElement on session 26e90cf751a94491357d237ee8548956 to remote] DEBUG org.apache.http.wire  - http-outgoing-101 << "{"sessionId":"26e90cf751a94491357d237ee8548956","status":0,"value":null}"
141510 [Forwarding sendKeysToElement on session 26e90cf751a94491357d237ee8548956 to remote] DEBUG org.apache.http.headers  - http-outgoing-101 << HTTP/1.1 200 OK
141510 [Forwarding sendKeysToElement on session 26e90cf751a94491357d237ee8548956 to remote] DEBUG org.apache.http.headers  - http-outgoing-101 << HTTP/1.1 200 OK
141510 [Forwarding sendKeysToElement on session 26e90cf751a94491357d237ee8548956 to remote] DEBUG org.apache.http.headers  - http-outgoing-101 << HTTP/1.1 200 OK
141510 [Forwarding sendKeysToElement on session 26e90cf751a94491357d237ee8548956 to remote] DEBUG org.apache.http.headers  - http-outgoing-101 << HTTP/1.1 200 OK
141510 [Forwarding sendKeysToElement on session 26e90cf751a94491357d237ee8548956 to remote] DEBUG org.apache.http.headers  - http-outgoing-101 << Content-Length:72
141510 [Forwarding sendKeysToElement on session 26e90cf751a94491357d237ee8548956 to remote] DEBUG org.apache.http.headers  - http-outgoing-101 << Content-Length:72
141510 [Forwarding sendKeysToElement on session 26e90cf751a94491357d237ee8548956 to remote] DEBUG org.apache.http.headers  - http-outgoing-101 << Content-Length:72
141510 [Forwarding sendKeysToElement on session 26e90cf751a94491357d237ee8548956 to remote] DEBUG org.apache.http.headers  - http-outgoing-101 << Content-Length:72
141510 [Forwarding sendKeysToElement on session 26e90cf751a94491357d237ee8548956 to remote] DEBUG org.apache.http.headers  - http-outgoing-101 << Content-Type:application/json; charset=utf-8
141510 [Forwarding sendKeysToElement on session 26e90cf751a94491357d237ee8548956 to remote] DEBUG org.apache.http.headers  - http-outgoing-101 << Content-Type:application/json; charset=utf-8
141510 [Forwarding sendKeysToElement on session 26e90cf751a94491357d237ee8548956 to remote] DEBUG org.apache.http.headers  - http-outgoing-101 << Content-Type:application/json; charset=utf-8
141510 [Forwarding sendKeysToElement on session 26e90cf751a94491357d237ee8548956 to remote] DEBUG org.apache.http.headers  - http-outgoing-101 << Content-Type:application/json; charset=utf-8
141510 [Forwarding sendKeysToElement on session 26e90cf751a94491357d237ee8548956 to remote] DEBUG org.apache.http.headers  - http-outgoing-101 << Connection:close
141510 [Forwarding sendKeysToElement on session 26e90cf751a94491357d237ee8548956 to remote] DEBUG org.apache.http.headers  - http-outgoing-101 << Connection:close
141510 [Forwarding sendKeysToElement on session 26e90cf751a94491357d237ee8548956 to remote] DEBUG org.apache.http.headers  - http-outgoing-101 << Connection:close
141510 [Forwarding sendKeysToElement on session 26e90cf751a94491357d237ee8548956 to remote] DEBUG org.apache.http.headers  - http-outgoing-101 << Connection:close
141510 [Forwarding sendKeysToElement on session 26e90cf751a94491357d237ee8548956 to remote] DEBUG org.apache.http.impl.conn.DefaultManagedHttpClientConnection  - http-outgoing-101: Close connection
141510 [Forwarding sendKeysToElement on session 26e90cf751a94491357d237ee8548956 to remote] DEBUG org.apache.http.impl.conn.DefaultManagedHttpClientConnection  - http-outgoing-101: Close connection
141510 [Forwarding sendKeysToElement on session 26e90cf751a94491357d237ee8548956 to remote] DEBUG org.apache.http.impl.conn.DefaultManagedHttpClientConnection  - http-outgoing-101: Close connection
141510 [Forwarding sendKeysToElement on session 26e90cf751a94491357d237ee8548956 to remote] DEBUG org.apache.http.impl.conn.DefaultManagedHttpClientConnection  - http-outgoing-101: Close connection
141510 [Forwarding sendKeysToElement on session 26e90cf751a94491357d237ee8548956 to remote] DEBUG org.apache.http.impl.execchain.MainClientExec  - Connection discarded
141510 [Forwarding sendKeysToElement on session 26e90cf751a94491357d237ee8548956 to remote] DEBUG org.apache.http.impl.execchain.MainClientExec  - Connection discarded
141510 [Forwarding sendKeysToElement on session 26e90cf751a94491357d237ee8548956 to remote] DEBUG org.apache.http.impl.execchain.MainClientExec  - Connection discarded
141510 [Forwarding sendKeysToElement on session 26e90cf751a94491357d237ee8548956 to remote] DEBUG org.apache.http.impl.execchain.MainClientExec  - Connection discarded
141510 [Forwarding sendKeysToElement on session 26e90cf751a94491357d237ee8548956 to remote] DEBUG org.apache.http.impl.conn.PoolingHttpClientConnectionManager  - Connection released: [id: 101][route: {}->http://localhost:39717][total kept alive: 0; route allocated: 0 of 2000; total allocated: 0 of 2000]
141510 [Forwarding sendKeysToElement on session 26e90cf751a94491357d237ee8548956 to remote] DEBUG org.apache.http.impl.conn.PoolingHttpClientConnectionManager  - Connection released: [id: 101][route: {}->http://localhost:39717][total kept alive: 0; route allocated: 0 of 2000; total allocated: 0 of 2000]
141510 [Forwarding sendKeysToElement on session 26e90cf751a94491357d237ee8548956 to remote] DEBUG org.apache.http.impl.conn.PoolingHttpClientConnectionManager  - Connection released: [id: 101][route: {}->http://localhost:39717][total kept alive: 0; route allocated: 0 of 2000; total allocated: 0 of 2000]
141510 [Forwarding sendKeysToElement on session 26e90cf751a94491357d237ee8548956 to remote] DEBUG org.apache.http.impl.conn.PoolingHttpClientConnectionManager  - Connection released: [id: 101][route: {}->http://localhost:39717][total kept alive: 0; route allocated: 0 of 2000; total allocated: 0 of 2000]
141513 [Forwarding findElement on session 26e90cf751a94491357d237ee8548956 to remote] DEBUG org.apache.http.client.protocol.RequestAddCookies  - CookieSpec selected: default
141513 [Forwarding findElement on session 26e90cf751a94491357d237ee8548956 to remote] DEBUG org.apache.http.client.protocol.RequestAddCookies  - CookieSpec selected: default
141513 [Forwarding findElement on session 26e90cf751a94491357d237ee8548956 to remote] DEBUG org.apache.http.client.protocol.RequestAddCookies  - CookieSpec selected: default
141513 [Forwarding findElement on session 26e90cf751a94491357d237ee8548956 to remote] DEBUG org.apache.http.client.protocol.RequestAddCookies  - CookieSpec selected: default
141513 [Forwarding findElement on session 26e90cf751a94491357d237ee8548956 to remote] DEBUG org.apache.http.client.protocol.RequestAuthCache  - Auth cache not set in the context
141513 [Forwarding findElement on session 26e90cf751a94491357d237ee8548956 to remote] DEBUG org.apache.http.client.protocol.RequestAuthCache  - Auth cache not set in the context
141513 [Forwarding findElement on session 26e90cf751a94491357d237ee8548956 to remote] DEBUG org.apache.http.client.protocol.RequestAuthCache  - Auth cache not set in the context
141513 [Forwarding findElement on session 26e90cf751a94491357d237ee8548956 to remote] DEBUG org.apache.http.client.protocol.RequestAuthCache  - Auth cache not set in the context
141513 [Forwarding findElement on session 26e90cf751a94491357d237ee8548956 to remote] DEBUG org.apache.http.impl.conn.PoolingHttpClientConnectionManager  - Connection request: [route: {}->http://localhost:39717][total kept alive: 0; route allocated: 0 of 2000; total allocated: 0 of 2000]
141513 [Forwarding findElement on session 26e90cf751a94491357d237ee8548956 to remote] DEBUG org.apache.http.impl.conn.PoolingHttpClientConnectionManager  - Connection request: [route: {}->http://localhost:39717][total kept alive: 0; route allocated: 0 of 2000; total allocated: 0 of 2000]
141513 [Forwarding findElement on session 26e90cf751a94491357d237ee8548956 to remote] DEBUG org.apache.http.impl.conn.PoolingHttpClientConnectionManager  - Connection request: [route: {}->http://localhost:39717][total kept alive: 0; route allocated: 0 of 2000; total allocated: 0 of 2000]
141513 [Forwarding findElement on session 26e90cf751a94491357d237ee8548956 to remote] DEBUG org.apache.http.impl.conn.PoolingHttpClientConnectionManager  - Connection request: [route: {}->http://localhost:39717][total kept alive: 0; route allocated: 0 of 2000; total allocated: 0 of 2000]
141513 [Forwarding findElement on session 26e90cf751a94491357d237ee8548956 to remote] DEBUG org.apache.http.impl.conn.PoolingHttpClientConnectionManager  - Connection leased: [id: 102][route: {}->http://localhost:39717][total kept alive: 0; route allocated: 1 of 2000; total allocated: 1 of 2000]
141513 [Forwarding findElement on session 26e90cf751a94491357d237ee8548956 to remote] DEBUG org.apache.http.impl.conn.PoolingHttpClientConnectionManager  - Connection leased: [id: 102][route: {}->http://localhost:39717][total kept alive: 0; route allocated: 1 of 2000; total allocated: 1 of 2000]
141513 [Forwarding findElement on session 26e90cf751a94491357d237ee8548956 to remote] DEBUG org.apache.http.impl.conn.PoolingHttpClientConnectionManager  - Connection leased: [id: 102][route: {}->http://localhost:39717][total kept alive: 0; route allocated: 1 of 2000; total allocated: 1 of 2000]
141513 [Forwarding findElement on session 26e90cf751a94491357d237ee8548956 to remote] DEBUG org.apache.http.impl.conn.PoolingHttpClientConnectionManager  - Connection leased: [id: 102][route: {}->http://localhost:39717][total kept alive: 0; route allocated: 1 of 2000; total allocated: 1 of 2000]
141513 [Forwarding findElement on session 26e90cf751a94491357d237ee8548956 to remote] DEBUG org.apache.http.impl.execchain.MainClientExec  - Opening connection {}->http://localhost:39717
141513 [Forwarding findElement on session 26e90cf751a94491357d237ee8548956 to remote] DEBUG org.apache.http.impl.execchain.MainClientExec  - Opening connection {}->http://localhost:39717
141513 [Forwarding findElement on session 26e90cf751a94491357d237ee8548956 to remote] DEBUG org.apache.http.impl.execchain.MainClientExec  - Opening connection {}->http://localhost:39717
141513 [Forwarding findElement on session 26e90cf751a94491357d237ee8548956 to remote] DEBUG org.apache.http.impl.execchain.MainClientExec  - Opening connection {}->http://localhost:39717
141514 [Forwarding findElement on session 26e90cf751a94491357d237ee8548956 to remote] DEBUG org.apache.http.impl.conn.DefaultHttpClientConnectionOperator  - Connecting to localhost/127.0.0.1:39717
141514 [Forwarding findElement on session 26e90cf751a94491357d237ee8548956 to remote] DEBUG org.apache.http.impl.conn.DefaultHttpClientConnectionOperator  - Connecting to localhost/127.0.0.1:39717
141514 [Forwarding findElement on session 26e90cf751a94491357d237ee8548956 to remote] DEBUG org.apache.http.impl.conn.DefaultHttpClientConnectionOperator  - Connecting to localhost/127.0.0.1:39717
141514 [Forwarding findElement on session 26e90cf751a94491357d237ee8548956 to remote] DEBUG org.apache.http.impl.conn.DefaultHttpClientConnectionOperator  - Connecting to localhost/127.0.0.1:39717
141514 [Forwarding findElement on session 26e90cf751a94491357d237ee8548956 to remote] DEBUG org.apache.http.impl.conn.DefaultHttpClientConnectionOperator  - Connection established 127.0.0.1:53073<->127.0.0.1:39717
141514 [Forwarding findElement on session 26e90cf751a94491357d237ee8548956 to remote] DEBUG org.apache.http.impl.conn.DefaultHttpClientConnectionOperator  - Connection established 127.0.0.1:53073<->127.0.0.1:39717
141514 [Forwarding findElement on session 26e90cf751a94491357d237ee8548956 to remote] DEBUG org.apache.http.impl.conn.DefaultHttpClientConnectionOperator  - Connection established 127.0.0.1:53073<->127.0.0.1:39717
141514 [Forwarding findElement on session 26e90cf751a94491357d237ee8548956 to remote] DEBUG org.apache.http.impl.conn.DefaultHttpClientConnectionOperator  - Connection established 127.0.0.1:53073<->127.0.0.1:39717
141514 [Forwarding findElement on session 26e90cf751a94491357d237ee8548956 to remote] DEBUG org.apache.http.impl.conn.DefaultManagedHttpClientConnection  - http-outgoing-102: set socket timeout to 10800000
141514 [Forwarding findElement on session 26e90cf751a94491357d237ee8548956 to remote] DEBUG org.apache.http.impl.conn.DefaultManagedHttpClientConnection  - http-outgoing-102: set socket timeout to 10800000
141514 [Forwarding findElement on session 26e90cf751a94491357d237ee8548956 to remote] DEBUG org.apache.http.impl.conn.DefaultManagedHttpClientConnection  - http-outgoing-102: set socket timeout to 10800000
141514 [Forwarding findElement on session 26e90cf751a94491357d237ee8548956 to remote] DEBUG org.apache.http.impl.conn.DefaultManagedHttpClientConnection  - http-outgoing-102: set socket timeout to 10800000
141515 [Forwarding findElement on session 26e90cf751a94491357d237ee8548956 to remote] DEBUG org.apache.http.impl.execchain.MainClientExec  - Executing request POST /session/26e90cf751a94491357d237ee8548956/element HTTP/1.1
141515 [Forwarding findElement on session 26e90cf751a94491357d237ee8548956 to remote] DEBUG org.apache.http.impl.execchain.MainClientExec  - Executing request POST /session/26e90cf751a94491357d237ee8548956/element HTTP/1.1
141515 [Forwarding findElement on session 26e90cf751a94491357d237ee8548956 to remote] DEBUG org.apache.http.impl.execchain.MainClientExec  - Executing request POST /session/26e90cf751a94491357d237ee8548956/element HTTP/1.1
141515 [Forwarding findElement on session 26e90cf751a94491357d237ee8548956 to remote] DEBUG org.apache.http.impl.execchain.MainClientExec  - Executing request POST /session/26e90cf751a94491357d237ee8548956/element HTTP/1.1
141515 [Forwarding findElement on session 26e90cf751a94491357d237ee8548956 to remote] DEBUG org.apache.http.impl.execchain.MainClientExec  - Target auth state: UNCHALLENGED
141515 [Forwarding findElement on session 26e90cf751a94491357d237ee8548956 to remote] DEBUG org.apache.http.impl.execchain.MainClientExec  - Target auth state: UNCHALLENGED
141515 [Forwarding findElement on session 26e90cf751a94491357d237ee8548956 to remote] DEBUG org.apache.http.impl.execchain.MainClientExec  - Target auth state: UNCHALLENGED
141515 [Forwarding findElement on session 26e90cf751a94491357d237ee8548956 to remote] DEBUG org.apache.http.impl.execchain.MainClientExec  - Target auth state: UNCHALLENGED
141515 [Forwarding findElement on session 26e90cf751a94491357d237ee8548956 to remote] DEBUG org.apache.http.impl.execchain.MainClientExec  - Proxy auth state: UNCHALLENGED
141515 [Forwarding findElement on session 26e90cf751a94491357d237ee8548956 to remote] DEBUG org.apache.http.impl.execchain.MainClientExec  - Proxy auth state: UNCHALLENGED
141515 [Forwarding findElement on session 26e90cf751a94491357d237ee8548956 to remote] DEBUG org.apache.http.impl.execchain.MainClientExec  - Proxy auth state: UNCHALLENGED
141515 [Forwarding findElement on session 26e90cf751a94491357d237ee8548956 to remote] DEBUG org.apache.http.impl.execchain.MainClientExec  - Proxy auth state: UNCHALLENGED
141515 [Forwarding findElement on session 26e90cf751a94491357d237ee8548956 to remote] DEBUG org.apache.http.headers  - http-outgoing-102 >> POST /session/26e90cf751a94491357d237ee8548956/element HTTP/1.1
141515 [Forwarding findElement on session 26e90cf751a94491357d237ee8548956 to remote] DEBUG org.apache.http.headers  - http-outgoing-102 >> POST /session/26e90cf751a94491357d237ee8548956/element HTTP/1.1
141515 [Forwarding findElement on session 26e90cf751a94491357d237ee8548956 to remote] DEBUG org.apache.http.headers  - http-outgoing-102 >> POST /session/26e90cf751a94491357d237ee8548956/element HTTP/1.1
141515 [Forwarding findElement on session 26e90cf751a94491357d237ee8548956 to remote] DEBUG org.apache.http.headers  - http-outgoing-102 >> POST /session/26e90cf751a94491357d237ee8548956/element HTTP/1.1
141515 [Forwarding findElement on session 26e90cf751a94491357d237ee8548956 to remote] DEBUG org.apache.http.headers  - http-outgoing-102 >> Content-Type: application/json; charset=utf-8
141515 [Forwarding findElement on session 26e90cf751a94491357d237ee8548956 to remote] DEBUG org.apache.http.headers  - http-outgoing-102 >> Content-Type: application/json; charset=utf-8
141515 [Forwarding findElement on session 26e90cf751a94491357d237ee8548956 to remote] DEBUG org.apache.http.headers  - http-outgoing-102 >> Content-Type: application/json; charset=utf-8
141515 [Forwarding findElement on session 26e90cf751a94491357d237ee8548956 to remote] DEBUG org.apache.http.headers  - http-outgoing-102 >> Content-Type: application/json; charset=utf-8
141515 [Forwarding findElement on session 26e90cf751a94491357d237ee8548956 to remote] DEBUG org.apache.http.headers  - http-outgoing-102 >> Content-Length: 44
141515 [Forwarding findElement on session 26e90cf751a94491357d237ee8548956 to remote] DEBUG org.apache.http.headers  - http-outgoing-102 >> Content-Length: 44
141515 [Forwarding findElement on session 26e90cf751a94491357d237ee8548956 to remote] DEBUG org.apache.http.headers  - http-outgoing-102 >> Content-Length: 44
141515 [Forwarding findElement on session 26e90cf751a94491357d237ee8548956 to remote] DEBUG org.apache.http.headers  - http-outgoing-102 >> Content-Length: 44
141515 [Forwarding findElement on session 26e90cf751a94491357d237ee8548956 to remote] DEBUG org.apache.http.headers  - http-outgoing-102 >> Host: localhost:39717
141515 [Forwarding findElement on session 26e90cf751a94491357d237ee8548956 to remote] DEBUG org.apache.http.headers  - http-outgoing-102 >> Host: localhost:39717
141515 [Forwarding findElement on session 26e90cf751a94491357d237ee8548956 to remote] DEBUG org.apache.http.headers  - http-outgoing-102 >> Host: localhost:39717
141515 [Forwarding findElement on session 26e90cf751a94491357d237ee8548956 to remote] DEBUG org.apache.http.headers  - http-outgoing-102 >> Host: localhost:39717
141515 [Forwarding findElement on session 26e90cf751a94491357d237ee8548956 to remote] DEBUG org.apache.http.headers  - http-outgoing-102 >> Connection: Keep-Alive
141515 [Forwarding findElement on session 26e90cf751a94491357d237ee8548956 to remote] DEBUG org.apache.http.headers  - http-outgoing-102 >> Connection: Keep-Alive
141515 [Forwarding findElement on session 26e90cf751a94491357d237ee8548956 to remote] DEBUG org.apache.http.headers  - http-outgoing-102 >> Connection: Keep-Alive
141515 [Forwarding findElement on session 26e90cf751a94491357d237ee8548956 to remote] DEBUG org.apache.http.headers  - http-outgoing-102 >> Connection: Keep-Alive
141515 [Forwarding findElement on session 26e90cf751a94491357d237ee8548956 to remote] DEBUG org.apache.http.headers  - http-outgoing-102 >> User-Agent: Apache-HttpClient/4.5.2 (Java/1.8.0_91)
141515 [Forwarding findElement on session 26e90cf751a94491357d237ee8548956 to remote] DEBUG org.apache.http.headers  - http-outgoing-102 >> User-Agent: Apache-HttpClient/4.5.2 (Java/1.8.0_91)
141515 [Forwarding findElement on session 26e90cf751a94491357d237ee8548956 to remote] DEBUG org.apache.http.headers  - http-outgoing-102 >> User-Agent: Apache-HttpClient/4.5.2 (Java/1.8.0_91)
141515 [Forwarding findElement on session 26e90cf751a94491357d237ee8548956 to remote] DEBUG org.apache.http.headers  - http-outgoing-102 >> User-Agent: Apache-HttpClient/4.5.2 (Java/1.8.0_91)
141515 [Forwarding findElement on session 26e90cf751a94491357d237ee8548956 to remote] DEBUG org.apache.http.headers  - http-outgoing-102 >> Accept-Encoding: gzip,deflate
141515 [Forwarding findElement on session 26e90cf751a94491357d237ee8548956 to remote] DEBUG org.apache.http.headers  - http-outgoing-102 >> Accept-Encoding: gzip,deflate
141515 [Forwarding findElement on session 26e90cf751a94491357d237ee8548956 to remote] DEBUG org.apache.http.headers  - http-outgoing-102 >> Accept-Encoding: gzip,deflate
141515 [Forwarding findElement on session 26e90cf751a94491357d237ee8548956 to remote] DEBUG org.apache.http.headers  - http-outgoing-102 >> Accept-Encoding: gzip,deflate
141515 [Forwarding findElement on session 26e90cf751a94491357d237ee8548956 to remote] DEBUG org.apache.http.wire  - http-outgoing-102 >> "POST /session/26e90cf751a94491357d237ee8548956/element HTTP/1.1[\r][\n]"
141515 [Forwarding findElement on session 26e90cf751a94491357d237ee8548956 to remote] DEBUG org.apache.http.wire  - http-outgoing-102 >> "POST /session/26e90cf751a94491357d237ee8548956/element HTTP/1.1[\r][\n]"
141515 [Forwarding findElement on session 26e90cf751a94491357d237ee8548956 to remote] DEBUG org.apache.http.wire  - http-outgoing-102 >> "POST /session/26e90cf751a94491357d237ee8548956/element HTTP/1.1[\r][\n]"
141515 [Forwarding findElement on session 26e90cf751a94491357d237ee8548956 to remote] DEBUG org.apache.http.wire  - http-outgoing-102 >> "POST /session/26e90cf751a94491357d237ee8548956/element HTTP/1.1[\r][\n]"
141515 [Forwarding findElement on session 26e90cf751a94491357d237ee8548956 to remote] DEBUG org.apache.http.wire  - http-outgoing-102 >> "Content-Type: application/json; charset=utf-8[\r][\n]"
141515 [Forwarding findElement on session 26e90cf751a94491357d237ee8548956 to remote] DEBUG org.apache.http.wire  - http-outgoing-102 >> "Content-Type: application/json; charset=utf-8[\r][\n]"
141515 [Forwarding findElement on session 26e90cf751a94491357d237ee8548956 to remote] DEBUG org.apache.http.wire  - http-outgoing-102 >> "Content-Type: application/json; charset=utf-8[\r][\n]"
141515 [Forwarding findElement on session 26e90cf751a94491357d237ee8548956 to remote] DEBUG org.apache.http.wire  - http-outgoing-102 >> "Content-Type: application/json; charset=utf-8[\r][\n]"
141515 [Forwarding findElement on session 26e90cf751a94491357d237ee8548956 to remote] DEBUG org.apache.http.wire  - http-outgoing-102 >> "Content-Length: 44[\r][\n]"
141515 [Forwarding findElement on session 26e90cf751a94491357d237ee8548956 to remote] DEBUG org.apache.http.wire  - http-outgoing-102 >> "Content-Length: 44[\r][\n]"
141515 [Forwarding findElement on session 26e90cf751a94491357d237ee8548956 to remote] DEBUG org.apache.http.wire  - http-outgoing-102 >> "Content-Length: 44[\r][\n]"
141515 [Forwarding findElement on session 26e90cf751a94491357d237ee8548956 to remote] DEBUG org.apache.http.wire  - http-outgoing-102 >> "Content-Length: 44[\r][\n]"
141515 [Forwarding findElement on session 26e90cf751a94491357d237ee8548956 to remote] DEBUG org.apache.http.wire  - http-outgoing-102 >> "Host: localhost:39717[\r][\n]"
141515 [Forwarding findElement on session 26e90cf751a94491357d237ee8548956 to remote] DEBUG org.apache.http.wire  - http-outgoing-102 >> "Host: localhost:39717[\r][\n]"
141515 [Forwarding findElement on session 26e90cf751a94491357d237ee8548956 to remote] DEBUG org.apache.http.wire  - http-outgoing-102 >> "Host: localhost:39717[\r][\n]"
141515 [Forwarding findElement on session 26e90cf751a94491357d237ee8548956 to remote] DEBUG org.apache.http.wire  - http-outgoing-102 >> "Host: localhost:39717[\r][\n]"
141515 [Forwarding findElement on session 26e90cf751a94491357d237ee8548956 to remote] DEBUG org.apache.http.wire  - http-outgoing-102 >> "Connection: Keep-Alive[\r][\n]"
141515 [Forwarding findElement on session 26e90cf751a94491357d237ee8548956 to remote] DEBUG org.apache.http.wire  - http-outgoing-102 >> "Connection: Keep-Alive[\r][\n]"
141515 [Forwarding findElement on session 26e90cf751a94491357d237ee8548956 to remote] DEBUG org.apache.http.wire  - http-outgoing-102 >> "Connection: Keep-Alive[\r][\n]"
141515 [Forwarding findElement on session 26e90cf751a94491357d237ee8548956 to remote] DEBUG org.apache.http.wire  - http-outgoing-102 >> "Connection: Keep-Alive[\r][\n]"
141515 [Forwarding findElement on session 26e90cf751a94491357d237ee8548956 to remote] DEBUG org.apache.http.wire  - http-outgoing-102 >> "User-Agent: Apache-HttpClient/4.5.2 (Java/1.8.0_91)[\r][\n]"
141515 [Forwarding findElement on session 26e90cf751a94491357d237ee8548956 to remote] DEBUG org.apache.http.wire  - http-outgoing-102 >> "User-Agent: Apache-HttpClient/4.5.2 (Java/1.8.0_91)[\r][\n]"
141515 [Forwarding findElement on session 26e90cf751a94491357d237ee8548956 to remote] DEBUG org.apache.http.wire  - http-outgoing-102 >> "User-Agent: Apache-HttpClient/4.5.2 (Java/1.8.0_91)[\r][\n]"
141515 [Forwarding findElement on session 26e90cf751a94491357d237ee8548956 to remote] DEBUG org.apache.http.wire  - http-outgoing-102 >> "User-Agent: Apache-HttpClient/4.5.2 (Java/1.8.0_91)[\r][\n]"
141515 [Forwarding findElement on session 26e90cf751a94491357d237ee8548956 to remote] DEBUG org.apache.http.wire  - http-outgoing-102 >> "Accept-Encoding: gzip,deflate[\r][\n]"
141515 [Forwarding findElement on session 26e90cf751a94491357d237ee8548956 to remote] DEBUG org.apache.http.wire  - http-outgoing-102 >> "Accept-Encoding: gzip,deflate[\r][\n]"
141515 [Forwarding findElement on session 26e90cf751a94491357d237ee8548956 to remote] DEBUG org.apache.http.wire  - http-outgoing-102 >> "Accept-Encoding: gzip,deflate[\r][\n]"
141515 [Forwarding findElement on session 26e90cf751a94491357d237ee8548956 to remote] DEBUG org.apache.http.wire  - http-outgoing-102 >> "Accept-Encoding: gzip,deflate[\r][\n]"
141515 [Forwarding findElement on session 26e90cf751a94491357d237ee8548956 to remote] DEBUG org.apache.http.wire  - http-outgoing-102 >> "[\r][\n]"
141515 [Forwarding findElement on session 26e90cf751a94491357d237ee8548956 to remote] DEBUG org.apache.http.wire  - http-outgoing-102 >> "[\r][\n]"
141515 [Forwarding findElement on session 26e90cf751a94491357d237ee8548956 to remote] DEBUG org.apache.http.wire  - http-outgoing-102 >> "[\r][\n]"
141515 [Forwarding findElement on session 26e90cf751a94491357d237ee8548956 to remote] DEBUG org.apache.http.wire  - http-outgoing-102 >> "[\r][\n]"
141515 [Forwarding findElement on session 26e90cf751a94491357d237ee8548956 to remote] DEBUG org.apache.http.wire  - http-outgoing-102 >> "{"using":"css selector","value":"#password"}"
141515 [Forwarding findElement on session 26e90cf751a94491357d237ee8548956 to remote] DEBUG org.apache.http.wire  - http-outgoing-102 >> "{"using":"css selector","value":"#password"}"
141515 [Forwarding findElement on session 26e90cf751a94491357d237ee8548956 to remote] DEBUG org.apache.http.wire  - http-outgoing-102 >> "{"using":"css selector","value":"#password"}"
141515 [Forwarding findElement on session 26e90cf751a94491357d237ee8548956 to remote] DEBUG org.apache.http.wire  - http-outgoing-102 >> "{"using":"css selector","value":"#password"}"
141539 [Forwarding findElement on session 26e90cf751a94491357d237ee8548956 to remote] DEBUG org.apache.http.wire  - http-outgoing-102 << "HTTP/1.1 200 OK[\r][\n]"
141539 [Forwarding findElement on session 26e90cf751a94491357d237ee8548956 to remote] DEBUG org.apache.http.wire  - http-outgoing-102 << "HTTP/1.1 200 OK[\r][\n]"
141539 [Forwarding findElement on session 26e90cf751a94491357d237ee8548956 to remote] DEBUG org.apache.http.wire  - http-outgoing-102 << "HTTP/1.1 200 OK[\r][\n]"
141539 [Forwarding findElement on session 26e90cf751a94491357d237ee8548956 to remote] DEBUG org.apache.http.wire  - http-outgoing-102 << "HTTP/1.1 200 OK[\r][\n]"
141539 [Forwarding findElement on session 26e90cf751a94491357d237ee8548956 to remote] DEBUG org.apache.http.wire  - http-outgoing-102 << "Content-Length:103[\r][\n]"
141539 [Forwarding findElement on session 26e90cf751a94491357d237ee8548956 to remote] DEBUG org.apache.http.wire  - http-outgoing-102 << "Content-Length:103[\r][\n]"
141539 [Forwarding findElement on session 26e90cf751a94491357d237ee8548956 to remote] DEBUG org.apache.http.wire  - http-outgoing-102 << "Content-Length:103[\r][\n]"
141539 [Forwarding findElement on session 26e90cf751a94491357d237ee8548956 to remote] DEBUG org.apache.http.wire  - http-outgoing-102 << "Content-Length:103[\r][\n]"
141539 [Forwarding findElement on session 26e90cf751a94491357d237ee8548956 to remote] DEBUG org.apache.http.wire  - http-outgoing-102 << "Content-Type:application/json; charset=utf-8[\r][\n]"
141539 [Forwarding findElement on session 26e90cf751a94491357d237ee8548956 to remote] DEBUG org.apache.http.wire  - http-outgoing-102 << "Content-Type:application/json; charset=utf-8[\r][\n]"
141539 [Forwarding findElement on session 26e90cf751a94491357d237ee8548956 to remote] DEBUG org.apache.http.wire  - http-outgoing-102 << "Content-Type:application/json; charset=utf-8[\r][\n]"
141539 [Forwarding findElement on session 26e90cf751a94491357d237ee8548956 to remote] DEBUG org.apache.http.wire  - http-outgoing-102 << "Content-Type:application/json; charset=utf-8[\r][\n]"
141539 [Forwarding findElement on session 26e90cf751a94491357d237ee8548956 to remote] DEBUG org.apache.http.wire  - http-outgoing-102 << "Connection:close[\r][\n]"
141539 [Forwarding findElement on session 26e90cf751a94491357d237ee8548956 to remote] DEBUG org.apache.http.wire  - http-outgoing-102 << "Connection:close[\r][\n]"
141539 [Forwarding findElement on session 26e90cf751a94491357d237ee8548956 to remote] DEBUG org.apache.http.wire  - http-outgoing-102 << "Connection:close[\r][\n]"
141539 [Forwarding findElement on session 26e90cf751a94491357d237ee8548956 to remote] DEBUG org.apache.http.wire  - http-outgoing-102 << "Connection:close[\r][\n]"
141540 [Forwarding findElement on session 26e90cf751a94491357d237ee8548956 to remote] DEBUG org.apache.http.wire  - http-outgoing-102 << "[\r][\n]"
141540 [Forwarding findElement on session 26e90cf751a94491357d237ee8548956 to remote] DEBUG org.apache.http.wire  - http-outgoing-102 << "[\r][\n]"
141540 [Forwarding findElement on session 26e90cf751a94491357d237ee8548956 to remote] DEBUG org.apache.http.wire  - http-outgoing-102 << "[\r][\n]"
141540 [Forwarding findElement on session 26e90cf751a94491357d237ee8548956 to remote] DEBUG org.apache.http.wire  - http-outgoing-102 << "[\r][\n]"
141540 [Forwarding findElement on session 26e90cf751a94491357d237ee8548956 to remote] DEBUG org.apache.http.wire  - http-outgoing-102 << "{"sessionId":"26e90cf751a94491357d237ee8548956","status":0,"value":{"ELEMENT":"0.18080964092899965-2"}}"
141540 [Forwarding findElement on session 26e90cf751a94491357d237ee8548956 to remote] DEBUG org.apache.http.wire  - http-outgoing-102 << "{"sessionId":"26e90cf751a94491357d237ee8548956","status":0,"value":{"ELEMENT":"0.18080964092899965-2"}}"
141540 [Forwarding findElement on session 26e90cf751a94491357d237ee8548956 to remote] DEBUG org.apache.http.wire  - http-outgoing-102 << "{"sessionId":"26e90cf751a94491357d237ee8548956","status":0,"value":{"ELEMENT":"0.18080964092899965-2"}}"
141540 [Forwarding findElement on session 26e90cf751a94491357d237ee8548956 to remote] DEBUG org.apache.http.wire  - http-outgoing-102 << "{"sessionId":"26e90cf751a94491357d237ee8548956","status":0,"value":{"ELEMENT":"0.18080964092899965-2"}}"
141540 [Forwarding findElement on session 26e90cf751a94491357d237ee8548956 to remote] DEBUG org.apache.http.headers  - http-outgoing-102 << HTTP/1.1 200 OK
141540 [Forwarding findElement on session 26e90cf751a94491357d237ee8548956 to remote] DEBUG org.apache.http.headers  - http-outgoing-102 << HTTP/1.1 200 OK
141540 [Forwarding findElement on session 26e90cf751a94491357d237ee8548956 to remote] DEBUG org.apache.http.headers  - http-outgoing-102 << HTTP/1.1 200 OK
141540 [Forwarding findElement on session 26e90cf751a94491357d237ee8548956 to remote] DEBUG org.apache.http.headers  - http-outgoing-102 << HTTP/1.1 200 OK
141541 [Forwarding findElement on session 26e90cf751a94491357d237ee8548956 to remote] DEBUG org.apache.http.headers  - http-outgoing-102 << Content-Length:103
141541 [Forwarding findElement on session 26e90cf751a94491357d237ee8548956 to remote] DEBUG org.apache.http.headers  - http-outgoing-102 << Content-Length:103
141541 [Forwarding findElement on session 26e90cf751a94491357d237ee8548956 to remote] DEBUG org.apache.http.headers  - http-outgoing-102 << Content-Length:103
141541 [Forwarding findElement on session 26e90cf751a94491357d237ee8548956 to remote] DEBUG org.apache.http.headers  - http-outgoing-102 << Content-Length:103
141541 [Forwarding findElement on session 26e90cf751a94491357d237ee8548956 to remote] DEBUG org.apache.http.headers  - http-outgoing-102 << Content-Type:application/json; charset=utf-8
141541 [Forwarding findElement on session 26e90cf751a94491357d237ee8548956 to remote] DEBUG org.apache.http.headers  - http-outgoing-102 << Content-Type:application/json; charset=utf-8
141541 [Forwarding findElement on session 26e90cf751a94491357d237ee8548956 to remote] DEBUG org.apache.http.headers  - http-outgoing-102 << Content-Type:application/json; charset=utf-8
141541 [Forwarding findElement on session 26e90cf751a94491357d237ee8548956 to remote] DEBUG org.apache.http.headers  - http-outgoing-102 << Content-Type:application/json; charset=utf-8
141541 [Forwarding findElement on session 26e90cf751a94491357d237ee8548956 to remote] DEBUG org.apache.http.headers  - http-outgoing-102 << Connection:close
141541 [Forwarding findElement on session 26e90cf751a94491357d237ee8548956 to remote] DEBUG org.apache.http.headers  - http-outgoing-102 << Connection:close
141541 [Forwarding findElement on session 26e90cf751a94491357d237ee8548956 to remote] DEBUG org.apache.http.headers  - http-outgoing-102 << Connection:close
141541 [Forwarding findElement on session 26e90cf751a94491357d237ee8548956 to remote] DEBUG org.apache.http.headers  - http-outgoing-102 << Connection:close
141542 [Forwarding findElement on session 26e90cf751a94491357d237ee8548956 to remote] DEBUG org.apache.http.impl.conn.DefaultManagedHttpClientConnection  - http-outgoing-102: Close connection
141542 [Forwarding findElement on session 26e90cf751a94491357d237ee8548956 to remote] DEBUG org.apache.http.impl.conn.DefaultManagedHttpClientConnection  - http-outgoing-102: Close connection
141542 [Forwarding findElement on session 26e90cf751a94491357d237ee8548956 to remote] DEBUG org.apache.http.impl.conn.DefaultManagedHttpClientConnection  - http-outgoing-102: Close connection
141542 [Forwarding findElement on session 26e90cf751a94491357d237ee8548956 to remote] DEBUG org.apache.http.impl.conn.DefaultManagedHttpClientConnection  - http-outgoing-102: Close connection
141543 [Forwarding findElement on session 26e90cf751a94491357d237ee8548956 to remote] DEBUG org.apache.http.impl.execchain.MainClientExec  - Connection discarded
141543 [Forwarding findElement on session 26e90cf751a94491357d237ee8548956 to remote] DEBUG org.apache.http.impl.execchain.MainClientExec  - Connection discarded
141543 [Forwarding findElement on session 26e90cf751a94491357d237ee8548956 to remote] DEBUG org.apache.http.impl.execchain.MainClientExec  - Connection discarded
141543 [Forwarding findElement on session 26e90cf751a94491357d237ee8548956 to remote] DEBUG org.apache.http.impl.execchain.MainClientExec  - Connection discarded
141543 [Forwarding findElement on session 26e90cf751a94491357d237ee8548956 to remote] DEBUG org.apache.http.impl.conn.PoolingHttpClientConnectionManager  - Connection released: [id: 102][route: {}->http://localhost:39717][total kept alive: 0; route allocated: 0 of 2000; total allocated: 0 of 2000]
141543 [Forwarding findElement on session 26e90cf751a94491357d237ee8548956 to remote] DEBUG org.apache.http.impl.conn.PoolingHttpClientConnectionManager  - Connection released: [id: 102][route: {}->http://localhost:39717][total kept alive: 0; route allocated: 0 of 2000; total allocated: 0 of 2000]
141543 [Forwarding findElement on session 26e90cf751a94491357d237ee8548956 to remote] DEBUG org.apache.http.impl.conn.PoolingHttpClientConnectionManager  - Connection released: [id: 102][route: {}->http://localhost:39717][total kept alive: 0; route allocated: 0 of 2000; total allocated: 0 of 2000]
141543 [Forwarding findElement on session 26e90cf751a94491357d237ee8548956 to remote] DEBUG org.apache.http.impl.conn.PoolingHttpClientConnectionManager  - Connection released: [id: 102][route: {}->http://localhost:39717][total kept alive: 0; route allocated: 0 of 2000; total allocated: 0 of 2000]
141546 [Forwarding sendKeysToElement on session 26e90cf751a94491357d237ee8548956 to remote] DEBUG org.apache.http.client.protocol.RequestAddCookies  - CookieSpec selected: default
141546 [Forwarding sendKeysToElement on session 26e90cf751a94491357d237ee8548956 to remote] DEBUG org.apache.http.client.protocol.RequestAddCookies  - CookieSpec selected: default
141546 [Forwarding sendKeysToElement on session 26e90cf751a94491357d237ee8548956 to remote] DEBUG org.apache.http.client.protocol.RequestAddCookies  - CookieSpec selected: default
141546 [Forwarding sendKeysToElement on session 26e90cf751a94491357d237ee8548956 to remote] DEBUG org.apache.http.client.protocol.RequestAddCookies  - CookieSpec selected: default
141546 [Forwarding sendKeysToElement on session 26e90cf751a94491357d237ee8548956 to remote] DEBUG org.apache.http.client.protocol.RequestAuthCache  - Auth cache not set in the context
141546 [Forwarding sendKeysToElement on session 26e90cf751a94491357d237ee8548956 to remote] DEBUG org.apache.http.client.protocol.RequestAuthCache  - Auth cache not set in the context
141546 [Forwarding sendKeysToElement on session 26e90cf751a94491357d237ee8548956 to remote] DEBUG org.apache.http.client.protocol.RequestAuthCache  - Auth cache not set in the context
141546 [Forwarding sendKeysToElement on session 26e90cf751a94491357d237ee8548956 to remote] DEBUG org.apache.http.client.protocol.RequestAuthCache  - Auth cache not set in the context
141546 [Forwarding sendKeysToElement on session 26e90cf751a94491357d237ee8548956 to remote] DEBUG org.apache.http.impl.conn.PoolingHttpClientConnectionManager  - Connection request: [route: {}->http://localhost:39717][total kept alive: 0; route allocated: 0 of 2000; total allocated: 0 of 2000]
141546 [Forwarding sendKeysToElement on session 26e90cf751a94491357d237ee8548956 to remote] DEBUG org.apache.http.impl.conn.PoolingHttpClientConnectionManager  - Connection request: [route: {}->http://localhost:39717][total kept alive: 0; route allocated: 0 of 2000; total allocated: 0 of 2000]
141546 [Forwarding sendKeysToElement on session 26e90cf751a94491357d237ee8548956 to remote] DEBUG org.apache.http.impl.conn.PoolingHttpClientConnectionManager  - Connection request: [route: {}->http://localhost:39717][total kept alive: 0; route allocated: 0 of 2000; total allocated: 0 of 2000]
141546 [Forwarding sendKeysToElement on session 26e90cf751a94491357d237ee8548956 to remote] DEBUG org.apache.http.impl.conn.PoolingHttpClientConnectionManager  - Connection request: [route: {}->http://localhost:39717][total kept alive: 0; route allocated: 0 of 2000; total allocated: 0 of 2000]
141546 [Forwarding sendKeysToElement on session 26e90cf751a94491357d237ee8548956 to remote] DEBUG org.apache.http.impl.conn.PoolingHttpClientConnectionManager  - Connection leased: [id: 103][route: {}->http://localhost:39717][total kept alive: 0; route allocated: 1 of 2000; total allocated: 1 of 2000]
141546 [Forwarding sendKeysToElement on session 26e90cf751a94491357d237ee8548956 to remote] DEBUG org.apache.http.impl.conn.PoolingHttpClientConnectionManager  - Connection leased: [id: 103][route: {}->http://localhost:39717][total kept alive: 0; route allocated: 1 of 2000; total allocated: 1 of 2000]
141546 [Forwarding sendKeysToElement on session 26e90cf751a94491357d237ee8548956 to remote] DEBUG org.apache.http.impl.conn.PoolingHttpClientConnectionManager  - Connection leased: [id: 103][route: {}->http://localhost:39717][total kept alive: 0; route allocated: 1 of 2000; total allocated: 1 of 2000]
141546 [Forwarding sendKeysToElement on session 26e90cf751a94491357d237ee8548956 to remote] DEBUG org.apache.http.impl.conn.PoolingHttpClientConnectionManager  - Connection leased: [id: 103][route: {}->http://localhost:39717][total kept alive: 0; route allocated: 1 of 2000; total allocated: 1 of 2000]
141546 [Forwarding sendKeysToElement on session 26e90cf751a94491357d237ee8548956 to remote] DEBUG org.apache.http.impl.execchain.MainClientExec  - Opening connection {}->http://localhost:39717
141546 [Forwarding sendKeysToElement on session 26e90cf751a94491357d237ee8548956 to remote] DEBUG org.apache.http.impl.execchain.MainClientExec  - Opening connection {}->http://localhost:39717
141546 [Forwarding sendKeysToElement on session 26e90cf751a94491357d237ee8548956 to remote] DEBUG org.apache.http.impl.execchain.MainClientExec  - Opening connection {}->http://localhost:39717
141546 [Forwarding sendKeysToElement on session 26e90cf751a94491357d237ee8548956 to remote] DEBUG org.apache.http.impl.execchain.MainClientExec  - Opening connection {}->http://localhost:39717
141546 [Forwarding sendKeysToElement on session 26e90cf751a94491357d237ee8548956 to remote] DEBUG org.apache.http.impl.conn.DefaultHttpClientConnectionOperator  - Connecting to localhost/127.0.0.1:39717
141546 [Forwarding sendKeysToElement on session 26e90cf751a94491357d237ee8548956 to remote] DEBUG org.apache.http.impl.conn.DefaultHttpClientConnectionOperator  - Connecting to localhost/127.0.0.1:39717
141546 [Forwarding sendKeysToElement on session 26e90cf751a94491357d237ee8548956 to remote] DEBUG org.apache.http.impl.conn.DefaultHttpClientConnectionOperator  - Connecting to localhost/127.0.0.1:39717
141546 [Forwarding sendKeysToElement on session 26e90cf751a94491357d237ee8548956 to remote] DEBUG org.apache.http.impl.conn.DefaultHttpClientConnectionOperator  - Connecting to localhost/127.0.0.1:39717
141547 [Forwarding sendKeysToElement on session 26e90cf751a94491357d237ee8548956 to remote] DEBUG org.apache.http.impl.conn.DefaultHttpClientConnectionOperator  - Connection established 127.0.0.1:53074<->127.0.0.1:39717
141547 [Forwarding sendKeysToElement on session 26e90cf751a94491357d237ee8548956 to remote] DEBUG org.apache.http.impl.conn.DefaultHttpClientConnectionOperator  - Connection established 127.0.0.1:53074<->127.0.0.1:39717
141547 [Forwarding sendKeysToElement on session 26e90cf751a94491357d237ee8548956 to remote] DEBUG org.apache.http.impl.conn.DefaultHttpClientConnectionOperator  - Connection established 127.0.0.1:53074<->127.0.0.1:39717
141547 [Forwarding sendKeysToElement on session 26e90cf751a94491357d237ee8548956 to remote] DEBUG org.apache.http.impl.conn.DefaultHttpClientConnectionOperator  - Connection established 127.0.0.1:53074<->127.0.0.1:39717
141547 [Forwarding sendKeysToElement on session 26e90cf751a94491357d237ee8548956 to remote] DEBUG org.apache.http.impl.conn.DefaultManagedHttpClientConnection  - http-outgoing-103: set socket timeout to 10800000
141547 [Forwarding sendKeysToElement on session 26e90cf751a94491357d237ee8548956 to remote] DEBUG org.apache.http.impl.conn.DefaultManagedHttpClientConnection  - http-outgoing-103: set socket timeout to 10800000
141547 [Forwarding sendKeysToElement on session 26e90cf751a94491357d237ee8548956 to remote] DEBUG org.apache.http.impl.conn.DefaultManagedHttpClientConnection  - http-outgoing-103: set socket timeout to 10800000
141547 [Forwarding sendKeysToElement on session 26e90cf751a94491357d237ee8548956 to remote] DEBUG org.apache.http.impl.conn.DefaultManagedHttpClientConnection  - http-outgoing-103: set socket timeout to 10800000
141547 [Forwarding sendKeysToElement on session 26e90cf751a94491357d237ee8548956 to remote] DEBUG org.apache.http.impl.execchain.MainClientExec  - Executing request POST /session/26e90cf751a94491357d237ee8548956/element/0.18080964092899965-2/value HTTP/1.1
141547 [Forwarding sendKeysToElement on session 26e90cf751a94491357d237ee8548956 to remote] DEBUG org.apache.http.impl.execchain.MainClientExec  - Executing request POST /session/26e90cf751a94491357d237ee8548956/element/0.18080964092899965-2/value HTTP/1.1
141547 [Forwarding sendKeysToElement on session 26e90cf751a94491357d237ee8548956 to remote] DEBUG org.apache.http.impl.execchain.MainClientExec  - Executing request POST /session/26e90cf751a94491357d237ee8548956/element/0.18080964092899965-2/value HTTP/1.1
141547 [Forwarding sendKeysToElement on session 26e90cf751a94491357d237ee8548956 to remote] DEBUG org.apache.http.impl.execchain.MainClientExec  - Executing request POST /session/26e90cf751a94491357d237ee8548956/element/0.18080964092899965-2/value HTTP/1.1
141547 [Forwarding sendKeysToElement on session 26e90cf751a94491357d237ee8548956 to remote] DEBUG org.apache.http.impl.execchain.MainClientExec  - Target auth state: UNCHALLENGED
141547 [Forwarding sendKeysToElement on session 26e90cf751a94491357d237ee8548956 to remote] DEBUG org.apache.http.impl.execchain.MainClientExec  - Target auth state: UNCHALLENGED
141547 [Forwarding sendKeysToElement on session 26e90cf751a94491357d237ee8548956 to remote] DEBUG org.apache.http.impl.execchain.MainClientExec  - Target auth state: UNCHALLENGED
141547 [Forwarding sendKeysToElement on session 26e90cf751a94491357d237ee8548956 to remote] DEBUG org.apache.http.impl.execchain.MainClientExec  - Target auth state: UNCHALLENGED
141547 [Forwarding sendKeysToElement on session 26e90cf751a94491357d237ee8548956 to remote] DEBUG org.apache.http.impl.execchain.MainClientExec  - Proxy auth state: UNCHALLENGED
141547 [Forwarding sendKeysToElement on session 26e90cf751a94491357d237ee8548956 to remote] DEBUG org.apache.http.impl.execchain.MainClientExec  - Proxy auth state: UNCHALLENGED
141547 [Forwarding sendKeysToElement on session 26e90cf751a94491357d237ee8548956 to remote] DEBUG org.apache.http.impl.execchain.MainClientExec  - Proxy auth state: UNCHALLENGED
141547 [Forwarding sendKeysToElement on session 26e90cf751a94491357d237ee8548956 to remote] DEBUG org.apache.http.impl.execchain.MainClientExec  - Proxy auth state: UNCHALLENGED
141547 [Forwarding sendKeysToElement on session 26e90cf751a94491357d237ee8548956 to remote] DEBUG org.apache.http.headers  - http-outgoing-103 >> POST /session/26e90cf751a94491357d237ee8548956/element/0.18080964092899965-2/value HTTP/1.1
141547 [Forwarding sendKeysToElement on session 26e90cf751a94491357d237ee8548956 to remote] DEBUG org.apache.http.headers  - http-outgoing-103 >> POST /session/26e90cf751a94491357d237ee8548956/element/0.18080964092899965-2/value HTTP/1.1
141547 [Forwarding sendKeysToElement on session 26e90cf751a94491357d237ee8548956 to remote] DEBUG org.apache.http.headers  - http-outgoing-103 >> POST /session/26e90cf751a94491357d237ee8548956/element/0.18080964092899965-2/value HTTP/1.1
141547 [Forwarding sendKeysToElement on session 26e90cf751a94491357d237ee8548956 to remote] DEBUG org.apache.http.headers  - http-outgoing-103 >> POST /session/26e90cf751a94491357d237ee8548956/element/0.18080964092899965-2/value HTTP/1.1
141547 [Forwarding sendKeysToElement on session 26e90cf751a94491357d237ee8548956 to remote] DEBUG org.apache.http.headers  - http-outgoing-103 >> Content-Type: application/json; charset=utf-8
141547 [Forwarding sendKeysToElement on session 26e90cf751a94491357d237ee8548956 to remote] DEBUG org.apache.http.headers  - http-outgoing-103 >> Content-Type: application/json; charset=utf-8
141547 [Forwarding sendKeysToElement on session 26e90cf751a94491357d237ee8548956 to remote] DEBUG org.apache.http.headers  - http-outgoing-103 >> Content-Type: application/json; charset=utf-8
141547 [Forwarding sendKeysToElement on session 26e90cf751a94491357d237ee8548956 to remote] DEBUG org.apache.http.headers  - http-outgoing-103 >> Content-Type: application/json; charset=utf-8
141547 [Forwarding sendKeysToElement on session 26e90cf751a94491357d237ee8548956 to remote] DEBUG org.apache.http.headers  - http-outgoing-103 >> Content-Length: 59
141547 [Forwarding sendKeysToElement on session 26e90cf751a94491357d237ee8548956 to remote] DEBUG org.apache.http.headers  - http-outgoing-103 >> Content-Length: 59
141547 [Forwarding sendKeysToElement on session 26e90cf751a94491357d237ee8548956 to remote] DEBUG org.apache.http.headers  - http-outgoing-103 >> Content-Length: 59
141547 [Forwarding sendKeysToElement on session 26e90cf751a94491357d237ee8548956 to remote] DEBUG org.apache.http.headers  - http-outgoing-103 >> Content-Length: 59
141547 [Forwarding sendKeysToElement on session 26e90cf751a94491357d237ee8548956 to remote] DEBUG org.apache.http.headers  - http-outgoing-103 >> Host: localhost:39717
141547 [Forwarding sendKeysToElement on session 26e90cf751a94491357d237ee8548956 to remote] DEBUG org.apache.http.headers  - http-outgoing-103 >> Host: localhost:39717
141547 [Forwarding sendKeysToElement on session 26e90cf751a94491357d237ee8548956 to remote] DEBUG org.apache.http.headers  - http-outgoing-103 >> Host: localhost:39717
141547 [Forwarding sendKeysToElement on session 26e90cf751a94491357d237ee8548956 to remote] DEBUG org.apache.http.headers  - http-outgoing-103 >> Host: localhost:39717
141547 [Forwarding sendKeysToElement on session 26e90cf751a94491357d237ee8548956 to remote] DEBUG org.apache.http.headers  - http-outgoing-103 >> Connection: Keep-Alive
141547 [Forwarding sendKeysToElement on session 26e90cf751a94491357d237ee8548956 to remote] DEBUG org.apache.http.headers  - http-outgoing-103 >> Connection: Keep-Alive
141547 [Forwarding sendKeysToElement on session 26e90cf751a94491357d237ee8548956 to remote] DEBUG org.apache.http.headers  - http-outgoing-103 >> Connection: Keep-Alive
141547 [Forwarding sendKeysToElement on session 26e90cf751a94491357d237ee8548956 to remote] DEBUG org.apache.http.headers  - http-outgoing-103 >> Connection: Keep-Alive
141547 [Forwarding sendKeysToElement on session 26e90cf751a94491357d237ee8548956 to remote] DEBUG org.apache.http.headers  - http-outgoing-103 >> User-Agent: Apache-HttpClient/4.5.2 (Java/1.8.0_91)
141547 [Forwarding sendKeysToElement on session 26e90cf751a94491357d237ee8548956 to remote] DEBUG org.apache.http.headers  - http-outgoing-103 >> User-Agent: Apache-HttpClient/4.5.2 (Java/1.8.0_91)
141547 [Forwarding sendKeysToElement on session 26e90cf751a94491357d237ee8548956 to remote] DEBUG org.apache.http.headers  - http-outgoing-103 >> User-Agent: Apache-HttpClient/4.5.2 (Java/1.8.0_91)
141547 [Forwarding sendKeysToElement on session 26e90cf751a94491357d237ee8548956 to remote] DEBUG org.apache.http.headers  - http-outgoing-103 >> User-Agent: Apache-HttpClient/4.5.2 (Java/1.8.0_91)
141548 [Forwarding sendKeysToElement on session 26e90cf751a94491357d237ee8548956 to remote] DEBUG org.apache.http.headers  - http-outgoing-103 >> Accept-Encoding: gzip,deflate
141548 [Forwarding sendKeysToElement on session 26e90cf751a94491357d237ee8548956 to remote] DEBUG org.apache.http.headers  - http-outgoing-103 >> Accept-Encoding: gzip,deflate
141548 [Forwarding sendKeysToElement on session 26e90cf751a94491357d237ee8548956 to remote] DEBUG org.apache.http.headers  - http-outgoing-103 >> Accept-Encoding: gzip,deflate
141548 [Forwarding sendKeysToElement on session 26e90cf751a94491357d237ee8548956 to remote] DEBUG org.apache.http.headers  - http-outgoing-103 >> Accept-Encoding: gzip,deflate
141548 [Forwarding sendKeysToElement on session 26e90cf751a94491357d237ee8548956 to remote] DEBUG org.apache.http.wire  - http-outgoing-103 >> "POST /session/26e90cf751a94491357d237ee8548956/element/0.18080964092899965-2/value HTTP/1.1[\r][\n]"
141548 [Forwarding sendKeysToElement on session 26e90cf751a94491357d237ee8548956 to remote] DEBUG org.apache.http.wire  - http-outgoing-103 >> "POST /session/26e90cf751a94491357d237ee8548956/element/0.18080964092899965-2/value HTTP/1.1[\r][\n]"
141548 [Forwarding sendKeysToElement on session 26e90cf751a94491357d237ee8548956 to remote] DEBUG org.apache.http.wire  - http-outgoing-103 >> "POST /session/26e90cf751a94491357d237ee8548956/element/0.18080964092899965-2/value HTTP/1.1[\r][\n]"
141548 [Forwarding sendKeysToElement on session 26e90cf751a94491357d237ee8548956 to remote] DEBUG org.apache.http.wire  - http-outgoing-103 >> "POST /session/26e90cf751a94491357d237ee8548956/element/0.18080964092899965-2/value HTTP/1.1[\r][\n]"
141548 [Forwarding sendKeysToElement on session 26e90cf751a94491357d237ee8548956 to remote] DEBUG org.apache.http.wire  - http-outgoing-103 >> "Content-Type: application/json; charset=utf-8[\r][\n]"
141548 [Forwarding sendKeysToElement on session 26e90cf751a94491357d237ee8548956 to remote] DEBUG org.apache.http.wire  - http-outgoing-103 >> "Content-Type: application/json; charset=utf-8[\r][\n]"
141548 [Forwarding sendKeysToElement on session 26e90cf751a94491357d237ee8548956 to remote] DEBUG org.apache.http.wire  - http-outgoing-103 >> "Content-Type: application/json; charset=utf-8[\r][\n]"
141548 [Forwarding sendKeysToElement on session 26e90cf751a94491357d237ee8548956 to remote] DEBUG org.apache.http.wire  - http-outgoing-103 >> "Content-Type: application/json; charset=utf-8[\r][\n]"
141548 [Forwarding sendKeysToElement on session 26e90cf751a94491357d237ee8548956 to remote] DEBUG org.apache.http.wire  - http-outgoing-103 >> "Content-Length: 59[\r][\n]"
141548 [Forwarding sendKeysToElement on session 26e90cf751a94491357d237ee8548956 to remote] DEBUG org.apache.http.wire  - http-outgoing-103 >> "Content-Length: 59[\r][\n]"
141548 [Forwarding sendKeysToElement on session 26e90cf751a94491357d237ee8548956 to remote] DEBUG org.apache.http.wire  - http-outgoing-103 >> "Content-Length: 59[\r][\n]"
141548 [Forwarding sendKeysToElement on session 26e90cf751a94491357d237ee8548956 to remote] DEBUG org.apache.http.wire  - http-outgoing-103 >> "Content-Length: 59[\r][\n]"
141548 [Forwarding sendKeysToElement on session 26e90cf751a94491357d237ee8548956 to remote] DEBUG org.apache.http.wire  - http-outgoing-103 >> "Host: localhost:39717[\r][\n]"
141548 [Forwarding sendKeysToElement on session 26e90cf751a94491357d237ee8548956 to remote] DEBUG org.apache.http.wire  - http-outgoing-103 >> "Host: localhost:39717[\r][\n]"
141548 [Forwarding sendKeysToElement on session 26e90cf751a94491357d237ee8548956 to remote] DEBUG org.apache.http.wire  - http-outgoing-103 >> "Host: localhost:39717[\r][\n]"
141548 [Forwarding sendKeysToElement on session 26e90cf751a94491357d237ee8548956 to remote] DEBUG org.apache.http.wire  - http-outgoing-103 >> "Host: localhost:39717[\r][\n]"
141548 [Forwarding sendKeysToElement on session 26e90cf751a94491357d237ee8548956 to remote] DEBUG org.apache.http.wire  - http-outgoing-103 >> "Connection: Keep-Alive[\r][\n]"
141548 [Forwarding sendKeysToElement on session 26e90cf751a94491357d237ee8548956 to remote] DEBUG org.apache.http.wire  - http-outgoing-103 >> "Connection: Keep-Alive[\r][\n]"
141548 [Forwarding sendKeysToElement on session 26e90cf751a94491357d237ee8548956 to remote] DEBUG org.apache.http.wire  - http-outgoing-103 >> "Connection: Keep-Alive[\r][\n]"
141548 [Forwarding sendKeysToElement on session 26e90cf751a94491357d237ee8548956 to remote] DEBUG org.apache.http.wire  - http-outgoing-103 >> "Connection: Keep-Alive[\r][\n]"
141548 [Forwarding sendKeysToElement on session 26e90cf751a94491357d237ee8548956 to remote] DEBUG org.apache.http.wire  - http-outgoing-103 >> "User-Agent: Apache-HttpClient/4.5.2 (Java/1.8.0_91)[\r][\n]"
141548 [Forwarding sendKeysToElement on session 26e90cf751a94491357d237ee8548956 to remote] DEBUG org.apache.http.wire  - http-outgoing-103 >> "User-Agent: Apache-HttpClient/4.5.2 (Java/1.8.0_91)[\r][\n]"
141548 [Forwarding sendKeysToElement on session 26e90cf751a94491357d237ee8548956 to remote] DEBUG org.apache.http.wire  - http-outgoing-103 >> "User-Agent: Apache-HttpClient/4.5.2 (Java/1.8.0_91)[\r][\n]"
141548 [Forwarding sendKeysToElement on session 26e90cf751a94491357d237ee8548956 to remote] DEBUG org.apache.http.wire  - http-outgoing-103 >> "User-Agent: Apache-HttpClient/4.5.2 (Java/1.8.0_91)[\r][\n]"
141548 [Forwarding sendKeysToElement on session 26e90cf751a94491357d237ee8548956 to remote] DEBUG org.apache.http.wire  - http-outgoing-103 >> "Accept-Encoding: gzip,deflate[\r][\n]"
141548 [Forwarding sendKeysToElement on session 26e90cf751a94491357d237ee8548956 to remote] DEBUG org.apache.http.wire  - http-outgoing-103 >> "Accept-Encoding: gzip,deflate[\r][\n]"
141548 [Forwarding sendKeysToElement on session 26e90cf751a94491357d237ee8548956 to remote] DEBUG org.apache.http.wire  - http-outgoing-103 >> "Accept-Encoding: gzip,deflate[\r][\n]"
141548 [Forwarding sendKeysToElement on session 26e90cf751a94491357d237ee8548956 to remote] DEBUG org.apache.http.wire  - http-outgoing-103 >> "Accept-Encoding: gzip,deflate[\r][\n]"
141548 [Forwarding sendKeysToElement on session 26e90cf751a94491357d237ee8548956 to remote] DEBUG org.apache.http.wire  - http-outgoing-103 >> "[\r][\n]"
141548 [Forwarding sendKeysToElement on session 26e90cf751a94491357d237ee8548956 to remote] DEBUG org.apache.http.wire  - http-outgoing-103 >> "[\r][\n]"
141548 [Forwarding sendKeysToElement on session 26e90cf751a94491357d237ee8548956 to remote] DEBUG org.apache.http.wire  - http-outgoing-103 >> "[\r][\n]"
141548 [Forwarding sendKeysToElement on session 26e90cf751a94491357d237ee8548956 to remote] DEBUG org.apache.http.wire  - http-outgoing-103 >> "[\r][\n]"
141548 [Forwarding sendKeysToElement on session 26e90cf751a94491357d237ee8548956 to remote] DEBUG org.apache.http.wire  - http-outgoing-103 >> "{"id":"0.18080964092899965-2","value":["automation","[0xee][0x80][0x87]"]}"
141548 [Forwarding sendKeysToElement on session 26e90cf751a94491357d237ee8548956 to remote] DEBUG org.apache.http.wire  - http-outgoing-103 >> "{"id":"0.18080964092899965-2","value":["automation","[0xee][0x80][0x87]"]}"
141548 [Forwarding sendKeysToElement on session 26e90cf751a94491357d237ee8548956 to remote] DEBUG org.apache.http.wire  - http-outgoing-103 >> "{"id":"0.18080964092899965-2","value":["automation","[0xee][0x80][0x87]"]}"
141548 [Forwarding sendKeysToElement on session 26e90cf751a94491357d237ee8548956 to remote] DEBUG org.apache.http.wire  - http-outgoing-103 >> "{"id":"0.18080964092899965-2","value":["automation","[0xee][0x80][0x87]"]}"
141619 [Forwarding sendKeysToElement on session 26e90cf751a94491357d237ee8548956 to remote] DEBUG org.apache.http.wire  - http-outgoing-103 << "HTTP/1.1 200 OK[\r][\n]"
141619 [Forwarding sendKeysToElement on session 26e90cf751a94491357d237ee8548956 to remote] DEBUG org.apache.http.wire  - http-outgoing-103 << "HTTP/1.1 200 OK[\r][\n]"
141619 [Forwarding sendKeysToElement on session 26e90cf751a94491357d237ee8548956 to remote] DEBUG org.apache.http.wire  - http-outgoing-103 << "HTTP/1.1 200 OK[\r][\n]"
141619 [Forwarding sendKeysToElement on session 26e90cf751a94491357d237ee8548956 to remote] DEBUG org.apache.http.wire  - http-outgoing-103 << "HTTP/1.1 200 OK[\r][\n]"
141619 [Forwarding sendKeysToElement on session 26e90cf751a94491357d237ee8548956 to remote] DEBUG org.apache.http.wire  - http-outgoing-103 << "Content-Length:72[\r][\n]"
141619 [Forwarding sendKeysToElement on session 26e90cf751a94491357d237ee8548956 to remote] DEBUG org.apache.http.wire  - http-outgoing-103 << "Content-Length:72[\r][\n]"
141619 [Forwarding sendKeysToElement on session 26e90cf751a94491357d237ee8548956 to remote] DEBUG org.apache.http.wire  - http-outgoing-103 << "Content-Length:72[\r][\n]"
141619 [Forwarding sendKeysToElement on session 26e90cf751a94491357d237ee8548956 to remote] DEBUG org.apache.http.wire  - http-outgoing-103 << "Content-Length:72[\r][\n]"
141620 [Forwarding sendKeysToElement on session 26e90cf751a94491357d237ee8548956 to remote] DEBUG org.apache.http.wire  - http-outgoing-103 << "Content-Type:application/json; charset=utf-8[\r][\n]"
141620 [Forwarding sendKeysToElement on session 26e90cf751a94491357d237ee8548956 to remote] DEBUG org.apache.http.wire  - http-outgoing-103 << "Content-Type:application/json; charset=utf-8[\r][\n]"
141620 [Forwarding sendKeysToElement on session 26e90cf751a94491357d237ee8548956 to remote] DEBUG org.apache.http.wire  - http-outgoing-103 << "Content-Type:application/json; charset=utf-8[\r][\n]"
141620 [Forwarding sendKeysToElement on session 26e90cf751a94491357d237ee8548956 to remote] DEBUG org.apache.http.wire  - http-outgoing-103 << "Content-Type:application/json; charset=utf-8[\r][\n]"
141620 [Forwarding sendKeysToElement on session 26e90cf751a94491357d237ee8548956 to remote] DEBUG org.apache.http.wire  - http-outgoing-103 << "Connection:close[\r][\n]"
141620 [Forwarding sendKeysToElement on session 26e90cf751a94491357d237ee8548956 to remote] DEBUG org.apache.http.wire  - http-outgoing-103 << "Connection:close[\r][\n]"
141620 [Forwarding sendKeysToElement on session 26e90cf751a94491357d237ee8548956 to remote] DEBUG org.apache.http.wire  - http-outgoing-103 << "Connection:close[\r][\n]"
141620 [Forwarding sendKeysToElement on session 26e90cf751a94491357d237ee8548956 to remote] DEBUG org.apache.http.wire  - http-outgoing-103 << "Connection:close[\r][\n]"
141620 [Forwarding sendKeysToElement on session 26e90cf751a94491357d237ee8548956 to remote] DEBUG org.apache.http.wire  - http-outgoing-103 << "[\r][\n]"
141620 [Forwarding sendKeysToElement on session 26e90cf751a94491357d237ee8548956 to remote] DEBUG org.apache.http.wire  - http-outgoing-103 << "[\r][\n]"
141620 [Forwarding sendKeysToElement on session 26e90cf751a94491357d237ee8548956 to remote] DEBUG org.apache.http.wire  - http-outgoing-103 << "[\r][\n]"
141620 [Forwarding sendKeysToElement on session 26e90cf751a94491357d237ee8548956 to remote] DEBUG org.apache.http.wire  - http-outgoing-103 << "[\r][\n]"
141620 [Forwarding sendKeysToElement on session 26e90cf751a94491357d237ee8548956 to remote] DEBUG org.apache.http.wire  - http-outgoing-103 << "{"sessionId":"26e90cf751a94491357d237ee8548956","status":0,"value":null}"
141620 [Forwarding sendKeysToElement on session 26e90cf751a94491357d237ee8548956 to remote] DEBUG org.apache.http.wire  - http-outgoing-103 << "{"sessionId":"26e90cf751a94491357d237ee8548956","status":0,"value":null}"
141620 [Forwarding sendKeysToElement on session 26e90cf751a94491357d237ee8548956 to remote] DEBUG org.apache.http.wire  - http-outgoing-103 << "{"sessionId":"26e90cf751a94491357d237ee8548956","status":0,"value":null}"
141620 [Forwarding sendKeysToElement on session 26e90cf751a94491357d237ee8548956 to remote] DEBUG org.apache.http.wire  - http-outgoing-103 << "{"sessionId":"26e90cf751a94491357d237ee8548956","status":0,"value":null}"
141620 [Forwarding sendKeysToElement on session 26e90cf751a94491357d237ee8548956 to remote] DEBUG org.apache.http.headers  - http-outgoing-103 << HTTP/1.1 200 OK
141620 [Forwarding sendKeysToElement on session 26e90cf751a94491357d237ee8548956 to remote] DEBUG org.apache.http.headers  - http-outgoing-103 << HTTP/1.1 200 OK
141620 [Forwarding sendKeysToElement on session 26e90cf751a94491357d237ee8548956 to remote] DEBUG org.apache.http.headers  - http-outgoing-103 << HTTP/1.1 200 OK
141620 [Forwarding sendKeysToElement on session 26e90cf751a94491357d237ee8548956 to remote] DEBUG org.apache.http.headers  - http-outgoing-103 << HTTP/1.1 200 OK
141620 [Forwarding sendKeysToElement on session 26e90cf751a94491357d237ee8548956 to remote] DEBUG org.apache.http.headers  - http-outgoing-103 << Content-Length:72
141620 [Forwarding sendKeysToElement on session 26e90cf751a94491357d237ee8548956 to remote] DEBUG org.apache.http.headers  - http-outgoing-103 << Content-Length:72
141620 [Forwarding sendKeysToElement on session 26e90cf751a94491357d237ee8548956 to remote] DEBUG org.apache.http.headers  - http-outgoing-103 << Content-Length:72
141620 [Forwarding sendKeysToElement on session 26e90cf751a94491357d237ee8548956 to remote] DEBUG org.apache.http.headers  - http-outgoing-103 << Content-Length:72
141620 [Forwarding sendKeysToElement on session 26e90cf751a94491357d237ee8548956 to remote] DEBUG org.apache.http.headers  - http-outgoing-103 << Content-Type:application/json; charset=utf-8
141620 [Forwarding sendKeysToElement on session 26e90cf751a94491357d237ee8548956 to remote] DEBUG org.apache.http.headers  - http-outgoing-103 << Content-Type:application/json; charset=utf-8
141620 [Forwarding sendKeysToElement on session 26e90cf751a94491357d237ee8548956 to remote] DEBUG org.apache.http.headers  - http-outgoing-103 << Content-Type:application/json; charset=utf-8
141620 [Forwarding sendKeysToElement on session 26e90cf751a94491357d237ee8548956 to remote] DEBUG org.apache.http.headers  - http-outgoing-103 << Content-Type:application/json; charset=utf-8
141620 [Forwarding sendKeysToElement on session 26e90cf751a94491357d237ee8548956 to remote] DEBUG org.apache.http.headers  - http-outgoing-103 << Connection:close
141620 [Forwarding sendKeysToElement on session 26e90cf751a94491357d237ee8548956 to remote] DEBUG org.apache.http.headers  - http-outgoing-103 << Connection:close
141620 [Forwarding sendKeysToElement on session 26e90cf751a94491357d237ee8548956 to remote] DEBUG org.apache.http.headers  - http-outgoing-103 << Connection:close
141620 [Forwarding sendKeysToElement on session 26e90cf751a94491357d237ee8548956 to remote] DEBUG org.apache.http.headers  - http-outgoing-103 << Connection:close
141620 [Forwarding sendKeysToElement on session 26e90cf751a94491357d237ee8548956 to remote] DEBUG org.apache.http.impl.conn.DefaultManagedHttpClientConnection  - http-outgoing-103: Close connection
141620 [Forwarding sendKeysToElement on session 26e90cf751a94491357d237ee8548956 to remote] DEBUG org.apache.http.impl.conn.DefaultManagedHttpClientConnection  - http-outgoing-103: Close connection
141620 [Forwarding sendKeysToElement on session 26e90cf751a94491357d237ee8548956 to remote] DEBUG org.apache.http.impl.conn.DefaultManagedHttpClientConnection  - http-outgoing-103: Close connection
141620 [Forwarding sendKeysToElement on session 26e90cf751a94491357d237ee8548956 to remote] DEBUG org.apache.http.impl.conn.DefaultManagedHttpClientConnection  - http-outgoing-103: Close connection
141620 [Forwarding sendKeysToElement on session 26e90cf751a94491357d237ee8548956 to remote] DEBUG org.apache.http.impl.execchain.MainClientExec  - Connection discarded
141620 [Forwarding sendKeysToElement on session 26e90cf751a94491357d237ee8548956 to remote] DEBUG org.apache.http.impl.execchain.MainClientExec  - Connection discarded
141620 [Forwarding sendKeysToElement on session 26e90cf751a94491357d237ee8548956 to remote] DEBUG org.apache.http.impl.execchain.MainClientExec  - Connection discarded
141620 [Forwarding sendKeysToElement on session 26e90cf751a94491357d237ee8548956 to remote] DEBUG org.apache.http.impl.execchain.MainClientExec  - Connection discarded
141620 [Forwarding sendKeysToElement on session 26e90cf751a94491357d237ee8548956 to remote] DEBUG org.apache.http.impl.conn.PoolingHttpClientConnectionManager  - Connection released: [id: 103][route: {}->http://localhost:39717][total kept alive: 0; route allocated: 0 of 2000; total allocated: 0 of 2000]
141620 [Forwarding sendKeysToElement on session 26e90cf751a94491357d237ee8548956 to remote] DEBUG org.apache.http.impl.conn.PoolingHttpClientConnectionManager  - Connection released: [id: 103][route: {}->http://localhost:39717][total kept alive: 0; route allocated: 0 of 2000; total allocated: 0 of 2000]
141620 [Forwarding sendKeysToElement on session 26e90cf751a94491357d237ee8548956 to remote] DEBUG org.apache.http.impl.conn.PoolingHttpClientConnectionManager  - Connection released: [id: 103][route: {}->http://localhost:39717][total kept alive: 0; route allocated: 0 of 2000; total allocated: 0 of 2000]
141620 [Forwarding sendKeysToElement on session 26e90cf751a94491357d237ee8548956 to remote] DEBUG org.apache.http.impl.conn.PoolingHttpClientConnectionManager  - Connection released: [id: 103][route: {}->http://localhost:39717][total kept alive: 0; route allocated: 0 of 2000; total allocated: 0 of 2000]
141622 [Forwarding findElement on session 26e90cf751a94491357d237ee8548956 to remote] DEBUG org.apache.http.client.protocol.RequestAddCookies  - CookieSpec selected: default
141622 [Forwarding findElement on session 26e90cf751a94491357d237ee8548956 to remote] DEBUG org.apache.http.client.protocol.RequestAddCookies  - CookieSpec selected: default
141622 [Forwarding findElement on session 26e90cf751a94491357d237ee8548956 to remote] DEBUG org.apache.http.client.protocol.RequestAddCookies  - CookieSpec selected: default
141622 [Forwarding findElement on session 26e90cf751a94491357d237ee8548956 to remote] DEBUG org.apache.http.client.protocol.RequestAddCookies  - CookieSpec selected: default
141622 [Forwarding findElement on session 26e90cf751a94491357d237ee8548956 to remote] DEBUG org.apache.http.client.protocol.RequestAuthCache  - Auth cache not set in the context
141622 [Forwarding findElement on session 26e90cf751a94491357d237ee8548956 to remote] DEBUG org.apache.http.client.protocol.RequestAuthCache  - Auth cache not set in the context
141622 [Forwarding findElement on session 26e90cf751a94491357d237ee8548956 to remote] DEBUG org.apache.http.client.protocol.RequestAuthCache  - Auth cache not set in the context
141622 [Forwarding findElement on session 26e90cf751a94491357d237ee8548956 to remote] DEBUG org.apache.http.client.protocol.RequestAuthCache  - Auth cache not set in the context
141622 [Forwarding findElement on session 26e90cf751a94491357d237ee8548956 to remote] DEBUG org.apache.http.impl.conn.PoolingHttpClientConnectionManager  - Connection request: [route: {}->http://localhost:39717][total kept alive: 0; route allocated: 0 of 2000; total allocated: 0 of 2000]
141622 [Forwarding findElement on session 26e90cf751a94491357d237ee8548956 to remote] DEBUG org.apache.http.impl.conn.PoolingHttpClientConnectionManager  - Connection request: [route: {}->http://localhost:39717][total kept alive: 0; route allocated: 0 of 2000; total allocated: 0 of 2000]
141622 [Forwarding findElement on session 26e90cf751a94491357d237ee8548956 to remote] DEBUG org.apache.http.impl.conn.PoolingHttpClientConnectionManager  - Connection request: [route: {}->http://localhost:39717][total kept alive: 0; route allocated: 0 of 2000; total allocated: 0 of 2000]
141622 [Forwarding findElement on session 26e90cf751a94491357d237ee8548956 to remote] DEBUG org.apache.http.impl.conn.PoolingHttpClientConnectionManager  - Connection request: [route: {}->http://localhost:39717][total kept alive: 0; route allocated: 0 of 2000; total allocated: 0 of 2000]
141622 [Forwarding findElement on session 26e90cf751a94491357d237ee8548956 to remote] DEBUG org.apache.http.impl.conn.PoolingHttpClientConnectionManager  - Connection leased: [id: 104][route: {}->http://localhost:39717][total kept alive: 0; route allocated: 1 of 2000; total allocated: 1 of 2000]
141622 [Forwarding findElement on session 26e90cf751a94491357d237ee8548956 to remote] DEBUG org.apache.http.impl.conn.PoolingHttpClientConnectionManager  - Connection leased: [id: 104][route: {}->http://localhost:39717][total kept alive: 0; route allocated: 1 of 2000; total allocated: 1 of 2000]
141622 [Forwarding findElement on session 26e90cf751a94491357d237ee8548956 to remote] DEBUG org.apache.http.impl.conn.PoolingHttpClientConnectionManager  - Connection leased: [id: 104][route: {}->http://localhost:39717][total kept alive: 0; route allocated: 1 of 2000; total allocated: 1 of 2000]
141622 [Forwarding findElement on session 26e90cf751a94491357d237ee8548956 to remote] DEBUG org.apache.http.impl.conn.PoolingHttpClientConnectionManager  - Connection leased: [id: 104][route: {}->http://localhost:39717][total kept alive: 0; route allocated: 1 of 2000; total allocated: 1 of 2000]
141622 [Forwarding findElement on session 26e90cf751a94491357d237ee8548956 to remote] DEBUG org.apache.http.impl.execchain.MainClientExec  - Opening connection {}->http://localhost:39717
141622 [Forwarding findElement on session 26e90cf751a94491357d237ee8548956 to remote] DEBUG org.apache.http.impl.execchain.MainClientExec  - Opening connection {}->http://localhost:39717
141622 [Forwarding findElement on session 26e90cf751a94491357d237ee8548956 to remote] DEBUG org.apache.http.impl.execchain.MainClientExec  - Opening connection {}->http://localhost:39717
141622 [Forwarding findElement on session 26e90cf751a94491357d237ee8548956 to remote] DEBUG org.apache.http.impl.execchain.MainClientExec  - Opening connection {}->http://localhost:39717
141623 [Forwarding findElement on session 26e90cf751a94491357d237ee8548956 to remote] DEBUG org.apache.http.impl.conn.DefaultHttpClientConnectionOperator  - Connecting to localhost/127.0.0.1:39717
141623 [Forwarding findElement on session 26e90cf751a94491357d237ee8548956 to remote] DEBUG org.apache.http.impl.conn.DefaultHttpClientConnectionOperator  - Connecting to localhost/127.0.0.1:39717
141623 [Forwarding findElement on session 26e90cf751a94491357d237ee8548956 to remote] DEBUG org.apache.http.impl.conn.DefaultHttpClientConnectionOperator  - Connecting to localhost/127.0.0.1:39717
141623 [Forwarding findElement on session 26e90cf751a94491357d237ee8548956 to remote] DEBUG org.apache.http.impl.conn.DefaultHttpClientConnectionOperator  - Connecting to localhost/127.0.0.1:39717
141624 [Forwarding findElement on session 26e90cf751a94491357d237ee8548956 to remote] DEBUG org.apache.http.impl.conn.DefaultHttpClientConnectionOperator  - Connection established 127.0.0.1:53076<->127.0.0.1:39717
141624 [Forwarding findElement on session 26e90cf751a94491357d237ee8548956 to remote] DEBUG org.apache.http.impl.conn.DefaultHttpClientConnectionOperator  - Connection established 127.0.0.1:53076<->127.0.0.1:39717
141624 [Forwarding findElement on session 26e90cf751a94491357d237ee8548956 to remote] DEBUG org.apache.http.impl.conn.DefaultHttpClientConnectionOperator  - Connection established 127.0.0.1:53076<->127.0.0.1:39717
141624 [Forwarding findElement on session 26e90cf751a94491357d237ee8548956 to remote] DEBUG org.apache.http.impl.conn.DefaultHttpClientConnectionOperator  - Connection established 127.0.0.1:53076<->127.0.0.1:39717
141624 [Forwarding findElement on session 26e90cf751a94491357d237ee8548956 to remote] DEBUG org.apache.http.impl.conn.DefaultManagedHttpClientConnection  - http-outgoing-104: set socket timeout to 10800000
141624 [Forwarding findElement on session 26e90cf751a94491357d237ee8548956 to remote] DEBUG org.apache.http.impl.conn.DefaultManagedHttpClientConnection  - http-outgoing-104: set socket timeout to 10800000
141624 [Forwarding findElement on session 26e90cf751a94491357d237ee8548956 to remote] DEBUG org.apache.http.impl.conn.DefaultManagedHttpClientConnection  - http-outgoing-104: set socket timeout to 10800000
141624 [Forwarding findElement on session 26e90cf751a94491357d237ee8548956 to remote] DEBUG org.apache.http.impl.conn.DefaultManagedHttpClientConnection  - http-outgoing-104: set socket timeout to 10800000
141624 [Forwarding findElement on session 26e90cf751a94491357d237ee8548956 to remote] DEBUG org.apache.http.impl.execchain.MainClientExec  - Executing request POST /session/26e90cf751a94491357d237ee8548956/element HTTP/1.1
141624 [Forwarding findElement on session 26e90cf751a94491357d237ee8548956 to remote] DEBUG org.apache.http.impl.execchain.MainClientExec  - Executing request POST /session/26e90cf751a94491357d237ee8548956/element HTTP/1.1
141624 [Forwarding findElement on session 26e90cf751a94491357d237ee8548956 to remote] DEBUG org.apache.http.impl.execchain.MainClientExec  - Executing request POST /session/26e90cf751a94491357d237ee8548956/element HTTP/1.1
141624 [Forwarding findElement on session 26e90cf751a94491357d237ee8548956 to remote] DEBUG org.apache.http.impl.execchain.MainClientExec  - Executing request POST /session/26e90cf751a94491357d237ee8548956/element HTTP/1.1
141624 [Forwarding findElement on session 26e90cf751a94491357d237ee8548956 to remote] DEBUG org.apache.http.impl.execchain.MainClientExec  - Target auth state: UNCHALLENGED
141624 [Forwarding findElement on session 26e90cf751a94491357d237ee8548956 to remote] DEBUG org.apache.http.impl.execchain.MainClientExec  - Target auth state: UNCHALLENGED
141624 [Forwarding findElement on session 26e90cf751a94491357d237ee8548956 to remote] DEBUG org.apache.http.impl.execchain.MainClientExec  - Target auth state: UNCHALLENGED
141624 [Forwarding findElement on session 26e90cf751a94491357d237ee8548956 to remote] DEBUG org.apache.http.impl.execchain.MainClientExec  - Target auth state: UNCHALLENGED
141624 [Forwarding findElement on session 26e90cf751a94491357d237ee8548956 to remote] DEBUG org.apache.http.impl.execchain.MainClientExec  - Proxy auth state: UNCHALLENGED
141624 [Forwarding findElement on session 26e90cf751a94491357d237ee8548956 to remote] DEBUG org.apache.http.impl.execchain.MainClientExec  - Proxy auth state: UNCHALLENGED
141624 [Forwarding findElement on session 26e90cf751a94491357d237ee8548956 to remote] DEBUG org.apache.http.impl.execchain.MainClientExec  - Proxy auth state: UNCHALLENGED
141624 [Forwarding findElement on session 26e90cf751a94491357d237ee8548956 to remote] DEBUG org.apache.http.impl.execchain.MainClientExec  - Proxy auth state: UNCHALLENGED
141624 [Forwarding findElement on session 26e90cf751a94491357d237ee8548956 to remote] DEBUG org.apache.http.headers  - http-outgoing-104 >> POST /session/26e90cf751a94491357d237ee8548956/element HTTP/1.1
141624 [Forwarding findElement on session 26e90cf751a94491357d237ee8548956 to remote] DEBUG org.apache.http.headers  - http-outgoing-104 >> POST /session/26e90cf751a94491357d237ee8548956/element HTTP/1.1
141624 [Forwarding findElement on session 26e90cf751a94491357d237ee8548956 to remote] DEBUG org.apache.http.headers  - http-outgoing-104 >> POST /session/26e90cf751a94491357d237ee8548956/element HTTP/1.1
141624 [Forwarding findElement on session 26e90cf751a94491357d237ee8548956 to remote] DEBUG org.apache.http.headers  - http-outgoing-104 >> POST /session/26e90cf751a94491357d237ee8548956/element HTTP/1.1
141624 [Forwarding findElement on session 26e90cf751a94491357d237ee8548956 to remote] DEBUG org.apache.http.headers  - http-outgoing-104 >> Content-Type: application/json; charset=utf-8
141624 [Forwarding findElement on session 26e90cf751a94491357d237ee8548956 to remote] DEBUG org.apache.http.headers  - http-outgoing-104 >> Content-Type: application/json; charset=utf-8
141624 [Forwarding findElement on session 26e90cf751a94491357d237ee8548956 to remote] DEBUG org.apache.http.headers  - http-outgoing-104 >> Content-Type: application/json; charset=utf-8
141624 [Forwarding findElement on session 26e90cf751a94491357d237ee8548956 to remote] DEBUG org.apache.http.headers  - http-outgoing-104 >> Content-Type: application/json; charset=utf-8
141624 [Forwarding findElement on session 26e90cf751a94491357d237ee8548956 to remote] DEBUG org.apache.http.headers  - http-outgoing-104 >> Content-Length: 47
141624 [Forwarding findElement on session 26e90cf751a94491357d237ee8548956 to remote] DEBUG org.apache.http.headers  - http-outgoing-104 >> Content-Length: 47
141624 [Forwarding findElement on session 26e90cf751a94491357d237ee8548956 to remote] DEBUG org.apache.http.headers  - http-outgoing-104 >> Content-Length: 47
141624 [Forwarding findElement on session 26e90cf751a94491357d237ee8548956 to remote] DEBUG org.apache.http.headers  - http-outgoing-104 >> Content-Length: 47
141624 [Forwarding findElement on session 26e90cf751a94491357d237ee8548956 to remote] DEBUG org.apache.http.headers  - http-outgoing-104 >> Host: localhost:39717
141624 [Forwarding findElement on session 26e90cf751a94491357d237ee8548956 to remote] DEBUG org.apache.http.headers  - http-outgoing-104 >> Host: localhost:39717
141624 [Forwarding findElement on session 26e90cf751a94491357d237ee8548956 to remote] DEBUG org.apache.http.headers  - http-outgoing-104 >> Host: localhost:39717
141624 [Forwarding findElement on session 26e90cf751a94491357d237ee8548956 to remote] DEBUG org.apache.http.headers  - http-outgoing-104 >> Host: localhost:39717
141624 [Forwarding findElement on session 26e90cf751a94491357d237ee8548956 to remote] DEBUG org.apache.http.headers  - http-outgoing-104 >> Connection: Keep-Alive
141624 [Forwarding findElement on session 26e90cf751a94491357d237ee8548956 to remote] DEBUG org.apache.http.headers  - http-outgoing-104 >> Connection: Keep-Alive
141624 [Forwarding findElement on session 26e90cf751a94491357d237ee8548956 to remote] DEBUG org.apache.http.headers  - http-outgoing-104 >> Connection: Keep-Alive
141624 [Forwarding findElement on session 26e90cf751a94491357d237ee8548956 to remote] DEBUG org.apache.http.headers  - http-outgoing-104 >> Connection: Keep-Alive
141624 [Forwarding findElement on session 26e90cf751a94491357d237ee8548956 to remote] DEBUG org.apache.http.headers  - http-outgoing-104 >> User-Agent: Apache-HttpClient/4.5.2 (Java/1.8.0_91)
141624 [Forwarding findElement on session 26e90cf751a94491357d237ee8548956 to remote] DEBUG org.apache.http.headers  - http-outgoing-104 >> User-Agent: Apache-HttpClient/4.5.2 (Java/1.8.0_91)
141624 [Forwarding findElement on session 26e90cf751a94491357d237ee8548956 to remote] DEBUG org.apache.http.headers  - http-outgoing-104 >> User-Agent: Apache-HttpClient/4.5.2 (Java/1.8.0_91)
141624 [Forwarding findElement on session 26e90cf751a94491357d237ee8548956 to remote] DEBUG org.apache.http.headers  - http-outgoing-104 >> User-Agent: Apache-HttpClient/4.5.2 (Java/1.8.0_91)
141624 [Forwarding findElement on session 26e90cf751a94491357d237ee8548956 to remote] DEBUG org.apache.http.headers  - http-outgoing-104 >> Accept-Encoding: gzip,deflate
141624 [Forwarding findElement on session 26e90cf751a94491357d237ee8548956 to remote] DEBUG org.apache.http.headers  - http-outgoing-104 >> Accept-Encoding: gzip,deflate
141624 [Forwarding findElement on session 26e90cf751a94491357d237ee8548956 to remote] DEBUG org.apache.http.headers  - http-outgoing-104 >> Accept-Encoding: gzip,deflate
141624 [Forwarding findElement on session 26e90cf751a94491357d237ee8548956 to remote] DEBUG org.apache.http.headers  - http-outgoing-104 >> Accept-Encoding: gzip,deflate
141624 [Forwarding findElement on session 26e90cf751a94491357d237ee8548956 to remote] DEBUG org.apache.http.wire  - http-outgoing-104 >> "POST /session/26e90cf751a94491357d237ee8548956/element HTTP/1.1[\r][\n]"
141624 [Forwarding findElement on session 26e90cf751a94491357d237ee8548956 to remote] DEBUG org.apache.http.wire  - http-outgoing-104 >> "POST /session/26e90cf751a94491357d237ee8548956/element HTTP/1.1[\r][\n]"
141624 [Forwarding findElement on session 26e90cf751a94491357d237ee8548956 to remote] DEBUG org.apache.http.wire  - http-outgoing-104 >> "POST /session/26e90cf751a94491357d237ee8548956/element HTTP/1.1[\r][\n]"
141624 [Forwarding findElement on session 26e90cf751a94491357d237ee8548956 to remote] DEBUG org.apache.http.wire  - http-outgoing-104 >> "POST /session/26e90cf751a94491357d237ee8548956/element HTTP/1.1[\r][\n]"
141624 [Forwarding findElement on session 26e90cf751a94491357d237ee8548956 to remote] DEBUG org.apache.http.wire  - http-outgoing-104 >> "Content-Type: application/json; charset=utf-8[\r][\n]"
141624 [Forwarding findElement on session 26e90cf751a94491357d237ee8548956 to remote] DEBUG org.apache.http.wire  - http-outgoing-104 >> "Content-Type: application/json; charset=utf-8[\r][\n]"
141624 [Forwarding findElement on session 26e90cf751a94491357d237ee8548956 to remote] DEBUG org.apache.http.wire  - http-outgoing-104 >> "Content-Type: application/json; charset=utf-8[\r][\n]"
141624 [Forwarding findElement on session 26e90cf751a94491357d237ee8548956 to remote] DEBUG org.apache.http.wire  - http-outgoing-104 >> "Content-Type: application/json; charset=utf-8[\r][\n]"
141625 [Forwarding findElement on session 26e90cf751a94491357d237ee8548956 to remote] DEBUG org.apache.http.wire  - http-outgoing-104 >> "Content-Length: 47[\r][\n]"
141625 [Forwarding findElement on session 26e90cf751a94491357d237ee8548956 to remote] DEBUG org.apache.http.wire  - http-outgoing-104 >> "Content-Length: 47[\r][\n]"
141625 [Forwarding findElement on session 26e90cf751a94491357d237ee8548956 to remote] DEBUG org.apache.http.wire  - http-outgoing-104 >> "Content-Length: 47[\r][\n]"
141625 [Forwarding findElement on session 26e90cf751a94491357d237ee8548956 to remote] DEBUG org.apache.http.wire  - http-outgoing-104 >> "Content-Length: 47[\r][\n]"
141625 [Forwarding findElement on session 26e90cf751a94491357d237ee8548956 to remote] DEBUG org.apache.http.wire  - http-outgoing-104 >> "Host: localhost:39717[\r][\n]"
141625 [Forwarding findElement on session 26e90cf751a94491357d237ee8548956 to remote] DEBUG org.apache.http.wire  - http-outgoing-104 >> "Host: localhost:39717[\r][\n]"
141625 [Forwarding findElement on session 26e90cf751a94491357d237ee8548956 to remote] DEBUG org.apache.http.wire  - http-outgoing-104 >> "Host: localhost:39717[\r][\n]"
141625 [Forwarding findElement on session 26e90cf751a94491357d237ee8548956 to remote] DEBUG org.apache.http.wire  - http-outgoing-104 >> "Host: localhost:39717[\r][\n]"
141625 [Forwarding findElement on session 26e90cf751a94491357d237ee8548956 to remote] DEBUG org.apache.http.wire  - http-outgoing-104 >> "Connection: Keep-Alive[\r][\n]"
141625 [Forwarding findElement on session 26e90cf751a94491357d237ee8548956 to remote] DEBUG org.apache.http.wire  - http-outgoing-104 >> "Connection: Keep-Alive[\r][\n]"
141625 [Forwarding findElement on session 26e90cf751a94491357d237ee8548956 to remote] DEBUG org.apache.http.wire  - http-outgoing-104 >> "Connection: Keep-Alive[\r][\n]"
141625 [Forwarding findElement on session 26e90cf751a94491357d237ee8548956 to remote] DEBUG org.apache.http.wire  - http-outgoing-104 >> "Connection: Keep-Alive[\r][\n]"
141625 [Forwarding findElement on session 26e90cf751a94491357d237ee8548956 to remote] DEBUG org.apache.http.wire  - http-outgoing-104 >> "User-Agent: Apache-HttpClient/4.5.2 (Java/1.8.0_91)[\r][\n]"
141625 [Forwarding findElement on session 26e90cf751a94491357d237ee8548956 to remote] DEBUG org.apache.http.wire  - http-outgoing-104 >> "User-Agent: Apache-HttpClient/4.5.2 (Java/1.8.0_91)[\r][\n]"
141625 [Forwarding findElement on session 26e90cf751a94491357d237ee8548956 to remote] DEBUG org.apache.http.wire  - http-outgoing-104 >> "User-Agent: Apache-HttpClient/4.5.2 (Java/1.8.0_91)[\r][\n]"
141625 [Forwarding findElement on session 26e90cf751a94491357d237ee8548956 to remote] DEBUG org.apache.http.wire  - http-outgoing-104 >> "User-Agent: Apache-HttpClient/4.5.2 (Java/1.8.0_91)[\r][\n]"
141625 [Forwarding findElement on session 26e90cf751a94491357d237ee8548956 to remote] DEBUG org.apache.http.wire  - http-outgoing-104 >> "Accept-Encoding: gzip,deflate[\r][\n]"
141625 [Forwarding findElement on session 26e90cf751a94491357d237ee8548956 to remote] DEBUG org.apache.http.wire  - http-outgoing-104 >> "Accept-Encoding: gzip,deflate[\r][\n]"
141625 [Forwarding findElement on session 26e90cf751a94491357d237ee8548956 to remote] DEBUG org.apache.http.wire  - http-outgoing-104 >> "Accept-Encoding: gzip,deflate[\r][\n]"
141625 [Forwarding findElement on session 26e90cf751a94491357d237ee8548956 to remote] DEBUG org.apache.http.wire  - http-outgoing-104 >> "Accept-Encoding: gzip,deflate[\r][\n]"
141625 [Forwarding findElement on session 26e90cf751a94491357d237ee8548956 to remote] DEBUG org.apache.http.wire  - http-outgoing-104 >> "[\r][\n]"
141625 [Forwarding findElement on session 26e90cf751a94491357d237ee8548956 to remote] DEBUG org.apache.http.wire  - http-outgoing-104 >> "[\r][\n]"
141625 [Forwarding findElement on session 26e90cf751a94491357d237ee8548956 to remote] DEBUG org.apache.http.wire  - http-outgoing-104 >> "[\r][\n]"
141625 [Forwarding findElement on session 26e90cf751a94491357d237ee8548956 to remote] DEBUG org.apache.http.wire  - http-outgoing-104 >> "[\r][\n]"
141625 [Forwarding findElement on session 26e90cf751a94491357d237ee8548956 to remote] DEBUG org.apache.http.wire  - http-outgoing-104 >> "{"using":"css selector","value":"#ifixit-logo"}"
141625 [Forwarding findElement on session 26e90cf751a94491357d237ee8548956 to remote] DEBUG org.apache.http.wire  - http-outgoing-104 >> "{"using":"css selector","value":"#ifixit-logo"}"
141625 [Forwarding findElement on session 26e90cf751a94491357d237ee8548956 to remote] DEBUG org.apache.http.wire  - http-outgoing-104 >> "{"using":"css selector","value":"#ifixit-logo"}"
141625 [Forwarding findElement on session 26e90cf751a94491357d237ee8548956 to remote] DEBUG org.apache.http.wire  - http-outgoing-104 >> "{"using":"css selector","value":"#ifixit-logo"}"
141650 [Forwarding findElement on session 26e90cf751a94491357d237ee8548956 to remote] DEBUG org.apache.http.wire  - http-outgoing-104 << "HTTP/1.1 200 OK[\r][\n]"
141650 [Forwarding findElement on session 26e90cf751a94491357d237ee8548956 to remote] DEBUG org.apache.http.wire  - http-outgoing-104 << "HTTP/1.1 200 OK[\r][\n]"
141650 [Forwarding findElement on session 26e90cf751a94491357d237ee8548956 to remote] DEBUG org.apache.http.wire  - http-outgoing-104 << "HTTP/1.1 200 OK[\r][\n]"
141650 [Forwarding findElement on session 26e90cf751a94491357d237ee8548956 to remote] DEBUG org.apache.http.wire  - http-outgoing-104 << "HTTP/1.1 200 OK[\r][\n]"
141650 [Forwarding findElement on session 26e90cf751a94491357d237ee8548956 to remote] DEBUG org.apache.http.wire  - http-outgoing-104 << "Content-Length:103[\r][\n]"
141650 [Forwarding findElement on session 26e90cf751a94491357d237ee8548956 to remote] DEBUG org.apache.http.wire  - http-outgoing-104 << "Content-Length:103[\r][\n]"
141650 [Forwarding findElement on session 26e90cf751a94491357d237ee8548956 to remote] DEBUG org.apache.http.wire  - http-outgoing-104 << "Content-Length:103[\r][\n]"
141650 [Forwarding findElement on session 26e90cf751a94491357d237ee8548956 to remote] DEBUG org.apache.http.wire  - http-outgoing-104 << "Content-Length:103[\r][\n]"
141650 [Forwarding findElement on session 26e90cf751a94491357d237ee8548956 to remote] DEBUG org.apache.http.wire  - http-outgoing-104 << "Content-Type:application/json; charset=utf-8[\r][\n]"
141650 [Forwarding findElement on session 26e90cf751a94491357d237ee8548956 to remote] DEBUG org.apache.http.wire  - http-outgoing-104 << "Content-Type:application/json; charset=utf-8[\r][\n]"
141650 [Forwarding findElement on session 26e90cf751a94491357d237ee8548956 to remote] DEBUG org.apache.http.wire  - http-outgoing-104 << "Content-Type:application/json; charset=utf-8[\r][\n]"
141650 [Forwarding findElement on session 26e90cf751a94491357d237ee8548956 to remote] DEBUG org.apache.http.wire  - http-outgoing-104 << "Content-Type:application/json; charset=utf-8[\r][\n]"
141650 [Forwarding findElement on session 26e90cf751a94491357d237ee8548956 to remote] DEBUG org.apache.http.wire  - http-outgoing-104 << "Connection:close[\r][\n]"
141650 [Forwarding findElement on session 26e90cf751a94491357d237ee8548956 to remote] DEBUG org.apache.http.wire  - http-outgoing-104 << "Connection:close[\r][\n]"
141650 [Forwarding findElement on session 26e90cf751a94491357d237ee8548956 to remote] DEBUG org.apache.http.wire  - http-outgoing-104 << "Connection:close[\r][\n]"
141650 [Forwarding findElement on session 26e90cf751a94491357d237ee8548956 to remote] DEBUG org.apache.http.wire  - http-outgoing-104 << "Connection:close[\r][\n]"
141650 [Forwarding findElement on session 26e90cf751a94491357d237ee8548956 to remote] DEBUG org.apache.http.wire  - http-outgoing-104 << "[\r][\n]"
141650 [Forwarding findElement on session 26e90cf751a94491357d237ee8548956 to remote] DEBUG org.apache.http.wire  - http-outgoing-104 << "[\r][\n]"
141650 [Forwarding findElement on session 26e90cf751a94491357d237ee8548956 to remote] DEBUG org.apache.http.wire  - http-outgoing-104 << "[\r][\n]"
141650 [Forwarding findElement on session 26e90cf751a94491357d237ee8548956 to remote] DEBUG org.apache.http.wire  - http-outgoing-104 << "[\r][\n]"
141650 [Forwarding findElement on session 26e90cf751a94491357d237ee8548956 to remote] DEBUG org.apache.http.wire  - http-outgoing-104 << "{"sessionId":"26e90cf751a94491357d237ee8548956","status":0,"value":{"ELEMENT":"0.18080964092899965-3"}}"
141650 [Forwarding findElement on session 26e90cf751a94491357d237ee8548956 to remote] DEBUG org.apache.http.wire  - http-outgoing-104 << "{"sessionId":"26e90cf751a94491357d237ee8548956","status":0,"value":{"ELEMENT":"0.18080964092899965-3"}}"
141650 [Forwarding findElement on session 26e90cf751a94491357d237ee8548956 to remote] DEBUG org.apache.http.wire  - http-outgoing-104 << "{"sessionId":"26e90cf751a94491357d237ee8548956","status":0,"value":{"ELEMENT":"0.18080964092899965-3"}}"
141650 [Forwarding findElement on session 26e90cf751a94491357d237ee8548956 to remote] DEBUG org.apache.http.wire  - http-outgoing-104 << "{"sessionId":"26e90cf751a94491357d237ee8548956","status":0,"value":{"ELEMENT":"0.18080964092899965-3"}}"
141650 [Forwarding findElement on session 26e90cf751a94491357d237ee8548956 to remote] DEBUG org.apache.http.headers  - http-outgoing-104 << HTTP/1.1 200 OK
141650 [Forwarding findElement on session 26e90cf751a94491357d237ee8548956 to remote] DEBUG org.apache.http.headers  - http-outgoing-104 << HTTP/1.1 200 OK
141650 [Forwarding findElement on session 26e90cf751a94491357d237ee8548956 to remote] DEBUG org.apache.http.headers  - http-outgoing-104 << HTTP/1.1 200 OK
141650 [Forwarding findElement on session 26e90cf751a94491357d237ee8548956 to remote] DEBUG org.apache.http.headers  - http-outgoing-104 << HTTP/1.1 200 OK
141651 [Forwarding findElement on session 26e90cf751a94491357d237ee8548956 to remote] DEBUG org.apache.http.headers  - http-outgoing-104 << Content-Length:103
141651 [Forwarding findElement on session 26e90cf751a94491357d237ee8548956 to remote] DEBUG org.apache.http.headers  - http-outgoing-104 << Content-Length:103
141651 [Forwarding findElement on session 26e90cf751a94491357d237ee8548956 to remote] DEBUG org.apache.http.headers  - http-outgoing-104 << Content-Length:103
141651 [Forwarding findElement on session 26e90cf751a94491357d237ee8548956 to remote] DEBUG org.apache.http.headers  - http-outgoing-104 << Content-Length:103
141651 [Forwarding findElement on session 26e90cf751a94491357d237ee8548956 to remote] DEBUG org.apache.http.headers  - http-outgoing-104 << Content-Type:application/json; charset=utf-8
141651 [Forwarding findElement on session 26e90cf751a94491357d237ee8548956 to remote] DEBUG org.apache.http.headers  - http-outgoing-104 << Content-Type:application/json; charset=utf-8
141651 [Forwarding findElement on session 26e90cf751a94491357d237ee8548956 to remote] DEBUG org.apache.http.headers  - http-outgoing-104 << Content-Type:application/json; charset=utf-8
141651 [Forwarding findElement on session 26e90cf751a94491357d237ee8548956 to remote] DEBUG org.apache.http.headers  - http-outgoing-104 << Content-Type:application/json; charset=utf-8
141651 [Forwarding findElement on session 26e90cf751a94491357d237ee8548956 to remote] DEBUG org.apache.http.headers  - http-outgoing-104 << Connection:close
141651 [Forwarding findElement on session 26e90cf751a94491357d237ee8548956 to remote] DEBUG org.apache.http.headers  - http-outgoing-104 << Connection:close
141651 [Forwarding findElement on session 26e90cf751a94491357d237ee8548956 to remote] DEBUG org.apache.http.headers  - http-outgoing-104 << Connection:close
141651 [Forwarding findElement on session 26e90cf751a94491357d237ee8548956 to remote] DEBUG org.apache.http.headers  - http-outgoing-104 << Connection:close
141651 [Forwarding findElement on session 26e90cf751a94491357d237ee8548956 to remote] DEBUG org.apache.http.impl.conn.DefaultManagedHttpClientConnection  - http-outgoing-104: Close connection
141651 [Forwarding findElement on session 26e90cf751a94491357d237ee8548956 to remote] DEBUG org.apache.http.impl.conn.DefaultManagedHttpClientConnection  - http-outgoing-104: Close connection
141651 [Forwarding findElement on session 26e90cf751a94491357d237ee8548956 to remote] DEBUG org.apache.http.impl.conn.DefaultManagedHttpClientConnection  - http-outgoing-104: Close connection
141651 [Forwarding findElement on session 26e90cf751a94491357d237ee8548956 to remote] DEBUG org.apache.http.impl.conn.DefaultManagedHttpClientConnection  - http-outgoing-104: Close connection
141651 [Forwarding findElement on session 26e90cf751a94491357d237ee8548956 to remote] DEBUG org.apache.http.impl.execchain.MainClientExec  - Connection discarded
141651 [Forwarding findElement on session 26e90cf751a94491357d237ee8548956 to remote] DEBUG org.apache.http.impl.execchain.MainClientExec  - Connection discarded
141651 [Forwarding findElement on session 26e90cf751a94491357d237ee8548956 to remote] DEBUG org.apache.http.impl.execchain.MainClientExec  - Connection discarded
141651 [Forwarding findElement on session 26e90cf751a94491357d237ee8548956 to remote] DEBUG org.apache.http.impl.execchain.MainClientExec  - Connection discarded
141651 [Forwarding findElement on session 26e90cf751a94491357d237ee8548956 to remote] DEBUG org.apache.http.impl.conn.PoolingHttpClientConnectionManager  - Connection released: [id: 104][route: {}->http://localhost:39717][total kept alive: 0; route allocated: 0 of 2000; total allocated: 0 of 2000]
141651 [Forwarding findElement on session 26e90cf751a94491357d237ee8548956 to remote] DEBUG org.apache.http.impl.conn.PoolingHttpClientConnectionManager  - Connection released: [id: 104][route: {}->http://localhost:39717][total kept alive: 0; route allocated: 0 of 2000; total allocated: 0 of 2000]
141651 [Forwarding findElement on session 26e90cf751a94491357d237ee8548956 to remote] DEBUG org.apache.http.impl.conn.PoolingHttpClientConnectionManager  - Connection released: [id: 104][route: {}->http://localhost:39717][total kept alive: 0; route allocated: 0 of 2000; total allocated: 0 of 2000]
141651 [Forwarding findElement on session 26e90cf751a94491357d237ee8548956 to remote] DEBUG org.apache.http.impl.conn.PoolingHttpClientConnectionManager  - Connection released: [id: 104][route: {}->http://localhost:39717][total kept alive: 0; route allocated: 0 of 2000; total allocated: 0 of 2000]
141653 [Forwarding isElementDisplayed on session 26e90cf751a94491357d237ee8548956 to remote] DEBUG org.apache.http.client.protocol.RequestAddCookies  - CookieSpec selected: default
141653 [Forwarding isElementDisplayed on session 26e90cf751a94491357d237ee8548956 to remote] DEBUG org.apache.http.client.protocol.RequestAddCookies  - CookieSpec selected: default
141653 [Forwarding isElementDisplayed on session 26e90cf751a94491357d237ee8548956 to remote] DEBUG org.apache.http.client.protocol.RequestAddCookies  - CookieSpec selected: default
141653 [Forwarding isElementDisplayed on session 26e90cf751a94491357d237ee8548956 to remote] DEBUG org.apache.http.client.protocol.RequestAddCookies  - CookieSpec selected: default
141653 [Forwarding isElementDisplayed on session 26e90cf751a94491357d237ee8548956 to remote] DEBUG org.apache.http.client.protocol.RequestAuthCache  - Auth cache not set in the context
141653 [Forwarding isElementDisplayed on session 26e90cf751a94491357d237ee8548956 to remote] DEBUG org.apache.http.client.protocol.RequestAuthCache  - Auth cache not set in the context
141653 [Forwarding isElementDisplayed on session 26e90cf751a94491357d237ee8548956 to remote] DEBUG org.apache.http.client.protocol.RequestAuthCache  - Auth cache not set in the context
141653 [Forwarding isElementDisplayed on session 26e90cf751a94491357d237ee8548956 to remote] DEBUG org.apache.http.client.protocol.RequestAuthCache  - Auth cache not set in the context
141653 [Forwarding isElementDisplayed on session 26e90cf751a94491357d237ee8548956 to remote] DEBUG org.apache.http.impl.conn.PoolingHttpClientConnectionManager  - Connection request: [route: {}->http://localhost:39717][total kept alive: 0; route allocated: 0 of 2000; total allocated: 0 of 2000]
141653 [Forwarding isElementDisplayed on session 26e90cf751a94491357d237ee8548956 to remote] DEBUG org.apache.http.impl.conn.PoolingHttpClientConnectionManager  - Connection request: [route: {}->http://localhost:39717][total kept alive: 0; route allocated: 0 of 2000; total allocated: 0 of 2000]
141653 [Forwarding isElementDisplayed on session 26e90cf751a94491357d237ee8548956 to remote] DEBUG org.apache.http.impl.conn.PoolingHttpClientConnectionManager  - Connection request: [route: {}->http://localhost:39717][total kept alive: 0; route allocated: 0 of 2000; total allocated: 0 of 2000]
141653 [Forwarding isElementDisplayed on session 26e90cf751a94491357d237ee8548956 to remote] DEBUG org.apache.http.impl.conn.PoolingHttpClientConnectionManager  - Connection request: [route: {}->http://localhost:39717][total kept alive: 0; route allocated: 0 of 2000; total allocated: 0 of 2000]
141653 [Forwarding isElementDisplayed on session 26e90cf751a94491357d237ee8548956 to remote] DEBUG org.apache.http.impl.conn.PoolingHttpClientConnectionManager  - Connection leased: [id: 105][route: {}->http://localhost:39717][total kept alive: 0; route allocated: 1 of 2000; total allocated: 1 of 2000]
141653 [Forwarding isElementDisplayed on session 26e90cf751a94491357d237ee8548956 to remote] DEBUG org.apache.http.impl.conn.PoolingHttpClientConnectionManager  - Connection leased: [id: 105][route: {}->http://localhost:39717][total kept alive: 0; route allocated: 1 of 2000; total allocated: 1 of 2000]
141653 [Forwarding isElementDisplayed on session 26e90cf751a94491357d237ee8548956 to remote] DEBUG org.apache.http.impl.conn.PoolingHttpClientConnectionManager  - Connection leased: [id: 105][route: {}->http://localhost:39717][total kept alive: 0; route allocated: 1 of 2000; total allocated: 1 of 2000]
141653 [Forwarding isElementDisplayed on session 26e90cf751a94491357d237ee8548956 to remote] DEBUG org.apache.http.impl.conn.PoolingHttpClientConnectionManager  - Connection leased: [id: 105][route: {}->http://localhost:39717][total kept alive: 0; route allocated: 1 of 2000; total allocated: 1 of 2000]
141653 [Forwarding isElementDisplayed on session 26e90cf751a94491357d237ee8548956 to remote] DEBUG org.apache.http.impl.execchain.MainClientExec  - Opening connection {}->http://localhost:39717
141653 [Forwarding isElementDisplayed on session 26e90cf751a94491357d237ee8548956 to remote] DEBUG org.apache.http.impl.execchain.MainClientExec  - Opening connection {}->http://localhost:39717
141653 [Forwarding isElementDisplayed on session 26e90cf751a94491357d237ee8548956 to remote] DEBUG org.apache.http.impl.execchain.MainClientExec  - Opening connection {}->http://localhost:39717
141653 [Forwarding isElementDisplayed on session 26e90cf751a94491357d237ee8548956 to remote] DEBUG org.apache.http.impl.execchain.MainClientExec  - Opening connection {}->http://localhost:39717
141653 [Forwarding isElementDisplayed on session 26e90cf751a94491357d237ee8548956 to remote] DEBUG org.apache.http.impl.conn.DefaultHttpClientConnectionOperator  - Connecting to localhost/127.0.0.1:39717
141653 [Forwarding isElementDisplayed on session 26e90cf751a94491357d237ee8548956 to remote] DEBUG org.apache.http.impl.conn.DefaultHttpClientConnectionOperator  - Connecting to localhost/127.0.0.1:39717
141653 [Forwarding isElementDisplayed on session 26e90cf751a94491357d237ee8548956 to remote] DEBUG org.apache.http.impl.conn.DefaultHttpClientConnectionOperator  - Connecting to localhost/127.0.0.1:39717
141653 [Forwarding isElementDisplayed on session 26e90cf751a94491357d237ee8548956 to remote] DEBUG org.apache.http.impl.conn.DefaultHttpClientConnectionOperator  - Connecting to localhost/127.0.0.1:39717
141654 [Forwarding isElementDisplayed on session 26e90cf751a94491357d237ee8548956 to remote] DEBUG org.apache.http.impl.conn.DefaultHttpClientConnectionOperator  - Connection established 127.0.0.1:53077<->127.0.0.1:39717
141654 [Forwarding isElementDisplayed on session 26e90cf751a94491357d237ee8548956 to remote] DEBUG org.apache.http.impl.conn.DefaultHttpClientConnectionOperator  - Connection established 127.0.0.1:53077<->127.0.0.1:39717
141654 [Forwarding isElementDisplayed on session 26e90cf751a94491357d237ee8548956 to remote] DEBUG org.apache.http.impl.conn.DefaultHttpClientConnectionOperator  - Connection established 127.0.0.1:53077<->127.0.0.1:39717
141654 [Forwarding isElementDisplayed on session 26e90cf751a94491357d237ee8548956 to remote] DEBUG org.apache.http.impl.conn.DefaultHttpClientConnectionOperator  - Connection established 127.0.0.1:53077<->127.0.0.1:39717
141654 [Forwarding isElementDisplayed on session 26e90cf751a94491357d237ee8548956 to remote] DEBUG org.apache.http.impl.conn.DefaultManagedHttpClientConnection  - http-outgoing-105: set socket timeout to 10800000
141654 [Forwarding isElementDisplayed on session 26e90cf751a94491357d237ee8548956 to remote] DEBUG org.apache.http.impl.conn.DefaultManagedHttpClientConnection  - http-outgoing-105: set socket timeout to 10800000
141654 [Forwarding isElementDisplayed on session 26e90cf751a94491357d237ee8548956 to remote] DEBUG org.apache.http.impl.conn.DefaultManagedHttpClientConnection  - http-outgoing-105: set socket timeout to 10800000
141654 [Forwarding isElementDisplayed on session 26e90cf751a94491357d237ee8548956 to remote] DEBUG org.apache.http.impl.conn.DefaultManagedHttpClientConnection  - http-outgoing-105: set socket timeout to 10800000
141654 [Forwarding isElementDisplayed on session 26e90cf751a94491357d237ee8548956 to remote] DEBUG org.apache.http.impl.execchain.MainClientExec  - Executing request GET /session/26e90cf751a94491357d237ee8548956/element/0.18080964092899965-3/displayed HTTP/1.1
141654 [Forwarding isElementDisplayed on session 26e90cf751a94491357d237ee8548956 to remote] DEBUG org.apache.http.impl.execchain.MainClientExec  - Executing request GET /session/26e90cf751a94491357d237ee8548956/element/0.18080964092899965-3/displayed HTTP/1.1
141654 [Forwarding isElementDisplayed on session 26e90cf751a94491357d237ee8548956 to remote] DEBUG org.apache.http.impl.execchain.MainClientExec  - Executing request GET /session/26e90cf751a94491357d237ee8548956/element/0.18080964092899965-3/displayed HTTP/1.1
141654 [Forwarding isElementDisplayed on session 26e90cf751a94491357d237ee8548956 to remote] DEBUG org.apache.http.impl.execchain.MainClientExec  - Executing request GET /session/26e90cf751a94491357d237ee8548956/element/0.18080964092899965-3/displayed HTTP/1.1
141654 [Forwarding isElementDisplayed on session 26e90cf751a94491357d237ee8548956 to remote] DEBUG org.apache.http.impl.execchain.MainClientExec  - Target auth state: UNCHALLENGED
141654 [Forwarding isElementDisplayed on session 26e90cf751a94491357d237ee8548956 to remote] DEBUG org.apache.http.impl.execchain.MainClientExec  - Target auth state: UNCHALLENGED
141654 [Forwarding isElementDisplayed on session 26e90cf751a94491357d237ee8548956 to remote] DEBUG org.apache.http.impl.execchain.MainClientExec  - Target auth state: UNCHALLENGED
141654 [Forwarding isElementDisplayed on session 26e90cf751a94491357d237ee8548956 to remote] DEBUG org.apache.http.impl.execchain.MainClientExec  - Target auth state: UNCHALLENGED
141654 [Forwarding isElementDisplayed on session 26e90cf751a94491357d237ee8548956 to remote] DEBUG org.apache.http.impl.execchain.MainClientExec  - Proxy auth state: UNCHALLENGED
141654 [Forwarding isElementDisplayed on session 26e90cf751a94491357d237ee8548956 to remote] DEBUG org.apache.http.impl.execchain.MainClientExec  - Proxy auth state: UNCHALLENGED
141654 [Forwarding isElementDisplayed on session 26e90cf751a94491357d237ee8548956 to remote] DEBUG org.apache.http.impl.execchain.MainClientExec  - Proxy auth state: UNCHALLENGED
141654 [Forwarding isElementDisplayed on session 26e90cf751a94491357d237ee8548956 to remote] DEBUG org.apache.http.impl.execchain.MainClientExec  - Proxy auth state: UNCHALLENGED
141654 [Forwarding isElementDisplayed on session 26e90cf751a94491357d237ee8548956 to remote] DEBUG org.apache.http.headers  - http-outgoing-105 >> GET /session/26e90cf751a94491357d237ee8548956/element/0.18080964092899965-3/displayed HTTP/1.1
141654 [Forwarding isElementDisplayed on session 26e90cf751a94491357d237ee8548956 to remote] DEBUG org.apache.http.headers  - http-outgoing-105 >> GET /session/26e90cf751a94491357d237ee8548956/element/0.18080964092899965-3/displayed HTTP/1.1
141654 [Forwarding isElementDisplayed on session 26e90cf751a94491357d237ee8548956 to remote] DEBUG org.apache.http.headers  - http-outgoing-105 >> GET /session/26e90cf751a94491357d237ee8548956/element/0.18080964092899965-3/displayed HTTP/1.1
141654 [Forwarding isElementDisplayed on session 26e90cf751a94491357d237ee8548956 to remote] DEBUG org.apache.http.headers  - http-outgoing-105 >> GET /session/26e90cf751a94491357d237ee8548956/element/0.18080964092899965-3/displayed HTTP/1.1
141654 [Forwarding isElementDisplayed on session 26e90cf751a94491357d237ee8548956 to remote] DEBUG org.apache.http.headers  - http-outgoing-105 >> Cache-Control: no-cache
141654 [Forwarding isElementDisplayed on session 26e90cf751a94491357d237ee8548956 to remote] DEBUG org.apache.http.headers  - http-outgoing-105 >> Cache-Control: no-cache
141654 [Forwarding isElementDisplayed on session 26e90cf751a94491357d237ee8548956 to remote] DEBUG org.apache.http.headers  - http-outgoing-105 >> Cache-Control: no-cache
141654 [Forwarding isElementDisplayed on session 26e90cf751a94491357d237ee8548956 to remote] DEBUG org.apache.http.headers  - http-outgoing-105 >> Cache-Control: no-cache
141654 [Forwarding isElementDisplayed on session 26e90cf751a94491357d237ee8548956 to remote] DEBUG org.apache.http.headers  - http-outgoing-105 >> Host: localhost:39717
141654 [Forwarding isElementDisplayed on session 26e90cf751a94491357d237ee8548956 to remote] DEBUG org.apache.http.headers  - http-outgoing-105 >> Host: localhost:39717
141654 [Forwarding isElementDisplayed on session 26e90cf751a94491357d237ee8548956 to remote] DEBUG org.apache.http.headers  - http-outgoing-105 >> Host: localhost:39717
141654 [Forwarding isElementDisplayed on session 26e90cf751a94491357d237ee8548956 to remote] DEBUG org.apache.http.headers  - http-outgoing-105 >> Host: localhost:39717
141654 [Forwarding isElementDisplayed on session 26e90cf751a94491357d237ee8548956 to remote] DEBUG org.apache.http.headers  - http-outgoing-105 >> Connection: Keep-Alive
141654 [Forwarding isElementDisplayed on session 26e90cf751a94491357d237ee8548956 to remote] DEBUG org.apache.http.headers  - http-outgoing-105 >> Connection: Keep-Alive
141654 [Forwarding isElementDisplayed on session 26e90cf751a94491357d237ee8548956 to remote] DEBUG org.apache.http.headers  - http-outgoing-105 >> Connection: Keep-Alive
141654 [Forwarding isElementDisplayed on session 26e90cf751a94491357d237ee8548956 to remote] DEBUG org.apache.http.headers  - http-outgoing-105 >> Connection: Keep-Alive
141654 [Forwarding isElementDisplayed on session 26e90cf751a94491357d237ee8548956 to remote] DEBUG org.apache.http.headers  - http-outgoing-105 >> User-Agent: Apache-HttpClient/4.5.2 (Java/1.8.0_91)
141654 [Forwarding isElementDisplayed on session 26e90cf751a94491357d237ee8548956 to remote] DEBUG org.apache.http.headers  - http-outgoing-105 >> User-Agent: Apache-HttpClient/4.5.2 (Java/1.8.0_91)
141654 [Forwarding isElementDisplayed on session 26e90cf751a94491357d237ee8548956 to remote] DEBUG org.apache.http.headers  - http-outgoing-105 >> User-Agent: Apache-HttpClient/4.5.2 (Java/1.8.0_91)
141654 [Forwarding isElementDisplayed on session 26e90cf751a94491357d237ee8548956 to remote] DEBUG org.apache.http.headers  - http-outgoing-105 >> User-Agent: Apache-HttpClient/4.5.2 (Java/1.8.0_91)
141654 [Forwarding isElementDisplayed on session 26e90cf751a94491357d237ee8548956 to remote] DEBUG org.apache.http.headers  - http-outgoing-105 >> Accept-Encoding: gzip,deflate
141654 [Forwarding isElementDisplayed on session 26e90cf751a94491357d237ee8548956 to remote] DEBUG org.apache.http.headers  - http-outgoing-105 >> Accept-Encoding: gzip,deflate
141654 [Forwarding isElementDisplayed on session 26e90cf751a94491357d237ee8548956 to remote] DEBUG org.apache.http.headers  - http-outgoing-105 >> Accept-Encoding: gzip,deflate
141654 [Forwarding isElementDisplayed on session 26e90cf751a94491357d237ee8548956 to remote] DEBUG org.apache.http.headers  - http-outgoing-105 >> Accept-Encoding: gzip,deflate
141654 [Forwarding isElementDisplayed on session 26e90cf751a94491357d237ee8548956 to remote] DEBUG org.apache.http.wire  - http-outgoing-105 >> "GET /session/26e90cf751a94491357d237ee8548956/element/0.18080964092899965-3/displayed HTTP/1.1[\r][\n]"
141654 [Forwarding isElementDisplayed on session 26e90cf751a94491357d237ee8548956 to remote] DEBUG org.apache.http.wire  - http-outgoing-105 >> "GET /session/26e90cf751a94491357d237ee8548956/element/0.18080964092899965-3/displayed HTTP/1.1[\r][\n]"
141654 [Forwarding isElementDisplayed on session 26e90cf751a94491357d237ee8548956 to remote] DEBUG org.apache.http.wire  - http-outgoing-105 >> "GET /session/26e90cf751a94491357d237ee8548956/element/0.18080964092899965-3/displayed HTTP/1.1[\r][\n]"
141654 [Forwarding isElementDisplayed on session 26e90cf751a94491357d237ee8548956 to remote] DEBUG org.apache.http.wire  - http-outgoing-105 >> "GET /session/26e90cf751a94491357d237ee8548956/element/0.18080964092899965-3/displayed HTTP/1.1[\r][\n]"
141654 [Forwarding isElementDisplayed on session 26e90cf751a94491357d237ee8548956 to remote] DEBUG org.apache.http.wire  - http-outgoing-105 >> "Cache-Control: no-cache[\r][\n]"
141654 [Forwarding isElementDisplayed on session 26e90cf751a94491357d237ee8548956 to remote] DEBUG org.apache.http.wire  - http-outgoing-105 >> "Cache-Control: no-cache[\r][\n]"
141654 [Forwarding isElementDisplayed on session 26e90cf751a94491357d237ee8548956 to remote] DEBUG org.apache.http.wire  - http-outgoing-105 >> "Cache-Control: no-cache[\r][\n]"
141654 [Forwarding isElementDisplayed on session 26e90cf751a94491357d237ee8548956 to remote] DEBUG org.apache.http.wire  - http-outgoing-105 >> "Cache-Control: no-cache[\r][\n]"
141654 [Forwarding isElementDisplayed on session 26e90cf751a94491357d237ee8548956 to remote] DEBUG org.apache.http.wire  - http-outgoing-105 >> "Host: localhost:39717[\r][\n]"
141654 [Forwarding isElementDisplayed on session 26e90cf751a94491357d237ee8548956 to remote] DEBUG org.apache.http.wire  - http-outgoing-105 >> "Host: localhost:39717[\r][\n]"
141654 [Forwarding isElementDisplayed on session 26e90cf751a94491357d237ee8548956 to remote] DEBUG org.apache.http.wire  - http-outgoing-105 >> "Host: localhost:39717[\r][\n]"
141654 [Forwarding isElementDisplayed on session 26e90cf751a94491357d237ee8548956 to remote] DEBUG org.apache.http.wire  - http-outgoing-105 >> "Host: localhost:39717[\r][\n]"
141654 [Forwarding isElementDisplayed on session 26e90cf751a94491357d237ee8548956 to remote] DEBUG org.apache.http.wire  - http-outgoing-105 >> "Connection: Keep-Alive[\r][\n]"
141654 [Forwarding isElementDisplayed on session 26e90cf751a94491357d237ee8548956 to remote] DEBUG org.apache.http.wire  - http-outgoing-105 >> "Connection: Keep-Alive[\r][\n]"
141654 [Forwarding isElementDisplayed on session 26e90cf751a94491357d237ee8548956 to remote] DEBUG org.apache.http.wire  - http-outgoing-105 >> "Connection: Keep-Alive[\r][\n]"
141654 [Forwarding isElementDisplayed on session 26e90cf751a94491357d237ee8548956 to remote] DEBUG org.apache.http.wire  - http-outgoing-105 >> "Connection: Keep-Alive[\r][\n]"
141654 [Forwarding isElementDisplayed on session 26e90cf751a94491357d237ee8548956 to remote] DEBUG org.apache.http.wire  - http-outgoing-105 >> "User-Agent: Apache-HttpClient/4.5.2 (Java/1.8.0_91)[\r][\n]"
141654 [Forwarding isElementDisplayed on session 26e90cf751a94491357d237ee8548956 to remote] DEBUG org.apache.http.wire  - http-outgoing-105 >> "User-Agent: Apache-HttpClient/4.5.2 (Java/1.8.0_91)[\r][\n]"
141654 [Forwarding isElementDisplayed on session 26e90cf751a94491357d237ee8548956 to remote] DEBUG org.apache.http.wire  - http-outgoing-105 >> "User-Agent: Apache-HttpClient/4.5.2 (Java/1.8.0_91)[\r][\n]"
141654 [Forwarding isElementDisplayed on session 26e90cf751a94491357d237ee8548956 to remote] DEBUG org.apache.http.wire  - http-outgoing-105 >> "User-Agent: Apache-HttpClient/4.5.2 (Java/1.8.0_91)[\r][\n]"
141654 [Forwarding isElementDisplayed on session 26e90cf751a94491357d237ee8548956 to remote] DEBUG org.apache.http.wire  - http-outgoing-105 >> "Accept-Encoding: gzip,deflate[\r][\n]"
141654 [Forwarding isElementDisplayed on session 26e90cf751a94491357d237ee8548956 to remote] DEBUG org.apache.http.wire  - http-outgoing-105 >> "Accept-Encoding: gzip,deflate[\r][\n]"
141654 [Forwarding isElementDisplayed on session 26e90cf751a94491357d237ee8548956 to remote] DEBUG org.apache.http.wire  - http-outgoing-105 >> "Accept-Encoding: gzip,deflate[\r][\n]"
141654 [Forwarding isElementDisplayed on session 26e90cf751a94491357d237ee8548956 to remote] DEBUG org.apache.http.wire  - http-outgoing-105 >> "Accept-Encoding: gzip,deflate[\r][\n]"
141655 [Forwarding isElementDisplayed on session 26e90cf751a94491357d237ee8548956 to remote] DEBUG org.apache.http.wire  - http-outgoing-105 >> "[\r][\n]"
141655 [Forwarding isElementDisplayed on session 26e90cf751a94491357d237ee8548956 to remote] DEBUG org.apache.http.wire  - http-outgoing-105 >> "[\r][\n]"
141655 [Forwarding isElementDisplayed on session 26e90cf751a94491357d237ee8548956 to remote] DEBUG org.apache.http.wire  - http-outgoing-105 >> "[\r][\n]"
141655 [Forwarding isElementDisplayed on session 26e90cf751a94491357d237ee8548956 to remote] DEBUG org.apache.http.wire  - http-outgoing-105 >> "[\r][\n]"
141666 [Forwarding isElementDisplayed on session 26e90cf751a94491357d237ee8548956 to remote] DEBUG org.apache.http.wire  - http-outgoing-105 << "HTTP/1.1 200 OK[\r][\n]"
141666 [Forwarding isElementDisplayed on session 26e90cf751a94491357d237ee8548956 to remote] DEBUG org.apache.http.wire  - http-outgoing-105 << "HTTP/1.1 200 OK[\r][\n]"
141666 [Forwarding isElementDisplayed on session 26e90cf751a94491357d237ee8548956 to remote] DEBUG org.apache.http.wire  - http-outgoing-105 << "HTTP/1.1 200 OK[\r][\n]"
141666 [Forwarding isElementDisplayed on session 26e90cf751a94491357d237ee8548956 to remote] DEBUG org.apache.http.wire  - http-outgoing-105 << "HTTP/1.1 200 OK[\r][\n]"
141666 [Forwarding isElementDisplayed on session 26e90cf751a94491357d237ee8548956 to remote] DEBUG org.apache.http.wire  - http-outgoing-105 << "Content-Length:72[\r][\n]"
141666 [Forwarding isElementDisplayed on session 26e90cf751a94491357d237ee8548956 to remote] DEBUG org.apache.http.wire  - http-outgoing-105 << "Content-Length:72[\r][\n]"
141666 [Forwarding isElementDisplayed on session 26e90cf751a94491357d237ee8548956 to remote] DEBUG org.apache.http.wire  - http-outgoing-105 << "Content-Length:72[\r][\n]"
141666 [Forwarding isElementDisplayed on session 26e90cf751a94491357d237ee8548956 to remote] DEBUG org.apache.http.wire  - http-outgoing-105 << "Content-Length:72[\r][\n]"
141666 [Forwarding isElementDisplayed on session 26e90cf751a94491357d237ee8548956 to remote] DEBUG org.apache.http.wire  - http-outgoing-105 << "Content-Type:application/json; charset=utf-8[\r][\n]"
141666 [Forwarding isElementDisplayed on session 26e90cf751a94491357d237ee8548956 to remote] DEBUG org.apache.http.wire  - http-outgoing-105 << "Content-Type:application/json; charset=utf-8[\r][\n]"
141666 [Forwarding isElementDisplayed on session 26e90cf751a94491357d237ee8548956 to remote] DEBUG org.apache.http.wire  - http-outgoing-105 << "Content-Type:application/json; charset=utf-8[\r][\n]"
141666 [Forwarding isElementDisplayed on session 26e90cf751a94491357d237ee8548956 to remote] DEBUG org.apache.http.wire  - http-outgoing-105 << "Content-Type:application/json; charset=utf-8[\r][\n]"
141666 [Forwarding isElementDisplayed on session 26e90cf751a94491357d237ee8548956 to remote] DEBUG org.apache.http.wire  - http-outgoing-105 << "Connection:close[\r][\n]"
141666 [Forwarding isElementDisplayed on session 26e90cf751a94491357d237ee8548956 to remote] DEBUG org.apache.http.wire  - http-outgoing-105 << "Connection:close[\r][\n]"
141666 [Forwarding isElementDisplayed on session 26e90cf751a94491357d237ee8548956 to remote] DEBUG org.apache.http.wire  - http-outgoing-105 << "Connection:close[\r][\n]"
141666 [Forwarding isElementDisplayed on session 26e90cf751a94491357d237ee8548956 to remote] DEBUG org.apache.http.wire  - http-outgoing-105 << "Connection:close[\r][\n]"
141666 [Forwarding isElementDisplayed on session 26e90cf751a94491357d237ee8548956 to remote] DEBUG org.apache.http.wire  - http-outgoing-105 << "[\r][\n]"
141666 [Forwarding isElementDisplayed on session 26e90cf751a94491357d237ee8548956 to remote] DEBUG org.apache.http.wire  - http-outgoing-105 << "[\r][\n]"
141666 [Forwarding isElementDisplayed on session 26e90cf751a94491357d237ee8548956 to remote] DEBUG org.apache.http.wire  - http-outgoing-105 << "[\r][\n]"
141666 [Forwarding isElementDisplayed on session 26e90cf751a94491357d237ee8548956 to remote] DEBUG org.apache.http.wire  - http-outgoing-105 << "[\r][\n]"
141666 [Forwarding isElementDisplayed on session 26e90cf751a94491357d237ee8548956 to remote] DEBUG org.apache.http.wire  - http-outgoing-105 << "{"sessionId":"26e90cf751a94491357d237ee8548956","status":0,"value":true}"
141666 [Forwarding isElementDisplayed on session 26e90cf751a94491357d237ee8548956 to remote] DEBUG org.apache.http.wire  - http-outgoing-105 << "{"sessionId":"26e90cf751a94491357d237ee8548956","status":0,"value":true}"
141666 [Forwarding isElementDisplayed on session 26e90cf751a94491357d237ee8548956 to remote] DEBUG org.apache.http.wire  - http-outgoing-105 << "{"sessionId":"26e90cf751a94491357d237ee8548956","status":0,"value":true}"
141666 [Forwarding isElementDisplayed on session 26e90cf751a94491357d237ee8548956 to remote] DEBUG org.apache.http.wire  - http-outgoing-105 << "{"sessionId":"26e90cf751a94491357d237ee8548956","status":0,"value":true}"
141666 [Forwarding isElementDisplayed on session 26e90cf751a94491357d237ee8548956 to remote] DEBUG org.apache.http.headers  - http-outgoing-105 << HTTP/1.1 200 OK
141666 [Forwarding isElementDisplayed on session 26e90cf751a94491357d237ee8548956 to remote] DEBUG org.apache.http.headers  - http-outgoing-105 << HTTP/1.1 200 OK
141666 [Forwarding isElementDisplayed on session 26e90cf751a94491357d237ee8548956 to remote] DEBUG org.apache.http.headers  - http-outgoing-105 << HTTP/1.1 200 OK
141666 [Forwarding isElementDisplayed on session 26e90cf751a94491357d237ee8548956 to remote] DEBUG org.apache.http.headers  - http-outgoing-105 << HTTP/1.1 200 OK
141667 [Forwarding isElementDisplayed on session 26e90cf751a94491357d237ee8548956 to remote] DEBUG org.apache.http.headers  - http-outgoing-105 << Content-Length:72
141667 [Forwarding isElementDisplayed on session 26e90cf751a94491357d237ee8548956 to remote] DEBUG org.apache.http.headers  - http-outgoing-105 << Content-Length:72
141667 [Forwarding isElementDisplayed on session 26e90cf751a94491357d237ee8548956 to remote] DEBUG org.apache.http.headers  - http-outgoing-105 << Content-Length:72
141667 [Forwarding isElementDisplayed on session 26e90cf751a94491357d237ee8548956 to remote] DEBUG org.apache.http.headers  - http-outgoing-105 << Content-Length:72
141667 [Forwarding isElementDisplayed on session 26e90cf751a94491357d237ee8548956 to remote] DEBUG org.apache.http.headers  - http-outgoing-105 << Content-Type:application/json; charset=utf-8
141667 [Forwarding isElementDisplayed on session 26e90cf751a94491357d237ee8548956 to remote] DEBUG org.apache.http.headers  - http-outgoing-105 << Content-Type:application/json; charset=utf-8
141667 [Forwarding isElementDisplayed on session 26e90cf751a94491357d237ee8548956 to remote] DEBUG org.apache.http.headers  - http-outgoing-105 << Content-Type:application/json; charset=utf-8
141667 [Forwarding isElementDisplayed on session 26e90cf751a94491357d237ee8548956 to remote] DEBUG org.apache.http.headers  - http-outgoing-105 << Content-Type:application/json; charset=utf-8
141667 [Forwarding isElementDisplayed on session 26e90cf751a94491357d237ee8548956 to remote] DEBUG org.apache.http.headers  - http-outgoing-105 << Connection:close
141667 [Forwarding isElementDisplayed on session 26e90cf751a94491357d237ee8548956 to remote] DEBUG org.apache.http.headers  - http-outgoing-105 << Connection:close
141667 [Forwarding isElementDisplayed on session 26e90cf751a94491357d237ee8548956 to remote] DEBUG org.apache.http.headers  - http-outgoing-105 << Connection:close
141667 [Forwarding isElementDisplayed on session 26e90cf751a94491357d237ee8548956 to remote] DEBUG org.apache.http.headers  - http-outgoing-105 << Connection:close
141667 [Forwarding isElementDisplayed on session 26e90cf751a94491357d237ee8548956 to remote] DEBUG org.apache.http.impl.conn.DefaultManagedHttpClientConnection  - http-outgoing-105: Close connection
141667 [Forwarding isElementDisplayed on session 26e90cf751a94491357d237ee8548956 to remote] DEBUG org.apache.http.impl.conn.DefaultManagedHttpClientConnection  - http-outgoing-105: Close connection
141667 [Forwarding isElementDisplayed on session 26e90cf751a94491357d237ee8548956 to remote] DEBUG org.apache.http.impl.conn.DefaultManagedHttpClientConnection  - http-outgoing-105: Close connection
141667 [Forwarding isElementDisplayed on session 26e90cf751a94491357d237ee8548956 to remote] DEBUG org.apache.http.impl.conn.DefaultManagedHttpClientConnection  - http-outgoing-105: Close connection
141667 [Forwarding isElementDisplayed on session 26e90cf751a94491357d237ee8548956 to remote] DEBUG org.apache.http.impl.execchain.MainClientExec  - Connection discarded
141667 [Forwarding isElementDisplayed on session 26e90cf751a94491357d237ee8548956 to remote] DEBUG org.apache.http.impl.execchain.MainClientExec  - Connection discarded
141667 [Forwarding isElementDisplayed on session 26e90cf751a94491357d237ee8548956 to remote] DEBUG org.apache.http.impl.execchain.MainClientExec  - Connection discarded
141667 [Forwarding isElementDisplayed on session 26e90cf751a94491357d237ee8548956 to remote] DEBUG org.apache.http.impl.execchain.MainClientExec  - Connection discarded
141667 [Forwarding isElementDisplayed on session 26e90cf751a94491357d237ee8548956 to remote] DEBUG org.apache.http.impl.conn.PoolingHttpClientConnectionManager  - Connection released: [id: 105][route: {}->http://localhost:39717][total kept alive: 0; route allocated: 0 of 2000; total allocated: 0 of 2000]
141667 [Forwarding isElementDisplayed on session 26e90cf751a94491357d237ee8548956 to remote] DEBUG org.apache.http.impl.conn.PoolingHttpClientConnectionManager  - Connection released: [id: 105][route: {}->http://localhost:39717][total kept alive: 0; route allocated: 0 of 2000; total allocated: 0 of 2000]
141667 [Forwarding isElementDisplayed on session 26e90cf751a94491357d237ee8548956 to remote] DEBUG org.apache.http.impl.conn.PoolingHttpClientConnectionManager  - Connection released: [id: 105][route: {}->http://localhost:39717][total kept alive: 0; route allocated: 0 of 2000; total allocated: 0 of 2000]
141667 [Forwarding isElementDisplayed on session 26e90cf751a94491357d237ee8548956 to remote] DEBUG org.apache.http.impl.conn.PoolingHttpClientConnectionManager  - Connection released: [id: 105][route: {}->http://localhost:39717][total kept alive: 0; route allocated: 0 of 2000; total allocated: 0 of 2000]
141668 [Forwarding isElementEnabled on session 26e90cf751a94491357d237ee8548956 to remote] DEBUG org.apache.http.client.protocol.RequestAddCookies  - CookieSpec selected: default
141668 [Forwarding isElementEnabled on session 26e90cf751a94491357d237ee8548956 to remote] DEBUG org.apache.http.client.protocol.RequestAddCookies  - CookieSpec selected: default
141668 [Forwarding isElementEnabled on session 26e90cf751a94491357d237ee8548956 to remote] DEBUG org.apache.http.client.protocol.RequestAddCookies  - CookieSpec selected: default
141668 [Forwarding isElementEnabled on session 26e90cf751a94491357d237ee8548956 to remote] DEBUG org.apache.http.client.protocol.RequestAddCookies  - CookieSpec selected: default
141668 [Forwarding isElementEnabled on session 26e90cf751a94491357d237ee8548956 to remote] DEBUG org.apache.http.client.protocol.RequestAuthCache  - Auth cache not set in the context
141668 [Forwarding isElementEnabled on session 26e90cf751a94491357d237ee8548956 to remote] DEBUG org.apache.http.client.protocol.RequestAuthCache  - Auth cache not set in the context
141668 [Forwarding isElementEnabled on session 26e90cf751a94491357d237ee8548956 to remote] DEBUG org.apache.http.client.protocol.RequestAuthCache  - Auth cache not set in the context
141668 [Forwarding isElementEnabled on session 26e90cf751a94491357d237ee8548956 to remote] DEBUG org.apache.http.client.protocol.RequestAuthCache  - Auth cache not set in the context
141668 [Forwarding isElementEnabled on session 26e90cf751a94491357d237ee8548956 to remote] DEBUG org.apache.http.impl.conn.PoolingHttpClientConnectionManager  - Connection request: [route: {}->http://localhost:39717][total kept alive: 0; route allocated: 0 of 2000; total allocated: 0 of 2000]
141668 [Forwarding isElementEnabled on session 26e90cf751a94491357d237ee8548956 to remote] DEBUG org.apache.http.impl.conn.PoolingHttpClientConnectionManager  - Connection request: [route: {}->http://localhost:39717][total kept alive: 0; route allocated: 0 of 2000; total allocated: 0 of 2000]
141668 [Forwarding isElementEnabled on session 26e90cf751a94491357d237ee8548956 to remote] DEBUG org.apache.http.impl.conn.PoolingHttpClientConnectionManager  - Connection request: [route: {}->http://localhost:39717][total kept alive: 0; route allocated: 0 of 2000; total allocated: 0 of 2000]
141668 [Forwarding isElementEnabled on session 26e90cf751a94491357d237ee8548956 to remote] DEBUG org.apache.http.impl.conn.PoolingHttpClientConnectionManager  - Connection request: [route: {}->http://localhost:39717][total kept alive: 0; route allocated: 0 of 2000; total allocated: 0 of 2000]
141668 [Forwarding isElementEnabled on session 26e90cf751a94491357d237ee8548956 to remote] DEBUG org.apache.http.impl.conn.PoolingHttpClientConnectionManager  - Connection leased: [id: 106][route: {}->http://localhost:39717][total kept alive: 0; route allocated: 1 of 2000; total allocated: 1 of 2000]
141668 [Forwarding isElementEnabled on session 26e90cf751a94491357d237ee8548956 to remote] DEBUG org.apache.http.impl.conn.PoolingHttpClientConnectionManager  - Connection leased: [id: 106][route: {}->http://localhost:39717][total kept alive: 0; route allocated: 1 of 2000; total allocated: 1 of 2000]
141668 [Forwarding isElementEnabled on session 26e90cf751a94491357d237ee8548956 to remote] DEBUG org.apache.http.impl.conn.PoolingHttpClientConnectionManager  - Connection leased: [id: 106][route: {}->http://localhost:39717][total kept alive: 0; route allocated: 1 of 2000; total allocated: 1 of 2000]
141668 [Forwarding isElementEnabled on session 26e90cf751a94491357d237ee8548956 to remote] DEBUG org.apache.http.impl.conn.PoolingHttpClientConnectionManager  - Connection leased: [id: 106][route: {}->http://localhost:39717][total kept alive: 0; route allocated: 1 of 2000; total allocated: 1 of 2000]
141668 [Forwarding isElementEnabled on session 26e90cf751a94491357d237ee8548956 to remote] DEBUG org.apache.http.impl.execchain.MainClientExec  - Opening connection {}->http://localhost:39717
141668 [Forwarding isElementEnabled on session 26e90cf751a94491357d237ee8548956 to remote] DEBUG org.apache.http.impl.execchain.MainClientExec  - Opening connection {}->http://localhost:39717
141668 [Forwarding isElementEnabled on session 26e90cf751a94491357d237ee8548956 to remote] DEBUG org.apache.http.impl.execchain.MainClientExec  - Opening connection {}->http://localhost:39717
141668 [Forwarding isElementEnabled on session 26e90cf751a94491357d237ee8548956 to remote] DEBUG org.apache.http.impl.execchain.MainClientExec  - Opening connection {}->http://localhost:39717
141668 [Forwarding isElementEnabled on session 26e90cf751a94491357d237ee8548956 to remote] DEBUG org.apache.http.impl.conn.DefaultHttpClientConnectionOperator  - Connecting to localhost/127.0.0.1:39717
141668 [Forwarding isElementEnabled on session 26e90cf751a94491357d237ee8548956 to remote] DEBUG org.apache.http.impl.conn.DefaultHttpClientConnectionOperator  - Connecting to localhost/127.0.0.1:39717
141668 [Forwarding isElementEnabled on session 26e90cf751a94491357d237ee8548956 to remote] DEBUG org.apache.http.impl.conn.DefaultHttpClientConnectionOperator  - Connecting to localhost/127.0.0.1:39717
141668 [Forwarding isElementEnabled on session 26e90cf751a94491357d237ee8548956 to remote] DEBUG org.apache.http.impl.conn.DefaultHttpClientConnectionOperator  - Connecting to localhost/127.0.0.1:39717
141668 [Forwarding isElementEnabled on session 26e90cf751a94491357d237ee8548956 to remote] DEBUG org.apache.http.impl.conn.DefaultHttpClientConnectionOperator  - Connection established 127.0.0.1:53078<->127.0.0.1:39717
141668 [Forwarding isElementEnabled on session 26e90cf751a94491357d237ee8548956 to remote] DEBUG org.apache.http.impl.conn.DefaultHttpClientConnectionOperator  - Connection established 127.0.0.1:53078<->127.0.0.1:39717
141668 [Forwarding isElementEnabled on session 26e90cf751a94491357d237ee8548956 to remote] DEBUG org.apache.http.impl.conn.DefaultHttpClientConnectionOperator  - Connection established 127.0.0.1:53078<->127.0.0.1:39717
141668 [Forwarding isElementEnabled on session 26e90cf751a94491357d237ee8548956 to remote] DEBUG org.apache.http.impl.conn.DefaultHttpClientConnectionOperator  - Connection established 127.0.0.1:53078<->127.0.0.1:39717
141668 [Forwarding isElementEnabled on session 26e90cf751a94491357d237ee8548956 to remote] DEBUG org.apache.http.impl.conn.DefaultManagedHttpClientConnection  - http-outgoing-106: set socket timeout to 10800000
141668 [Forwarding isElementEnabled on session 26e90cf751a94491357d237ee8548956 to remote] DEBUG org.apache.http.impl.conn.DefaultManagedHttpClientConnection  - http-outgoing-106: set socket timeout to 10800000
141668 [Forwarding isElementEnabled on session 26e90cf751a94491357d237ee8548956 to remote] DEBUG org.apache.http.impl.conn.DefaultManagedHttpClientConnection  - http-outgoing-106: set socket timeout to 10800000
141668 [Forwarding isElementEnabled on session 26e90cf751a94491357d237ee8548956 to remote] DEBUG org.apache.http.impl.conn.DefaultManagedHttpClientConnection  - http-outgoing-106: set socket timeout to 10800000
141668 [Forwarding isElementEnabled on session 26e90cf751a94491357d237ee8548956 to remote] DEBUG org.apache.http.impl.execchain.MainClientExec  - Executing request GET /session/26e90cf751a94491357d237ee8548956/element/0.18080964092899965-3/enabled HTTP/1.1
141668 [Forwarding isElementEnabled on session 26e90cf751a94491357d237ee8548956 to remote] DEBUG org.apache.http.impl.execchain.MainClientExec  - Executing request GET /session/26e90cf751a94491357d237ee8548956/element/0.18080964092899965-3/enabled HTTP/1.1
141668 [Forwarding isElementEnabled on session 26e90cf751a94491357d237ee8548956 to remote] DEBUG org.apache.http.impl.execchain.MainClientExec  - Executing request GET /session/26e90cf751a94491357d237ee8548956/element/0.18080964092899965-3/enabled HTTP/1.1
141668 [Forwarding isElementEnabled on session 26e90cf751a94491357d237ee8548956 to remote] DEBUG org.apache.http.impl.execchain.MainClientExec  - Executing request GET /session/26e90cf751a94491357d237ee8548956/element/0.18080964092899965-3/enabled HTTP/1.1
141668 [Forwarding isElementEnabled on session 26e90cf751a94491357d237ee8548956 to remote] DEBUG org.apache.http.impl.execchain.MainClientExec  - Target auth state: UNCHALLENGED
141668 [Forwarding isElementEnabled on session 26e90cf751a94491357d237ee8548956 to remote] DEBUG org.apache.http.impl.execchain.MainClientExec  - Target auth state: UNCHALLENGED
141668 [Forwarding isElementEnabled on session 26e90cf751a94491357d237ee8548956 to remote] DEBUG org.apache.http.impl.execchain.MainClientExec  - Target auth state: UNCHALLENGED
141668 [Forwarding isElementEnabled on session 26e90cf751a94491357d237ee8548956 to remote] DEBUG org.apache.http.impl.execchain.MainClientExec  - Target auth state: UNCHALLENGED
141668 [Forwarding isElementEnabled on session 26e90cf751a94491357d237ee8548956 to remote] DEBUG org.apache.http.impl.execchain.MainClientExec  - Proxy auth state: UNCHALLENGED
141668 [Forwarding isElementEnabled on session 26e90cf751a94491357d237ee8548956 to remote] DEBUG org.apache.http.impl.execchain.MainClientExec  - Proxy auth state: UNCHALLENGED
141668 [Forwarding isElementEnabled on session 26e90cf751a94491357d237ee8548956 to remote] DEBUG org.apache.http.impl.execchain.MainClientExec  - Proxy auth state: UNCHALLENGED
141668 [Forwarding isElementEnabled on session 26e90cf751a94491357d237ee8548956 to remote] DEBUG org.apache.http.impl.execchain.MainClientExec  - Proxy auth state: UNCHALLENGED
141668 [Forwarding isElementEnabled on session 26e90cf751a94491357d237ee8548956 to remote] DEBUG org.apache.http.headers  - http-outgoing-106 >> GET /session/26e90cf751a94491357d237ee8548956/element/0.18080964092899965-3/enabled HTTP/1.1
141668 [Forwarding isElementEnabled on session 26e90cf751a94491357d237ee8548956 to remote] DEBUG org.apache.http.headers  - http-outgoing-106 >> GET /session/26e90cf751a94491357d237ee8548956/element/0.18080964092899965-3/enabled HTTP/1.1
141668 [Forwarding isElementEnabled on session 26e90cf751a94491357d237ee8548956 to remote] DEBUG org.apache.http.headers  - http-outgoing-106 >> GET /session/26e90cf751a94491357d237ee8548956/element/0.18080964092899965-3/enabled HTTP/1.1
141668 [Forwarding isElementEnabled on session 26e90cf751a94491357d237ee8548956 to remote] DEBUG org.apache.http.headers  - http-outgoing-106 >> GET /session/26e90cf751a94491357d237ee8548956/element/0.18080964092899965-3/enabled HTTP/1.1
141668 [Forwarding isElementEnabled on session 26e90cf751a94491357d237ee8548956 to remote] DEBUG org.apache.http.headers  - http-outgoing-106 >> Cache-Control: no-cache
141668 [Forwarding isElementEnabled on session 26e90cf751a94491357d237ee8548956 to remote] DEBUG org.apache.http.headers  - http-outgoing-106 >> Cache-Control: no-cache
141668 [Forwarding isElementEnabled on session 26e90cf751a94491357d237ee8548956 to remote] DEBUG org.apache.http.headers  - http-outgoing-106 >> Cache-Control: no-cache
141668 [Forwarding isElementEnabled on session 26e90cf751a94491357d237ee8548956 to remote] DEBUG org.apache.http.headers  - http-outgoing-106 >> Cache-Control: no-cache
141668 [Forwarding isElementEnabled on session 26e90cf751a94491357d237ee8548956 to remote] DEBUG org.apache.http.headers  - http-outgoing-106 >> Host: localhost:39717
141668 [Forwarding isElementEnabled on session 26e90cf751a94491357d237ee8548956 to remote] DEBUG org.apache.http.headers  - http-outgoing-106 >> Host: localhost:39717
141668 [Forwarding isElementEnabled on session 26e90cf751a94491357d237ee8548956 to remote] DEBUG org.apache.http.headers  - http-outgoing-106 >> Host: localhost:39717
141668 [Forwarding isElementEnabled on session 26e90cf751a94491357d237ee8548956 to remote] DEBUG org.apache.http.headers  - http-outgoing-106 >> Host: localhost:39717
141668 [Forwarding isElementEnabled on session 26e90cf751a94491357d237ee8548956 to remote] DEBUG org.apache.http.headers  - http-outgoing-106 >> Connection: Keep-Alive
141668 [Forwarding isElementEnabled on session 26e90cf751a94491357d237ee8548956 to remote] DEBUG org.apache.http.headers  - http-outgoing-106 >> Connection: Keep-Alive
141668 [Forwarding isElementEnabled on session 26e90cf751a94491357d237ee8548956 to remote] DEBUG org.apache.http.headers  - http-outgoing-106 >> Connection: Keep-Alive
141668 [Forwarding isElementEnabled on session 26e90cf751a94491357d237ee8548956 to remote] DEBUG org.apache.http.headers  - http-outgoing-106 >> Connection: Keep-Alive
141668 [Forwarding isElementEnabled on session 26e90cf751a94491357d237ee8548956 to remote] DEBUG org.apache.http.headers  - http-outgoing-106 >> User-Agent: Apache-HttpClient/4.5.2 (Java/1.8.0_91)
141668 [Forwarding isElementEnabled on session 26e90cf751a94491357d237ee8548956 to remote] DEBUG org.apache.http.headers  - http-outgoing-106 >> User-Agent: Apache-HttpClient/4.5.2 (Java/1.8.0_91)
141668 [Forwarding isElementEnabled on session 26e90cf751a94491357d237ee8548956 to remote] DEBUG org.apache.http.headers  - http-outgoing-106 >> User-Agent: Apache-HttpClient/4.5.2 (Java/1.8.0_91)
141668 [Forwarding isElementEnabled on session 26e90cf751a94491357d237ee8548956 to remote] DEBUG org.apache.http.headers  - http-outgoing-106 >> User-Agent: Apache-HttpClient/4.5.2 (Java/1.8.0_91)
141668 [Forwarding isElementEnabled on session 26e90cf751a94491357d237ee8548956 to remote] DEBUG org.apache.http.headers  - http-outgoing-106 >> Accept-Encoding: gzip,deflate
141668 [Forwarding isElementEnabled on session 26e90cf751a94491357d237ee8548956 to remote] DEBUG org.apache.http.headers  - http-outgoing-106 >> Accept-Encoding: gzip,deflate
141668 [Forwarding isElementEnabled on session 26e90cf751a94491357d237ee8548956 to remote] DEBUG org.apache.http.headers  - http-outgoing-106 >> Accept-Encoding: gzip,deflate
141668 [Forwarding isElementEnabled on session 26e90cf751a94491357d237ee8548956 to remote] DEBUG org.apache.http.headers  - http-outgoing-106 >> Accept-Encoding: gzip,deflate
141668 [Forwarding isElementEnabled on session 26e90cf751a94491357d237ee8548956 to remote] DEBUG org.apache.http.wire  - http-outgoing-106 >> "GET /session/26e90cf751a94491357d237ee8548956/element/0.18080964092899965-3/enabled HTTP/1.1[\r][\n]"
141668 [Forwarding isElementEnabled on session 26e90cf751a94491357d237ee8548956 to remote] DEBUG org.apache.http.wire  - http-outgoing-106 >> "GET /session/26e90cf751a94491357d237ee8548956/element/0.18080964092899965-3/enabled HTTP/1.1[\r][\n]"
141668 [Forwarding isElementEnabled on session 26e90cf751a94491357d237ee8548956 to remote] DEBUG org.apache.http.wire  - http-outgoing-106 >> "GET /session/26e90cf751a94491357d237ee8548956/element/0.18080964092899965-3/enabled HTTP/1.1[\r][\n]"
141668 [Forwarding isElementEnabled on session 26e90cf751a94491357d237ee8548956 to remote] DEBUG org.apache.http.wire  - http-outgoing-106 >> "GET /session/26e90cf751a94491357d237ee8548956/element/0.18080964092899965-3/enabled HTTP/1.1[\r][\n]"
141668 [Forwarding isElementEnabled on session 26e90cf751a94491357d237ee8548956 to remote] DEBUG org.apache.http.wire  - http-outgoing-106 >> "Cache-Control: no-cache[\r][\n]"
141668 [Forwarding isElementEnabled on session 26e90cf751a94491357d237ee8548956 to remote] DEBUG org.apache.http.wire  - http-outgoing-106 >> "Cache-Control: no-cache[\r][\n]"
141668 [Forwarding isElementEnabled on session 26e90cf751a94491357d237ee8548956 to remote] DEBUG org.apache.http.wire  - http-outgoing-106 >> "Cache-Control: no-cache[\r][\n]"
141668 [Forwarding isElementEnabled on session 26e90cf751a94491357d237ee8548956 to remote] DEBUG org.apache.http.wire  - http-outgoing-106 >> "Cache-Control: no-cache[\r][\n]"
141668 [Forwarding isElementEnabled on session 26e90cf751a94491357d237ee8548956 to remote] DEBUG org.apache.http.wire  - http-outgoing-106 >> "Host: localhost:39717[\r][\n]"
141668 [Forwarding isElementEnabled on session 26e90cf751a94491357d237ee8548956 to remote] DEBUG org.apache.http.wire  - http-outgoing-106 >> "Host: localhost:39717[\r][\n]"
141668 [Forwarding isElementEnabled on session 26e90cf751a94491357d237ee8548956 to remote] DEBUG org.apache.http.wire  - http-outgoing-106 >> "Host: localhost:39717[\r][\n]"
141668 [Forwarding isElementEnabled on session 26e90cf751a94491357d237ee8548956 to remote] DEBUG org.apache.http.wire  - http-outgoing-106 >> "Host: localhost:39717[\r][\n]"
141668 [Forwarding isElementEnabled on session 26e90cf751a94491357d237ee8548956 to remote] DEBUG org.apache.http.wire  - http-outgoing-106 >> "Connection: Keep-Alive[\r][\n]"
141668 [Forwarding isElementEnabled on session 26e90cf751a94491357d237ee8548956 to remote] DEBUG org.apache.http.wire  - http-outgoing-106 >> "Connection: Keep-Alive[\r][\n]"
141668 [Forwarding isElementEnabled on session 26e90cf751a94491357d237ee8548956 to remote] DEBUG org.apache.http.wire  - http-outgoing-106 >> "Connection: Keep-Alive[\r][\n]"
141668 [Forwarding isElementEnabled on session 26e90cf751a94491357d237ee8548956 to remote] DEBUG org.apache.http.wire  - http-outgoing-106 >> "Connection: Keep-Alive[\r][\n]"
141668 [Forwarding isElementEnabled on session 26e90cf751a94491357d237ee8548956 to remote] DEBUG org.apache.http.wire  - http-outgoing-106 >> "User-Agent: Apache-HttpClient/4.5.2 (Java/1.8.0_91)[\r][\n]"
141668 [Forwarding isElementEnabled on session 26e90cf751a94491357d237ee8548956 to remote] DEBUG org.apache.http.wire  - http-outgoing-106 >> "User-Agent: Apache-HttpClient/4.5.2 (Java/1.8.0_91)[\r][\n]"
141668 [Forwarding isElementEnabled on session 26e90cf751a94491357d237ee8548956 to remote] DEBUG org.apache.http.wire  - http-outgoing-106 >> "User-Agent: Apache-HttpClient/4.5.2 (Java/1.8.0_91)[\r][\n]"
141668 [Forwarding isElementEnabled on session 26e90cf751a94491357d237ee8548956 to remote] DEBUG org.apache.http.wire  - http-outgoing-106 >> "User-Agent: Apache-HttpClient/4.5.2 (Java/1.8.0_91)[\r][\n]"
141668 [Forwarding isElementEnabled on session 26e90cf751a94491357d237ee8548956 to remote] DEBUG org.apache.http.wire  - http-outgoing-106 >> "Accept-Encoding: gzip,deflate[\r][\n]"
141668 [Forwarding isElementEnabled on session 26e90cf751a94491357d237ee8548956 to remote] DEBUG org.apache.http.wire  - http-outgoing-106 >> "Accept-Encoding: gzip,deflate[\r][\n]"
141668 [Forwarding isElementEnabled on session 26e90cf751a94491357d237ee8548956 to remote] DEBUG org.apache.http.wire  - http-outgoing-106 >> "Accept-Encoding: gzip,deflate[\r][\n]"
141668 [Forwarding isElementEnabled on session 26e90cf751a94491357d237ee8548956 to remote] DEBUG org.apache.http.wire  - http-outgoing-106 >> "Accept-Encoding: gzip,deflate[\r][\n]"
141668 [Forwarding isElementEnabled on session 26e90cf751a94491357d237ee8548956 to remote] DEBUG org.apache.http.wire  - http-outgoing-106 >> "[\r][\n]"
141668 [Forwarding isElementEnabled on session 26e90cf751a94491357d237ee8548956 to remote] DEBUG org.apache.http.wire  - http-outgoing-106 >> "[\r][\n]"
141668 [Forwarding isElementEnabled on session 26e90cf751a94491357d237ee8548956 to remote] DEBUG org.apache.http.wire  - http-outgoing-106 >> "[\r][\n]"
141668 [Forwarding isElementEnabled on session 26e90cf751a94491357d237ee8548956 to remote] DEBUG org.apache.http.wire  - http-outgoing-106 >> "[\r][\n]"
141677 [Forwarding isElementEnabled on session 26e90cf751a94491357d237ee8548956 to remote] DEBUG org.apache.http.wire  - http-outgoing-106 << "HTTP/1.1 200 OK[\r][\n]"
141677 [Forwarding isElementEnabled on session 26e90cf751a94491357d237ee8548956 to remote] DEBUG org.apache.http.wire  - http-outgoing-106 << "HTTP/1.1 200 OK[\r][\n]"
141677 [Forwarding isElementEnabled on session 26e90cf751a94491357d237ee8548956 to remote] DEBUG org.apache.http.wire  - http-outgoing-106 << "HTTP/1.1 200 OK[\r][\n]"
141677 [Forwarding isElementEnabled on session 26e90cf751a94491357d237ee8548956 to remote] DEBUG org.apache.http.wire  - http-outgoing-106 << "HTTP/1.1 200 OK[\r][\n]"
141677 [Forwarding isElementEnabled on session 26e90cf751a94491357d237ee8548956 to remote] DEBUG org.apache.http.wire  - http-outgoing-106 << "Content-Length:72[\r][\n]"
141677 [Forwarding isElementEnabled on session 26e90cf751a94491357d237ee8548956 to remote] DEBUG org.apache.http.wire  - http-outgoing-106 << "Content-Length:72[\r][\n]"
141677 [Forwarding isElementEnabled on session 26e90cf751a94491357d237ee8548956 to remote] DEBUG org.apache.http.wire  - http-outgoing-106 << "Content-Length:72[\r][\n]"
141677 [Forwarding isElementEnabled on session 26e90cf751a94491357d237ee8548956 to remote] DEBUG org.apache.http.wire  - http-outgoing-106 << "Content-Length:72[\r][\n]"
141677 [Forwarding isElementEnabled on session 26e90cf751a94491357d237ee8548956 to remote] DEBUG org.apache.http.wire  - http-outgoing-106 << "Content-Type:application/json; charset=utf-8[\r][\n]"
141677 [Forwarding isElementEnabled on session 26e90cf751a94491357d237ee8548956 to remote] DEBUG org.apache.http.wire  - http-outgoing-106 << "Content-Type:application/json; charset=utf-8[\r][\n]"
141677 [Forwarding isElementEnabled on session 26e90cf751a94491357d237ee8548956 to remote] DEBUG org.apache.http.wire  - http-outgoing-106 << "Content-Type:application/json; charset=utf-8[\r][\n]"
141677 [Forwarding isElementEnabled on session 26e90cf751a94491357d237ee8548956 to remote] DEBUG org.apache.http.wire  - http-outgoing-106 << "Content-Type:application/json; charset=utf-8[\r][\n]"
141677 [Forwarding isElementEnabled on session 26e90cf751a94491357d237ee8548956 to remote] DEBUG org.apache.http.wire  - http-outgoing-106 << "Connection:close[\r][\n]"
141677 [Forwarding isElementEnabled on session 26e90cf751a94491357d237ee8548956 to remote] DEBUG org.apache.http.wire  - http-outgoing-106 << "Connection:close[\r][\n]"
141677 [Forwarding isElementEnabled on session 26e90cf751a94491357d237ee8548956 to remote] DEBUG org.apache.http.wire  - http-outgoing-106 << "Connection:close[\r][\n]"
141677 [Forwarding isElementEnabled on session 26e90cf751a94491357d237ee8548956 to remote] DEBUG org.apache.http.wire  - http-outgoing-106 << "Connection:close[\r][\n]"
141677 [Forwarding isElementEnabled on session 26e90cf751a94491357d237ee8548956 to remote] DEBUG org.apache.http.wire  - http-outgoing-106 << "[\r][\n]"
141677 [Forwarding isElementEnabled on session 26e90cf751a94491357d237ee8548956 to remote] DEBUG org.apache.http.wire  - http-outgoing-106 << "[\r][\n]"
141677 [Forwarding isElementEnabled on session 26e90cf751a94491357d237ee8548956 to remote] DEBUG org.apache.http.wire  - http-outgoing-106 << "[\r][\n]"
141677 [Forwarding isElementEnabled on session 26e90cf751a94491357d237ee8548956 to remote] DEBUG org.apache.http.wire  - http-outgoing-106 << "[\r][\n]"
141677 [Forwarding isElementEnabled on session 26e90cf751a94491357d237ee8548956 to remote] DEBUG org.apache.http.wire  - http-outgoing-106 << "{"sessionId":"26e90cf751a94491357d237ee8548956","status":0,"value":true}"
141677 [Forwarding isElementEnabled on session 26e90cf751a94491357d237ee8548956 to remote] DEBUG org.apache.http.wire  - http-outgoing-106 << "{"sessionId":"26e90cf751a94491357d237ee8548956","status":0,"value":true}"
141677 [Forwarding isElementEnabled on session 26e90cf751a94491357d237ee8548956 to remote] DEBUG org.apache.http.wire  - http-outgoing-106 << "{"sessionId":"26e90cf751a94491357d237ee8548956","status":0,"value":true}"
141677 [Forwarding isElementEnabled on session 26e90cf751a94491357d237ee8548956 to remote] DEBUG org.apache.http.wire  - http-outgoing-106 << "{"sessionId":"26e90cf751a94491357d237ee8548956","status":0,"value":true}"
141678 [Forwarding isElementEnabled on session 26e90cf751a94491357d237ee8548956 to remote] DEBUG org.apache.http.headers  - http-outgoing-106 << HTTP/1.1 200 OK
141678 [Forwarding isElementEnabled on session 26e90cf751a94491357d237ee8548956 to remote] DEBUG org.apache.http.headers  - http-outgoing-106 << HTTP/1.1 200 OK
141678 [Forwarding isElementEnabled on session 26e90cf751a94491357d237ee8548956 to remote] DEBUG org.apache.http.headers  - http-outgoing-106 << HTTP/1.1 200 OK
141678 [Forwarding isElementEnabled on session 26e90cf751a94491357d237ee8548956 to remote] DEBUG org.apache.http.headers  - http-outgoing-106 << HTTP/1.1 200 OK
141678 [Forwarding isElementEnabled on session 26e90cf751a94491357d237ee8548956 to remote] DEBUG org.apache.http.headers  - http-outgoing-106 << Content-Length:72
141678 [Forwarding isElementEnabled on session 26e90cf751a94491357d237ee8548956 to remote] DEBUG org.apache.http.headers  - http-outgoing-106 << Content-Length:72
141678 [Forwarding isElementEnabled on session 26e90cf751a94491357d237ee8548956 to remote] DEBUG org.apache.http.headers  - http-outgoing-106 << Content-Length:72
141678 [Forwarding isElementEnabled on session 26e90cf751a94491357d237ee8548956 to remote] DEBUG org.apache.http.headers  - http-outgoing-106 << Content-Length:72
141678 [Forwarding isElementEnabled on session 26e90cf751a94491357d237ee8548956 to remote] DEBUG org.apache.http.headers  - http-outgoing-106 << Content-Type:application/json; charset=utf-8
141678 [Forwarding isElementEnabled on session 26e90cf751a94491357d237ee8548956 to remote] DEBUG org.apache.http.headers  - http-outgoing-106 << Content-Type:application/json; charset=utf-8
141678 [Forwarding isElementEnabled on session 26e90cf751a94491357d237ee8548956 to remote] DEBUG org.apache.http.headers  - http-outgoing-106 << Content-Type:application/json; charset=utf-8
141678 [Forwarding isElementEnabled on session 26e90cf751a94491357d237ee8548956 to remote] DEBUG org.apache.http.headers  - http-outgoing-106 << Content-Type:application/json; charset=utf-8
141678 [Forwarding isElementEnabled on session 26e90cf751a94491357d237ee8548956 to remote] DEBUG org.apache.http.headers  - http-outgoing-106 << Connection:close
141678 [Forwarding isElementEnabled on session 26e90cf751a94491357d237ee8548956 to remote] DEBUG org.apache.http.headers  - http-outgoing-106 << Connection:close
141678 [Forwarding isElementEnabled on session 26e90cf751a94491357d237ee8548956 to remote] DEBUG org.apache.http.headers  - http-outgoing-106 << Connection:close
141678 [Forwarding isElementEnabled on session 26e90cf751a94491357d237ee8548956 to remote] DEBUG org.apache.http.headers  - http-outgoing-106 << Connection:close
141678 [Forwarding isElementEnabled on session 26e90cf751a94491357d237ee8548956 to remote] DEBUG org.apache.http.impl.conn.DefaultManagedHttpClientConnection  - http-outgoing-106: Close connection
141678 [Forwarding isElementEnabled on session 26e90cf751a94491357d237ee8548956 to remote] DEBUG org.apache.http.impl.conn.DefaultManagedHttpClientConnection  - http-outgoing-106: Close connection
141678 [Forwarding isElementEnabled on session 26e90cf751a94491357d237ee8548956 to remote] DEBUG org.apache.http.impl.conn.DefaultManagedHttpClientConnection  - http-outgoing-106: Close connection
141678 [Forwarding isElementEnabled on session 26e90cf751a94491357d237ee8548956 to remote] DEBUG org.apache.http.impl.conn.DefaultManagedHttpClientConnection  - http-outgoing-106: Close connection
141679 [Forwarding isElementEnabled on session 26e90cf751a94491357d237ee8548956 to remote] DEBUG org.apache.http.impl.execchain.MainClientExec  - Connection discarded
141679 [Forwarding isElementEnabled on session 26e90cf751a94491357d237ee8548956 to remote] DEBUG org.apache.http.impl.execchain.MainClientExec  - Connection discarded
141679 [Forwarding isElementEnabled on session 26e90cf751a94491357d237ee8548956 to remote] DEBUG org.apache.http.impl.execchain.MainClientExec  - Connection discarded
141679 [Forwarding isElementEnabled on session 26e90cf751a94491357d237ee8548956 to remote] DEBUG org.apache.http.impl.execchain.MainClientExec  - Connection discarded
141680 [Forwarding isElementEnabled on session 26e90cf751a94491357d237ee8548956 to remote] DEBUG org.apache.http.impl.conn.PoolingHttpClientConnectionManager  - Connection released: [id: 106][route: {}->http://localhost:39717][total kept alive: 0; route allocated: 0 of 2000; total allocated: 0 of 2000]
141680 [Forwarding isElementEnabled on session 26e90cf751a94491357d237ee8548956 to remote] DEBUG org.apache.http.impl.conn.PoolingHttpClientConnectionManager  - Connection released: [id: 106][route: {}->http://localhost:39717][total kept alive: 0; route allocated: 0 of 2000; total allocated: 0 of 2000]
141680 [Forwarding isElementEnabled on session 26e90cf751a94491357d237ee8548956 to remote] DEBUG org.apache.http.impl.conn.PoolingHttpClientConnectionManager  - Connection released: [id: 106][route: {}->http://localhost:39717][total kept alive: 0; route allocated: 0 of 2000; total allocated: 0 of 2000]
141680 [Forwarding isElementEnabled on session 26e90cf751a94491357d237ee8548956 to remote] DEBUG org.apache.http.impl.conn.PoolingHttpClientConnectionManager  - Connection released: [id: 106][route: {}->http://localhost:39717][total kept alive: 0; route allocated: 0 of 2000; total allocated: 0 of 2000]
141682 [Forwarding findElement on session 26e90cf751a94491357d237ee8548956 to remote] DEBUG org.apache.http.client.protocol.RequestAddCookies  - CookieSpec selected: default
141682 [Forwarding findElement on session 26e90cf751a94491357d237ee8548956 to remote] DEBUG org.apache.http.client.protocol.RequestAddCookies  - CookieSpec selected: default
141682 [Forwarding findElement on session 26e90cf751a94491357d237ee8548956 to remote] DEBUG org.apache.http.client.protocol.RequestAddCookies  - CookieSpec selected: default
141682 [Forwarding findElement on session 26e90cf751a94491357d237ee8548956 to remote] DEBUG org.apache.http.client.protocol.RequestAddCookies  - CookieSpec selected: default
141682 [Forwarding findElement on session 26e90cf751a94491357d237ee8548956 to remote] DEBUG org.apache.http.client.protocol.RequestAuthCache  - Auth cache not set in the context
141682 [Forwarding findElement on session 26e90cf751a94491357d237ee8548956 to remote] DEBUG org.apache.http.client.protocol.RequestAuthCache  - Auth cache not set in the context
141682 [Forwarding findElement on session 26e90cf751a94491357d237ee8548956 to remote] DEBUG org.apache.http.client.protocol.RequestAuthCache  - Auth cache not set in the context
141682 [Forwarding findElement on session 26e90cf751a94491357d237ee8548956 to remote] DEBUG org.apache.http.client.protocol.RequestAuthCache  - Auth cache not set in the context
141682 [Forwarding findElement on session 26e90cf751a94491357d237ee8548956 to remote] DEBUG org.apache.http.impl.conn.PoolingHttpClientConnectionManager  - Connection request: [route: {}->http://localhost:39717][total kept alive: 0; route allocated: 0 of 2000; total allocated: 0 of 2000]
141682 [Forwarding findElement on session 26e90cf751a94491357d237ee8548956 to remote] DEBUG org.apache.http.impl.conn.PoolingHttpClientConnectionManager  - Connection request: [route: {}->http://localhost:39717][total kept alive: 0; route allocated: 0 of 2000; total allocated: 0 of 2000]
141682 [Forwarding findElement on session 26e90cf751a94491357d237ee8548956 to remote] DEBUG org.apache.http.impl.conn.PoolingHttpClientConnectionManager  - Connection request: [route: {}->http://localhost:39717][total kept alive: 0; route allocated: 0 of 2000; total allocated: 0 of 2000]
141682 [Forwarding findElement on session 26e90cf751a94491357d237ee8548956 to remote] DEBUG org.apache.http.impl.conn.PoolingHttpClientConnectionManager  - Connection request: [route: {}->http://localhost:39717][total kept alive: 0; route allocated: 0 of 2000; total allocated: 0 of 2000]
141682 [Forwarding findElement on session 26e90cf751a94491357d237ee8548956 to remote] DEBUG org.apache.http.impl.conn.PoolingHttpClientConnectionManager  - Connection leased: [id: 107][route: {}->http://localhost:39717][total kept alive: 0; route allocated: 1 of 2000; total allocated: 1 of 2000]
141682 [Forwarding findElement on session 26e90cf751a94491357d237ee8548956 to remote] DEBUG org.apache.http.impl.conn.PoolingHttpClientConnectionManager  - Connection leased: [id: 107][route: {}->http://localhost:39717][total kept alive: 0; route allocated: 1 of 2000; total allocated: 1 of 2000]
141682 [Forwarding findElement on session 26e90cf751a94491357d237ee8548956 to remote] DEBUG org.apache.http.impl.conn.PoolingHttpClientConnectionManager  - Connection leased: [id: 107][route: {}->http://localhost:39717][total kept alive: 0; route allocated: 1 of 2000; total allocated: 1 of 2000]
141682 [Forwarding findElement on session 26e90cf751a94491357d237ee8548956 to remote] DEBUG org.apache.http.impl.conn.PoolingHttpClientConnectionManager  - Connection leased: [id: 107][route: {}->http://localhost:39717][total kept alive: 0; route allocated: 1 of 2000; total allocated: 1 of 2000]
141682 [Forwarding findElement on session 26e90cf751a94491357d237ee8548956 to remote] DEBUG org.apache.http.impl.execchain.MainClientExec  - Opening connection {}->http://localhost:39717
141682 [Forwarding findElement on session 26e90cf751a94491357d237ee8548956 to remote] DEBUG org.apache.http.impl.execchain.MainClientExec  - Opening connection {}->http://localhost:39717
141682 [Forwarding findElement on session 26e90cf751a94491357d237ee8548956 to remote] DEBUG org.apache.http.impl.execchain.MainClientExec  - Opening connection {}->http://localhost:39717
141682 [Forwarding findElement on session 26e90cf751a94491357d237ee8548956 to remote] DEBUG org.apache.http.impl.execchain.MainClientExec  - Opening connection {}->http://localhost:39717
141682 [Forwarding findElement on session 26e90cf751a94491357d237ee8548956 to remote] DEBUG org.apache.http.impl.conn.DefaultHttpClientConnectionOperator  - Connecting to localhost/127.0.0.1:39717
141682 [Forwarding findElement on session 26e90cf751a94491357d237ee8548956 to remote] DEBUG org.apache.http.impl.conn.DefaultHttpClientConnectionOperator  - Connecting to localhost/127.0.0.1:39717
141682 [Forwarding findElement on session 26e90cf751a94491357d237ee8548956 to remote] DEBUG org.apache.http.impl.conn.DefaultHttpClientConnectionOperator  - Connecting to localhost/127.0.0.1:39717
141682 [Forwarding findElement on session 26e90cf751a94491357d237ee8548956 to remote] DEBUG org.apache.http.impl.conn.DefaultHttpClientConnectionOperator  - Connecting to localhost/127.0.0.1:39717
141683 [Forwarding findElement on session 26e90cf751a94491357d237ee8548956 to remote] DEBUG org.apache.http.impl.conn.DefaultHttpClientConnectionOperator  - Connection established 127.0.0.1:53079<->127.0.0.1:39717
141683 [Forwarding findElement on session 26e90cf751a94491357d237ee8548956 to remote] DEBUG org.apache.http.impl.conn.DefaultHttpClientConnectionOperator  - Connection established 127.0.0.1:53079<->127.0.0.1:39717
141683 [Forwarding findElement on session 26e90cf751a94491357d237ee8548956 to remote] DEBUG org.apache.http.impl.conn.DefaultHttpClientConnectionOperator  - Connection established 127.0.0.1:53079<->127.0.0.1:39717
141683 [Forwarding findElement on session 26e90cf751a94491357d237ee8548956 to remote] DEBUG org.apache.http.impl.conn.DefaultHttpClientConnectionOperator  - Connection established 127.0.0.1:53079<->127.0.0.1:39717
141683 [Forwarding findElement on session 26e90cf751a94491357d237ee8548956 to remote] DEBUG org.apache.http.impl.conn.DefaultManagedHttpClientConnection  - http-outgoing-107: set socket timeout to 10800000
141683 [Forwarding findElement on session 26e90cf751a94491357d237ee8548956 to remote] DEBUG org.apache.http.impl.conn.DefaultManagedHttpClientConnection  - http-outgoing-107: set socket timeout to 10800000
141683 [Forwarding findElement on session 26e90cf751a94491357d237ee8548956 to remote] DEBUG org.apache.http.impl.conn.DefaultManagedHttpClientConnection  - http-outgoing-107: set socket timeout to 10800000
141683 [Forwarding findElement on session 26e90cf751a94491357d237ee8548956 to remote] DEBUG org.apache.http.impl.conn.DefaultManagedHttpClientConnection  - http-outgoing-107: set socket timeout to 10800000
141683 [Forwarding findElement on session 26e90cf751a94491357d237ee8548956 to remote] DEBUG org.apache.http.impl.execchain.MainClientExec  - Executing request POST /session/26e90cf751a94491357d237ee8548956/element HTTP/1.1
141683 [Forwarding findElement on session 26e90cf751a94491357d237ee8548956 to remote] DEBUG org.apache.http.impl.execchain.MainClientExec  - Executing request POST /session/26e90cf751a94491357d237ee8548956/element HTTP/1.1
141683 [Forwarding findElement on session 26e90cf751a94491357d237ee8548956 to remote] DEBUG org.apache.http.impl.execchain.MainClientExec  - Executing request POST /session/26e90cf751a94491357d237ee8548956/element HTTP/1.1
141683 [Forwarding findElement on session 26e90cf751a94491357d237ee8548956 to remote] DEBUG org.apache.http.impl.execchain.MainClientExec  - Executing request POST /session/26e90cf751a94491357d237ee8548956/element HTTP/1.1
141683 [Forwarding findElement on session 26e90cf751a94491357d237ee8548956 to remote] DEBUG org.apache.http.impl.execchain.MainClientExec  - Target auth state: UNCHALLENGED
141683 [Forwarding findElement on session 26e90cf751a94491357d237ee8548956 to remote] DEBUG org.apache.http.impl.execchain.MainClientExec  - Target auth state: UNCHALLENGED
141683 [Forwarding findElement on session 26e90cf751a94491357d237ee8548956 to remote] DEBUG org.apache.http.impl.execchain.MainClientExec  - Target auth state: UNCHALLENGED
141683 [Forwarding findElement on session 26e90cf751a94491357d237ee8548956 to remote] DEBUG org.apache.http.impl.execchain.MainClientExec  - Target auth state: UNCHALLENGED
141683 [Forwarding findElement on session 26e90cf751a94491357d237ee8548956 to remote] DEBUG org.apache.http.impl.execchain.MainClientExec  - Proxy auth state: UNCHALLENGED
141683 [Forwarding findElement on session 26e90cf751a94491357d237ee8548956 to remote] DEBUG org.apache.http.impl.execchain.MainClientExec  - Proxy auth state: UNCHALLENGED
141683 [Forwarding findElement on session 26e90cf751a94491357d237ee8548956 to remote] DEBUG org.apache.http.impl.execchain.MainClientExec  - Proxy auth state: UNCHALLENGED
141683 [Forwarding findElement on session 26e90cf751a94491357d237ee8548956 to remote] DEBUG org.apache.http.impl.execchain.MainClientExec  - Proxy auth state: UNCHALLENGED
141683 [Forwarding findElement on session 26e90cf751a94491357d237ee8548956 to remote] DEBUG org.apache.http.headers  - http-outgoing-107 >> POST /session/26e90cf751a94491357d237ee8548956/element HTTP/1.1
141683 [Forwarding findElement on session 26e90cf751a94491357d237ee8548956 to remote] DEBUG org.apache.http.headers  - http-outgoing-107 >> POST /session/26e90cf751a94491357d237ee8548956/element HTTP/1.1
141683 [Forwarding findElement on session 26e90cf751a94491357d237ee8548956 to remote] DEBUG org.apache.http.headers  - http-outgoing-107 >> POST /session/26e90cf751a94491357d237ee8548956/element HTTP/1.1
141683 [Forwarding findElement on session 26e90cf751a94491357d237ee8548956 to remote] DEBUG org.apache.http.headers  - http-outgoing-107 >> POST /session/26e90cf751a94491357d237ee8548956/element HTTP/1.1
141683 [Forwarding findElement on session 26e90cf751a94491357d237ee8548956 to remote] DEBUG org.apache.http.headers  - http-outgoing-107 >> Content-Type: application/json; charset=utf-8
141683 [Forwarding findElement on session 26e90cf751a94491357d237ee8548956 to remote] DEBUG org.apache.http.headers  - http-outgoing-107 >> Content-Type: application/json; charset=utf-8
141683 [Forwarding findElement on session 26e90cf751a94491357d237ee8548956 to remote] DEBUG org.apache.http.headers  - http-outgoing-107 >> Content-Type: application/json; charset=utf-8
141683 [Forwarding findElement on session 26e90cf751a94491357d237ee8548956 to remote] DEBUG org.apache.http.headers  - http-outgoing-107 >> Content-Type: application/json; charset=utf-8
141683 [Forwarding findElement on session 26e90cf751a94491357d237ee8548956 to remote] DEBUG org.apache.http.headers  - http-outgoing-107 >> Content-Length: 47
141683 [Forwarding findElement on session 26e90cf751a94491357d237ee8548956 to remote] DEBUG org.apache.http.headers  - http-outgoing-107 >> Content-Length: 47
141683 [Forwarding findElement on session 26e90cf751a94491357d237ee8548956 to remote] DEBUG org.apache.http.headers  - http-outgoing-107 >> Content-Length: 47
141683 [Forwarding findElement on session 26e90cf751a94491357d237ee8548956 to remote] DEBUG org.apache.http.headers  - http-outgoing-107 >> Content-Length: 47
141683 [Forwarding findElement on session 26e90cf751a94491357d237ee8548956 to remote] DEBUG org.apache.http.headers  - http-outgoing-107 >> Host: localhost:39717
141683 [Forwarding findElement on session 26e90cf751a94491357d237ee8548956 to remote] DEBUG org.apache.http.headers  - http-outgoing-107 >> Host: localhost:39717
141683 [Forwarding findElement on session 26e90cf751a94491357d237ee8548956 to remote] DEBUG org.apache.http.headers  - http-outgoing-107 >> Host: localhost:39717
141683 [Forwarding findElement on session 26e90cf751a94491357d237ee8548956 to remote] DEBUG org.apache.http.headers  - http-outgoing-107 >> Host: localhost:39717
141683 [Forwarding findElement on session 26e90cf751a94491357d237ee8548956 to remote] DEBUG org.apache.http.headers  - http-outgoing-107 >> Connection: Keep-Alive
141683 [Forwarding findElement on session 26e90cf751a94491357d237ee8548956 to remote] DEBUG org.apache.http.headers  - http-outgoing-107 >> Connection: Keep-Alive
141683 [Forwarding findElement on session 26e90cf751a94491357d237ee8548956 to remote] DEBUG org.apache.http.headers  - http-outgoing-107 >> Connection: Keep-Alive
141683 [Forwarding findElement on session 26e90cf751a94491357d237ee8548956 to remote] DEBUG org.apache.http.headers  - http-outgoing-107 >> Connection: Keep-Alive
141683 [Forwarding findElement on session 26e90cf751a94491357d237ee8548956 to remote] DEBUG org.apache.http.headers  - http-outgoing-107 >> User-Agent: Apache-HttpClient/4.5.2 (Java/1.8.0_91)
141683 [Forwarding findElement on session 26e90cf751a94491357d237ee8548956 to remote] DEBUG org.apache.http.headers  - http-outgoing-107 >> User-Agent: Apache-HttpClient/4.5.2 (Java/1.8.0_91)
141683 [Forwarding findElement on session 26e90cf751a94491357d237ee8548956 to remote] DEBUG org.apache.http.headers  - http-outgoing-107 >> User-Agent: Apache-HttpClient/4.5.2 (Java/1.8.0_91)
141683 [Forwarding findElement on session 26e90cf751a94491357d237ee8548956 to remote] DEBUG org.apache.http.headers  - http-outgoing-107 >> User-Agent: Apache-HttpClient/4.5.2 (Java/1.8.0_91)
141683 [Forwarding findElement on session 26e90cf751a94491357d237ee8548956 to remote] DEBUG org.apache.http.headers  - http-outgoing-107 >> Accept-Encoding: gzip,deflate
141683 [Forwarding findElement on session 26e90cf751a94491357d237ee8548956 to remote] DEBUG org.apache.http.headers  - http-outgoing-107 >> Accept-Encoding: gzip,deflate
141683 [Forwarding findElement on session 26e90cf751a94491357d237ee8548956 to remote] DEBUG org.apache.http.headers  - http-outgoing-107 >> Accept-Encoding: gzip,deflate
141683 [Forwarding findElement on session 26e90cf751a94491357d237ee8548956 to remote] DEBUG org.apache.http.headers  - http-outgoing-107 >> Accept-Encoding: gzip,deflate
141683 [Forwarding findElement on session 26e90cf751a94491357d237ee8548956 to remote] DEBUG org.apache.http.wire  - http-outgoing-107 >> "POST /session/26e90cf751a94491357d237ee8548956/element HTTP/1.1[\r][\n]"
141683 [Forwarding findElement on session 26e90cf751a94491357d237ee8548956 to remote] DEBUG org.apache.http.wire  - http-outgoing-107 >> "POST /session/26e90cf751a94491357d237ee8548956/element HTTP/1.1[\r][\n]"
141683 [Forwarding findElement on session 26e90cf751a94491357d237ee8548956 to remote] DEBUG org.apache.http.wire  - http-outgoing-107 >> "POST /session/26e90cf751a94491357d237ee8548956/element HTTP/1.1[\r][\n]"
141683 [Forwarding findElement on session 26e90cf751a94491357d237ee8548956 to remote] DEBUG org.apache.http.wire  - http-outgoing-107 >> "POST /session/26e90cf751a94491357d237ee8548956/element HTTP/1.1[\r][\n]"
141683 [Forwarding findElement on session 26e90cf751a94491357d237ee8548956 to remote] DEBUG org.apache.http.wire  - http-outgoing-107 >> "Content-Type: application/json; charset=utf-8[\r][\n]"
141683 [Forwarding findElement on session 26e90cf751a94491357d237ee8548956 to remote] DEBUG org.apache.http.wire  - http-outgoing-107 >> "Content-Type: application/json; charset=utf-8[\r][\n]"
141683 [Forwarding findElement on session 26e90cf751a94491357d237ee8548956 to remote] DEBUG org.apache.http.wire  - http-outgoing-107 >> "Content-Type: application/json; charset=utf-8[\r][\n]"
141683 [Forwarding findElement on session 26e90cf751a94491357d237ee8548956 to remote] DEBUG org.apache.http.wire  - http-outgoing-107 >> "Content-Type: application/json; charset=utf-8[\r][\n]"
141684 [Forwarding findElement on session 26e90cf751a94491357d237ee8548956 to remote] DEBUG org.apache.http.wire  - http-outgoing-107 >> "Content-Length: 47[\r][\n]"
141684 [Forwarding findElement on session 26e90cf751a94491357d237ee8548956 to remote] DEBUG org.apache.http.wire  - http-outgoing-107 >> "Content-Length: 47[\r][\n]"
141684 [Forwarding findElement on session 26e90cf751a94491357d237ee8548956 to remote] DEBUG org.apache.http.wire  - http-outgoing-107 >> "Content-Length: 47[\r][\n]"
141684 [Forwarding findElement on session 26e90cf751a94491357d237ee8548956 to remote] DEBUG org.apache.http.wire  - http-outgoing-107 >> "Content-Length: 47[\r][\n]"
141684 [Forwarding findElement on session 26e90cf751a94491357d237ee8548956 to remote] DEBUG org.apache.http.wire  - http-outgoing-107 >> "Host: localhost:39717[\r][\n]"
141684 [Forwarding findElement on session 26e90cf751a94491357d237ee8548956 to remote] DEBUG org.apache.http.wire  - http-outgoing-107 >> "Host: localhost:39717[\r][\n]"
141684 [Forwarding findElement on session 26e90cf751a94491357d237ee8548956 to remote] DEBUG org.apache.http.wire  - http-outgoing-107 >> "Host: localhost:39717[\r][\n]"
141684 [Forwarding findElement on session 26e90cf751a94491357d237ee8548956 to remote] DEBUG org.apache.http.wire  - http-outgoing-107 >> "Host: localhost:39717[\r][\n]"
141684 [Forwarding findElement on session 26e90cf751a94491357d237ee8548956 to remote] DEBUG org.apache.http.wire  - http-outgoing-107 >> "Connection: Keep-Alive[\r][\n]"
141684 [Forwarding findElement on session 26e90cf751a94491357d237ee8548956 to remote] DEBUG org.apache.http.wire  - http-outgoing-107 >> "Connection: Keep-Alive[\r][\n]"
141684 [Forwarding findElement on session 26e90cf751a94491357d237ee8548956 to remote] DEBUG org.apache.http.wire  - http-outgoing-107 >> "Connection: Keep-Alive[\r][\n]"
141684 [Forwarding findElement on session 26e90cf751a94491357d237ee8548956 to remote] DEBUG org.apache.http.wire  - http-outgoing-107 >> "Connection: Keep-Alive[\r][\n]"
141684 [Forwarding findElement on session 26e90cf751a94491357d237ee8548956 to remote] DEBUG org.apache.http.wire  - http-outgoing-107 >> "User-Agent: Apache-HttpClient/4.5.2 (Java/1.8.0_91)[\r][\n]"
141684 [Forwarding findElement on session 26e90cf751a94491357d237ee8548956 to remote] DEBUG org.apache.http.wire  - http-outgoing-107 >> "User-Agent: Apache-HttpClient/4.5.2 (Java/1.8.0_91)[\r][\n]"
141684 [Forwarding findElement on session 26e90cf751a94491357d237ee8548956 to remote] DEBUG org.apache.http.wire  - http-outgoing-107 >> "User-Agent: Apache-HttpClient/4.5.2 (Java/1.8.0_91)[\r][\n]"
141684 [Forwarding findElement on session 26e90cf751a94491357d237ee8548956 to remote] DEBUG org.apache.http.wire  - http-outgoing-107 >> "User-Agent: Apache-HttpClient/4.5.2 (Java/1.8.0_91)[\r][\n]"
141684 [Forwarding findElement on session 26e90cf751a94491357d237ee8548956 to remote] DEBUG org.apache.http.wire  - http-outgoing-107 >> "Accept-Encoding: gzip,deflate[\r][\n]"
141684 [Forwarding findElement on session 26e90cf751a94491357d237ee8548956 to remote] DEBUG org.apache.http.wire  - http-outgoing-107 >> "Accept-Encoding: gzip,deflate[\r][\n]"
141684 [Forwarding findElement on session 26e90cf751a94491357d237ee8548956 to remote] DEBUG org.apache.http.wire  - http-outgoing-107 >> "Accept-Encoding: gzip,deflate[\r][\n]"
141684 [Forwarding findElement on session 26e90cf751a94491357d237ee8548956 to remote] DEBUG org.apache.http.wire  - http-outgoing-107 >> "Accept-Encoding: gzip,deflate[\r][\n]"
141684 [Forwarding findElement on session 26e90cf751a94491357d237ee8548956 to remote] DEBUG org.apache.http.wire  - http-outgoing-107 >> "[\r][\n]"
141684 [Forwarding findElement on session 26e90cf751a94491357d237ee8548956 to remote] DEBUG org.apache.http.wire  - http-outgoing-107 >> "[\r][\n]"
141684 [Forwarding findElement on session 26e90cf751a94491357d237ee8548956 to remote] DEBUG org.apache.http.wire  - http-outgoing-107 >> "[\r][\n]"
141684 [Forwarding findElement on session 26e90cf751a94491357d237ee8548956 to remote] DEBUG org.apache.http.wire  - http-outgoing-107 >> "[\r][\n]"
141684 [Forwarding findElement on session 26e90cf751a94491357d237ee8548956 to remote] DEBUG org.apache.http.wire  - http-outgoing-107 >> "{"using":"css selector","value":"#ifixit-logo"}"
141684 [Forwarding findElement on session 26e90cf751a94491357d237ee8548956 to remote] DEBUG org.apache.http.wire  - http-outgoing-107 >> "{"using":"css selector","value":"#ifixit-logo"}"
141684 [Forwarding findElement on session 26e90cf751a94491357d237ee8548956 to remote] DEBUG org.apache.http.wire  - http-outgoing-107 >> "{"using":"css selector","value":"#ifixit-logo"}"
141684 [Forwarding findElement on session 26e90cf751a94491357d237ee8548956 to remote] DEBUG org.apache.http.wire  - http-outgoing-107 >> "{"using":"css selector","value":"#ifixit-logo"}"
141690 [Forwarding findElement on session 26e90cf751a94491357d237ee8548956 to remote] DEBUG org.apache.http.wire  - http-outgoing-107 << "HTTP/1.1 200 OK[\r][\n]"
141690 [Forwarding findElement on session 26e90cf751a94491357d237ee8548956 to remote] DEBUG org.apache.http.wire  - http-outgoing-107 << "HTTP/1.1 200 OK[\r][\n]"
141690 [Forwarding findElement on session 26e90cf751a94491357d237ee8548956 to remote] DEBUG org.apache.http.wire  - http-outgoing-107 << "HTTP/1.1 200 OK[\r][\n]"
141690 [Forwarding findElement on session 26e90cf751a94491357d237ee8548956 to remote] DEBUG org.apache.http.wire  - http-outgoing-107 << "HTTP/1.1 200 OK[\r][\n]"
141690 [Forwarding findElement on session 26e90cf751a94491357d237ee8548956 to remote] DEBUG org.apache.http.wire  - http-outgoing-107 << "Content-Length:103[\r][\n]"
141690 [Forwarding findElement on session 26e90cf751a94491357d237ee8548956 to remote] DEBUG org.apache.http.wire  - http-outgoing-107 << "Content-Length:103[\r][\n]"
141690 [Forwarding findElement on session 26e90cf751a94491357d237ee8548956 to remote] DEBUG org.apache.http.wire  - http-outgoing-107 << "Content-Length:103[\r][\n]"
141690 [Forwarding findElement on session 26e90cf751a94491357d237ee8548956 to remote] DEBUG org.apache.http.wire  - http-outgoing-107 << "Content-Length:103[\r][\n]"
141690 [Forwarding findElement on session 26e90cf751a94491357d237ee8548956 to remote] DEBUG org.apache.http.wire  - http-outgoing-107 << "Content-Type:application/json; charset=utf-8[\r][\n]"
141690 [Forwarding findElement on session 26e90cf751a94491357d237ee8548956 to remote] DEBUG org.apache.http.wire  - http-outgoing-107 << "Content-Type:application/json; charset=utf-8[\r][\n]"
141690 [Forwarding findElement on session 26e90cf751a94491357d237ee8548956 to remote] DEBUG org.apache.http.wire  - http-outgoing-107 << "Content-Type:application/json; charset=utf-8[\r][\n]"
141690 [Forwarding findElement on session 26e90cf751a94491357d237ee8548956 to remote] DEBUG org.apache.http.wire  - http-outgoing-107 << "Content-Type:application/json; charset=utf-8[\r][\n]"
141690 [Forwarding findElement on session 26e90cf751a94491357d237ee8548956 to remote] DEBUG org.apache.http.wire  - http-outgoing-107 << "Connection:close[\r][\n]"
141690 [Forwarding findElement on session 26e90cf751a94491357d237ee8548956 to remote] DEBUG org.apache.http.wire  - http-outgoing-107 << "Connection:close[\r][\n]"
141690 [Forwarding findElement on session 26e90cf751a94491357d237ee8548956 to remote] DEBUG org.apache.http.wire  - http-outgoing-107 << "Connection:close[\r][\n]"
141690 [Forwarding findElement on session 26e90cf751a94491357d237ee8548956 to remote] DEBUG org.apache.http.wire  - http-outgoing-107 << "Connection:close[\r][\n]"
141691 [Forwarding findElement on session 26e90cf751a94491357d237ee8548956 to remote] DEBUG org.apache.http.wire  - http-outgoing-107 << "[\r][\n]"
141691 [Forwarding findElement on session 26e90cf751a94491357d237ee8548956 to remote] DEBUG org.apache.http.wire  - http-outgoing-107 << "[\r][\n]"
141691 [Forwarding findElement on session 26e90cf751a94491357d237ee8548956 to remote] DEBUG org.apache.http.wire  - http-outgoing-107 << "[\r][\n]"
141691 [Forwarding findElement on session 26e90cf751a94491357d237ee8548956 to remote] DEBUG org.apache.http.wire  - http-outgoing-107 << "[\r][\n]"
141691 [Forwarding findElement on session 26e90cf751a94491357d237ee8548956 to remote] DEBUG org.apache.http.wire  - http-outgoing-107 << "{"sessionId":"26e90cf751a94491357d237ee8548956","status":0,"value":{"ELEMENT":"0.18080964092899965-3"}}"
141691 [Forwarding findElement on session 26e90cf751a94491357d237ee8548956 to remote] DEBUG org.apache.http.wire  - http-outgoing-107 << "{"sessionId":"26e90cf751a94491357d237ee8548956","status":0,"value":{"ELEMENT":"0.18080964092899965-3"}}"
141691 [Forwarding findElement on session 26e90cf751a94491357d237ee8548956 to remote] DEBUG org.apache.http.wire  - http-outgoing-107 << "{"sessionId":"26e90cf751a94491357d237ee8548956","status":0,"value":{"ELEMENT":"0.18080964092899965-3"}}"
141691 [Forwarding findElement on session 26e90cf751a94491357d237ee8548956 to remote] DEBUG org.apache.http.wire  - http-outgoing-107 << "{"sessionId":"26e90cf751a94491357d237ee8548956","status":0,"value":{"ELEMENT":"0.18080964092899965-3"}}"
141691 [Forwarding findElement on session 26e90cf751a94491357d237ee8548956 to remote] DEBUG org.apache.http.headers  - http-outgoing-107 << HTTP/1.1 200 OK
141691 [Forwarding findElement on session 26e90cf751a94491357d237ee8548956 to remote] DEBUG org.apache.http.headers  - http-outgoing-107 << HTTP/1.1 200 OK
141691 [Forwarding findElement on session 26e90cf751a94491357d237ee8548956 to remote] DEBUG org.apache.http.headers  - http-outgoing-107 << HTTP/1.1 200 OK
141691 [Forwarding findElement on session 26e90cf751a94491357d237ee8548956 to remote] DEBUG org.apache.http.headers  - http-outgoing-107 << HTTP/1.1 200 OK
141691 [Forwarding findElement on session 26e90cf751a94491357d237ee8548956 to remote] DEBUG org.apache.http.headers  - http-outgoing-107 << Content-Length:103
141691 [Forwarding findElement on session 26e90cf751a94491357d237ee8548956 to remote] DEBUG org.apache.http.headers  - http-outgoing-107 << Content-Length:103
141691 [Forwarding findElement on session 26e90cf751a94491357d237ee8548956 to remote] DEBUG org.apache.http.headers  - http-outgoing-107 << Content-Length:103
141691 [Forwarding findElement on session 26e90cf751a94491357d237ee8548956 to remote] DEBUG org.apache.http.headers  - http-outgoing-107 << Content-Length:103
141691 [Forwarding findElement on session 26e90cf751a94491357d237ee8548956 to remote] DEBUG org.apache.http.headers  - http-outgoing-107 << Content-Type:application/json; charset=utf-8
141691 [Forwarding findElement on session 26e90cf751a94491357d237ee8548956 to remote] DEBUG org.apache.http.headers  - http-outgoing-107 << Content-Type:application/json; charset=utf-8
141691 [Forwarding findElement on session 26e90cf751a94491357d237ee8548956 to remote] DEBUG org.apache.http.headers  - http-outgoing-107 << Content-Type:application/json; charset=utf-8
141691 [Forwarding findElement on session 26e90cf751a94491357d237ee8548956 to remote] DEBUG org.apache.http.headers  - http-outgoing-107 << Content-Type:application/json; charset=utf-8
141691 [Forwarding findElement on session 26e90cf751a94491357d237ee8548956 to remote] DEBUG org.apache.http.headers  - http-outgoing-107 << Connection:close
141691 [Forwarding findElement on session 26e90cf751a94491357d237ee8548956 to remote] DEBUG org.apache.http.headers  - http-outgoing-107 << Connection:close
141691 [Forwarding findElement on session 26e90cf751a94491357d237ee8548956 to remote] DEBUG org.apache.http.headers  - http-outgoing-107 << Connection:close
141691 [Forwarding findElement on session 26e90cf751a94491357d237ee8548956 to remote] DEBUG org.apache.http.headers  - http-outgoing-107 << Connection:close
141691 [Forwarding findElement on session 26e90cf751a94491357d237ee8548956 to remote] DEBUG org.apache.http.impl.conn.DefaultManagedHttpClientConnection  - http-outgoing-107: Close connection
141691 [Forwarding findElement on session 26e90cf751a94491357d237ee8548956 to remote] DEBUG org.apache.http.impl.conn.DefaultManagedHttpClientConnection  - http-outgoing-107: Close connection
141691 [Forwarding findElement on session 26e90cf751a94491357d237ee8548956 to remote] DEBUG org.apache.http.impl.conn.DefaultManagedHttpClientConnection  - http-outgoing-107: Close connection
141691 [Forwarding findElement on session 26e90cf751a94491357d237ee8548956 to remote] DEBUG org.apache.http.impl.conn.DefaultManagedHttpClientConnection  - http-outgoing-107: Close connection
141691 [Forwarding findElement on session 26e90cf751a94491357d237ee8548956 to remote] DEBUG org.apache.http.impl.execchain.MainClientExec  - Connection discarded
141691 [Forwarding findElement on session 26e90cf751a94491357d237ee8548956 to remote] DEBUG org.apache.http.impl.execchain.MainClientExec  - Connection discarded
141691 [Forwarding findElement on session 26e90cf751a94491357d237ee8548956 to remote] DEBUG org.apache.http.impl.execchain.MainClientExec  - Connection discarded
141691 [Forwarding findElement on session 26e90cf751a94491357d237ee8548956 to remote] DEBUG org.apache.http.impl.execchain.MainClientExec  - Connection discarded
141691 [Forwarding findElement on session 26e90cf751a94491357d237ee8548956 to remote] DEBUG org.apache.http.impl.conn.PoolingHttpClientConnectionManager  - Connection released: [id: 107][route: {}->http://localhost:39717][total kept alive: 0; route allocated: 0 of 2000; total allocated: 0 of 2000]
141691 [Forwarding findElement on session 26e90cf751a94491357d237ee8548956 to remote] DEBUG org.apache.http.impl.conn.PoolingHttpClientConnectionManager  - Connection released: [id: 107][route: {}->http://localhost:39717][total kept alive: 0; route allocated: 0 of 2000; total allocated: 0 of 2000]
141691 [Forwarding findElement on session 26e90cf751a94491357d237ee8548956 to remote] DEBUG org.apache.http.impl.conn.PoolingHttpClientConnectionManager  - Connection released: [id: 107][route: {}->http://localhost:39717][total kept alive: 0; route allocated: 0 of 2000; total allocated: 0 of 2000]
141691 [Forwarding findElement on session 26e90cf751a94491357d237ee8548956 to remote] DEBUG org.apache.http.impl.conn.PoolingHttpClientConnectionManager  - Connection released: [id: 107][route: {}->http://localhost:39717][total kept alive: 0; route allocated: 0 of 2000; total allocated: 0 of 2000]
141694 [Forwarding clickElement on session 26e90cf751a94491357d237ee8548956 to remote] DEBUG org.apache.http.client.protocol.RequestAddCookies  - CookieSpec selected: default
141694 [Forwarding clickElement on session 26e90cf751a94491357d237ee8548956 to remote] DEBUG org.apache.http.client.protocol.RequestAddCookies  - CookieSpec selected: default
141694 [Forwarding clickElement on session 26e90cf751a94491357d237ee8548956 to remote] DEBUG org.apache.http.client.protocol.RequestAddCookies  - CookieSpec selected: default
141694 [Forwarding clickElement on session 26e90cf751a94491357d237ee8548956 to remote] DEBUG org.apache.http.client.protocol.RequestAddCookies  - CookieSpec selected: default
141694 [Forwarding clickElement on session 26e90cf751a94491357d237ee8548956 to remote] DEBUG org.apache.http.client.protocol.RequestAuthCache  - Auth cache not set in the context
141694 [Forwarding clickElement on session 26e90cf751a94491357d237ee8548956 to remote] DEBUG org.apache.http.client.protocol.RequestAuthCache  - Auth cache not set in the context
141694 [Forwarding clickElement on session 26e90cf751a94491357d237ee8548956 to remote] DEBUG org.apache.http.client.protocol.RequestAuthCache  - Auth cache not set in the context
141694 [Forwarding clickElement on session 26e90cf751a94491357d237ee8548956 to remote] DEBUG org.apache.http.client.protocol.RequestAuthCache  - Auth cache not set in the context
141694 [Forwarding clickElement on session 26e90cf751a94491357d237ee8548956 to remote] DEBUG org.apache.http.impl.conn.PoolingHttpClientConnectionManager  - Connection request: [route: {}->http://localhost:39717][total kept alive: 0; route allocated: 0 of 2000; total allocated: 0 of 2000]
141694 [Forwarding clickElement on session 26e90cf751a94491357d237ee8548956 to remote] DEBUG org.apache.http.impl.conn.PoolingHttpClientConnectionManager  - Connection request: [route: {}->http://localhost:39717][total kept alive: 0; route allocated: 0 of 2000; total allocated: 0 of 2000]
141694 [Forwarding clickElement on session 26e90cf751a94491357d237ee8548956 to remote] DEBUG org.apache.http.impl.conn.PoolingHttpClientConnectionManager  - Connection request: [route: {}->http://localhost:39717][total kept alive: 0; route allocated: 0 of 2000; total allocated: 0 of 2000]
141694 [Forwarding clickElement on session 26e90cf751a94491357d237ee8548956 to remote] DEBUG org.apache.http.impl.conn.PoolingHttpClientConnectionManager  - Connection request: [route: {}->http://localhost:39717][total kept alive: 0; route allocated: 0 of 2000; total allocated: 0 of 2000]
141694 [Forwarding clickElement on session 26e90cf751a94491357d237ee8548956 to remote] DEBUG org.apache.http.impl.conn.PoolingHttpClientConnectionManager  - Connection leased: [id: 108][route: {}->http://localhost:39717][total kept alive: 0; route allocated: 1 of 2000; total allocated: 1 of 2000]
141694 [Forwarding clickElement on session 26e90cf751a94491357d237ee8548956 to remote] DEBUG org.apache.http.impl.conn.PoolingHttpClientConnectionManager  - Connection leased: [id: 108][route: {}->http://localhost:39717][total kept alive: 0; route allocated: 1 of 2000; total allocated: 1 of 2000]
141694 [Forwarding clickElement on session 26e90cf751a94491357d237ee8548956 to remote] DEBUG org.apache.http.impl.conn.PoolingHttpClientConnectionManager  - Connection leased: [id: 108][route: {}->http://localhost:39717][total kept alive: 0; route allocated: 1 of 2000; total allocated: 1 of 2000]
141694 [Forwarding clickElement on session 26e90cf751a94491357d237ee8548956 to remote] DEBUG org.apache.http.impl.conn.PoolingHttpClientConnectionManager  - Connection leased: [id: 108][route: {}->http://localhost:39717][total kept alive: 0; route allocated: 1 of 2000; total allocated: 1 of 2000]
141694 [Forwarding clickElement on session 26e90cf751a94491357d237ee8548956 to remote] DEBUG org.apache.http.impl.execchain.MainClientExec  - Opening connection {}->http://localhost:39717
141694 [Forwarding clickElement on session 26e90cf751a94491357d237ee8548956 to remote] DEBUG org.apache.http.impl.execchain.MainClientExec  - Opening connection {}->http://localhost:39717
141694 [Forwarding clickElement on session 26e90cf751a94491357d237ee8548956 to remote] DEBUG org.apache.http.impl.execchain.MainClientExec  - Opening connection {}->http://localhost:39717
141694 [Forwarding clickElement on session 26e90cf751a94491357d237ee8548956 to remote] DEBUG org.apache.http.impl.execchain.MainClientExec  - Opening connection {}->http://localhost:39717
141695 [Forwarding clickElement on session 26e90cf751a94491357d237ee8548956 to remote] DEBUG org.apache.http.impl.conn.DefaultHttpClientConnectionOperator  - Connecting to localhost/127.0.0.1:39717
141695 [Forwarding clickElement on session 26e90cf751a94491357d237ee8548956 to remote] DEBUG org.apache.http.impl.conn.DefaultHttpClientConnectionOperator  - Connecting to localhost/127.0.0.1:39717
141695 [Forwarding clickElement on session 26e90cf751a94491357d237ee8548956 to remote] DEBUG org.apache.http.impl.conn.DefaultHttpClientConnectionOperator  - Connecting to localhost/127.0.0.1:39717
141695 [Forwarding clickElement on session 26e90cf751a94491357d237ee8548956 to remote] DEBUG org.apache.http.impl.conn.DefaultHttpClientConnectionOperator  - Connecting to localhost/127.0.0.1:39717
141695 [Forwarding clickElement on session 26e90cf751a94491357d237ee8548956 to remote] DEBUG org.apache.http.impl.conn.DefaultHttpClientConnectionOperator  - Connection established 127.0.0.1:53080<->127.0.0.1:39717
141695 [Forwarding clickElement on session 26e90cf751a94491357d237ee8548956 to remote] DEBUG org.apache.http.impl.conn.DefaultHttpClientConnectionOperator  - Connection established 127.0.0.1:53080<->127.0.0.1:39717
141695 [Forwarding clickElement on session 26e90cf751a94491357d237ee8548956 to remote] DEBUG org.apache.http.impl.conn.DefaultHttpClientConnectionOperator  - Connection established 127.0.0.1:53080<->127.0.0.1:39717
141695 [Forwarding clickElement on session 26e90cf751a94491357d237ee8548956 to remote] DEBUG org.apache.http.impl.conn.DefaultHttpClientConnectionOperator  - Connection established 127.0.0.1:53080<->127.0.0.1:39717
141695 [Forwarding clickElement on session 26e90cf751a94491357d237ee8548956 to remote] DEBUG org.apache.http.impl.conn.DefaultManagedHttpClientConnection  - http-outgoing-108: set socket timeout to 10800000
141695 [Forwarding clickElement on session 26e90cf751a94491357d237ee8548956 to remote] DEBUG org.apache.http.impl.conn.DefaultManagedHttpClientConnection  - http-outgoing-108: set socket timeout to 10800000
141695 [Forwarding clickElement on session 26e90cf751a94491357d237ee8548956 to remote] DEBUG org.apache.http.impl.conn.DefaultManagedHttpClientConnection  - http-outgoing-108: set socket timeout to 10800000
141695 [Forwarding clickElement on session 26e90cf751a94491357d237ee8548956 to remote] DEBUG org.apache.http.impl.conn.DefaultManagedHttpClientConnection  - http-outgoing-108: set socket timeout to 10800000
141695 [Forwarding clickElement on session 26e90cf751a94491357d237ee8548956 to remote] DEBUG org.apache.http.impl.execchain.MainClientExec  - Executing request POST /session/26e90cf751a94491357d237ee8548956/element/0.18080964092899965-3/click HTTP/1.1
141695 [Forwarding clickElement on session 26e90cf751a94491357d237ee8548956 to remote] DEBUG org.apache.http.impl.execchain.MainClientExec  - Executing request POST /session/26e90cf751a94491357d237ee8548956/element/0.18080964092899965-3/click HTTP/1.1
141695 [Forwarding clickElement on session 26e90cf751a94491357d237ee8548956 to remote] DEBUG org.apache.http.impl.execchain.MainClientExec  - Executing request POST /session/26e90cf751a94491357d237ee8548956/element/0.18080964092899965-3/click HTTP/1.1
141695 [Forwarding clickElement on session 26e90cf751a94491357d237ee8548956 to remote] DEBUG org.apache.http.impl.execchain.MainClientExec  - Executing request POST /session/26e90cf751a94491357d237ee8548956/element/0.18080964092899965-3/click HTTP/1.1
141695 [Forwarding clickElement on session 26e90cf751a94491357d237ee8548956 to remote] DEBUG org.apache.http.impl.execchain.MainClientExec  - Target auth state: UNCHALLENGED
141695 [Forwarding clickElement on session 26e90cf751a94491357d237ee8548956 to remote] DEBUG org.apache.http.impl.execchain.MainClientExec  - Target auth state: UNCHALLENGED
141695 [Forwarding clickElement on session 26e90cf751a94491357d237ee8548956 to remote] DEBUG org.apache.http.impl.execchain.MainClientExec  - Target auth state: UNCHALLENGED
141695 [Forwarding clickElement on session 26e90cf751a94491357d237ee8548956 to remote] DEBUG org.apache.http.impl.execchain.MainClientExec  - Target auth state: UNCHALLENGED
141695 [Forwarding clickElement on session 26e90cf751a94491357d237ee8548956 to remote] DEBUG org.apache.http.impl.execchain.MainClientExec  - Proxy auth state: UNCHALLENGED
141695 [Forwarding clickElement on session 26e90cf751a94491357d237ee8548956 to remote] DEBUG org.apache.http.impl.execchain.MainClientExec  - Proxy auth state: UNCHALLENGED
141695 [Forwarding clickElement on session 26e90cf751a94491357d237ee8548956 to remote] DEBUG org.apache.http.impl.execchain.MainClientExec  - Proxy auth state: UNCHALLENGED
141695 [Forwarding clickElement on session 26e90cf751a94491357d237ee8548956 to remote] DEBUG org.apache.http.impl.execchain.MainClientExec  - Proxy auth state: UNCHALLENGED
141695 [Forwarding clickElement on session 26e90cf751a94491357d237ee8548956 to remote] DEBUG org.apache.http.headers  - http-outgoing-108 >> POST /session/26e90cf751a94491357d237ee8548956/element/0.18080964092899965-3/click HTTP/1.1
141695 [Forwarding clickElement on session 26e90cf751a94491357d237ee8548956 to remote] DEBUG org.apache.http.headers  - http-outgoing-108 >> POST /session/26e90cf751a94491357d237ee8548956/element/0.18080964092899965-3/click HTTP/1.1
141695 [Forwarding clickElement on session 26e90cf751a94491357d237ee8548956 to remote] DEBUG org.apache.http.headers  - http-outgoing-108 >> POST /session/26e90cf751a94491357d237ee8548956/element/0.18080964092899965-3/click HTTP/1.1
141695 [Forwarding clickElement on session 26e90cf751a94491357d237ee8548956 to remote] DEBUG org.apache.http.headers  - http-outgoing-108 >> POST /session/26e90cf751a94491357d237ee8548956/element/0.18080964092899965-3/click HTTP/1.1
141695 [Forwarding clickElement on session 26e90cf751a94491357d237ee8548956 to remote] DEBUG org.apache.http.headers  - http-outgoing-108 >> Content-Type: application/json; charset=utf-8
141695 [Forwarding clickElement on session 26e90cf751a94491357d237ee8548956 to remote] DEBUG org.apache.http.headers  - http-outgoing-108 >> Content-Type: application/json; charset=utf-8
141695 [Forwarding clickElement on session 26e90cf751a94491357d237ee8548956 to remote] DEBUG org.apache.http.headers  - http-outgoing-108 >> Content-Type: application/json; charset=utf-8
141695 [Forwarding clickElement on session 26e90cf751a94491357d237ee8548956 to remote] DEBUG org.apache.http.headers  - http-outgoing-108 >> Content-Type: application/json; charset=utf-8
141696 [Forwarding clickElement on session 26e90cf751a94491357d237ee8548956 to remote] DEBUG org.apache.http.headers  - http-outgoing-108 >> Content-Length: 30
141696 [Forwarding clickElement on session 26e90cf751a94491357d237ee8548956 to remote] DEBUG org.apache.http.headers  - http-outgoing-108 >> Content-Length: 30
141696 [Forwarding clickElement on session 26e90cf751a94491357d237ee8548956 to remote] DEBUG org.apache.http.headers  - http-outgoing-108 >> Content-Length: 30
141696 [Forwarding clickElement on session 26e90cf751a94491357d237ee8548956 to remote] DEBUG org.apache.http.headers  - http-outgoing-108 >> Content-Length: 30
141696 [Forwarding clickElement on session 26e90cf751a94491357d237ee8548956 to remote] DEBUG org.apache.http.headers  - http-outgoing-108 >> Host: localhost:39717
141696 [Forwarding clickElement on session 26e90cf751a94491357d237ee8548956 to remote] DEBUG org.apache.http.headers  - http-outgoing-108 >> Host: localhost:39717
141696 [Forwarding clickElement on session 26e90cf751a94491357d237ee8548956 to remote] DEBUG org.apache.http.headers  - http-outgoing-108 >> Host: localhost:39717
141696 [Forwarding clickElement on session 26e90cf751a94491357d237ee8548956 to remote] DEBUG org.apache.http.headers  - http-outgoing-108 >> Host: localhost:39717
141696 [Forwarding clickElement on session 26e90cf751a94491357d237ee8548956 to remote] DEBUG org.apache.http.headers  - http-outgoing-108 >> Connection: Keep-Alive
141696 [Forwarding clickElement on session 26e90cf751a94491357d237ee8548956 to remote] DEBUG org.apache.http.headers  - http-outgoing-108 >> Connection: Keep-Alive
141696 [Forwarding clickElement on session 26e90cf751a94491357d237ee8548956 to remote] DEBUG org.apache.http.headers  - http-outgoing-108 >> Connection: Keep-Alive
141696 [Forwarding clickElement on session 26e90cf751a94491357d237ee8548956 to remote] DEBUG org.apache.http.headers  - http-outgoing-108 >> Connection: Keep-Alive
141696 [Forwarding clickElement on session 26e90cf751a94491357d237ee8548956 to remote] DEBUG org.apache.http.headers  - http-outgoing-108 >> User-Agent: Apache-HttpClient/4.5.2 (Java/1.8.0_91)
141696 [Forwarding clickElement on session 26e90cf751a94491357d237ee8548956 to remote] DEBUG org.apache.http.headers  - http-outgoing-108 >> User-Agent: Apache-HttpClient/4.5.2 (Java/1.8.0_91)
141696 [Forwarding clickElement on session 26e90cf751a94491357d237ee8548956 to remote] DEBUG org.apache.http.headers  - http-outgoing-108 >> User-Agent: Apache-HttpClient/4.5.2 (Java/1.8.0_91)
141696 [Forwarding clickElement on session 26e90cf751a94491357d237ee8548956 to remote] DEBUG org.apache.http.headers  - http-outgoing-108 >> User-Agent: Apache-HttpClient/4.5.2 (Java/1.8.0_91)
141696 [Forwarding clickElement on session 26e90cf751a94491357d237ee8548956 to remote] DEBUG org.apache.http.headers  - http-outgoing-108 >> Accept-Encoding: gzip,deflate
141696 [Forwarding clickElement on session 26e90cf751a94491357d237ee8548956 to remote] DEBUG org.apache.http.headers  - http-outgoing-108 >> Accept-Encoding: gzip,deflate
141696 [Forwarding clickElement on session 26e90cf751a94491357d237ee8548956 to remote] DEBUG org.apache.http.headers  - http-outgoing-108 >> Accept-Encoding: gzip,deflate
141696 [Forwarding clickElement on session 26e90cf751a94491357d237ee8548956 to remote] DEBUG org.apache.http.headers  - http-outgoing-108 >> Accept-Encoding: gzip,deflate
141696 [Forwarding clickElement on session 26e90cf751a94491357d237ee8548956 to remote] DEBUG org.apache.http.wire  - http-outgoing-108 >> "POST /session/26e90cf751a94491357d237ee8548956/element/0.18080964092899965-3/click HTTP/1.1[\r][\n]"
141696 [Forwarding clickElement on session 26e90cf751a94491357d237ee8548956 to remote] DEBUG org.apache.http.wire  - http-outgoing-108 >> "POST /session/26e90cf751a94491357d237ee8548956/element/0.18080964092899965-3/click HTTP/1.1[\r][\n]"
141696 [Forwarding clickElement on session 26e90cf751a94491357d237ee8548956 to remote] DEBUG org.apache.http.wire  - http-outgoing-108 >> "POST /session/26e90cf751a94491357d237ee8548956/element/0.18080964092899965-3/click HTTP/1.1[\r][\n]"
141696 [Forwarding clickElement on session 26e90cf751a94491357d237ee8548956 to remote] DEBUG org.apache.http.wire  - http-outgoing-108 >> "POST /session/26e90cf751a94491357d237ee8548956/element/0.18080964092899965-3/click HTTP/1.1[\r][\n]"
141696 [Forwarding clickElement on session 26e90cf751a94491357d237ee8548956 to remote] DEBUG org.apache.http.wire  - http-outgoing-108 >> "Content-Type: application/json; charset=utf-8[\r][\n]"
141696 [Forwarding clickElement on session 26e90cf751a94491357d237ee8548956 to remote] DEBUG org.apache.http.wire  - http-outgoing-108 >> "Content-Type: application/json; charset=utf-8[\r][\n]"
141696 [Forwarding clickElement on session 26e90cf751a94491357d237ee8548956 to remote] DEBUG org.apache.http.wire  - http-outgoing-108 >> "Content-Type: application/json; charset=utf-8[\r][\n]"
141696 [Forwarding clickElement on session 26e90cf751a94491357d237ee8548956 to remote] DEBUG org.apache.http.wire  - http-outgoing-108 >> "Content-Type: application/json; charset=utf-8[\r][\n]"
141696 [Forwarding clickElement on session 26e90cf751a94491357d237ee8548956 to remote] DEBUG org.apache.http.wire  - http-outgoing-108 >> "Content-Length: 30[\r][\n]"
141696 [Forwarding clickElement on session 26e90cf751a94491357d237ee8548956 to remote] DEBUG org.apache.http.wire  - http-outgoing-108 >> "Content-Length: 30[\r][\n]"
141696 [Forwarding clickElement on session 26e90cf751a94491357d237ee8548956 to remote] DEBUG org.apache.http.wire  - http-outgoing-108 >> "Content-Length: 30[\r][\n]"
141696 [Forwarding clickElement on session 26e90cf751a94491357d237ee8548956 to remote] DEBUG org.apache.http.wire  - http-outgoing-108 >> "Content-Length: 30[\r][\n]"
141696 [Forwarding clickElement on session 26e90cf751a94491357d237ee8548956 to remote] DEBUG org.apache.http.wire  - http-outgoing-108 >> "Host: localhost:39717[\r][\n]"
141696 [Forwarding clickElement on session 26e90cf751a94491357d237ee8548956 to remote] DEBUG org.apache.http.wire  - http-outgoing-108 >> "Host: localhost:39717[\r][\n]"
141696 [Forwarding clickElement on session 26e90cf751a94491357d237ee8548956 to remote] DEBUG org.apache.http.wire  - http-outgoing-108 >> "Host: localhost:39717[\r][\n]"
141696 [Forwarding clickElement on session 26e90cf751a94491357d237ee8548956 to remote] DEBUG org.apache.http.wire  - http-outgoing-108 >> "Host: localhost:39717[\r][\n]"
141696 [Forwarding clickElement on session 26e90cf751a94491357d237ee8548956 to remote] DEBUG org.apache.http.wire  - http-outgoing-108 >> "Connection: Keep-Alive[\r][\n]"
141696 [Forwarding clickElement on session 26e90cf751a94491357d237ee8548956 to remote] DEBUG org.apache.http.wire  - http-outgoing-108 >> "Connection: Keep-Alive[\r][\n]"
141696 [Forwarding clickElement on session 26e90cf751a94491357d237ee8548956 to remote] DEBUG org.apache.http.wire  - http-outgoing-108 >> "Connection: Keep-Alive[\r][\n]"
141696 [Forwarding clickElement on session 26e90cf751a94491357d237ee8548956 to remote] DEBUG org.apache.http.wire  - http-outgoing-108 >> "Connection: Keep-Alive[\r][\n]"
141696 [Forwarding clickElement on session 26e90cf751a94491357d237ee8548956 to remote] DEBUG org.apache.http.wire  - http-outgoing-108 >> "User-Agent: Apache-HttpClient/4.5.2 (Java/1.8.0_91)[\r][\n]"
141696 [Forwarding clickElement on session 26e90cf751a94491357d237ee8548956 to remote] DEBUG org.apache.http.wire  - http-outgoing-108 >> "User-Agent: Apache-HttpClient/4.5.2 (Java/1.8.0_91)[\r][\n]"
141696 [Forwarding clickElement on session 26e90cf751a94491357d237ee8548956 to remote] DEBUG org.apache.http.wire  - http-outgoing-108 >> "User-Agent: Apache-HttpClient/4.5.2 (Java/1.8.0_91)[\r][\n]"
141696 [Forwarding clickElement on session 26e90cf751a94491357d237ee8548956 to remote] DEBUG org.apache.http.wire  - http-outgoing-108 >> "User-Agent: Apache-HttpClient/4.5.2 (Java/1.8.0_91)[\r][\n]"
141696 [Forwarding clickElement on session 26e90cf751a94491357d237ee8548956 to remote] DEBUG org.apache.http.wire  - http-outgoing-108 >> "Accept-Encoding: gzip,deflate[\r][\n]"
141696 [Forwarding clickElement on session 26e90cf751a94491357d237ee8548956 to remote] DEBUG org.apache.http.wire  - http-outgoing-108 >> "Accept-Encoding: gzip,deflate[\r][\n]"
141696 [Forwarding clickElement on session 26e90cf751a94491357d237ee8548956 to remote] DEBUG org.apache.http.wire  - http-outgoing-108 >> "Accept-Encoding: gzip,deflate[\r][\n]"
141696 [Forwarding clickElement on session 26e90cf751a94491357d237ee8548956 to remote] DEBUG org.apache.http.wire  - http-outgoing-108 >> "Accept-Encoding: gzip,deflate[\r][\n]"
141696 [Forwarding clickElement on session 26e90cf751a94491357d237ee8548956 to remote] DEBUG org.apache.http.wire  - http-outgoing-108 >> "[\r][\n]"
141696 [Forwarding clickElement on session 26e90cf751a94491357d237ee8548956 to remote] DEBUG org.apache.http.wire  - http-outgoing-108 >> "[\r][\n]"
141696 [Forwarding clickElement on session 26e90cf751a94491357d237ee8548956 to remote] DEBUG org.apache.http.wire  - http-outgoing-108 >> "[\r][\n]"
141696 [Forwarding clickElement on session 26e90cf751a94491357d237ee8548956 to remote] DEBUG org.apache.http.wire  - http-outgoing-108 >> "[\r][\n]"
141696 [Forwarding clickElement on session 26e90cf751a94491357d237ee8548956 to remote] DEBUG org.apache.http.wire  - http-outgoing-108 >> "{"id":"0.18080964092899965-3"}"
141696 [Forwarding clickElement on session 26e90cf751a94491357d237ee8548956 to remote] DEBUG org.apache.http.wire  - http-outgoing-108 >> "{"id":"0.18080964092899965-3"}"
141696 [Forwarding clickElement on session 26e90cf751a94491357d237ee8548956 to remote] DEBUG org.apache.http.wire  - http-outgoing-108 >> "{"id":"0.18080964092899965-3"}"
141696 [Forwarding clickElement on session 26e90cf751a94491357d237ee8548956 to remote] DEBUG org.apache.http.wire  - http-outgoing-108 >> "{"id":"0.18080964092899965-3"}"
142281 [Forwarding clickElement on session 26e90cf751a94491357d237ee8548956 to remote] DEBUG org.apache.http.wire  - http-outgoing-108 << "HTTP/1.1 200 OK[\r][\n]"
142281 [Forwarding clickElement on session 26e90cf751a94491357d237ee8548956 to remote] DEBUG org.apache.http.wire  - http-outgoing-108 << "HTTP/1.1 200 OK[\r][\n]"
142281 [Forwarding clickElement on session 26e90cf751a94491357d237ee8548956 to remote] DEBUG org.apache.http.wire  - http-outgoing-108 << "HTTP/1.1 200 OK[\r][\n]"
142281 [Forwarding clickElement on session 26e90cf751a94491357d237ee8548956 to remote] DEBUG org.apache.http.wire  - http-outgoing-108 << "HTTP/1.1 200 OK[\r][\n]"
142281 [Forwarding clickElement on session 26e90cf751a94491357d237ee8548956 to remote] DEBUG org.apache.http.wire  - http-outgoing-108 << "Content-Length:72[\r][\n]"
142281 [Forwarding clickElement on session 26e90cf751a94491357d237ee8548956 to remote] DEBUG org.apache.http.wire  - http-outgoing-108 << "Content-Length:72[\r][\n]"
142281 [Forwarding clickElement on session 26e90cf751a94491357d237ee8548956 to remote] DEBUG org.apache.http.wire  - http-outgoing-108 << "Content-Length:72[\r][\n]"
142281 [Forwarding clickElement on session 26e90cf751a94491357d237ee8548956 to remote] DEBUG org.apache.http.wire  - http-outgoing-108 << "Content-Length:72[\r][\n]"
142281 [Forwarding clickElement on session 26e90cf751a94491357d237ee8548956 to remote] DEBUG org.apache.http.wire  - http-outgoing-108 << "Content-Type:application/json; charset=utf-8[\r][\n]"
142281 [Forwarding clickElement on session 26e90cf751a94491357d237ee8548956 to remote] DEBUG org.apache.http.wire  - http-outgoing-108 << "Content-Type:application/json; charset=utf-8[\r][\n]"
142281 [Forwarding clickElement on session 26e90cf751a94491357d237ee8548956 to remote] DEBUG org.apache.http.wire  - http-outgoing-108 << "Content-Type:application/json; charset=utf-8[\r][\n]"
142281 [Forwarding clickElement on session 26e90cf751a94491357d237ee8548956 to remote] DEBUG org.apache.http.wire  - http-outgoing-108 << "Content-Type:application/json; charset=utf-8[\r][\n]"
142281 [Forwarding clickElement on session 26e90cf751a94491357d237ee8548956 to remote] DEBUG org.apache.http.wire  - http-outgoing-108 << "Connection:close[\r][\n]"
142281 [Forwarding clickElement on session 26e90cf751a94491357d237ee8548956 to remote] DEBUG org.apache.http.wire  - http-outgoing-108 << "Connection:close[\r][\n]"
142281 [Forwarding clickElement on session 26e90cf751a94491357d237ee8548956 to remote] DEBUG org.apache.http.wire  - http-outgoing-108 << "Connection:close[\r][\n]"
142281 [Forwarding clickElement on session 26e90cf751a94491357d237ee8548956 to remote] DEBUG org.apache.http.wire  - http-outgoing-108 << "Connection:close[\r][\n]"
142281 [Forwarding clickElement on session 26e90cf751a94491357d237ee8548956 to remote] DEBUG org.apache.http.wire  - http-outgoing-108 << "[\r][\n]"
142281 [Forwarding clickElement on session 26e90cf751a94491357d237ee8548956 to remote] DEBUG org.apache.http.wire  - http-outgoing-108 << "[\r][\n]"
142281 [Forwarding clickElement on session 26e90cf751a94491357d237ee8548956 to remote] DEBUG org.apache.http.wire  - http-outgoing-108 << "[\r][\n]"
142281 [Forwarding clickElement on session 26e90cf751a94491357d237ee8548956 to remote] DEBUG org.apache.http.wire  - http-outgoing-108 << "[\r][\n]"
142281 [Forwarding clickElement on session 26e90cf751a94491357d237ee8548956 to remote] DEBUG org.apache.http.wire  - http-outgoing-108 << "{"sessionId":"26e90cf751a94491357d237ee8548956","status":0,"value":null}"
142281 [Forwarding clickElement on session 26e90cf751a94491357d237ee8548956 to remote] DEBUG org.apache.http.wire  - http-outgoing-108 << "{"sessionId":"26e90cf751a94491357d237ee8548956","status":0,"value":null}"
142281 [Forwarding clickElement on session 26e90cf751a94491357d237ee8548956 to remote] DEBUG org.apache.http.wire  - http-outgoing-108 << "{"sessionId":"26e90cf751a94491357d237ee8548956","status":0,"value":null}"
142281 [Forwarding clickElement on session 26e90cf751a94491357d237ee8548956 to remote] DEBUG org.apache.http.wire  - http-outgoing-108 << "{"sessionId":"26e90cf751a94491357d237ee8548956","status":0,"value":null}"
142281 [Forwarding clickElement on session 26e90cf751a94491357d237ee8548956 to remote] DEBUG org.apache.http.headers  - http-outgoing-108 << HTTP/1.1 200 OK
142281 [Forwarding clickElement on session 26e90cf751a94491357d237ee8548956 to remote] DEBUG org.apache.http.headers  - http-outgoing-108 << HTTP/1.1 200 OK
142281 [Forwarding clickElement on session 26e90cf751a94491357d237ee8548956 to remote] DEBUG org.apache.http.headers  - http-outgoing-108 << HTTP/1.1 200 OK
142281 [Forwarding clickElement on session 26e90cf751a94491357d237ee8548956 to remote] DEBUG org.apache.http.headers  - http-outgoing-108 << HTTP/1.1 200 OK
142281 [Forwarding clickElement on session 26e90cf751a94491357d237ee8548956 to remote] DEBUG org.apache.http.headers  - http-outgoing-108 << Content-Length:72
142281 [Forwarding clickElement on session 26e90cf751a94491357d237ee8548956 to remote] DEBUG org.apache.http.headers  - http-outgoing-108 << Content-Length:72
142281 [Forwarding clickElement on session 26e90cf751a94491357d237ee8548956 to remote] DEBUG org.apache.http.headers  - http-outgoing-108 << Content-Length:72
142281 [Forwarding clickElement on session 26e90cf751a94491357d237ee8548956 to remote] DEBUG org.apache.http.headers  - http-outgoing-108 << Content-Length:72
142282 [Forwarding clickElement on session 26e90cf751a94491357d237ee8548956 to remote] DEBUG org.apache.http.headers  - http-outgoing-108 << Content-Type:application/json; charset=utf-8
142282 [Forwarding clickElement on session 26e90cf751a94491357d237ee8548956 to remote] DEBUG org.apache.http.headers  - http-outgoing-108 << Content-Type:application/json; charset=utf-8
142282 [Forwarding clickElement on session 26e90cf751a94491357d237ee8548956 to remote] DEBUG org.apache.http.headers  - http-outgoing-108 << Content-Type:application/json; charset=utf-8
142282 [Forwarding clickElement on session 26e90cf751a94491357d237ee8548956 to remote] DEBUG org.apache.http.headers  - http-outgoing-108 << Content-Type:application/json; charset=utf-8
142282 [Forwarding clickElement on session 26e90cf751a94491357d237ee8548956 to remote] DEBUG org.apache.http.headers  - http-outgoing-108 << Connection:close
142282 [Forwarding clickElement on session 26e90cf751a94491357d237ee8548956 to remote] DEBUG org.apache.http.headers  - http-outgoing-108 << Connection:close
142282 [Forwarding clickElement on session 26e90cf751a94491357d237ee8548956 to remote] DEBUG org.apache.http.headers  - http-outgoing-108 << Connection:close
142282 [Forwarding clickElement on session 26e90cf751a94491357d237ee8548956 to remote] DEBUG org.apache.http.headers  - http-outgoing-108 << Connection:close
142282 [Forwarding clickElement on session 26e90cf751a94491357d237ee8548956 to remote] DEBUG org.apache.http.impl.conn.DefaultManagedHttpClientConnection  - http-outgoing-108: Close connection
142282 [Forwarding clickElement on session 26e90cf751a94491357d237ee8548956 to remote] DEBUG org.apache.http.impl.conn.DefaultManagedHttpClientConnection  - http-outgoing-108: Close connection
142282 [Forwarding clickElement on session 26e90cf751a94491357d237ee8548956 to remote] DEBUG org.apache.http.impl.conn.DefaultManagedHttpClientConnection  - http-outgoing-108: Close connection
142282 [Forwarding clickElement on session 26e90cf751a94491357d237ee8548956 to remote] DEBUG org.apache.http.impl.conn.DefaultManagedHttpClientConnection  - http-outgoing-108: Close connection
142282 [Forwarding clickElement on session 26e90cf751a94491357d237ee8548956 to remote] DEBUG org.apache.http.impl.execchain.MainClientExec  - Connection discarded
142282 [Forwarding clickElement on session 26e90cf751a94491357d237ee8548956 to remote] DEBUG org.apache.http.impl.execchain.MainClientExec  - Connection discarded
142282 [Forwarding clickElement on session 26e90cf751a94491357d237ee8548956 to remote] DEBUG org.apache.http.impl.execchain.MainClientExec  - Connection discarded
142282 [Forwarding clickElement on session 26e90cf751a94491357d237ee8548956 to remote] DEBUG org.apache.http.impl.execchain.MainClientExec  - Connection discarded
142282 [Forwarding clickElement on session 26e90cf751a94491357d237ee8548956 to remote] DEBUG org.apache.http.impl.conn.PoolingHttpClientConnectionManager  - Connection released: [id: 108][route: {}->http://localhost:39717][total kept alive: 0; route allocated: 0 of 2000; total allocated: 0 of 2000]
142282 [Forwarding clickElement on session 26e90cf751a94491357d237ee8548956 to remote] DEBUG org.apache.http.impl.conn.PoolingHttpClientConnectionManager  - Connection released: [id: 108][route: {}->http://localhost:39717][total kept alive: 0; route allocated: 0 of 2000; total allocated: 0 of 2000]
142282 [Forwarding clickElement on session 26e90cf751a94491357d237ee8548956 to remote] DEBUG org.apache.http.impl.conn.PoolingHttpClientConnectionManager  - Connection released: [id: 108][route: {}->http://localhost:39717][total kept alive: 0; route allocated: 0 of 2000; total allocated: 0 of 2000]
142282 [Forwarding clickElement on session 26e90cf751a94491357d237ee8548956 to remote] DEBUG org.apache.http.impl.conn.PoolingHttpClientConnectionManager  - Connection released: [id: 108][route: {}->http://localhost:39717][total kept alive: 0; route allocated: 0 of 2000; total allocated: 0 of 2000]
145283 [Forwarding findElement on session 26e90cf751a94491357d237ee8548956 to remote] DEBUG org.apache.http.client.protocol.RequestAddCookies  - CookieSpec selected: default
145283 [Forwarding findElement on session 26e90cf751a94491357d237ee8548956 to remote] DEBUG org.apache.http.client.protocol.RequestAddCookies  - CookieSpec selected: default
145283 [Forwarding findElement on session 26e90cf751a94491357d237ee8548956 to remote] DEBUG org.apache.http.client.protocol.RequestAddCookies  - CookieSpec selected: default
145283 [Forwarding findElement on session 26e90cf751a94491357d237ee8548956 to remote] DEBUG org.apache.http.client.protocol.RequestAddCookies  - CookieSpec selected: default
145283 [Forwarding findElement on session 26e90cf751a94491357d237ee8548956 to remote] DEBUG org.apache.http.client.protocol.RequestAuthCache  - Auth cache not set in the context
145283 [Forwarding findElement on session 26e90cf751a94491357d237ee8548956 to remote] DEBUG org.apache.http.client.protocol.RequestAuthCache  - Auth cache not set in the context
145283 [Forwarding findElement on session 26e90cf751a94491357d237ee8548956 to remote] DEBUG org.apache.http.client.protocol.RequestAuthCache  - Auth cache not set in the context
145283 [Forwarding findElement on session 26e90cf751a94491357d237ee8548956 to remote] DEBUG org.apache.http.client.protocol.RequestAuthCache  - Auth cache not set in the context
145283 [Forwarding findElement on session 26e90cf751a94491357d237ee8548956 to remote] DEBUG org.apache.http.impl.conn.PoolingHttpClientConnectionManager  - Connection request: [route: {}->http://localhost:39717][total kept alive: 0; route allocated: 0 of 2000; total allocated: 0 of 2000]
145283 [Forwarding findElement on session 26e90cf751a94491357d237ee8548956 to remote] DEBUG org.apache.http.impl.conn.PoolingHttpClientConnectionManager  - Connection request: [route: {}->http://localhost:39717][total kept alive: 0; route allocated: 0 of 2000; total allocated: 0 of 2000]
145283 [Forwarding findElement on session 26e90cf751a94491357d237ee8548956 to remote] DEBUG org.apache.http.impl.conn.PoolingHttpClientConnectionManager  - Connection request: [route: {}->http://localhost:39717][total kept alive: 0; route allocated: 0 of 2000; total allocated: 0 of 2000]
145283 [Forwarding findElement on session 26e90cf751a94491357d237ee8548956 to remote] DEBUG org.apache.http.impl.conn.PoolingHttpClientConnectionManager  - Connection request: [route: {}->http://localhost:39717][total kept alive: 0; route allocated: 0 of 2000; total allocated: 0 of 2000]
145284 [Forwarding findElement on session 26e90cf751a94491357d237ee8548956 to remote] DEBUG org.apache.http.impl.conn.PoolingHttpClientConnectionManager  - Connection leased: [id: 109][route: {}->http://localhost:39717][total kept alive: 0; route allocated: 1 of 2000; total allocated: 1 of 2000]
145284 [Forwarding findElement on session 26e90cf751a94491357d237ee8548956 to remote] DEBUG org.apache.http.impl.conn.PoolingHttpClientConnectionManager  - Connection leased: [id: 109][route: {}->http://localhost:39717][total kept alive: 0; route allocated: 1 of 2000; total allocated: 1 of 2000]
145284 [Forwarding findElement on session 26e90cf751a94491357d237ee8548956 to remote] DEBUG org.apache.http.impl.conn.PoolingHttpClientConnectionManager  - Connection leased: [id: 109][route: {}->http://localhost:39717][total kept alive: 0; route allocated: 1 of 2000; total allocated: 1 of 2000]
145284 [Forwarding findElement on session 26e90cf751a94491357d237ee8548956 to remote] DEBUG org.apache.http.impl.conn.PoolingHttpClientConnectionManager  - Connection leased: [id: 109][route: {}->http://localhost:39717][total kept alive: 0; route allocated: 1 of 2000; total allocated: 1 of 2000]
145284 [Forwarding findElement on session 26e90cf751a94491357d237ee8548956 to remote] DEBUG org.apache.http.impl.execchain.MainClientExec  - Opening connection {}->http://localhost:39717
145284 [Forwarding findElement on session 26e90cf751a94491357d237ee8548956 to remote] DEBUG org.apache.http.impl.execchain.MainClientExec  - Opening connection {}->http://localhost:39717
145284 [Forwarding findElement on session 26e90cf751a94491357d237ee8548956 to remote] DEBUG org.apache.http.impl.execchain.MainClientExec  - Opening connection {}->http://localhost:39717
145284 [Forwarding findElement on session 26e90cf751a94491357d237ee8548956 to remote] DEBUG org.apache.http.impl.execchain.MainClientExec  - Opening connection {}->http://localhost:39717
145284 [Forwarding findElement on session 26e90cf751a94491357d237ee8548956 to remote] DEBUG org.apache.http.impl.conn.DefaultHttpClientConnectionOperator  - Connecting to localhost/127.0.0.1:39717
145284 [Forwarding findElement on session 26e90cf751a94491357d237ee8548956 to remote] DEBUG org.apache.http.impl.conn.DefaultHttpClientConnectionOperator  - Connecting to localhost/127.0.0.1:39717
145284 [Forwarding findElement on session 26e90cf751a94491357d237ee8548956 to remote] DEBUG org.apache.http.impl.conn.DefaultHttpClientConnectionOperator  - Connecting to localhost/127.0.0.1:39717
145284 [Forwarding findElement on session 26e90cf751a94491357d237ee8548956 to remote] DEBUG org.apache.http.impl.conn.DefaultHttpClientConnectionOperator  - Connecting to localhost/127.0.0.1:39717
145284 [Forwarding findElement on session 26e90cf751a94491357d237ee8548956 to remote] DEBUG org.apache.http.impl.conn.DefaultHttpClientConnectionOperator  - Connection established 127.0.0.1:53081<->127.0.0.1:39717
145284 [Forwarding findElement on session 26e90cf751a94491357d237ee8548956 to remote] DEBUG org.apache.http.impl.conn.DefaultHttpClientConnectionOperator  - Connection established 127.0.0.1:53081<->127.0.0.1:39717
145284 [Forwarding findElement on session 26e90cf751a94491357d237ee8548956 to remote] DEBUG org.apache.http.impl.conn.DefaultHttpClientConnectionOperator  - Connection established 127.0.0.1:53081<->127.0.0.1:39717
145284 [Forwarding findElement on session 26e90cf751a94491357d237ee8548956 to remote] DEBUG org.apache.http.impl.conn.DefaultHttpClientConnectionOperator  - Connection established 127.0.0.1:53081<->127.0.0.1:39717
145284 [Forwarding findElement on session 26e90cf751a94491357d237ee8548956 to remote] DEBUG org.apache.http.impl.conn.DefaultManagedHttpClientConnection  - http-outgoing-109: set socket timeout to 10800000
145284 [Forwarding findElement on session 26e90cf751a94491357d237ee8548956 to remote] DEBUG org.apache.http.impl.conn.DefaultManagedHttpClientConnection  - http-outgoing-109: set socket timeout to 10800000
145284 [Forwarding findElement on session 26e90cf751a94491357d237ee8548956 to remote] DEBUG org.apache.http.impl.conn.DefaultManagedHttpClientConnection  - http-outgoing-109: set socket timeout to 10800000
145284 [Forwarding findElement on session 26e90cf751a94491357d237ee8548956 to remote] DEBUG org.apache.http.impl.conn.DefaultManagedHttpClientConnection  - http-outgoing-109: set socket timeout to 10800000
145284 [Forwarding findElement on session 26e90cf751a94491357d237ee8548956 to remote] DEBUG org.apache.http.impl.execchain.MainClientExec  - Executing request POST /session/26e90cf751a94491357d237ee8548956/element HTTP/1.1
145284 [Forwarding findElement on session 26e90cf751a94491357d237ee8548956 to remote] DEBUG org.apache.http.impl.execchain.MainClientExec  - Executing request POST /session/26e90cf751a94491357d237ee8548956/element HTTP/1.1
145284 [Forwarding findElement on session 26e90cf751a94491357d237ee8548956 to remote] DEBUG org.apache.http.impl.execchain.MainClientExec  - Executing request POST /session/26e90cf751a94491357d237ee8548956/element HTTP/1.1
145284 [Forwarding findElement on session 26e90cf751a94491357d237ee8548956 to remote] DEBUG org.apache.http.impl.execchain.MainClientExec  - Executing request POST /session/26e90cf751a94491357d237ee8548956/element HTTP/1.1
145284 [Forwarding findElement on session 26e90cf751a94491357d237ee8548956 to remote] DEBUG org.apache.http.impl.execchain.MainClientExec  - Target auth state: UNCHALLENGED
145284 [Forwarding findElement on session 26e90cf751a94491357d237ee8548956 to remote] DEBUG org.apache.http.impl.execchain.MainClientExec  - Target auth state: UNCHALLENGED
145284 [Forwarding findElement on session 26e90cf751a94491357d237ee8548956 to remote] DEBUG org.apache.http.impl.execchain.MainClientExec  - Target auth state: UNCHALLENGED
145284 [Forwarding findElement on session 26e90cf751a94491357d237ee8548956 to remote] DEBUG org.apache.http.impl.execchain.MainClientExec  - Target auth state: UNCHALLENGED
145284 [Forwarding findElement on session 26e90cf751a94491357d237ee8548956 to remote] DEBUG org.apache.http.impl.execchain.MainClientExec  - Proxy auth state: UNCHALLENGED
145284 [Forwarding findElement on session 26e90cf751a94491357d237ee8548956 to remote] DEBUG org.apache.http.impl.execchain.MainClientExec  - Proxy auth state: UNCHALLENGED
145284 [Forwarding findElement on session 26e90cf751a94491357d237ee8548956 to remote] DEBUG org.apache.http.impl.execchain.MainClientExec  - Proxy auth state: UNCHALLENGED
145284 [Forwarding findElement on session 26e90cf751a94491357d237ee8548956 to remote] DEBUG org.apache.http.impl.execchain.MainClientExec  - Proxy auth state: UNCHALLENGED
145285 [Forwarding findElement on session 26e90cf751a94491357d237ee8548956 to remote] DEBUG org.apache.http.headers  - http-outgoing-109 >> POST /session/26e90cf751a94491357d237ee8548956/element HTTP/1.1
145285 [Forwarding findElement on session 26e90cf751a94491357d237ee8548956 to remote] DEBUG org.apache.http.headers  - http-outgoing-109 >> POST /session/26e90cf751a94491357d237ee8548956/element HTTP/1.1
145285 [Forwarding findElement on session 26e90cf751a94491357d237ee8548956 to remote] DEBUG org.apache.http.headers  - http-outgoing-109 >> POST /session/26e90cf751a94491357d237ee8548956/element HTTP/1.1
145285 [Forwarding findElement on session 26e90cf751a94491357d237ee8548956 to remote] DEBUG org.apache.http.headers  - http-outgoing-109 >> POST /session/26e90cf751a94491357d237ee8548956/element HTTP/1.1
145285 [Forwarding findElement on session 26e90cf751a94491357d237ee8548956 to remote] DEBUG org.apache.http.headers  - http-outgoing-109 >> Content-Type: application/json; charset=utf-8
145285 [Forwarding findElement on session 26e90cf751a94491357d237ee8548956 to remote] DEBUG org.apache.http.headers  - http-outgoing-109 >> Content-Type: application/json; charset=utf-8
145285 [Forwarding findElement on session 26e90cf751a94491357d237ee8548956 to remote] DEBUG org.apache.http.headers  - http-outgoing-109 >> Content-Type: application/json; charset=utf-8
145285 [Forwarding findElement on session 26e90cf751a94491357d237ee8548956 to remote] DEBUG org.apache.http.headers  - http-outgoing-109 >> Content-Type: application/json; charset=utf-8
145285 [Forwarding findElement on session 26e90cf751a94491357d237ee8548956 to remote] DEBUG org.apache.http.headers  - http-outgoing-109 >> Content-Length: 62
145285 [Forwarding findElement on session 26e90cf751a94491357d237ee8548956 to remote] DEBUG org.apache.http.headers  - http-outgoing-109 >> Content-Length: 62
145285 [Forwarding findElement on session 26e90cf751a94491357d237ee8548956 to remote] DEBUG org.apache.http.headers  - http-outgoing-109 >> Content-Length: 62
145285 [Forwarding findElement on session 26e90cf751a94491357d237ee8548956 to remote] DEBUG org.apache.http.headers  - http-outgoing-109 >> Content-Length: 62
145285 [Forwarding findElement on session 26e90cf751a94491357d237ee8548956 to remote] DEBUG org.apache.http.headers  - http-outgoing-109 >> Host: localhost:39717
145285 [Forwarding findElement on session 26e90cf751a94491357d237ee8548956 to remote] DEBUG org.apache.http.headers  - http-outgoing-109 >> Host: localhost:39717
145285 [Forwarding findElement on session 26e90cf751a94491357d237ee8548956 to remote] DEBUG org.apache.http.headers  - http-outgoing-109 >> Host: localhost:39717
145285 [Forwarding findElement on session 26e90cf751a94491357d237ee8548956 to remote] DEBUG org.apache.http.headers  - http-outgoing-109 >> Host: localhost:39717
145285 [Forwarding findElement on session 26e90cf751a94491357d237ee8548956 to remote] DEBUG org.apache.http.headers  - http-outgoing-109 >> Connection: Keep-Alive
145285 [Forwarding findElement on session 26e90cf751a94491357d237ee8548956 to remote] DEBUG org.apache.http.headers  - http-outgoing-109 >> Connection: Keep-Alive
145285 [Forwarding findElement on session 26e90cf751a94491357d237ee8548956 to remote] DEBUG org.apache.http.headers  - http-outgoing-109 >> Connection: Keep-Alive
145285 [Forwarding findElement on session 26e90cf751a94491357d237ee8548956 to remote] DEBUG org.apache.http.headers  - http-outgoing-109 >> Connection: Keep-Alive
145285 [Forwarding findElement on session 26e90cf751a94491357d237ee8548956 to remote] DEBUG org.apache.http.headers  - http-outgoing-109 >> User-Agent: Apache-HttpClient/4.5.2 (Java/1.8.0_91)
145285 [Forwarding findElement on session 26e90cf751a94491357d237ee8548956 to remote] DEBUG org.apache.http.headers  - http-outgoing-109 >> User-Agent: Apache-HttpClient/4.5.2 (Java/1.8.0_91)
145285 [Forwarding findElement on session 26e90cf751a94491357d237ee8548956 to remote] DEBUG org.apache.http.headers  - http-outgoing-109 >> User-Agent: Apache-HttpClient/4.5.2 (Java/1.8.0_91)
145285 [Forwarding findElement on session 26e90cf751a94491357d237ee8548956 to remote] DEBUG org.apache.http.headers  - http-outgoing-109 >> User-Agent: Apache-HttpClient/4.5.2 (Java/1.8.0_91)
145285 [Forwarding findElement on session 26e90cf751a94491357d237ee8548956 to remote] DEBUG org.apache.http.headers  - http-outgoing-109 >> Accept-Encoding: gzip,deflate
145285 [Forwarding findElement on session 26e90cf751a94491357d237ee8548956 to remote] DEBUG org.apache.http.headers  - http-outgoing-109 >> Accept-Encoding: gzip,deflate
145285 [Forwarding findElement on session 26e90cf751a94491357d237ee8548956 to remote] DEBUG org.apache.http.headers  - http-outgoing-109 >> Accept-Encoding: gzip,deflate
145285 [Forwarding findElement on session 26e90cf751a94491357d237ee8548956 to remote] DEBUG org.apache.http.headers  - http-outgoing-109 >> Accept-Encoding: gzip,deflate
145285 [Forwarding findElement on session 26e90cf751a94491357d237ee8548956 to remote] DEBUG org.apache.http.wire  - http-outgoing-109 >> "POST /session/26e90cf751a94491357d237ee8548956/element HTTP/1.1[\r][\n]"
145285 [Forwarding findElement on session 26e90cf751a94491357d237ee8548956 to remote] DEBUG org.apache.http.wire  - http-outgoing-109 >> "POST /session/26e90cf751a94491357d237ee8548956/element HTTP/1.1[\r][\n]"
145285 [Forwarding findElement on session 26e90cf751a94491357d237ee8548956 to remote] DEBUG org.apache.http.wire  - http-outgoing-109 >> "POST /session/26e90cf751a94491357d237ee8548956/element HTTP/1.1[\r][\n]"
145285 [Forwarding findElement on session 26e90cf751a94491357d237ee8548956 to remote] DEBUG org.apache.http.wire  - http-outgoing-109 >> "POST /session/26e90cf751a94491357d237ee8548956/element HTTP/1.1[\r][\n]"
145285 [Forwarding findElement on session 26e90cf751a94491357d237ee8548956 to remote] DEBUG org.apache.http.wire  - http-outgoing-109 >> "Content-Type: application/json; charset=utf-8[\r][\n]"
145285 [Forwarding findElement on session 26e90cf751a94491357d237ee8548956 to remote] DEBUG org.apache.http.wire  - http-outgoing-109 >> "Content-Type: application/json; charset=utf-8[\r][\n]"
145285 [Forwarding findElement on session 26e90cf751a94491357d237ee8548956 to remote] DEBUG org.apache.http.wire  - http-outgoing-109 >> "Content-Type: application/json; charset=utf-8[\r][\n]"
145285 [Forwarding findElement on session 26e90cf751a94491357d237ee8548956 to remote] DEBUG org.apache.http.wire  - http-outgoing-109 >> "Content-Type: application/json; charset=utf-8[\r][\n]"
145285 [Forwarding findElement on session 26e90cf751a94491357d237ee8548956 to remote] DEBUG org.apache.http.wire  - http-outgoing-109 >> "Content-Length: 62[\r][\n]"
145285 [Forwarding findElement on session 26e90cf751a94491357d237ee8548956 to remote] DEBUG org.apache.http.wire  - http-outgoing-109 >> "Content-Length: 62[\r][\n]"
145285 [Forwarding findElement on session 26e90cf751a94491357d237ee8548956 to remote] DEBUG org.apache.http.wire  - http-outgoing-109 >> "Content-Length: 62[\r][\n]"
145285 [Forwarding findElement on session 26e90cf751a94491357d237ee8548956 to remote] DEBUG org.apache.http.wire  - http-outgoing-109 >> "Content-Length: 62[\r][\n]"
145285 [Forwarding findElement on session 26e90cf751a94491357d237ee8548956 to remote] DEBUG org.apache.http.wire  - http-outgoing-109 >> "Host: localhost:39717[\r][\n]"
145285 [Forwarding findElement on session 26e90cf751a94491357d237ee8548956 to remote] DEBUG org.apache.http.wire  - http-outgoing-109 >> "Host: localhost:39717[\r][\n]"
145285 [Forwarding findElement on session 26e90cf751a94491357d237ee8548956 to remote] DEBUG org.apache.http.wire  - http-outgoing-109 >> "Host: localhost:39717[\r][\n]"
145285 [Forwarding findElement on session 26e90cf751a94491357d237ee8548956 to remote] DEBUG org.apache.http.wire  - http-outgoing-109 >> "Host: localhost:39717[\r][\n]"
145285 [Forwarding findElement on session 26e90cf751a94491357d237ee8548956 to remote] DEBUG org.apache.http.wire  - http-outgoing-109 >> "Connection: Keep-Alive[\r][\n]"
145285 [Forwarding findElement on session 26e90cf751a94491357d237ee8548956 to remote] DEBUG org.apache.http.wire  - http-outgoing-109 >> "Connection: Keep-Alive[\r][\n]"
145285 [Forwarding findElement on session 26e90cf751a94491357d237ee8548956 to remote] DEBUG org.apache.http.wire  - http-outgoing-109 >> "Connection: Keep-Alive[\r][\n]"
145285 [Forwarding findElement on session 26e90cf751a94491357d237ee8548956 to remote] DEBUG org.apache.http.wire  - http-outgoing-109 >> "Connection: Keep-Alive[\r][\n]"
145285 [Forwarding findElement on session 26e90cf751a94491357d237ee8548956 to remote] DEBUG org.apache.http.wire  - http-outgoing-109 >> "User-Agent: Apache-HttpClient/4.5.2 (Java/1.8.0_91)[\r][\n]"
145285 [Forwarding findElement on session 26e90cf751a94491357d237ee8548956 to remote] DEBUG org.apache.http.wire  - http-outgoing-109 >> "User-Agent: Apache-HttpClient/4.5.2 (Java/1.8.0_91)[\r][\n]"
145285 [Forwarding findElement on session 26e90cf751a94491357d237ee8548956 to remote] DEBUG org.apache.http.wire  - http-outgoing-109 >> "User-Agent: Apache-HttpClient/4.5.2 (Java/1.8.0_91)[\r][\n]"
145285 [Forwarding findElement on session 26e90cf751a94491357d237ee8548956 to remote] DEBUG org.apache.http.wire  - http-outgoing-109 >> "User-Agent: Apache-HttpClient/4.5.2 (Java/1.8.0_91)[\r][\n]"
145285 [Forwarding findElement on session 26e90cf751a94491357d237ee8548956 to remote] DEBUG org.apache.http.wire  - http-outgoing-109 >> "Accept-Encoding: gzip,deflate[\r][\n]"
145285 [Forwarding findElement on session 26e90cf751a94491357d237ee8548956 to remote] DEBUG org.apache.http.wire  - http-outgoing-109 >> "Accept-Encoding: gzip,deflate[\r][\n]"
145285 [Forwarding findElement on session 26e90cf751a94491357d237ee8548956 to remote] DEBUG org.apache.http.wire  - http-outgoing-109 >> "Accept-Encoding: gzip,deflate[\r][\n]"
145285 [Forwarding findElement on session 26e90cf751a94491357d237ee8548956 to remote] DEBUG org.apache.http.wire  - http-outgoing-109 >> "Accept-Encoding: gzip,deflate[\r][\n]"
145285 [Forwarding findElement on session 26e90cf751a94491357d237ee8548956 to remote] DEBUG org.apache.http.wire  - http-outgoing-109 >> "[\r][\n]"
145285 [Forwarding findElement on session 26e90cf751a94491357d237ee8548956 to remote] DEBUG org.apache.http.wire  - http-outgoing-109 >> "[\r][\n]"
145285 [Forwarding findElement on session 26e90cf751a94491357d237ee8548956 to remote] DEBUG org.apache.http.wire  - http-outgoing-109 >> "[\r][\n]"
145285 [Forwarding findElement on session 26e90cf751a94491357d237ee8548956 to remote] DEBUG org.apache.http.wire  - http-outgoing-109 >> "[\r][\n]"
145285 [Forwarding findElement on session 26e90cf751a94491357d237ee8548956 to remote] DEBUG org.apache.http.wire  - http-outgoing-109 >> "{"using":"xpath","value":".//*[@id='home-page-top']/nav/a[2]"}"
145285 [Forwarding findElement on session 26e90cf751a94491357d237ee8548956 to remote] DEBUG org.apache.http.wire  - http-outgoing-109 >> "{"using":"xpath","value":".//*[@id='home-page-top']/nav/a[2]"}"
145285 [Forwarding findElement on session 26e90cf751a94491357d237ee8548956 to remote] DEBUG org.apache.http.wire  - http-outgoing-109 >> "{"using":"xpath","value":".//*[@id='home-page-top']/nav/a[2]"}"
145285 [Forwarding findElement on session 26e90cf751a94491357d237ee8548956 to remote] DEBUG org.apache.http.wire  - http-outgoing-109 >> "{"using":"xpath","value":".//*[@id='home-page-top']/nav/a[2]"}"
145307 [Forwarding findElement on session 26e90cf751a94491357d237ee8548956 to remote] DEBUG org.apache.http.wire  - http-outgoing-109 << "HTTP/1.1 200 OK[\r][\n]"
145307 [Forwarding findElement on session 26e90cf751a94491357d237ee8548956 to remote] DEBUG org.apache.http.wire  - http-outgoing-109 << "HTTP/1.1 200 OK[\r][\n]"
145307 [Forwarding findElement on session 26e90cf751a94491357d237ee8548956 to remote] DEBUG org.apache.http.wire  - http-outgoing-109 << "HTTP/1.1 200 OK[\r][\n]"
145307 [Forwarding findElement on session 26e90cf751a94491357d237ee8548956 to remote] DEBUG org.apache.http.wire  - http-outgoing-109 << "HTTP/1.1 200 OK[\r][\n]"
145307 [Forwarding findElement on session 26e90cf751a94491357d237ee8548956 to remote] DEBUG org.apache.http.wire  - http-outgoing-109 << "Content-Length:103[\r][\n]"
145307 [Forwarding findElement on session 26e90cf751a94491357d237ee8548956 to remote] DEBUG org.apache.http.wire  - http-outgoing-109 << "Content-Length:103[\r][\n]"
145307 [Forwarding findElement on session 26e90cf751a94491357d237ee8548956 to remote] DEBUG org.apache.http.wire  - http-outgoing-109 << "Content-Length:103[\r][\n]"
145307 [Forwarding findElement on session 26e90cf751a94491357d237ee8548956 to remote] DEBUG org.apache.http.wire  - http-outgoing-109 << "Content-Length:103[\r][\n]"
145307 [Forwarding findElement on session 26e90cf751a94491357d237ee8548956 to remote] DEBUG org.apache.http.wire  - http-outgoing-109 << "Content-Type:application/json; charset=utf-8[\r][\n]"
145307 [Forwarding findElement on session 26e90cf751a94491357d237ee8548956 to remote] DEBUG org.apache.http.wire  - http-outgoing-109 << "Content-Type:application/json; charset=utf-8[\r][\n]"
145307 [Forwarding findElement on session 26e90cf751a94491357d237ee8548956 to remote] DEBUG org.apache.http.wire  - http-outgoing-109 << "Content-Type:application/json; charset=utf-8[\r][\n]"
145307 [Forwarding findElement on session 26e90cf751a94491357d237ee8548956 to remote] DEBUG org.apache.http.wire  - http-outgoing-109 << "Content-Type:application/json; charset=utf-8[\r][\n]"
145307 [Forwarding findElement on session 26e90cf751a94491357d237ee8548956 to remote] DEBUG org.apache.http.wire  - http-outgoing-109 << "Connection:close[\r][\n]"
145307 [Forwarding findElement on session 26e90cf751a94491357d237ee8548956 to remote] DEBUG org.apache.http.wire  - http-outgoing-109 << "Connection:close[\r][\n]"
145307 [Forwarding findElement on session 26e90cf751a94491357d237ee8548956 to remote] DEBUG org.apache.http.wire  - http-outgoing-109 << "Connection:close[\r][\n]"
145307 [Forwarding findElement on session 26e90cf751a94491357d237ee8548956 to remote] DEBUG org.apache.http.wire  - http-outgoing-109 << "Connection:close[\r][\n]"
145307 [Forwarding findElement on session 26e90cf751a94491357d237ee8548956 to remote] DEBUG org.apache.http.wire  - http-outgoing-109 << "[\r][\n]"
145307 [Forwarding findElement on session 26e90cf751a94491357d237ee8548956 to remote] DEBUG org.apache.http.wire  - http-outgoing-109 << "[\r][\n]"
145307 [Forwarding findElement on session 26e90cf751a94491357d237ee8548956 to remote] DEBUG org.apache.http.wire  - http-outgoing-109 << "[\r][\n]"
145307 [Forwarding findElement on session 26e90cf751a94491357d237ee8548956 to remote] DEBUG org.apache.http.wire  - http-outgoing-109 << "[\r][\n]"
145307 [Forwarding findElement on session 26e90cf751a94491357d237ee8548956 to remote] DEBUG org.apache.http.wire  - http-outgoing-109 << "{"sessionId":"26e90cf751a94491357d237ee8548956","status":0,"value":{"ELEMENT":"0.19960100794169566-1"}}"
145307 [Forwarding findElement on session 26e90cf751a94491357d237ee8548956 to remote] DEBUG org.apache.http.wire  - http-outgoing-109 << "{"sessionId":"26e90cf751a94491357d237ee8548956","status":0,"value":{"ELEMENT":"0.19960100794169566-1"}}"
145307 [Forwarding findElement on session 26e90cf751a94491357d237ee8548956 to remote] DEBUG org.apache.http.wire  - http-outgoing-109 << "{"sessionId":"26e90cf751a94491357d237ee8548956","status":0,"value":{"ELEMENT":"0.19960100794169566-1"}}"
145307 [Forwarding findElement on session 26e90cf751a94491357d237ee8548956 to remote] DEBUG org.apache.http.wire  - http-outgoing-109 << "{"sessionId":"26e90cf751a94491357d237ee8548956","status":0,"value":{"ELEMENT":"0.19960100794169566-1"}}"
145307 [Forwarding findElement on session 26e90cf751a94491357d237ee8548956 to remote] DEBUG org.apache.http.headers  - http-outgoing-109 << HTTP/1.1 200 OK
145307 [Forwarding findElement on session 26e90cf751a94491357d237ee8548956 to remote] DEBUG org.apache.http.headers  - http-outgoing-109 << HTTP/1.1 200 OK
145307 [Forwarding findElement on session 26e90cf751a94491357d237ee8548956 to remote] DEBUG org.apache.http.headers  - http-outgoing-109 << HTTP/1.1 200 OK
145307 [Forwarding findElement on session 26e90cf751a94491357d237ee8548956 to remote] DEBUG org.apache.http.headers  - http-outgoing-109 << HTTP/1.1 200 OK
145307 [Forwarding findElement on session 26e90cf751a94491357d237ee8548956 to remote] DEBUG org.apache.http.headers  - http-outgoing-109 << Content-Length:103
145307 [Forwarding findElement on session 26e90cf751a94491357d237ee8548956 to remote] DEBUG org.apache.http.headers  - http-outgoing-109 << Content-Length:103
145307 [Forwarding findElement on session 26e90cf751a94491357d237ee8548956 to remote] DEBUG org.apache.http.headers  - http-outgoing-109 << Content-Length:103
145307 [Forwarding findElement on session 26e90cf751a94491357d237ee8548956 to remote] DEBUG org.apache.http.headers  - http-outgoing-109 << Content-Length:103
145307 [Forwarding findElement on session 26e90cf751a94491357d237ee8548956 to remote] DEBUG org.apache.http.headers  - http-outgoing-109 << Content-Type:application/json; charset=utf-8
145307 [Forwarding findElement on session 26e90cf751a94491357d237ee8548956 to remote] DEBUG org.apache.http.headers  - http-outgoing-109 << Content-Type:application/json; charset=utf-8
145307 [Forwarding findElement on session 26e90cf751a94491357d237ee8548956 to remote] DEBUG org.apache.http.headers  - http-outgoing-109 << Content-Type:application/json; charset=utf-8
145307 [Forwarding findElement on session 26e90cf751a94491357d237ee8548956 to remote] DEBUG org.apache.http.headers  - http-outgoing-109 << Content-Type:application/json; charset=utf-8
145307 [Forwarding findElement on session 26e90cf751a94491357d237ee8548956 to remote] DEBUG org.apache.http.headers  - http-outgoing-109 << Connection:close
145307 [Forwarding findElement on session 26e90cf751a94491357d237ee8548956 to remote] DEBUG org.apache.http.headers  - http-outgoing-109 << Connection:close
145307 [Forwarding findElement on session 26e90cf751a94491357d237ee8548956 to remote] DEBUG org.apache.http.headers  - http-outgoing-109 << Connection:close
145307 [Forwarding findElement on session 26e90cf751a94491357d237ee8548956 to remote] DEBUG org.apache.http.headers  - http-outgoing-109 << Connection:close
145308 [Forwarding findElement on session 26e90cf751a94491357d237ee8548956 to remote] DEBUG org.apache.http.impl.conn.DefaultManagedHttpClientConnection  - http-outgoing-109: Close connection
145308 [Forwarding findElement on session 26e90cf751a94491357d237ee8548956 to remote] DEBUG org.apache.http.impl.conn.DefaultManagedHttpClientConnection  - http-outgoing-109: Close connection
145308 [Forwarding findElement on session 26e90cf751a94491357d237ee8548956 to remote] DEBUG org.apache.http.impl.conn.DefaultManagedHttpClientConnection  - http-outgoing-109: Close connection
145308 [Forwarding findElement on session 26e90cf751a94491357d237ee8548956 to remote] DEBUG org.apache.http.impl.conn.DefaultManagedHttpClientConnection  - http-outgoing-109: Close connection
145308 [Forwarding findElement on session 26e90cf751a94491357d237ee8548956 to remote] DEBUG org.apache.http.impl.execchain.MainClientExec  - Connection discarded
145308 [Forwarding findElement on session 26e90cf751a94491357d237ee8548956 to remote] DEBUG org.apache.http.impl.execchain.MainClientExec  - Connection discarded
145308 [Forwarding findElement on session 26e90cf751a94491357d237ee8548956 to remote] DEBUG org.apache.http.impl.execchain.MainClientExec  - Connection discarded
145308 [Forwarding findElement on session 26e90cf751a94491357d237ee8548956 to remote] DEBUG org.apache.http.impl.execchain.MainClientExec  - Connection discarded
145308 [Forwarding findElement on session 26e90cf751a94491357d237ee8548956 to remote] DEBUG org.apache.http.impl.conn.PoolingHttpClientConnectionManager  - Connection released: [id: 109][route: {}->http://localhost:39717][total kept alive: 0; route allocated: 0 of 2000; total allocated: 0 of 2000]
145308 [Forwarding findElement on session 26e90cf751a94491357d237ee8548956 to remote] DEBUG org.apache.http.impl.conn.PoolingHttpClientConnectionManager  - Connection released: [id: 109][route: {}->http://localhost:39717][total kept alive: 0; route allocated: 0 of 2000; total allocated: 0 of 2000]
145308 [Forwarding findElement on session 26e90cf751a94491357d237ee8548956 to remote] DEBUG org.apache.http.impl.conn.PoolingHttpClientConnectionManager  - Connection released: [id: 109][route: {}->http://localhost:39717][total kept alive: 0; route allocated: 0 of 2000; total allocated: 0 of 2000]
145308 [Forwarding findElement on session 26e90cf751a94491357d237ee8548956 to remote] DEBUG org.apache.http.impl.conn.PoolingHttpClientConnectionManager  - Connection released: [id: 109][route: {}->http://localhost:39717][total kept alive: 0; route allocated: 0 of 2000; total allocated: 0 of 2000]
145309 [Forwarding clickElement on session 26e90cf751a94491357d237ee8548956 to remote] DEBUG org.apache.http.client.protocol.RequestAddCookies  - CookieSpec selected: default
145309 [Forwarding clickElement on session 26e90cf751a94491357d237ee8548956 to remote] DEBUG org.apache.http.client.protocol.RequestAddCookies  - CookieSpec selected: default
145309 [Forwarding clickElement on session 26e90cf751a94491357d237ee8548956 to remote] DEBUG org.apache.http.client.protocol.RequestAddCookies  - CookieSpec selected: default
145309 [Forwarding clickElement on session 26e90cf751a94491357d237ee8548956 to remote] DEBUG org.apache.http.client.protocol.RequestAddCookies  - CookieSpec selected: default
145309 [Forwarding clickElement on session 26e90cf751a94491357d237ee8548956 to remote] DEBUG org.apache.http.client.protocol.RequestAuthCache  - Auth cache not set in the context
145309 [Forwarding clickElement on session 26e90cf751a94491357d237ee8548956 to remote] DEBUG org.apache.http.client.protocol.RequestAuthCache  - Auth cache not set in the context
145309 [Forwarding clickElement on session 26e90cf751a94491357d237ee8548956 to remote] DEBUG org.apache.http.client.protocol.RequestAuthCache  - Auth cache not set in the context
145309 [Forwarding clickElement on session 26e90cf751a94491357d237ee8548956 to remote] DEBUG org.apache.http.client.protocol.RequestAuthCache  - Auth cache not set in the context
145309 [Forwarding clickElement on session 26e90cf751a94491357d237ee8548956 to remote] DEBUG org.apache.http.impl.conn.PoolingHttpClientConnectionManager  - Connection request: [route: {}->http://localhost:39717][total kept alive: 0; route allocated: 0 of 2000; total allocated: 0 of 2000]
145309 [Forwarding clickElement on session 26e90cf751a94491357d237ee8548956 to remote] DEBUG org.apache.http.impl.conn.PoolingHttpClientConnectionManager  - Connection request: [route: {}->http://localhost:39717][total kept alive: 0; route allocated: 0 of 2000; total allocated: 0 of 2000]
145309 [Forwarding clickElement on session 26e90cf751a94491357d237ee8548956 to remote] DEBUG org.apache.http.impl.conn.PoolingHttpClientConnectionManager  - Connection request: [route: {}->http://localhost:39717][total kept alive: 0; route allocated: 0 of 2000; total allocated: 0 of 2000]
145309 [Forwarding clickElement on session 26e90cf751a94491357d237ee8548956 to remote] DEBUG org.apache.http.impl.conn.PoolingHttpClientConnectionManager  - Connection request: [route: {}->http://localhost:39717][total kept alive: 0; route allocated: 0 of 2000; total allocated: 0 of 2000]
145309 [Forwarding clickElement on session 26e90cf751a94491357d237ee8548956 to remote] DEBUG org.apache.http.impl.conn.PoolingHttpClientConnectionManager  - Connection leased: [id: 110][route: {}->http://localhost:39717][total kept alive: 0; route allocated: 1 of 2000; total allocated: 1 of 2000]
145309 [Forwarding clickElement on session 26e90cf751a94491357d237ee8548956 to remote] DEBUG org.apache.http.impl.conn.PoolingHttpClientConnectionManager  - Connection leased: [id: 110][route: {}->http://localhost:39717][total kept alive: 0; route allocated: 1 of 2000; total allocated: 1 of 2000]
145309 [Forwarding clickElement on session 26e90cf751a94491357d237ee8548956 to remote] DEBUG org.apache.http.impl.conn.PoolingHttpClientConnectionManager  - Connection leased: [id: 110][route: {}->http://localhost:39717][total kept alive: 0; route allocated: 1 of 2000; total allocated: 1 of 2000]
145309 [Forwarding clickElement on session 26e90cf751a94491357d237ee8548956 to remote] DEBUG org.apache.http.impl.conn.PoolingHttpClientConnectionManager  - Connection leased: [id: 110][route: {}->http://localhost:39717][total kept alive: 0; route allocated: 1 of 2000; total allocated: 1 of 2000]
145309 [Forwarding clickElement on session 26e90cf751a94491357d237ee8548956 to remote] DEBUG org.apache.http.impl.execchain.MainClientExec  - Opening connection {}->http://localhost:39717
145309 [Forwarding clickElement on session 26e90cf751a94491357d237ee8548956 to remote] DEBUG org.apache.http.impl.execchain.MainClientExec  - Opening connection {}->http://localhost:39717
145309 [Forwarding clickElement on session 26e90cf751a94491357d237ee8548956 to remote] DEBUG org.apache.http.impl.execchain.MainClientExec  - Opening connection {}->http://localhost:39717
145309 [Forwarding clickElement on session 26e90cf751a94491357d237ee8548956 to remote] DEBUG org.apache.http.impl.execchain.MainClientExec  - Opening connection {}->http://localhost:39717
145310 [Forwarding clickElement on session 26e90cf751a94491357d237ee8548956 to remote] DEBUG org.apache.http.impl.conn.DefaultHttpClientConnectionOperator  - Connecting to localhost/127.0.0.1:39717
145310 [Forwarding clickElement on session 26e90cf751a94491357d237ee8548956 to remote] DEBUG org.apache.http.impl.conn.DefaultHttpClientConnectionOperator  - Connecting to localhost/127.0.0.1:39717
145310 [Forwarding clickElement on session 26e90cf751a94491357d237ee8548956 to remote] DEBUG org.apache.http.impl.conn.DefaultHttpClientConnectionOperator  - Connecting to localhost/127.0.0.1:39717
145310 [Forwarding clickElement on session 26e90cf751a94491357d237ee8548956 to remote] DEBUG org.apache.http.impl.conn.DefaultHttpClientConnectionOperator  - Connecting to localhost/127.0.0.1:39717
145311 [Forwarding clickElement on session 26e90cf751a94491357d237ee8548956 to remote] DEBUG org.apache.http.impl.conn.DefaultHttpClientConnectionOperator  - Connection established 127.0.0.1:53082<->127.0.0.1:39717
145311 [Forwarding clickElement on session 26e90cf751a94491357d237ee8548956 to remote] DEBUG org.apache.http.impl.conn.DefaultHttpClientConnectionOperator  - Connection established 127.0.0.1:53082<->127.0.0.1:39717
145311 [Forwarding clickElement on session 26e90cf751a94491357d237ee8548956 to remote] DEBUG org.apache.http.impl.conn.DefaultHttpClientConnectionOperator  - Connection established 127.0.0.1:53082<->127.0.0.1:39717
145311 [Forwarding clickElement on session 26e90cf751a94491357d237ee8548956 to remote] DEBUG org.apache.http.impl.conn.DefaultHttpClientConnectionOperator  - Connection established 127.0.0.1:53082<->127.0.0.1:39717
145311 [Forwarding clickElement on session 26e90cf751a94491357d237ee8548956 to remote] DEBUG org.apache.http.impl.conn.DefaultManagedHttpClientConnection  - http-outgoing-110: set socket timeout to 10800000
145311 [Forwarding clickElement on session 26e90cf751a94491357d237ee8548956 to remote] DEBUG org.apache.http.impl.conn.DefaultManagedHttpClientConnection  - http-outgoing-110: set socket timeout to 10800000
145311 [Forwarding clickElement on session 26e90cf751a94491357d237ee8548956 to remote] DEBUG org.apache.http.impl.conn.DefaultManagedHttpClientConnection  - http-outgoing-110: set socket timeout to 10800000
145311 [Forwarding clickElement on session 26e90cf751a94491357d237ee8548956 to remote] DEBUG org.apache.http.impl.conn.DefaultManagedHttpClientConnection  - http-outgoing-110: set socket timeout to 10800000
145311 [Forwarding clickElement on session 26e90cf751a94491357d237ee8548956 to remote] DEBUG org.apache.http.impl.execchain.MainClientExec  - Executing request POST /session/26e90cf751a94491357d237ee8548956/element/0.19960100794169566-1/click HTTP/1.1
145311 [Forwarding clickElement on session 26e90cf751a94491357d237ee8548956 to remote] DEBUG org.apache.http.impl.execchain.MainClientExec  - Executing request POST /session/26e90cf751a94491357d237ee8548956/element/0.19960100794169566-1/click HTTP/1.1
145311 [Forwarding clickElement on session 26e90cf751a94491357d237ee8548956 to remote] DEBUG org.apache.http.impl.execchain.MainClientExec  - Executing request POST /session/26e90cf751a94491357d237ee8548956/element/0.19960100794169566-1/click HTTP/1.1
145311 [Forwarding clickElement on session 26e90cf751a94491357d237ee8548956 to remote] DEBUG org.apache.http.impl.execchain.MainClientExec  - Executing request POST /session/26e90cf751a94491357d237ee8548956/element/0.19960100794169566-1/click HTTP/1.1
145311 [Forwarding clickElement on session 26e90cf751a94491357d237ee8548956 to remote] DEBUG org.apache.http.impl.execchain.MainClientExec  - Target auth state: UNCHALLENGED
145311 [Forwarding clickElement on session 26e90cf751a94491357d237ee8548956 to remote] DEBUG org.apache.http.impl.execchain.MainClientExec  - Target auth state: UNCHALLENGED
145311 [Forwarding clickElement on session 26e90cf751a94491357d237ee8548956 to remote] DEBUG org.apache.http.impl.execchain.MainClientExec  - Target auth state: UNCHALLENGED
145311 [Forwarding clickElement on session 26e90cf751a94491357d237ee8548956 to remote] DEBUG org.apache.http.impl.execchain.MainClientExec  - Target auth state: UNCHALLENGED
145311 [Forwarding clickElement on session 26e90cf751a94491357d237ee8548956 to remote] DEBUG org.apache.http.impl.execchain.MainClientExec  - Proxy auth state: UNCHALLENGED
145311 [Forwarding clickElement on session 26e90cf751a94491357d237ee8548956 to remote] DEBUG org.apache.http.impl.execchain.MainClientExec  - Proxy auth state: UNCHALLENGED
145311 [Forwarding clickElement on session 26e90cf751a94491357d237ee8548956 to remote] DEBUG org.apache.http.impl.execchain.MainClientExec  - Proxy auth state: UNCHALLENGED
145311 [Forwarding clickElement on session 26e90cf751a94491357d237ee8548956 to remote] DEBUG org.apache.http.impl.execchain.MainClientExec  - Proxy auth state: UNCHALLENGED
145311 [Forwarding clickElement on session 26e90cf751a94491357d237ee8548956 to remote] DEBUG org.apache.http.headers  - http-outgoing-110 >> POST /session/26e90cf751a94491357d237ee8548956/element/0.19960100794169566-1/click HTTP/1.1
145311 [Forwarding clickElement on session 26e90cf751a94491357d237ee8548956 to remote] DEBUG org.apache.http.headers  - http-outgoing-110 >> POST /session/26e90cf751a94491357d237ee8548956/element/0.19960100794169566-1/click HTTP/1.1
145311 [Forwarding clickElement on session 26e90cf751a94491357d237ee8548956 to remote] DEBUG org.apache.http.headers  - http-outgoing-110 >> POST /session/26e90cf751a94491357d237ee8548956/element/0.19960100794169566-1/click HTTP/1.1
145311 [Forwarding clickElement on session 26e90cf751a94491357d237ee8548956 to remote] DEBUG org.apache.http.headers  - http-outgoing-110 >> POST /session/26e90cf751a94491357d237ee8548956/element/0.19960100794169566-1/click HTTP/1.1
145311 [Forwarding clickElement on session 26e90cf751a94491357d237ee8548956 to remote] DEBUG org.apache.http.headers  - http-outgoing-110 >> Content-Type: application/json; charset=utf-8
145311 [Forwarding clickElement on session 26e90cf751a94491357d237ee8548956 to remote] DEBUG org.apache.http.headers  - http-outgoing-110 >> Content-Type: application/json; charset=utf-8
145311 [Forwarding clickElement on session 26e90cf751a94491357d237ee8548956 to remote] DEBUG org.apache.http.headers  - http-outgoing-110 >> Content-Type: application/json; charset=utf-8
145311 [Forwarding clickElement on session 26e90cf751a94491357d237ee8548956 to remote] DEBUG org.apache.http.headers  - http-outgoing-110 >> Content-Type: application/json; charset=utf-8
145311 [Forwarding clickElement on session 26e90cf751a94491357d237ee8548956 to remote] DEBUG org.apache.http.headers  - http-outgoing-110 >> Content-Length: 30
145311 [Forwarding clickElement on session 26e90cf751a94491357d237ee8548956 to remote] DEBUG org.apache.http.headers  - http-outgoing-110 >> Content-Length: 30
145311 [Forwarding clickElement on session 26e90cf751a94491357d237ee8548956 to remote] DEBUG org.apache.http.headers  - http-outgoing-110 >> Content-Length: 30
145311 [Forwarding clickElement on session 26e90cf751a94491357d237ee8548956 to remote] DEBUG org.apache.http.headers  - http-outgoing-110 >> Content-Length: 30
145311 [Forwarding clickElement on session 26e90cf751a94491357d237ee8548956 to remote] DEBUG org.apache.http.headers  - http-outgoing-110 >> Host: localhost:39717
145311 [Forwarding clickElement on session 26e90cf751a94491357d237ee8548956 to remote] DEBUG org.apache.http.headers  - http-outgoing-110 >> Host: localhost:39717
145311 [Forwarding clickElement on session 26e90cf751a94491357d237ee8548956 to remote] DEBUG org.apache.http.headers  - http-outgoing-110 >> Host: localhost:39717
145311 [Forwarding clickElement on session 26e90cf751a94491357d237ee8548956 to remote] DEBUG org.apache.http.headers  - http-outgoing-110 >> Host: localhost:39717
145311 [Forwarding clickElement on session 26e90cf751a94491357d237ee8548956 to remote] DEBUG org.apache.http.headers  - http-outgoing-110 >> Connection: Keep-Alive
145311 [Forwarding clickElement on session 26e90cf751a94491357d237ee8548956 to remote] DEBUG org.apache.http.headers  - http-outgoing-110 >> Connection: Keep-Alive
145311 [Forwarding clickElement on session 26e90cf751a94491357d237ee8548956 to remote] DEBUG org.apache.http.headers  - http-outgoing-110 >> Connection: Keep-Alive
145311 [Forwarding clickElement on session 26e90cf751a94491357d237ee8548956 to remote] DEBUG org.apache.http.headers  - http-outgoing-110 >> Connection: Keep-Alive
145312 [Forwarding clickElement on session 26e90cf751a94491357d237ee8548956 to remote] DEBUG org.apache.http.headers  - http-outgoing-110 >> User-Agent: Apache-HttpClient/4.5.2 (Java/1.8.0_91)
145312 [Forwarding clickElement on session 26e90cf751a94491357d237ee8548956 to remote] DEBUG org.apache.http.headers  - http-outgoing-110 >> User-Agent: Apache-HttpClient/4.5.2 (Java/1.8.0_91)
145312 [Forwarding clickElement on session 26e90cf751a94491357d237ee8548956 to remote] DEBUG org.apache.http.headers  - http-outgoing-110 >> User-Agent: Apache-HttpClient/4.5.2 (Java/1.8.0_91)
145312 [Forwarding clickElement on session 26e90cf751a94491357d237ee8548956 to remote] DEBUG org.apache.http.headers  - http-outgoing-110 >> User-Agent: Apache-HttpClient/4.5.2 (Java/1.8.0_91)
145312 [Forwarding clickElement on session 26e90cf751a94491357d237ee8548956 to remote] DEBUG org.apache.http.headers  - http-outgoing-110 >> Accept-Encoding: gzip,deflate
145312 [Forwarding clickElement on session 26e90cf751a94491357d237ee8548956 to remote] DEBUG org.apache.http.headers  - http-outgoing-110 >> Accept-Encoding: gzip,deflate
145312 [Forwarding clickElement on session 26e90cf751a94491357d237ee8548956 to remote] DEBUG org.apache.http.headers  - http-outgoing-110 >> Accept-Encoding: gzip,deflate
145312 [Forwarding clickElement on session 26e90cf751a94491357d237ee8548956 to remote] DEBUG org.apache.http.headers  - http-outgoing-110 >> Accept-Encoding: gzip,deflate
145312 [Forwarding clickElement on session 26e90cf751a94491357d237ee8548956 to remote] DEBUG org.apache.http.wire  - http-outgoing-110 >> "POST /session/26e90cf751a94491357d237ee8548956/element/0.19960100794169566-1/click HTTP/1.1[\r][\n]"
145312 [Forwarding clickElement on session 26e90cf751a94491357d237ee8548956 to remote] DEBUG org.apache.http.wire  - http-outgoing-110 >> "POST /session/26e90cf751a94491357d237ee8548956/element/0.19960100794169566-1/click HTTP/1.1[\r][\n]"
145312 [Forwarding clickElement on session 26e90cf751a94491357d237ee8548956 to remote] DEBUG org.apache.http.wire  - http-outgoing-110 >> "POST /session/26e90cf751a94491357d237ee8548956/element/0.19960100794169566-1/click HTTP/1.1[\r][\n]"
145312 [Forwarding clickElement on session 26e90cf751a94491357d237ee8548956 to remote] DEBUG org.apache.http.wire  - http-outgoing-110 >> "POST /session/26e90cf751a94491357d237ee8548956/element/0.19960100794169566-1/click HTTP/1.1[\r][\n]"
145312 [Forwarding clickElement on session 26e90cf751a94491357d237ee8548956 to remote] DEBUG org.apache.http.wire  - http-outgoing-110 >> "Content-Type: application/json; charset=utf-8[\r][\n]"
145312 [Forwarding clickElement on session 26e90cf751a94491357d237ee8548956 to remote] DEBUG org.apache.http.wire  - http-outgoing-110 >> "Content-Type: application/json; charset=utf-8[\r][\n]"
145312 [Forwarding clickElement on session 26e90cf751a94491357d237ee8548956 to remote] DEBUG org.apache.http.wire  - http-outgoing-110 >> "Content-Type: application/json; charset=utf-8[\r][\n]"
145312 [Forwarding clickElement on session 26e90cf751a94491357d237ee8548956 to remote] DEBUG org.apache.http.wire  - http-outgoing-110 >> "Content-Type: application/json; charset=utf-8[\r][\n]"
145312 [Forwarding clickElement on session 26e90cf751a94491357d237ee8548956 to remote] DEBUG org.apache.http.wire  - http-outgoing-110 >> "Content-Length: 30[\r][\n]"
145312 [Forwarding clickElement on session 26e90cf751a94491357d237ee8548956 to remote] DEBUG org.apache.http.wire  - http-outgoing-110 >> "Content-Length: 30[\r][\n]"
145312 [Forwarding clickElement on session 26e90cf751a94491357d237ee8548956 to remote] DEBUG org.apache.http.wire  - http-outgoing-110 >> "Content-Length: 30[\r][\n]"
145312 [Forwarding clickElement on session 26e90cf751a94491357d237ee8548956 to remote] DEBUG org.apache.http.wire  - http-outgoing-110 >> "Content-Length: 30[\r][\n]"
145312 [Forwarding clickElement on session 26e90cf751a94491357d237ee8548956 to remote] DEBUG org.apache.http.wire  - http-outgoing-110 >> "Host: localhost:39717[\r][\n]"
145312 [Forwarding clickElement on session 26e90cf751a94491357d237ee8548956 to remote] DEBUG org.apache.http.wire  - http-outgoing-110 >> "Host: localhost:39717[\r][\n]"
145312 [Forwarding clickElement on session 26e90cf751a94491357d237ee8548956 to remote] DEBUG org.apache.http.wire  - http-outgoing-110 >> "Host: localhost:39717[\r][\n]"
145312 [Forwarding clickElement on session 26e90cf751a94491357d237ee8548956 to remote] DEBUG org.apache.http.wire  - http-outgoing-110 >> "Host: localhost:39717[\r][\n]"
145312 [Forwarding clickElement on session 26e90cf751a94491357d237ee8548956 to remote] DEBUG org.apache.http.wire  - http-outgoing-110 >> "Connection: Keep-Alive[\r][\n]"
145312 [Forwarding clickElement on session 26e90cf751a94491357d237ee8548956 to remote] DEBUG org.apache.http.wire  - http-outgoing-110 >> "Connection: Keep-Alive[\r][\n]"
145312 [Forwarding clickElement on session 26e90cf751a94491357d237ee8548956 to remote] DEBUG org.apache.http.wire  - http-outgoing-110 >> "Connection: Keep-Alive[\r][\n]"
145312 [Forwarding clickElement on session 26e90cf751a94491357d237ee8548956 to remote] DEBUG org.apache.http.wire  - http-outgoing-110 >> "Connection: Keep-Alive[\r][\n]"
145312 [Forwarding clickElement on session 26e90cf751a94491357d237ee8548956 to remote] DEBUG org.apache.http.wire  - http-outgoing-110 >> "User-Agent: Apache-HttpClient/4.5.2 (Java/1.8.0_91)[\r][\n]"
145312 [Forwarding clickElement on session 26e90cf751a94491357d237ee8548956 to remote] DEBUG org.apache.http.wire  - http-outgoing-110 >> "User-Agent: Apache-HttpClient/4.5.2 (Java/1.8.0_91)[\r][\n]"
145312 [Forwarding clickElement on session 26e90cf751a94491357d237ee8548956 to remote] DEBUG org.apache.http.wire  - http-outgoing-110 >> "User-Agent: Apache-HttpClient/4.5.2 (Java/1.8.0_91)[\r][\n]"
145312 [Forwarding clickElement on session 26e90cf751a94491357d237ee8548956 to remote] DEBUG org.apache.http.wire  - http-outgoing-110 >> "User-Agent: Apache-HttpClient/4.5.2 (Java/1.8.0_91)[\r][\n]"
145312 [Forwarding clickElement on session 26e90cf751a94491357d237ee8548956 to remote] DEBUG org.apache.http.wire  - http-outgoing-110 >> "Accept-Encoding: gzip,deflate[\r][\n]"
145312 [Forwarding clickElement on session 26e90cf751a94491357d237ee8548956 to remote] DEBUG org.apache.http.wire  - http-outgoing-110 >> "Accept-Encoding: gzip,deflate[\r][\n]"
145312 [Forwarding clickElement on session 26e90cf751a94491357d237ee8548956 to remote] DEBUG org.apache.http.wire  - http-outgoing-110 >> "Accept-Encoding: gzip,deflate[\r][\n]"
145312 [Forwarding clickElement on session 26e90cf751a94491357d237ee8548956 to remote] DEBUG org.apache.http.wire  - http-outgoing-110 >> "Accept-Encoding: gzip,deflate[\r][\n]"
145312 [Forwarding clickElement on session 26e90cf751a94491357d237ee8548956 to remote] DEBUG org.apache.http.wire  - http-outgoing-110 >> "[\r][\n]"
145312 [Forwarding clickElement on session 26e90cf751a94491357d237ee8548956 to remote] DEBUG org.apache.http.wire  - http-outgoing-110 >> "[\r][\n]"
145312 [Forwarding clickElement on session 26e90cf751a94491357d237ee8548956 to remote] DEBUG org.apache.http.wire  - http-outgoing-110 >> "[\r][\n]"
145312 [Forwarding clickElement on session 26e90cf751a94491357d237ee8548956 to remote] DEBUG org.apache.http.wire  - http-outgoing-110 >> "[\r][\n]"
145312 [Forwarding clickElement on session 26e90cf751a94491357d237ee8548956 to remote] DEBUG org.apache.http.wire  - http-outgoing-110 >> "{"id":"0.19960100794169566-1"}"
145312 [Forwarding clickElement on session 26e90cf751a94491357d237ee8548956 to remote] DEBUG org.apache.http.wire  - http-outgoing-110 >> "{"id":"0.19960100794169566-1"}"
145312 [Forwarding clickElement on session 26e90cf751a94491357d237ee8548956 to remote] DEBUG org.apache.http.wire  - http-outgoing-110 >> "{"id":"0.19960100794169566-1"}"
145312 [Forwarding clickElement on session 26e90cf751a94491357d237ee8548956 to remote] DEBUG org.apache.http.wire  - http-outgoing-110 >> "{"id":"0.19960100794169566-1"}"
146258 [Forwarding clickElement on session 26e90cf751a94491357d237ee8548956 to remote] DEBUG org.apache.http.wire  - http-outgoing-110 << "HTTP/1.1 200 OK[\r][\n]"
146258 [Forwarding clickElement on session 26e90cf751a94491357d237ee8548956 to remote] DEBUG org.apache.http.wire  - http-outgoing-110 << "HTTP/1.1 200 OK[\r][\n]"
146258 [Forwarding clickElement on session 26e90cf751a94491357d237ee8548956 to remote] DEBUG org.apache.http.wire  - http-outgoing-110 << "HTTP/1.1 200 OK[\r][\n]"
146258 [Forwarding clickElement on session 26e90cf751a94491357d237ee8548956 to remote] DEBUG org.apache.http.wire  - http-outgoing-110 << "HTTP/1.1 200 OK[\r][\n]"
146258 [Forwarding clickElement on session 26e90cf751a94491357d237ee8548956 to remote] DEBUG org.apache.http.wire  - http-outgoing-110 << "Content-Length:72[\r][\n]"
146258 [Forwarding clickElement on session 26e90cf751a94491357d237ee8548956 to remote] DEBUG org.apache.http.wire  - http-outgoing-110 << "Content-Length:72[\r][\n]"
146258 [Forwarding clickElement on session 26e90cf751a94491357d237ee8548956 to remote] DEBUG org.apache.http.wire  - http-outgoing-110 << "Content-Length:72[\r][\n]"
146258 [Forwarding clickElement on session 26e90cf751a94491357d237ee8548956 to remote] DEBUG org.apache.http.wire  - http-outgoing-110 << "Content-Length:72[\r][\n]"
146258 [Forwarding clickElement on session 26e90cf751a94491357d237ee8548956 to remote] DEBUG org.apache.http.wire  - http-outgoing-110 << "Content-Type:application/json; charset=utf-8[\r][\n]"
146258 [Forwarding clickElement on session 26e90cf751a94491357d237ee8548956 to remote] DEBUG org.apache.http.wire  - http-outgoing-110 << "Content-Type:application/json; charset=utf-8[\r][\n]"
146258 [Forwarding clickElement on session 26e90cf751a94491357d237ee8548956 to remote] DEBUG org.apache.http.wire  - http-outgoing-110 << "Content-Type:application/json; charset=utf-8[\r][\n]"
146258 [Forwarding clickElement on session 26e90cf751a94491357d237ee8548956 to remote] DEBUG org.apache.http.wire  - http-outgoing-110 << "Content-Type:application/json; charset=utf-8[\r][\n]"
146258 [Forwarding clickElement on session 26e90cf751a94491357d237ee8548956 to remote] DEBUG org.apache.http.wire  - http-outgoing-110 << "Connection:close[\r][\n]"
146258 [Forwarding clickElement on session 26e90cf751a94491357d237ee8548956 to remote] DEBUG org.apache.http.wire  - http-outgoing-110 << "Connection:close[\r][\n]"
146258 [Forwarding clickElement on session 26e90cf751a94491357d237ee8548956 to remote] DEBUG org.apache.http.wire  - http-outgoing-110 << "Connection:close[\r][\n]"
146258 [Forwarding clickElement on session 26e90cf751a94491357d237ee8548956 to remote] DEBUG org.apache.http.wire  - http-outgoing-110 << "Connection:close[\r][\n]"
146258 [Forwarding clickElement on session 26e90cf751a94491357d237ee8548956 to remote] DEBUG org.apache.http.wire  - http-outgoing-110 << "[\r][\n]"
146258 [Forwarding clickElement on session 26e90cf751a94491357d237ee8548956 to remote] DEBUG org.apache.http.wire  - http-outgoing-110 << "[\r][\n]"
146258 [Forwarding clickElement on session 26e90cf751a94491357d237ee8548956 to remote] DEBUG org.apache.http.wire  - http-outgoing-110 << "[\r][\n]"
146258 [Forwarding clickElement on session 26e90cf751a94491357d237ee8548956 to remote] DEBUG org.apache.http.wire  - http-outgoing-110 << "[\r][\n]"
146258 [Forwarding clickElement on session 26e90cf751a94491357d237ee8548956 to remote] DEBUG org.apache.http.wire  - http-outgoing-110 << "{"sessionId":"26e90cf751a94491357d237ee8548956","status":0,"value":null}"
146258 [Forwarding clickElement on session 26e90cf751a94491357d237ee8548956 to remote] DEBUG org.apache.http.wire  - http-outgoing-110 << "{"sessionId":"26e90cf751a94491357d237ee8548956","status":0,"value":null}"
146258 [Forwarding clickElement on session 26e90cf751a94491357d237ee8548956 to remote] DEBUG org.apache.http.wire  - http-outgoing-110 << "{"sessionId":"26e90cf751a94491357d237ee8548956","status":0,"value":null}"
146258 [Forwarding clickElement on session 26e90cf751a94491357d237ee8548956 to remote] DEBUG org.apache.http.wire  - http-outgoing-110 << "{"sessionId":"26e90cf751a94491357d237ee8548956","status":0,"value":null}"
146258 [Forwarding clickElement on session 26e90cf751a94491357d237ee8548956 to remote] DEBUG org.apache.http.headers  - http-outgoing-110 << HTTP/1.1 200 OK
146258 [Forwarding clickElement on session 26e90cf751a94491357d237ee8548956 to remote] DEBUG org.apache.http.headers  - http-outgoing-110 << HTTP/1.1 200 OK
146258 [Forwarding clickElement on session 26e90cf751a94491357d237ee8548956 to remote] DEBUG org.apache.http.headers  - http-outgoing-110 << HTTP/1.1 200 OK
146258 [Forwarding clickElement on session 26e90cf751a94491357d237ee8548956 to remote] DEBUG org.apache.http.headers  - http-outgoing-110 << HTTP/1.1 200 OK
146258 [Forwarding clickElement on session 26e90cf751a94491357d237ee8548956 to remote] DEBUG org.apache.http.headers  - http-outgoing-110 << Content-Length:72
146258 [Forwarding clickElement on session 26e90cf751a94491357d237ee8548956 to remote] DEBUG org.apache.http.headers  - http-outgoing-110 << Content-Length:72
146258 [Forwarding clickElement on session 26e90cf751a94491357d237ee8548956 to remote] DEBUG org.apache.http.headers  - http-outgoing-110 << Content-Length:72
146258 [Forwarding clickElement on session 26e90cf751a94491357d237ee8548956 to remote] DEBUG org.apache.http.headers  - http-outgoing-110 << Content-Length:72
146258 [Forwarding clickElement on session 26e90cf751a94491357d237ee8548956 to remote] DEBUG org.apache.http.headers  - http-outgoing-110 << Content-Type:application/json; charset=utf-8
146258 [Forwarding clickElement on session 26e90cf751a94491357d237ee8548956 to remote] DEBUG org.apache.http.headers  - http-outgoing-110 << Content-Type:application/json; charset=utf-8
146258 [Forwarding clickElement on session 26e90cf751a94491357d237ee8548956 to remote] DEBUG org.apache.http.headers  - http-outgoing-110 << Content-Type:application/json; charset=utf-8
146258 [Forwarding clickElement on session 26e90cf751a94491357d237ee8548956 to remote] DEBUG org.apache.http.headers  - http-outgoing-110 << Content-Type:application/json; charset=utf-8
146258 [Forwarding clickElement on session 26e90cf751a94491357d237ee8548956 to remote] DEBUG org.apache.http.headers  - http-outgoing-110 << Connection:close
146258 [Forwarding clickElement on session 26e90cf751a94491357d237ee8548956 to remote] DEBUG org.apache.http.headers  - http-outgoing-110 << Connection:close
146258 [Forwarding clickElement on session 26e90cf751a94491357d237ee8548956 to remote] DEBUG org.apache.http.headers  - http-outgoing-110 << Connection:close
146258 [Forwarding clickElement on session 26e90cf751a94491357d237ee8548956 to remote] DEBUG org.apache.http.headers  - http-outgoing-110 << Connection:close
146258 [Forwarding clickElement on session 26e90cf751a94491357d237ee8548956 to remote] DEBUG org.apache.http.impl.conn.DefaultManagedHttpClientConnection  - http-outgoing-110: Close connection
146258 [Forwarding clickElement on session 26e90cf751a94491357d237ee8548956 to remote] DEBUG org.apache.http.impl.conn.DefaultManagedHttpClientConnection  - http-outgoing-110: Close connection
146258 [Forwarding clickElement on session 26e90cf751a94491357d237ee8548956 to remote] DEBUG org.apache.http.impl.conn.DefaultManagedHttpClientConnection  - http-outgoing-110: Close connection
146258 [Forwarding clickElement on session 26e90cf751a94491357d237ee8548956 to remote] DEBUG org.apache.http.impl.conn.DefaultManagedHttpClientConnection  - http-outgoing-110: Close connection
146260 [Forwarding clickElement on session 26e90cf751a94491357d237ee8548956 to remote] DEBUG org.apache.http.impl.execchain.MainClientExec  - Connection discarded
146260 [Forwarding clickElement on session 26e90cf751a94491357d237ee8548956 to remote] DEBUG org.apache.http.impl.execchain.MainClientExec  - Connection discarded
146260 [Forwarding clickElement on session 26e90cf751a94491357d237ee8548956 to remote] DEBUG org.apache.http.impl.execchain.MainClientExec  - Connection discarded
146260 [Forwarding clickElement on session 26e90cf751a94491357d237ee8548956 to remote] DEBUG org.apache.http.impl.execchain.MainClientExec  - Connection discarded
146260 [Forwarding clickElement on session 26e90cf751a94491357d237ee8548956 to remote] DEBUG org.apache.http.impl.conn.PoolingHttpClientConnectionManager  - Connection released: [id: 110][route: {}->http://localhost:39717][total kept alive: 0; route allocated: 0 of 2000; total allocated: 0 of 2000]
146260 [Forwarding clickElement on session 26e90cf751a94491357d237ee8548956 to remote] DEBUG org.apache.http.impl.conn.PoolingHttpClientConnectionManager  - Connection released: [id: 110][route: {}->http://localhost:39717][total kept alive: 0; route allocated: 0 of 2000; total allocated: 0 of 2000]
146260 [Forwarding clickElement on session 26e90cf751a94491357d237ee8548956 to remote] DEBUG org.apache.http.impl.conn.PoolingHttpClientConnectionManager  - Connection released: [id: 110][route: {}->http://localhost:39717][total kept alive: 0; route allocated: 0 of 2000; total allocated: 0 of 2000]
146260 [Forwarding clickElement on session 26e90cf751a94491357d237ee8548956 to remote] DEBUG org.apache.http.impl.conn.PoolingHttpClientConnectionManager  - Connection released: [id: 110][route: {}->http://localhost:39717][total kept alive: 0; route allocated: 0 of 2000; total allocated: 0 of 2000]
149261 [Forwarding findElement on session 26e90cf751a94491357d237ee8548956 to remote] DEBUG org.apache.http.client.protocol.RequestAddCookies  - CookieSpec selected: default
149261 [Forwarding findElement on session 26e90cf751a94491357d237ee8548956 to remote] DEBUG org.apache.http.client.protocol.RequestAddCookies  - CookieSpec selected: default
149261 [Forwarding findElement on session 26e90cf751a94491357d237ee8548956 to remote] DEBUG org.apache.http.client.protocol.RequestAddCookies  - CookieSpec selected: default
149261 [Forwarding findElement on session 26e90cf751a94491357d237ee8548956 to remote] DEBUG org.apache.http.client.protocol.RequestAddCookies  - CookieSpec selected: default
149261 [Forwarding findElement on session 26e90cf751a94491357d237ee8548956 to remote] DEBUG org.apache.http.client.protocol.RequestAuthCache  - Auth cache not set in the context
149261 [Forwarding findElement on session 26e90cf751a94491357d237ee8548956 to remote] DEBUG org.apache.http.client.protocol.RequestAuthCache  - Auth cache not set in the context
149261 [Forwarding findElement on session 26e90cf751a94491357d237ee8548956 to remote] DEBUG org.apache.http.client.protocol.RequestAuthCache  - Auth cache not set in the context
149261 [Forwarding findElement on session 26e90cf751a94491357d237ee8548956 to remote] DEBUG org.apache.http.client.protocol.RequestAuthCache  - Auth cache not set in the context
149261 [Forwarding findElement on session 26e90cf751a94491357d237ee8548956 to remote] DEBUG org.apache.http.impl.conn.PoolingHttpClientConnectionManager  - Connection request: [route: {}->http://localhost:39717][total kept alive: 0; route allocated: 0 of 2000; total allocated: 0 of 2000]
149261 [Forwarding findElement on session 26e90cf751a94491357d237ee8548956 to remote] DEBUG org.apache.http.impl.conn.PoolingHttpClientConnectionManager  - Connection request: [route: {}->http://localhost:39717][total kept alive: 0; route allocated: 0 of 2000; total allocated: 0 of 2000]
149261 [Forwarding findElement on session 26e90cf751a94491357d237ee8548956 to remote] DEBUG org.apache.http.impl.conn.PoolingHttpClientConnectionManager  - Connection request: [route: {}->http://localhost:39717][total kept alive: 0; route allocated: 0 of 2000; total allocated: 0 of 2000]
149261 [Forwarding findElement on session 26e90cf751a94491357d237ee8548956 to remote] DEBUG org.apache.http.impl.conn.PoolingHttpClientConnectionManager  - Connection request: [route: {}->http://localhost:39717][total kept alive: 0; route allocated: 0 of 2000; total allocated: 0 of 2000]
149261 [Forwarding findElement on session 26e90cf751a94491357d237ee8548956 to remote] DEBUG org.apache.http.impl.conn.PoolingHttpClientConnectionManager  - Connection leased: [id: 111][route: {}->http://localhost:39717][total kept alive: 0; route allocated: 1 of 2000; total allocated: 1 of 2000]
149261 [Forwarding findElement on session 26e90cf751a94491357d237ee8548956 to remote] DEBUG org.apache.http.impl.conn.PoolingHttpClientConnectionManager  - Connection leased: [id: 111][route: {}->http://localhost:39717][total kept alive: 0; route allocated: 1 of 2000; total allocated: 1 of 2000]
149261 [Forwarding findElement on session 26e90cf751a94491357d237ee8548956 to remote] DEBUG org.apache.http.impl.conn.PoolingHttpClientConnectionManager  - Connection leased: [id: 111][route: {}->http://localhost:39717][total kept alive: 0; route allocated: 1 of 2000; total allocated: 1 of 2000]
149261 [Forwarding findElement on session 26e90cf751a94491357d237ee8548956 to remote] DEBUG org.apache.http.impl.conn.PoolingHttpClientConnectionManager  - Connection leased: [id: 111][route: {}->http://localhost:39717][total kept alive: 0; route allocated: 1 of 2000; total allocated: 1 of 2000]
149261 [Forwarding findElement on session 26e90cf751a94491357d237ee8548956 to remote] DEBUG org.apache.http.impl.execchain.MainClientExec  - Opening connection {}->http://localhost:39717
149261 [Forwarding findElement on session 26e90cf751a94491357d237ee8548956 to remote] DEBUG org.apache.http.impl.execchain.MainClientExec  - Opening connection {}->http://localhost:39717
149261 [Forwarding findElement on session 26e90cf751a94491357d237ee8548956 to remote] DEBUG org.apache.http.impl.execchain.MainClientExec  - Opening connection {}->http://localhost:39717
149261 [Forwarding findElement on session 26e90cf751a94491357d237ee8548956 to remote] DEBUG org.apache.http.impl.execchain.MainClientExec  - Opening connection {}->http://localhost:39717
149261 [Forwarding findElement on session 26e90cf751a94491357d237ee8548956 to remote] DEBUG org.apache.http.impl.conn.DefaultHttpClientConnectionOperator  - Connecting to localhost/127.0.0.1:39717
149261 [Forwarding findElement on session 26e90cf751a94491357d237ee8548956 to remote] DEBUG org.apache.http.impl.conn.DefaultHttpClientConnectionOperator  - Connecting to localhost/127.0.0.1:39717
149261 [Forwarding findElement on session 26e90cf751a94491357d237ee8548956 to remote] DEBUG org.apache.http.impl.conn.DefaultHttpClientConnectionOperator  - Connecting to localhost/127.0.0.1:39717
149261 [Forwarding findElement on session 26e90cf751a94491357d237ee8548956 to remote] DEBUG org.apache.http.impl.conn.DefaultHttpClientConnectionOperator  - Connecting to localhost/127.0.0.1:39717
149261 [Forwarding findElement on session 26e90cf751a94491357d237ee8548956 to remote] DEBUG org.apache.http.impl.conn.DefaultHttpClientConnectionOperator  - Connection established 127.0.0.1:53083<->127.0.0.1:39717
149261 [Forwarding findElement on session 26e90cf751a94491357d237ee8548956 to remote] DEBUG org.apache.http.impl.conn.DefaultHttpClientConnectionOperator  - Connection established 127.0.0.1:53083<->127.0.0.1:39717
149261 [Forwarding findElement on session 26e90cf751a94491357d237ee8548956 to remote] DEBUG org.apache.http.impl.conn.DefaultHttpClientConnectionOperator  - Connection established 127.0.0.1:53083<->127.0.0.1:39717
149261 [Forwarding findElement on session 26e90cf751a94491357d237ee8548956 to remote] DEBUG org.apache.http.impl.conn.DefaultHttpClientConnectionOperator  - Connection established 127.0.0.1:53083<->127.0.0.1:39717
149262 [Forwarding findElement on session 26e90cf751a94491357d237ee8548956 to remote] DEBUG org.apache.http.impl.conn.DefaultManagedHttpClientConnection  - http-outgoing-111: set socket timeout to 10800000
149262 [Forwarding findElement on session 26e90cf751a94491357d237ee8548956 to remote] DEBUG org.apache.http.impl.conn.DefaultManagedHttpClientConnection  - http-outgoing-111: set socket timeout to 10800000
149262 [Forwarding findElement on session 26e90cf751a94491357d237ee8548956 to remote] DEBUG org.apache.http.impl.conn.DefaultManagedHttpClientConnection  - http-outgoing-111: set socket timeout to 10800000
149262 [Forwarding findElement on session 26e90cf751a94491357d237ee8548956 to remote] DEBUG org.apache.http.impl.conn.DefaultManagedHttpClientConnection  - http-outgoing-111: set socket timeout to 10800000
149262 [Forwarding findElement on session 26e90cf751a94491357d237ee8548956 to remote] DEBUG org.apache.http.impl.execchain.MainClientExec  - Executing request POST /session/26e90cf751a94491357d237ee8548956/element HTTP/1.1
149262 [Forwarding findElement on session 26e90cf751a94491357d237ee8548956 to remote] DEBUG org.apache.http.impl.execchain.MainClientExec  - Executing request POST /session/26e90cf751a94491357d237ee8548956/element HTTP/1.1
149262 [Forwarding findElement on session 26e90cf751a94491357d237ee8548956 to remote] DEBUG org.apache.http.impl.execchain.MainClientExec  - Executing request POST /session/26e90cf751a94491357d237ee8548956/element HTTP/1.1
149262 [Forwarding findElement on session 26e90cf751a94491357d237ee8548956 to remote] DEBUG org.apache.http.impl.execchain.MainClientExec  - Executing request POST /session/26e90cf751a94491357d237ee8548956/element HTTP/1.1
149262 [Forwarding findElement on session 26e90cf751a94491357d237ee8548956 to remote] DEBUG org.apache.http.impl.execchain.MainClientExec  - Target auth state: UNCHALLENGED
149262 [Forwarding findElement on session 26e90cf751a94491357d237ee8548956 to remote] DEBUG org.apache.http.impl.execchain.MainClientExec  - Target auth state: UNCHALLENGED
149262 [Forwarding findElement on session 26e90cf751a94491357d237ee8548956 to remote] DEBUG org.apache.http.impl.execchain.MainClientExec  - Target auth state: UNCHALLENGED
149262 [Forwarding findElement on session 26e90cf751a94491357d237ee8548956 to remote] DEBUG org.apache.http.impl.execchain.MainClientExec  - Target auth state: UNCHALLENGED
149262 [Forwarding findElement on session 26e90cf751a94491357d237ee8548956 to remote] DEBUG org.apache.http.impl.execchain.MainClientExec  - Proxy auth state: UNCHALLENGED
149262 [Forwarding findElement on session 26e90cf751a94491357d237ee8548956 to remote] DEBUG org.apache.http.impl.execchain.MainClientExec  - Proxy auth state: UNCHALLENGED
149262 [Forwarding findElement on session 26e90cf751a94491357d237ee8548956 to remote] DEBUG org.apache.http.impl.execchain.MainClientExec  - Proxy auth state: UNCHALLENGED
149262 [Forwarding findElement on session 26e90cf751a94491357d237ee8548956 to remote] DEBUG org.apache.http.impl.execchain.MainClientExec  - Proxy auth state: UNCHALLENGED
149262 [Forwarding findElement on session 26e90cf751a94491357d237ee8548956 to remote] DEBUG org.apache.http.headers  - http-outgoing-111 >> POST /session/26e90cf751a94491357d237ee8548956/element HTTP/1.1
149262 [Forwarding findElement on session 26e90cf751a94491357d237ee8548956 to remote] DEBUG org.apache.http.headers  - http-outgoing-111 >> POST /session/26e90cf751a94491357d237ee8548956/element HTTP/1.1
149262 [Forwarding findElement on session 26e90cf751a94491357d237ee8548956 to remote] DEBUG org.apache.http.headers  - http-outgoing-111 >> POST /session/26e90cf751a94491357d237ee8548956/element HTTP/1.1
149262 [Forwarding findElement on session 26e90cf751a94491357d237ee8548956 to remote] DEBUG org.apache.http.headers  - http-outgoing-111 >> POST /session/26e90cf751a94491357d237ee8548956/element HTTP/1.1
149262 [Forwarding findElement on session 26e90cf751a94491357d237ee8548956 to remote] DEBUG org.apache.http.headers  - http-outgoing-111 >> Content-Type: application/json; charset=utf-8
149262 [Forwarding findElement on session 26e90cf751a94491357d237ee8548956 to remote] DEBUG org.apache.http.headers  - http-outgoing-111 >> Content-Type: application/json; charset=utf-8
149262 [Forwarding findElement on session 26e90cf751a94491357d237ee8548956 to remote] DEBUG org.apache.http.headers  - http-outgoing-111 >> Content-Type: application/json; charset=utf-8
149262 [Forwarding findElement on session 26e90cf751a94491357d237ee8548956 to remote] DEBUG org.apache.http.headers  - http-outgoing-111 >> Content-Type: application/json; charset=utf-8
149262 [Forwarding findElement on session 26e90cf751a94491357d237ee8548956 to remote] DEBUG org.apache.http.headers  - http-outgoing-111 >> Content-Length: 49
149262 [Forwarding findElement on session 26e90cf751a94491357d237ee8548956 to remote] DEBUG org.apache.http.headers  - http-outgoing-111 >> Content-Length: 49
149262 [Forwarding findElement on session 26e90cf751a94491357d237ee8548956 to remote] DEBUG org.apache.http.headers  - http-outgoing-111 >> Content-Length: 49
149262 [Forwarding findElement on session 26e90cf751a94491357d237ee8548956 to remote] DEBUG org.apache.http.headers  - http-outgoing-111 >> Content-Length: 49
149262 [Forwarding findElement on session 26e90cf751a94491357d237ee8548956 to remote] DEBUG org.apache.http.headers  - http-outgoing-111 >> Host: localhost:39717
149262 [Forwarding findElement on session 26e90cf751a94491357d237ee8548956 to remote] DEBUG org.apache.http.headers  - http-outgoing-111 >> Host: localhost:39717
149262 [Forwarding findElement on session 26e90cf751a94491357d237ee8548956 to remote] DEBUG org.apache.http.headers  - http-outgoing-111 >> Host: localhost:39717
149262 [Forwarding findElement on session 26e90cf751a94491357d237ee8548956 to remote] DEBUG org.apache.http.headers  - http-outgoing-111 >> Host: localhost:39717
149262 [Forwarding findElement on session 26e90cf751a94491357d237ee8548956 to remote] DEBUG org.apache.http.headers  - http-outgoing-111 >> Connection: Keep-Alive
149262 [Forwarding findElement on session 26e90cf751a94491357d237ee8548956 to remote] DEBUG org.apache.http.headers  - http-outgoing-111 >> Connection: Keep-Alive
149262 [Forwarding findElement on session 26e90cf751a94491357d237ee8548956 to remote] DEBUG org.apache.http.headers  - http-outgoing-111 >> Connection: Keep-Alive
149262 [Forwarding findElement on session 26e90cf751a94491357d237ee8548956 to remote] DEBUG org.apache.http.headers  - http-outgoing-111 >> Connection: Keep-Alive
149262 [Forwarding findElement on session 26e90cf751a94491357d237ee8548956 to remote] DEBUG org.apache.http.headers  - http-outgoing-111 >> User-Agent: Apache-HttpClient/4.5.2 (Java/1.8.0_91)
149262 [Forwarding findElement on session 26e90cf751a94491357d237ee8548956 to remote] DEBUG org.apache.http.headers  - http-outgoing-111 >> User-Agent: Apache-HttpClient/4.5.2 (Java/1.8.0_91)
149262 [Forwarding findElement on session 26e90cf751a94491357d237ee8548956 to remote] DEBUG org.apache.http.headers  - http-outgoing-111 >> User-Agent: Apache-HttpClient/4.5.2 (Java/1.8.0_91)
149262 [Forwarding findElement on session 26e90cf751a94491357d237ee8548956 to remote] DEBUG org.apache.http.headers  - http-outgoing-111 >> User-Agent: Apache-HttpClient/4.5.2 (Java/1.8.0_91)
149262 [Forwarding findElement on session 26e90cf751a94491357d237ee8548956 to remote] DEBUG org.apache.http.headers  - http-outgoing-111 >> Accept-Encoding: gzip,deflate
149262 [Forwarding findElement on session 26e90cf751a94491357d237ee8548956 to remote] DEBUG org.apache.http.headers  - http-outgoing-111 >> Accept-Encoding: gzip,deflate
149262 [Forwarding findElement on session 26e90cf751a94491357d237ee8548956 to remote] DEBUG org.apache.http.headers  - http-outgoing-111 >> Accept-Encoding: gzip,deflate
149262 [Forwarding findElement on session 26e90cf751a94491357d237ee8548956 to remote] DEBUG org.apache.http.headers  - http-outgoing-111 >> Accept-Encoding: gzip,deflate
149262 [Forwarding findElement on session 26e90cf751a94491357d237ee8548956 to remote] DEBUG org.apache.http.wire  - http-outgoing-111 >> "POST /session/26e90cf751a94491357d237ee8548956/element HTTP/1.1[\r][\n]"
149262 [Forwarding findElement on session 26e90cf751a94491357d237ee8548956 to remote] DEBUG org.apache.http.wire  - http-outgoing-111 >> "POST /session/26e90cf751a94491357d237ee8548956/element HTTP/1.1[\r][\n]"
149262 [Forwarding findElement on session 26e90cf751a94491357d237ee8548956 to remote] DEBUG org.apache.http.wire  - http-outgoing-111 >> "POST /session/26e90cf751a94491357d237ee8548956/element HTTP/1.1[\r][\n]"
149262 [Forwarding findElement on session 26e90cf751a94491357d237ee8548956 to remote] DEBUG org.apache.http.wire  - http-outgoing-111 >> "POST /session/26e90cf751a94491357d237ee8548956/element HTTP/1.1[\r][\n]"
149262 [Forwarding findElement on session 26e90cf751a94491357d237ee8548956 to remote] DEBUG org.apache.http.wire  - http-outgoing-111 >> "Content-Type: application/json; charset=utf-8[\r][\n]"
149262 [Forwarding findElement on session 26e90cf751a94491357d237ee8548956 to remote] DEBUG org.apache.http.wire  - http-outgoing-111 >> "Content-Type: application/json; charset=utf-8[\r][\n]"
149262 [Forwarding findElement on session 26e90cf751a94491357d237ee8548956 to remote] DEBUG org.apache.http.wire  - http-outgoing-111 >> "Content-Type: application/json; charset=utf-8[\r][\n]"
149262 [Forwarding findElement on session 26e90cf751a94491357d237ee8548956 to remote] DEBUG org.apache.http.wire  - http-outgoing-111 >> "Content-Type: application/json; charset=utf-8[\r][\n]"
149262 [Forwarding findElement on session 26e90cf751a94491357d237ee8548956 to remote] DEBUG org.apache.http.wire  - http-outgoing-111 >> "Content-Length: 49[\r][\n]"
149262 [Forwarding findElement on session 26e90cf751a94491357d237ee8548956 to remote] DEBUG org.apache.http.wire  - http-outgoing-111 >> "Content-Length: 49[\r][\n]"
149262 [Forwarding findElement on session 26e90cf751a94491357d237ee8548956 to remote] DEBUG org.apache.http.wire  - http-outgoing-111 >> "Content-Length: 49[\r][\n]"
149262 [Forwarding findElement on session 26e90cf751a94491357d237ee8548956 to remote] DEBUG org.apache.http.wire  - http-outgoing-111 >> "Content-Length: 49[\r][\n]"
149262 [Forwarding findElement on session 26e90cf751a94491357d237ee8548956 to remote] DEBUG org.apache.http.wire  - http-outgoing-111 >> "Host: localhost:39717[\r][\n]"
149262 [Forwarding findElement on session 26e90cf751a94491357d237ee8548956 to remote] DEBUG org.apache.http.wire  - http-outgoing-111 >> "Host: localhost:39717[\r][\n]"
149262 [Forwarding findElement on session 26e90cf751a94491357d237ee8548956 to remote] DEBUG org.apache.http.wire  - http-outgoing-111 >> "Host: localhost:39717[\r][\n]"
149262 [Forwarding findElement on session 26e90cf751a94491357d237ee8548956 to remote] DEBUG org.apache.http.wire  - http-outgoing-111 >> "Host: localhost:39717[\r][\n]"
149262 [Forwarding findElement on session 26e90cf751a94491357d237ee8548956 to remote] DEBUG org.apache.http.wire  - http-outgoing-111 >> "Connection: Keep-Alive[\r][\n]"
149262 [Forwarding findElement on session 26e90cf751a94491357d237ee8548956 to remote] DEBUG org.apache.http.wire  - http-outgoing-111 >> "Connection: Keep-Alive[\r][\n]"
149262 [Forwarding findElement on session 26e90cf751a94491357d237ee8548956 to remote] DEBUG org.apache.http.wire  - http-outgoing-111 >> "Connection: Keep-Alive[\r][\n]"
149262 [Forwarding findElement on session 26e90cf751a94491357d237ee8548956 to remote] DEBUG org.apache.http.wire  - http-outgoing-111 >> "Connection: Keep-Alive[\r][\n]"
149262 [Forwarding findElement on session 26e90cf751a94491357d237ee8548956 to remote] DEBUG org.apache.http.wire  - http-outgoing-111 >> "User-Agent: Apache-HttpClient/4.5.2 (Java/1.8.0_91)[\r][\n]"
149262 [Forwarding findElement on session 26e90cf751a94491357d237ee8548956 to remote] DEBUG org.apache.http.wire  - http-outgoing-111 >> "User-Agent: Apache-HttpClient/4.5.2 (Java/1.8.0_91)[\r][\n]"
149262 [Forwarding findElement on session 26e90cf751a94491357d237ee8548956 to remote] DEBUG org.apache.http.wire  - http-outgoing-111 >> "User-Agent: Apache-HttpClient/4.5.2 (Java/1.8.0_91)[\r][\n]"
149262 [Forwarding findElement on session 26e90cf751a94491357d237ee8548956 to remote] DEBUG org.apache.http.wire  - http-outgoing-111 >> "User-Agent: Apache-HttpClient/4.5.2 (Java/1.8.0_91)[\r][\n]"
149262 [Forwarding findElement on session 26e90cf751a94491357d237ee8548956 to remote] DEBUG org.apache.http.wire  - http-outgoing-111 >> "Accept-Encoding: gzip,deflate[\r][\n]"
149262 [Forwarding findElement on session 26e90cf751a94491357d237ee8548956 to remote] DEBUG org.apache.http.wire  - http-outgoing-111 >> "Accept-Encoding: gzip,deflate[\r][\n]"
149262 [Forwarding findElement on session 26e90cf751a94491357d237ee8548956 to remote] DEBUG org.apache.http.wire  - http-outgoing-111 >> "Accept-Encoding: gzip,deflate[\r][\n]"
149262 [Forwarding findElement on session 26e90cf751a94491357d237ee8548956 to remote] DEBUG org.apache.http.wire  - http-outgoing-111 >> "Accept-Encoding: gzip,deflate[\r][\n]"
149262 [Forwarding findElement on session 26e90cf751a94491357d237ee8548956 to remote] DEBUG org.apache.http.wire  - http-outgoing-111 >> "[\r][\n]"
149262 [Forwarding findElement on session 26e90cf751a94491357d237ee8548956 to remote] DEBUG org.apache.http.wire  - http-outgoing-111 >> "[\r][\n]"
149262 [Forwarding findElement on session 26e90cf751a94491357d237ee8548956 to remote] DEBUG org.apache.http.wire  - http-outgoing-111 >> "[\r][\n]"
149262 [Forwarding findElement on session 26e90cf751a94491357d237ee8548956 to remote] DEBUG org.apache.http.wire  - http-outgoing-111 >> "[\r][\n]"
149262 [Forwarding findElement on session 26e90cf751a94491357d237ee8548956 to remote] DEBUG org.apache.http.wire  - http-outgoing-111 >> "{"using":"css selector","value":"#answersSearch"}"
149262 [Forwarding findElement on session 26e90cf751a94491357d237ee8548956 to remote] DEBUG org.apache.http.wire  - http-outgoing-111 >> "{"using":"css selector","value":"#answersSearch"}"
149262 [Forwarding findElement on session 26e90cf751a94491357d237ee8548956 to remote] DEBUG org.apache.http.wire  - http-outgoing-111 >> "{"using":"css selector","value":"#answersSearch"}"
149262 [Forwarding findElement on session 26e90cf751a94491357d237ee8548956 to remote] DEBUG org.apache.http.wire  - http-outgoing-111 >> "{"using":"css selector","value":"#answersSearch"}"
149280 [Forwarding findElement on session 26e90cf751a94491357d237ee8548956 to remote] DEBUG org.apache.http.wire  - http-outgoing-111 << "HTTP/1.1 200 OK[\r][\n]"
149280 [Forwarding findElement on session 26e90cf751a94491357d237ee8548956 to remote] DEBUG org.apache.http.wire  - http-outgoing-111 << "HTTP/1.1 200 OK[\r][\n]"
149280 [Forwarding findElement on session 26e90cf751a94491357d237ee8548956 to remote] DEBUG org.apache.http.wire  - http-outgoing-111 << "HTTP/1.1 200 OK[\r][\n]"
149280 [Forwarding findElement on session 26e90cf751a94491357d237ee8548956 to remote] DEBUG org.apache.http.wire  - http-outgoing-111 << "HTTP/1.1 200 OK[\r][\n]"
149280 [Forwarding findElement on session 26e90cf751a94491357d237ee8548956 to remote] DEBUG org.apache.http.wire  - http-outgoing-111 << "Content-Length:102[\r][\n]"
149280 [Forwarding findElement on session 26e90cf751a94491357d237ee8548956 to remote] DEBUG org.apache.http.wire  - http-outgoing-111 << "Content-Length:102[\r][\n]"
149280 [Forwarding findElement on session 26e90cf751a94491357d237ee8548956 to remote] DEBUG org.apache.http.wire  - http-outgoing-111 << "Content-Length:102[\r][\n]"
149280 [Forwarding findElement on session 26e90cf751a94491357d237ee8548956 to remote] DEBUG org.apache.http.wire  - http-outgoing-111 << "Content-Length:102[\r][\n]"
149280 [Forwarding findElement on session 26e90cf751a94491357d237ee8548956 to remote] DEBUG org.apache.http.wire  - http-outgoing-111 << "Content-Type:application/json; charset=utf-8[\r][\n]"
149280 [Forwarding findElement on session 26e90cf751a94491357d237ee8548956 to remote] DEBUG org.apache.http.wire  - http-outgoing-111 << "Content-Type:application/json; charset=utf-8[\r][\n]"
149280 [Forwarding findElement on session 26e90cf751a94491357d237ee8548956 to remote] DEBUG org.apache.http.wire  - http-outgoing-111 << "Content-Type:application/json; charset=utf-8[\r][\n]"
149280 [Forwarding findElement on session 26e90cf751a94491357d237ee8548956 to remote] DEBUG org.apache.http.wire  - http-outgoing-111 << "Content-Type:application/json; charset=utf-8[\r][\n]"
149280 [Forwarding findElement on session 26e90cf751a94491357d237ee8548956 to remote] DEBUG org.apache.http.wire  - http-outgoing-111 << "Connection:close[\r][\n]"
149280 [Forwarding findElement on session 26e90cf751a94491357d237ee8548956 to remote] DEBUG org.apache.http.wire  - http-outgoing-111 << "Connection:close[\r][\n]"
149280 [Forwarding findElement on session 26e90cf751a94491357d237ee8548956 to remote] DEBUG org.apache.http.wire  - http-outgoing-111 << "Connection:close[\r][\n]"
149280 [Forwarding findElement on session 26e90cf751a94491357d237ee8548956 to remote] DEBUG org.apache.http.wire  - http-outgoing-111 << "Connection:close[\r][\n]"
149280 [Forwarding findElement on session 26e90cf751a94491357d237ee8548956 to remote] DEBUG org.apache.http.wire  - http-outgoing-111 << "[\r][\n]"
149280 [Forwarding findElement on session 26e90cf751a94491357d237ee8548956 to remote] DEBUG org.apache.http.wire  - http-outgoing-111 << "[\r][\n]"
149280 [Forwarding findElement on session 26e90cf751a94491357d237ee8548956 to remote] DEBUG org.apache.http.wire  - http-outgoing-111 << "[\r][\n]"
149280 [Forwarding findElement on session 26e90cf751a94491357d237ee8548956 to remote] DEBUG org.apache.http.wire  - http-outgoing-111 << "[\r][\n]"
149280 [Forwarding findElement on session 26e90cf751a94491357d237ee8548956 to remote] DEBUG org.apache.http.wire  - http-outgoing-111 << "{"sessionId":"26e90cf751a94491357d237ee8548956","status":0,"value":{"ELEMENT":"0.1565790701831622-1"}}"
149280 [Forwarding findElement on session 26e90cf751a94491357d237ee8548956 to remote] DEBUG org.apache.http.wire  - http-outgoing-111 << "{"sessionId":"26e90cf751a94491357d237ee8548956","status":0,"value":{"ELEMENT":"0.1565790701831622-1"}}"
149280 [Forwarding findElement on session 26e90cf751a94491357d237ee8548956 to remote] DEBUG org.apache.http.wire  - http-outgoing-111 << "{"sessionId":"26e90cf751a94491357d237ee8548956","status":0,"value":{"ELEMENT":"0.1565790701831622-1"}}"
149280 [Forwarding findElement on session 26e90cf751a94491357d237ee8548956 to remote] DEBUG org.apache.http.wire  - http-outgoing-111 << "{"sessionId":"26e90cf751a94491357d237ee8548956","status":0,"value":{"ELEMENT":"0.1565790701831622-1"}}"
149280 [Forwarding findElement on session 26e90cf751a94491357d237ee8548956 to remote] DEBUG org.apache.http.headers  - http-outgoing-111 << HTTP/1.1 200 OK
149280 [Forwarding findElement on session 26e90cf751a94491357d237ee8548956 to remote] DEBUG org.apache.http.headers  - http-outgoing-111 << HTTP/1.1 200 OK
149280 [Forwarding findElement on session 26e90cf751a94491357d237ee8548956 to remote] DEBUG org.apache.http.headers  - http-outgoing-111 << HTTP/1.1 200 OK
149280 [Forwarding findElement on session 26e90cf751a94491357d237ee8548956 to remote] DEBUG org.apache.http.headers  - http-outgoing-111 << HTTP/1.1 200 OK
149280 [Forwarding findElement on session 26e90cf751a94491357d237ee8548956 to remote] DEBUG org.apache.http.headers  - http-outgoing-111 << Content-Length:102
149280 [Forwarding findElement on session 26e90cf751a94491357d237ee8548956 to remote] DEBUG org.apache.http.headers  - http-outgoing-111 << Content-Length:102
149280 [Forwarding findElement on session 26e90cf751a94491357d237ee8548956 to remote] DEBUG org.apache.http.headers  - http-outgoing-111 << Content-Length:102
149280 [Forwarding findElement on session 26e90cf751a94491357d237ee8548956 to remote] DEBUG org.apache.http.headers  - http-outgoing-111 << Content-Length:102
149280 [Forwarding findElement on session 26e90cf751a94491357d237ee8548956 to remote] DEBUG org.apache.http.headers  - http-outgoing-111 << Content-Type:application/json; charset=utf-8
149280 [Forwarding findElement on session 26e90cf751a94491357d237ee8548956 to remote] DEBUG org.apache.http.headers  - http-outgoing-111 << Content-Type:application/json; charset=utf-8
149280 [Forwarding findElement on session 26e90cf751a94491357d237ee8548956 to remote] DEBUG org.apache.http.headers  - http-outgoing-111 << Content-Type:application/json; charset=utf-8
149280 [Forwarding findElement on session 26e90cf751a94491357d237ee8548956 to remote] DEBUG org.apache.http.headers  - http-outgoing-111 << Content-Type:application/json; charset=utf-8
149280 [Forwarding findElement on session 26e90cf751a94491357d237ee8548956 to remote] DEBUG org.apache.http.headers  - http-outgoing-111 << Connection:close
149280 [Forwarding findElement on session 26e90cf751a94491357d237ee8548956 to remote] DEBUG org.apache.http.headers  - http-outgoing-111 << Connection:close
149280 [Forwarding findElement on session 26e90cf751a94491357d237ee8548956 to remote] DEBUG org.apache.http.headers  - http-outgoing-111 << Connection:close
149280 [Forwarding findElement on session 26e90cf751a94491357d237ee8548956 to remote] DEBUG org.apache.http.headers  - http-outgoing-111 << Connection:close
149280 [Forwarding findElement on session 26e90cf751a94491357d237ee8548956 to remote] DEBUG org.apache.http.impl.conn.DefaultManagedHttpClientConnection  - http-outgoing-111: Close connection
149280 [Forwarding findElement on session 26e90cf751a94491357d237ee8548956 to remote] DEBUG org.apache.http.impl.conn.DefaultManagedHttpClientConnection  - http-outgoing-111: Close connection
149280 [Forwarding findElement on session 26e90cf751a94491357d237ee8548956 to remote] DEBUG org.apache.http.impl.conn.DefaultManagedHttpClientConnection  - http-outgoing-111: Close connection
149280 [Forwarding findElement on session 26e90cf751a94491357d237ee8548956 to remote] DEBUG org.apache.http.impl.conn.DefaultManagedHttpClientConnection  - http-outgoing-111: Close connection
149280 [Forwarding findElement on session 26e90cf751a94491357d237ee8548956 to remote] DEBUG org.apache.http.impl.execchain.MainClientExec  - Connection discarded
149280 [Forwarding findElement on session 26e90cf751a94491357d237ee8548956 to remote] DEBUG org.apache.http.impl.execchain.MainClientExec  - Connection discarded
149280 [Forwarding findElement on session 26e90cf751a94491357d237ee8548956 to remote] DEBUG org.apache.http.impl.execchain.MainClientExec  - Connection discarded
149280 [Forwarding findElement on session 26e90cf751a94491357d237ee8548956 to remote] DEBUG org.apache.http.impl.execchain.MainClientExec  - Connection discarded
149281 [Forwarding findElement on session 26e90cf751a94491357d237ee8548956 to remote] DEBUG org.apache.http.impl.conn.PoolingHttpClientConnectionManager  - Connection released: [id: 111][route: {}->http://localhost:39717][total kept alive: 0; route allocated: 0 of 2000; total allocated: 0 of 2000]
149281 [Forwarding findElement on session 26e90cf751a94491357d237ee8548956 to remote] DEBUG org.apache.http.impl.conn.PoolingHttpClientConnectionManager  - Connection released: [id: 111][route: {}->http://localhost:39717][total kept alive: 0; route allocated: 0 of 2000; total allocated: 0 of 2000]
149281 [Forwarding findElement on session 26e90cf751a94491357d237ee8548956 to remote] DEBUG org.apache.http.impl.conn.PoolingHttpClientConnectionManager  - Connection released: [id: 111][route: {}->http://localhost:39717][total kept alive: 0; route allocated: 0 of 2000; total allocated: 0 of 2000]
149281 [Forwarding findElement on session 26e90cf751a94491357d237ee8548956 to remote] DEBUG org.apache.http.impl.conn.PoolingHttpClientConnectionManager  - Connection released: [id: 111][route: {}->http://localhost:39717][total kept alive: 0; route allocated: 0 of 2000; total allocated: 0 of 2000]
149281 [Forwarding sendKeysToElement on session 26e90cf751a94491357d237ee8548956 to remote] DEBUG org.apache.http.client.protocol.RequestAddCookies  - CookieSpec selected: default
149281 [Forwarding sendKeysToElement on session 26e90cf751a94491357d237ee8548956 to remote] DEBUG org.apache.http.client.protocol.RequestAddCookies  - CookieSpec selected: default
149281 [Forwarding sendKeysToElement on session 26e90cf751a94491357d237ee8548956 to remote] DEBUG org.apache.http.client.protocol.RequestAddCookies  - CookieSpec selected: default
149281 [Forwarding sendKeysToElement on session 26e90cf751a94491357d237ee8548956 to remote] DEBUG org.apache.http.client.protocol.RequestAddCookies  - CookieSpec selected: default
149281 [Forwarding sendKeysToElement on session 26e90cf751a94491357d237ee8548956 to remote] DEBUG org.apache.http.client.protocol.RequestAuthCache  - Auth cache not set in the context
149281 [Forwarding sendKeysToElement on session 26e90cf751a94491357d237ee8548956 to remote] DEBUG org.apache.http.client.protocol.RequestAuthCache  - Auth cache not set in the context
149281 [Forwarding sendKeysToElement on session 26e90cf751a94491357d237ee8548956 to remote] DEBUG org.apache.http.client.protocol.RequestAuthCache  - Auth cache not set in the context
149281 [Forwarding sendKeysToElement on session 26e90cf751a94491357d237ee8548956 to remote] DEBUG org.apache.http.client.protocol.RequestAuthCache  - Auth cache not set in the context
149282 [Forwarding sendKeysToElement on session 26e90cf751a94491357d237ee8548956 to remote] DEBUG org.apache.http.impl.conn.PoolingHttpClientConnectionManager  - Connection request: [route: {}->http://localhost:39717][total kept alive: 0; route allocated: 0 of 2000; total allocated: 0 of 2000]
149282 [Forwarding sendKeysToElement on session 26e90cf751a94491357d237ee8548956 to remote] DEBUG org.apache.http.impl.conn.PoolingHttpClientConnectionManager  - Connection request: [route: {}->http://localhost:39717][total kept alive: 0; route allocated: 0 of 2000; total allocated: 0 of 2000]
149282 [Forwarding sendKeysToElement on session 26e90cf751a94491357d237ee8548956 to remote] DEBUG org.apache.http.impl.conn.PoolingHttpClientConnectionManager  - Connection request: [route: {}->http://localhost:39717][total kept alive: 0; route allocated: 0 of 2000; total allocated: 0 of 2000]
149282 [Forwarding sendKeysToElement on session 26e90cf751a94491357d237ee8548956 to remote] DEBUG org.apache.http.impl.conn.PoolingHttpClientConnectionManager  - Connection request: [route: {}->http://localhost:39717][total kept alive: 0; route allocated: 0 of 2000; total allocated: 0 of 2000]
149282 [Forwarding sendKeysToElement on session 26e90cf751a94491357d237ee8548956 to remote] DEBUG org.apache.http.impl.conn.PoolingHttpClientConnectionManager  - Connection leased: [id: 112][route: {}->http://localhost:39717][total kept alive: 0; route allocated: 1 of 2000; total allocated: 1 of 2000]
149282 [Forwarding sendKeysToElement on session 26e90cf751a94491357d237ee8548956 to remote] DEBUG org.apache.http.impl.conn.PoolingHttpClientConnectionManager  - Connection leased: [id: 112][route: {}->http://localhost:39717][total kept alive: 0; route allocated: 1 of 2000; total allocated: 1 of 2000]
149282 [Forwarding sendKeysToElement on session 26e90cf751a94491357d237ee8548956 to remote] DEBUG org.apache.http.impl.conn.PoolingHttpClientConnectionManager  - Connection leased: [id: 112][route: {}->http://localhost:39717][total kept alive: 0; route allocated: 1 of 2000; total allocated: 1 of 2000]
149282 [Forwarding sendKeysToElement on session 26e90cf751a94491357d237ee8548956 to remote] DEBUG org.apache.http.impl.conn.PoolingHttpClientConnectionManager  - Connection leased: [id: 112][route: {}->http://localhost:39717][total kept alive: 0; route allocated: 1 of 2000; total allocated: 1 of 2000]
149282 [Forwarding sendKeysToElement on session 26e90cf751a94491357d237ee8548956 to remote] DEBUG org.apache.http.impl.execchain.MainClientExec  - Opening connection {}->http://localhost:39717
149282 [Forwarding sendKeysToElement on session 26e90cf751a94491357d237ee8548956 to remote] DEBUG org.apache.http.impl.execchain.MainClientExec  - Opening connection {}->http://localhost:39717
149282 [Forwarding sendKeysToElement on session 26e90cf751a94491357d237ee8548956 to remote] DEBUG org.apache.http.impl.execchain.MainClientExec  - Opening connection {}->http://localhost:39717
149282 [Forwarding sendKeysToElement on session 26e90cf751a94491357d237ee8548956 to remote] DEBUG org.apache.http.impl.execchain.MainClientExec  - Opening connection {}->http://localhost:39717
149282 [Forwarding sendKeysToElement on session 26e90cf751a94491357d237ee8548956 to remote] DEBUG org.apache.http.impl.conn.DefaultHttpClientConnectionOperator  - Connecting to localhost/127.0.0.1:39717
149282 [Forwarding sendKeysToElement on session 26e90cf751a94491357d237ee8548956 to remote] DEBUG org.apache.http.impl.conn.DefaultHttpClientConnectionOperator  - Connecting to localhost/127.0.0.1:39717
149282 [Forwarding sendKeysToElement on session 26e90cf751a94491357d237ee8548956 to remote] DEBUG org.apache.http.impl.conn.DefaultHttpClientConnectionOperator  - Connecting to localhost/127.0.0.1:39717
149282 [Forwarding sendKeysToElement on session 26e90cf751a94491357d237ee8548956 to remote] DEBUG org.apache.http.impl.conn.DefaultHttpClientConnectionOperator  - Connecting to localhost/127.0.0.1:39717
149282 [Forwarding sendKeysToElement on session 26e90cf751a94491357d237ee8548956 to remote] DEBUG org.apache.http.impl.conn.DefaultHttpClientConnectionOperator  - Connection established 127.0.0.1:53084<->127.0.0.1:39717
149282 [Forwarding sendKeysToElement on session 26e90cf751a94491357d237ee8548956 to remote] DEBUG org.apache.http.impl.conn.DefaultHttpClientConnectionOperator  - Connection established 127.0.0.1:53084<->127.0.0.1:39717
149282 [Forwarding sendKeysToElement on session 26e90cf751a94491357d237ee8548956 to remote] DEBUG org.apache.http.impl.conn.DefaultHttpClientConnectionOperator  - Connection established 127.0.0.1:53084<->127.0.0.1:39717
149282 [Forwarding sendKeysToElement on session 26e90cf751a94491357d237ee8548956 to remote] DEBUG org.apache.http.impl.conn.DefaultHttpClientConnectionOperator  - Connection established 127.0.0.1:53084<->127.0.0.1:39717
149282 [Forwarding sendKeysToElement on session 26e90cf751a94491357d237ee8548956 to remote] DEBUG org.apache.http.impl.conn.DefaultManagedHttpClientConnection  - http-outgoing-112: set socket timeout to 10800000
149282 [Forwarding sendKeysToElement on session 26e90cf751a94491357d237ee8548956 to remote] DEBUG org.apache.http.impl.conn.DefaultManagedHttpClientConnection  - http-outgoing-112: set socket timeout to 10800000
149282 [Forwarding sendKeysToElement on session 26e90cf751a94491357d237ee8548956 to remote] DEBUG org.apache.http.impl.conn.DefaultManagedHttpClientConnection  - http-outgoing-112: set socket timeout to 10800000
149282 [Forwarding sendKeysToElement on session 26e90cf751a94491357d237ee8548956 to remote] DEBUG org.apache.http.impl.conn.DefaultManagedHttpClientConnection  - http-outgoing-112: set socket timeout to 10800000
149283 [Forwarding sendKeysToElement on session 26e90cf751a94491357d237ee8548956 to remote] DEBUG org.apache.http.impl.execchain.MainClientExec  - Executing request POST /session/26e90cf751a94491357d237ee8548956/element/0.1565790701831622-1/value HTTP/1.1
149283 [Forwarding sendKeysToElement on session 26e90cf751a94491357d237ee8548956 to remote] DEBUG org.apache.http.impl.execchain.MainClientExec  - Executing request POST /session/26e90cf751a94491357d237ee8548956/element/0.1565790701831622-1/value HTTP/1.1
149283 [Forwarding sendKeysToElement on session 26e90cf751a94491357d237ee8548956 to remote] DEBUG org.apache.http.impl.execchain.MainClientExec  - Executing request POST /session/26e90cf751a94491357d237ee8548956/element/0.1565790701831622-1/value HTTP/1.1
149283 [Forwarding sendKeysToElement on session 26e90cf751a94491357d237ee8548956 to remote] DEBUG org.apache.http.impl.execchain.MainClientExec  - Executing request POST /session/26e90cf751a94491357d237ee8548956/element/0.1565790701831622-1/value HTTP/1.1
149283 [Forwarding sendKeysToElement on session 26e90cf751a94491357d237ee8548956 to remote] DEBUG org.apache.http.impl.execchain.MainClientExec  - Target auth state: UNCHALLENGED
149283 [Forwarding sendKeysToElement on session 26e90cf751a94491357d237ee8548956 to remote] DEBUG org.apache.http.impl.execchain.MainClientExec  - Target auth state: UNCHALLENGED
149283 [Forwarding sendKeysToElement on session 26e90cf751a94491357d237ee8548956 to remote] DEBUG org.apache.http.impl.execchain.MainClientExec  - Target auth state: UNCHALLENGED
149283 [Forwarding sendKeysToElement on session 26e90cf751a94491357d237ee8548956 to remote] DEBUG org.apache.http.impl.execchain.MainClientExec  - Target auth state: UNCHALLENGED
149283 [Forwarding sendKeysToElement on session 26e90cf751a94491357d237ee8548956 to remote] DEBUG org.apache.http.impl.execchain.MainClientExec  - Proxy auth state: UNCHALLENGED
149283 [Forwarding sendKeysToElement on session 26e90cf751a94491357d237ee8548956 to remote] DEBUG org.apache.http.impl.execchain.MainClientExec  - Proxy auth state: UNCHALLENGED
149283 [Forwarding sendKeysToElement on session 26e90cf751a94491357d237ee8548956 to remote] DEBUG org.apache.http.impl.execchain.MainClientExec  - Proxy auth state: UNCHALLENGED
149283 [Forwarding sendKeysToElement on session 26e90cf751a94491357d237ee8548956 to remote] DEBUG org.apache.http.impl.execchain.MainClientExec  - Proxy auth state: UNCHALLENGED
149283 [Forwarding sendKeysToElement on session 26e90cf751a94491357d237ee8548956 to remote] DEBUG org.apache.http.headers  - http-outgoing-112 >> POST /session/26e90cf751a94491357d237ee8548956/element/0.1565790701831622-1/value HTTP/1.1
149283 [Forwarding sendKeysToElement on session 26e90cf751a94491357d237ee8548956 to remote] DEBUG org.apache.http.headers  - http-outgoing-112 >> POST /session/26e90cf751a94491357d237ee8548956/element/0.1565790701831622-1/value HTTP/1.1
149283 [Forwarding sendKeysToElement on session 26e90cf751a94491357d237ee8548956 to remote] DEBUG org.apache.http.headers  - http-outgoing-112 >> POST /session/26e90cf751a94491357d237ee8548956/element/0.1565790701831622-1/value HTTP/1.1
149283 [Forwarding sendKeysToElement on session 26e90cf751a94491357d237ee8548956 to remote] DEBUG org.apache.http.headers  - http-outgoing-112 >> POST /session/26e90cf751a94491357d237ee8548956/element/0.1565790701831622-1/value HTTP/1.1
149283 [Forwarding sendKeysToElement on session 26e90cf751a94491357d237ee8548956 to remote] DEBUG org.apache.http.headers  - http-outgoing-112 >> Content-Type: application/json; charset=utf-8
149283 [Forwarding sendKeysToElement on session 26e90cf751a94491357d237ee8548956 to remote] DEBUG org.apache.http.headers  - http-outgoing-112 >> Content-Type: application/json; charset=utf-8
149283 [Forwarding sendKeysToElement on session 26e90cf751a94491357d237ee8548956 to remote] DEBUG org.apache.http.headers  - http-outgoing-112 >> Content-Type: application/json; charset=utf-8
149283 [Forwarding sendKeysToElement on session 26e90cf751a94491357d237ee8548956 to remote] DEBUG org.apache.http.headers  - http-outgoing-112 >> Content-Type: application/json; charset=utf-8
149283 [Forwarding sendKeysToElement on session 26e90cf751a94491357d237ee8548956 to remote] DEBUG org.apache.http.headers  - http-outgoing-112 >> Content-Length: 99
149283 [Forwarding sendKeysToElement on session 26e90cf751a94491357d237ee8548956 to remote] DEBUG org.apache.http.headers  - http-outgoing-112 >> Content-Length: 99
149283 [Forwarding sendKeysToElement on session 26e90cf751a94491357d237ee8548956 to remote] DEBUG org.apache.http.headers  - http-outgoing-112 >> Content-Length: 99
149283 [Forwarding sendKeysToElement on session 26e90cf751a94491357d237ee8548956 to remote] DEBUG org.apache.http.headers  - http-outgoing-112 >> Content-Length: 99
149283 [Forwarding sendKeysToElement on session 26e90cf751a94491357d237ee8548956 to remote] DEBUG org.apache.http.headers  - http-outgoing-112 >> Host: localhost:39717
149283 [Forwarding sendKeysToElement on session 26e90cf751a94491357d237ee8548956 to remote] DEBUG org.apache.http.headers  - http-outgoing-112 >> Host: localhost:39717
149283 [Forwarding sendKeysToElement on session 26e90cf751a94491357d237ee8548956 to remote] DEBUG org.apache.http.headers  - http-outgoing-112 >> Host: localhost:39717
149283 [Forwarding sendKeysToElement on session 26e90cf751a94491357d237ee8548956 to remote] DEBUG org.apache.http.headers  - http-outgoing-112 >> Host: localhost:39717
149283 [Forwarding sendKeysToElement on session 26e90cf751a94491357d237ee8548956 to remote] DEBUG org.apache.http.headers  - http-outgoing-112 >> Connection: Keep-Alive
149283 [Forwarding sendKeysToElement on session 26e90cf751a94491357d237ee8548956 to remote] DEBUG org.apache.http.headers  - http-outgoing-112 >> Connection: Keep-Alive
149283 [Forwarding sendKeysToElement on session 26e90cf751a94491357d237ee8548956 to remote] DEBUG org.apache.http.headers  - http-outgoing-112 >> Connection: Keep-Alive
149283 [Forwarding sendKeysToElement on session 26e90cf751a94491357d237ee8548956 to remote] DEBUG org.apache.http.headers  - http-outgoing-112 >> Connection: Keep-Alive
149283 [Forwarding sendKeysToElement on session 26e90cf751a94491357d237ee8548956 to remote] DEBUG org.apache.http.headers  - http-outgoing-112 >> User-Agent: Apache-HttpClient/4.5.2 (Java/1.8.0_91)
149283 [Forwarding sendKeysToElement on session 26e90cf751a94491357d237ee8548956 to remote] DEBUG org.apache.http.headers  - http-outgoing-112 >> User-Agent: Apache-HttpClient/4.5.2 (Java/1.8.0_91)
149283 [Forwarding sendKeysToElement on session 26e90cf751a94491357d237ee8548956 to remote] DEBUG org.apache.http.headers  - http-outgoing-112 >> User-Agent: Apache-HttpClient/4.5.2 (Java/1.8.0_91)
149283 [Forwarding sendKeysToElement on session 26e90cf751a94491357d237ee8548956 to remote] DEBUG org.apache.http.headers  - http-outgoing-112 >> User-Agent: Apache-HttpClient/4.5.2 (Java/1.8.0_91)
149283 [Forwarding sendKeysToElement on session 26e90cf751a94491357d237ee8548956 to remote] DEBUG org.apache.http.headers  - http-outgoing-112 >> Accept-Encoding: gzip,deflate
149283 [Forwarding sendKeysToElement on session 26e90cf751a94491357d237ee8548956 to remote] DEBUG org.apache.http.headers  - http-outgoing-112 >> Accept-Encoding: gzip,deflate
149283 [Forwarding sendKeysToElement on session 26e90cf751a94491357d237ee8548956 to remote] DEBUG org.apache.http.headers  - http-outgoing-112 >> Accept-Encoding: gzip,deflate
149283 [Forwarding sendKeysToElement on session 26e90cf751a94491357d237ee8548956 to remote] DEBUG org.apache.http.headers  - http-outgoing-112 >> Accept-Encoding: gzip,deflate
149283 [Forwarding sendKeysToElement on session 26e90cf751a94491357d237ee8548956 to remote] DEBUG org.apache.http.wire  - http-outgoing-112 >> "POST /session/26e90cf751a94491357d237ee8548956/element/0.1565790701831622-1/value HTTP/1.1[\r][\n]"
149283 [Forwarding sendKeysToElement on session 26e90cf751a94491357d237ee8548956 to remote] DEBUG org.apache.http.wire  - http-outgoing-112 >> "POST /session/26e90cf751a94491357d237ee8548956/element/0.1565790701831622-1/value HTTP/1.1[\r][\n]"
149283 [Forwarding sendKeysToElement on session 26e90cf751a94491357d237ee8548956 to remote] DEBUG org.apache.http.wire  - http-outgoing-112 >> "POST /session/26e90cf751a94491357d237ee8548956/element/0.1565790701831622-1/value HTTP/1.1[\r][\n]"
149283 [Forwarding sendKeysToElement on session 26e90cf751a94491357d237ee8548956 to remote] DEBUG org.apache.http.wire  - http-outgoing-112 >> "POST /session/26e90cf751a94491357d237ee8548956/element/0.1565790701831622-1/value HTTP/1.1[\r][\n]"
149283 [Forwarding sendKeysToElement on session 26e90cf751a94491357d237ee8548956 to remote] DEBUG org.apache.http.wire  - http-outgoing-112 >> "Content-Type: application/json; charset=utf-8[\r][\n]"
149283 [Forwarding sendKeysToElement on session 26e90cf751a94491357d237ee8548956 to remote] DEBUG org.apache.http.wire  - http-outgoing-112 >> "Content-Type: application/json; charset=utf-8[\r][\n]"
149283 [Forwarding sendKeysToElement on session 26e90cf751a94491357d237ee8548956 to remote] DEBUG org.apache.http.wire  - http-outgoing-112 >> "Content-Type: application/json; charset=utf-8[\r][\n]"
149283 [Forwarding sendKeysToElement on session 26e90cf751a94491357d237ee8548956 to remote] DEBUG org.apache.http.wire  - http-outgoing-112 >> "Content-Type: application/json; charset=utf-8[\r][\n]"
149283 [Forwarding sendKeysToElement on session 26e90cf751a94491357d237ee8548956 to remote] DEBUG org.apache.http.wire  - http-outgoing-112 >> "Content-Length: 99[\r][\n]"
149283 [Forwarding sendKeysToElement on session 26e90cf751a94491357d237ee8548956 to remote] DEBUG org.apache.http.wire  - http-outgoing-112 >> "Content-Length: 99[\r][\n]"
149283 [Forwarding sendKeysToElement on session 26e90cf751a94491357d237ee8548956 to remote] DEBUG org.apache.http.wire  - http-outgoing-112 >> "Content-Length: 99[\r][\n]"
149283 [Forwarding sendKeysToElement on session 26e90cf751a94491357d237ee8548956 to remote] DEBUG org.apache.http.wire  - http-outgoing-112 >> "Content-Length: 99[\r][\n]"
149283 [Forwarding sendKeysToElement on session 26e90cf751a94491357d237ee8548956 to remote] DEBUG org.apache.http.wire  - http-outgoing-112 >> "Host: localhost:39717[\r][\n]"
149283 [Forwarding sendKeysToElement on session 26e90cf751a94491357d237ee8548956 to remote] DEBUG org.apache.http.wire  - http-outgoing-112 >> "Host: localhost:39717[\r][\n]"
149283 [Forwarding sendKeysToElement on session 26e90cf751a94491357d237ee8548956 to remote] DEBUG org.apache.http.wire  - http-outgoing-112 >> "Host: localhost:39717[\r][\n]"
149283 [Forwarding sendKeysToElement on session 26e90cf751a94491357d237ee8548956 to remote] DEBUG org.apache.http.wire  - http-outgoing-112 >> "Host: localhost:39717[\r][\n]"
149283 [Forwarding sendKeysToElement on session 26e90cf751a94491357d237ee8548956 to remote] DEBUG org.apache.http.wire  - http-outgoing-112 >> "Connection: Keep-Alive[\r][\n]"
149283 [Forwarding sendKeysToElement on session 26e90cf751a94491357d237ee8548956 to remote] DEBUG org.apache.http.wire  - http-outgoing-112 >> "Connection: Keep-Alive[\r][\n]"
149283 [Forwarding sendKeysToElement on session 26e90cf751a94491357d237ee8548956 to remote] DEBUG org.apache.http.wire  - http-outgoing-112 >> "Connection: Keep-Alive[\r][\n]"
149283 [Forwarding sendKeysToElement on session 26e90cf751a94491357d237ee8548956 to remote] DEBUG org.apache.http.wire  - http-outgoing-112 >> "Connection: Keep-Alive[\r][\n]"
149283 [Forwarding sendKeysToElement on session 26e90cf751a94491357d237ee8548956 to remote] DEBUG org.apache.http.wire  - http-outgoing-112 >> "User-Agent: Apache-HttpClient/4.5.2 (Java/1.8.0_91)[\r][\n]"
149283 [Forwarding sendKeysToElement on session 26e90cf751a94491357d237ee8548956 to remote] DEBUG org.apache.http.wire  - http-outgoing-112 >> "User-Agent: Apache-HttpClient/4.5.2 (Java/1.8.0_91)[\r][\n]"
149283 [Forwarding sendKeysToElement on session 26e90cf751a94491357d237ee8548956 to remote] DEBUG org.apache.http.wire  - http-outgoing-112 >> "User-Agent: Apache-HttpClient/4.5.2 (Java/1.8.0_91)[\r][\n]"
149283 [Forwarding sendKeysToElement on session 26e90cf751a94491357d237ee8548956 to remote] DEBUG org.apache.http.wire  - http-outgoing-112 >> "User-Agent: Apache-HttpClient/4.5.2 (Java/1.8.0_91)[\r][\n]"
149283 [Forwarding sendKeysToElement on session 26e90cf751a94491357d237ee8548956 to remote] DEBUG org.apache.http.wire  - http-outgoing-112 >> "Accept-Encoding: gzip,deflate[\r][\n]"
149283 [Forwarding sendKeysToElement on session 26e90cf751a94491357d237ee8548956 to remote] DEBUG org.apache.http.wire  - http-outgoing-112 >> "Accept-Encoding: gzip,deflate[\r][\n]"
149283 [Forwarding sendKeysToElement on session 26e90cf751a94491357d237ee8548956 to remote] DEBUG org.apache.http.wire  - http-outgoing-112 >> "Accept-Encoding: gzip,deflate[\r][\n]"
149283 [Forwarding sendKeysToElement on session 26e90cf751a94491357d237ee8548956 to remote] DEBUG org.apache.http.wire  - http-outgoing-112 >> "Accept-Encoding: gzip,deflate[\r][\n]"
149283 [Forwarding sendKeysToElement on session 26e90cf751a94491357d237ee8548956 to remote] DEBUG org.apache.http.wire  - http-outgoing-112 >> "[\r][\n]"
149283 [Forwarding sendKeysToElement on session 26e90cf751a94491357d237ee8548956 to remote] DEBUG org.apache.http.wire  - http-outgoing-112 >> "[\r][\n]"
149283 [Forwarding sendKeysToElement on session 26e90cf751a94491357d237ee8548956 to remote] DEBUG org.apache.http.wire  - http-outgoing-112 >> "[\r][\n]"
149283 [Forwarding sendKeysToElement on session 26e90cf751a94491357d237ee8548956 to remote] DEBUG org.apache.http.wire  - http-outgoing-112 >> "[\r][\n]"
149283 [Forwarding sendKeysToElement on session 26e90cf751a94491357d237ee8548956 to remote] DEBUG org.apache.http.wire  - http-outgoing-112 >> "{"id":"0.1565790701831622-1","value":["Battery replacement procedure for current lenovo modelsaa"]}"
149283 [Forwarding sendKeysToElement on session 26e90cf751a94491357d237ee8548956 to remote] DEBUG org.apache.http.wire  - http-outgoing-112 >> "{"id":"0.1565790701831622-1","value":["Battery replacement procedure for current lenovo modelsaa"]}"
149283 [Forwarding sendKeysToElement on session 26e90cf751a94491357d237ee8548956 to remote] DEBUG org.apache.http.wire  - http-outgoing-112 >> "{"id":"0.1565790701831622-1","value":["Battery replacement procedure for current lenovo modelsaa"]}"
149283 [Forwarding sendKeysToElement on session 26e90cf751a94491357d237ee8548956 to remote] DEBUG org.apache.http.wire  - http-outgoing-112 >> "{"id":"0.1565790701831622-1","value":["Battery replacement procedure for current lenovo modelsaa"]}"
149461 [Forwarding sendKeysToElement on session 26e90cf751a94491357d237ee8548956 to remote] DEBUG org.apache.http.wire  - http-outgoing-112 << "HTTP/1.1 200 OK[\r][\n]"
149461 [Forwarding sendKeysToElement on session 26e90cf751a94491357d237ee8548956 to remote] DEBUG org.apache.http.wire  - http-outgoing-112 << "HTTP/1.1 200 OK[\r][\n]"
149461 [Forwarding sendKeysToElement on session 26e90cf751a94491357d237ee8548956 to remote] DEBUG org.apache.http.wire  - http-outgoing-112 << "HTTP/1.1 200 OK[\r][\n]"
149461 [Forwarding sendKeysToElement on session 26e90cf751a94491357d237ee8548956 to remote] DEBUG org.apache.http.wire  - http-outgoing-112 << "HTTP/1.1 200 OK[\r][\n]"
149461 [Forwarding sendKeysToElement on session 26e90cf751a94491357d237ee8548956 to remote] DEBUG org.apache.http.wire  - http-outgoing-112 << "Content-Length:72[\r][\n]"
149461 [Forwarding sendKeysToElement on session 26e90cf751a94491357d237ee8548956 to remote] DEBUG org.apache.http.wire  - http-outgoing-112 << "Content-Length:72[\r][\n]"
149461 [Forwarding sendKeysToElement on session 26e90cf751a94491357d237ee8548956 to remote] DEBUG org.apache.http.wire  - http-outgoing-112 << "Content-Length:72[\r][\n]"
149461 [Forwarding sendKeysToElement on session 26e90cf751a94491357d237ee8548956 to remote] DEBUG org.apache.http.wire  - http-outgoing-112 << "Content-Length:72[\r][\n]"
149461 [Forwarding sendKeysToElement on session 26e90cf751a94491357d237ee8548956 to remote] DEBUG org.apache.http.wire  - http-outgoing-112 << "Content-Type:application/json; charset=utf-8[\r][\n]"
149461 [Forwarding sendKeysToElement on session 26e90cf751a94491357d237ee8548956 to remote] DEBUG org.apache.http.wire  - http-outgoing-112 << "Content-Type:application/json; charset=utf-8[\r][\n]"
149461 [Forwarding sendKeysToElement on session 26e90cf751a94491357d237ee8548956 to remote] DEBUG org.apache.http.wire  - http-outgoing-112 << "Content-Type:application/json; charset=utf-8[\r][\n]"
149461 [Forwarding sendKeysToElement on session 26e90cf751a94491357d237ee8548956 to remote] DEBUG org.apache.http.wire  - http-outgoing-112 << "Content-Type:application/json; charset=utf-8[\r][\n]"
149461 [Forwarding sendKeysToElement on session 26e90cf751a94491357d237ee8548956 to remote] DEBUG org.apache.http.wire  - http-outgoing-112 << "Connection:close[\r][\n]"
149461 [Forwarding sendKeysToElement on session 26e90cf751a94491357d237ee8548956 to remote] DEBUG org.apache.http.wire  - http-outgoing-112 << "Connection:close[\r][\n]"
149461 [Forwarding sendKeysToElement on session 26e90cf751a94491357d237ee8548956 to remote] DEBUG org.apache.http.wire  - http-outgoing-112 << "Connection:close[\r][\n]"
149461 [Forwarding sendKeysToElement on session 26e90cf751a94491357d237ee8548956 to remote] DEBUG org.apache.http.wire  - http-outgoing-112 << "Connection:close[\r][\n]"
149461 [Forwarding sendKeysToElement on session 26e90cf751a94491357d237ee8548956 to remote] DEBUG org.apache.http.wire  - http-outgoing-112 << "[\r][\n]"
149461 [Forwarding sendKeysToElement on session 26e90cf751a94491357d237ee8548956 to remote] DEBUG org.apache.http.wire  - http-outgoing-112 << "[\r][\n]"
149461 [Forwarding sendKeysToElement on session 26e90cf751a94491357d237ee8548956 to remote] DEBUG org.apache.http.wire  - http-outgoing-112 << "[\r][\n]"
149461 [Forwarding sendKeysToElement on session 26e90cf751a94491357d237ee8548956 to remote] DEBUG org.apache.http.wire  - http-outgoing-112 << "[\r][\n]"
149461 [Forwarding sendKeysToElement on session 26e90cf751a94491357d237ee8548956 to remote] DEBUG org.apache.http.wire  - http-outgoing-112 << "{"sessionId":"26e90cf751a94491357d237ee8548956","status":0,"value":null}"
149461 [Forwarding sendKeysToElement on session 26e90cf751a94491357d237ee8548956 to remote] DEBUG org.apache.http.wire  - http-outgoing-112 << "{"sessionId":"26e90cf751a94491357d237ee8548956","status":0,"value":null}"
149461 [Forwarding sendKeysToElement on session 26e90cf751a94491357d237ee8548956 to remote] DEBUG org.apache.http.wire  - http-outgoing-112 << "{"sessionId":"26e90cf751a94491357d237ee8548956","status":0,"value":null}"
149461 [Forwarding sendKeysToElement on session 26e90cf751a94491357d237ee8548956 to remote] DEBUG org.apache.http.wire  - http-outgoing-112 << "{"sessionId":"26e90cf751a94491357d237ee8548956","status":0,"value":null}"
149461 [Forwarding sendKeysToElement on session 26e90cf751a94491357d237ee8548956 to remote] DEBUG org.apache.http.headers  - http-outgoing-112 << HTTP/1.1 200 OK
149461 [Forwarding sendKeysToElement on session 26e90cf751a94491357d237ee8548956 to remote] DEBUG org.apache.http.headers  - http-outgoing-112 << HTTP/1.1 200 OK
149461 [Forwarding sendKeysToElement on session 26e90cf751a94491357d237ee8548956 to remote] DEBUG org.apache.http.headers  - http-outgoing-112 << HTTP/1.1 200 OK
149461 [Forwarding sendKeysToElement on session 26e90cf751a94491357d237ee8548956 to remote] DEBUG org.apache.http.headers  - http-outgoing-112 << HTTP/1.1 200 OK
149461 [Forwarding sendKeysToElement on session 26e90cf751a94491357d237ee8548956 to remote] DEBUG org.apache.http.headers  - http-outgoing-112 << Content-Length:72
149461 [Forwarding sendKeysToElement on session 26e90cf751a94491357d237ee8548956 to remote] DEBUG org.apache.http.headers  - http-outgoing-112 << Content-Length:72
149461 [Forwarding sendKeysToElement on session 26e90cf751a94491357d237ee8548956 to remote] DEBUG org.apache.http.headers  - http-outgoing-112 << Content-Length:72
149461 [Forwarding sendKeysToElement on session 26e90cf751a94491357d237ee8548956 to remote] DEBUG org.apache.http.headers  - http-outgoing-112 << Content-Length:72
149461 [Forwarding sendKeysToElement on session 26e90cf751a94491357d237ee8548956 to remote] DEBUG org.apache.http.headers  - http-outgoing-112 << Content-Type:application/json; charset=utf-8
149461 [Forwarding sendKeysToElement on session 26e90cf751a94491357d237ee8548956 to remote] DEBUG org.apache.http.headers  - http-outgoing-112 << Content-Type:application/json; charset=utf-8
149461 [Forwarding sendKeysToElement on session 26e90cf751a94491357d237ee8548956 to remote] DEBUG org.apache.http.headers  - http-outgoing-112 << Content-Type:application/json; charset=utf-8
149461 [Forwarding sendKeysToElement on session 26e90cf751a94491357d237ee8548956 to remote] DEBUG org.apache.http.headers  - http-outgoing-112 << Content-Type:application/json; charset=utf-8
149461 [Forwarding sendKeysToElement on session 26e90cf751a94491357d237ee8548956 to remote] DEBUG org.apache.http.headers  - http-outgoing-112 << Connection:close
149461 [Forwarding sendKeysToElement on session 26e90cf751a94491357d237ee8548956 to remote] DEBUG org.apache.http.headers  - http-outgoing-112 << Connection:close
149461 [Forwarding sendKeysToElement on session 26e90cf751a94491357d237ee8548956 to remote] DEBUG org.apache.http.headers  - http-outgoing-112 << Connection:close
149461 [Forwarding sendKeysToElement on session 26e90cf751a94491357d237ee8548956 to remote] DEBUG org.apache.http.headers  - http-outgoing-112 << Connection:close
149461 [Forwarding sendKeysToElement on session 26e90cf751a94491357d237ee8548956 to remote] DEBUG org.apache.http.impl.conn.DefaultManagedHttpClientConnection  - http-outgoing-112: Close connection
149461 [Forwarding sendKeysToElement on session 26e90cf751a94491357d237ee8548956 to remote] DEBUG org.apache.http.impl.conn.DefaultManagedHttpClientConnection  - http-outgoing-112: Close connection
149461 [Forwarding sendKeysToElement on session 26e90cf751a94491357d237ee8548956 to remote] DEBUG org.apache.http.impl.conn.DefaultManagedHttpClientConnection  - http-outgoing-112: Close connection
149461 [Forwarding sendKeysToElement on session 26e90cf751a94491357d237ee8548956 to remote] DEBUG org.apache.http.impl.conn.DefaultManagedHttpClientConnection  - http-outgoing-112: Close connection
149462 [Forwarding sendKeysToElement on session 26e90cf751a94491357d237ee8548956 to remote] DEBUG org.apache.http.impl.execchain.MainClientExec  - Connection discarded
149462 [Forwarding sendKeysToElement on session 26e90cf751a94491357d237ee8548956 to remote] DEBUG org.apache.http.impl.execchain.MainClientExec  - Connection discarded
149462 [Forwarding sendKeysToElement on session 26e90cf751a94491357d237ee8548956 to remote] DEBUG org.apache.http.impl.execchain.MainClientExec  - Connection discarded
149462 [Forwarding sendKeysToElement on session 26e90cf751a94491357d237ee8548956 to remote] DEBUG org.apache.http.impl.execchain.MainClientExec  - Connection discarded
149462 [Forwarding sendKeysToElement on session 26e90cf751a94491357d237ee8548956 to remote] DEBUG org.apache.http.impl.conn.PoolingHttpClientConnectionManager  - Connection released: [id: 112][route: {}->http://localhost:39717][total kept alive: 0; route allocated: 0 of 2000; total allocated: 0 of 2000]
149462 [Forwarding sendKeysToElement on session 26e90cf751a94491357d237ee8548956 to remote] DEBUG org.apache.http.impl.conn.PoolingHttpClientConnectionManager  - Connection released: [id: 112][route: {}->http://localhost:39717][total kept alive: 0; route allocated: 0 of 2000; total allocated: 0 of 2000]
149462 [Forwarding sendKeysToElement on session 26e90cf751a94491357d237ee8548956 to remote] DEBUG org.apache.http.impl.conn.PoolingHttpClientConnectionManager  - Connection released: [id: 112][route: {}->http://localhost:39717][total kept alive: 0; route allocated: 0 of 2000; total allocated: 0 of 2000]
149462 [Forwarding sendKeysToElement on session 26e90cf751a94491357d237ee8548956 to remote] DEBUG org.apache.http.impl.conn.PoolingHttpClientConnectionManager  - Connection released: [id: 112][route: {}->http://localhost:39717][total kept alive: 0; route allocated: 0 of 2000; total allocated: 0 of 2000]
149463 [Forwarding findElement on session 26e90cf751a94491357d237ee8548956 to remote] DEBUG org.apache.http.client.protocol.RequestAddCookies  - CookieSpec selected: default
149463 [Forwarding findElement on session 26e90cf751a94491357d237ee8548956 to remote] DEBUG org.apache.http.client.protocol.RequestAddCookies  - CookieSpec selected: default
149463 [Forwarding findElement on session 26e90cf751a94491357d237ee8548956 to remote] DEBUG org.apache.http.client.protocol.RequestAddCookies  - CookieSpec selected: default
149463 [Forwarding findElement on session 26e90cf751a94491357d237ee8548956 to remote] DEBUG org.apache.http.client.protocol.RequestAddCookies  - CookieSpec selected: default
149463 [Forwarding findElement on session 26e90cf751a94491357d237ee8548956 to remote] DEBUG org.apache.http.client.protocol.RequestAuthCache  - Auth cache not set in the context
149463 [Forwarding findElement on session 26e90cf751a94491357d237ee8548956 to remote] DEBUG org.apache.http.client.protocol.RequestAuthCache  - Auth cache not set in the context
149463 [Forwarding findElement on session 26e90cf751a94491357d237ee8548956 to remote] DEBUG org.apache.http.client.protocol.RequestAuthCache  - Auth cache not set in the context
149463 [Forwarding findElement on session 26e90cf751a94491357d237ee8548956 to remote] DEBUG org.apache.http.client.protocol.RequestAuthCache  - Auth cache not set in the context
149463 [Forwarding findElement on session 26e90cf751a94491357d237ee8548956 to remote] DEBUG org.apache.http.impl.conn.PoolingHttpClientConnectionManager  - Connection request: [route: {}->http://localhost:39717][total kept alive: 0; route allocated: 0 of 2000; total allocated: 0 of 2000]
149463 [Forwarding findElement on session 26e90cf751a94491357d237ee8548956 to remote] DEBUG org.apache.http.impl.conn.PoolingHttpClientConnectionManager  - Connection request: [route: {}->http://localhost:39717][total kept alive: 0; route allocated: 0 of 2000; total allocated: 0 of 2000]
149463 [Forwarding findElement on session 26e90cf751a94491357d237ee8548956 to remote] DEBUG org.apache.http.impl.conn.PoolingHttpClientConnectionManager  - Connection request: [route: {}->http://localhost:39717][total kept alive: 0; route allocated: 0 of 2000; total allocated: 0 of 2000]
149463 [Forwarding findElement on session 26e90cf751a94491357d237ee8548956 to remote] DEBUG org.apache.http.impl.conn.PoolingHttpClientConnectionManager  - Connection request: [route: {}->http://localhost:39717][total kept alive: 0; route allocated: 0 of 2000; total allocated: 0 of 2000]
149463 [Forwarding findElement on session 26e90cf751a94491357d237ee8548956 to remote] DEBUG org.apache.http.impl.conn.PoolingHttpClientConnectionManager  - Connection leased: [id: 113][route: {}->http://localhost:39717][total kept alive: 0; route allocated: 1 of 2000; total allocated: 1 of 2000]
149463 [Forwarding findElement on session 26e90cf751a94491357d237ee8548956 to remote] DEBUG org.apache.http.impl.conn.PoolingHttpClientConnectionManager  - Connection leased: [id: 113][route: {}->http://localhost:39717][total kept alive: 0; route allocated: 1 of 2000; total allocated: 1 of 2000]
149463 [Forwarding findElement on session 26e90cf751a94491357d237ee8548956 to remote] DEBUG org.apache.http.impl.conn.PoolingHttpClientConnectionManager  - Connection leased: [id: 113][route: {}->http://localhost:39717][total kept alive: 0; route allocated: 1 of 2000; total allocated: 1 of 2000]
149463 [Forwarding findElement on session 26e90cf751a94491357d237ee8548956 to remote] DEBUG org.apache.http.impl.conn.PoolingHttpClientConnectionManager  - Connection leased: [id: 113][route: {}->http://localhost:39717][total kept alive: 0; route allocated: 1 of 2000; total allocated: 1 of 2000]
149463 [Forwarding findElement on session 26e90cf751a94491357d237ee8548956 to remote] DEBUG org.apache.http.impl.execchain.MainClientExec  - Opening connection {}->http://localhost:39717
149463 [Forwarding findElement on session 26e90cf751a94491357d237ee8548956 to remote] DEBUG org.apache.http.impl.execchain.MainClientExec  - Opening connection {}->http://localhost:39717
149463 [Forwarding findElement on session 26e90cf751a94491357d237ee8548956 to remote] DEBUG org.apache.http.impl.execchain.MainClientExec  - Opening connection {}->http://localhost:39717
149463 [Forwarding findElement on session 26e90cf751a94491357d237ee8548956 to remote] DEBUG org.apache.http.impl.execchain.MainClientExec  - Opening connection {}->http://localhost:39717
149463 [Forwarding findElement on session 26e90cf751a94491357d237ee8548956 to remote] DEBUG org.apache.http.impl.conn.DefaultHttpClientConnectionOperator  - Connecting to localhost/127.0.0.1:39717
149463 [Forwarding findElement on session 26e90cf751a94491357d237ee8548956 to remote] DEBUG org.apache.http.impl.conn.DefaultHttpClientConnectionOperator  - Connecting to localhost/127.0.0.1:39717
149463 [Forwarding findElement on session 26e90cf751a94491357d237ee8548956 to remote] DEBUG org.apache.http.impl.conn.DefaultHttpClientConnectionOperator  - Connecting to localhost/127.0.0.1:39717
149463 [Forwarding findElement on session 26e90cf751a94491357d237ee8548956 to remote] DEBUG org.apache.http.impl.conn.DefaultHttpClientConnectionOperator  - Connecting to localhost/127.0.0.1:39717
149464 [Forwarding findElement on session 26e90cf751a94491357d237ee8548956 to remote] DEBUG org.apache.http.impl.conn.DefaultHttpClientConnectionOperator  - Connection established 127.0.0.1:53085<->127.0.0.1:39717
149464 [Forwarding findElement on session 26e90cf751a94491357d237ee8548956 to remote] DEBUG org.apache.http.impl.conn.DefaultHttpClientConnectionOperator  - Connection established 127.0.0.1:53085<->127.0.0.1:39717
149464 [Forwarding findElement on session 26e90cf751a94491357d237ee8548956 to remote] DEBUG org.apache.http.impl.conn.DefaultHttpClientConnectionOperator  - Connection established 127.0.0.1:53085<->127.0.0.1:39717
149464 [Forwarding findElement on session 26e90cf751a94491357d237ee8548956 to remote] DEBUG org.apache.http.impl.conn.DefaultHttpClientConnectionOperator  - Connection established 127.0.0.1:53085<->127.0.0.1:39717
149464 [Forwarding findElement on session 26e90cf751a94491357d237ee8548956 to remote] DEBUG org.apache.http.impl.conn.DefaultManagedHttpClientConnection  - http-outgoing-113: set socket timeout to 10800000
149464 [Forwarding findElement on session 26e90cf751a94491357d237ee8548956 to remote] DEBUG org.apache.http.impl.conn.DefaultManagedHttpClientConnection  - http-outgoing-113: set socket timeout to 10800000
149464 [Forwarding findElement on session 26e90cf751a94491357d237ee8548956 to remote] DEBUG org.apache.http.impl.conn.DefaultManagedHttpClientConnection  - http-outgoing-113: set socket timeout to 10800000
149464 [Forwarding findElement on session 26e90cf751a94491357d237ee8548956 to remote] DEBUG org.apache.http.impl.conn.DefaultManagedHttpClientConnection  - http-outgoing-113: set socket timeout to 10800000
149464 [Forwarding findElement on session 26e90cf751a94491357d237ee8548956 to remote] DEBUG org.apache.http.impl.execchain.MainClientExec  - Executing request POST /session/26e90cf751a94491357d237ee8548956/element HTTP/1.1
149464 [Forwarding findElement on session 26e90cf751a94491357d237ee8548956 to remote] DEBUG org.apache.http.impl.execchain.MainClientExec  - Executing request POST /session/26e90cf751a94491357d237ee8548956/element HTTP/1.1
149464 [Forwarding findElement on session 26e90cf751a94491357d237ee8548956 to remote] DEBUG org.apache.http.impl.execchain.MainClientExec  - Executing request POST /session/26e90cf751a94491357d237ee8548956/element HTTP/1.1
149464 [Forwarding findElement on session 26e90cf751a94491357d237ee8548956 to remote] DEBUG org.apache.http.impl.execchain.MainClientExec  - Executing request POST /session/26e90cf751a94491357d237ee8548956/element HTTP/1.1
149464 [Forwarding findElement on session 26e90cf751a94491357d237ee8548956 to remote] DEBUG org.apache.http.impl.execchain.MainClientExec  - Target auth state: UNCHALLENGED
149464 [Forwarding findElement on session 26e90cf751a94491357d237ee8548956 to remote] DEBUG org.apache.http.impl.execchain.MainClientExec  - Target auth state: UNCHALLENGED
149464 [Forwarding findElement on session 26e90cf751a94491357d237ee8548956 to remote] DEBUG org.apache.http.impl.execchain.MainClientExec  - Target auth state: UNCHALLENGED
149464 [Forwarding findElement on session 26e90cf751a94491357d237ee8548956 to remote] DEBUG org.apache.http.impl.execchain.MainClientExec  - Target auth state: UNCHALLENGED
149464 [Forwarding findElement on session 26e90cf751a94491357d237ee8548956 to remote] DEBUG org.apache.http.impl.execchain.MainClientExec  - Proxy auth state: UNCHALLENGED
149464 [Forwarding findElement on session 26e90cf751a94491357d237ee8548956 to remote] DEBUG org.apache.http.impl.execchain.MainClientExec  - Proxy auth state: UNCHALLENGED
149464 [Forwarding findElement on session 26e90cf751a94491357d237ee8548956 to remote] DEBUG org.apache.http.impl.execchain.MainClientExec  - Proxy auth state: UNCHALLENGED
149464 [Forwarding findElement on session 26e90cf751a94491357d237ee8548956 to remote] DEBUG org.apache.http.impl.execchain.MainClientExec  - Proxy auth state: UNCHALLENGED
149464 [Forwarding findElement on session 26e90cf751a94491357d237ee8548956 to remote] DEBUG org.apache.http.headers  - http-outgoing-113 >> POST /session/26e90cf751a94491357d237ee8548956/element HTTP/1.1
149464 [Forwarding findElement on session 26e90cf751a94491357d237ee8548956 to remote] DEBUG org.apache.http.headers  - http-outgoing-113 >> POST /session/26e90cf751a94491357d237ee8548956/element HTTP/1.1
149464 [Forwarding findElement on session 26e90cf751a94491357d237ee8548956 to remote] DEBUG org.apache.http.headers  - http-outgoing-113 >> POST /session/26e90cf751a94491357d237ee8548956/element HTTP/1.1
149464 [Forwarding findElement on session 26e90cf751a94491357d237ee8548956 to remote] DEBUG org.apache.http.headers  - http-outgoing-113 >> POST /session/26e90cf751a94491357d237ee8548956/element HTTP/1.1
149464 [Forwarding findElement on session 26e90cf751a94491357d237ee8548956 to remote] DEBUG org.apache.http.headers  - http-outgoing-113 >> Content-Type: application/json; charset=utf-8
149464 [Forwarding findElement on session 26e90cf751a94491357d237ee8548956 to remote] DEBUG org.apache.http.headers  - http-outgoing-113 >> Content-Type: application/json; charset=utf-8
149464 [Forwarding findElement on session 26e90cf751a94491357d237ee8548956 to remote] DEBUG org.apache.http.headers  - http-outgoing-113 >> Content-Type: application/json; charset=utf-8
149464 [Forwarding findElement on session 26e90cf751a94491357d237ee8548956 to remote] DEBUG org.apache.http.headers  - http-outgoing-113 >> Content-Type: application/json; charset=utf-8
149464 [Forwarding findElement on session 26e90cf751a94491357d237ee8548956 to remote] DEBUG org.apache.http.headers  - http-outgoing-113 >> Content-Length: 46
149464 [Forwarding findElement on session 26e90cf751a94491357d237ee8548956 to remote] DEBUG org.apache.http.headers  - http-outgoing-113 >> Content-Length: 46
149464 [Forwarding findElement on session 26e90cf751a94491357d237ee8548956 to remote] DEBUG org.apache.http.headers  - http-outgoing-113 >> Content-Length: 46
149464 [Forwarding findElement on session 26e90cf751a94491357d237ee8548956 to remote] DEBUG org.apache.http.headers  - http-outgoing-113 >> Content-Length: 46
149464 [Forwarding findElement on session 26e90cf751a94491357d237ee8548956 to remote] DEBUG org.apache.http.headers  - http-outgoing-113 >> Host: localhost:39717
149464 [Forwarding findElement on session 26e90cf751a94491357d237ee8548956 to remote] DEBUG org.apache.http.headers  - http-outgoing-113 >> Host: localhost:39717
149464 [Forwarding findElement on session 26e90cf751a94491357d237ee8548956 to remote] DEBUG org.apache.http.headers  - http-outgoing-113 >> Host: localhost:39717
149464 [Forwarding findElement on session 26e90cf751a94491357d237ee8548956 to remote] DEBUG org.apache.http.headers  - http-outgoing-113 >> Host: localhost:39717
149464 [Forwarding findElement on session 26e90cf751a94491357d237ee8548956 to remote] DEBUG org.apache.http.headers  - http-outgoing-113 >> Connection: Keep-Alive
149464 [Forwarding findElement on session 26e90cf751a94491357d237ee8548956 to remote] DEBUG org.apache.http.headers  - http-outgoing-113 >> Connection: Keep-Alive
149464 [Forwarding findElement on session 26e90cf751a94491357d237ee8548956 to remote] DEBUG org.apache.http.headers  - http-outgoing-113 >> Connection: Keep-Alive
149464 [Forwarding findElement on session 26e90cf751a94491357d237ee8548956 to remote] DEBUG org.apache.http.headers  - http-outgoing-113 >> Connection: Keep-Alive
149464 [Forwarding findElement on session 26e90cf751a94491357d237ee8548956 to remote] DEBUG org.apache.http.headers  - http-outgoing-113 >> User-Agent: Apache-HttpClient/4.5.2 (Java/1.8.0_91)
149464 [Forwarding findElement on session 26e90cf751a94491357d237ee8548956 to remote] DEBUG org.apache.http.headers  - http-outgoing-113 >> User-Agent: Apache-HttpClient/4.5.2 (Java/1.8.0_91)
149464 [Forwarding findElement on session 26e90cf751a94491357d237ee8548956 to remote] DEBUG org.apache.http.headers  - http-outgoing-113 >> User-Agent: Apache-HttpClient/4.5.2 (Java/1.8.0_91)
149464 [Forwarding findElement on session 26e90cf751a94491357d237ee8548956 to remote] DEBUG org.apache.http.headers  - http-outgoing-113 >> User-Agent: Apache-HttpClient/4.5.2 (Java/1.8.0_91)
149465 [Forwarding findElement on session 26e90cf751a94491357d237ee8548956 to remote] DEBUG org.apache.http.headers  - http-outgoing-113 >> Accept-Encoding: gzip,deflate
149465 [Forwarding findElement on session 26e90cf751a94491357d237ee8548956 to remote] DEBUG org.apache.http.headers  - http-outgoing-113 >> Accept-Encoding: gzip,deflate
149465 [Forwarding findElement on session 26e90cf751a94491357d237ee8548956 to remote] DEBUG org.apache.http.headers  - http-outgoing-113 >> Accept-Encoding: gzip,deflate
149465 [Forwarding findElement on session 26e90cf751a94491357d237ee8548956 to remote] DEBUG org.apache.http.headers  - http-outgoing-113 >> Accept-Encoding: gzip,deflate
149465 [Forwarding findElement on session 26e90cf751a94491357d237ee8548956 to remote] DEBUG org.apache.http.wire  - http-outgoing-113 >> "POST /session/26e90cf751a94491357d237ee8548956/element HTTP/1.1[\r][\n]"
149465 [Forwarding findElement on session 26e90cf751a94491357d237ee8548956 to remote] DEBUG org.apache.http.wire  - http-outgoing-113 >> "POST /session/26e90cf751a94491357d237ee8548956/element HTTP/1.1[\r][\n]"
149465 [Forwarding findElement on session 26e90cf751a94491357d237ee8548956 to remote] DEBUG org.apache.http.wire  - http-outgoing-113 >> "POST /session/26e90cf751a94491357d237ee8548956/element HTTP/1.1[\r][\n]"
149465 [Forwarding findElement on session 26e90cf751a94491357d237ee8548956 to remote] DEBUG org.apache.http.wire  - http-outgoing-113 >> "POST /session/26e90cf751a94491357d237ee8548956/element HTTP/1.1[\r][\n]"
149465 [Forwarding findElement on session 26e90cf751a94491357d237ee8548956 to remote] DEBUG org.apache.http.wire  - http-outgoing-113 >> "Content-Type: application/json; charset=utf-8[\r][\n]"
149465 [Forwarding findElement on session 26e90cf751a94491357d237ee8548956 to remote] DEBUG org.apache.http.wire  - http-outgoing-113 >> "Content-Type: application/json; charset=utf-8[\r][\n]"
149465 [Forwarding findElement on session 26e90cf751a94491357d237ee8548956 to remote] DEBUG org.apache.http.wire  - http-outgoing-113 >> "Content-Type: application/json; charset=utf-8[\r][\n]"
149465 [Forwarding findElement on session 26e90cf751a94491357d237ee8548956 to remote] DEBUG org.apache.http.wire  - http-outgoing-113 >> "Content-Type: application/json; charset=utf-8[\r][\n]"
149465 [Forwarding findElement on session 26e90cf751a94491357d237ee8548956 to remote] DEBUG org.apache.http.wire  - http-outgoing-113 >> "Content-Length: 46[\r][\n]"
149465 [Forwarding findElement on session 26e90cf751a94491357d237ee8548956 to remote] DEBUG org.apache.http.wire  - http-outgoing-113 >> "Content-Length: 46[\r][\n]"
149465 [Forwarding findElement on session 26e90cf751a94491357d237ee8548956 to remote] DEBUG org.apache.http.wire  - http-outgoing-113 >> "Content-Length: 46[\r][\n]"
149465 [Forwarding findElement on session 26e90cf751a94491357d237ee8548956 to remote] DEBUG org.apache.http.wire  - http-outgoing-113 >> "Content-Length: 46[\r][\n]"
149465 [Forwarding findElement on session 26e90cf751a94491357d237ee8548956 to remote] DEBUG org.apache.http.wire  - http-outgoing-113 >> "Host: localhost:39717[\r][\n]"
149465 [Forwarding findElement on session 26e90cf751a94491357d237ee8548956 to remote] DEBUG org.apache.http.wire  - http-outgoing-113 >> "Host: localhost:39717[\r][\n]"
149465 [Forwarding findElement on session 26e90cf751a94491357d237ee8548956 to remote] DEBUG org.apache.http.wire  - http-outgoing-113 >> "Host: localhost:39717[\r][\n]"
149465 [Forwarding findElement on session 26e90cf751a94491357d237ee8548956 to remote] DEBUG org.apache.http.wire  - http-outgoing-113 >> "Host: localhost:39717[\r][\n]"
149465 [Forwarding findElement on session 26e90cf751a94491357d237ee8548956 to remote] DEBUG org.apache.http.wire  - http-outgoing-113 >> "Connection: Keep-Alive[\r][\n]"
149465 [Forwarding findElement on session 26e90cf751a94491357d237ee8548956 to remote] DEBUG org.apache.http.wire  - http-outgoing-113 >> "Connection: Keep-Alive[\r][\n]"
149465 [Forwarding findElement on session 26e90cf751a94491357d237ee8548956 to remote] DEBUG org.apache.http.wire  - http-outgoing-113 >> "Connection: Keep-Alive[\r][\n]"
149465 [Forwarding findElement on session 26e90cf751a94491357d237ee8548956 to remote] DEBUG org.apache.http.wire  - http-outgoing-113 >> "Connection: Keep-Alive[\r][\n]"
149465 [Forwarding findElement on session 26e90cf751a94491357d237ee8548956 to remote] DEBUG org.apache.http.wire  - http-outgoing-113 >> "User-Agent: Apache-HttpClient/4.5.2 (Java/1.8.0_91)[\r][\n]"
149465 [Forwarding findElement on session 26e90cf751a94491357d237ee8548956 to remote] DEBUG org.apache.http.wire  - http-outgoing-113 >> "User-Agent: Apache-HttpClient/4.5.2 (Java/1.8.0_91)[\r][\n]"
149465 [Forwarding findElement on session 26e90cf751a94491357d237ee8548956 to remote] DEBUG org.apache.http.wire  - http-outgoing-113 >> "User-Agent: Apache-HttpClient/4.5.2 (Java/1.8.0_91)[\r][\n]"
149465 [Forwarding findElement on session 26e90cf751a94491357d237ee8548956 to remote] DEBUG org.apache.http.wire  - http-outgoing-113 >> "User-Agent: Apache-HttpClient/4.5.2 (Java/1.8.0_91)[\r][\n]"
149465 [Forwarding findElement on session 26e90cf751a94491357d237ee8548956 to remote] DEBUG org.apache.http.wire  - http-outgoing-113 >> "Accept-Encoding: gzip,deflate[\r][\n]"
149465 [Forwarding findElement on session 26e90cf751a94491357d237ee8548956 to remote] DEBUG org.apache.http.wire  - http-outgoing-113 >> "Accept-Encoding: gzip,deflate[\r][\n]"
149465 [Forwarding findElement on session 26e90cf751a94491357d237ee8548956 to remote] DEBUG org.apache.http.wire  - http-outgoing-113 >> "Accept-Encoding: gzip,deflate[\r][\n]"
149465 [Forwarding findElement on session 26e90cf751a94491357d237ee8548956 to remote] DEBUG org.apache.http.wire  - http-outgoing-113 >> "Accept-Encoding: gzip,deflate[\r][\n]"
149465 [Forwarding findElement on session 26e90cf751a94491357d237ee8548956 to remote] DEBUG org.apache.http.wire  - http-outgoing-113 >> "[\r][\n]"
149465 [Forwarding findElement on session 26e90cf751a94491357d237ee8548956 to remote] DEBUG org.apache.http.wire  - http-outgoing-113 >> "[\r][\n]"
149465 [Forwarding findElement on session 26e90cf751a94491357d237ee8548956 to remote] DEBUG org.apache.http.wire  - http-outgoing-113 >> "[\r][\n]"
149465 [Forwarding findElement on session 26e90cf751a94491357d237ee8548956 to remote] DEBUG org.apache.http.wire  - http-outgoing-113 >> "[\r][\n]"
149465 [Forwarding findElement on session 26e90cf751a94491357d237ee8548956 to remote] DEBUG org.apache.http.wire  - http-outgoing-113 >> "{"using":"css selector","value":"#searchIcon"}"
149465 [Forwarding findElement on session 26e90cf751a94491357d237ee8548956 to remote] DEBUG org.apache.http.wire  - http-outgoing-113 >> "{"using":"css selector","value":"#searchIcon"}"
149465 [Forwarding findElement on session 26e90cf751a94491357d237ee8548956 to remote] DEBUG org.apache.http.wire  - http-outgoing-113 >> "{"using":"css selector","value":"#searchIcon"}"
149465 [Forwarding findElement on session 26e90cf751a94491357d237ee8548956 to remote] DEBUG org.apache.http.wire  - http-outgoing-113 >> "{"using":"css selector","value":"#searchIcon"}"
149493 [Forwarding findElement on session 26e90cf751a94491357d237ee8548956 to remote] DEBUG org.apache.http.wire  - http-outgoing-113 << "HTTP/1.1 200 OK[\r][\n]"
149493 [Forwarding findElement on session 26e90cf751a94491357d237ee8548956 to remote] DEBUG org.apache.http.wire  - http-outgoing-113 << "HTTP/1.1 200 OK[\r][\n]"
149493 [Forwarding findElement on session 26e90cf751a94491357d237ee8548956 to remote] DEBUG org.apache.http.wire  - http-outgoing-113 << "HTTP/1.1 200 OK[\r][\n]"
149493 [Forwarding findElement on session 26e90cf751a94491357d237ee8548956 to remote] DEBUG org.apache.http.wire  - http-outgoing-113 << "HTTP/1.1 200 OK[\r][\n]"
149493 [Forwarding findElement on session 26e90cf751a94491357d237ee8548956 to remote] DEBUG org.apache.http.wire  - http-outgoing-113 << "Content-Length:102[\r][\n]"
149493 [Forwarding findElement on session 26e90cf751a94491357d237ee8548956 to remote] DEBUG org.apache.http.wire  - http-outgoing-113 << "Content-Length:102[\r][\n]"
149493 [Forwarding findElement on session 26e90cf751a94491357d237ee8548956 to remote] DEBUG org.apache.http.wire  - http-outgoing-113 << "Content-Length:102[\r][\n]"
149493 [Forwarding findElement on session 26e90cf751a94491357d237ee8548956 to remote] DEBUG org.apache.http.wire  - http-outgoing-113 << "Content-Length:102[\r][\n]"
149494 [Forwarding findElement on session 26e90cf751a94491357d237ee8548956 to remote] DEBUG org.apache.http.wire  - http-outgoing-113 << "Content-Type:application/json; charset=utf-8[\r][\n]"
149494 [Forwarding findElement on session 26e90cf751a94491357d237ee8548956 to remote] DEBUG org.apache.http.wire  - http-outgoing-113 << "Content-Type:application/json; charset=utf-8[\r][\n]"
149494 [Forwarding findElement on session 26e90cf751a94491357d237ee8548956 to remote] DEBUG org.apache.http.wire  - http-outgoing-113 << "Content-Type:application/json; charset=utf-8[\r][\n]"
149494 [Forwarding findElement on session 26e90cf751a94491357d237ee8548956 to remote] DEBUG org.apache.http.wire  - http-outgoing-113 << "Content-Type:application/json; charset=utf-8[\r][\n]"
149494 [Forwarding findElement on session 26e90cf751a94491357d237ee8548956 to remote] DEBUG org.apache.http.wire  - http-outgoing-113 << "Connection:close[\r][\n]"
149494 [Forwarding findElement on session 26e90cf751a94491357d237ee8548956 to remote] DEBUG org.apache.http.wire  - http-outgoing-113 << "Connection:close[\r][\n]"
149494 [Forwarding findElement on session 26e90cf751a94491357d237ee8548956 to remote] DEBUG org.apache.http.wire  - http-outgoing-113 << "Connection:close[\r][\n]"
149494 [Forwarding findElement on session 26e90cf751a94491357d237ee8548956 to remote] DEBUG org.apache.http.wire  - http-outgoing-113 << "Connection:close[\r][\n]"
149494 [Forwarding findElement on session 26e90cf751a94491357d237ee8548956 to remote] DEBUG org.apache.http.wire  - http-outgoing-113 << "[\r][\n]"
149494 [Forwarding findElement on session 26e90cf751a94491357d237ee8548956 to remote] DEBUG org.apache.http.wire  - http-outgoing-113 << "[\r][\n]"
149494 [Forwarding findElement on session 26e90cf751a94491357d237ee8548956 to remote] DEBUG org.apache.http.wire  - http-outgoing-113 << "[\r][\n]"
149494 [Forwarding findElement on session 26e90cf751a94491357d237ee8548956 to remote] DEBUG org.apache.http.wire  - http-outgoing-113 << "[\r][\n]"
149494 [Forwarding findElement on session 26e90cf751a94491357d237ee8548956 to remote] DEBUG org.apache.http.wire  - http-outgoing-113 << "{"sessionId":"26e90cf751a94491357d237ee8548956","status":0,"value":{"ELEMENT":"0.1565790701831622-2"}}"
149494 [Forwarding findElement on session 26e90cf751a94491357d237ee8548956 to remote] DEBUG org.apache.http.wire  - http-outgoing-113 << "{"sessionId":"26e90cf751a94491357d237ee8548956","status":0,"value":{"ELEMENT":"0.1565790701831622-2"}}"
149494 [Forwarding findElement on session 26e90cf751a94491357d237ee8548956 to remote] DEBUG org.apache.http.wire  - http-outgoing-113 << "{"sessionId":"26e90cf751a94491357d237ee8548956","status":0,"value":{"ELEMENT":"0.1565790701831622-2"}}"
149494 [Forwarding findElement on session 26e90cf751a94491357d237ee8548956 to remote] DEBUG org.apache.http.wire  - http-outgoing-113 << "{"sessionId":"26e90cf751a94491357d237ee8548956","status":0,"value":{"ELEMENT":"0.1565790701831622-2"}}"
149494 [Forwarding findElement on session 26e90cf751a94491357d237ee8548956 to remote] DEBUG org.apache.http.headers  - http-outgoing-113 << HTTP/1.1 200 OK
149494 [Forwarding findElement on session 26e90cf751a94491357d237ee8548956 to remote] DEBUG org.apache.http.headers  - http-outgoing-113 << HTTP/1.1 200 OK
149494 [Forwarding findElement on session 26e90cf751a94491357d237ee8548956 to remote] DEBUG org.apache.http.headers  - http-outgoing-113 << HTTP/1.1 200 OK
149494 [Forwarding findElement on session 26e90cf751a94491357d237ee8548956 to remote] DEBUG org.apache.http.headers  - http-outgoing-113 << HTTP/1.1 200 OK
149494 [Forwarding findElement on session 26e90cf751a94491357d237ee8548956 to remote] DEBUG org.apache.http.headers  - http-outgoing-113 << Content-Length:102
149494 [Forwarding findElement on session 26e90cf751a94491357d237ee8548956 to remote] DEBUG org.apache.http.headers  - http-outgoing-113 << Content-Length:102
149494 [Forwarding findElement on session 26e90cf751a94491357d237ee8548956 to remote] DEBUG org.apache.http.headers  - http-outgoing-113 << Content-Length:102
149494 [Forwarding findElement on session 26e90cf751a94491357d237ee8548956 to remote] DEBUG org.apache.http.headers  - http-outgoing-113 << Content-Length:102
149494 [Forwarding findElement on session 26e90cf751a94491357d237ee8548956 to remote] DEBUG org.apache.http.headers  - http-outgoing-113 << Content-Type:application/json; charset=utf-8
149494 [Forwarding findElement on session 26e90cf751a94491357d237ee8548956 to remote] DEBUG org.apache.http.headers  - http-outgoing-113 << Content-Type:application/json; charset=utf-8
149494 [Forwarding findElement on session 26e90cf751a94491357d237ee8548956 to remote] DEBUG org.apache.http.headers  - http-outgoing-113 << Content-Type:application/json; charset=utf-8
149494 [Forwarding findElement on session 26e90cf751a94491357d237ee8548956 to remote] DEBUG org.apache.http.headers  - http-outgoing-113 << Content-Type:application/json; charset=utf-8
149494 [Forwarding findElement on session 26e90cf751a94491357d237ee8548956 to remote] DEBUG org.apache.http.headers  - http-outgoing-113 << Connection:close
149494 [Forwarding findElement on session 26e90cf751a94491357d237ee8548956 to remote] DEBUG org.apache.http.headers  - http-outgoing-113 << Connection:close
149494 [Forwarding findElement on session 26e90cf751a94491357d237ee8548956 to remote] DEBUG org.apache.http.headers  - http-outgoing-113 << Connection:close
149494 [Forwarding findElement on session 26e90cf751a94491357d237ee8548956 to remote] DEBUG org.apache.http.headers  - http-outgoing-113 << Connection:close
149494 [Forwarding findElement on session 26e90cf751a94491357d237ee8548956 to remote] DEBUG org.apache.http.impl.conn.DefaultManagedHttpClientConnection  - http-outgoing-113: Close connection
149494 [Forwarding findElement on session 26e90cf751a94491357d237ee8548956 to remote] DEBUG org.apache.http.impl.conn.DefaultManagedHttpClientConnection  - http-outgoing-113: Close connection
149494 [Forwarding findElement on session 26e90cf751a94491357d237ee8548956 to remote] DEBUG org.apache.http.impl.conn.DefaultManagedHttpClientConnection  - http-outgoing-113: Close connection
149494 [Forwarding findElement on session 26e90cf751a94491357d237ee8548956 to remote] DEBUG org.apache.http.impl.conn.DefaultManagedHttpClientConnection  - http-outgoing-113: Close connection
149494 [Forwarding findElement on session 26e90cf751a94491357d237ee8548956 to remote] DEBUG org.apache.http.impl.execchain.MainClientExec  - Connection discarded
149494 [Forwarding findElement on session 26e90cf751a94491357d237ee8548956 to remote] DEBUG org.apache.http.impl.execchain.MainClientExec  - Connection discarded
149494 [Forwarding findElement on session 26e90cf751a94491357d237ee8548956 to remote] DEBUG org.apache.http.impl.execchain.MainClientExec  - Connection discarded
149494 [Forwarding findElement on session 26e90cf751a94491357d237ee8548956 to remote] DEBUG org.apache.http.impl.execchain.MainClientExec  - Connection discarded
149494 [Forwarding findElement on session 26e90cf751a94491357d237ee8548956 to remote] DEBUG org.apache.http.impl.conn.PoolingHttpClientConnectionManager  - Connection released: [id: 113][route: {}->http://localhost:39717][total kept alive: 0; route allocated: 0 of 2000; total allocated: 0 of 2000]
149494 [Forwarding findElement on session 26e90cf751a94491357d237ee8548956 to remote] DEBUG org.apache.http.impl.conn.PoolingHttpClientConnectionManager  - Connection released: [id: 113][route: {}->http://localhost:39717][total kept alive: 0; route allocated: 0 of 2000; total allocated: 0 of 2000]
149494 [Forwarding findElement on session 26e90cf751a94491357d237ee8548956 to remote] DEBUG org.apache.http.impl.conn.PoolingHttpClientConnectionManager  - Connection released: [id: 113][route: {}->http://localhost:39717][total kept alive: 0; route allocated: 0 of 2000; total allocated: 0 of 2000]
149494 [Forwarding findElement on session 26e90cf751a94491357d237ee8548956 to remote] DEBUG org.apache.http.impl.conn.PoolingHttpClientConnectionManager  - Connection released: [id: 113][route: {}->http://localhost:39717][total kept alive: 0; route allocated: 0 of 2000; total allocated: 0 of 2000]
149495 [Forwarding clickElement on session 26e90cf751a94491357d237ee8548956 to remote] DEBUG org.apache.http.client.protocol.RequestAddCookies  - CookieSpec selected: default
149495 [Forwarding clickElement on session 26e90cf751a94491357d237ee8548956 to remote] DEBUG org.apache.http.client.protocol.RequestAddCookies  - CookieSpec selected: default
149495 [Forwarding clickElement on session 26e90cf751a94491357d237ee8548956 to remote] DEBUG org.apache.http.client.protocol.RequestAddCookies  - CookieSpec selected: default
149495 [Forwarding clickElement on session 26e90cf751a94491357d237ee8548956 to remote] DEBUG org.apache.http.client.protocol.RequestAddCookies  - CookieSpec selected: default
149495 [Forwarding clickElement on session 26e90cf751a94491357d237ee8548956 to remote] DEBUG org.apache.http.client.protocol.RequestAuthCache  - Auth cache not set in the context
149495 [Forwarding clickElement on session 26e90cf751a94491357d237ee8548956 to remote] DEBUG org.apache.http.client.protocol.RequestAuthCache  - Auth cache not set in the context
149495 [Forwarding clickElement on session 26e90cf751a94491357d237ee8548956 to remote] DEBUG org.apache.http.client.protocol.RequestAuthCache  - Auth cache not set in the context
149495 [Forwarding clickElement on session 26e90cf751a94491357d237ee8548956 to remote] DEBUG org.apache.http.client.protocol.RequestAuthCache  - Auth cache not set in the context
149495 [Forwarding clickElement on session 26e90cf751a94491357d237ee8548956 to remote] DEBUG org.apache.http.impl.conn.PoolingHttpClientConnectionManager  - Connection request: [route: {}->http://localhost:39717][total kept alive: 0; route allocated: 0 of 2000; total allocated: 0 of 2000]
149495 [Forwarding clickElement on session 26e90cf751a94491357d237ee8548956 to remote] DEBUG org.apache.http.impl.conn.PoolingHttpClientConnectionManager  - Connection request: [route: {}->http://localhost:39717][total kept alive: 0; route allocated: 0 of 2000; total allocated: 0 of 2000]
149495 [Forwarding clickElement on session 26e90cf751a94491357d237ee8548956 to remote] DEBUG org.apache.http.impl.conn.PoolingHttpClientConnectionManager  - Connection request: [route: {}->http://localhost:39717][total kept alive: 0; route allocated: 0 of 2000; total allocated: 0 of 2000]
149495 [Forwarding clickElement on session 26e90cf751a94491357d237ee8548956 to remote] DEBUG org.apache.http.impl.conn.PoolingHttpClientConnectionManager  - Connection request: [route: {}->http://localhost:39717][total kept alive: 0; route allocated: 0 of 2000; total allocated: 0 of 2000]
149495 [Forwarding clickElement on session 26e90cf751a94491357d237ee8548956 to remote] DEBUG org.apache.http.impl.conn.PoolingHttpClientConnectionManager  - Connection leased: [id: 114][route: {}->http://localhost:39717][total kept alive: 0; route allocated: 1 of 2000; total allocated: 1 of 2000]
149495 [Forwarding clickElement on session 26e90cf751a94491357d237ee8548956 to remote] DEBUG org.apache.http.impl.conn.PoolingHttpClientConnectionManager  - Connection leased: [id: 114][route: {}->http://localhost:39717][total kept alive: 0; route allocated: 1 of 2000; total allocated: 1 of 2000]
149495 [Forwarding clickElement on session 26e90cf751a94491357d237ee8548956 to remote] DEBUG org.apache.http.impl.conn.PoolingHttpClientConnectionManager  - Connection leased: [id: 114][route: {}->http://localhost:39717][total kept alive: 0; route allocated: 1 of 2000; total allocated: 1 of 2000]
149495 [Forwarding clickElement on session 26e90cf751a94491357d237ee8548956 to remote] DEBUG org.apache.http.impl.conn.PoolingHttpClientConnectionManager  - Connection leased: [id: 114][route: {}->http://localhost:39717][total kept alive: 0; route allocated: 1 of 2000; total allocated: 1 of 2000]
149495 [Forwarding clickElement on session 26e90cf751a94491357d237ee8548956 to remote] DEBUG org.apache.http.impl.execchain.MainClientExec  - Opening connection {}->http://localhost:39717
149495 [Forwarding clickElement on session 26e90cf751a94491357d237ee8548956 to remote] DEBUG org.apache.http.impl.execchain.MainClientExec  - Opening connection {}->http://localhost:39717
149495 [Forwarding clickElement on session 26e90cf751a94491357d237ee8548956 to remote] DEBUG org.apache.http.impl.execchain.MainClientExec  - Opening connection {}->http://localhost:39717
149495 [Forwarding clickElement on session 26e90cf751a94491357d237ee8548956 to remote] DEBUG org.apache.http.impl.execchain.MainClientExec  - Opening connection {}->http://localhost:39717
149495 [Forwarding clickElement on session 26e90cf751a94491357d237ee8548956 to remote] DEBUG org.apache.http.impl.conn.DefaultHttpClientConnectionOperator  - Connecting to localhost/127.0.0.1:39717
149495 [Forwarding clickElement on session 26e90cf751a94491357d237ee8548956 to remote] DEBUG org.apache.http.impl.conn.DefaultHttpClientConnectionOperator  - Connecting to localhost/127.0.0.1:39717
149495 [Forwarding clickElement on session 26e90cf751a94491357d237ee8548956 to remote] DEBUG org.apache.http.impl.conn.DefaultHttpClientConnectionOperator  - Connecting to localhost/127.0.0.1:39717
149495 [Forwarding clickElement on session 26e90cf751a94491357d237ee8548956 to remote] DEBUG org.apache.http.impl.conn.DefaultHttpClientConnectionOperator  - Connecting to localhost/127.0.0.1:39717
149496 [Forwarding clickElement on session 26e90cf751a94491357d237ee8548956 to remote] DEBUG org.apache.http.impl.conn.DefaultHttpClientConnectionOperator  - Connection established 127.0.0.1:53086<->127.0.0.1:39717
149496 [Forwarding clickElement on session 26e90cf751a94491357d237ee8548956 to remote] DEBUG org.apache.http.impl.conn.DefaultHttpClientConnectionOperator  - Connection established 127.0.0.1:53086<->127.0.0.1:39717
149496 [Forwarding clickElement on session 26e90cf751a94491357d237ee8548956 to remote] DEBUG org.apache.http.impl.conn.DefaultHttpClientConnectionOperator  - Connection established 127.0.0.1:53086<->127.0.0.1:39717
149496 [Forwarding clickElement on session 26e90cf751a94491357d237ee8548956 to remote] DEBUG org.apache.http.impl.conn.DefaultHttpClientConnectionOperator  - Connection established 127.0.0.1:53086<->127.0.0.1:39717
149496 [Forwarding clickElement on session 26e90cf751a94491357d237ee8548956 to remote] DEBUG org.apache.http.impl.conn.DefaultManagedHttpClientConnection  - http-outgoing-114: set socket timeout to 10800000
149496 [Forwarding clickElement on session 26e90cf751a94491357d237ee8548956 to remote] DEBUG org.apache.http.impl.conn.DefaultManagedHttpClientConnection  - http-outgoing-114: set socket timeout to 10800000
149496 [Forwarding clickElement on session 26e90cf751a94491357d237ee8548956 to remote] DEBUG org.apache.http.impl.conn.DefaultManagedHttpClientConnection  - http-outgoing-114: set socket timeout to 10800000
149496 [Forwarding clickElement on session 26e90cf751a94491357d237ee8548956 to remote] DEBUG org.apache.http.impl.conn.DefaultManagedHttpClientConnection  - http-outgoing-114: set socket timeout to 10800000
149496 [Forwarding clickElement on session 26e90cf751a94491357d237ee8548956 to remote] DEBUG org.apache.http.impl.execchain.MainClientExec  - Executing request POST /session/26e90cf751a94491357d237ee8548956/element/0.1565790701831622-2/click HTTP/1.1
149496 [Forwarding clickElement on session 26e90cf751a94491357d237ee8548956 to remote] DEBUG org.apache.http.impl.execchain.MainClientExec  - Executing request POST /session/26e90cf751a94491357d237ee8548956/element/0.1565790701831622-2/click HTTP/1.1
149496 [Forwarding clickElement on session 26e90cf751a94491357d237ee8548956 to remote] DEBUG org.apache.http.impl.execchain.MainClientExec  - Executing request POST /session/26e90cf751a94491357d237ee8548956/element/0.1565790701831622-2/click HTTP/1.1
149496 [Forwarding clickElement on session 26e90cf751a94491357d237ee8548956 to remote] DEBUG org.apache.http.impl.execchain.MainClientExec  - Executing request POST /session/26e90cf751a94491357d237ee8548956/element/0.1565790701831622-2/click HTTP/1.1
149496 [Forwarding clickElement on session 26e90cf751a94491357d237ee8548956 to remote] DEBUG org.apache.http.impl.execchain.MainClientExec  - Target auth state: UNCHALLENGED
149496 [Forwarding clickElement on session 26e90cf751a94491357d237ee8548956 to remote] DEBUG org.apache.http.impl.execchain.MainClientExec  - Target auth state: UNCHALLENGED
149496 [Forwarding clickElement on session 26e90cf751a94491357d237ee8548956 to remote] DEBUG org.apache.http.impl.execchain.MainClientExec  - Target auth state: UNCHALLENGED
149496 [Forwarding clickElement on session 26e90cf751a94491357d237ee8548956 to remote] DEBUG org.apache.http.impl.execchain.MainClientExec  - Target auth state: UNCHALLENGED
149496 [Forwarding clickElement on session 26e90cf751a94491357d237ee8548956 to remote] DEBUG org.apache.http.impl.execchain.MainClientExec  - Proxy auth state: UNCHALLENGED
149496 [Forwarding clickElement on session 26e90cf751a94491357d237ee8548956 to remote] DEBUG org.apache.http.impl.execchain.MainClientExec  - Proxy auth state: UNCHALLENGED
149496 [Forwarding clickElement on session 26e90cf751a94491357d237ee8548956 to remote] DEBUG org.apache.http.impl.execchain.MainClientExec  - Proxy auth state: UNCHALLENGED
149496 [Forwarding clickElement on session 26e90cf751a94491357d237ee8548956 to remote] DEBUG org.apache.http.impl.execchain.MainClientExec  - Proxy auth state: UNCHALLENGED
149496 [Forwarding clickElement on session 26e90cf751a94491357d237ee8548956 to remote] DEBUG org.apache.http.headers  - http-outgoing-114 >> POST /session/26e90cf751a94491357d237ee8548956/element/0.1565790701831622-2/click HTTP/1.1
149496 [Forwarding clickElement on session 26e90cf751a94491357d237ee8548956 to remote] DEBUG org.apache.http.headers  - http-outgoing-114 >> POST /session/26e90cf751a94491357d237ee8548956/element/0.1565790701831622-2/click HTTP/1.1
149496 [Forwarding clickElement on session 26e90cf751a94491357d237ee8548956 to remote] DEBUG org.apache.http.headers  - http-outgoing-114 >> POST /session/26e90cf751a94491357d237ee8548956/element/0.1565790701831622-2/click HTTP/1.1
149496 [Forwarding clickElement on session 26e90cf751a94491357d237ee8548956 to remote] DEBUG org.apache.http.headers  - http-outgoing-114 >> POST /session/26e90cf751a94491357d237ee8548956/element/0.1565790701831622-2/click HTTP/1.1
149496 [Forwarding clickElement on session 26e90cf751a94491357d237ee8548956 to remote] DEBUG org.apache.http.headers  - http-outgoing-114 >> Content-Type: application/json; charset=utf-8
149496 [Forwarding clickElement on session 26e90cf751a94491357d237ee8548956 to remote] DEBUG org.apache.http.headers  - http-outgoing-114 >> Content-Type: application/json; charset=utf-8
149496 [Forwarding clickElement on session 26e90cf751a94491357d237ee8548956 to remote] DEBUG org.apache.http.headers  - http-outgoing-114 >> Content-Type: application/json; charset=utf-8
149496 [Forwarding clickElement on session 26e90cf751a94491357d237ee8548956 to remote] DEBUG org.apache.http.headers  - http-outgoing-114 >> Content-Type: application/json; charset=utf-8
149496 [Forwarding clickElement on session 26e90cf751a94491357d237ee8548956 to remote] DEBUG org.apache.http.headers  - http-outgoing-114 >> Content-Length: 29
149496 [Forwarding clickElement on session 26e90cf751a94491357d237ee8548956 to remote] DEBUG org.apache.http.headers  - http-outgoing-114 >> Content-Length: 29
149496 [Forwarding clickElement on session 26e90cf751a94491357d237ee8548956 to remote] DEBUG org.apache.http.headers  - http-outgoing-114 >> Content-Length: 29
149496 [Forwarding clickElement on session 26e90cf751a94491357d237ee8548956 to remote] DEBUG org.apache.http.headers  - http-outgoing-114 >> Content-Length: 29
149496 [Forwarding clickElement on session 26e90cf751a94491357d237ee8548956 to remote] DEBUG org.apache.http.headers  - http-outgoing-114 >> Host: localhost:39717
149496 [Forwarding clickElement on session 26e90cf751a94491357d237ee8548956 to remote] DEBUG org.apache.http.headers  - http-outgoing-114 >> Host: localhost:39717
149496 [Forwarding clickElement on session 26e90cf751a94491357d237ee8548956 to remote] DEBUG org.apache.http.headers  - http-outgoing-114 >> Host: localhost:39717
149496 [Forwarding clickElement on session 26e90cf751a94491357d237ee8548956 to remote] DEBUG org.apache.http.headers  - http-outgoing-114 >> Host: localhost:39717
149496 [Forwarding clickElement on session 26e90cf751a94491357d237ee8548956 to remote] DEBUG org.apache.http.headers  - http-outgoing-114 >> Connection: Keep-Alive
149496 [Forwarding clickElement on session 26e90cf751a94491357d237ee8548956 to remote] DEBUG org.apache.http.headers  - http-outgoing-114 >> Connection: Keep-Alive
149496 [Forwarding clickElement on session 26e90cf751a94491357d237ee8548956 to remote] DEBUG org.apache.http.headers  - http-outgoing-114 >> Connection: Keep-Alive
149496 [Forwarding clickElement on session 26e90cf751a94491357d237ee8548956 to remote] DEBUG org.apache.http.headers  - http-outgoing-114 >> Connection: Keep-Alive
149496 [Forwarding clickElement on session 26e90cf751a94491357d237ee8548956 to remote] DEBUG org.apache.http.headers  - http-outgoing-114 >> User-Agent: Apache-HttpClient/4.5.2 (Java/1.8.0_91)
149496 [Forwarding clickElement on session 26e90cf751a94491357d237ee8548956 to remote] DEBUG org.apache.http.headers  - http-outgoing-114 >> User-Agent: Apache-HttpClient/4.5.2 (Java/1.8.0_91)
149496 [Forwarding clickElement on session 26e90cf751a94491357d237ee8548956 to remote] DEBUG org.apache.http.headers  - http-outgoing-114 >> User-Agent: Apache-HttpClient/4.5.2 (Java/1.8.0_91)
149496 [Forwarding clickElement on session 26e90cf751a94491357d237ee8548956 to remote] DEBUG org.apache.http.headers  - http-outgoing-114 >> User-Agent: Apache-HttpClient/4.5.2 (Java/1.8.0_91)
149496 [Forwarding clickElement on session 26e90cf751a94491357d237ee8548956 to remote] DEBUG org.apache.http.headers  - http-outgoing-114 >> Accept-Encoding: gzip,deflate
149496 [Forwarding clickElement on session 26e90cf751a94491357d237ee8548956 to remote] DEBUG org.apache.http.headers  - http-outgoing-114 >> Accept-Encoding: gzip,deflate
149496 [Forwarding clickElement on session 26e90cf751a94491357d237ee8548956 to remote] DEBUG org.apache.http.headers  - http-outgoing-114 >> Accept-Encoding: gzip,deflate
149496 [Forwarding clickElement on session 26e90cf751a94491357d237ee8548956 to remote] DEBUG org.apache.http.headers  - http-outgoing-114 >> Accept-Encoding: gzip,deflate
149496 [Forwarding clickElement on session 26e90cf751a94491357d237ee8548956 to remote] DEBUG org.apache.http.wire  - http-outgoing-114 >> "POST /session/26e90cf751a94491357d237ee8548956/element/0.1565790701831622-2/click HTTP/1.1[\r][\n]"
149496 [Forwarding clickElement on session 26e90cf751a94491357d237ee8548956 to remote] DEBUG org.apache.http.wire  - http-outgoing-114 >> "POST /session/26e90cf751a94491357d237ee8548956/element/0.1565790701831622-2/click HTTP/1.1[\r][\n]"
149496 [Forwarding clickElement on session 26e90cf751a94491357d237ee8548956 to remote] DEBUG org.apache.http.wire  - http-outgoing-114 >> "POST /session/26e90cf751a94491357d237ee8548956/element/0.1565790701831622-2/click HTTP/1.1[\r][\n]"
149496 [Forwarding clickElement on session 26e90cf751a94491357d237ee8548956 to remote] DEBUG org.apache.http.wire  - http-outgoing-114 >> "POST /session/26e90cf751a94491357d237ee8548956/element/0.1565790701831622-2/click HTTP/1.1[\r][\n]"
149496 [Forwarding clickElement on session 26e90cf751a94491357d237ee8548956 to remote] DEBUG org.apache.http.wire  - http-outgoing-114 >> "Content-Type: application/json; charset=utf-8[\r][\n]"
149496 [Forwarding clickElement on session 26e90cf751a94491357d237ee8548956 to remote] DEBUG org.apache.http.wire  - http-outgoing-114 >> "Content-Type: application/json; charset=utf-8[\r][\n]"
149496 [Forwarding clickElement on session 26e90cf751a94491357d237ee8548956 to remote] DEBUG org.apache.http.wire  - http-outgoing-114 >> "Content-Type: application/json; charset=utf-8[\r][\n]"
149496 [Forwarding clickElement on session 26e90cf751a94491357d237ee8548956 to remote] DEBUG org.apache.http.wire  - http-outgoing-114 >> "Content-Type: application/json; charset=utf-8[\r][\n]"
149496 [Forwarding clickElement on session 26e90cf751a94491357d237ee8548956 to remote] DEBUG org.apache.http.wire  - http-outgoing-114 >> "Content-Length: 29[\r][\n]"
149496 [Forwarding clickElement on session 26e90cf751a94491357d237ee8548956 to remote] DEBUG org.apache.http.wire  - http-outgoing-114 >> "Content-Length: 29[\r][\n]"
149496 [Forwarding clickElement on session 26e90cf751a94491357d237ee8548956 to remote] DEBUG org.apache.http.wire  - http-outgoing-114 >> "Content-Length: 29[\r][\n]"
149496 [Forwarding clickElement on session 26e90cf751a94491357d237ee8548956 to remote] DEBUG org.apache.http.wire  - http-outgoing-114 >> "Content-Length: 29[\r][\n]"
149496 [Forwarding clickElement on session 26e90cf751a94491357d237ee8548956 to remote] DEBUG org.apache.http.wire  - http-outgoing-114 >> "Host: localhost:39717[\r][\n]"
149496 [Forwarding clickElement on session 26e90cf751a94491357d237ee8548956 to remote] DEBUG org.apache.http.wire  - http-outgoing-114 >> "Host: localhost:39717[\r][\n]"
149496 [Forwarding clickElement on session 26e90cf751a94491357d237ee8548956 to remote] DEBUG org.apache.http.wire  - http-outgoing-114 >> "Host: localhost:39717[\r][\n]"
149496 [Forwarding clickElement on session 26e90cf751a94491357d237ee8548956 to remote] DEBUG org.apache.http.wire  - http-outgoing-114 >> "Host: localhost:39717[\r][\n]"
149496 [Forwarding clickElement on session 26e90cf751a94491357d237ee8548956 to remote] DEBUG org.apache.http.wire  - http-outgoing-114 >> "Connection: Keep-Alive[\r][\n]"
149496 [Forwarding clickElement on session 26e90cf751a94491357d237ee8548956 to remote] DEBUG org.apache.http.wire  - http-outgoing-114 >> "Connection: Keep-Alive[\r][\n]"
149496 [Forwarding clickElement on session 26e90cf751a94491357d237ee8548956 to remote] DEBUG org.apache.http.wire  - http-outgoing-114 >> "Connection: Keep-Alive[\r][\n]"
149496 [Forwarding clickElement on session 26e90cf751a94491357d237ee8548956 to remote] DEBUG org.apache.http.wire  - http-outgoing-114 >> "Connection: Keep-Alive[\r][\n]"
149496 [Forwarding clickElement on session 26e90cf751a94491357d237ee8548956 to remote] DEBUG org.apache.http.wire  - http-outgoing-114 >> "User-Agent: Apache-HttpClient/4.5.2 (Java/1.8.0_91)[\r][\n]"
149496 [Forwarding clickElement on session 26e90cf751a94491357d237ee8548956 to remote] DEBUG org.apache.http.wire  - http-outgoing-114 >> "User-Agent: Apache-HttpClient/4.5.2 (Java/1.8.0_91)[\r][\n]"
149496 [Forwarding clickElement on session 26e90cf751a94491357d237ee8548956 to remote] DEBUG org.apache.http.wire  - http-outgoing-114 >> "User-Agent: Apache-HttpClient/4.5.2 (Java/1.8.0_91)[\r][\n]"
149496 [Forwarding clickElement on session 26e90cf751a94491357d237ee8548956 to remote] DEBUG org.apache.http.wire  - http-outgoing-114 >> "User-Agent: Apache-HttpClient/4.5.2 (Java/1.8.0_91)[\r][\n]"
149497 [Forwarding clickElement on session 26e90cf751a94491357d237ee8548956 to remote] DEBUG org.apache.http.wire  - http-outgoing-114 >> "Accept-Encoding: gzip,deflate[\r][\n]"
149497 [Forwarding clickElement on session 26e90cf751a94491357d237ee8548956 to remote] DEBUG org.apache.http.wire  - http-outgoing-114 >> "Accept-Encoding: gzip,deflate[\r][\n]"
149497 [Forwarding clickElement on session 26e90cf751a94491357d237ee8548956 to remote] DEBUG org.apache.http.wire  - http-outgoing-114 >> "Accept-Encoding: gzip,deflate[\r][\n]"
149497 [Forwarding clickElement on session 26e90cf751a94491357d237ee8548956 to remote] DEBUG org.apache.http.wire  - http-outgoing-114 >> "Accept-Encoding: gzip,deflate[\r][\n]"
149497 [Forwarding clickElement on session 26e90cf751a94491357d237ee8548956 to remote] DEBUG org.apache.http.wire  - http-outgoing-114 >> "[\r][\n]"
149497 [Forwarding clickElement on session 26e90cf751a94491357d237ee8548956 to remote] DEBUG org.apache.http.wire  - http-outgoing-114 >> "[\r][\n]"
149497 [Forwarding clickElement on session 26e90cf751a94491357d237ee8548956 to remote] DEBUG org.apache.http.wire  - http-outgoing-114 >> "[\r][\n]"
149497 [Forwarding clickElement on session 26e90cf751a94491357d237ee8548956 to remote] DEBUG org.apache.http.wire  - http-outgoing-114 >> "[\r][\n]"
149497 [Forwarding clickElement on session 26e90cf751a94491357d237ee8548956 to remote] DEBUG org.apache.http.wire  - http-outgoing-114 >> "{"id":"0.1565790701831622-2"}"
149497 [Forwarding clickElement on session 26e90cf751a94491357d237ee8548956 to remote] DEBUG org.apache.http.wire  - http-outgoing-114 >> "{"id":"0.1565790701831622-2"}"
149497 [Forwarding clickElement on session 26e90cf751a94491357d237ee8548956 to remote] DEBUG org.apache.http.wire  - http-outgoing-114 >> "{"id":"0.1565790701831622-2"}"
149497 [Forwarding clickElement on session 26e90cf751a94491357d237ee8548956 to remote] DEBUG org.apache.http.wire  - http-outgoing-114 >> "{"id":"0.1565790701831622-2"}"
150134 [Forwarding clickElement on session 26e90cf751a94491357d237ee8548956 to remote] DEBUG org.apache.http.wire  - http-outgoing-114 << "HTTP/1.1 200 OK[\r][\n]"
150134 [Forwarding clickElement on session 26e90cf751a94491357d237ee8548956 to remote] DEBUG org.apache.http.wire  - http-outgoing-114 << "HTTP/1.1 200 OK[\r][\n]"
150134 [Forwarding clickElement on session 26e90cf751a94491357d237ee8548956 to remote] DEBUG org.apache.http.wire  - http-outgoing-114 << "HTTP/1.1 200 OK[\r][\n]"
150134 [Forwarding clickElement on session 26e90cf751a94491357d237ee8548956 to remote] DEBUG org.apache.http.wire  - http-outgoing-114 << "HTTP/1.1 200 OK[\r][\n]"
150134 [Forwarding clickElement on session 26e90cf751a94491357d237ee8548956 to remote] DEBUG org.apache.http.wire  - http-outgoing-114 << "Content-Length:72[\r][\n]"
150134 [Forwarding clickElement on session 26e90cf751a94491357d237ee8548956 to remote] DEBUG org.apache.http.wire  - http-outgoing-114 << "Content-Length:72[\r][\n]"
150134 [Forwarding clickElement on session 26e90cf751a94491357d237ee8548956 to remote] DEBUG org.apache.http.wire  - http-outgoing-114 << "Content-Length:72[\r][\n]"
150134 [Forwarding clickElement on session 26e90cf751a94491357d237ee8548956 to remote] DEBUG org.apache.http.wire  - http-outgoing-114 << "Content-Length:72[\r][\n]"
150134 [Forwarding clickElement on session 26e90cf751a94491357d237ee8548956 to remote] DEBUG org.apache.http.wire  - http-outgoing-114 << "Content-Type:application/json; charset=utf-8[\r][\n]"
150134 [Forwarding clickElement on session 26e90cf751a94491357d237ee8548956 to remote] DEBUG org.apache.http.wire  - http-outgoing-114 << "Content-Type:application/json; charset=utf-8[\r][\n]"
150134 [Forwarding clickElement on session 26e90cf751a94491357d237ee8548956 to remote] DEBUG org.apache.http.wire  - http-outgoing-114 << "Content-Type:application/json; charset=utf-8[\r][\n]"
150134 [Forwarding clickElement on session 26e90cf751a94491357d237ee8548956 to remote] DEBUG org.apache.http.wire  - http-outgoing-114 << "Content-Type:application/json; charset=utf-8[\r][\n]"
150135 [Forwarding clickElement on session 26e90cf751a94491357d237ee8548956 to remote] DEBUG org.apache.http.wire  - http-outgoing-114 << "Connection:close[\r][\n]"
150135 [Forwarding clickElement on session 26e90cf751a94491357d237ee8548956 to remote] DEBUG org.apache.http.wire  - http-outgoing-114 << "Connection:close[\r][\n]"
150135 [Forwarding clickElement on session 26e90cf751a94491357d237ee8548956 to remote] DEBUG org.apache.http.wire  - http-outgoing-114 << "Connection:close[\r][\n]"
150135 [Forwarding clickElement on session 26e90cf751a94491357d237ee8548956 to remote] DEBUG org.apache.http.wire  - http-outgoing-114 << "Connection:close[\r][\n]"
150135 [Forwarding clickElement on session 26e90cf751a94491357d237ee8548956 to remote] DEBUG org.apache.http.wire  - http-outgoing-114 << "[\r][\n]"
150135 [Forwarding clickElement on session 26e90cf751a94491357d237ee8548956 to remote] DEBUG org.apache.http.wire  - http-outgoing-114 << "[\r][\n]"
150135 [Forwarding clickElement on session 26e90cf751a94491357d237ee8548956 to remote] DEBUG org.apache.http.wire  - http-outgoing-114 << "[\r][\n]"
150135 [Forwarding clickElement on session 26e90cf751a94491357d237ee8548956 to remote] DEBUG org.apache.http.wire  - http-outgoing-114 << "[\r][\n]"
150135 [Forwarding clickElement on session 26e90cf751a94491357d237ee8548956 to remote] DEBUG org.apache.http.wire  - http-outgoing-114 << "{"sessionId":"26e90cf751a94491357d237ee8548956","status":0,"value":null}"
150135 [Forwarding clickElement on session 26e90cf751a94491357d237ee8548956 to remote] DEBUG org.apache.http.wire  - http-outgoing-114 << "{"sessionId":"26e90cf751a94491357d237ee8548956","status":0,"value":null}"
150135 [Forwarding clickElement on session 26e90cf751a94491357d237ee8548956 to remote] DEBUG org.apache.http.wire  - http-outgoing-114 << "{"sessionId":"26e90cf751a94491357d237ee8548956","status":0,"value":null}"
150135 [Forwarding clickElement on session 26e90cf751a94491357d237ee8548956 to remote] DEBUG org.apache.http.wire  - http-outgoing-114 << "{"sessionId":"26e90cf751a94491357d237ee8548956","status":0,"value":null}"
150135 [Forwarding clickElement on session 26e90cf751a94491357d237ee8548956 to remote] DEBUG org.apache.http.headers  - http-outgoing-114 << HTTP/1.1 200 OK
150135 [Forwarding clickElement on session 26e90cf751a94491357d237ee8548956 to remote] DEBUG org.apache.http.headers  - http-outgoing-114 << HTTP/1.1 200 OK
150135 [Forwarding clickElement on session 26e90cf751a94491357d237ee8548956 to remote] DEBUG org.apache.http.headers  - http-outgoing-114 << HTTP/1.1 200 OK
150135 [Forwarding clickElement on session 26e90cf751a94491357d237ee8548956 to remote] DEBUG org.apache.http.headers  - http-outgoing-114 << HTTP/1.1 200 OK
150135 [Forwarding clickElement on session 26e90cf751a94491357d237ee8548956 to remote] DEBUG org.apache.http.headers  - http-outgoing-114 << Content-Length:72
150135 [Forwarding clickElement on session 26e90cf751a94491357d237ee8548956 to remote] DEBUG org.apache.http.headers  - http-outgoing-114 << Content-Length:72
150135 [Forwarding clickElement on session 26e90cf751a94491357d237ee8548956 to remote] DEBUG org.apache.http.headers  - http-outgoing-114 << Content-Length:72
150135 [Forwarding clickElement on session 26e90cf751a94491357d237ee8548956 to remote] DEBUG org.apache.http.headers  - http-outgoing-114 << Content-Length:72
150135 [Forwarding clickElement on session 26e90cf751a94491357d237ee8548956 to remote] DEBUG org.apache.http.headers  - http-outgoing-114 << Content-Type:application/json; charset=utf-8
150135 [Forwarding clickElement on session 26e90cf751a94491357d237ee8548956 to remote] DEBUG org.apache.http.headers  - http-outgoing-114 << Content-Type:application/json; charset=utf-8
150135 [Forwarding clickElement on session 26e90cf751a94491357d237ee8548956 to remote] DEBUG org.apache.http.headers  - http-outgoing-114 << Content-Type:application/json; charset=utf-8
150135 [Forwarding clickElement on session 26e90cf751a94491357d237ee8548956 to remote] DEBUG org.apache.http.headers  - http-outgoing-114 << Content-Type:application/json; charset=utf-8
150135 [Forwarding clickElement on session 26e90cf751a94491357d237ee8548956 to remote] DEBUG org.apache.http.headers  - http-outgoing-114 << Connection:close
150135 [Forwarding clickElement on session 26e90cf751a94491357d237ee8548956 to remote] DEBUG org.apache.http.headers  - http-outgoing-114 << Connection:close
150135 [Forwarding clickElement on session 26e90cf751a94491357d237ee8548956 to remote] DEBUG org.apache.http.headers  - http-outgoing-114 << Connection:close
150135 [Forwarding clickElement on session 26e90cf751a94491357d237ee8548956 to remote] DEBUG org.apache.http.headers  - http-outgoing-114 << Connection:close
150135 [Forwarding clickElement on session 26e90cf751a94491357d237ee8548956 to remote] DEBUG org.apache.http.impl.conn.DefaultManagedHttpClientConnection  - http-outgoing-114: Close connection
150135 [Forwarding clickElement on session 26e90cf751a94491357d237ee8548956 to remote] DEBUG org.apache.http.impl.conn.DefaultManagedHttpClientConnection  - http-outgoing-114: Close connection
150135 [Forwarding clickElement on session 26e90cf751a94491357d237ee8548956 to remote] DEBUG org.apache.http.impl.conn.DefaultManagedHttpClientConnection  - http-outgoing-114: Close connection
150135 [Forwarding clickElement on session 26e90cf751a94491357d237ee8548956 to remote] DEBUG org.apache.http.impl.conn.DefaultManagedHttpClientConnection  - http-outgoing-114: Close connection
150135 [Forwarding clickElement on session 26e90cf751a94491357d237ee8548956 to remote] DEBUG org.apache.http.impl.execchain.MainClientExec  - Connection discarded
150135 [Forwarding clickElement on session 26e90cf751a94491357d237ee8548956 to remote] DEBUG org.apache.http.impl.execchain.MainClientExec  - Connection discarded
150135 [Forwarding clickElement on session 26e90cf751a94491357d237ee8548956 to remote] DEBUG org.apache.http.impl.execchain.MainClientExec  - Connection discarded
150135 [Forwarding clickElement on session 26e90cf751a94491357d237ee8548956 to remote] DEBUG org.apache.http.impl.execchain.MainClientExec  - Connection discarded
150135 [Forwarding clickElement on session 26e90cf751a94491357d237ee8548956 to remote] DEBUG org.apache.http.impl.conn.PoolingHttpClientConnectionManager  - Connection released: [id: 114][route: {}->http://localhost:39717][total kept alive: 0; route allocated: 0 of 2000; total allocated: 0 of 2000]
150135 [Forwarding clickElement on session 26e90cf751a94491357d237ee8548956 to remote] DEBUG org.apache.http.impl.conn.PoolingHttpClientConnectionManager  - Connection released: [id: 114][route: {}->http://localhost:39717][total kept alive: 0; route allocated: 0 of 2000; total allocated: 0 of 2000]
150135 [Forwarding clickElement on session 26e90cf751a94491357d237ee8548956 to remote] DEBUG org.apache.http.impl.conn.PoolingHttpClientConnectionManager  - Connection released: [id: 114][route: {}->http://localhost:39717][total kept alive: 0; route allocated: 0 of 2000; total allocated: 0 of 2000]
150135 [Forwarding clickElement on session 26e90cf751a94491357d237ee8548956 to remote] DEBUG org.apache.http.impl.conn.PoolingHttpClientConnectionManager  - Connection released: [id: 114][route: {}->http://localhost:39717][total kept alive: 0; route allocated: 0 of 2000; total allocated: 0 of 2000]
152137 [Forwarding findElement on session 26e90cf751a94491357d237ee8548956 to remote] DEBUG org.apache.http.client.protocol.RequestAddCookies  - CookieSpec selected: default
152137 [Forwarding findElement on session 26e90cf751a94491357d237ee8548956 to remote] DEBUG org.apache.http.client.protocol.RequestAddCookies  - CookieSpec selected: default
152137 [Forwarding findElement on session 26e90cf751a94491357d237ee8548956 to remote] DEBUG org.apache.http.client.protocol.RequestAddCookies  - CookieSpec selected: default
152137 [Forwarding findElement on session 26e90cf751a94491357d237ee8548956 to remote] DEBUG org.apache.http.client.protocol.RequestAddCookies  - CookieSpec selected: default
152137 [Forwarding findElement on session 26e90cf751a94491357d237ee8548956 to remote] DEBUG org.apache.http.client.protocol.RequestAuthCache  - Auth cache not set in the context
152137 [Forwarding findElement on session 26e90cf751a94491357d237ee8548956 to remote] DEBUG org.apache.http.client.protocol.RequestAuthCache  - Auth cache not set in the context
152137 [Forwarding findElement on session 26e90cf751a94491357d237ee8548956 to remote] DEBUG org.apache.http.client.protocol.RequestAuthCache  - Auth cache not set in the context
152137 [Forwarding findElement on session 26e90cf751a94491357d237ee8548956 to remote] DEBUG org.apache.http.client.protocol.RequestAuthCache  - Auth cache not set in the context
152137 [Forwarding findElement on session 26e90cf751a94491357d237ee8548956 to remote] DEBUG org.apache.http.impl.conn.PoolingHttpClientConnectionManager  - Connection request: [route: {}->http://localhost:39717][total kept alive: 0; route allocated: 0 of 2000; total allocated: 0 of 2000]
152137 [Forwarding findElement on session 26e90cf751a94491357d237ee8548956 to remote] DEBUG org.apache.http.impl.conn.PoolingHttpClientConnectionManager  - Connection request: [route: {}->http://localhost:39717][total kept alive: 0; route allocated: 0 of 2000; total allocated: 0 of 2000]
152137 [Forwarding findElement on session 26e90cf751a94491357d237ee8548956 to remote] DEBUG org.apache.http.impl.conn.PoolingHttpClientConnectionManager  - Connection request: [route: {}->http://localhost:39717][total kept alive: 0; route allocated: 0 of 2000; total allocated: 0 of 2000]
152137 [Forwarding findElement on session 26e90cf751a94491357d237ee8548956 to remote] DEBUG org.apache.http.impl.conn.PoolingHttpClientConnectionManager  - Connection request: [route: {}->http://localhost:39717][total kept alive: 0; route allocated: 0 of 2000; total allocated: 0 of 2000]
152137 [Forwarding findElement on session 26e90cf751a94491357d237ee8548956 to remote] DEBUG org.apache.http.impl.conn.PoolingHttpClientConnectionManager  - Connection leased: [id: 115][route: {}->http://localhost:39717][total kept alive: 0; route allocated: 1 of 2000; total allocated: 1 of 2000]
152137 [Forwarding findElement on session 26e90cf751a94491357d237ee8548956 to remote] DEBUG org.apache.http.impl.conn.PoolingHttpClientConnectionManager  - Connection leased: [id: 115][route: {}->http://localhost:39717][total kept alive: 0; route allocated: 1 of 2000; total allocated: 1 of 2000]
152137 [Forwarding findElement on session 26e90cf751a94491357d237ee8548956 to remote] DEBUG org.apache.http.impl.conn.PoolingHttpClientConnectionManager  - Connection leased: [id: 115][route: {}->http://localhost:39717][total kept alive: 0; route allocated: 1 of 2000; total allocated: 1 of 2000]
152137 [Forwarding findElement on session 26e90cf751a94491357d237ee8548956 to remote] DEBUG org.apache.http.impl.conn.PoolingHttpClientConnectionManager  - Connection leased: [id: 115][route: {}->http://localhost:39717][total kept alive: 0; route allocated: 1 of 2000; total allocated: 1 of 2000]
152137 [Forwarding findElement on session 26e90cf751a94491357d237ee8548956 to remote] DEBUG org.apache.http.impl.execchain.MainClientExec  - Opening connection {}->http://localhost:39717
152137 [Forwarding findElement on session 26e90cf751a94491357d237ee8548956 to remote] DEBUG org.apache.http.impl.execchain.MainClientExec  - Opening connection {}->http://localhost:39717
152137 [Forwarding findElement on session 26e90cf751a94491357d237ee8548956 to remote] DEBUG org.apache.http.impl.execchain.MainClientExec  - Opening connection {}->http://localhost:39717
152137 [Forwarding findElement on session 26e90cf751a94491357d237ee8548956 to remote] DEBUG org.apache.http.impl.execchain.MainClientExec  - Opening connection {}->http://localhost:39717
152137 [Forwarding findElement on session 26e90cf751a94491357d237ee8548956 to remote] DEBUG org.apache.http.impl.conn.DefaultHttpClientConnectionOperator  - Connecting to localhost/127.0.0.1:39717
152137 [Forwarding findElement on session 26e90cf751a94491357d237ee8548956 to remote] DEBUG org.apache.http.impl.conn.DefaultHttpClientConnectionOperator  - Connecting to localhost/127.0.0.1:39717
152137 [Forwarding findElement on session 26e90cf751a94491357d237ee8548956 to remote] DEBUG org.apache.http.impl.conn.DefaultHttpClientConnectionOperator  - Connecting to localhost/127.0.0.1:39717
152137 [Forwarding findElement on session 26e90cf751a94491357d237ee8548956 to remote] DEBUG org.apache.http.impl.conn.DefaultHttpClientConnectionOperator  - Connecting to localhost/127.0.0.1:39717
152139 [Forwarding findElement on session 26e90cf751a94491357d237ee8548956 to remote] DEBUG org.apache.http.impl.conn.DefaultHttpClientConnectionOperator  - Connection established 127.0.0.1:53087<->127.0.0.1:39717
152139 [Forwarding findElement on session 26e90cf751a94491357d237ee8548956 to remote] DEBUG org.apache.http.impl.conn.DefaultHttpClientConnectionOperator  - Connection established 127.0.0.1:53087<->127.0.0.1:39717
152139 [Forwarding findElement on session 26e90cf751a94491357d237ee8548956 to remote] DEBUG org.apache.http.impl.conn.DefaultHttpClientConnectionOperator  - Connection established 127.0.0.1:53087<->127.0.0.1:39717
152139 [Forwarding findElement on session 26e90cf751a94491357d237ee8548956 to remote] DEBUG org.apache.http.impl.conn.DefaultHttpClientConnectionOperator  - Connection established 127.0.0.1:53087<->127.0.0.1:39717
152139 [Forwarding findElement on session 26e90cf751a94491357d237ee8548956 to remote] DEBUG org.apache.http.impl.conn.DefaultManagedHttpClientConnection  - http-outgoing-115: set socket timeout to 10800000
152139 [Forwarding findElement on session 26e90cf751a94491357d237ee8548956 to remote] DEBUG org.apache.http.impl.conn.DefaultManagedHttpClientConnection  - http-outgoing-115: set socket timeout to 10800000
152139 [Forwarding findElement on session 26e90cf751a94491357d237ee8548956 to remote] DEBUG org.apache.http.impl.conn.DefaultManagedHttpClientConnection  - http-outgoing-115: set socket timeout to 10800000
152139 [Forwarding findElement on session 26e90cf751a94491357d237ee8548956 to remote] DEBUG org.apache.http.impl.conn.DefaultManagedHttpClientConnection  - http-outgoing-115: set socket timeout to 10800000
152139 [Forwarding findElement on session 26e90cf751a94491357d237ee8548956 to remote] DEBUG org.apache.http.impl.execchain.MainClientExec  - Executing request POST /session/26e90cf751a94491357d237ee8548956/element HTTP/1.1
152139 [Forwarding findElement on session 26e90cf751a94491357d237ee8548956 to remote] DEBUG org.apache.http.impl.execchain.MainClientExec  - Executing request POST /session/26e90cf751a94491357d237ee8548956/element HTTP/1.1
152139 [Forwarding findElement on session 26e90cf751a94491357d237ee8548956 to remote] DEBUG org.apache.http.impl.execchain.MainClientExec  - Executing request POST /session/26e90cf751a94491357d237ee8548956/element HTTP/1.1
152139 [Forwarding findElement on session 26e90cf751a94491357d237ee8548956 to remote] DEBUG org.apache.http.impl.execchain.MainClientExec  - Executing request POST /session/26e90cf751a94491357d237ee8548956/element HTTP/1.1
152139 [Forwarding findElement on session 26e90cf751a94491357d237ee8548956 to remote] DEBUG org.apache.http.impl.execchain.MainClientExec  - Target auth state: UNCHALLENGED
152139 [Forwarding findElement on session 26e90cf751a94491357d237ee8548956 to remote] DEBUG org.apache.http.impl.execchain.MainClientExec  - Target auth state: UNCHALLENGED
152139 [Forwarding findElement on session 26e90cf751a94491357d237ee8548956 to remote] DEBUG org.apache.http.impl.execchain.MainClientExec  - Target auth state: UNCHALLENGED
152139 [Forwarding findElement on session 26e90cf751a94491357d237ee8548956 to remote] DEBUG org.apache.http.impl.execchain.MainClientExec  - Target auth state: UNCHALLENGED
152139 [Forwarding findElement on session 26e90cf751a94491357d237ee8548956 to remote] DEBUG org.apache.http.impl.execchain.MainClientExec  - Proxy auth state: UNCHALLENGED
152139 [Forwarding findElement on session 26e90cf751a94491357d237ee8548956 to remote] DEBUG org.apache.http.impl.execchain.MainClientExec  - Proxy auth state: UNCHALLENGED
152139 [Forwarding findElement on session 26e90cf751a94491357d237ee8548956 to remote] DEBUG org.apache.http.impl.execchain.MainClientExec  - Proxy auth state: UNCHALLENGED
152139 [Forwarding findElement on session 26e90cf751a94491357d237ee8548956 to remote] DEBUG org.apache.http.impl.execchain.MainClientExec  - Proxy auth state: UNCHALLENGED
152139 [Forwarding findElement on session 26e90cf751a94491357d237ee8548956 to remote] DEBUG org.apache.http.headers  - http-outgoing-115 >> POST /session/26e90cf751a94491357d237ee8548956/element HTTP/1.1
152139 [Forwarding findElement on session 26e90cf751a94491357d237ee8548956 to remote] DEBUG org.apache.http.headers  - http-outgoing-115 >> POST /session/26e90cf751a94491357d237ee8548956/element HTTP/1.1
152139 [Forwarding findElement on session 26e90cf751a94491357d237ee8548956 to remote] DEBUG org.apache.http.headers  - http-outgoing-115 >> POST /session/26e90cf751a94491357d237ee8548956/element HTTP/1.1
152139 [Forwarding findElement on session 26e90cf751a94491357d237ee8548956 to remote] DEBUG org.apache.http.headers  - http-outgoing-115 >> POST /session/26e90cf751a94491357d237ee8548956/element HTTP/1.1
152140 [Forwarding findElement on session 26e90cf751a94491357d237ee8548956 to remote] DEBUG org.apache.http.headers  - http-outgoing-115 >> Content-Type: application/json; charset=utf-8
152140 [Forwarding findElement on session 26e90cf751a94491357d237ee8548956 to remote] DEBUG org.apache.http.headers  - http-outgoing-115 >> Content-Type: application/json; charset=utf-8
152140 [Forwarding findElement on session 26e90cf751a94491357d237ee8548956 to remote] DEBUG org.apache.http.headers  - http-outgoing-115 >> Content-Type: application/json; charset=utf-8
152140 [Forwarding findElement on session 26e90cf751a94491357d237ee8548956 to remote] DEBUG org.apache.http.headers  - http-outgoing-115 >> Content-Type: application/json; charset=utf-8
152140 [Forwarding findElement on session 26e90cf751a94491357d237ee8548956 to remote] DEBUG org.apache.http.headers  - http-outgoing-115 >> Content-Length: 89
152140 [Forwarding findElement on session 26e90cf751a94491357d237ee8548956 to remote] DEBUG org.apache.http.headers  - http-outgoing-115 >> Content-Length: 89
152140 [Forwarding findElement on session 26e90cf751a94491357d237ee8548956 to remote] DEBUG org.apache.http.headers  - http-outgoing-115 >> Content-Length: 89
152140 [Forwarding findElement on session 26e90cf751a94491357d237ee8548956 to remote] DEBUG org.apache.http.headers  - http-outgoing-115 >> Content-Length: 89
152140 [Forwarding findElement on session 26e90cf751a94491357d237ee8548956 to remote] DEBUG org.apache.http.headers  - http-outgoing-115 >> Host: localhost:39717
152140 [Forwarding findElement on session 26e90cf751a94491357d237ee8548956 to remote] DEBUG org.apache.http.headers  - http-outgoing-115 >> Host: localhost:39717
152140 [Forwarding findElement on session 26e90cf751a94491357d237ee8548956 to remote] DEBUG org.apache.http.headers  - http-outgoing-115 >> Host: localhost:39717
152140 [Forwarding findElement on session 26e90cf751a94491357d237ee8548956 to remote] DEBUG org.apache.http.headers  - http-outgoing-115 >> Host: localhost:39717
152140 [Forwarding findElement on session 26e90cf751a94491357d237ee8548956 to remote] DEBUG org.apache.http.headers  - http-outgoing-115 >> Connection: Keep-Alive
152140 [Forwarding findElement on session 26e90cf751a94491357d237ee8548956 to remote] DEBUG org.apache.http.headers  - http-outgoing-115 >> Connection: Keep-Alive
152140 [Forwarding findElement on session 26e90cf751a94491357d237ee8548956 to remote] DEBUG org.apache.http.headers  - http-outgoing-115 >> Connection: Keep-Alive
152140 [Forwarding findElement on session 26e90cf751a94491357d237ee8548956 to remote] DEBUG org.apache.http.headers  - http-outgoing-115 >> Connection: Keep-Alive
152140 [Forwarding findElement on session 26e90cf751a94491357d237ee8548956 to remote] DEBUG org.apache.http.headers  - http-outgoing-115 >> User-Agent: Apache-HttpClient/4.5.2 (Java/1.8.0_91)
152140 [Forwarding findElement on session 26e90cf751a94491357d237ee8548956 to remote] DEBUG org.apache.http.headers  - http-outgoing-115 >> User-Agent: Apache-HttpClient/4.5.2 (Java/1.8.0_91)
152140 [Forwarding findElement on session 26e90cf751a94491357d237ee8548956 to remote] DEBUG org.apache.http.headers  - http-outgoing-115 >> User-Agent: Apache-HttpClient/4.5.2 (Java/1.8.0_91)
152140 [Forwarding findElement on session 26e90cf751a94491357d237ee8548956 to remote] DEBUG org.apache.http.headers  - http-outgoing-115 >> User-Agent: Apache-HttpClient/4.5.2 (Java/1.8.0_91)
152140 [Forwarding findElement on session 26e90cf751a94491357d237ee8548956 to remote] DEBUG org.apache.http.headers  - http-outgoing-115 >> Accept-Encoding: gzip,deflate
152140 [Forwarding findElement on session 26e90cf751a94491357d237ee8548956 to remote] DEBUG org.apache.http.headers  - http-outgoing-115 >> Accept-Encoding: gzip,deflate
152140 [Forwarding findElement on session 26e90cf751a94491357d237ee8548956 to remote] DEBUG org.apache.http.headers  - http-outgoing-115 >> Accept-Encoding: gzip,deflate
152140 [Forwarding findElement on session 26e90cf751a94491357d237ee8548956 to remote] DEBUG org.apache.http.headers  - http-outgoing-115 >> Accept-Encoding: gzip,deflate
152140 [Forwarding findElement on session 26e90cf751a94491357d237ee8548956 to remote] DEBUG org.apache.http.wire  - http-outgoing-115 >> "POST /session/26e90cf751a94491357d237ee8548956/element HTTP/1.1[\r][\n]"
152140 [Forwarding findElement on session 26e90cf751a94491357d237ee8548956 to remote] DEBUG org.apache.http.wire  - http-outgoing-115 >> "POST /session/26e90cf751a94491357d237ee8548956/element HTTP/1.1[\r][\n]"
152140 [Forwarding findElement on session 26e90cf751a94491357d237ee8548956 to remote] DEBUG org.apache.http.wire  - http-outgoing-115 >> "POST /session/26e90cf751a94491357d237ee8548956/element HTTP/1.1[\r][\n]"
152140 [Forwarding findElement on session 26e90cf751a94491357d237ee8548956 to remote] DEBUG org.apache.http.wire  - http-outgoing-115 >> "POST /session/26e90cf751a94491357d237ee8548956/element HTTP/1.1[\r][\n]"
152140 [Forwarding findElement on session 26e90cf751a94491357d237ee8548956 to remote] DEBUG org.apache.http.wire  - http-outgoing-115 >> "Content-Type: application/json; charset=utf-8[\r][\n]"
152140 [Forwarding findElement on session 26e90cf751a94491357d237ee8548956 to remote] DEBUG org.apache.http.wire  - http-outgoing-115 >> "Content-Type: application/json; charset=utf-8[\r][\n]"
152140 [Forwarding findElement on session 26e90cf751a94491357d237ee8548956 to remote] DEBUG org.apache.http.wire  - http-outgoing-115 >> "Content-Type: application/json; charset=utf-8[\r][\n]"
152140 [Forwarding findElement on session 26e90cf751a94491357d237ee8548956 to remote] DEBUG org.apache.http.wire  - http-outgoing-115 >> "Content-Type: application/json; charset=utf-8[\r][\n]"
152140 [Forwarding findElement on session 26e90cf751a94491357d237ee8548956 to remote] DEBUG org.apache.http.wire  - http-outgoing-115 >> "Content-Length: 89[\r][\n]"
152140 [Forwarding findElement on session 26e90cf751a94491357d237ee8548956 to remote] DEBUG org.apache.http.wire  - http-outgoing-115 >> "Content-Length: 89[\r][\n]"
152140 [Forwarding findElement on session 26e90cf751a94491357d237ee8548956 to remote] DEBUG org.apache.http.wire  - http-outgoing-115 >> "Content-Length: 89[\r][\n]"
152140 [Forwarding findElement on session 26e90cf751a94491357d237ee8548956 to remote] DEBUG org.apache.http.wire  - http-outgoing-115 >> "Content-Length: 89[\r][\n]"
152140 [Forwarding findElement on session 26e90cf751a94491357d237ee8548956 to remote] DEBUG org.apache.http.wire  - http-outgoing-115 >> "Host: localhost:39717[\r][\n]"
152140 [Forwarding findElement on session 26e90cf751a94491357d237ee8548956 to remote] DEBUG org.apache.http.wire  - http-outgoing-115 >> "Host: localhost:39717[\r][\n]"
152140 [Forwarding findElement on session 26e90cf751a94491357d237ee8548956 to remote] DEBUG org.apache.http.wire  - http-outgoing-115 >> "Host: localhost:39717[\r][\n]"
152140 [Forwarding findElement on session 26e90cf751a94491357d237ee8548956 to remote] DEBUG org.apache.http.wire  - http-outgoing-115 >> "Host: localhost:39717[\r][\n]"
152140 [Forwarding findElement on session 26e90cf751a94491357d237ee8548956 to remote] DEBUG org.apache.http.wire  - http-outgoing-115 >> "Connection: Keep-Alive[\r][\n]"
152140 [Forwarding findElement on session 26e90cf751a94491357d237ee8548956 to remote] DEBUG org.apache.http.wire  - http-outgoing-115 >> "Connection: Keep-Alive[\r][\n]"
152140 [Forwarding findElement on session 26e90cf751a94491357d237ee8548956 to remote] DEBUG org.apache.http.wire  - http-outgoing-115 >> "Connection: Keep-Alive[\r][\n]"
152140 [Forwarding findElement on session 26e90cf751a94491357d237ee8548956 to remote] DEBUG org.apache.http.wire  - http-outgoing-115 >> "Connection: Keep-Alive[\r][\n]"
152140 [Forwarding findElement on session 26e90cf751a94491357d237ee8548956 to remote] DEBUG org.apache.http.wire  - http-outgoing-115 >> "User-Agent: Apache-HttpClient/4.5.2 (Java/1.8.0_91)[\r][\n]"
152140 [Forwarding findElement on session 26e90cf751a94491357d237ee8548956 to remote] DEBUG org.apache.http.wire  - http-outgoing-115 >> "User-Agent: Apache-HttpClient/4.5.2 (Java/1.8.0_91)[\r][\n]"
152140 [Forwarding findElement on session 26e90cf751a94491357d237ee8548956 to remote] DEBUG org.apache.http.wire  - http-outgoing-115 >> "User-Agent: Apache-HttpClient/4.5.2 (Java/1.8.0_91)[\r][\n]"
152140 [Forwarding findElement on session 26e90cf751a94491357d237ee8548956 to remote] DEBUG org.apache.http.wire  - http-outgoing-115 >> "User-Agent: Apache-HttpClient/4.5.2 (Java/1.8.0_91)[\r][\n]"
152140 [Forwarding findElement on session 26e90cf751a94491357d237ee8548956 to remote] DEBUG org.apache.http.wire  - http-outgoing-115 >> "Accept-Encoding: gzip,deflate[\r][\n]"
152140 [Forwarding findElement on session 26e90cf751a94491357d237ee8548956 to remote] DEBUG org.apache.http.wire  - http-outgoing-115 >> "Accept-Encoding: gzip,deflate[\r][\n]"
152140 [Forwarding findElement on session 26e90cf751a94491357d237ee8548956 to remote] DEBUG org.apache.http.wire  - http-outgoing-115 >> "Accept-Encoding: gzip,deflate[\r][\n]"
152140 [Forwarding findElement on session 26e90cf751a94491357d237ee8548956 to remote] DEBUG org.apache.http.wire  - http-outgoing-115 >> "Accept-Encoding: gzip,deflate[\r][\n]"
152140 [Forwarding findElement on session 26e90cf751a94491357d237ee8548956 to remote] DEBUG org.apache.http.wire  - http-outgoing-115 >> "[\r][\n]"
152140 [Forwarding findElement on session 26e90cf751a94491357d237ee8548956 to remote] DEBUG org.apache.http.wire  - http-outgoing-115 >> "[\r][\n]"
152140 [Forwarding findElement on session 26e90cf751a94491357d237ee8548956 to remote] DEBUG org.apache.http.wire  - http-outgoing-115 >> "[\r][\n]"
152140 [Forwarding findElement on session 26e90cf751a94491357d237ee8548956 to remote] DEBUG org.apache.http.wire  - http-outgoing-115 >> "[\r][\n]"
152140 [Forwarding findElement on session 26e90cf751a94491357d237ee8548956 to remote] DEBUG org.apache.http.wire  - http-outgoing-115 >> "{"using":"link text","value":"Battery replacement procedure for current lenovo modelsaa"}"
152140 [Forwarding findElement on session 26e90cf751a94491357d237ee8548956 to remote] DEBUG org.apache.http.wire  - http-outgoing-115 >> "{"using":"link text","value":"Battery replacement procedure for current lenovo modelsaa"}"
152140 [Forwarding findElement on session 26e90cf751a94491357d237ee8548956 to remote] DEBUG org.apache.http.wire  - http-outgoing-115 >> "{"using":"link text","value":"Battery replacement procedure for current lenovo modelsaa"}"
152140 [Forwarding findElement on session 26e90cf751a94491357d237ee8548956 to remote] DEBUG org.apache.http.wire  - http-outgoing-115 >> "{"using":"link text","value":"Battery replacement procedure for current lenovo modelsaa"}"
152187 [Forwarding findElement on session 26e90cf751a94491357d237ee8548956 to remote] DEBUG org.apache.http.wire  - http-outgoing-115 << "HTTP/1.1 200 OK[\r][\n]"
152187 [Forwarding findElement on session 26e90cf751a94491357d237ee8548956 to remote] DEBUG org.apache.http.wire  - http-outgoing-115 << "HTTP/1.1 200 OK[\r][\n]"
152187 [Forwarding findElement on session 26e90cf751a94491357d237ee8548956 to remote] DEBUG org.apache.http.wire  - http-outgoing-115 << "HTTP/1.1 200 OK[\r][\n]"
152187 [Forwarding findElement on session 26e90cf751a94491357d237ee8548956 to remote] DEBUG org.apache.http.wire  - http-outgoing-115 << "HTTP/1.1 200 OK[\r][\n]"
152187 [Forwarding findElement on session 26e90cf751a94491357d237ee8548956 to remote] DEBUG org.apache.http.wire  - http-outgoing-115 << "Content-Length:103[\r][\n]"
152187 [Forwarding findElement on session 26e90cf751a94491357d237ee8548956 to remote] DEBUG org.apache.http.wire  - http-outgoing-115 << "Content-Length:103[\r][\n]"
152187 [Forwarding findElement on session 26e90cf751a94491357d237ee8548956 to remote] DEBUG org.apache.http.wire  - http-outgoing-115 << "Content-Length:103[\r][\n]"
152187 [Forwarding findElement on session 26e90cf751a94491357d237ee8548956 to remote] DEBUG org.apache.http.wire  - http-outgoing-115 << "Content-Length:103[\r][\n]"
152187 [Forwarding findElement on session 26e90cf751a94491357d237ee8548956 to remote] DEBUG org.apache.http.wire  - http-outgoing-115 << "Content-Type:application/json; charset=utf-8[\r][\n]"
152187 [Forwarding findElement on session 26e90cf751a94491357d237ee8548956 to remote] DEBUG org.apache.http.wire  - http-outgoing-115 << "Content-Type:application/json; charset=utf-8[\r][\n]"
152187 [Forwarding findElement on session 26e90cf751a94491357d237ee8548956 to remote] DEBUG org.apache.http.wire  - http-outgoing-115 << "Content-Type:application/json; charset=utf-8[\r][\n]"
152187 [Forwarding findElement on session 26e90cf751a94491357d237ee8548956 to remote] DEBUG org.apache.http.wire  - http-outgoing-115 << "Content-Type:application/json; charset=utf-8[\r][\n]"
152187 [Forwarding findElement on session 26e90cf751a94491357d237ee8548956 to remote] DEBUG org.apache.http.wire  - http-outgoing-115 << "Connection:close[\r][\n]"
152187 [Forwarding findElement on session 26e90cf751a94491357d237ee8548956 to remote] DEBUG org.apache.http.wire  - http-outgoing-115 << "Connection:close[\r][\n]"
152187 [Forwarding findElement on session 26e90cf751a94491357d237ee8548956 to remote] DEBUG org.apache.http.wire  - http-outgoing-115 << "Connection:close[\r][\n]"
152187 [Forwarding findElement on session 26e90cf751a94491357d237ee8548956 to remote] DEBUG org.apache.http.wire  - http-outgoing-115 << "Connection:close[\r][\n]"
152187 [Forwarding findElement on session 26e90cf751a94491357d237ee8548956 to remote] DEBUG org.apache.http.wire  - http-outgoing-115 << "[\r][\n]"
152187 [Forwarding findElement on session 26e90cf751a94491357d237ee8548956 to remote] DEBUG org.apache.http.wire  - http-outgoing-115 << "[\r][\n]"
152187 [Forwarding findElement on session 26e90cf751a94491357d237ee8548956 to remote] DEBUG org.apache.http.wire  - http-outgoing-115 << "[\r][\n]"
152187 [Forwarding findElement on session 26e90cf751a94491357d237ee8548956 to remote] DEBUG org.apache.http.wire  - http-outgoing-115 << "[\r][\n]"
152188 [Forwarding findElement on session 26e90cf751a94491357d237ee8548956 to remote] DEBUG org.apache.http.wire  - http-outgoing-115 << "{"sessionId":"26e90cf751a94491357d237ee8548956","status":0,"value":{"ELEMENT":"0.36933053664334126-1"}}"
152188 [Forwarding findElement on session 26e90cf751a94491357d237ee8548956 to remote] DEBUG org.apache.http.wire  - http-outgoing-115 << "{"sessionId":"26e90cf751a94491357d237ee8548956","status":0,"value":{"ELEMENT":"0.36933053664334126-1"}}"
152188 [Forwarding findElement on session 26e90cf751a94491357d237ee8548956 to remote] DEBUG org.apache.http.wire  - http-outgoing-115 << "{"sessionId":"26e90cf751a94491357d237ee8548956","status":0,"value":{"ELEMENT":"0.36933053664334126-1"}}"
152188 [Forwarding findElement on session 26e90cf751a94491357d237ee8548956 to remote] DEBUG org.apache.http.wire  - http-outgoing-115 << "{"sessionId":"26e90cf751a94491357d237ee8548956","status":0,"value":{"ELEMENT":"0.36933053664334126-1"}}"
152188 [Forwarding findElement on session 26e90cf751a94491357d237ee8548956 to remote] DEBUG org.apache.http.headers  - http-outgoing-115 << HTTP/1.1 200 OK
152188 [Forwarding findElement on session 26e90cf751a94491357d237ee8548956 to remote] DEBUG org.apache.http.headers  - http-outgoing-115 << HTTP/1.1 200 OK
152188 [Forwarding findElement on session 26e90cf751a94491357d237ee8548956 to remote] DEBUG org.apache.http.headers  - http-outgoing-115 << HTTP/1.1 200 OK
152188 [Forwarding findElement on session 26e90cf751a94491357d237ee8548956 to remote] DEBUG org.apache.http.headers  - http-outgoing-115 << HTTP/1.1 200 OK
152188 [Forwarding findElement on session 26e90cf751a94491357d237ee8548956 to remote] DEBUG org.apache.http.headers  - http-outgoing-115 << Content-Length:103
152188 [Forwarding findElement on session 26e90cf751a94491357d237ee8548956 to remote] DEBUG org.apache.http.headers  - http-outgoing-115 << Content-Length:103
152188 [Forwarding findElement on session 26e90cf751a94491357d237ee8548956 to remote] DEBUG org.apache.http.headers  - http-outgoing-115 << Content-Length:103
152188 [Forwarding findElement on session 26e90cf751a94491357d237ee8548956 to remote] DEBUG org.apache.http.headers  - http-outgoing-115 << Content-Length:103
152188 [Forwarding findElement on session 26e90cf751a94491357d237ee8548956 to remote] DEBUG org.apache.http.headers  - http-outgoing-115 << Content-Type:application/json; charset=utf-8
152188 [Forwarding findElement on session 26e90cf751a94491357d237ee8548956 to remote] DEBUG org.apache.http.headers  - http-outgoing-115 << Content-Type:application/json; charset=utf-8
152188 [Forwarding findElement on session 26e90cf751a94491357d237ee8548956 to remote] DEBUG org.apache.http.headers  - http-outgoing-115 << Content-Type:application/json; charset=utf-8
152188 [Forwarding findElement on session 26e90cf751a94491357d237ee8548956 to remote] DEBUG org.apache.http.headers  - http-outgoing-115 << Content-Type:application/json; charset=utf-8
152188 [Forwarding findElement on session 26e90cf751a94491357d237ee8548956 to remote] DEBUG org.apache.http.headers  - http-outgoing-115 << Connection:close
152188 [Forwarding findElement on session 26e90cf751a94491357d237ee8548956 to remote] DEBUG org.apache.http.headers  - http-outgoing-115 << Connection:close
152188 [Forwarding findElement on session 26e90cf751a94491357d237ee8548956 to remote] DEBUG org.apache.http.headers  - http-outgoing-115 << Connection:close
152188 [Forwarding findElement on session 26e90cf751a94491357d237ee8548956 to remote] DEBUG org.apache.http.headers  - http-outgoing-115 << Connection:close
152188 [Forwarding findElement on session 26e90cf751a94491357d237ee8548956 to remote] DEBUG org.apache.http.impl.conn.DefaultManagedHttpClientConnection  - http-outgoing-115: Close connection
152188 [Forwarding findElement on session 26e90cf751a94491357d237ee8548956 to remote] DEBUG org.apache.http.impl.conn.DefaultManagedHttpClientConnection  - http-outgoing-115: Close connection
152188 [Forwarding findElement on session 26e90cf751a94491357d237ee8548956 to remote] DEBUG org.apache.http.impl.conn.DefaultManagedHttpClientConnection  - http-outgoing-115: Close connection
152188 [Forwarding findElement on session 26e90cf751a94491357d237ee8548956 to remote] DEBUG org.apache.http.impl.conn.DefaultManagedHttpClientConnection  - http-outgoing-115: Close connection
152188 [Forwarding findElement on session 26e90cf751a94491357d237ee8548956 to remote] DEBUG org.apache.http.impl.execchain.MainClientExec  - Connection discarded
152188 [Forwarding findElement on session 26e90cf751a94491357d237ee8548956 to remote] DEBUG org.apache.http.impl.execchain.MainClientExec  - Connection discarded
152188 [Forwarding findElement on session 26e90cf751a94491357d237ee8548956 to remote] DEBUG org.apache.http.impl.execchain.MainClientExec  - Connection discarded
152188 [Forwarding findElement on session 26e90cf751a94491357d237ee8548956 to remote] DEBUG org.apache.http.impl.execchain.MainClientExec  - Connection discarded
152188 [Forwarding findElement on session 26e90cf751a94491357d237ee8548956 to remote] DEBUG org.apache.http.impl.conn.PoolingHttpClientConnectionManager  - Connection released: [id: 115][route: {}->http://localhost:39717][total kept alive: 0; route allocated: 0 of 2000; total allocated: 0 of 2000]
152188 [Forwarding findElement on session 26e90cf751a94491357d237ee8548956 to remote] DEBUG org.apache.http.impl.conn.PoolingHttpClientConnectionManager  - Connection released: [id: 115][route: {}->http://localhost:39717][total kept alive: 0; route allocated: 0 of 2000; total allocated: 0 of 2000]
152188 [Forwarding findElement on session 26e90cf751a94491357d237ee8548956 to remote] DEBUG org.apache.http.impl.conn.PoolingHttpClientConnectionManager  - Connection released: [id: 115][route: {}->http://localhost:39717][total kept alive: 0; route allocated: 0 of 2000; total allocated: 0 of 2000]
152188 [Forwarding findElement on session 26e90cf751a94491357d237ee8548956 to remote] DEBUG org.apache.http.impl.conn.PoolingHttpClientConnectionManager  - Connection released: [id: 115][route: {}->http://localhost:39717][total kept alive: 0; route allocated: 0 of 2000; total allocated: 0 of 2000]
152189 [Forwarding clickElement on session 26e90cf751a94491357d237ee8548956 to remote] DEBUG org.apache.http.client.protocol.RequestAddCookies  - CookieSpec selected: default
152189 [Forwarding clickElement on session 26e90cf751a94491357d237ee8548956 to remote] DEBUG org.apache.http.client.protocol.RequestAddCookies  - CookieSpec selected: default
152189 [Forwarding clickElement on session 26e90cf751a94491357d237ee8548956 to remote] DEBUG org.apache.http.client.protocol.RequestAddCookies  - CookieSpec selected: default
152189 [Forwarding clickElement on session 26e90cf751a94491357d237ee8548956 to remote] DEBUG org.apache.http.client.protocol.RequestAddCookies  - CookieSpec selected: default
152189 [Forwarding clickElement on session 26e90cf751a94491357d237ee8548956 to remote] DEBUG org.apache.http.client.protocol.RequestAuthCache  - Auth cache not set in the context
152189 [Forwarding clickElement on session 26e90cf751a94491357d237ee8548956 to remote] DEBUG org.apache.http.client.protocol.RequestAuthCache  - Auth cache not set in the context
152189 [Forwarding clickElement on session 26e90cf751a94491357d237ee8548956 to remote] DEBUG org.apache.http.client.protocol.RequestAuthCache  - Auth cache not set in the context
152189 [Forwarding clickElement on session 26e90cf751a94491357d237ee8548956 to remote] DEBUG org.apache.http.client.protocol.RequestAuthCache  - Auth cache not set in the context
152189 [Forwarding clickElement on session 26e90cf751a94491357d237ee8548956 to remote] DEBUG org.apache.http.impl.conn.PoolingHttpClientConnectionManager  - Connection request: [route: {}->http://localhost:39717][total kept alive: 0; route allocated: 0 of 2000; total allocated: 0 of 2000]
152189 [Forwarding clickElement on session 26e90cf751a94491357d237ee8548956 to remote] DEBUG org.apache.http.impl.conn.PoolingHttpClientConnectionManager  - Connection request: [route: {}->http://localhost:39717][total kept alive: 0; route allocated: 0 of 2000; total allocated: 0 of 2000]
152189 [Forwarding clickElement on session 26e90cf751a94491357d237ee8548956 to remote] DEBUG org.apache.http.impl.conn.PoolingHttpClientConnectionManager  - Connection request: [route: {}->http://localhost:39717][total kept alive: 0; route allocated: 0 of 2000; total allocated: 0 of 2000]
152189 [Forwarding clickElement on session 26e90cf751a94491357d237ee8548956 to remote] DEBUG org.apache.http.impl.conn.PoolingHttpClientConnectionManager  - Connection request: [route: {}->http://localhost:39717][total kept alive: 0; route allocated: 0 of 2000; total allocated: 0 of 2000]
152189 [Forwarding clickElement on session 26e90cf751a94491357d237ee8548956 to remote] DEBUG org.apache.http.impl.conn.PoolingHttpClientConnectionManager  - Connection leased: [id: 116][route: {}->http://localhost:39717][total kept alive: 0; route allocated: 1 of 2000; total allocated: 1 of 2000]
152189 [Forwarding clickElement on session 26e90cf751a94491357d237ee8548956 to remote] DEBUG org.apache.http.impl.conn.PoolingHttpClientConnectionManager  - Connection leased: [id: 116][route: {}->http://localhost:39717][total kept alive: 0; route allocated: 1 of 2000; total allocated: 1 of 2000]
152189 [Forwarding clickElement on session 26e90cf751a94491357d237ee8548956 to remote] DEBUG org.apache.http.impl.conn.PoolingHttpClientConnectionManager  - Connection leased: [id: 116][route: {}->http://localhost:39717][total kept alive: 0; route allocated: 1 of 2000; total allocated: 1 of 2000]
152189 [Forwarding clickElement on session 26e90cf751a94491357d237ee8548956 to remote] DEBUG org.apache.http.impl.conn.PoolingHttpClientConnectionManager  - Connection leased: [id: 116][route: {}->http://localhost:39717][total kept alive: 0; route allocated: 1 of 2000; total allocated: 1 of 2000]
152190 [Forwarding clickElement on session 26e90cf751a94491357d237ee8548956 to remote] DEBUG org.apache.http.impl.execchain.MainClientExec  - Opening connection {}->http://localhost:39717
152190 [Forwarding clickElement on session 26e90cf751a94491357d237ee8548956 to remote] DEBUG org.apache.http.impl.execchain.MainClientExec  - Opening connection {}->http://localhost:39717
152190 [Forwarding clickElement on session 26e90cf751a94491357d237ee8548956 to remote] DEBUG org.apache.http.impl.execchain.MainClientExec  - Opening connection {}->http://localhost:39717
152190 [Forwarding clickElement on session 26e90cf751a94491357d237ee8548956 to remote] DEBUG org.apache.http.impl.execchain.MainClientExec  - Opening connection {}->http://localhost:39717
152190 [Forwarding clickElement on session 26e90cf751a94491357d237ee8548956 to remote] DEBUG org.apache.http.impl.conn.DefaultHttpClientConnectionOperator  - Connecting to localhost/127.0.0.1:39717
152190 [Forwarding clickElement on session 26e90cf751a94491357d237ee8548956 to remote] DEBUG org.apache.http.impl.conn.DefaultHttpClientConnectionOperator  - Connecting to localhost/127.0.0.1:39717
152190 [Forwarding clickElement on session 26e90cf751a94491357d237ee8548956 to remote] DEBUG org.apache.http.impl.conn.DefaultHttpClientConnectionOperator  - Connecting to localhost/127.0.0.1:39717
152190 [Forwarding clickElement on session 26e90cf751a94491357d237ee8548956 to remote] DEBUG org.apache.http.impl.conn.DefaultHttpClientConnectionOperator  - Connecting to localhost/127.0.0.1:39717
152190 [Forwarding clickElement on session 26e90cf751a94491357d237ee8548956 to remote] DEBUG org.apache.http.impl.conn.DefaultHttpClientConnectionOperator  - Connection established 127.0.0.1:53088<->127.0.0.1:39717
152190 [Forwarding clickElement on session 26e90cf751a94491357d237ee8548956 to remote] DEBUG org.apache.http.impl.conn.DefaultHttpClientConnectionOperator  - Connection established 127.0.0.1:53088<->127.0.0.1:39717
152190 [Forwarding clickElement on session 26e90cf751a94491357d237ee8548956 to remote] DEBUG org.apache.http.impl.conn.DefaultHttpClientConnectionOperator  - Connection established 127.0.0.1:53088<->127.0.0.1:39717
152190 [Forwarding clickElement on session 26e90cf751a94491357d237ee8548956 to remote] DEBUG org.apache.http.impl.conn.DefaultHttpClientConnectionOperator  - Connection established 127.0.0.1:53088<->127.0.0.1:39717
152190 [Forwarding clickElement on session 26e90cf751a94491357d237ee8548956 to remote] DEBUG org.apache.http.impl.conn.DefaultManagedHttpClientConnection  - http-outgoing-116: set socket timeout to 10800000
152190 [Forwarding clickElement on session 26e90cf751a94491357d237ee8548956 to remote] DEBUG org.apache.http.impl.conn.DefaultManagedHttpClientConnection  - http-outgoing-116: set socket timeout to 10800000
152190 [Forwarding clickElement on session 26e90cf751a94491357d237ee8548956 to remote] DEBUG org.apache.http.impl.conn.DefaultManagedHttpClientConnection  - http-outgoing-116: set socket timeout to 10800000
152190 [Forwarding clickElement on session 26e90cf751a94491357d237ee8548956 to remote] DEBUG org.apache.http.impl.conn.DefaultManagedHttpClientConnection  - http-outgoing-116: set socket timeout to 10800000
152190 [Forwarding clickElement on session 26e90cf751a94491357d237ee8548956 to remote] DEBUG org.apache.http.impl.execchain.MainClientExec  - Executing request POST /session/26e90cf751a94491357d237ee8548956/element/0.36933053664334126-1/click HTTP/1.1
152190 [Forwarding clickElement on session 26e90cf751a94491357d237ee8548956 to remote] DEBUG org.apache.http.impl.execchain.MainClientExec  - Executing request POST /session/26e90cf751a94491357d237ee8548956/element/0.36933053664334126-1/click HTTP/1.1
152190 [Forwarding clickElement on session 26e90cf751a94491357d237ee8548956 to remote] DEBUG org.apache.http.impl.execchain.MainClientExec  - Executing request POST /session/26e90cf751a94491357d237ee8548956/element/0.36933053664334126-1/click HTTP/1.1
152190 [Forwarding clickElement on session 26e90cf751a94491357d237ee8548956 to remote] DEBUG org.apache.http.impl.execchain.MainClientExec  - Executing request POST /session/26e90cf751a94491357d237ee8548956/element/0.36933053664334126-1/click HTTP/1.1
152190 [Forwarding clickElement on session 26e90cf751a94491357d237ee8548956 to remote] DEBUG org.apache.http.impl.execchain.MainClientExec  - Target auth state: UNCHALLENGED
152190 [Forwarding clickElement on session 26e90cf751a94491357d237ee8548956 to remote] DEBUG org.apache.http.impl.execchain.MainClientExec  - Target auth state: UNCHALLENGED
152190 [Forwarding clickElement on session 26e90cf751a94491357d237ee8548956 to remote] DEBUG org.apache.http.impl.execchain.MainClientExec  - Target auth state: UNCHALLENGED
152190 [Forwarding clickElement on session 26e90cf751a94491357d237ee8548956 to remote] DEBUG org.apache.http.impl.execchain.MainClientExec  - Target auth state: UNCHALLENGED
152190 [Forwarding clickElement on session 26e90cf751a94491357d237ee8548956 to remote] DEBUG org.apache.http.impl.execchain.MainClientExec  - Proxy auth state: UNCHALLENGED
152190 [Forwarding clickElement on session 26e90cf751a94491357d237ee8548956 to remote] DEBUG org.apache.http.impl.execchain.MainClientExec  - Proxy auth state: UNCHALLENGED
152190 [Forwarding clickElement on session 26e90cf751a94491357d237ee8548956 to remote] DEBUG org.apache.http.impl.execchain.MainClientExec  - Proxy auth state: UNCHALLENGED
152190 [Forwarding clickElement on session 26e90cf751a94491357d237ee8548956 to remote] DEBUG org.apache.http.impl.execchain.MainClientExec  - Proxy auth state: UNCHALLENGED
152190 [Forwarding clickElement on session 26e90cf751a94491357d237ee8548956 to remote] DEBUG org.apache.http.headers  - http-outgoing-116 >> POST /session/26e90cf751a94491357d237ee8548956/element/0.36933053664334126-1/click HTTP/1.1
152190 [Forwarding clickElement on session 26e90cf751a94491357d237ee8548956 to remote] DEBUG org.apache.http.headers  - http-outgoing-116 >> POST /session/26e90cf751a94491357d237ee8548956/element/0.36933053664334126-1/click HTTP/1.1
152190 [Forwarding clickElement on session 26e90cf751a94491357d237ee8548956 to remote] DEBUG org.apache.http.headers  - http-outgoing-116 >> POST /session/26e90cf751a94491357d237ee8548956/element/0.36933053664334126-1/click HTTP/1.1
152190 [Forwarding clickElement on session 26e90cf751a94491357d237ee8548956 to remote] DEBUG org.apache.http.headers  - http-outgoing-116 >> POST /session/26e90cf751a94491357d237ee8548956/element/0.36933053664334126-1/click HTTP/1.1
152190 [Forwarding clickElement on session 26e90cf751a94491357d237ee8548956 to remote] DEBUG org.apache.http.headers  - http-outgoing-116 >> Content-Type: application/json; charset=utf-8
152190 [Forwarding clickElement on session 26e90cf751a94491357d237ee8548956 to remote] DEBUG org.apache.http.headers  - http-outgoing-116 >> Content-Type: application/json; charset=utf-8
152190 [Forwarding clickElement on session 26e90cf751a94491357d237ee8548956 to remote] DEBUG org.apache.http.headers  - http-outgoing-116 >> Content-Type: application/json; charset=utf-8
152190 [Forwarding clickElement on session 26e90cf751a94491357d237ee8548956 to remote] DEBUG org.apache.http.headers  - http-outgoing-116 >> Content-Type: application/json; charset=utf-8
152191 [Forwarding clickElement on session 26e90cf751a94491357d237ee8548956 to remote] DEBUG org.apache.http.headers  - http-outgoing-116 >> Content-Length: 30
152191 [Forwarding clickElement on session 26e90cf751a94491357d237ee8548956 to remote] DEBUG org.apache.http.headers  - http-outgoing-116 >> Content-Length: 30
152191 [Forwarding clickElement on session 26e90cf751a94491357d237ee8548956 to remote] DEBUG org.apache.http.headers  - http-outgoing-116 >> Content-Length: 30
152191 [Forwarding clickElement on session 26e90cf751a94491357d237ee8548956 to remote] DEBUG org.apache.http.headers  - http-outgoing-116 >> Content-Length: 30
152191 [Forwarding clickElement on session 26e90cf751a94491357d237ee8548956 to remote] DEBUG org.apache.http.headers  - http-outgoing-116 >> Host: localhost:39717
152191 [Forwarding clickElement on session 26e90cf751a94491357d237ee8548956 to remote] DEBUG org.apache.http.headers  - http-outgoing-116 >> Host: localhost:39717
152191 [Forwarding clickElement on session 26e90cf751a94491357d237ee8548956 to remote] DEBUG org.apache.http.headers  - http-outgoing-116 >> Host: localhost:39717
152191 [Forwarding clickElement on session 26e90cf751a94491357d237ee8548956 to remote] DEBUG org.apache.http.headers  - http-outgoing-116 >> Host: localhost:39717
152191 [Forwarding clickElement on session 26e90cf751a94491357d237ee8548956 to remote] DEBUG org.apache.http.headers  - http-outgoing-116 >> Connection: Keep-Alive
152191 [Forwarding clickElement on session 26e90cf751a94491357d237ee8548956 to remote] DEBUG org.apache.http.headers  - http-outgoing-116 >> Connection: Keep-Alive
152191 [Forwarding clickElement on session 26e90cf751a94491357d237ee8548956 to remote] DEBUG org.apache.http.headers  - http-outgoing-116 >> Connection: Keep-Alive
152191 [Forwarding clickElement on session 26e90cf751a94491357d237ee8548956 to remote] DEBUG org.apache.http.headers  - http-outgoing-116 >> Connection: Keep-Alive
152191 [Forwarding clickElement on session 26e90cf751a94491357d237ee8548956 to remote] DEBUG org.apache.http.headers  - http-outgoing-116 >> User-Agent: Apache-HttpClient/4.5.2 (Java/1.8.0_91)
152191 [Forwarding clickElement on session 26e90cf751a94491357d237ee8548956 to remote] DEBUG org.apache.http.headers  - http-outgoing-116 >> User-Agent: Apache-HttpClient/4.5.2 (Java/1.8.0_91)
152191 [Forwarding clickElement on session 26e90cf751a94491357d237ee8548956 to remote] DEBUG org.apache.http.headers  - http-outgoing-116 >> User-Agent: Apache-HttpClient/4.5.2 (Java/1.8.0_91)
152191 [Forwarding clickElement on session 26e90cf751a94491357d237ee8548956 to remote] DEBUG org.apache.http.headers  - http-outgoing-116 >> User-Agent: Apache-HttpClient/4.5.2 (Java/1.8.0_91)
152191 [Forwarding clickElement on session 26e90cf751a94491357d237ee8548956 to remote] DEBUG org.apache.http.headers  - http-outgoing-116 >> Accept-Encoding: gzip,deflate
152191 [Forwarding clickElement on session 26e90cf751a94491357d237ee8548956 to remote] DEBUG org.apache.http.headers  - http-outgoing-116 >> Accept-Encoding: gzip,deflate
152191 [Forwarding clickElement on session 26e90cf751a94491357d237ee8548956 to remote] DEBUG org.apache.http.headers  - http-outgoing-116 >> Accept-Encoding: gzip,deflate
152191 [Forwarding clickElement on session 26e90cf751a94491357d237ee8548956 to remote] DEBUG org.apache.http.headers  - http-outgoing-116 >> Accept-Encoding: gzip,deflate
152191 [Forwarding clickElement on session 26e90cf751a94491357d237ee8548956 to remote] DEBUG org.apache.http.wire  - http-outgoing-116 >> "POST /session/26e90cf751a94491357d237ee8548956/element/0.36933053664334126-1/click HTTP/1.1[\r][\n]"
152191 [Forwarding clickElement on session 26e90cf751a94491357d237ee8548956 to remote] DEBUG org.apache.http.wire  - http-outgoing-116 >> "POST /session/26e90cf751a94491357d237ee8548956/element/0.36933053664334126-1/click HTTP/1.1[\r][\n]"
152191 [Forwarding clickElement on session 26e90cf751a94491357d237ee8548956 to remote] DEBUG org.apache.http.wire  - http-outgoing-116 >> "POST /session/26e90cf751a94491357d237ee8548956/element/0.36933053664334126-1/click HTTP/1.1[\r][\n]"
152191 [Forwarding clickElement on session 26e90cf751a94491357d237ee8548956 to remote] DEBUG org.apache.http.wire  - http-outgoing-116 >> "POST /session/26e90cf751a94491357d237ee8548956/element/0.36933053664334126-1/click HTTP/1.1[\r][\n]"
152191 [Forwarding clickElement on session 26e90cf751a94491357d237ee8548956 to remote] DEBUG org.apache.http.wire  - http-outgoing-116 >> "Content-Type: application/json; charset=utf-8[\r][\n]"
152191 [Forwarding clickElement on session 26e90cf751a94491357d237ee8548956 to remote] DEBUG org.apache.http.wire  - http-outgoing-116 >> "Content-Type: application/json; charset=utf-8[\r][\n]"
152191 [Forwarding clickElement on session 26e90cf751a94491357d237ee8548956 to remote] DEBUG org.apache.http.wire  - http-outgoing-116 >> "Content-Type: application/json; charset=utf-8[\r][\n]"
152191 [Forwarding clickElement on session 26e90cf751a94491357d237ee8548956 to remote] DEBUG org.apache.http.wire  - http-outgoing-116 >> "Content-Type: application/json; charset=utf-8[\r][\n]"
152191 [Forwarding clickElement on session 26e90cf751a94491357d237ee8548956 to remote] DEBUG org.apache.http.wire  - http-outgoing-116 >> "Content-Length: 30[\r][\n]"
152191 [Forwarding clickElement on session 26e90cf751a94491357d237ee8548956 to remote] DEBUG org.apache.http.wire  - http-outgoing-116 >> "Content-Length: 30[\r][\n]"
152191 [Forwarding clickElement on session 26e90cf751a94491357d237ee8548956 to remote] DEBUG org.apache.http.wire  - http-outgoing-116 >> "Content-Length: 30[\r][\n]"
152191 [Forwarding clickElement on session 26e90cf751a94491357d237ee8548956 to remote] DEBUG org.apache.http.wire  - http-outgoing-116 >> "Content-Length: 30[\r][\n]"
152191 [Forwarding clickElement on session 26e90cf751a94491357d237ee8548956 to remote] DEBUG org.apache.http.wire  - http-outgoing-116 >> "Host: localhost:39717[\r][\n]"
152191 [Forwarding clickElement on session 26e90cf751a94491357d237ee8548956 to remote] DEBUG org.apache.http.wire  - http-outgoing-116 >> "Host: localhost:39717[\r][\n]"
152191 [Forwarding clickElement on session 26e90cf751a94491357d237ee8548956 to remote] DEBUG org.apache.http.wire  - http-outgoing-116 >> "Host: localhost:39717[\r][\n]"
152191 [Forwarding clickElement on session 26e90cf751a94491357d237ee8548956 to remote] DEBUG org.apache.http.wire  - http-outgoing-116 >> "Host: localhost:39717[\r][\n]"
152191 [Forwarding clickElement on session 26e90cf751a94491357d237ee8548956 to remote] DEBUG org.apache.http.wire  - http-outgoing-116 >> "Connection: Keep-Alive[\r][\n]"
152191 [Forwarding clickElement on session 26e90cf751a94491357d237ee8548956 to remote] DEBUG org.apache.http.wire  - http-outgoing-116 >> "Connection: Keep-Alive[\r][\n]"
152191 [Forwarding clickElement on session 26e90cf751a94491357d237ee8548956 to remote] DEBUG org.apache.http.wire  - http-outgoing-116 >> "Connection: Keep-Alive[\r][\n]"
152191 [Forwarding clickElement on session 26e90cf751a94491357d237ee8548956 to remote] DEBUG org.apache.http.wire  - http-outgoing-116 >> "Connection: Keep-Alive[\r][\n]"
152191 [Forwarding clickElement on session 26e90cf751a94491357d237ee8548956 to remote] DEBUG org.apache.http.wire  - http-outgoing-116 >> "User-Agent: Apache-HttpClient/4.5.2 (Java/1.8.0_91)[\r][\n]"
152191 [Forwarding clickElement on session 26e90cf751a94491357d237ee8548956 to remote] DEBUG org.apache.http.wire  - http-outgoing-116 >> "User-Agent: Apache-HttpClient/4.5.2 (Java/1.8.0_91)[\r][\n]"
152191 [Forwarding clickElement on session 26e90cf751a94491357d237ee8548956 to remote] DEBUG org.apache.http.wire  - http-outgoing-116 >> "User-Agent: Apache-HttpClient/4.5.2 (Java/1.8.0_91)[\r][\n]"
152191 [Forwarding clickElement on session 26e90cf751a94491357d237ee8548956 to remote] DEBUG org.apache.http.wire  - http-outgoing-116 >> "User-Agent: Apache-HttpClient/4.5.2 (Java/1.8.0_91)[\r][\n]"
152191 [Forwarding clickElement on session 26e90cf751a94491357d237ee8548956 to remote] DEBUG org.apache.http.wire  - http-outgoing-116 >> "Accept-Encoding: gzip,deflate[\r][\n]"
152191 [Forwarding clickElement on session 26e90cf751a94491357d237ee8548956 to remote] DEBUG org.apache.http.wire  - http-outgoing-116 >> "Accept-Encoding: gzip,deflate[\r][\n]"
152191 [Forwarding clickElement on session 26e90cf751a94491357d237ee8548956 to remote] DEBUG org.apache.http.wire  - http-outgoing-116 >> "Accept-Encoding: gzip,deflate[\r][\n]"
152191 [Forwarding clickElement on session 26e90cf751a94491357d237ee8548956 to remote] DEBUG org.apache.http.wire  - http-outgoing-116 >> "Accept-Encoding: gzip,deflate[\r][\n]"
152191 [Forwarding clickElement on session 26e90cf751a94491357d237ee8548956 to remote] DEBUG org.apache.http.wire  - http-outgoing-116 >> "[\r][\n]"
152191 [Forwarding clickElement on session 26e90cf751a94491357d237ee8548956 to remote] DEBUG org.apache.http.wire  - http-outgoing-116 >> "[\r][\n]"
152191 [Forwarding clickElement on session 26e90cf751a94491357d237ee8548956 to remote] DEBUG org.apache.http.wire  - http-outgoing-116 >> "[\r][\n]"
152191 [Forwarding clickElement on session 26e90cf751a94491357d237ee8548956 to remote] DEBUG org.apache.http.wire  - http-outgoing-116 >> "[\r][\n]"
152191 [Forwarding clickElement on session 26e90cf751a94491357d237ee8548956 to remote] DEBUG org.apache.http.wire  - http-outgoing-116 >> "{"id":"0.36933053664334126-1"}"
152191 [Forwarding clickElement on session 26e90cf751a94491357d237ee8548956 to remote] DEBUG org.apache.http.wire  - http-outgoing-116 >> "{"id":"0.36933053664334126-1"}"
152191 [Forwarding clickElement on session 26e90cf751a94491357d237ee8548956 to remote] DEBUG org.apache.http.wire  - http-outgoing-116 >> "{"id":"0.36933053664334126-1"}"
152191 [Forwarding clickElement on session 26e90cf751a94491357d237ee8548956 to remote] DEBUG org.apache.http.wire  - http-outgoing-116 >> "{"id":"0.36933053664334126-1"}"
152923 [Forwarding clickElement on session 26e90cf751a94491357d237ee8548956 to remote] DEBUG org.apache.http.wire  - http-outgoing-116 << "HTTP/1.1 200 OK[\r][\n]"
152923 [Forwarding clickElement on session 26e90cf751a94491357d237ee8548956 to remote] DEBUG org.apache.http.wire  - http-outgoing-116 << "HTTP/1.1 200 OK[\r][\n]"
152923 [Forwarding clickElement on session 26e90cf751a94491357d237ee8548956 to remote] DEBUG org.apache.http.wire  - http-outgoing-116 << "HTTP/1.1 200 OK[\r][\n]"
152923 [Forwarding clickElement on session 26e90cf751a94491357d237ee8548956 to remote] DEBUG org.apache.http.wire  - http-outgoing-116 << "HTTP/1.1 200 OK[\r][\n]"
152923 [Forwarding clickElement on session 26e90cf751a94491357d237ee8548956 to remote] DEBUG org.apache.http.wire  - http-outgoing-116 << "Content-Length:72[\r][\n]"
152923 [Forwarding clickElement on session 26e90cf751a94491357d237ee8548956 to remote] DEBUG org.apache.http.wire  - http-outgoing-116 << "Content-Length:72[\r][\n]"
152923 [Forwarding clickElement on session 26e90cf751a94491357d237ee8548956 to remote] DEBUG org.apache.http.wire  - http-outgoing-116 << "Content-Length:72[\r][\n]"
152923 [Forwarding clickElement on session 26e90cf751a94491357d237ee8548956 to remote] DEBUG org.apache.http.wire  - http-outgoing-116 << "Content-Length:72[\r][\n]"
152923 [Forwarding clickElement on session 26e90cf751a94491357d237ee8548956 to remote] DEBUG org.apache.http.wire  - http-outgoing-116 << "Content-Type:application/json; charset=utf-8[\r][\n]"
152923 [Forwarding clickElement on session 26e90cf751a94491357d237ee8548956 to remote] DEBUG org.apache.http.wire  - http-outgoing-116 << "Content-Type:application/json; charset=utf-8[\r][\n]"
152923 [Forwarding clickElement on session 26e90cf751a94491357d237ee8548956 to remote] DEBUG org.apache.http.wire  - http-outgoing-116 << "Content-Type:application/json; charset=utf-8[\r][\n]"
152923 [Forwarding clickElement on session 26e90cf751a94491357d237ee8548956 to remote] DEBUG org.apache.http.wire  - http-outgoing-116 << "Content-Type:application/json; charset=utf-8[\r][\n]"
152924 [Forwarding clickElement on session 26e90cf751a94491357d237ee8548956 to remote] DEBUG org.apache.http.wire  - http-outgoing-116 << "Connection:close[\r][\n]"
152924 [Forwarding clickElement on session 26e90cf751a94491357d237ee8548956 to remote] DEBUG org.apache.http.wire  - http-outgoing-116 << "Connection:close[\r][\n]"
152924 [Forwarding clickElement on session 26e90cf751a94491357d237ee8548956 to remote] DEBUG org.apache.http.wire  - http-outgoing-116 << "Connection:close[\r][\n]"
152924 [Forwarding clickElement on session 26e90cf751a94491357d237ee8548956 to remote] DEBUG org.apache.http.wire  - http-outgoing-116 << "Connection:close[\r][\n]"
152924 [Forwarding clickElement on session 26e90cf751a94491357d237ee8548956 to remote] DEBUG org.apache.http.wire  - http-outgoing-116 << "[\r][\n]"
152924 [Forwarding clickElement on session 26e90cf751a94491357d237ee8548956 to remote] DEBUG org.apache.http.wire  - http-outgoing-116 << "[\r][\n]"
152924 [Forwarding clickElement on session 26e90cf751a94491357d237ee8548956 to remote] DEBUG org.apache.http.wire  - http-outgoing-116 << "[\r][\n]"
152924 [Forwarding clickElement on session 26e90cf751a94491357d237ee8548956 to remote] DEBUG org.apache.http.wire  - http-outgoing-116 << "[\r][\n]"
152924 [Forwarding clickElement on session 26e90cf751a94491357d237ee8548956 to remote] DEBUG org.apache.http.wire  - http-outgoing-116 << "{"sessionId":"26e90cf751a94491357d237ee8548956","status":0,"value":null}"
152924 [Forwarding clickElement on session 26e90cf751a94491357d237ee8548956 to remote] DEBUG org.apache.http.wire  - http-outgoing-116 << "{"sessionId":"26e90cf751a94491357d237ee8548956","status":0,"value":null}"
152924 [Forwarding clickElement on session 26e90cf751a94491357d237ee8548956 to remote] DEBUG org.apache.http.wire  - http-outgoing-116 << "{"sessionId":"26e90cf751a94491357d237ee8548956","status":0,"value":null}"
152924 [Forwarding clickElement on session 26e90cf751a94491357d237ee8548956 to remote] DEBUG org.apache.http.wire  - http-outgoing-116 << "{"sessionId":"26e90cf751a94491357d237ee8548956","status":0,"value":null}"
152924 [Forwarding clickElement on session 26e90cf751a94491357d237ee8548956 to remote] DEBUG org.apache.http.headers  - http-outgoing-116 << HTTP/1.1 200 OK
152924 [Forwarding clickElement on session 26e90cf751a94491357d237ee8548956 to remote] DEBUG org.apache.http.headers  - http-outgoing-116 << HTTP/1.1 200 OK
152924 [Forwarding clickElement on session 26e90cf751a94491357d237ee8548956 to remote] DEBUG org.apache.http.headers  - http-outgoing-116 << HTTP/1.1 200 OK
152924 [Forwarding clickElement on session 26e90cf751a94491357d237ee8548956 to remote] DEBUG org.apache.http.headers  - http-outgoing-116 << HTTP/1.1 200 OK
152924 [Forwarding clickElement on session 26e90cf751a94491357d237ee8548956 to remote] DEBUG org.apache.http.headers  - http-outgoing-116 << Content-Length:72
152924 [Forwarding clickElement on session 26e90cf751a94491357d237ee8548956 to remote] DEBUG org.apache.http.headers  - http-outgoing-116 << Content-Length:72
152924 [Forwarding clickElement on session 26e90cf751a94491357d237ee8548956 to remote] DEBUG org.apache.http.headers  - http-outgoing-116 << Content-Length:72
152924 [Forwarding clickElement on session 26e90cf751a94491357d237ee8548956 to remote] DEBUG org.apache.http.headers  - http-outgoing-116 << Content-Length:72
152924 [Forwarding clickElement on session 26e90cf751a94491357d237ee8548956 to remote] DEBUG org.apache.http.headers  - http-outgoing-116 << Content-Type:application/json; charset=utf-8
152924 [Forwarding clickElement on session 26e90cf751a94491357d237ee8548956 to remote] DEBUG org.apache.http.headers  - http-outgoing-116 << Content-Type:application/json; charset=utf-8
152924 [Forwarding clickElement on session 26e90cf751a94491357d237ee8548956 to remote] DEBUG org.apache.http.headers  - http-outgoing-116 << Content-Type:application/json; charset=utf-8
152924 [Forwarding clickElement on session 26e90cf751a94491357d237ee8548956 to remote] DEBUG org.apache.http.headers  - http-outgoing-116 << Content-Type:application/json; charset=utf-8
152924 [Forwarding clickElement on session 26e90cf751a94491357d237ee8548956 to remote] DEBUG org.apache.http.headers  - http-outgoing-116 << Connection:close
152924 [Forwarding clickElement on session 26e90cf751a94491357d237ee8548956 to remote] DEBUG org.apache.http.headers  - http-outgoing-116 << Connection:close
152924 [Forwarding clickElement on session 26e90cf751a94491357d237ee8548956 to remote] DEBUG org.apache.http.headers  - http-outgoing-116 << Connection:close
152924 [Forwarding clickElement on session 26e90cf751a94491357d237ee8548956 to remote] DEBUG org.apache.http.headers  - http-outgoing-116 << Connection:close
152924 [Forwarding clickElement on session 26e90cf751a94491357d237ee8548956 to remote] DEBUG org.apache.http.impl.conn.DefaultManagedHttpClientConnection  - http-outgoing-116: Close connection
152924 [Forwarding clickElement on session 26e90cf751a94491357d237ee8548956 to remote] DEBUG org.apache.http.impl.conn.DefaultManagedHttpClientConnection  - http-outgoing-116: Close connection
152924 [Forwarding clickElement on session 26e90cf751a94491357d237ee8548956 to remote] DEBUG org.apache.http.impl.conn.DefaultManagedHttpClientConnection  - http-outgoing-116: Close connection
152924 [Forwarding clickElement on session 26e90cf751a94491357d237ee8548956 to remote] DEBUG org.apache.http.impl.conn.DefaultManagedHttpClientConnection  - http-outgoing-116: Close connection
152924 [Forwarding clickElement on session 26e90cf751a94491357d237ee8548956 to remote] DEBUG org.apache.http.impl.execchain.MainClientExec  - Connection discarded
152924 [Forwarding clickElement on session 26e90cf751a94491357d237ee8548956 to remote] DEBUG org.apache.http.impl.execchain.MainClientExec  - Connection discarded
152924 [Forwarding clickElement on session 26e90cf751a94491357d237ee8548956 to remote] DEBUG org.apache.http.impl.execchain.MainClientExec  - Connection discarded
152924 [Forwarding clickElement on session 26e90cf751a94491357d237ee8548956 to remote] DEBUG org.apache.http.impl.execchain.MainClientExec  - Connection discarded
152925 [Forwarding clickElement on session 26e90cf751a94491357d237ee8548956 to remote] DEBUG org.apache.http.impl.conn.PoolingHttpClientConnectionManager  - Connection released: [id: 116][route: {}->http://localhost:39717][total kept alive: 0; route allocated: 0 of 2000; total allocated: 0 of 2000]
152925 [Forwarding clickElement on session 26e90cf751a94491357d237ee8548956 to remote] DEBUG org.apache.http.impl.conn.PoolingHttpClientConnectionManager  - Connection released: [id: 116][route: {}->http://localhost:39717][total kept alive: 0; route allocated: 0 of 2000; total allocated: 0 of 2000]
152925 [Forwarding clickElement on session 26e90cf751a94491357d237ee8548956 to remote] DEBUG org.apache.http.impl.conn.PoolingHttpClientConnectionManager  - Connection released: [id: 116][route: {}->http://localhost:39717][total kept alive: 0; route allocated: 0 of 2000; total allocated: 0 of 2000]
152925 [Forwarding clickElement on session 26e90cf751a94491357d237ee8548956 to remote] DEBUG org.apache.http.impl.conn.PoolingHttpClientConnectionManager  - Connection released: [id: 116][route: {}->http://localhost:39717][total kept alive: 0; route allocated: 0 of 2000; total allocated: 0 of 2000]
152927 [Forwarding findElement on session 26e90cf751a94491357d237ee8548956 to remote] DEBUG org.apache.http.client.protocol.RequestAddCookies  - CookieSpec selected: default
152927 [Forwarding findElement on session 26e90cf751a94491357d237ee8548956 to remote] DEBUG org.apache.http.client.protocol.RequestAddCookies  - CookieSpec selected: default
152927 [Forwarding findElement on session 26e90cf751a94491357d237ee8548956 to remote] DEBUG org.apache.http.client.protocol.RequestAddCookies  - CookieSpec selected: default
152927 [Forwarding findElement on session 26e90cf751a94491357d237ee8548956 to remote] DEBUG org.apache.http.client.protocol.RequestAddCookies  - CookieSpec selected: default
152927 [Forwarding findElement on session 26e90cf751a94491357d237ee8548956 to remote] DEBUG org.apache.http.client.protocol.RequestAuthCache  - Auth cache not set in the context
152927 [Forwarding findElement on session 26e90cf751a94491357d237ee8548956 to remote] DEBUG org.apache.http.client.protocol.RequestAuthCache  - Auth cache not set in the context
152927 [Forwarding findElement on session 26e90cf751a94491357d237ee8548956 to remote] DEBUG org.apache.http.client.protocol.RequestAuthCache  - Auth cache not set in the context
152927 [Forwarding findElement on session 26e90cf751a94491357d237ee8548956 to remote] DEBUG org.apache.http.client.protocol.RequestAuthCache  - Auth cache not set in the context
152927 [Forwarding findElement on session 26e90cf751a94491357d237ee8548956 to remote] DEBUG org.apache.http.impl.conn.PoolingHttpClientConnectionManager  - Connection request: [route: {}->http://localhost:39717][total kept alive: 0; route allocated: 0 of 2000; total allocated: 0 of 2000]
152927 [Forwarding findElement on session 26e90cf751a94491357d237ee8548956 to remote] DEBUG org.apache.http.impl.conn.PoolingHttpClientConnectionManager  - Connection request: [route: {}->http://localhost:39717][total kept alive: 0; route allocated: 0 of 2000; total allocated: 0 of 2000]
152927 [Forwarding findElement on session 26e90cf751a94491357d237ee8548956 to remote] DEBUG org.apache.http.impl.conn.PoolingHttpClientConnectionManager  - Connection request: [route: {}->http://localhost:39717][total kept alive: 0; route allocated: 0 of 2000; total allocated: 0 of 2000]
152927 [Forwarding findElement on session 26e90cf751a94491357d237ee8548956 to remote] DEBUG org.apache.http.impl.conn.PoolingHttpClientConnectionManager  - Connection request: [route: {}->http://localhost:39717][total kept alive: 0; route allocated: 0 of 2000; total allocated: 0 of 2000]
152928 [Forwarding findElement on session 26e90cf751a94491357d237ee8548956 to remote] DEBUG org.apache.http.impl.conn.PoolingHttpClientConnectionManager  - Connection leased: [id: 117][route: {}->http://localhost:39717][total kept alive: 0; route allocated: 1 of 2000; total allocated: 1 of 2000]
152928 [Forwarding findElement on session 26e90cf751a94491357d237ee8548956 to remote] DEBUG org.apache.http.impl.conn.PoolingHttpClientConnectionManager  - Connection leased: [id: 117][route: {}->http://localhost:39717][total kept alive: 0; route allocated: 1 of 2000; total allocated: 1 of 2000]
152928 [Forwarding findElement on session 26e90cf751a94491357d237ee8548956 to remote] DEBUG org.apache.http.impl.conn.PoolingHttpClientConnectionManager  - Connection leased: [id: 117][route: {}->http://localhost:39717][total kept alive: 0; route allocated: 1 of 2000; total allocated: 1 of 2000]
152928 [Forwarding findElement on session 26e90cf751a94491357d237ee8548956 to remote] DEBUG org.apache.http.impl.conn.PoolingHttpClientConnectionManager  - Connection leased: [id: 117][route: {}->http://localhost:39717][total kept alive: 0; route allocated: 1 of 2000; total allocated: 1 of 2000]
152928 [Forwarding findElement on session 26e90cf751a94491357d237ee8548956 to remote] DEBUG org.apache.http.impl.execchain.MainClientExec  - Opening connection {}->http://localhost:39717
152928 [Forwarding findElement on session 26e90cf751a94491357d237ee8548956 to remote] DEBUG org.apache.http.impl.execchain.MainClientExec  - Opening connection {}->http://localhost:39717
152928 [Forwarding findElement on session 26e90cf751a94491357d237ee8548956 to remote] DEBUG org.apache.http.impl.execchain.MainClientExec  - Opening connection {}->http://localhost:39717
152928 [Forwarding findElement on session 26e90cf751a94491357d237ee8548956 to remote] DEBUG org.apache.http.impl.execchain.MainClientExec  - Opening connection {}->http://localhost:39717
152928 [Forwarding findElement on session 26e90cf751a94491357d237ee8548956 to remote] DEBUG org.apache.http.impl.conn.DefaultHttpClientConnectionOperator  - Connecting to localhost/127.0.0.1:39717
152928 [Forwarding findElement on session 26e90cf751a94491357d237ee8548956 to remote] DEBUG org.apache.http.impl.conn.DefaultHttpClientConnectionOperator  - Connecting to localhost/127.0.0.1:39717
152928 [Forwarding findElement on session 26e90cf751a94491357d237ee8548956 to remote] DEBUG org.apache.http.impl.conn.DefaultHttpClientConnectionOperator  - Connecting to localhost/127.0.0.1:39717
152928 [Forwarding findElement on session 26e90cf751a94491357d237ee8548956 to remote] DEBUG org.apache.http.impl.conn.DefaultHttpClientConnectionOperator  - Connecting to localhost/127.0.0.1:39717
152928 [Forwarding findElement on session 26e90cf751a94491357d237ee8548956 to remote] DEBUG org.apache.http.impl.conn.DefaultHttpClientConnectionOperator  - Connection established 127.0.0.1:53090<->127.0.0.1:39717
152928 [Forwarding findElement on session 26e90cf751a94491357d237ee8548956 to remote] DEBUG org.apache.http.impl.conn.DefaultHttpClientConnectionOperator  - Connection established 127.0.0.1:53090<->127.0.0.1:39717
152928 [Forwarding findElement on session 26e90cf751a94491357d237ee8548956 to remote] DEBUG org.apache.http.impl.conn.DefaultHttpClientConnectionOperator  - Connection established 127.0.0.1:53090<->127.0.0.1:39717
152928 [Forwarding findElement on session 26e90cf751a94491357d237ee8548956 to remote] DEBUG org.apache.http.impl.conn.DefaultHttpClientConnectionOperator  - Connection established 127.0.0.1:53090<->127.0.0.1:39717
152929 [Forwarding findElement on session 26e90cf751a94491357d237ee8548956 to remote] DEBUG org.apache.http.impl.conn.DefaultManagedHttpClientConnection  - http-outgoing-117: set socket timeout to 10800000
152929 [Forwarding findElement on session 26e90cf751a94491357d237ee8548956 to remote] DEBUG org.apache.http.impl.conn.DefaultManagedHttpClientConnection  - http-outgoing-117: set socket timeout to 10800000
152929 [Forwarding findElement on session 26e90cf751a94491357d237ee8548956 to remote] DEBUG org.apache.http.impl.conn.DefaultManagedHttpClientConnection  - http-outgoing-117: set socket timeout to 10800000
152929 [Forwarding findElement on session 26e90cf751a94491357d237ee8548956 to remote] DEBUG org.apache.http.impl.conn.DefaultManagedHttpClientConnection  - http-outgoing-117: set socket timeout to 10800000
152929 [Forwarding findElement on session 26e90cf751a94491357d237ee8548956 to remote] DEBUG org.apache.http.impl.execchain.MainClientExec  - Executing request POST /session/26e90cf751a94491357d237ee8548956/element HTTP/1.1
152929 [Forwarding findElement on session 26e90cf751a94491357d237ee8548956 to remote] DEBUG org.apache.http.impl.execchain.MainClientExec  - Executing request POST /session/26e90cf751a94491357d237ee8548956/element HTTP/1.1
152929 [Forwarding findElement on session 26e90cf751a94491357d237ee8548956 to remote] DEBUG org.apache.http.impl.execchain.MainClientExec  - Executing request POST /session/26e90cf751a94491357d237ee8548956/element HTTP/1.1
152929 [Forwarding findElement on session 26e90cf751a94491357d237ee8548956 to remote] DEBUG org.apache.http.impl.execchain.MainClientExec  - Executing request POST /session/26e90cf751a94491357d237ee8548956/element HTTP/1.1
152929 [Forwarding findElement on session 26e90cf751a94491357d237ee8548956 to remote] DEBUG org.apache.http.impl.execchain.MainClientExec  - Target auth state: UNCHALLENGED
152929 [Forwarding findElement on session 26e90cf751a94491357d237ee8548956 to remote] DEBUG org.apache.http.impl.execchain.MainClientExec  - Target auth state: UNCHALLENGED
152929 [Forwarding findElement on session 26e90cf751a94491357d237ee8548956 to remote] DEBUG org.apache.http.impl.execchain.MainClientExec  - Target auth state: UNCHALLENGED
152929 [Forwarding findElement on session 26e90cf751a94491357d237ee8548956 to remote] DEBUG org.apache.http.impl.execchain.MainClientExec  - Target auth state: UNCHALLENGED
152929 [Forwarding findElement on session 26e90cf751a94491357d237ee8548956 to remote] DEBUG org.apache.http.impl.execchain.MainClientExec  - Proxy auth state: UNCHALLENGED
152929 [Forwarding findElement on session 26e90cf751a94491357d237ee8548956 to remote] DEBUG org.apache.http.impl.execchain.MainClientExec  - Proxy auth state: UNCHALLENGED
152929 [Forwarding findElement on session 26e90cf751a94491357d237ee8548956 to remote] DEBUG org.apache.http.impl.execchain.MainClientExec  - Proxy auth state: UNCHALLENGED
152929 [Forwarding findElement on session 26e90cf751a94491357d237ee8548956 to remote] DEBUG org.apache.http.impl.execchain.MainClientExec  - Proxy auth state: UNCHALLENGED
152929 [Forwarding findElement on session 26e90cf751a94491357d237ee8548956 to remote] DEBUG org.apache.http.headers  - http-outgoing-117 >> POST /session/26e90cf751a94491357d237ee8548956/element HTTP/1.1
152929 [Forwarding findElement on session 26e90cf751a94491357d237ee8548956 to remote] DEBUG org.apache.http.headers  - http-outgoing-117 >> POST /session/26e90cf751a94491357d237ee8548956/element HTTP/1.1
152929 [Forwarding findElement on session 26e90cf751a94491357d237ee8548956 to remote] DEBUG org.apache.http.headers  - http-outgoing-117 >> POST /session/26e90cf751a94491357d237ee8548956/element HTTP/1.1
152929 [Forwarding findElement on session 26e90cf751a94491357d237ee8548956 to remote] DEBUG org.apache.http.headers  - http-outgoing-117 >> POST /session/26e90cf751a94491357d237ee8548956/element HTTP/1.1
152929 [Forwarding findElement on session 26e90cf751a94491357d237ee8548956 to remote] DEBUG org.apache.http.headers  - http-outgoing-117 >> Content-Type: application/json; charset=utf-8
152929 [Forwarding findElement on session 26e90cf751a94491357d237ee8548956 to remote] DEBUG org.apache.http.headers  - http-outgoing-117 >> Content-Type: application/json; charset=utf-8
152929 [Forwarding findElement on session 26e90cf751a94491357d237ee8548956 to remote] DEBUG org.apache.http.headers  - http-outgoing-117 >> Content-Type: application/json; charset=utf-8
152929 [Forwarding findElement on session 26e90cf751a94491357d237ee8548956 to remote] DEBUG org.apache.http.headers  - http-outgoing-117 >> Content-Type: application/json; charset=utf-8
152929 [Forwarding findElement on session 26e90cf751a94491357d237ee8548956 to remote] DEBUG org.apache.http.headers  - http-outgoing-117 >> Content-Length: 62
152929 [Forwarding findElement on session 26e90cf751a94491357d237ee8548956 to remote] DEBUG org.apache.http.headers  - http-outgoing-117 >> Content-Length: 62
152929 [Forwarding findElement on session 26e90cf751a94491357d237ee8548956 to remote] DEBUG org.apache.http.headers  - http-outgoing-117 >> Content-Length: 62
152929 [Forwarding findElement on session 26e90cf751a94491357d237ee8548956 to remote] DEBUG org.apache.http.headers  - http-outgoing-117 >> Content-Length: 62
152929 [Forwarding findElement on session 26e90cf751a94491357d237ee8548956 to remote] DEBUG org.apache.http.headers  - http-outgoing-117 >> Host: localhost:39717
152929 [Forwarding findElement on session 26e90cf751a94491357d237ee8548956 to remote] DEBUG org.apache.http.headers  - http-outgoing-117 >> Host: localhost:39717
152929 [Forwarding findElement on session 26e90cf751a94491357d237ee8548956 to remote] DEBUG org.apache.http.headers  - http-outgoing-117 >> Host: localhost:39717
152929 [Forwarding findElement on session 26e90cf751a94491357d237ee8548956 to remote] DEBUG org.apache.http.headers  - http-outgoing-117 >> Host: localhost:39717
152929 [Forwarding findElement on session 26e90cf751a94491357d237ee8548956 to remote] DEBUG org.apache.http.headers  - http-outgoing-117 >> Connection: Keep-Alive
152929 [Forwarding findElement on session 26e90cf751a94491357d237ee8548956 to remote] DEBUG org.apache.http.headers  - http-outgoing-117 >> Connection: Keep-Alive
152929 [Forwarding findElement on session 26e90cf751a94491357d237ee8548956 to remote] DEBUG org.apache.http.headers  - http-outgoing-117 >> Connection: Keep-Alive
152929 [Forwarding findElement on session 26e90cf751a94491357d237ee8548956 to remote] DEBUG org.apache.http.headers  - http-outgoing-117 >> Connection: Keep-Alive
152929 [Forwarding findElement on session 26e90cf751a94491357d237ee8548956 to remote] DEBUG org.apache.http.headers  - http-outgoing-117 >> User-Agent: Apache-HttpClient/4.5.2 (Java/1.8.0_91)
152929 [Forwarding findElement on session 26e90cf751a94491357d237ee8548956 to remote] DEBUG org.apache.http.headers  - http-outgoing-117 >> User-Agent: Apache-HttpClient/4.5.2 (Java/1.8.0_91)
152929 [Forwarding findElement on session 26e90cf751a94491357d237ee8548956 to remote] DEBUG org.apache.http.headers  - http-outgoing-117 >> User-Agent: Apache-HttpClient/4.5.2 (Java/1.8.0_91)
152929 [Forwarding findElement on session 26e90cf751a94491357d237ee8548956 to remote] DEBUG org.apache.http.headers  - http-outgoing-117 >> User-Agent: Apache-HttpClient/4.5.2 (Java/1.8.0_91)
152929 [Forwarding findElement on session 26e90cf751a94491357d237ee8548956 to remote] DEBUG org.apache.http.headers  - http-outgoing-117 >> Accept-Encoding: gzip,deflate
152929 [Forwarding findElement on session 26e90cf751a94491357d237ee8548956 to remote] DEBUG org.apache.http.headers  - http-outgoing-117 >> Accept-Encoding: gzip,deflate
152929 [Forwarding findElement on session 26e90cf751a94491357d237ee8548956 to remote] DEBUG org.apache.http.headers  - http-outgoing-117 >> Accept-Encoding: gzip,deflate
152929 [Forwarding findElement on session 26e90cf751a94491357d237ee8548956 to remote] DEBUG org.apache.http.headers  - http-outgoing-117 >> Accept-Encoding: gzip,deflate
152929 [Forwarding findElement on session 26e90cf751a94491357d237ee8548956 to remote] DEBUG org.apache.http.wire  - http-outgoing-117 >> "POST /session/26e90cf751a94491357d237ee8548956/element HTTP/1.1[\r][\n]"
152929 [Forwarding findElement on session 26e90cf751a94491357d237ee8548956 to remote] DEBUG org.apache.http.wire  - http-outgoing-117 >> "POST /session/26e90cf751a94491357d237ee8548956/element HTTP/1.1[\r][\n]"
152929 [Forwarding findElement on session 26e90cf751a94491357d237ee8548956 to remote] DEBUG org.apache.http.wire  - http-outgoing-117 >> "POST /session/26e90cf751a94491357d237ee8548956/element HTTP/1.1[\r][\n]"
152929 [Forwarding findElement on session 26e90cf751a94491357d237ee8548956 to remote] DEBUG org.apache.http.wire  - http-outgoing-117 >> "POST /session/26e90cf751a94491357d237ee8548956/element HTTP/1.1[\r][\n]"
152929 [Forwarding findElement on session 26e90cf751a94491357d237ee8548956 to remote] DEBUG org.apache.http.wire  - http-outgoing-117 >> "Content-Type: application/json; charset=utf-8[\r][\n]"
152929 [Forwarding findElement on session 26e90cf751a94491357d237ee8548956 to remote] DEBUG org.apache.http.wire  - http-outgoing-117 >> "Content-Type: application/json; charset=utf-8[\r][\n]"
152929 [Forwarding findElement on session 26e90cf751a94491357d237ee8548956 to remote] DEBUG org.apache.http.wire  - http-outgoing-117 >> "Content-Type: application/json; charset=utf-8[\r][\n]"
152929 [Forwarding findElement on session 26e90cf751a94491357d237ee8548956 to remote] DEBUG org.apache.http.wire  - http-outgoing-117 >> "Content-Type: application/json; charset=utf-8[\r][\n]"
152929 [Forwarding findElement on session 26e90cf751a94491357d237ee8548956 to remote] DEBUG org.apache.http.wire  - http-outgoing-117 >> "Content-Length: 62[\r][\n]"
152929 [Forwarding findElement on session 26e90cf751a94491357d237ee8548956 to remote] DEBUG org.apache.http.wire  - http-outgoing-117 >> "Content-Length: 62[\r][\n]"
152929 [Forwarding findElement on session 26e90cf751a94491357d237ee8548956 to remote] DEBUG org.apache.http.wire  - http-outgoing-117 >> "Content-Length: 62[\r][\n]"
152929 [Forwarding findElement on session 26e90cf751a94491357d237ee8548956 to remote] DEBUG org.apache.http.wire  - http-outgoing-117 >> "Content-Length: 62[\r][\n]"
152929 [Forwarding findElement on session 26e90cf751a94491357d237ee8548956 to remote] DEBUG org.apache.http.wire  - http-outgoing-117 >> "Host: localhost:39717[\r][\n]"
152929 [Forwarding findElement on session 26e90cf751a94491357d237ee8548956 to remote] DEBUG org.apache.http.wire  - http-outgoing-117 >> "Host: localhost:39717[\r][\n]"
152929 [Forwarding findElement on session 26e90cf751a94491357d237ee8548956 to remote] DEBUG org.apache.http.wire  - http-outgoing-117 >> "Host: localhost:39717[\r][\n]"
152929 [Forwarding findElement on session 26e90cf751a94491357d237ee8548956 to remote] DEBUG org.apache.http.wire  - http-outgoing-117 >> "Host: localhost:39717[\r][\n]"
152929 [Forwarding findElement on session 26e90cf751a94491357d237ee8548956 to remote] DEBUG org.apache.http.wire  - http-outgoing-117 >> "Connection: Keep-Alive[\r][\n]"
152929 [Forwarding findElement on session 26e90cf751a94491357d237ee8548956 to remote] DEBUG org.apache.http.wire  - http-outgoing-117 >> "Connection: Keep-Alive[\r][\n]"
152929 [Forwarding findElement on session 26e90cf751a94491357d237ee8548956 to remote] DEBUG org.apache.http.wire  - http-outgoing-117 >> "Connection: Keep-Alive[\r][\n]"
152929 [Forwarding findElement on session 26e90cf751a94491357d237ee8548956 to remote] DEBUG org.apache.http.wire  - http-outgoing-117 >> "Connection: Keep-Alive[\r][\n]"
152929 [Forwarding findElement on session 26e90cf751a94491357d237ee8548956 to remote] DEBUG org.apache.http.wire  - http-outgoing-117 >> "User-Agent: Apache-HttpClient/4.5.2 (Java/1.8.0_91)[\r][\n]"
152929 [Forwarding findElement on session 26e90cf751a94491357d237ee8548956 to remote] DEBUG org.apache.http.wire  - http-outgoing-117 >> "User-Agent: Apache-HttpClient/4.5.2 (Java/1.8.0_91)[\r][\n]"
152929 [Forwarding findElement on session 26e90cf751a94491357d237ee8548956 to remote] DEBUG org.apache.http.wire  - http-outgoing-117 >> "User-Agent: Apache-HttpClient/4.5.2 (Java/1.8.0_91)[\r][\n]"
152929 [Forwarding findElement on session 26e90cf751a94491357d237ee8548956 to remote] DEBUG org.apache.http.wire  - http-outgoing-117 >> "User-Agent: Apache-HttpClient/4.5.2 (Java/1.8.0_91)[\r][\n]"
152929 [Forwarding findElement on session 26e90cf751a94491357d237ee8548956 to remote] DEBUG org.apache.http.wire  - http-outgoing-117 >> "Accept-Encoding: gzip,deflate[\r][\n]"
152929 [Forwarding findElement on session 26e90cf751a94491357d237ee8548956 to remote] DEBUG org.apache.http.wire  - http-outgoing-117 >> "Accept-Encoding: gzip,deflate[\r][\n]"
152929 [Forwarding findElement on session 26e90cf751a94491357d237ee8548956 to remote] DEBUG org.apache.http.wire  - http-outgoing-117 >> "Accept-Encoding: gzip,deflate[\r][\n]"
152929 [Forwarding findElement on session 26e90cf751a94491357d237ee8548956 to remote] DEBUG org.apache.http.wire  - http-outgoing-117 >> "Accept-Encoding: gzip,deflate[\r][\n]"
152929 [Forwarding findElement on session 26e90cf751a94491357d237ee8548956 to remote] DEBUG org.apache.http.wire  - http-outgoing-117 >> "[\r][\n]"
152929 [Forwarding findElement on session 26e90cf751a94491357d237ee8548956 to remote] DEBUG org.apache.http.wire  - http-outgoing-117 >> "[\r][\n]"
152929 [Forwarding findElement on session 26e90cf751a94491357d237ee8548956 to remote] DEBUG org.apache.http.wire  - http-outgoing-117 >> "[\r][\n]"
152929 [Forwarding findElement on session 26e90cf751a94491357d237ee8548956 to remote] DEBUG org.apache.http.wire  - http-outgoing-117 >> "[\r][\n]"
152929 [Forwarding findElement on session 26e90cf751a94491357d237ee8548956 to remote] DEBUG org.apache.http.wire  - http-outgoing-117 >> "{"using":"css selector","value":".post-metadata-actions>span"}"
152929 [Forwarding findElement on session 26e90cf751a94491357d237ee8548956 to remote] DEBUG org.apache.http.wire  - http-outgoing-117 >> "{"using":"css selector","value":".post-metadata-actions>span"}"
152929 [Forwarding findElement on session 26e90cf751a94491357d237ee8548956 to remote] DEBUG org.apache.http.wire  - http-outgoing-117 >> "{"using":"css selector","value":".post-metadata-actions>span"}"
152929 [Forwarding findElement on session 26e90cf751a94491357d237ee8548956 to remote] DEBUG org.apache.http.wire  - http-outgoing-117 >> "{"using":"css selector","value":".post-metadata-actions>span"}"
152957 [Forwarding findElement on session 26e90cf751a94491357d237ee8548956 to remote] DEBUG org.apache.http.wire  - http-outgoing-117 << "HTTP/1.1 200 OK[\r][\n]"
152957 [Forwarding findElement on session 26e90cf751a94491357d237ee8548956 to remote] DEBUG org.apache.http.wire  - http-outgoing-117 << "HTTP/1.1 200 OK[\r][\n]"
152957 [Forwarding findElement on session 26e90cf751a94491357d237ee8548956 to remote] DEBUG org.apache.http.wire  - http-outgoing-117 << "HTTP/1.1 200 OK[\r][\n]"
152957 [Forwarding findElement on session 26e90cf751a94491357d237ee8548956 to remote] DEBUG org.apache.http.wire  - http-outgoing-117 << "HTTP/1.1 200 OK[\r][\n]"
152957 [Forwarding findElement on session 26e90cf751a94491357d237ee8548956 to remote] DEBUG org.apache.http.wire  - http-outgoing-117 << "Content-Length:102[\r][\n]"
152957 [Forwarding findElement on session 26e90cf751a94491357d237ee8548956 to remote] DEBUG org.apache.http.wire  - http-outgoing-117 << "Content-Length:102[\r][\n]"
152957 [Forwarding findElement on session 26e90cf751a94491357d237ee8548956 to remote] DEBUG org.apache.http.wire  - http-outgoing-117 << "Content-Length:102[\r][\n]"
152957 [Forwarding findElement on session 26e90cf751a94491357d237ee8548956 to remote] DEBUG org.apache.http.wire  - http-outgoing-117 << "Content-Length:102[\r][\n]"
152958 [Forwarding findElement on session 26e90cf751a94491357d237ee8548956 to remote] DEBUG org.apache.http.wire  - http-outgoing-117 << "Content-Type:application/json; charset=utf-8[\r][\n]"
152958 [Forwarding findElement on session 26e90cf751a94491357d237ee8548956 to remote] DEBUG org.apache.http.wire  - http-outgoing-117 << "Content-Type:application/json; charset=utf-8[\r][\n]"
152958 [Forwarding findElement on session 26e90cf751a94491357d237ee8548956 to remote] DEBUG org.apache.http.wire  - http-outgoing-117 << "Content-Type:application/json; charset=utf-8[\r][\n]"
152958 [Forwarding findElement on session 26e90cf751a94491357d237ee8548956 to remote] DEBUG org.apache.http.wire  - http-outgoing-117 << "Content-Type:application/json; charset=utf-8[\r][\n]"
152958 [Forwarding findElement on session 26e90cf751a94491357d237ee8548956 to remote] DEBUG org.apache.http.wire  - http-outgoing-117 << "Connection:close[\r][\n]"
152958 [Forwarding findElement on session 26e90cf751a94491357d237ee8548956 to remote] DEBUG org.apache.http.wire  - http-outgoing-117 << "Connection:close[\r][\n]"
152958 [Forwarding findElement on session 26e90cf751a94491357d237ee8548956 to remote] DEBUG org.apache.http.wire  - http-outgoing-117 << "Connection:close[\r][\n]"
152958 [Forwarding findElement on session 26e90cf751a94491357d237ee8548956 to remote] DEBUG org.apache.http.wire  - http-outgoing-117 << "Connection:close[\r][\n]"
152958 [Forwarding findElement on session 26e90cf751a94491357d237ee8548956 to remote] DEBUG org.apache.http.wire  - http-outgoing-117 << "[\r][\n]"
152958 [Forwarding findElement on session 26e90cf751a94491357d237ee8548956 to remote] DEBUG org.apache.http.wire  - http-outgoing-117 << "[\r][\n]"
152958 [Forwarding findElement on session 26e90cf751a94491357d237ee8548956 to remote] DEBUG org.apache.http.wire  - http-outgoing-117 << "[\r][\n]"
152958 [Forwarding findElement on session 26e90cf751a94491357d237ee8548956 to remote] DEBUG org.apache.http.wire  - http-outgoing-117 << "[\r][\n]"
152958 [Forwarding findElement on session 26e90cf751a94491357d237ee8548956 to remote] DEBUG org.apache.http.wire  - http-outgoing-117 << "{"sessionId":"26e90cf751a94491357d237ee8548956","status":0,"value":{"ELEMENT":"0.2337071110746991-1"}}"
152958 [Forwarding findElement on session 26e90cf751a94491357d237ee8548956 to remote] DEBUG org.apache.http.wire  - http-outgoing-117 << "{"sessionId":"26e90cf751a94491357d237ee8548956","status":0,"value":{"ELEMENT":"0.2337071110746991-1"}}"
152958 [Forwarding findElement on session 26e90cf751a94491357d237ee8548956 to remote] DEBUG org.apache.http.wire  - http-outgoing-117 << "{"sessionId":"26e90cf751a94491357d237ee8548956","status":0,"value":{"ELEMENT":"0.2337071110746991-1"}}"
152958 [Forwarding findElement on session 26e90cf751a94491357d237ee8548956 to remote] DEBUG org.apache.http.wire  - http-outgoing-117 << "{"sessionId":"26e90cf751a94491357d237ee8548956","status":0,"value":{"ELEMENT":"0.2337071110746991-1"}}"
152958 [Forwarding findElement on session 26e90cf751a94491357d237ee8548956 to remote] DEBUG org.apache.http.headers  - http-outgoing-117 << HTTP/1.1 200 OK
152958 [Forwarding findElement on session 26e90cf751a94491357d237ee8548956 to remote] DEBUG org.apache.http.headers  - http-outgoing-117 << HTTP/1.1 200 OK
152958 [Forwarding findElement on session 26e90cf751a94491357d237ee8548956 to remote] DEBUG org.apache.http.headers  - http-outgoing-117 << HTTP/1.1 200 OK
152958 [Forwarding findElement on session 26e90cf751a94491357d237ee8548956 to remote] DEBUG org.apache.http.headers  - http-outgoing-117 << HTTP/1.1 200 OK
152958 [Forwarding findElement on session 26e90cf751a94491357d237ee8548956 to remote] DEBUG org.apache.http.headers  - http-outgoing-117 << Content-Length:102
152958 [Forwarding findElement on session 26e90cf751a94491357d237ee8548956 to remote] DEBUG org.apache.http.headers  - http-outgoing-117 << Content-Length:102
152958 [Forwarding findElement on session 26e90cf751a94491357d237ee8548956 to remote] DEBUG org.apache.http.headers  - http-outgoing-117 << Content-Length:102
152958 [Forwarding findElement on session 26e90cf751a94491357d237ee8548956 to remote] DEBUG org.apache.http.headers  - http-outgoing-117 << Content-Length:102
152958 [Forwarding findElement on session 26e90cf751a94491357d237ee8548956 to remote] DEBUG org.apache.http.headers  - http-outgoing-117 << Content-Type:application/json; charset=utf-8
152958 [Forwarding findElement on session 26e90cf751a94491357d237ee8548956 to remote] DEBUG org.apache.http.headers  - http-outgoing-117 << Content-Type:application/json; charset=utf-8
152958 [Forwarding findElement on session 26e90cf751a94491357d237ee8548956 to remote] DEBUG org.apache.http.headers  - http-outgoing-117 << Content-Type:application/json; charset=utf-8
152958 [Forwarding findElement on session 26e90cf751a94491357d237ee8548956 to remote] DEBUG org.apache.http.headers  - http-outgoing-117 << Content-Type:application/json; charset=utf-8
152958 [Forwarding findElement on session 26e90cf751a94491357d237ee8548956 to remote] DEBUG org.apache.http.headers  - http-outgoing-117 << Connection:close
152958 [Forwarding findElement on session 26e90cf751a94491357d237ee8548956 to remote] DEBUG org.apache.http.headers  - http-outgoing-117 << Connection:close
152958 [Forwarding findElement on session 26e90cf751a94491357d237ee8548956 to remote] DEBUG org.apache.http.headers  - http-outgoing-117 << Connection:close
152958 [Forwarding findElement on session 26e90cf751a94491357d237ee8548956 to remote] DEBUG org.apache.http.headers  - http-outgoing-117 << Connection:close
152958 [Forwarding findElement on session 26e90cf751a94491357d237ee8548956 to remote] DEBUG org.apache.http.impl.conn.DefaultManagedHttpClientConnection  - http-outgoing-117: Close connection
152958 [Forwarding findElement on session 26e90cf751a94491357d237ee8548956 to remote] DEBUG org.apache.http.impl.conn.DefaultManagedHttpClientConnection  - http-outgoing-117: Close connection
152958 [Forwarding findElement on session 26e90cf751a94491357d237ee8548956 to remote] DEBUG org.apache.http.impl.conn.DefaultManagedHttpClientConnection  - http-outgoing-117: Close connection
152958 [Forwarding findElement on session 26e90cf751a94491357d237ee8548956 to remote] DEBUG org.apache.http.impl.conn.DefaultManagedHttpClientConnection  - http-outgoing-117: Close connection
152959 [Forwarding findElement on session 26e90cf751a94491357d237ee8548956 to remote] DEBUG org.apache.http.impl.execchain.MainClientExec  - Connection discarded
152959 [Forwarding findElement on session 26e90cf751a94491357d237ee8548956 to remote] DEBUG org.apache.http.impl.execchain.MainClientExec  - Connection discarded
152959 [Forwarding findElement on session 26e90cf751a94491357d237ee8548956 to remote] DEBUG org.apache.http.impl.execchain.MainClientExec  - Connection discarded
152959 [Forwarding findElement on session 26e90cf751a94491357d237ee8548956 to remote] DEBUG org.apache.http.impl.execchain.MainClientExec  - Connection discarded
152959 [Forwarding findElement on session 26e90cf751a94491357d237ee8548956 to remote] DEBUG org.apache.http.impl.conn.PoolingHttpClientConnectionManager  - Connection released: [id: 117][route: {}->http://localhost:39717][total kept alive: 0; route allocated: 0 of 2000; total allocated: 0 of 2000]
152959 [Forwarding findElement on session 26e90cf751a94491357d237ee8548956 to remote] DEBUG org.apache.http.impl.conn.PoolingHttpClientConnectionManager  - Connection released: [id: 117][route: {}->http://localhost:39717][total kept alive: 0; route allocated: 0 of 2000; total allocated: 0 of 2000]
152959 [Forwarding findElement on session 26e90cf751a94491357d237ee8548956 to remote] DEBUG org.apache.http.impl.conn.PoolingHttpClientConnectionManager  - Connection released: [id: 117][route: {}->http://localhost:39717][total kept alive: 0; route allocated: 0 of 2000; total allocated: 0 of 2000]
152959 [Forwarding findElement on session 26e90cf751a94491357d237ee8548956 to remote] DEBUG org.apache.http.impl.conn.PoolingHttpClientConnectionManager  - Connection released: [id: 117][route: {}->http://localhost:39717][total kept alive: 0; route allocated: 0 of 2000; total allocated: 0 of 2000]
152962 [Forwarding clickElement on session 26e90cf751a94491357d237ee8548956 to remote] DEBUG org.apache.http.client.protocol.RequestAddCookies  - CookieSpec selected: default
152962 [Forwarding clickElement on session 26e90cf751a94491357d237ee8548956 to remote] DEBUG org.apache.http.client.protocol.RequestAddCookies  - CookieSpec selected: default
152962 [Forwarding clickElement on session 26e90cf751a94491357d237ee8548956 to remote] DEBUG org.apache.http.client.protocol.RequestAddCookies  - CookieSpec selected: default
152962 [Forwarding clickElement on session 26e90cf751a94491357d237ee8548956 to remote] DEBUG org.apache.http.client.protocol.RequestAddCookies  - CookieSpec selected: default
152962 [Forwarding clickElement on session 26e90cf751a94491357d237ee8548956 to remote] DEBUG org.apache.http.client.protocol.RequestAuthCache  - Auth cache not set in the context
152962 [Forwarding clickElement on session 26e90cf751a94491357d237ee8548956 to remote] DEBUG org.apache.http.client.protocol.RequestAuthCache  - Auth cache not set in the context
152962 [Forwarding clickElement on session 26e90cf751a94491357d237ee8548956 to remote] DEBUG org.apache.http.client.protocol.RequestAuthCache  - Auth cache not set in the context
152962 [Forwarding clickElement on session 26e90cf751a94491357d237ee8548956 to remote] DEBUG org.apache.http.client.protocol.RequestAuthCache  - Auth cache not set in the context
152962 [Forwarding clickElement on session 26e90cf751a94491357d237ee8548956 to remote] DEBUG org.apache.http.impl.conn.PoolingHttpClientConnectionManager  - Connection request: [route: {}->http://localhost:39717][total kept alive: 0; route allocated: 0 of 2000; total allocated: 0 of 2000]
152962 [Forwarding clickElement on session 26e90cf751a94491357d237ee8548956 to remote] DEBUG org.apache.http.impl.conn.PoolingHttpClientConnectionManager  - Connection request: [route: {}->http://localhost:39717][total kept alive: 0; route allocated: 0 of 2000; total allocated: 0 of 2000]
152962 [Forwarding clickElement on session 26e90cf751a94491357d237ee8548956 to remote] DEBUG org.apache.http.impl.conn.PoolingHttpClientConnectionManager  - Connection request: [route: {}->http://localhost:39717][total kept alive: 0; route allocated: 0 of 2000; total allocated: 0 of 2000]
152962 [Forwarding clickElement on session 26e90cf751a94491357d237ee8548956 to remote] DEBUG org.apache.http.impl.conn.PoolingHttpClientConnectionManager  - Connection request: [route: {}->http://localhost:39717][total kept alive: 0; route allocated: 0 of 2000; total allocated: 0 of 2000]
152963 [Forwarding clickElement on session 26e90cf751a94491357d237ee8548956 to remote] DEBUG org.apache.http.impl.conn.PoolingHttpClientConnectionManager  - Connection leased: [id: 118][route: {}->http://localhost:39717][total kept alive: 0; route allocated: 1 of 2000; total allocated: 1 of 2000]
152963 [Forwarding clickElement on session 26e90cf751a94491357d237ee8548956 to remote] DEBUG org.apache.http.impl.conn.PoolingHttpClientConnectionManager  - Connection leased: [id: 118][route: {}->http://localhost:39717][total kept alive: 0; route allocated: 1 of 2000; total allocated: 1 of 2000]
152963 [Forwarding clickElement on session 26e90cf751a94491357d237ee8548956 to remote] DEBUG org.apache.http.impl.conn.PoolingHttpClientConnectionManager  - Connection leased: [id: 118][route: {}->http://localhost:39717][total kept alive: 0; route allocated: 1 of 2000; total allocated: 1 of 2000]
152963 [Forwarding clickElement on session 26e90cf751a94491357d237ee8548956 to remote] DEBUG org.apache.http.impl.conn.PoolingHttpClientConnectionManager  - Connection leased: [id: 118][route: {}->http://localhost:39717][total kept alive: 0; route allocated: 1 of 2000; total allocated: 1 of 2000]
152963 [Forwarding clickElement on session 26e90cf751a94491357d237ee8548956 to remote] DEBUG org.apache.http.impl.execchain.MainClientExec  - Opening connection {}->http://localhost:39717
152963 [Forwarding clickElement on session 26e90cf751a94491357d237ee8548956 to remote] DEBUG org.apache.http.impl.execchain.MainClientExec  - Opening connection {}->http://localhost:39717
152963 [Forwarding clickElement on session 26e90cf751a94491357d237ee8548956 to remote] DEBUG org.apache.http.impl.execchain.MainClientExec  - Opening connection {}->http://localhost:39717
152963 [Forwarding clickElement on session 26e90cf751a94491357d237ee8548956 to remote] DEBUG org.apache.http.impl.execchain.MainClientExec  - Opening connection {}->http://localhost:39717
152963 [Forwarding clickElement on session 26e90cf751a94491357d237ee8548956 to remote] DEBUG org.apache.http.impl.conn.DefaultHttpClientConnectionOperator  - Connecting to localhost/127.0.0.1:39717
152963 [Forwarding clickElement on session 26e90cf751a94491357d237ee8548956 to remote] DEBUG org.apache.http.impl.conn.DefaultHttpClientConnectionOperator  - Connecting to localhost/127.0.0.1:39717
152963 [Forwarding clickElement on session 26e90cf751a94491357d237ee8548956 to remote] DEBUG org.apache.http.impl.conn.DefaultHttpClientConnectionOperator  - Connecting to localhost/127.0.0.1:39717
152963 [Forwarding clickElement on session 26e90cf751a94491357d237ee8548956 to remote] DEBUG org.apache.http.impl.conn.DefaultHttpClientConnectionOperator  - Connecting to localhost/127.0.0.1:39717
152964 [Forwarding clickElement on session 26e90cf751a94491357d237ee8548956 to remote] DEBUG org.apache.http.impl.conn.DefaultHttpClientConnectionOperator  - Connection established 127.0.0.1:53091<->127.0.0.1:39717
152964 [Forwarding clickElement on session 26e90cf751a94491357d237ee8548956 to remote] DEBUG org.apache.http.impl.conn.DefaultHttpClientConnectionOperator  - Connection established 127.0.0.1:53091<->127.0.0.1:39717
152964 [Forwarding clickElement on session 26e90cf751a94491357d237ee8548956 to remote] DEBUG org.apache.http.impl.conn.DefaultHttpClientConnectionOperator  - Connection established 127.0.0.1:53091<->127.0.0.1:39717
152964 [Forwarding clickElement on session 26e90cf751a94491357d237ee8548956 to remote] DEBUG org.apache.http.impl.conn.DefaultHttpClientConnectionOperator  - Connection established 127.0.0.1:53091<->127.0.0.1:39717
152964 [Forwarding clickElement on session 26e90cf751a94491357d237ee8548956 to remote] DEBUG org.apache.http.impl.conn.DefaultManagedHttpClientConnection  - http-outgoing-118: set socket timeout to 10800000
152964 [Forwarding clickElement on session 26e90cf751a94491357d237ee8548956 to remote] DEBUG org.apache.http.impl.conn.DefaultManagedHttpClientConnection  - http-outgoing-118: set socket timeout to 10800000
152964 [Forwarding clickElement on session 26e90cf751a94491357d237ee8548956 to remote] DEBUG org.apache.http.impl.conn.DefaultManagedHttpClientConnection  - http-outgoing-118: set socket timeout to 10800000
152964 [Forwarding clickElement on session 26e90cf751a94491357d237ee8548956 to remote] DEBUG org.apache.http.impl.conn.DefaultManagedHttpClientConnection  - http-outgoing-118: set socket timeout to 10800000
152964 [Forwarding clickElement on session 26e90cf751a94491357d237ee8548956 to remote] DEBUG org.apache.http.impl.execchain.MainClientExec  - Executing request POST /session/26e90cf751a94491357d237ee8548956/element/0.2337071110746991-1/click HTTP/1.1
152964 [Forwarding clickElement on session 26e90cf751a94491357d237ee8548956 to remote] DEBUG org.apache.http.impl.execchain.MainClientExec  - Executing request POST /session/26e90cf751a94491357d237ee8548956/element/0.2337071110746991-1/click HTTP/1.1
152964 [Forwarding clickElement on session 26e90cf751a94491357d237ee8548956 to remote] DEBUG org.apache.http.impl.execchain.MainClientExec  - Executing request POST /session/26e90cf751a94491357d237ee8548956/element/0.2337071110746991-1/click HTTP/1.1
152964 [Forwarding clickElement on session 26e90cf751a94491357d237ee8548956 to remote] DEBUG org.apache.http.impl.execchain.MainClientExec  - Executing request POST /session/26e90cf751a94491357d237ee8548956/element/0.2337071110746991-1/click HTTP/1.1
152964 [Forwarding clickElement on session 26e90cf751a94491357d237ee8548956 to remote] DEBUG org.apache.http.impl.execchain.MainClientExec  - Target auth state: UNCHALLENGED
152964 [Forwarding clickElement on session 26e90cf751a94491357d237ee8548956 to remote] DEBUG org.apache.http.impl.execchain.MainClientExec  - Target auth state: UNCHALLENGED
152964 [Forwarding clickElement on session 26e90cf751a94491357d237ee8548956 to remote] DEBUG org.apache.http.impl.execchain.MainClientExec  - Target auth state: UNCHALLENGED
152964 [Forwarding clickElement on session 26e90cf751a94491357d237ee8548956 to remote] DEBUG org.apache.http.impl.execchain.MainClientExec  - Target auth state: UNCHALLENGED
152964 [Forwarding clickElement on session 26e90cf751a94491357d237ee8548956 to remote] DEBUG org.apache.http.impl.execchain.MainClientExec  - Proxy auth state: UNCHALLENGED
152964 [Forwarding clickElement on session 26e90cf751a94491357d237ee8548956 to remote] DEBUG org.apache.http.impl.execchain.MainClientExec  - Proxy auth state: UNCHALLENGED
152964 [Forwarding clickElement on session 26e90cf751a94491357d237ee8548956 to remote] DEBUG org.apache.http.impl.execchain.MainClientExec  - Proxy auth state: UNCHALLENGED
152964 [Forwarding clickElement on session 26e90cf751a94491357d237ee8548956 to remote] DEBUG org.apache.http.impl.execchain.MainClientExec  - Proxy auth state: UNCHALLENGED
152964 [Forwarding clickElement on session 26e90cf751a94491357d237ee8548956 to remote] DEBUG org.apache.http.headers  - http-outgoing-118 >> POST /session/26e90cf751a94491357d237ee8548956/element/0.2337071110746991-1/click HTTP/1.1
152964 [Forwarding clickElement on session 26e90cf751a94491357d237ee8548956 to remote] DEBUG org.apache.http.headers  - http-outgoing-118 >> POST /session/26e90cf751a94491357d237ee8548956/element/0.2337071110746991-1/click HTTP/1.1
152964 [Forwarding clickElement on session 26e90cf751a94491357d237ee8548956 to remote] DEBUG org.apache.http.headers  - http-outgoing-118 >> POST /session/26e90cf751a94491357d237ee8548956/element/0.2337071110746991-1/click HTTP/1.1
152964 [Forwarding clickElement on session 26e90cf751a94491357d237ee8548956 to remote] DEBUG org.apache.http.headers  - http-outgoing-118 >> POST /session/26e90cf751a94491357d237ee8548956/element/0.2337071110746991-1/click HTTP/1.1
152964 [Forwarding clickElement on session 26e90cf751a94491357d237ee8548956 to remote] DEBUG org.apache.http.headers  - http-outgoing-118 >> Content-Type: application/json; charset=utf-8
152964 [Forwarding clickElement on session 26e90cf751a94491357d237ee8548956 to remote] DEBUG org.apache.http.headers  - http-outgoing-118 >> Content-Type: application/json; charset=utf-8
152964 [Forwarding clickElement on session 26e90cf751a94491357d237ee8548956 to remote] DEBUG org.apache.http.headers  - http-outgoing-118 >> Content-Type: application/json; charset=utf-8
152964 [Forwarding clickElement on session 26e90cf751a94491357d237ee8548956 to remote] DEBUG org.apache.http.headers  - http-outgoing-118 >> Content-Type: application/json; charset=utf-8
152964 [Forwarding clickElement on session 26e90cf751a94491357d237ee8548956 to remote] DEBUG org.apache.http.headers  - http-outgoing-118 >> Content-Length: 29
152964 [Forwarding clickElement on session 26e90cf751a94491357d237ee8548956 to remote] DEBUG org.apache.http.headers  - http-outgoing-118 >> Content-Length: 29
152964 [Forwarding clickElement on session 26e90cf751a94491357d237ee8548956 to remote] DEBUG org.apache.http.headers  - http-outgoing-118 >> Content-Length: 29
152964 [Forwarding clickElement on session 26e90cf751a94491357d237ee8548956 to remote] DEBUG org.apache.http.headers  - http-outgoing-118 >> Content-Length: 29
152964 [Forwarding clickElement on session 26e90cf751a94491357d237ee8548956 to remote] DEBUG org.apache.http.headers  - http-outgoing-118 >> Host: localhost:39717
152964 [Forwarding clickElement on session 26e90cf751a94491357d237ee8548956 to remote] DEBUG org.apache.http.headers  - http-outgoing-118 >> Host: localhost:39717
152964 [Forwarding clickElement on session 26e90cf751a94491357d237ee8548956 to remote] DEBUG org.apache.http.headers  - http-outgoing-118 >> Host: localhost:39717
152964 [Forwarding clickElement on session 26e90cf751a94491357d237ee8548956 to remote] DEBUG org.apache.http.headers  - http-outgoing-118 >> Host: localhost:39717
152964 [Forwarding clickElement on session 26e90cf751a94491357d237ee8548956 to remote] DEBUG org.apache.http.headers  - http-outgoing-118 >> Connection: Keep-Alive
152964 [Forwarding clickElement on session 26e90cf751a94491357d237ee8548956 to remote] DEBUG org.apache.http.headers  - http-outgoing-118 >> Connection: Keep-Alive
152964 [Forwarding clickElement on session 26e90cf751a94491357d237ee8548956 to remote] DEBUG org.apache.http.headers  - http-outgoing-118 >> Connection: Keep-Alive
152964 [Forwarding clickElement on session 26e90cf751a94491357d237ee8548956 to remote] DEBUG org.apache.http.headers  - http-outgoing-118 >> Connection: Keep-Alive
152964 [Forwarding clickElement on session 26e90cf751a94491357d237ee8548956 to remote] DEBUG org.apache.http.headers  - http-outgoing-118 >> User-Agent: Apache-HttpClient/4.5.2 (Java/1.8.0_91)
152964 [Forwarding clickElement on session 26e90cf751a94491357d237ee8548956 to remote] DEBUG org.apache.http.headers  - http-outgoing-118 >> User-Agent: Apache-HttpClient/4.5.2 (Java/1.8.0_91)
152964 [Forwarding clickElement on session 26e90cf751a94491357d237ee8548956 to remote] DEBUG org.apache.http.headers  - http-outgoing-118 >> User-Agent: Apache-HttpClient/4.5.2 (Java/1.8.0_91)
152964 [Forwarding clickElement on session 26e90cf751a94491357d237ee8548956 to remote] DEBUG org.apache.http.headers  - http-outgoing-118 >> User-Agent: Apache-HttpClient/4.5.2 (Java/1.8.0_91)
152964 [Forwarding clickElement on session 26e90cf751a94491357d237ee8548956 to remote] DEBUG org.apache.http.headers  - http-outgoing-118 >> Accept-Encoding: gzip,deflate
152964 [Forwarding clickElement on session 26e90cf751a94491357d237ee8548956 to remote] DEBUG org.apache.http.headers  - http-outgoing-118 >> Accept-Encoding: gzip,deflate
152964 [Forwarding clickElement on session 26e90cf751a94491357d237ee8548956 to remote] DEBUG org.apache.http.headers  - http-outgoing-118 >> Accept-Encoding: gzip,deflate
152964 [Forwarding clickElement on session 26e90cf751a94491357d237ee8548956 to remote] DEBUG org.apache.http.headers  - http-outgoing-118 >> Accept-Encoding: gzip,deflate
152964 [Forwarding clickElement on session 26e90cf751a94491357d237ee8548956 to remote] DEBUG org.apache.http.wire  - http-outgoing-118 >> "POST /session/26e90cf751a94491357d237ee8548956/element/0.2337071110746991-1/click HTTP/1.1[\r][\n]"
152964 [Forwarding clickElement on session 26e90cf751a94491357d237ee8548956 to remote] DEBUG org.apache.http.wire  - http-outgoing-118 >> "POST /session/26e90cf751a94491357d237ee8548956/element/0.2337071110746991-1/click HTTP/1.1[\r][\n]"
152964 [Forwarding clickElement on session 26e90cf751a94491357d237ee8548956 to remote] DEBUG org.apache.http.wire  - http-outgoing-118 >> "POST /session/26e90cf751a94491357d237ee8548956/element/0.2337071110746991-1/click HTTP/1.1[\r][\n]"
152964 [Forwarding clickElement on session 26e90cf751a94491357d237ee8548956 to remote] DEBUG org.apache.http.wire  - http-outgoing-118 >> "POST /session/26e90cf751a94491357d237ee8548956/element/0.2337071110746991-1/click HTTP/1.1[\r][\n]"
152964 [Forwarding clickElement on session 26e90cf751a94491357d237ee8548956 to remote] DEBUG org.apache.http.wire  - http-outgoing-118 >> "Content-Type: application/json; charset=utf-8[\r][\n]"
152964 [Forwarding clickElement on session 26e90cf751a94491357d237ee8548956 to remote] DEBUG org.apache.http.wire  - http-outgoing-118 >> "Content-Type: application/json; charset=utf-8[\r][\n]"
152964 [Forwarding clickElement on session 26e90cf751a94491357d237ee8548956 to remote] DEBUG org.apache.http.wire  - http-outgoing-118 >> "Content-Type: application/json; charset=utf-8[\r][\n]"
152964 [Forwarding clickElement on session 26e90cf751a94491357d237ee8548956 to remote] DEBUG org.apache.http.wire  - http-outgoing-118 >> "Content-Type: application/json; charset=utf-8[\r][\n]"
152964 [Forwarding clickElement on session 26e90cf751a94491357d237ee8548956 to remote] DEBUG org.apache.http.wire  - http-outgoing-118 >> "Content-Length: 29[\r][\n]"
152964 [Forwarding clickElement on session 26e90cf751a94491357d237ee8548956 to remote] DEBUG org.apache.http.wire  - http-outgoing-118 >> "Content-Length: 29[\r][\n]"
152964 [Forwarding clickElement on session 26e90cf751a94491357d237ee8548956 to remote] DEBUG org.apache.http.wire  - http-outgoing-118 >> "Content-Length: 29[\r][\n]"
152964 [Forwarding clickElement on session 26e90cf751a94491357d237ee8548956 to remote] DEBUG org.apache.http.wire  - http-outgoing-118 >> "Content-Length: 29[\r][\n]"
152964 [Forwarding clickElement on session 26e90cf751a94491357d237ee8548956 to remote] DEBUG org.apache.http.wire  - http-outgoing-118 >> "Host: localhost:39717[\r][\n]"
152964 [Forwarding clickElement on session 26e90cf751a94491357d237ee8548956 to remote] DEBUG org.apache.http.wire  - http-outgoing-118 >> "Host: localhost:39717[\r][\n]"
152964 [Forwarding clickElement on session 26e90cf751a94491357d237ee8548956 to remote] DEBUG org.apache.http.wire  - http-outgoing-118 >> "Host: localhost:39717[\r][\n]"
152964 [Forwarding clickElement on session 26e90cf751a94491357d237ee8548956 to remote] DEBUG org.apache.http.wire  - http-outgoing-118 >> "Host: localhost:39717[\r][\n]"
152964 [Forwarding clickElement on session 26e90cf751a94491357d237ee8548956 to remote] DEBUG org.apache.http.wire  - http-outgoing-118 >> "Connection: Keep-Alive[\r][\n]"
152964 [Forwarding clickElement on session 26e90cf751a94491357d237ee8548956 to remote] DEBUG org.apache.http.wire  - http-outgoing-118 >> "Connection: Keep-Alive[\r][\n]"
152964 [Forwarding clickElement on session 26e90cf751a94491357d237ee8548956 to remote] DEBUG org.apache.http.wire  - http-outgoing-118 >> "Connection: Keep-Alive[\r][\n]"
152964 [Forwarding clickElement on session 26e90cf751a94491357d237ee8548956 to remote] DEBUG org.apache.http.wire  - http-outgoing-118 >> "Connection: Keep-Alive[\r][\n]"
152964 [Forwarding clickElement on session 26e90cf751a94491357d237ee8548956 to remote] DEBUG org.apache.http.wire  - http-outgoing-118 >> "User-Agent: Apache-HttpClient/4.5.2 (Java/1.8.0_91)[\r][\n]"
152964 [Forwarding clickElement on session 26e90cf751a94491357d237ee8548956 to remote] DEBUG org.apache.http.wire  - http-outgoing-118 >> "User-Agent: Apache-HttpClient/4.5.2 (Java/1.8.0_91)[\r][\n]"
152964 [Forwarding clickElement on session 26e90cf751a94491357d237ee8548956 to remote] DEBUG org.apache.http.wire  - http-outgoing-118 >> "User-Agent: Apache-HttpClient/4.5.2 (Java/1.8.0_91)[\r][\n]"
152964 [Forwarding clickElement on session 26e90cf751a94491357d237ee8548956 to remote] DEBUG org.apache.http.wire  - http-outgoing-118 >> "User-Agent: Apache-HttpClient/4.5.2 (Java/1.8.0_91)[\r][\n]"
152964 [Forwarding clickElement on session 26e90cf751a94491357d237ee8548956 to remote] DEBUG org.apache.http.wire  - http-outgoing-118 >> "Accept-Encoding: gzip,deflate[\r][\n]"
152964 [Forwarding clickElement on session 26e90cf751a94491357d237ee8548956 to remote] DEBUG org.apache.http.wire  - http-outgoing-118 >> "Accept-Encoding: gzip,deflate[\r][\n]"
152964 [Forwarding clickElement on session 26e90cf751a94491357d237ee8548956 to remote] DEBUG org.apache.http.wire  - http-outgoing-118 >> "Accept-Encoding: gzip,deflate[\r][\n]"
152964 [Forwarding clickElement on session 26e90cf751a94491357d237ee8548956 to remote] DEBUG org.apache.http.wire  - http-outgoing-118 >> "Accept-Encoding: gzip,deflate[\r][\n]"
152964 [Forwarding clickElement on session 26e90cf751a94491357d237ee8548956 to remote] DEBUG org.apache.http.wire  - http-outgoing-118 >> "[\r][\n]"
152964 [Forwarding clickElement on session 26e90cf751a94491357d237ee8548956 to remote] DEBUG org.apache.http.wire  - http-outgoing-118 >> "[\r][\n]"
152964 [Forwarding clickElement on session 26e90cf751a94491357d237ee8548956 to remote] DEBUG org.apache.http.wire  - http-outgoing-118 >> "[\r][\n]"
152964 [Forwarding clickElement on session 26e90cf751a94491357d237ee8548956 to remote] DEBUG org.apache.http.wire  - http-outgoing-118 >> "[\r][\n]"
152965 [Forwarding clickElement on session 26e90cf751a94491357d237ee8548956 to remote] DEBUG org.apache.http.wire  - http-outgoing-118 >> "{"id":"0.2337071110746991-1"}"
152965 [Forwarding clickElement on session 26e90cf751a94491357d237ee8548956 to remote] DEBUG org.apache.http.wire  - http-outgoing-118 >> "{"id":"0.2337071110746991-1"}"
152965 [Forwarding clickElement on session 26e90cf751a94491357d237ee8548956 to remote] DEBUG org.apache.http.wire  - http-outgoing-118 >> "{"id":"0.2337071110746991-1"}"
152965 [Forwarding clickElement on session 26e90cf751a94491357d237ee8548956 to remote] DEBUG org.apache.http.wire  - http-outgoing-118 >> "{"id":"0.2337071110746991-1"}"
153020 [Forwarding clickElement on session 26e90cf751a94491357d237ee8548956 to remote] DEBUG org.apache.http.wire  - http-outgoing-118 << "HTTP/1.1 200 OK[\r][\n]"
153020 [Forwarding clickElement on session 26e90cf751a94491357d237ee8548956 to remote] DEBUG org.apache.http.wire  - http-outgoing-118 << "HTTP/1.1 200 OK[\r][\n]"
153020 [Forwarding clickElement on session 26e90cf751a94491357d237ee8548956 to remote] DEBUG org.apache.http.wire  - http-outgoing-118 << "HTTP/1.1 200 OK[\r][\n]"
153020 [Forwarding clickElement on session 26e90cf751a94491357d237ee8548956 to remote] DEBUG org.apache.http.wire  - http-outgoing-118 << "HTTP/1.1 200 OK[\r][\n]"
153020 [Forwarding clickElement on session 26e90cf751a94491357d237ee8548956 to remote] DEBUG org.apache.http.wire  - http-outgoing-118 << "Content-Length:72[\r][\n]"
153020 [Forwarding clickElement on session 26e90cf751a94491357d237ee8548956 to remote] DEBUG org.apache.http.wire  - http-outgoing-118 << "Content-Length:72[\r][\n]"
153020 [Forwarding clickElement on session 26e90cf751a94491357d237ee8548956 to remote] DEBUG org.apache.http.wire  - http-outgoing-118 << "Content-Length:72[\r][\n]"
153020 [Forwarding clickElement on session 26e90cf751a94491357d237ee8548956 to remote] DEBUG org.apache.http.wire  - http-outgoing-118 << "Content-Length:72[\r][\n]"
153020 [Forwarding clickElement on session 26e90cf751a94491357d237ee8548956 to remote] DEBUG org.apache.http.wire  - http-outgoing-118 << "Content-Type:application/json; charset=utf-8[\r][\n]"
153020 [Forwarding clickElement on session 26e90cf751a94491357d237ee8548956 to remote] DEBUG org.apache.http.wire  - http-outgoing-118 << "Content-Type:application/json; charset=utf-8[\r][\n]"
153020 [Forwarding clickElement on session 26e90cf751a94491357d237ee8548956 to remote] DEBUG org.apache.http.wire  - http-outgoing-118 << "Content-Type:application/json; charset=utf-8[\r][\n]"
153020 [Forwarding clickElement on session 26e90cf751a94491357d237ee8548956 to remote] DEBUG org.apache.http.wire  - http-outgoing-118 << "Content-Type:application/json; charset=utf-8[\r][\n]"
153020 [Forwarding clickElement on session 26e90cf751a94491357d237ee8548956 to remote] DEBUG org.apache.http.wire  - http-outgoing-118 << "Connection:close[\r][\n]"
153020 [Forwarding clickElement on session 26e90cf751a94491357d237ee8548956 to remote] DEBUG org.apache.http.wire  - http-outgoing-118 << "Connection:close[\r][\n]"
153020 [Forwarding clickElement on session 26e90cf751a94491357d237ee8548956 to remote] DEBUG org.apache.http.wire  - http-outgoing-118 << "Connection:close[\r][\n]"
153020 [Forwarding clickElement on session 26e90cf751a94491357d237ee8548956 to remote] DEBUG org.apache.http.wire  - http-outgoing-118 << "Connection:close[\r][\n]"
153020 [Forwarding clickElement on session 26e90cf751a94491357d237ee8548956 to remote] DEBUG org.apache.http.wire  - http-outgoing-118 << "[\r][\n]"
153020 [Forwarding clickElement on session 26e90cf751a94491357d237ee8548956 to remote] DEBUG org.apache.http.wire  - http-outgoing-118 << "[\r][\n]"
153020 [Forwarding clickElement on session 26e90cf751a94491357d237ee8548956 to remote] DEBUG org.apache.http.wire  - http-outgoing-118 << "[\r][\n]"
153020 [Forwarding clickElement on session 26e90cf751a94491357d237ee8548956 to remote] DEBUG org.apache.http.wire  - http-outgoing-118 << "[\r][\n]"
153020 [Forwarding clickElement on session 26e90cf751a94491357d237ee8548956 to remote] DEBUG org.apache.http.wire  - http-outgoing-118 << "{"sessionId":"26e90cf751a94491357d237ee8548956","status":0,"value":null}"
153020 [Forwarding clickElement on session 26e90cf751a94491357d237ee8548956 to remote] DEBUG org.apache.http.wire  - http-outgoing-118 << "{"sessionId":"26e90cf751a94491357d237ee8548956","status":0,"value":null}"
153020 [Forwarding clickElement on session 26e90cf751a94491357d237ee8548956 to remote] DEBUG org.apache.http.wire  - http-outgoing-118 << "{"sessionId":"26e90cf751a94491357d237ee8548956","status":0,"value":null}"
153020 [Forwarding clickElement on session 26e90cf751a94491357d237ee8548956 to remote] DEBUG org.apache.http.wire  - http-outgoing-118 << "{"sessionId":"26e90cf751a94491357d237ee8548956","status":0,"value":null}"
153021 [Forwarding clickElement on session 26e90cf751a94491357d237ee8548956 to remote] DEBUG org.apache.http.headers  - http-outgoing-118 << HTTP/1.1 200 OK
153021 [Forwarding clickElement on session 26e90cf751a94491357d237ee8548956 to remote] DEBUG org.apache.http.headers  - http-outgoing-118 << HTTP/1.1 200 OK
153021 [Forwarding clickElement on session 26e90cf751a94491357d237ee8548956 to remote] DEBUG org.apache.http.headers  - http-outgoing-118 << HTTP/1.1 200 OK
153021 [Forwarding clickElement on session 26e90cf751a94491357d237ee8548956 to remote] DEBUG org.apache.http.headers  - http-outgoing-118 << HTTP/1.1 200 OK
153021 [Forwarding clickElement on session 26e90cf751a94491357d237ee8548956 to remote] DEBUG org.apache.http.headers  - http-outgoing-118 << Content-Length:72
153021 [Forwarding clickElement on session 26e90cf751a94491357d237ee8548956 to remote] DEBUG org.apache.http.headers  - http-outgoing-118 << Content-Length:72
153021 [Forwarding clickElement on session 26e90cf751a94491357d237ee8548956 to remote] DEBUG org.apache.http.headers  - http-outgoing-118 << Content-Length:72
153021 [Forwarding clickElement on session 26e90cf751a94491357d237ee8548956 to remote] DEBUG org.apache.http.headers  - http-outgoing-118 << Content-Length:72
153021 [Forwarding clickElement on session 26e90cf751a94491357d237ee8548956 to remote] DEBUG org.apache.http.headers  - http-outgoing-118 << Content-Type:application/json; charset=utf-8
153021 [Forwarding clickElement on session 26e90cf751a94491357d237ee8548956 to remote] DEBUG org.apache.http.headers  - http-outgoing-118 << Content-Type:application/json; charset=utf-8
153021 [Forwarding clickElement on session 26e90cf751a94491357d237ee8548956 to remote] DEBUG org.apache.http.headers  - http-outgoing-118 << Content-Type:application/json; charset=utf-8
153021 [Forwarding clickElement on session 26e90cf751a94491357d237ee8548956 to remote] DEBUG org.apache.http.headers  - http-outgoing-118 << Content-Type:application/json; charset=utf-8
153021 [Forwarding clickElement on session 26e90cf751a94491357d237ee8548956 to remote] DEBUG org.apache.http.headers  - http-outgoing-118 << Connection:close
153021 [Forwarding clickElement on session 26e90cf751a94491357d237ee8548956 to remote] DEBUG org.apache.http.headers  - http-outgoing-118 << Connection:close
153021 [Forwarding clickElement on session 26e90cf751a94491357d237ee8548956 to remote] DEBUG org.apache.http.headers  - http-outgoing-118 << Connection:close
153021 [Forwarding clickElement on session 26e90cf751a94491357d237ee8548956 to remote] DEBUG org.apache.http.headers  - http-outgoing-118 << Connection:close
153021 [Forwarding clickElement on session 26e90cf751a94491357d237ee8548956 to remote] DEBUG org.apache.http.impl.conn.DefaultManagedHttpClientConnection  - http-outgoing-118: Close connection
153021 [Forwarding clickElement on session 26e90cf751a94491357d237ee8548956 to remote] DEBUG org.apache.http.impl.conn.DefaultManagedHttpClientConnection  - http-outgoing-118: Close connection
153021 [Forwarding clickElement on session 26e90cf751a94491357d237ee8548956 to remote] DEBUG org.apache.http.impl.conn.DefaultManagedHttpClientConnection  - http-outgoing-118: Close connection
153021 [Forwarding clickElement on session 26e90cf751a94491357d237ee8548956 to remote] DEBUG org.apache.http.impl.conn.DefaultManagedHttpClientConnection  - http-outgoing-118: Close connection
153021 [Forwarding clickElement on session 26e90cf751a94491357d237ee8548956 to remote] DEBUG org.apache.http.impl.execchain.MainClientExec  - Connection discarded
153021 [Forwarding clickElement on session 26e90cf751a94491357d237ee8548956 to remote] DEBUG org.apache.http.impl.execchain.MainClientExec  - Connection discarded
153021 [Forwarding clickElement on session 26e90cf751a94491357d237ee8548956 to remote] DEBUG org.apache.http.impl.execchain.MainClientExec  - Connection discarded
153021 [Forwarding clickElement on session 26e90cf751a94491357d237ee8548956 to remote] DEBUG org.apache.http.impl.execchain.MainClientExec  - Connection discarded
153021 [Forwarding clickElement on session 26e90cf751a94491357d237ee8548956 to remote] DEBUG org.apache.http.impl.conn.PoolingHttpClientConnectionManager  - Connection released: [id: 118][route: {}->http://localhost:39717][total kept alive: 0; route allocated: 0 of 2000; total allocated: 0 of 2000]
153021 [Forwarding clickElement on session 26e90cf751a94491357d237ee8548956 to remote] DEBUG org.apache.http.impl.conn.PoolingHttpClientConnectionManager  - Connection released: [id: 118][route: {}->http://localhost:39717][total kept alive: 0; route allocated: 0 of 2000; total allocated: 0 of 2000]
153021 [Forwarding clickElement on session 26e90cf751a94491357d237ee8548956 to remote] DEBUG org.apache.http.impl.conn.PoolingHttpClientConnectionManager  - Connection released: [id: 118][route: {}->http://localhost:39717][total kept alive: 0; route allocated: 0 of 2000; total allocated: 0 of 2000]
153021 [Forwarding clickElement on session 26e90cf751a94491357d237ee8548956 to remote] DEBUG org.apache.http.impl.conn.PoolingHttpClientConnectionManager  - Connection released: [id: 118][route: {}->http://localhost:39717][total kept alive: 0; route allocated: 0 of 2000; total allocated: 0 of 2000]
153022 [Forwarding findElement on session 26e90cf751a94491357d237ee8548956 to remote] DEBUG org.apache.http.client.protocol.RequestAddCookies  - CookieSpec selected: default
153022 [Forwarding findElement on session 26e90cf751a94491357d237ee8548956 to remote] DEBUG org.apache.http.client.protocol.RequestAddCookies  - CookieSpec selected: default
153022 [Forwarding findElement on session 26e90cf751a94491357d237ee8548956 to remote] DEBUG org.apache.http.client.protocol.RequestAddCookies  - CookieSpec selected: default
153022 [Forwarding findElement on session 26e90cf751a94491357d237ee8548956 to remote] DEBUG org.apache.http.client.protocol.RequestAddCookies  - CookieSpec selected: default
153022 [Forwarding findElement on session 26e90cf751a94491357d237ee8548956 to remote] DEBUG org.apache.http.client.protocol.RequestAuthCache  - Auth cache not set in the context
153022 [Forwarding findElement on session 26e90cf751a94491357d237ee8548956 to remote] DEBUG org.apache.http.client.protocol.RequestAuthCache  - Auth cache not set in the context
153022 [Forwarding findElement on session 26e90cf751a94491357d237ee8548956 to remote] DEBUG org.apache.http.client.protocol.RequestAuthCache  - Auth cache not set in the context
153022 [Forwarding findElement on session 26e90cf751a94491357d237ee8548956 to remote] DEBUG org.apache.http.client.protocol.RequestAuthCache  - Auth cache not set in the context
153022 [Forwarding findElement on session 26e90cf751a94491357d237ee8548956 to remote] DEBUG org.apache.http.impl.conn.PoolingHttpClientConnectionManager  - Connection request: [route: {}->http://localhost:39717][total kept alive: 0; route allocated: 0 of 2000; total allocated: 0 of 2000]
153022 [Forwarding findElement on session 26e90cf751a94491357d237ee8548956 to remote] DEBUG org.apache.http.impl.conn.PoolingHttpClientConnectionManager  - Connection request: [route: {}->http://localhost:39717][total kept alive: 0; route allocated: 0 of 2000; total allocated: 0 of 2000]
153022 [Forwarding findElement on session 26e90cf751a94491357d237ee8548956 to remote] DEBUG org.apache.http.impl.conn.PoolingHttpClientConnectionManager  - Connection request: [route: {}->http://localhost:39717][total kept alive: 0; route allocated: 0 of 2000; total allocated: 0 of 2000]
153022 [Forwarding findElement on session 26e90cf751a94491357d237ee8548956 to remote] DEBUG org.apache.http.impl.conn.PoolingHttpClientConnectionManager  - Connection request: [route: {}->http://localhost:39717][total kept alive: 0; route allocated: 0 of 2000; total allocated: 0 of 2000]
153023 [Forwarding findElement on session 26e90cf751a94491357d237ee8548956 to remote] DEBUG org.apache.http.impl.conn.PoolingHttpClientConnectionManager  - Connection leased: [id: 119][route: {}->http://localhost:39717][total kept alive: 0; route allocated: 1 of 2000; total allocated: 1 of 2000]
153023 [Forwarding findElement on session 26e90cf751a94491357d237ee8548956 to remote] DEBUG org.apache.http.impl.conn.PoolingHttpClientConnectionManager  - Connection leased: [id: 119][route: {}->http://localhost:39717][total kept alive: 0; route allocated: 1 of 2000; total allocated: 1 of 2000]
153023 [Forwarding findElement on session 26e90cf751a94491357d237ee8548956 to remote] DEBUG org.apache.http.impl.conn.PoolingHttpClientConnectionManager  - Connection leased: [id: 119][route: {}->http://localhost:39717][total kept alive: 0; route allocated: 1 of 2000; total allocated: 1 of 2000]
153023 [Forwarding findElement on session 26e90cf751a94491357d237ee8548956 to remote] DEBUG org.apache.http.impl.conn.PoolingHttpClientConnectionManager  - Connection leased: [id: 119][route: {}->http://localhost:39717][total kept alive: 0; route allocated: 1 of 2000; total allocated: 1 of 2000]
153023 [Forwarding findElement on session 26e90cf751a94491357d237ee8548956 to remote] DEBUG org.apache.http.impl.execchain.MainClientExec  - Opening connection {}->http://localhost:39717
153023 [Forwarding findElement on session 26e90cf751a94491357d237ee8548956 to remote] DEBUG org.apache.http.impl.execchain.MainClientExec  - Opening connection {}->http://localhost:39717
153023 [Forwarding findElement on session 26e90cf751a94491357d237ee8548956 to remote] DEBUG org.apache.http.impl.execchain.MainClientExec  - Opening connection {}->http://localhost:39717
153023 [Forwarding findElement on session 26e90cf751a94491357d237ee8548956 to remote] DEBUG org.apache.http.impl.execchain.MainClientExec  - Opening connection {}->http://localhost:39717
153023 [Forwarding findElement on session 26e90cf751a94491357d237ee8548956 to remote] DEBUG org.apache.http.impl.conn.DefaultHttpClientConnectionOperator  - Connecting to localhost/127.0.0.1:39717
153023 [Forwarding findElement on session 26e90cf751a94491357d237ee8548956 to remote] DEBUG org.apache.http.impl.conn.DefaultHttpClientConnectionOperator  - Connecting to localhost/127.0.0.1:39717
153023 [Forwarding findElement on session 26e90cf751a94491357d237ee8548956 to remote] DEBUG org.apache.http.impl.conn.DefaultHttpClientConnectionOperator  - Connecting to localhost/127.0.0.1:39717
153023 [Forwarding findElement on session 26e90cf751a94491357d237ee8548956 to remote] DEBUG org.apache.http.impl.conn.DefaultHttpClientConnectionOperator  - Connecting to localhost/127.0.0.1:39717
153023 [Forwarding findElement on session 26e90cf751a94491357d237ee8548956 to remote] DEBUG org.apache.http.impl.conn.DefaultHttpClientConnectionOperator  - Connection established 127.0.0.1:53092<->127.0.0.1:39717
153023 [Forwarding findElement on session 26e90cf751a94491357d237ee8548956 to remote] DEBUG org.apache.http.impl.conn.DefaultHttpClientConnectionOperator  - Connection established 127.0.0.1:53092<->127.0.0.1:39717
153023 [Forwarding findElement on session 26e90cf751a94491357d237ee8548956 to remote] DEBUG org.apache.http.impl.conn.DefaultHttpClientConnectionOperator  - Connection established 127.0.0.1:53092<->127.0.0.1:39717
153023 [Forwarding findElement on session 26e90cf751a94491357d237ee8548956 to remote] DEBUG org.apache.http.impl.conn.DefaultHttpClientConnectionOperator  - Connection established 127.0.0.1:53092<->127.0.0.1:39717
153024 [Forwarding findElement on session 26e90cf751a94491357d237ee8548956 to remote] DEBUG org.apache.http.impl.conn.DefaultManagedHttpClientConnection  - http-outgoing-119: set socket timeout to 10800000
153024 [Forwarding findElement on session 26e90cf751a94491357d237ee8548956 to remote] DEBUG org.apache.http.impl.conn.DefaultManagedHttpClientConnection  - http-outgoing-119: set socket timeout to 10800000
153024 [Forwarding findElement on session 26e90cf751a94491357d237ee8548956 to remote] DEBUG org.apache.http.impl.conn.DefaultManagedHttpClientConnection  - http-outgoing-119: set socket timeout to 10800000
153024 [Forwarding findElement on session 26e90cf751a94491357d237ee8548956 to remote] DEBUG org.apache.http.impl.conn.DefaultManagedHttpClientConnection  - http-outgoing-119: set socket timeout to 10800000
153024 [Forwarding findElement on session 26e90cf751a94491357d237ee8548956 to remote] DEBUG org.apache.http.impl.execchain.MainClientExec  - Executing request POST /session/26e90cf751a94491357d237ee8548956/element HTTP/1.1
153024 [Forwarding findElement on session 26e90cf751a94491357d237ee8548956 to remote] DEBUG org.apache.http.impl.execchain.MainClientExec  - Executing request POST /session/26e90cf751a94491357d237ee8548956/element HTTP/1.1
153024 [Forwarding findElement on session 26e90cf751a94491357d237ee8548956 to remote] DEBUG org.apache.http.impl.execchain.MainClientExec  - Executing request POST /session/26e90cf751a94491357d237ee8548956/element HTTP/1.1
153024 [Forwarding findElement on session 26e90cf751a94491357d237ee8548956 to remote] DEBUG org.apache.http.impl.execchain.MainClientExec  - Executing request POST /session/26e90cf751a94491357d237ee8548956/element HTTP/1.1
153024 [Forwarding findElement on session 26e90cf751a94491357d237ee8548956 to remote] DEBUG org.apache.http.impl.execchain.MainClientExec  - Target auth state: UNCHALLENGED
153024 [Forwarding findElement on session 26e90cf751a94491357d237ee8548956 to remote] DEBUG org.apache.http.impl.execchain.MainClientExec  - Target auth state: UNCHALLENGED
153024 [Forwarding findElement on session 26e90cf751a94491357d237ee8548956 to remote] DEBUG org.apache.http.impl.execchain.MainClientExec  - Target auth state: UNCHALLENGED
153024 [Forwarding findElement on session 26e90cf751a94491357d237ee8548956 to remote] DEBUG org.apache.http.impl.execchain.MainClientExec  - Target auth state: UNCHALLENGED
153024 [Forwarding findElement on session 26e90cf751a94491357d237ee8548956 to remote] DEBUG org.apache.http.impl.execchain.MainClientExec  - Proxy auth state: UNCHALLENGED
153024 [Forwarding findElement on session 26e90cf751a94491357d237ee8548956 to remote] DEBUG org.apache.http.impl.execchain.MainClientExec  - Proxy auth state: UNCHALLENGED
153024 [Forwarding findElement on session 26e90cf751a94491357d237ee8548956 to remote] DEBUG org.apache.http.impl.execchain.MainClientExec  - Proxy auth state: UNCHALLENGED
153024 [Forwarding findElement on session 26e90cf751a94491357d237ee8548956 to remote] DEBUG org.apache.http.impl.execchain.MainClientExec  - Proxy auth state: UNCHALLENGED
153025 [Forwarding findElement on session 26e90cf751a94491357d237ee8548956 to remote] DEBUG org.apache.http.headers  - http-outgoing-119 >> POST /session/26e90cf751a94491357d237ee8548956/element HTTP/1.1
153025 [Forwarding findElement on session 26e90cf751a94491357d237ee8548956 to remote] DEBUG org.apache.http.headers  - http-outgoing-119 >> POST /session/26e90cf751a94491357d237ee8548956/element HTTP/1.1
153025 [Forwarding findElement on session 26e90cf751a94491357d237ee8548956 to remote] DEBUG org.apache.http.headers  - http-outgoing-119 >> POST /session/26e90cf751a94491357d237ee8548956/element HTTP/1.1
153025 [Forwarding findElement on session 26e90cf751a94491357d237ee8548956 to remote] DEBUG org.apache.http.headers  - http-outgoing-119 >> POST /session/26e90cf751a94491357d237ee8548956/element HTTP/1.1
153026 [Forwarding findElement on session 26e90cf751a94491357d237ee8548956 to remote] DEBUG org.apache.http.headers  - http-outgoing-119 >> Content-Type: application/json; charset=utf-8
153026 [Forwarding findElement on session 26e90cf751a94491357d237ee8548956 to remote] DEBUG org.apache.http.headers  - http-outgoing-119 >> Content-Type: application/json; charset=utf-8
153026 [Forwarding findElement on session 26e90cf751a94491357d237ee8548956 to remote] DEBUG org.apache.http.headers  - http-outgoing-119 >> Content-Type: application/json; charset=utf-8
153026 [Forwarding findElement on session 26e90cf751a94491357d237ee8548956 to remote] DEBUG org.apache.http.headers  - http-outgoing-119 >> Content-Type: application/json; charset=utf-8
153026 [Forwarding findElement on session 26e90cf751a94491357d237ee8548956 to remote] DEBUG org.apache.http.headers  - http-outgoing-119 >> Content-Length: 84
153026 [Forwarding findElement on session 26e90cf751a94491357d237ee8548956 to remote] DEBUG org.apache.http.headers  - http-outgoing-119 >> Content-Length: 84
153026 [Forwarding findElement on session 26e90cf751a94491357d237ee8548956 to remote] DEBUG org.apache.http.headers  - http-outgoing-119 >> Content-Length: 84
153026 [Forwarding findElement on session 26e90cf751a94491357d237ee8548956 to remote] DEBUG org.apache.http.headers  - http-outgoing-119 >> Content-Length: 84
153026 [Forwarding findElement on session 26e90cf751a94491357d237ee8548956 to remote] DEBUG org.apache.http.headers  - http-outgoing-119 >> Host: localhost:39717
153026 [Forwarding findElement on session 26e90cf751a94491357d237ee8548956 to remote] DEBUG org.apache.http.headers  - http-outgoing-119 >> Host: localhost:39717
153026 [Forwarding findElement on session 26e90cf751a94491357d237ee8548956 to remote] DEBUG org.apache.http.headers  - http-outgoing-119 >> Host: localhost:39717
153026 [Forwarding findElement on session 26e90cf751a94491357d237ee8548956 to remote] DEBUG org.apache.http.headers  - http-outgoing-119 >> Host: localhost:39717
153026 [Forwarding findElement on session 26e90cf751a94491357d237ee8548956 to remote] DEBUG org.apache.http.headers  - http-outgoing-119 >> Connection: Keep-Alive
153026 [Forwarding findElement on session 26e90cf751a94491357d237ee8548956 to remote] DEBUG org.apache.http.headers  - http-outgoing-119 >> Connection: Keep-Alive
153026 [Forwarding findElement on session 26e90cf751a94491357d237ee8548956 to remote] DEBUG org.apache.http.headers  - http-outgoing-119 >> Connection: Keep-Alive
153026 [Forwarding findElement on session 26e90cf751a94491357d237ee8548956 to remote] DEBUG org.apache.http.headers  - http-outgoing-119 >> Connection: Keep-Alive
153027 [Forwarding findElement on session 26e90cf751a94491357d237ee8548956 to remote] DEBUG org.apache.http.headers  - http-outgoing-119 >> User-Agent: Apache-HttpClient/4.5.2 (Java/1.8.0_91)
153027 [Forwarding findElement on session 26e90cf751a94491357d237ee8548956 to remote] DEBUG org.apache.http.headers  - http-outgoing-119 >> User-Agent: Apache-HttpClient/4.5.2 (Java/1.8.0_91)
153027 [Forwarding findElement on session 26e90cf751a94491357d237ee8548956 to remote] DEBUG org.apache.http.headers  - http-outgoing-119 >> User-Agent: Apache-HttpClient/4.5.2 (Java/1.8.0_91)
153027 [Forwarding findElement on session 26e90cf751a94491357d237ee8548956 to remote] DEBUG org.apache.http.headers  - http-outgoing-119 >> User-Agent: Apache-HttpClient/4.5.2 (Java/1.8.0_91)
153027 [Forwarding findElement on session 26e90cf751a94491357d237ee8548956 to remote] DEBUG org.apache.http.headers  - http-outgoing-119 >> Accept-Encoding: gzip,deflate
153027 [Forwarding findElement on session 26e90cf751a94491357d237ee8548956 to remote] DEBUG org.apache.http.headers  - http-outgoing-119 >> Accept-Encoding: gzip,deflate
153027 [Forwarding findElement on session 26e90cf751a94491357d237ee8548956 to remote] DEBUG org.apache.http.headers  - http-outgoing-119 >> Accept-Encoding: gzip,deflate
153027 [Forwarding findElement on session 26e90cf751a94491357d237ee8548956 to remote] DEBUG org.apache.http.headers  - http-outgoing-119 >> Accept-Encoding: gzip,deflate
153028 [Forwarding findElement on session 26e90cf751a94491357d237ee8548956 to remote] DEBUG org.apache.http.wire  - http-outgoing-119 >> "POST /session/26e90cf751a94491357d237ee8548956/element HTTP/1.1[\r][\n]"
153028 [Forwarding findElement on session 26e90cf751a94491357d237ee8548956 to remote] DEBUG org.apache.http.wire  - http-outgoing-119 >> "POST /session/26e90cf751a94491357d237ee8548956/element HTTP/1.1[\r][\n]"
153028 [Forwarding findElement on session 26e90cf751a94491357d237ee8548956 to remote] DEBUG org.apache.http.wire  - http-outgoing-119 >> "POST /session/26e90cf751a94491357d237ee8548956/element HTTP/1.1[\r][\n]"
153028 [Forwarding findElement on session 26e90cf751a94491357d237ee8548956 to remote] DEBUG org.apache.http.wire  - http-outgoing-119 >> "POST /session/26e90cf751a94491357d237ee8548956/element HTTP/1.1[\r][\n]"
153029 [Forwarding findElement on session 26e90cf751a94491357d237ee8548956 to remote] DEBUG org.apache.http.wire  - http-outgoing-119 >> "Content-Type: application/json; charset=utf-8[\r][\n]"
153029 [Forwarding findElement on session 26e90cf751a94491357d237ee8548956 to remote] DEBUG org.apache.http.wire  - http-outgoing-119 >> "Content-Type: application/json; charset=utf-8[\r][\n]"
153029 [Forwarding findElement on session 26e90cf751a94491357d237ee8548956 to remote] DEBUG org.apache.http.wire  - http-outgoing-119 >> "Content-Type: application/json; charset=utf-8[\r][\n]"
153029 [Forwarding findElement on session 26e90cf751a94491357d237ee8548956 to remote] DEBUG org.apache.http.wire  - http-outgoing-119 >> "Content-Type: application/json; charset=utf-8[\r][\n]"
153030 [Forwarding findElement on session 26e90cf751a94491357d237ee8548956 to remote] DEBUG org.apache.http.wire  - http-outgoing-119 >> "Content-Length: 84[\r][\n]"
153030 [Forwarding findElement on session 26e90cf751a94491357d237ee8548956 to remote] DEBUG org.apache.http.wire  - http-outgoing-119 >> "Content-Length: 84[\r][\n]"
153030 [Forwarding findElement on session 26e90cf751a94491357d237ee8548956 to remote] DEBUG org.apache.http.wire  - http-outgoing-119 >> "Content-Length: 84[\r][\n]"
153030 [Forwarding findElement on session 26e90cf751a94491357d237ee8548956 to remote] DEBUG org.apache.http.wire  - http-outgoing-119 >> "Content-Length: 84[\r][\n]"
153030 [Forwarding findElement on session 26e90cf751a94491357d237ee8548956 to remote] DEBUG org.apache.http.wire  - http-outgoing-119 >> "Host: localhost:39717[\r][\n]"
153030 [Forwarding findElement on session 26e90cf751a94491357d237ee8548956 to remote] DEBUG org.apache.http.wire  - http-outgoing-119 >> "Host: localhost:39717[\r][\n]"
153030 [Forwarding findElement on session 26e90cf751a94491357d237ee8548956 to remote] DEBUG org.apache.http.wire  - http-outgoing-119 >> "Host: localhost:39717[\r][\n]"
153030 [Forwarding findElement on session 26e90cf751a94491357d237ee8548956 to remote] DEBUG org.apache.http.wire  - http-outgoing-119 >> "Host: localhost:39717[\r][\n]"
153030 [Forwarding findElement on session 26e90cf751a94491357d237ee8548956 to remote] DEBUG org.apache.http.wire  - http-outgoing-119 >> "Connection: Keep-Alive[\r][\n]"
153030 [Forwarding findElement on session 26e90cf751a94491357d237ee8548956 to remote] DEBUG org.apache.http.wire  - http-outgoing-119 >> "Connection: Keep-Alive[\r][\n]"
153030 [Forwarding findElement on session 26e90cf751a94491357d237ee8548956 to remote] DEBUG org.apache.http.wire  - http-outgoing-119 >> "Connection: Keep-Alive[\r][\n]"
153030 [Forwarding findElement on session 26e90cf751a94491357d237ee8548956 to remote] DEBUG org.apache.http.wire  - http-outgoing-119 >> "Connection: Keep-Alive[\r][\n]"
153030 [Forwarding findElement on session 26e90cf751a94491357d237ee8548956 to remote] DEBUG org.apache.http.wire  - http-outgoing-119 >> "User-Agent: Apache-HttpClient/4.5.2 (Java/1.8.0_91)[\r][\n]"
153030 [Forwarding findElement on session 26e90cf751a94491357d237ee8548956 to remote] DEBUG org.apache.http.wire  - http-outgoing-119 >> "User-Agent: Apache-HttpClient/4.5.2 (Java/1.8.0_91)[\r][\n]"
153030 [Forwarding findElement on session 26e90cf751a94491357d237ee8548956 to remote] DEBUG org.apache.http.wire  - http-outgoing-119 >> "User-Agent: Apache-HttpClient/4.5.2 (Java/1.8.0_91)[\r][\n]"
153030 [Forwarding findElement on session 26e90cf751a94491357d237ee8548956 to remote] DEBUG org.apache.http.wire  - http-outgoing-119 >> "User-Agent: Apache-HttpClient/4.5.2 (Java/1.8.0_91)[\r][\n]"
153030 [Forwarding findElement on session 26e90cf751a94491357d237ee8548956 to remote] DEBUG org.apache.http.wire  - http-outgoing-119 >> "Accept-Encoding: gzip,deflate[\r][\n]"
153030 [Forwarding findElement on session 26e90cf751a94491357d237ee8548956 to remote] DEBUG org.apache.http.wire  - http-outgoing-119 >> "Accept-Encoding: gzip,deflate[\r][\n]"
153030 [Forwarding findElement on session 26e90cf751a94491357d237ee8548956 to remote] DEBUG org.apache.http.wire  - http-outgoing-119 >> "Accept-Encoding: gzip,deflate[\r][\n]"
153030 [Forwarding findElement on session 26e90cf751a94491357d237ee8548956 to remote] DEBUG org.apache.http.wire  - http-outgoing-119 >> "Accept-Encoding: gzip,deflate[\r][\n]"
153030 [Forwarding findElement on session 26e90cf751a94491357d237ee8548956 to remote] DEBUG org.apache.http.wire  - http-outgoing-119 >> "[\r][\n]"
153030 [Forwarding findElement on session 26e90cf751a94491357d237ee8548956 to remote] DEBUG org.apache.http.wire  - http-outgoing-119 >> "[\r][\n]"
153030 [Forwarding findElement on session 26e90cf751a94491357d237ee8548956 to remote] DEBUG org.apache.http.wire  - http-outgoing-119 >> "[\r][\n]"
153030 [Forwarding findElement on session 26e90cf751a94491357d237ee8548956 to remote] DEBUG org.apache.http.wire  - http-outgoing-119 >> "[\r][\n]"
153031 [Forwarding findElement on session 26e90cf751a94491357d237ee8548956 to remote] DEBUG org.apache.http.wire  - http-outgoing-119 >> "{"using":"css selector","value":" .post-action.post-action-delete.js-action-delete"}"
153031 [Forwarding findElement on session 26e90cf751a94491357d237ee8548956 to remote] DEBUG org.apache.http.wire  - http-outgoing-119 >> "{"using":"css selector","value":" .post-action.post-action-delete.js-action-delete"}"
153031 [Forwarding findElement on session 26e90cf751a94491357d237ee8548956 to remote] DEBUG org.apache.http.wire  - http-outgoing-119 >> "{"using":"css selector","value":" .post-action.post-action-delete.js-action-delete"}"
153031 [Forwarding findElement on session 26e90cf751a94491357d237ee8548956 to remote] DEBUG org.apache.http.wire  - http-outgoing-119 >> "{"using":"css selector","value":" .post-action.post-action-delete.js-action-delete"}"
173064 [Forwarding findElement on session 26e90cf751a94491357d237ee8548956 to remote] DEBUG org.apache.http.wire  - http-outgoing-119 << "HTTP/1.1 200 OK[\r][\n]"
173064 [Forwarding findElement on session 26e90cf751a94491357d237ee8548956 to remote] DEBUG org.apache.http.wire  - http-outgoing-119 << "HTTP/1.1 200 OK[\r][\n]"
173064 [Forwarding findElement on session 26e90cf751a94491357d237ee8548956 to remote] DEBUG org.apache.http.wire  - http-outgoing-119 << "HTTP/1.1 200 OK[\r][\n]"
173064 [Forwarding findElement on session 26e90cf751a94491357d237ee8548956 to remote] DEBUG org.apache.http.wire  - http-outgoing-119 << "HTTP/1.1 200 OK[\r][\n]"
173064 [Forwarding findElement on session 26e90cf751a94491357d237ee8548956 to remote] DEBUG org.apache.http.wire  - http-outgoing-119 << "Content-Length:385[\r][\n]"
173064 [Forwarding findElement on session 26e90cf751a94491357d237ee8548956 to remote] DEBUG org.apache.http.wire  - http-outgoing-119 << "Content-Length:385[\r][\n]"
173064 [Forwarding findElement on session 26e90cf751a94491357d237ee8548956 to remote] DEBUG org.apache.http.wire  - http-outgoing-119 << "Content-Length:385[\r][\n]"
173064 [Forwarding findElement on session 26e90cf751a94491357d237ee8548956 to remote] DEBUG org.apache.http.wire  - http-outgoing-119 << "Content-Length:385[\r][\n]"
173064 [Forwarding findElement on session 26e90cf751a94491357d237ee8548956 to remote] DEBUG org.apache.http.wire  - http-outgoing-119 << "Content-Type:application/json; charset=utf-8[\r][\n]"
173064 [Forwarding findElement on session 26e90cf751a94491357d237ee8548956 to remote] DEBUG org.apache.http.wire  - http-outgoing-119 << "Content-Type:application/json; charset=utf-8[\r][\n]"
173064 [Forwarding findElement on session 26e90cf751a94491357d237ee8548956 to remote] DEBUG org.apache.http.wire  - http-outgoing-119 << "Content-Type:application/json; charset=utf-8[\r][\n]"
173064 [Forwarding findElement on session 26e90cf751a94491357d237ee8548956 to remote] DEBUG org.apache.http.wire  - http-outgoing-119 << "Content-Type:application/json; charset=utf-8[\r][\n]"
173064 [Forwarding findElement on session 26e90cf751a94491357d237ee8548956 to remote] DEBUG org.apache.http.wire  - http-outgoing-119 << "Connection:close[\r][\n]"
173064 [Forwarding findElement on session 26e90cf751a94491357d237ee8548956 to remote] DEBUG org.apache.http.wire  - http-outgoing-119 << "Connection:close[\r][\n]"
173064 [Forwarding findElement on session 26e90cf751a94491357d237ee8548956 to remote] DEBUG org.apache.http.wire  - http-outgoing-119 << "Connection:close[\r][\n]"
173064 [Forwarding findElement on session 26e90cf751a94491357d237ee8548956 to remote] DEBUG org.apache.http.wire  - http-outgoing-119 << "Connection:close[\r][\n]"
173064 [Forwarding findElement on session 26e90cf751a94491357d237ee8548956 to remote] DEBUG org.apache.http.wire  - http-outgoing-119 << "[\r][\n]"
173064 [Forwarding findElement on session 26e90cf751a94491357d237ee8548956 to remote] DEBUG org.apache.http.wire  - http-outgoing-119 << "[\r][\n]"
173064 [Forwarding findElement on session 26e90cf751a94491357d237ee8548956 to remote] DEBUG org.apache.http.wire  - http-outgoing-119 << "[\r][\n]"
173064 [Forwarding findElement on session 26e90cf751a94491357d237ee8548956 to remote] DEBUG org.apache.http.wire  - http-outgoing-119 << "[\r][\n]"
173064 [Forwarding findElement on session 26e90cf751a94491357d237ee8548956 to remote] DEBUG org.apache.http.wire  - http-outgoing-119 << "{"sessionId":"26e90cf751a94491357d237ee8548956","status":7,"value":{"message":"no such element: Unable to locate element: {\"method\":\"css selector\",\"selector\":\" .post-action.post-action-delete.js-action-delete\"}\n  (Session info: chrome=53.0.2785.101)\n  (Driver info: chromedriver=2.23.409699 (49b0fa931cda1caad0ae15b7d1b68004acd05129),platform=Windows NT 10.0.10586 x86_64)"}}"
173064 [Forwarding findElement on session 26e90cf751a94491357d237ee8548956 to remote] DEBUG org.apache.http.wire  - http-outgoing-119 << "{"sessionId":"26e90cf751a94491357d237ee8548956","status":7,"value":{"message":"no such element: Unable to locate element: {\"method\":\"css selector\",\"selector\":\" .post-action.post-action-delete.js-action-delete\"}\n  (Session info: chrome=53.0.2785.101)\n  (Driver info: chromedriver=2.23.409699 (49b0fa931cda1caad0ae15b7d1b68004acd05129),platform=Windows NT 10.0.10586 x86_64)"}}"
173064 [Forwarding findElement on session 26e90cf751a94491357d237ee8548956 to remote] DEBUG org.apache.http.wire  - http-outgoing-119 << "{"sessionId":"26e90cf751a94491357d237ee8548956","status":7,"value":{"message":"no such element: Unable to locate element: {\"method\":\"css selector\",\"selector\":\" .post-action.post-action-delete.js-action-delete\"}\n  (Session info: chrome=53.0.2785.101)\n  (Driver info: chromedriver=2.23.409699 (49b0fa931cda1caad0ae15b7d1b68004acd05129),platform=Windows NT 10.0.10586 x86_64)"}}"
173064 [Forwarding findElement on session 26e90cf751a94491357d237ee8548956 to remote] DEBUG org.apache.http.wire  - http-outgoing-119 << "{"sessionId":"26e90cf751a94491357d237ee8548956","status":7,"value":{"message":"no such element: Unable to locate element: {\"method\":\"css selector\",\"selector\":\" .post-action.post-action-delete.js-action-delete\"}\n  (Session info: chrome=53.0.2785.101)\n  (Driver info: chromedriver=2.23.409699 (49b0fa931cda1caad0ae15b7d1b68004acd05129),platform=Windows NT 10.0.10586 x86_64)"}}"
173064 [Forwarding findElement on session 26e90cf751a94491357d237ee8548956 to remote] DEBUG org.apache.http.headers  - http-outgoing-119 << HTTP/1.1 200 OK
173064 [Forwarding findElement on session 26e90cf751a94491357d237ee8548956 to remote] DEBUG org.apache.http.headers  - http-outgoing-119 << HTTP/1.1 200 OK
173064 [Forwarding findElement on session 26e90cf751a94491357d237ee8548956 to remote] DEBUG org.apache.http.headers  - http-outgoing-119 << HTTP/1.1 200 OK
173064 [Forwarding findElement on session 26e90cf751a94491357d237ee8548956 to remote] DEBUG org.apache.http.headers  - http-outgoing-119 << HTTP/1.1 200 OK
173064 [Forwarding findElement on session 26e90cf751a94491357d237ee8548956 to remote] DEBUG org.apache.http.headers  - http-outgoing-119 << Content-Length:385
173064 [Forwarding findElement on session 26e90cf751a94491357d237ee8548956 to remote] DEBUG org.apache.http.headers  - http-outgoing-119 << Content-Length:385
173064 [Forwarding findElement on session 26e90cf751a94491357d237ee8548956 to remote] DEBUG org.apache.http.headers  - http-outgoing-119 << Content-Length:385
173064 [Forwarding findElement on session 26e90cf751a94491357d237ee8548956 to remote] DEBUG org.apache.http.headers  - http-outgoing-119 << Content-Length:385
173064 [Forwarding findElement on session 26e90cf751a94491357d237ee8548956 to remote] DEBUG org.apache.http.headers  - http-outgoing-119 << Content-Type:application/json; charset=utf-8
173064 [Forwarding findElement on session 26e90cf751a94491357d237ee8548956 to remote] DEBUG org.apache.http.headers  - http-outgoing-119 << Content-Type:application/json; charset=utf-8
173064 [Forwarding findElement on session 26e90cf751a94491357d237ee8548956 to remote] DEBUG org.apache.http.headers  - http-outgoing-119 << Content-Type:application/json; charset=utf-8
173064 [Forwarding findElement on session 26e90cf751a94491357d237ee8548956 to remote] DEBUG org.apache.http.headers  - http-outgoing-119 << Content-Type:application/json; charset=utf-8
173064 [Forwarding findElement on session 26e90cf751a94491357d237ee8548956 to remote] DEBUG org.apache.http.headers  - http-outgoing-119 << Connection:close
173064 [Forwarding findElement on session 26e90cf751a94491357d237ee8548956 to remote] DEBUG org.apache.http.headers  - http-outgoing-119 << Connection:close
173064 [Forwarding findElement on session 26e90cf751a94491357d237ee8548956 to remote] DEBUG org.apache.http.headers  - http-outgoing-119 << Connection:close
173064 [Forwarding findElement on session 26e90cf751a94491357d237ee8548956 to remote] DEBUG org.apache.http.headers  - http-outgoing-119 << Connection:close
173064 [Forwarding findElement on session 26e90cf751a94491357d237ee8548956 to remote] DEBUG org.apache.http.impl.conn.DefaultManagedHttpClientConnection  - http-outgoing-119: Close connection
173064 [Forwarding findElement on session 26e90cf751a94491357d237ee8548956 to remote] DEBUG org.apache.http.impl.conn.DefaultManagedHttpClientConnection  - http-outgoing-119: Close connection
173064 [Forwarding findElement on session 26e90cf751a94491357d237ee8548956 to remote] DEBUG org.apache.http.impl.conn.DefaultManagedHttpClientConnection  - http-outgoing-119: Close connection
173064 [Forwarding findElement on session 26e90cf751a94491357d237ee8548956 to remote] DEBUG org.apache.http.impl.conn.DefaultManagedHttpClientConnection  - http-outgoing-119: Close connection
173065 [Forwarding findElement on session 26e90cf751a94491357d237ee8548956 to remote] DEBUG org.apache.http.impl.execchain.MainClientExec  - Connection discarded
173065 [Forwarding findElement on session 26e90cf751a94491357d237ee8548956 to remote] DEBUG org.apache.http.impl.execchain.MainClientExec  - Connection discarded
173065 [Forwarding findElement on session 26e90cf751a94491357d237ee8548956 to remote] DEBUG org.apache.http.impl.execchain.MainClientExec  - Connection discarded
173065 [Forwarding findElement on session 26e90cf751a94491357d237ee8548956 to remote] DEBUG org.apache.http.impl.execchain.MainClientExec  - Connection discarded
173065 [Forwarding findElement on session 26e90cf751a94491357d237ee8548956 to remote] DEBUG org.apache.http.impl.conn.PoolingHttpClientConnectionManager  - Connection released: [id: 119][route: {}->http://localhost:39717][total kept alive: 0; route allocated: 0 of 2000; total allocated: 0 of 2000]
173065 [Forwarding findElement on session 26e90cf751a94491357d237ee8548956 to remote] DEBUG org.apache.http.impl.conn.PoolingHttpClientConnectionManager  - Connection released: [id: 119][route: {}->http://localhost:39717][total kept alive: 0; route allocated: 0 of 2000; total allocated: 0 of 2000]
173065 [Forwarding findElement on session 26e90cf751a94491357d237ee8548956 to remote] DEBUG org.apache.http.impl.conn.PoolingHttpClientConnectionManager  - Connection released: [id: 119][route: {}->http://localhost:39717][total kept alive: 0; route allocated: 0 of 2000; total allocated: 0 of 2000]
173065 [Forwarding findElement on session 26e90cf751a94491357d237ee8548956 to remote] DEBUG org.apache.http.impl.conn.PoolingHttpClientConnectionManager  - Connection released: [id: 119][route: {}->http://localhost:39717][total kept alive: 0; route allocated: 0 of 2000; total allocated: 0 of 2000]
]]></system-out>
    <system-err><![CDATA[Starting ChromeDriver 2.23.409699 (49b0fa931cda1caad0ae15b7d1b68004acd05129) on port 39717
Only local connections are allowed.
]]></system-err>
  </testcase>
</testsuite>