<?xml version="1.0" encoding="UTF-8"?>
<!-- Generated by org.testng.reporters.JUnitReportReporter -->
<testsuite hostname="valhalla" name="maintenance.Excel" tests="1" failures="0" timestamp="8 Sep 2016 18:25:16 GMT" time="39.119" errors="0">
  <testcase name="searchUsingExcelFile" time="39.119" classname="maintenance.Excel"/>
</testsuite> <!-- maintenance.Excel -->
