<?xml version="1.0" encoding="UTF-8"?>
<!-- Generated by org.testng.reporters.JUnitReportReporter -->
<testsuite hostname="valhalla" name="maintenance.Excel" tests="1" failures="0" timestamp="8 Sep 2016 19:04:06 GMT" time="41.190" errors="0">
  <testcase name="searchUsingExcelFile" time="41.190" classname="maintenance.Excel"/>
</testsuite> <!-- maintenance.Excel -->
