<?xml version="1.0" encoding="UTF-8"?>
<!-- Generated by org.testng.reporters.JUnitReportReporter -->
<testsuite hostname="valhalla" name="FrontPage.WikiSearchItems" tests="1" failures="0" timestamp="14 Sep 2016 19:05:31 GMT" time="43.008" errors="0">
  <testcase name="searchUsingExcelFile" time="43.008" classname="FrontPage.WikiSearchItems"/>
</testsuite> <!-- FrontPage.WikiSearchItems -->
