<?xml version="1.0" encoding="UTF-8"?>
<!-- Generated by org.testng.reporters.JUnitReportReporter -->
<testsuite hostname="DESKTOP-JB7ORT1" name="FrontPage.WikiSearchItems" tests="1" failures="0" timestamp="7 Sep 2016 08:28:24 GMT" time="51.173" errors="0">
  <testcase name="searchUsingExcelFile" time="51.173" classname="FrontPage.WikiSearchItems"/>
</testsuite> <!-- FrontPage.WikiSearchItems -->
